[2025-10-06T16:36:39.825+0000] {taskinstance.py:1083} INFO - Dependencies all met for <TaskInstance: kmeans_dag.run_elbow_task manual__2025-10-06T16:36:37.440032+00:00 [queued]>
[2025-10-06T16:36:39.829+0000] {taskinstance.py:1083} INFO - Dependencies all met for <TaskInstance: kmeans_dag.run_elbow_task manual__2025-10-06T16:36:37.440032+00:00 [queued]>
[2025-10-06T16:36:39.829+0000] {taskinstance.py:1279} INFO - 
--------------------------------------------------------------------------------
[2025-10-06T16:36:39.829+0000] {taskinstance.py:1280} INFO - Starting attempt 1 of 2
[2025-10-06T16:36:39.829+0000] {taskinstance.py:1281} INFO - 
--------------------------------------------------------------------------------
[2025-10-06T16:36:39.835+0000] {taskinstance.py:1300} INFO - Executing <Task(PythonOperator): run_elbow_task> on 2025-10-06 16:36:37.440032+00:00
[2025-10-06T16:36:39.838+0000] {standard_task_runner.py:55} INFO - Started process 4694 to run task
[2025-10-06T16:36:39.840+0000] {standard_task_runner.py:82} INFO - Running: ['***', 'tasks', 'run', 'kmeans_dag', 'run_elbow_task', 'manual__2025-10-06T16:36:37.440032+00:00', '--job-id', '13', '--raw', '--subdir', 'DAGS_FOLDER/kmeans_dag.py', '--cfg-path', '/tmp/tmpwm1t8ox5']
[2025-10-06T16:36:39.841+0000] {standard_task_runner.py:83} INFO - Job 13: Subtask run_elbow_task
[2025-10-06T16:36:39.864+0000] {task_command.py:388} INFO - Running <TaskInstance: kmeans_dag.run_elbow_task manual__2025-10-06T16:36:37.440032+00:00 [running]> on host 7ba1f4109bc7
[2025-10-06T16:36:39.890+0000] {taskinstance.py:1509} INFO - Exporting the following env vars:
AIRFLOW_CTX_DAG_OWNER=***
AIRFLOW_CTX_DAG_ID=kmeans_dag
AIRFLOW_CTX_TASK_ID=run_elbow_task
AIRFLOW_CTX_EXECUTION_DATE=2025-10-06T16:36:37.440032+00:00
AIRFLOW_CTX_TRY_NUMBER=1
AIRFLOW_CTX_DAG_RUN_ID=manual__2025-10-06T16:36:37.440032+00:00
[2025-10-06T16:36:40.216+0000] {python.py:177} INFO - Done. Returned value was: None
[2025-10-06T16:36:40.222+0000] {taskinstance.py:1323} INFO - Marking task as SUCCESS. dag_id=kmeans_dag, task_id=run_elbow_task, execution_date=20251006T163637, start_date=20251006T163639, end_date=20251006T163640
[2025-10-06T16:36:40.265+0000] {local_task_job.py:208} INFO - Task exited with return code 0
[2025-10-06T16:36:40.276+0000] {taskinstance.py:2578} INFO - 1 downstream tasks scheduled from follow-on schedule check
