[2025-10-06T15:34:55.237+0000] {processor.py:153} INFO - Started process (PID=64) to work on /home/airflow/.local/lib/python3.7/site-packages/airflow/example_dags/example_nested_branch_dag.py
[2025-10-06T15:34:55.238+0000] {processor.py:743} INFO - Processing file /home/airflow/.local/lib/python3.7/site-packages/airflow/example_dags/example_nested_branch_dag.py for tasks to queue
[2025-10-06T15:34:55.239+0000] {logging_mixin.py:137} INFO - [2025-10-06T15:34:55.238+0000] {dagbag.py:538} INFO - Filling up the DagBag from /home/airflow/.local/lib/python3.7/site-packages/airflow/example_dags/example_nested_branch_dag.py
[2025-10-06T15:34:55.253+0000] {processor.py:753} INFO - DAG(s) dict_keys(['example_nested_branch_dag']) retrieved from /home/airflow/.local/lib/python3.7/site-packages/airflow/example_dags/example_nested_branch_dag.py
[2025-10-06T15:34:55.260+0000] {logging_mixin.py:137} INFO - [2025-10-06T15:34:55.260+0000] {dag.py:2690} INFO - Sync 1 DAGs
[2025-10-06T15:34:55.274+0000] {logging_mixin.py:137} INFO - [2025-10-06T15:34:55.274+0000] {dag.py:3441} INFO - Setting next_dagrun for example_nested_branch_dag to 2025-10-05T00:00:00+00:00, run_after=2025-10-06T00:00:00+00:00
[2025-10-06T15:34:55.290+0000] {processor.py:175} INFO - Processing /home/airflow/.local/lib/python3.7/site-packages/airflow/example_dags/example_nested_branch_dag.py took 0.055 seconds
[2025-10-06T15:35:25.766+0000] {processor.py:153} INFO - Started process (PID=163) to work on /home/airflow/.local/lib/python3.7/site-packages/airflow/example_dags/example_nested_branch_dag.py
[2025-10-06T15:35:25.766+0000] {processor.py:743} INFO - Processing file /home/airflow/.local/lib/python3.7/site-packages/airflow/example_dags/example_nested_branch_dag.py for tasks to queue
[2025-10-06T15:35:25.767+0000] {logging_mixin.py:137} INFO - [2025-10-06T15:35:25.767+0000] {dagbag.py:538} INFO - Filling up the DagBag from /home/airflow/.local/lib/python3.7/site-packages/airflow/example_dags/example_nested_branch_dag.py
[2025-10-06T15:35:25.779+0000] {processor.py:753} INFO - DAG(s) dict_keys(['example_nested_branch_dag']) retrieved from /home/airflow/.local/lib/python3.7/site-packages/airflow/example_dags/example_nested_branch_dag.py
[2025-10-06T15:35:25.788+0000] {logging_mixin.py:137} INFO - [2025-10-06T15:35:25.788+0000] {dag.py:2690} INFO - Sync 1 DAGs
[2025-10-06T15:35:25.805+0000] {logging_mixin.py:137} INFO - [2025-10-06T15:35:25.805+0000] {dag.py:3441} INFO - Setting next_dagrun for example_nested_branch_dag to 2025-10-05T00:00:00+00:00, run_after=2025-10-06T00:00:00+00:00
[2025-10-06T15:35:25.814+0000] {processor.py:175} INFO - Processing /home/airflow/.local/lib/python3.7/site-packages/airflow/example_dags/example_nested_branch_dag.py took 0.049 seconds
[2025-10-06T15:35:56.218+0000] {processor.py:153} INFO - Started process (PID=262) to work on /home/airflow/.local/lib/python3.7/site-packages/airflow/example_dags/example_nested_branch_dag.py
[2025-10-06T15:35:56.219+0000] {processor.py:743} INFO - Processing file /home/airflow/.local/lib/python3.7/site-packages/airflow/example_dags/example_nested_branch_dag.py for tasks to queue
[2025-10-06T15:35:56.219+0000] {logging_mixin.py:137} INFO - [2025-10-06T15:35:56.219+0000] {dagbag.py:538} INFO - Filling up the DagBag from /home/airflow/.local/lib/python3.7/site-packages/airflow/example_dags/example_nested_branch_dag.py
[2025-10-06T15:35:56.232+0000] {processor.py:753} INFO - DAG(s) dict_keys(['example_nested_branch_dag']) retrieved from /home/airflow/.local/lib/python3.7/site-packages/airflow/example_dags/example_nested_branch_dag.py
[2025-10-06T15:35:56.249+0000] {logging_mixin.py:137} INFO - [2025-10-06T15:35:56.249+0000] {dag.py:2690} INFO - Sync 1 DAGs
[2025-10-06T15:35:56.262+0000] {logging_mixin.py:137} INFO - [2025-10-06T15:35:56.262+0000] {dag.py:3441} INFO - Setting next_dagrun for example_nested_branch_dag to 2025-10-05T00:00:00+00:00, run_after=2025-10-06T00:00:00+00:00
[2025-10-06T15:35:56.272+0000] {processor.py:175} INFO - Processing /home/airflow/.local/lib/python3.7/site-packages/airflow/example_dags/example_nested_branch_dag.py took 0.055 seconds
[2025-10-06T15:36:26.692+0000] {processor.py:153} INFO - Started process (PID=341) to work on /home/airflow/.local/lib/python3.7/site-packages/airflow/example_dags/example_nested_branch_dag.py
[2025-10-06T15:36:26.693+0000] {processor.py:743} INFO - Processing file /home/airflow/.local/lib/python3.7/site-packages/airflow/example_dags/example_nested_branch_dag.py for tasks to queue
[2025-10-06T15:36:26.694+0000] {logging_mixin.py:137} INFO - [2025-10-06T15:36:26.694+0000] {dagbag.py:538} INFO - Filling up the DagBag from /home/airflow/.local/lib/python3.7/site-packages/airflow/example_dags/example_nested_branch_dag.py
[2025-10-06T15:36:26.706+0000] {processor.py:753} INFO - DAG(s) dict_keys(['example_nested_branch_dag']) retrieved from /home/airflow/.local/lib/python3.7/site-packages/airflow/example_dags/example_nested_branch_dag.py
[2025-10-06T15:36:26.718+0000] {logging_mixin.py:137} INFO - [2025-10-06T15:36:26.718+0000] {dag.py:2690} INFO - Sync 1 DAGs
[2025-10-06T15:36:26.730+0000] {logging_mixin.py:137} INFO - [2025-10-06T15:36:26.730+0000] {dag.py:3441} INFO - Setting next_dagrun for example_nested_branch_dag to 2025-10-05T00:00:00+00:00, run_after=2025-10-06T00:00:00+00:00
[2025-10-06T15:36:26.737+0000] {processor.py:175} INFO - Processing /home/airflow/.local/lib/python3.7/site-packages/airflow/example_dags/example_nested_branch_dag.py took 0.047 seconds
[2025-10-06T15:36:57.147+0000] {processor.py:153} INFO - Started process (PID=440) to work on /home/airflow/.local/lib/python3.7/site-packages/airflow/example_dags/example_nested_branch_dag.py
[2025-10-06T15:36:57.147+0000] {processor.py:743} INFO - Processing file /home/airflow/.local/lib/python3.7/site-packages/airflow/example_dags/example_nested_branch_dag.py for tasks to queue
[2025-10-06T15:36:57.147+0000] {logging_mixin.py:137} INFO - [2025-10-06T15:36:57.147+0000] {dagbag.py:538} INFO - Filling up the DagBag from /home/airflow/.local/lib/python3.7/site-packages/airflow/example_dags/example_nested_branch_dag.py
[2025-10-06T15:36:57.157+0000] {processor.py:753} INFO - DAG(s) dict_keys(['example_nested_branch_dag']) retrieved from /home/airflow/.local/lib/python3.7/site-packages/airflow/example_dags/example_nested_branch_dag.py
[2025-10-06T15:36:57.167+0000] {logging_mixin.py:137} INFO - [2025-10-06T15:36:57.167+0000] {dag.py:2690} INFO - Sync 1 DAGs
[2025-10-06T15:36:57.176+0000] {logging_mixin.py:137} INFO - [2025-10-06T15:36:57.176+0000] {dag.py:3441} INFO - Setting next_dagrun for example_nested_branch_dag to 2025-10-05T00:00:00+00:00, run_after=2025-10-06T00:00:00+00:00
[2025-10-06T15:36:57.183+0000] {processor.py:175} INFO - Processing /home/airflow/.local/lib/python3.7/site-packages/airflow/example_dags/example_nested_branch_dag.py took 0.038 seconds
[2025-10-06T15:37:27.530+0000] {processor.py:153} INFO - Started process (PID=539) to work on /home/airflow/.local/lib/python3.7/site-packages/airflow/example_dags/example_nested_branch_dag.py
[2025-10-06T15:37:27.531+0000] {processor.py:743} INFO - Processing file /home/airflow/.local/lib/python3.7/site-packages/airflow/example_dags/example_nested_branch_dag.py for tasks to queue
[2025-10-06T15:37:27.532+0000] {logging_mixin.py:137} INFO - [2025-10-06T15:37:27.532+0000] {dagbag.py:538} INFO - Filling up the DagBag from /home/airflow/.local/lib/python3.7/site-packages/airflow/example_dags/example_nested_branch_dag.py
[2025-10-06T15:37:27.542+0000] {processor.py:753} INFO - DAG(s) dict_keys(['example_nested_branch_dag']) retrieved from /home/airflow/.local/lib/python3.7/site-packages/airflow/example_dags/example_nested_branch_dag.py
[2025-10-06T15:37:27.555+0000] {logging_mixin.py:137} INFO - [2025-10-06T15:37:27.555+0000] {dag.py:2690} INFO - Sync 1 DAGs
[2025-10-06T15:37:27.567+0000] {logging_mixin.py:137} INFO - [2025-10-06T15:37:27.567+0000] {dag.py:3441} INFO - Setting next_dagrun for example_nested_branch_dag to 2025-10-05T00:00:00+00:00, run_after=2025-10-06T00:00:00+00:00
[2025-10-06T15:37:27.573+0000] {processor.py:175} INFO - Processing /home/airflow/.local/lib/python3.7/site-packages/airflow/example_dags/example_nested_branch_dag.py took 0.045 seconds
[2025-10-06T15:37:57.915+0000] {processor.py:153} INFO - Started process (PID=638) to work on /home/airflow/.local/lib/python3.7/site-packages/airflow/example_dags/example_nested_branch_dag.py
[2025-10-06T15:37:57.918+0000] {processor.py:743} INFO - Processing file /home/airflow/.local/lib/python3.7/site-packages/airflow/example_dags/example_nested_branch_dag.py for tasks to queue
[2025-10-06T15:37:57.919+0000] {logging_mixin.py:137} INFO - [2025-10-06T15:37:57.919+0000] {dagbag.py:538} INFO - Filling up the DagBag from /home/airflow/.local/lib/python3.7/site-packages/airflow/example_dags/example_nested_branch_dag.py
[2025-10-06T15:37:57.929+0000] {processor.py:753} INFO - DAG(s) dict_keys(['example_nested_branch_dag']) retrieved from /home/airflow/.local/lib/python3.7/site-packages/airflow/example_dags/example_nested_branch_dag.py
[2025-10-06T15:37:57.943+0000] {logging_mixin.py:137} INFO - [2025-10-06T15:37:57.942+0000] {dag.py:2690} INFO - Sync 1 DAGs
[2025-10-06T15:37:57.954+0000] {logging_mixin.py:137} INFO - [2025-10-06T15:37:57.954+0000] {dag.py:3441} INFO - Setting next_dagrun for example_nested_branch_dag to 2025-10-05T00:00:00+00:00, run_after=2025-10-06T00:00:00+00:00
[2025-10-06T15:37:57.964+0000] {processor.py:175} INFO - Processing /home/airflow/.local/lib/python3.7/site-packages/airflow/example_dags/example_nested_branch_dag.py took 0.050 seconds
[2025-10-06T15:38:28.323+0000] {processor.py:153} INFO - Started process (PID=717) to work on /home/airflow/.local/lib/python3.7/site-packages/airflow/example_dags/example_nested_branch_dag.py
[2025-10-06T15:38:28.324+0000] {processor.py:743} INFO - Processing file /home/airflow/.local/lib/python3.7/site-packages/airflow/example_dags/example_nested_branch_dag.py for tasks to queue
[2025-10-06T15:38:28.325+0000] {logging_mixin.py:137} INFO - [2025-10-06T15:38:28.325+0000] {dagbag.py:538} INFO - Filling up the DagBag from /home/airflow/.local/lib/python3.7/site-packages/airflow/example_dags/example_nested_branch_dag.py
[2025-10-06T15:38:28.336+0000] {processor.py:753} INFO - DAG(s) dict_keys(['example_nested_branch_dag']) retrieved from /home/airflow/.local/lib/python3.7/site-packages/airflow/example_dags/example_nested_branch_dag.py
[2025-10-06T15:38:28.353+0000] {logging_mixin.py:137} INFO - [2025-10-06T15:38:28.353+0000] {dag.py:2690} INFO - Sync 1 DAGs
[2025-10-06T15:38:28.364+0000] {logging_mixin.py:137} INFO - [2025-10-06T15:38:28.364+0000] {dag.py:3441} INFO - Setting next_dagrun for example_nested_branch_dag to 2025-10-05T00:00:00+00:00, run_after=2025-10-06T00:00:00+00:00
[2025-10-06T15:38:28.370+0000] {processor.py:175} INFO - Processing /home/airflow/.local/lib/python3.7/site-packages/airflow/example_dags/example_nested_branch_dag.py took 0.049 seconds
[2025-10-06T15:38:58.734+0000] {processor.py:153} INFO - Started process (PID=816) to work on /home/airflow/.local/lib/python3.7/site-packages/airflow/example_dags/example_nested_branch_dag.py
[2025-10-06T15:38:58.734+0000] {processor.py:743} INFO - Processing file /home/airflow/.local/lib/python3.7/site-packages/airflow/example_dags/example_nested_branch_dag.py for tasks to queue
[2025-10-06T15:38:58.735+0000] {logging_mixin.py:137} INFO - [2025-10-06T15:38:58.735+0000] {dagbag.py:538} INFO - Filling up the DagBag from /home/airflow/.local/lib/python3.7/site-packages/airflow/example_dags/example_nested_branch_dag.py
[2025-10-06T15:38:58.745+0000] {processor.py:753} INFO - DAG(s) dict_keys(['example_nested_branch_dag']) retrieved from /home/airflow/.local/lib/python3.7/site-packages/airflow/example_dags/example_nested_branch_dag.py
[2025-10-06T15:38:58.757+0000] {logging_mixin.py:137} INFO - [2025-10-06T15:38:58.757+0000] {dag.py:2690} INFO - Sync 1 DAGs
[2025-10-06T15:38:58.768+0000] {logging_mixin.py:137} INFO - [2025-10-06T15:38:58.768+0000] {dag.py:3441} INFO - Setting next_dagrun for example_nested_branch_dag to 2025-10-05T00:00:00+00:00, run_after=2025-10-06T00:00:00+00:00
[2025-10-06T15:38:58.777+0000] {processor.py:175} INFO - Processing /home/airflow/.local/lib/python3.7/site-packages/airflow/example_dags/example_nested_branch_dag.py took 0.044 seconds
[2025-10-06T15:39:29.093+0000] {processor.py:153} INFO - Started process (PID=915) to work on /home/airflow/.local/lib/python3.7/site-packages/airflow/example_dags/example_nested_branch_dag.py
[2025-10-06T15:39:29.095+0000] {processor.py:743} INFO - Processing file /home/airflow/.local/lib/python3.7/site-packages/airflow/example_dags/example_nested_branch_dag.py for tasks to queue
[2025-10-06T15:39:29.096+0000] {logging_mixin.py:137} INFO - [2025-10-06T15:39:29.096+0000] {dagbag.py:538} INFO - Filling up the DagBag from /home/airflow/.local/lib/python3.7/site-packages/airflow/example_dags/example_nested_branch_dag.py
[2025-10-06T15:39:29.106+0000] {processor.py:753} INFO - DAG(s) dict_keys(['example_nested_branch_dag']) retrieved from /home/airflow/.local/lib/python3.7/site-packages/airflow/example_dags/example_nested_branch_dag.py
[2025-10-06T15:39:29.116+0000] {logging_mixin.py:137} INFO - [2025-10-06T15:39:29.116+0000] {dag.py:2690} INFO - Sync 1 DAGs
[2025-10-06T15:39:29.129+0000] {logging_mixin.py:137} INFO - [2025-10-06T15:39:29.129+0000] {dag.py:3441} INFO - Setting next_dagrun for example_nested_branch_dag to 2025-10-05T00:00:00+00:00, run_after=2025-10-06T00:00:00+00:00
[2025-10-06T15:39:29.139+0000] {processor.py:175} INFO - Processing /home/airflow/.local/lib/python3.7/site-packages/airflow/example_dags/example_nested_branch_dag.py took 0.047 seconds
[2025-10-06T15:39:59.505+0000] {processor.py:153} INFO - Started process (PID=1014) to work on /home/airflow/.local/lib/python3.7/site-packages/airflow/example_dags/example_nested_branch_dag.py
[2025-10-06T15:39:59.506+0000] {processor.py:743} INFO - Processing file /home/airflow/.local/lib/python3.7/site-packages/airflow/example_dags/example_nested_branch_dag.py for tasks to queue
[2025-10-06T15:39:59.506+0000] {logging_mixin.py:137} INFO - [2025-10-06T15:39:59.506+0000] {dagbag.py:538} INFO - Filling up the DagBag from /home/airflow/.local/lib/python3.7/site-packages/airflow/example_dags/example_nested_branch_dag.py
[2025-10-06T15:39:59.516+0000] {processor.py:753} INFO - DAG(s) dict_keys(['example_nested_branch_dag']) retrieved from /home/airflow/.local/lib/python3.7/site-packages/airflow/example_dags/example_nested_branch_dag.py
[2025-10-06T15:39:59.527+0000] {logging_mixin.py:137} INFO - [2025-10-06T15:39:59.527+0000] {dag.py:2690} INFO - Sync 1 DAGs
[2025-10-06T15:39:59.537+0000] {logging_mixin.py:137} INFO - [2025-10-06T15:39:59.537+0000] {dag.py:3441} INFO - Setting next_dagrun for example_nested_branch_dag to 2025-10-05T00:00:00+00:00, run_after=2025-10-06T00:00:00+00:00
[2025-10-06T15:39:59.544+0000] {processor.py:175} INFO - Processing /home/airflow/.local/lib/python3.7/site-packages/airflow/example_dags/example_nested_branch_dag.py took 0.041 seconds
[2025-10-06T15:40:29.673+0000] {processor.py:153} INFO - Started process (PID=1093) to work on /home/airflow/.local/lib/python3.7/site-packages/airflow/example_dags/example_nested_branch_dag.py
[2025-10-06T15:40:29.673+0000] {processor.py:743} INFO - Processing file /home/airflow/.local/lib/python3.7/site-packages/airflow/example_dags/example_nested_branch_dag.py for tasks to queue
[2025-10-06T15:40:29.673+0000] {logging_mixin.py:137} INFO - [2025-10-06T15:40:29.673+0000] {dagbag.py:538} INFO - Filling up the DagBag from /home/airflow/.local/lib/python3.7/site-packages/airflow/example_dags/example_nested_branch_dag.py
[2025-10-06T15:40:29.684+0000] {processor.py:753} INFO - DAG(s) dict_keys(['example_nested_branch_dag']) retrieved from /home/airflow/.local/lib/python3.7/site-packages/airflow/example_dags/example_nested_branch_dag.py
[2025-10-06T15:40:29.694+0000] {logging_mixin.py:137} INFO - [2025-10-06T15:40:29.694+0000] {dag.py:2690} INFO - Sync 1 DAGs
[2025-10-06T15:40:29.706+0000] {logging_mixin.py:137} INFO - [2025-10-06T15:40:29.706+0000] {dag.py:3441} INFO - Setting next_dagrun for example_nested_branch_dag to 2025-10-05T00:00:00+00:00, run_after=2025-10-06T00:00:00+00:00
[2025-10-06T15:40:29.715+0000] {processor.py:175} INFO - Processing /home/airflow/.local/lib/python3.7/site-packages/airflow/example_dags/example_nested_branch_dag.py took 0.044 seconds
[2025-10-06T15:40:59.953+0000] {processor.py:153} INFO - Started process (PID=1192) to work on /home/airflow/.local/lib/python3.7/site-packages/airflow/example_dags/example_nested_branch_dag.py
[2025-10-06T15:40:59.953+0000] {processor.py:743} INFO - Processing file /home/airflow/.local/lib/python3.7/site-packages/airflow/example_dags/example_nested_branch_dag.py for tasks to queue
[2025-10-06T15:40:59.953+0000] {logging_mixin.py:137} INFO - [2025-10-06T15:40:59.953+0000] {dagbag.py:538} INFO - Filling up the DagBag from /home/airflow/.local/lib/python3.7/site-packages/airflow/example_dags/example_nested_branch_dag.py
[2025-10-06T15:40:59.963+0000] {processor.py:753} INFO - DAG(s) dict_keys(['example_nested_branch_dag']) retrieved from /home/airflow/.local/lib/python3.7/site-packages/airflow/example_dags/example_nested_branch_dag.py
[2025-10-06T15:40:59.973+0000] {logging_mixin.py:137} INFO - [2025-10-06T15:40:59.973+0000] {dag.py:2690} INFO - Sync 1 DAGs
[2025-10-06T15:40:59.984+0000] {logging_mixin.py:137} INFO - [2025-10-06T15:40:59.984+0000] {dag.py:3441} INFO - Setting next_dagrun for example_nested_branch_dag to 2025-10-05T00:00:00+00:00, run_after=2025-10-06T00:00:00+00:00
[2025-10-06T15:40:59.991+0000] {processor.py:175} INFO - Processing /home/airflow/.local/lib/python3.7/site-packages/airflow/example_dags/example_nested_branch_dag.py took 0.040 seconds
[2025-10-06T15:41:30.231+0000] {processor.py:153} INFO - Started process (PID=1291) to work on /home/airflow/.local/lib/python3.7/site-packages/airflow/example_dags/example_nested_branch_dag.py
[2025-10-06T15:41:30.232+0000] {processor.py:743} INFO - Processing file /home/airflow/.local/lib/python3.7/site-packages/airflow/example_dags/example_nested_branch_dag.py for tasks to queue
[2025-10-06T15:41:30.233+0000] {logging_mixin.py:137} INFO - [2025-10-06T15:41:30.233+0000] {dagbag.py:538} INFO - Filling up the DagBag from /home/airflow/.local/lib/python3.7/site-packages/airflow/example_dags/example_nested_branch_dag.py
[2025-10-06T15:41:30.244+0000] {processor.py:753} INFO - DAG(s) dict_keys(['example_nested_branch_dag']) retrieved from /home/airflow/.local/lib/python3.7/site-packages/airflow/example_dags/example_nested_branch_dag.py
[2025-10-06T15:41:30.257+0000] {logging_mixin.py:137} INFO - [2025-10-06T15:41:30.257+0000] {dag.py:2690} INFO - Sync 1 DAGs
[2025-10-06T15:41:30.268+0000] {logging_mixin.py:137} INFO - [2025-10-06T15:41:30.268+0000] {dag.py:3441} INFO - Setting next_dagrun for example_nested_branch_dag to 2025-10-05T00:00:00+00:00, run_after=2025-10-06T00:00:00+00:00
[2025-10-06T15:41:30.275+0000] {processor.py:175} INFO - Processing /home/airflow/.local/lib/python3.7/site-packages/airflow/example_dags/example_nested_branch_dag.py took 0.045 seconds
[2025-10-06T15:42:00.606+0000] {processor.py:153} INFO - Started process (PID=1390) to work on /home/airflow/.local/lib/python3.7/site-packages/airflow/example_dags/example_nested_branch_dag.py
[2025-10-06T15:42:00.607+0000] {processor.py:743} INFO - Processing file /home/airflow/.local/lib/python3.7/site-packages/airflow/example_dags/example_nested_branch_dag.py for tasks to queue
[2025-10-06T15:42:00.607+0000] {logging_mixin.py:137} INFO - [2025-10-06T15:42:00.607+0000] {dagbag.py:538} INFO - Filling up the DagBag from /home/airflow/.local/lib/python3.7/site-packages/airflow/example_dags/example_nested_branch_dag.py
[2025-10-06T15:42:00.617+0000] {processor.py:753} INFO - DAG(s) dict_keys(['example_nested_branch_dag']) retrieved from /home/airflow/.local/lib/python3.7/site-packages/airflow/example_dags/example_nested_branch_dag.py
[2025-10-06T15:42:00.628+0000] {logging_mixin.py:137} INFO - [2025-10-06T15:42:00.627+0000] {dag.py:2690} INFO - Sync 1 DAGs
[2025-10-06T15:42:00.638+0000] {logging_mixin.py:137} INFO - [2025-10-06T15:42:00.638+0000] {dag.py:3441} INFO - Setting next_dagrun for example_nested_branch_dag to 2025-10-05T00:00:00+00:00, run_after=2025-10-06T00:00:00+00:00
[2025-10-06T15:42:00.645+0000] {processor.py:175} INFO - Processing /home/airflow/.local/lib/python3.7/site-packages/airflow/example_dags/example_nested_branch_dag.py took 0.040 seconds
[2025-10-06T15:42:30.892+0000] {processor.py:153} INFO - Started process (PID=1469) to work on /home/airflow/.local/lib/python3.7/site-packages/airflow/example_dags/example_nested_branch_dag.py
[2025-10-06T15:42:30.892+0000] {processor.py:743} INFO - Processing file /home/airflow/.local/lib/python3.7/site-packages/airflow/example_dags/example_nested_branch_dag.py for tasks to queue
[2025-10-06T15:42:30.892+0000] {logging_mixin.py:137} INFO - [2025-10-06T15:42:30.892+0000] {dagbag.py:538} INFO - Filling up the DagBag from /home/airflow/.local/lib/python3.7/site-packages/airflow/example_dags/example_nested_branch_dag.py
[2025-10-06T15:42:30.902+0000] {processor.py:753} INFO - DAG(s) dict_keys(['example_nested_branch_dag']) retrieved from /home/airflow/.local/lib/python3.7/site-packages/airflow/example_dags/example_nested_branch_dag.py
[2025-10-06T15:42:30.913+0000] {logging_mixin.py:137} INFO - [2025-10-06T15:42:30.913+0000] {dag.py:2690} INFO - Sync 1 DAGs
[2025-10-06T15:42:30.927+0000] {logging_mixin.py:137} INFO - [2025-10-06T15:42:30.927+0000] {dag.py:3441} INFO - Setting next_dagrun for example_nested_branch_dag to 2025-10-05T00:00:00+00:00, run_after=2025-10-06T00:00:00+00:00
[2025-10-06T15:42:30.935+0000] {processor.py:175} INFO - Processing /home/airflow/.local/lib/python3.7/site-packages/airflow/example_dags/example_nested_branch_dag.py took 0.045 seconds
[2025-10-06T15:43:01.116+0000] {processor.py:153} INFO - Started process (PID=1569) to work on /home/airflow/.local/lib/python3.7/site-packages/airflow/example_dags/example_nested_branch_dag.py
[2025-10-06T15:43:01.118+0000] {processor.py:743} INFO - Processing file /home/airflow/.local/lib/python3.7/site-packages/airflow/example_dags/example_nested_branch_dag.py for tasks to queue
[2025-10-06T15:43:01.118+0000] {logging_mixin.py:137} INFO - [2025-10-06T15:43:01.118+0000] {dagbag.py:538} INFO - Filling up the DagBag from /home/airflow/.local/lib/python3.7/site-packages/airflow/example_dags/example_nested_branch_dag.py
[2025-10-06T15:43:01.129+0000] {processor.py:753} INFO - DAG(s) dict_keys(['example_nested_branch_dag']) retrieved from /home/airflow/.local/lib/python3.7/site-packages/airflow/example_dags/example_nested_branch_dag.py
[2025-10-06T15:43:01.139+0000] {logging_mixin.py:137} INFO - [2025-10-06T15:43:01.139+0000] {dag.py:2690} INFO - Sync 1 DAGs
[2025-10-06T15:43:01.150+0000] {logging_mixin.py:137} INFO - [2025-10-06T15:43:01.150+0000] {dag.py:3441} INFO - Setting next_dagrun for example_nested_branch_dag to 2025-10-05T00:00:00+00:00, run_after=2025-10-06T00:00:00+00:00
[2025-10-06T15:43:01.160+0000] {processor.py:175} INFO - Processing /home/airflow/.local/lib/python3.7/site-packages/airflow/example_dags/example_nested_branch_dag.py took 0.046 seconds
[2025-10-06T15:43:31.433+0000] {processor.py:153} INFO - Started process (PID=1668) to work on /home/airflow/.local/lib/python3.7/site-packages/airflow/example_dags/example_nested_branch_dag.py
[2025-10-06T15:43:31.437+0000] {processor.py:743} INFO - Processing file /home/airflow/.local/lib/python3.7/site-packages/airflow/example_dags/example_nested_branch_dag.py for tasks to queue
[2025-10-06T15:43:31.437+0000] {logging_mixin.py:137} INFO - [2025-10-06T15:43:31.437+0000] {dagbag.py:538} INFO - Filling up the DagBag from /home/airflow/.local/lib/python3.7/site-packages/airflow/example_dags/example_nested_branch_dag.py
[2025-10-06T15:43:31.449+0000] {processor.py:753} INFO - DAG(s) dict_keys(['example_nested_branch_dag']) retrieved from /home/airflow/.local/lib/python3.7/site-packages/airflow/example_dags/example_nested_branch_dag.py
[2025-10-06T15:43:31.461+0000] {logging_mixin.py:137} INFO - [2025-10-06T15:43:31.461+0000] {dag.py:2690} INFO - Sync 1 DAGs
[2025-10-06T15:43:31.474+0000] {logging_mixin.py:137} INFO - [2025-10-06T15:43:31.474+0000] {dag.py:3441} INFO - Setting next_dagrun for example_nested_branch_dag to 2025-10-05T00:00:00+00:00, run_after=2025-10-06T00:00:00+00:00
[2025-10-06T15:43:31.485+0000] {processor.py:175} INFO - Processing /home/airflow/.local/lib/python3.7/site-packages/airflow/example_dags/example_nested_branch_dag.py took 0.053 seconds
[2025-10-06T15:44:01.866+0000] {processor.py:153} INFO - Started process (PID=1767) to work on /home/airflow/.local/lib/python3.7/site-packages/airflow/example_dags/example_nested_branch_dag.py
[2025-10-06T15:44:01.867+0000] {processor.py:743} INFO - Processing file /home/airflow/.local/lib/python3.7/site-packages/airflow/example_dags/example_nested_branch_dag.py for tasks to queue
[2025-10-06T15:44:01.869+0000] {logging_mixin.py:137} INFO - [2025-10-06T15:44:01.869+0000] {dagbag.py:538} INFO - Filling up the DagBag from /home/airflow/.local/lib/python3.7/site-packages/airflow/example_dags/example_nested_branch_dag.py
[2025-10-06T15:44:01.881+0000] {processor.py:753} INFO - DAG(s) dict_keys(['example_nested_branch_dag']) retrieved from /home/airflow/.local/lib/python3.7/site-packages/airflow/example_dags/example_nested_branch_dag.py
[2025-10-06T15:44:01.897+0000] {logging_mixin.py:137} INFO - [2025-10-06T15:44:01.897+0000] {dag.py:2690} INFO - Sync 1 DAGs
[2025-10-06T15:44:01.910+0000] {logging_mixin.py:137} INFO - [2025-10-06T15:44:01.910+0000] {dag.py:3441} INFO - Setting next_dagrun for example_nested_branch_dag to 2025-10-05T00:00:00+00:00, run_after=2025-10-06T00:00:00+00:00
[2025-10-06T15:44:01.919+0000] {processor.py:175} INFO - Processing /home/airflow/.local/lib/python3.7/site-packages/airflow/example_dags/example_nested_branch_dag.py took 0.055 seconds
[2025-10-06T15:44:32.225+0000] {processor.py:153} INFO - Started process (PID=1846) to work on /home/airflow/.local/lib/python3.7/site-packages/airflow/example_dags/example_nested_branch_dag.py
[2025-10-06T15:44:32.225+0000] {processor.py:743} INFO - Processing file /home/airflow/.local/lib/python3.7/site-packages/airflow/example_dags/example_nested_branch_dag.py for tasks to queue
[2025-10-06T15:44:32.226+0000] {logging_mixin.py:137} INFO - [2025-10-06T15:44:32.226+0000] {dagbag.py:538} INFO - Filling up the DagBag from /home/airflow/.local/lib/python3.7/site-packages/airflow/example_dags/example_nested_branch_dag.py
[2025-10-06T15:44:32.237+0000] {processor.py:753} INFO - DAG(s) dict_keys(['example_nested_branch_dag']) retrieved from /home/airflow/.local/lib/python3.7/site-packages/airflow/example_dags/example_nested_branch_dag.py
[2025-10-06T15:44:32.248+0000] {logging_mixin.py:137} INFO - [2025-10-06T15:44:32.248+0000] {dag.py:2690} INFO - Sync 1 DAGs
[2025-10-06T15:44:32.261+0000] {logging_mixin.py:137} INFO - [2025-10-06T15:44:32.261+0000] {dag.py:3441} INFO - Setting next_dagrun for example_nested_branch_dag to 2025-10-05T00:00:00+00:00, run_after=2025-10-06T00:00:00+00:00
[2025-10-06T15:44:32.270+0000] {processor.py:175} INFO - Processing /home/airflow/.local/lib/python3.7/site-packages/airflow/example_dags/example_nested_branch_dag.py took 0.047 seconds
[2025-10-06T15:45:02.591+0000] {processor.py:153} INFO - Started process (PID=1945) to work on /home/airflow/.local/lib/python3.7/site-packages/airflow/example_dags/example_nested_branch_dag.py
[2025-10-06T15:45:02.592+0000] {processor.py:743} INFO - Processing file /home/airflow/.local/lib/python3.7/site-packages/airflow/example_dags/example_nested_branch_dag.py for tasks to queue
[2025-10-06T15:45:02.592+0000] {logging_mixin.py:137} INFO - [2025-10-06T15:45:02.592+0000] {dagbag.py:538} INFO - Filling up the DagBag from /home/airflow/.local/lib/python3.7/site-packages/airflow/example_dags/example_nested_branch_dag.py
[2025-10-06T15:45:02.604+0000] {processor.py:753} INFO - DAG(s) dict_keys(['example_nested_branch_dag']) retrieved from /home/airflow/.local/lib/python3.7/site-packages/airflow/example_dags/example_nested_branch_dag.py
[2025-10-06T15:45:02.620+0000] {logging_mixin.py:137} INFO - [2025-10-06T15:45:02.620+0000] {dag.py:2690} INFO - Sync 1 DAGs
[2025-10-06T15:45:02.632+0000] {logging_mixin.py:137} INFO - [2025-10-06T15:45:02.632+0000] {dag.py:3441} INFO - Setting next_dagrun for example_nested_branch_dag to 2025-10-05T00:00:00+00:00, run_after=2025-10-06T00:00:00+00:00
[2025-10-06T15:45:02.640+0000] {processor.py:175} INFO - Processing /home/airflow/.local/lib/python3.7/site-packages/airflow/example_dags/example_nested_branch_dag.py took 0.051 seconds
[2025-10-06T15:45:32.873+0000] {processor.py:153} INFO - Started process (PID=2044) to work on /home/airflow/.local/lib/python3.7/site-packages/airflow/example_dags/example_nested_branch_dag.py
[2025-10-06T15:45:32.873+0000] {processor.py:743} INFO - Processing file /home/airflow/.local/lib/python3.7/site-packages/airflow/example_dags/example_nested_branch_dag.py for tasks to queue
[2025-10-06T15:45:32.873+0000] {logging_mixin.py:137} INFO - [2025-10-06T15:45:32.873+0000] {dagbag.py:538} INFO - Filling up the DagBag from /home/airflow/.local/lib/python3.7/site-packages/airflow/example_dags/example_nested_branch_dag.py
[2025-10-06T15:45:32.886+0000] {processor.py:753} INFO - DAG(s) dict_keys(['example_nested_branch_dag']) retrieved from /home/airflow/.local/lib/python3.7/site-packages/airflow/example_dags/example_nested_branch_dag.py
[2025-10-06T15:45:32.896+0000] {logging_mixin.py:137} INFO - [2025-10-06T15:45:32.896+0000] {dag.py:2690} INFO - Sync 1 DAGs
[2025-10-06T15:45:32.907+0000] {logging_mixin.py:137} INFO - [2025-10-06T15:45:32.907+0000] {dag.py:3441} INFO - Setting next_dagrun for example_nested_branch_dag to 2025-10-05T00:00:00+00:00, run_after=2025-10-06T00:00:00+00:00
[2025-10-06T15:45:32.914+0000] {processor.py:175} INFO - Processing /home/airflow/.local/lib/python3.7/site-packages/airflow/example_dags/example_nested_branch_dag.py took 0.042 seconds
[2025-10-06T15:46:03.299+0000] {processor.py:153} INFO - Started process (PID=2143) to work on /home/airflow/.local/lib/python3.7/site-packages/airflow/example_dags/example_nested_branch_dag.py
[2025-10-06T15:46:03.299+0000] {processor.py:743} INFO - Processing file /home/airflow/.local/lib/python3.7/site-packages/airflow/example_dags/example_nested_branch_dag.py for tasks to queue
[2025-10-06T15:46:03.300+0000] {logging_mixin.py:137} INFO - [2025-10-06T15:46:03.300+0000] {dagbag.py:538} INFO - Filling up the DagBag from /home/airflow/.local/lib/python3.7/site-packages/airflow/example_dags/example_nested_branch_dag.py
[2025-10-06T15:46:03.311+0000] {processor.py:753} INFO - DAG(s) dict_keys(['example_nested_branch_dag']) retrieved from /home/airflow/.local/lib/python3.7/site-packages/airflow/example_dags/example_nested_branch_dag.py
[2025-10-06T15:46:03.324+0000] {logging_mixin.py:137} INFO - [2025-10-06T15:46:03.324+0000] {dag.py:2690} INFO - Sync 1 DAGs
[2025-10-06T15:46:03.345+0000] {logging_mixin.py:137} INFO - [2025-10-06T15:46:03.344+0000] {dag.py:3441} INFO - Setting next_dagrun for example_nested_branch_dag to 2025-10-05T00:00:00+00:00, run_after=2025-10-06T00:00:00+00:00
[2025-10-06T15:46:03.370+0000] {processor.py:175} INFO - Processing /home/airflow/.local/lib/python3.7/site-packages/airflow/example_dags/example_nested_branch_dag.py took 0.073 seconds
[2025-10-06T15:46:33.946+0000] {processor.py:153} INFO - Started process (PID=2222) to work on /home/airflow/.local/lib/python3.7/site-packages/airflow/example_dags/example_nested_branch_dag.py
[2025-10-06T15:46:33.947+0000] {processor.py:743} INFO - Processing file /home/airflow/.local/lib/python3.7/site-packages/airflow/example_dags/example_nested_branch_dag.py for tasks to queue
[2025-10-06T15:46:33.947+0000] {logging_mixin.py:137} INFO - [2025-10-06T15:46:33.947+0000] {dagbag.py:538} INFO - Filling up the DagBag from /home/airflow/.local/lib/python3.7/site-packages/airflow/example_dags/example_nested_branch_dag.py
[2025-10-06T15:46:33.959+0000] {processor.py:753} INFO - DAG(s) dict_keys(['example_nested_branch_dag']) retrieved from /home/airflow/.local/lib/python3.7/site-packages/airflow/example_dags/example_nested_branch_dag.py
[2025-10-06T15:46:33.970+0000] {logging_mixin.py:137} INFO - [2025-10-06T15:46:33.970+0000] {dag.py:2690} INFO - Sync 1 DAGs
[2025-10-06T15:46:33.982+0000] {logging_mixin.py:137} INFO - [2025-10-06T15:46:33.982+0000] {dag.py:3441} INFO - Setting next_dagrun for example_nested_branch_dag to 2025-10-05T00:00:00+00:00, run_after=2025-10-06T00:00:00+00:00
[2025-10-06T15:46:33.989+0000] {processor.py:175} INFO - Processing /home/airflow/.local/lib/python3.7/site-packages/airflow/example_dags/example_nested_branch_dag.py took 0.045 seconds
