[2025-10-06T15:34:55.066+0000] {processor.py:153} INFO - Started process (PID=58) to work on /home/airflow/.local/lib/python3.7/site-packages/airflow/example_dags/example_sensors.py
[2025-10-06T15:34:55.067+0000] {processor.py:743} INFO - Processing file /home/airflow/.local/lib/python3.7/site-packages/airflow/example_dags/example_sensors.py for tasks to queue
[2025-10-06T15:34:55.067+0000] {logging_mixin.py:137} INFO - [2025-10-06T15:34:55.067+0000] {dagbag.py:538} INFO - Filling up the DagBag from /home/airflow/.local/lib/python3.7/site-packages/airflow/example_dags/example_sensors.py
[2025-10-06T15:34:55.079+0000] {processor.py:753} INFO - DAG(s) dict_keys(['example_sensors']) retrieved from /home/airflow/.local/lib/python3.7/site-packages/airflow/example_dags/example_sensors.py
[2025-10-06T15:34:55.087+0000] {logging_mixin.py:137} INFO - [2025-10-06T15:34:55.086+0000] {dag.py:2690} INFO - Sync 1 DAGs
[2025-10-06T15:34:55.099+0000] {logging_mixin.py:137} INFO - [2025-10-06T15:34:55.099+0000] {dag.py:3441} INFO - Setting next_dagrun for example_sensors to None, run_after=None
[2025-10-06T15:34:55.108+0000] {processor.py:175} INFO - Processing /home/airflow/.local/lib/python3.7/site-packages/airflow/example_dags/example_sensors.py took 0.044 seconds
[2025-10-06T15:35:25.603+0000] {processor.py:153} INFO - Started process (PID=157) to work on /home/airflow/.local/lib/python3.7/site-packages/airflow/example_dags/example_sensors.py
[2025-10-06T15:35:25.604+0000] {processor.py:743} INFO - Processing file /home/airflow/.local/lib/python3.7/site-packages/airflow/example_dags/example_sensors.py for tasks to queue
[2025-10-06T15:35:25.606+0000] {logging_mixin.py:137} INFO - [2025-10-06T15:35:25.606+0000] {dagbag.py:538} INFO - Filling up the DagBag from /home/airflow/.local/lib/python3.7/site-packages/airflow/example_dags/example_sensors.py
[2025-10-06T15:35:25.614+0000] {processor.py:753} INFO - DAG(s) dict_keys(['example_sensors']) retrieved from /home/airflow/.local/lib/python3.7/site-packages/airflow/example_dags/example_sensors.py
[2025-10-06T15:35:25.626+0000] {logging_mixin.py:137} INFO - [2025-10-06T15:35:25.626+0000] {dag.py:2690} INFO - Sync 1 DAGs
[2025-10-06T15:35:25.637+0000] {logging_mixin.py:137} INFO - [2025-10-06T15:35:25.637+0000] {dag.py:3441} INFO - Setting next_dagrun for example_sensors to None, run_after=None
[2025-10-06T15:35:25.647+0000] {processor.py:175} INFO - Processing /home/airflow/.local/lib/python3.7/site-packages/airflow/example_dags/example_sensors.py took 0.046 seconds
[2025-10-06T15:35:56.018+0000] {processor.py:153} INFO - Started process (PID=256) to work on /home/airflow/.local/lib/python3.7/site-packages/airflow/example_dags/example_sensors.py
[2025-10-06T15:35:56.019+0000] {processor.py:743} INFO - Processing file /home/airflow/.local/lib/python3.7/site-packages/airflow/example_dags/example_sensors.py for tasks to queue
[2025-10-06T15:35:56.019+0000] {logging_mixin.py:137} INFO - [2025-10-06T15:35:56.019+0000] {dagbag.py:538} INFO - Filling up the DagBag from /home/airflow/.local/lib/python3.7/site-packages/airflow/example_dags/example_sensors.py
[2025-10-06T15:35:56.028+0000] {processor.py:753} INFO - DAG(s) dict_keys(['example_sensors']) retrieved from /home/airflow/.local/lib/python3.7/site-packages/airflow/example_dags/example_sensors.py
[2025-10-06T15:35:56.040+0000] {logging_mixin.py:137} INFO - [2025-10-06T15:35:56.040+0000] {dag.py:2690} INFO - Sync 1 DAGs
[2025-10-06T15:35:56.050+0000] {logging_mixin.py:137} INFO - [2025-10-06T15:35:56.050+0000] {dag.py:3441} INFO - Setting next_dagrun for example_sensors to None, run_after=None
[2025-10-06T15:35:56.059+0000] {processor.py:175} INFO - Processing /home/airflow/.local/lib/python3.7/site-packages/airflow/example_dags/example_sensors.py took 0.043 seconds
[2025-10-06T15:36:26.537+0000] {processor.py:153} INFO - Started process (PID=335) to work on /home/airflow/.local/lib/python3.7/site-packages/airflow/example_dags/example_sensors.py
[2025-10-06T15:36:26.537+0000] {processor.py:743} INFO - Processing file /home/airflow/.local/lib/python3.7/site-packages/airflow/example_dags/example_sensors.py for tasks to queue
[2025-10-06T15:36:26.538+0000] {logging_mixin.py:137} INFO - [2025-10-06T15:36:26.538+0000] {dagbag.py:538} INFO - Filling up the DagBag from /home/airflow/.local/lib/python3.7/site-packages/airflow/example_dags/example_sensors.py
[2025-10-06T15:36:26.549+0000] {processor.py:753} INFO - DAG(s) dict_keys(['example_sensors']) retrieved from /home/airflow/.local/lib/python3.7/site-packages/airflow/example_dags/example_sensors.py
[2025-10-06T15:36:26.562+0000] {logging_mixin.py:137} INFO - [2025-10-06T15:36:26.562+0000] {dag.py:2690} INFO - Sync 1 DAGs
[2025-10-06T15:36:26.574+0000] {logging_mixin.py:137} INFO - [2025-10-06T15:36:26.574+0000] {dag.py:3441} INFO - Setting next_dagrun for example_sensors to None, run_after=None
[2025-10-06T15:36:26.583+0000] {processor.py:175} INFO - Processing /home/airflow/.local/lib/python3.7/site-packages/airflow/example_dags/example_sensors.py took 0.048 seconds
[2025-10-06T15:36:56.988+0000] {processor.py:153} INFO - Started process (PID=434) to work on /home/airflow/.local/lib/python3.7/site-packages/airflow/example_dags/example_sensors.py
[2025-10-06T15:36:56.988+0000] {processor.py:743} INFO - Processing file /home/airflow/.local/lib/python3.7/site-packages/airflow/example_dags/example_sensors.py for tasks to queue
[2025-10-06T15:36:56.989+0000] {logging_mixin.py:137} INFO - [2025-10-06T15:36:56.989+0000] {dagbag.py:538} INFO - Filling up the DagBag from /home/airflow/.local/lib/python3.7/site-packages/airflow/example_dags/example_sensors.py
[2025-10-06T15:36:56.998+0000] {processor.py:753} INFO - DAG(s) dict_keys(['example_sensors']) retrieved from /home/airflow/.local/lib/python3.7/site-packages/airflow/example_dags/example_sensors.py
[2025-10-06T15:36:57.010+0000] {logging_mixin.py:137} INFO - [2025-10-06T15:36:57.009+0000] {dag.py:2690} INFO - Sync 1 DAGs
[2025-10-06T15:36:57.020+0000] {logging_mixin.py:137} INFO - [2025-10-06T15:36:57.020+0000] {dag.py:3441} INFO - Setting next_dagrun for example_sensors to None, run_after=None
[2025-10-06T15:36:57.030+0000] {processor.py:175} INFO - Processing /home/airflow/.local/lib/python3.7/site-packages/airflow/example_dags/example_sensors.py took 0.043 seconds
[2025-10-06T15:37:27.374+0000] {processor.py:153} INFO - Started process (PID=533) to work on /home/airflow/.local/lib/python3.7/site-packages/airflow/example_dags/example_sensors.py
[2025-10-06T15:37:27.375+0000] {processor.py:743} INFO - Processing file /home/airflow/.local/lib/python3.7/site-packages/airflow/example_dags/example_sensors.py for tasks to queue
[2025-10-06T15:37:27.376+0000] {logging_mixin.py:137} INFO - [2025-10-06T15:37:27.376+0000] {dagbag.py:538} INFO - Filling up the DagBag from /home/airflow/.local/lib/python3.7/site-packages/airflow/example_dags/example_sensors.py
[2025-10-06T15:37:27.384+0000] {processor.py:753} INFO - DAG(s) dict_keys(['example_sensors']) retrieved from /home/airflow/.local/lib/python3.7/site-packages/airflow/example_dags/example_sensors.py
[2025-10-06T15:37:27.397+0000] {logging_mixin.py:137} INFO - [2025-10-06T15:37:27.397+0000] {dag.py:2690} INFO - Sync 1 DAGs
[2025-10-06T15:37:27.408+0000] {logging_mixin.py:137} INFO - [2025-10-06T15:37:27.408+0000] {dag.py:3441} INFO - Setting next_dagrun for example_sensors to None, run_after=None
[2025-10-06T15:37:27.416+0000] {processor.py:175} INFO - Processing /home/airflow/.local/lib/python3.7/site-packages/airflow/example_dags/example_sensors.py took 0.044 seconds
[2025-10-06T15:37:57.734+0000] {processor.py:153} INFO - Started process (PID=632) to work on /home/airflow/.local/lib/python3.7/site-packages/airflow/example_dags/example_sensors.py
[2025-10-06T15:37:57.735+0000] {processor.py:743} INFO - Processing file /home/airflow/.local/lib/python3.7/site-packages/airflow/example_dags/example_sensors.py for tasks to queue
[2025-10-06T15:37:57.736+0000] {logging_mixin.py:137} INFO - [2025-10-06T15:37:57.736+0000] {dagbag.py:538} INFO - Filling up the DagBag from /home/airflow/.local/lib/python3.7/site-packages/airflow/example_dags/example_sensors.py
[2025-10-06T15:37:57.747+0000] {processor.py:753} INFO - DAG(s) dict_keys(['example_sensors']) retrieved from /home/airflow/.local/lib/python3.7/site-packages/airflow/example_dags/example_sensors.py
[2025-10-06T15:37:57.762+0000] {logging_mixin.py:137} INFO - [2025-10-06T15:37:57.762+0000] {dag.py:2690} INFO - Sync 1 DAGs
[2025-10-06T15:37:57.775+0000] {logging_mixin.py:137} INFO - [2025-10-06T15:37:57.775+0000] {dag.py:3441} INFO - Setting next_dagrun for example_sensors to None, run_after=None
[2025-10-06T15:37:57.785+0000] {processor.py:175} INFO - Processing /home/airflow/.local/lib/python3.7/site-packages/airflow/example_dags/example_sensors.py took 0.053 seconds
[2025-10-06T15:38:28.170+0000] {processor.py:153} INFO - Started process (PID=711) to work on /home/airflow/.local/lib/python3.7/site-packages/airflow/example_dags/example_sensors.py
[2025-10-06T15:38:28.171+0000] {processor.py:743} INFO - Processing file /home/airflow/.local/lib/python3.7/site-packages/airflow/example_dags/example_sensors.py for tasks to queue
[2025-10-06T15:38:28.172+0000] {logging_mixin.py:137} INFO - [2025-10-06T15:38:28.172+0000] {dagbag.py:538} INFO - Filling up the DagBag from /home/airflow/.local/lib/python3.7/site-packages/airflow/example_dags/example_sensors.py
[2025-10-06T15:38:28.181+0000] {processor.py:753} INFO - DAG(s) dict_keys(['example_sensors']) retrieved from /home/airflow/.local/lib/python3.7/site-packages/airflow/example_dags/example_sensors.py
[2025-10-06T15:38:28.194+0000] {logging_mixin.py:137} INFO - [2025-10-06T15:38:28.194+0000] {dag.py:2690} INFO - Sync 1 DAGs
[2025-10-06T15:38:28.205+0000] {logging_mixin.py:137} INFO - [2025-10-06T15:38:28.205+0000] {dag.py:3441} INFO - Setting next_dagrun for example_sensors to None, run_after=None
[2025-10-06T15:38:28.214+0000] {processor.py:175} INFO - Processing /home/airflow/.local/lib/python3.7/site-packages/airflow/example_dags/example_sensors.py took 0.046 seconds
[2025-10-06T15:38:58.574+0000] {processor.py:153} INFO - Started process (PID=810) to work on /home/airflow/.local/lib/python3.7/site-packages/airflow/example_dags/example_sensors.py
[2025-10-06T15:38:58.578+0000] {processor.py:743} INFO - Processing file /home/airflow/.local/lib/python3.7/site-packages/airflow/example_dags/example_sensors.py for tasks to queue
[2025-10-06T15:38:58.578+0000] {logging_mixin.py:137} INFO - [2025-10-06T15:38:58.578+0000] {dagbag.py:538} INFO - Filling up the DagBag from /home/airflow/.local/lib/python3.7/site-packages/airflow/example_dags/example_sensors.py
[2025-10-06T15:38:58.587+0000] {processor.py:753} INFO - DAG(s) dict_keys(['example_sensors']) retrieved from /home/airflow/.local/lib/python3.7/site-packages/airflow/example_dags/example_sensors.py
[2025-10-06T15:38:58.601+0000] {logging_mixin.py:137} INFO - [2025-10-06T15:38:58.601+0000] {dag.py:2690} INFO - Sync 1 DAGs
[2025-10-06T15:38:58.613+0000] {logging_mixin.py:137} INFO - [2025-10-06T15:38:58.613+0000] {dag.py:3441} INFO - Setting next_dagrun for example_sensors to None, run_after=None
[2025-10-06T15:38:58.621+0000] {processor.py:175} INFO - Processing /home/airflow/.local/lib/python3.7/site-packages/airflow/example_dags/example_sensors.py took 0.049 seconds
[2025-10-06T15:39:28.951+0000] {processor.py:153} INFO - Started process (PID=909) to work on /home/airflow/.local/lib/python3.7/site-packages/airflow/example_dags/example_sensors.py
[2025-10-06T15:39:28.951+0000] {processor.py:743} INFO - Processing file /home/airflow/.local/lib/python3.7/site-packages/airflow/example_dags/example_sensors.py for tasks to queue
[2025-10-06T15:39:28.952+0000] {logging_mixin.py:137} INFO - [2025-10-06T15:39:28.952+0000] {dagbag.py:538} INFO - Filling up the DagBag from /home/airflow/.local/lib/python3.7/site-packages/airflow/example_dags/example_sensors.py
[2025-10-06T15:39:28.960+0000] {processor.py:753} INFO - DAG(s) dict_keys(['example_sensors']) retrieved from /home/airflow/.local/lib/python3.7/site-packages/airflow/example_dags/example_sensors.py
[2025-10-06T15:39:28.971+0000] {logging_mixin.py:137} INFO - [2025-10-06T15:39:28.971+0000] {dag.py:2690} INFO - Sync 1 DAGs
[2025-10-06T15:39:28.982+0000] {logging_mixin.py:137} INFO - [2025-10-06T15:39:28.982+0000] {dag.py:3441} INFO - Setting next_dagrun for example_sensors to None, run_after=None
[2025-10-06T15:39:28.992+0000] {processor.py:175} INFO - Processing /home/airflow/.local/lib/python3.7/site-packages/airflow/example_dags/example_sensors.py took 0.042 seconds
[2025-10-06T15:39:59.349+0000] {processor.py:153} INFO - Started process (PID=1008) to work on /home/airflow/.local/lib/python3.7/site-packages/airflow/example_dags/example_sensors.py
[2025-10-06T15:39:59.349+0000] {processor.py:743} INFO - Processing file /home/airflow/.local/lib/python3.7/site-packages/airflow/example_dags/example_sensors.py for tasks to queue
[2025-10-06T15:39:59.349+0000] {logging_mixin.py:137} INFO - [2025-10-06T15:39:59.349+0000] {dagbag.py:538} INFO - Filling up the DagBag from /home/airflow/.local/lib/python3.7/site-packages/airflow/example_dags/example_sensors.py
[2025-10-06T15:39:59.357+0000] {processor.py:753} INFO - DAG(s) dict_keys(['example_sensors']) retrieved from /home/airflow/.local/lib/python3.7/site-packages/airflow/example_dags/example_sensors.py
[2025-10-06T15:39:59.368+0000] {logging_mixin.py:137} INFO - [2025-10-06T15:39:59.368+0000] {dag.py:2690} INFO - Sync 1 DAGs
[2025-10-06T15:39:59.380+0000] {logging_mixin.py:137} INFO - [2025-10-06T15:39:59.380+0000] {dag.py:3441} INFO - Setting next_dagrun for example_sensors to None, run_after=None
[2025-10-06T15:39:59.388+0000] {processor.py:175} INFO - Processing /home/airflow/.local/lib/python3.7/site-packages/airflow/example_dags/example_sensors.py took 0.041 seconds
[2025-10-06T15:40:29.527+0000] {processor.py:153} INFO - Started process (PID=1087) to work on /home/airflow/.local/lib/python3.7/site-packages/airflow/example_dags/example_sensors.py
[2025-10-06T15:40:29.527+0000] {processor.py:743} INFO - Processing file /home/airflow/.local/lib/python3.7/site-packages/airflow/example_dags/example_sensors.py for tasks to queue
[2025-10-06T15:40:29.528+0000] {logging_mixin.py:137} INFO - [2025-10-06T15:40:29.528+0000] {dagbag.py:538} INFO - Filling up the DagBag from /home/airflow/.local/lib/python3.7/site-packages/airflow/example_dags/example_sensors.py
[2025-10-06T15:40:29.535+0000] {processor.py:753} INFO - DAG(s) dict_keys(['example_sensors']) retrieved from /home/airflow/.local/lib/python3.7/site-packages/airflow/example_dags/example_sensors.py
[2025-10-06T15:40:29.547+0000] {logging_mixin.py:137} INFO - [2025-10-06T15:40:29.547+0000] {dag.py:2690} INFO - Sync 1 DAGs
[2025-10-06T15:40:29.557+0000] {logging_mixin.py:137} INFO - [2025-10-06T15:40:29.557+0000] {dag.py:3441} INFO - Setting next_dagrun for example_sensors to None, run_after=None
[2025-10-06T15:40:29.563+0000] {processor.py:175} INFO - Processing /home/airflow/.local/lib/python3.7/site-packages/airflow/example_dags/example_sensors.py took 0.038 seconds
[2025-10-06T15:40:59.808+0000] {processor.py:153} INFO - Started process (PID=1186) to work on /home/airflow/.local/lib/python3.7/site-packages/airflow/example_dags/example_sensors.py
[2025-10-06T15:40:59.808+0000] {processor.py:743} INFO - Processing file /home/airflow/.local/lib/python3.7/site-packages/airflow/example_dags/example_sensors.py for tasks to queue
[2025-10-06T15:40:59.808+0000] {logging_mixin.py:137} INFO - [2025-10-06T15:40:59.808+0000] {dagbag.py:538} INFO - Filling up the DagBag from /home/airflow/.local/lib/python3.7/site-packages/airflow/example_dags/example_sensors.py
[2025-10-06T15:40:59.817+0000] {processor.py:753} INFO - DAG(s) dict_keys(['example_sensors']) retrieved from /home/airflow/.local/lib/python3.7/site-packages/airflow/example_dags/example_sensors.py
[2025-10-06T15:40:59.830+0000] {logging_mixin.py:137} INFO - [2025-10-06T15:40:59.830+0000] {dag.py:2690} INFO - Sync 1 DAGs
[2025-10-06T15:40:59.841+0000] {logging_mixin.py:137} INFO - [2025-10-06T15:40:59.841+0000] {dag.py:3441} INFO - Setting next_dagrun for example_sensors to None, run_after=None
[2025-10-06T15:40:59.849+0000] {processor.py:175} INFO - Processing /home/airflow/.local/lib/python3.7/site-packages/airflow/example_dags/example_sensors.py took 0.042 seconds
[2025-10-06T15:41:30.079+0000] {processor.py:153} INFO - Started process (PID=1285) to work on /home/airflow/.local/lib/python3.7/site-packages/airflow/example_dags/example_sensors.py
[2025-10-06T15:41:30.080+0000] {processor.py:743} INFO - Processing file /home/airflow/.local/lib/python3.7/site-packages/airflow/example_dags/example_sensors.py for tasks to queue
[2025-10-06T15:41:30.080+0000] {logging_mixin.py:137} INFO - [2025-10-06T15:41:30.080+0000] {dagbag.py:538} INFO - Filling up the DagBag from /home/airflow/.local/lib/python3.7/site-packages/airflow/example_dags/example_sensors.py
[2025-10-06T15:41:30.088+0000] {processor.py:753} INFO - DAG(s) dict_keys(['example_sensors']) retrieved from /home/airflow/.local/lib/python3.7/site-packages/airflow/example_dags/example_sensors.py
[2025-10-06T15:41:30.099+0000] {logging_mixin.py:137} INFO - [2025-10-06T15:41:30.099+0000] {dag.py:2690} INFO - Sync 1 DAGs
[2025-10-06T15:41:30.111+0000] {logging_mixin.py:137} INFO - [2025-10-06T15:41:30.111+0000] {dag.py:3441} INFO - Setting next_dagrun for example_sensors to None, run_after=None
[2025-10-06T15:41:30.118+0000] {processor.py:175} INFO - Processing /home/airflow/.local/lib/python3.7/site-packages/airflow/example_dags/example_sensors.py took 0.040 seconds
[2025-10-06T15:42:00.463+0000] {processor.py:153} INFO - Started process (PID=1384) to work on /home/airflow/.local/lib/python3.7/site-packages/airflow/example_dags/example_sensors.py
[2025-10-06T15:42:00.464+0000] {processor.py:743} INFO - Processing file /home/airflow/.local/lib/python3.7/site-packages/airflow/example_dags/example_sensors.py for tasks to queue
[2025-10-06T15:42:00.464+0000] {logging_mixin.py:137} INFO - [2025-10-06T15:42:00.464+0000] {dagbag.py:538} INFO - Filling up the DagBag from /home/airflow/.local/lib/python3.7/site-packages/airflow/example_dags/example_sensors.py
[2025-10-06T15:42:00.472+0000] {processor.py:753} INFO - DAG(s) dict_keys(['example_sensors']) retrieved from /home/airflow/.local/lib/python3.7/site-packages/airflow/example_dags/example_sensors.py
[2025-10-06T15:42:00.483+0000] {logging_mixin.py:137} INFO - [2025-10-06T15:42:00.483+0000] {dag.py:2690} INFO - Sync 1 DAGs
[2025-10-06T15:42:00.493+0000] {logging_mixin.py:137} INFO - [2025-10-06T15:42:00.493+0000] {dag.py:3441} INFO - Setting next_dagrun for example_sensors to None, run_after=None
[2025-10-06T15:42:00.501+0000] {processor.py:175} INFO - Processing /home/airflow/.local/lib/python3.7/site-packages/airflow/example_dags/example_sensors.py took 0.039 seconds
[2025-10-06T15:42:30.738+0000] {processor.py:153} INFO - Started process (PID=1463) to work on /home/airflow/.local/lib/python3.7/site-packages/airflow/example_dags/example_sensors.py
[2025-10-06T15:42:30.738+0000] {processor.py:743} INFO - Processing file /home/airflow/.local/lib/python3.7/site-packages/airflow/example_dags/example_sensors.py for tasks to queue
[2025-10-06T15:42:30.738+0000] {logging_mixin.py:137} INFO - [2025-10-06T15:42:30.738+0000] {dagbag.py:538} INFO - Filling up the DagBag from /home/airflow/.local/lib/python3.7/site-packages/airflow/example_dags/example_sensors.py
[2025-10-06T15:42:30.747+0000] {processor.py:753} INFO - DAG(s) dict_keys(['example_sensors']) retrieved from /home/airflow/.local/lib/python3.7/site-packages/airflow/example_dags/example_sensors.py
[2025-10-06T15:42:30.761+0000] {logging_mixin.py:137} INFO - [2025-10-06T15:42:30.761+0000] {dag.py:2690} INFO - Sync 1 DAGs
[2025-10-06T15:42:30.772+0000] {logging_mixin.py:137} INFO - [2025-10-06T15:42:30.772+0000] {dag.py:3441} INFO - Setting next_dagrun for example_sensors to None, run_after=None
[2025-10-06T15:42:30.779+0000] {processor.py:175} INFO - Processing /home/airflow/.local/lib/python3.7/site-packages/airflow/example_dags/example_sensors.py took 0.043 seconds
[2025-10-06T15:43:00.967+0000] {processor.py:153} INFO - Started process (PID=1563) to work on /home/airflow/.local/lib/python3.7/site-packages/airflow/example_dags/example_sensors.py
[2025-10-06T15:43:00.967+0000] {processor.py:743} INFO - Processing file /home/airflow/.local/lib/python3.7/site-packages/airflow/example_dags/example_sensors.py for tasks to queue
[2025-10-06T15:43:00.968+0000] {logging_mixin.py:137} INFO - [2025-10-06T15:43:00.968+0000] {dagbag.py:538} INFO - Filling up the DagBag from /home/airflow/.local/lib/python3.7/site-packages/airflow/example_dags/example_sensors.py
[2025-10-06T15:43:00.976+0000] {processor.py:753} INFO - DAG(s) dict_keys(['example_sensors']) retrieved from /home/airflow/.local/lib/python3.7/site-packages/airflow/example_dags/example_sensors.py
[2025-10-06T15:43:00.987+0000] {logging_mixin.py:137} INFO - [2025-10-06T15:43:00.987+0000] {dag.py:2690} INFO - Sync 1 DAGs
[2025-10-06T15:43:00.997+0000] {logging_mixin.py:137} INFO - [2025-10-06T15:43:00.997+0000] {dag.py:3441} INFO - Setting next_dagrun for example_sensors to None, run_after=None
[2025-10-06T15:43:01.004+0000] {processor.py:175} INFO - Processing /home/airflow/.local/lib/python3.7/site-packages/airflow/example_dags/example_sensors.py took 0.038 seconds
[2025-10-06T15:43:31.267+0000] {processor.py:153} INFO - Started process (PID=1662) to work on /home/airflow/.local/lib/python3.7/site-packages/airflow/example_dags/example_sensors.py
[2025-10-06T15:43:31.267+0000] {processor.py:743} INFO - Processing file /home/airflow/.local/lib/python3.7/site-packages/airflow/example_dags/example_sensors.py for tasks to queue
[2025-10-06T15:43:31.268+0000] {logging_mixin.py:137} INFO - [2025-10-06T15:43:31.268+0000] {dagbag.py:538} INFO - Filling up the DagBag from /home/airflow/.local/lib/python3.7/site-packages/airflow/example_dags/example_sensors.py
[2025-10-06T15:43:31.276+0000] {processor.py:753} INFO - DAG(s) dict_keys(['example_sensors']) retrieved from /home/airflow/.local/lib/python3.7/site-packages/airflow/example_dags/example_sensors.py
[2025-10-06T15:43:31.288+0000] {logging_mixin.py:137} INFO - [2025-10-06T15:43:31.287+0000] {dag.py:2690} INFO - Sync 1 DAGs
[2025-10-06T15:43:31.300+0000] {logging_mixin.py:137} INFO - [2025-10-06T15:43:31.300+0000] {dag.py:3441} INFO - Setting next_dagrun for example_sensors to None, run_after=None
[2025-10-06T15:43:31.307+0000] {processor.py:175} INFO - Processing /home/airflow/.local/lib/python3.7/site-packages/airflow/example_dags/example_sensors.py took 0.042 seconds
[2025-10-06T15:44:01.682+0000] {processor.py:153} INFO - Started process (PID=1761) to work on /home/airflow/.local/lib/python3.7/site-packages/airflow/example_dags/example_sensors.py
[2025-10-06T15:44:01.683+0000] {processor.py:743} INFO - Processing file /home/airflow/.local/lib/python3.7/site-packages/airflow/example_dags/example_sensors.py for tasks to queue
[2025-10-06T15:44:01.684+0000] {logging_mixin.py:137} INFO - [2025-10-06T15:44:01.684+0000] {dagbag.py:538} INFO - Filling up the DagBag from /home/airflow/.local/lib/python3.7/site-packages/airflow/example_dags/example_sensors.py
[2025-10-06T15:44:01.694+0000] {processor.py:753} INFO - DAG(s) dict_keys(['example_sensors']) retrieved from /home/airflow/.local/lib/python3.7/site-packages/airflow/example_dags/example_sensors.py
[2025-10-06T15:44:01.709+0000] {logging_mixin.py:137} INFO - [2025-10-06T15:44:01.709+0000] {dag.py:2690} INFO - Sync 1 DAGs
[2025-10-06T15:44:01.720+0000] {logging_mixin.py:137} INFO - [2025-10-06T15:44:01.720+0000] {dag.py:3441} INFO - Setting next_dagrun for example_sensors to None, run_after=None
[2025-10-06T15:44:01.728+0000] {processor.py:175} INFO - Processing /home/airflow/.local/lib/python3.7/site-packages/airflow/example_dags/example_sensors.py took 0.048 seconds
[2025-10-06T15:44:32.072+0000] {processor.py:153} INFO - Started process (PID=1840) to work on /home/airflow/.local/lib/python3.7/site-packages/airflow/example_dags/example_sensors.py
[2025-10-06T15:44:32.074+0000] {processor.py:743} INFO - Processing file /home/airflow/.local/lib/python3.7/site-packages/airflow/example_dags/example_sensors.py for tasks to queue
[2025-10-06T15:44:32.075+0000] {logging_mixin.py:137} INFO - [2025-10-06T15:44:32.075+0000] {dagbag.py:538} INFO - Filling up the DagBag from /home/airflow/.local/lib/python3.7/site-packages/airflow/example_dags/example_sensors.py
[2025-10-06T15:44:32.083+0000] {processor.py:753} INFO - DAG(s) dict_keys(['example_sensors']) retrieved from /home/airflow/.local/lib/python3.7/site-packages/airflow/example_dags/example_sensors.py
[2025-10-06T15:44:32.095+0000] {logging_mixin.py:137} INFO - [2025-10-06T15:44:32.095+0000] {dag.py:2690} INFO - Sync 1 DAGs
[2025-10-06T15:44:32.106+0000] {logging_mixin.py:137} INFO - [2025-10-06T15:44:32.105+0000] {dag.py:3441} INFO - Setting next_dagrun for example_sensors to None, run_after=None
[2025-10-06T15:44:32.115+0000] {processor.py:175} INFO - Processing /home/airflow/.local/lib/python3.7/site-packages/airflow/example_dags/example_sensors.py took 0.044 seconds
[2025-10-06T15:45:02.416+0000] {processor.py:153} INFO - Started process (PID=1939) to work on /home/airflow/.local/lib/python3.7/site-packages/airflow/example_dags/example_sensors.py
[2025-10-06T15:45:02.417+0000] {processor.py:743} INFO - Processing file /home/airflow/.local/lib/python3.7/site-packages/airflow/example_dags/example_sensors.py for tasks to queue
[2025-10-06T15:45:02.418+0000] {logging_mixin.py:137} INFO - [2025-10-06T15:45:02.418+0000] {dagbag.py:538} INFO - Filling up the DagBag from /home/airflow/.local/lib/python3.7/site-packages/airflow/example_dags/example_sensors.py
[2025-10-06T15:45:02.429+0000] {processor.py:753} INFO - DAG(s) dict_keys(['example_sensors']) retrieved from /home/airflow/.local/lib/python3.7/site-packages/airflow/example_dags/example_sensors.py
[2025-10-06T15:45:02.443+0000] {logging_mixin.py:137} INFO - [2025-10-06T15:45:02.443+0000] {dag.py:2690} INFO - Sync 1 DAGs
[2025-10-06T15:45:02.454+0000] {logging_mixin.py:137} INFO - [2025-10-06T15:45:02.454+0000] {dag.py:3441} INFO - Setting next_dagrun for example_sensors to None, run_after=None
[2025-10-06T15:45:02.463+0000] {processor.py:175} INFO - Processing /home/airflow/.local/lib/python3.7/site-packages/airflow/example_dags/example_sensors.py took 0.048 seconds
[2025-10-06T15:45:32.727+0000] {processor.py:153} INFO - Started process (PID=2038) to work on /home/airflow/.local/lib/python3.7/site-packages/airflow/example_dags/example_sensors.py
[2025-10-06T15:45:32.728+0000] {processor.py:743} INFO - Processing file /home/airflow/.local/lib/python3.7/site-packages/airflow/example_dags/example_sensors.py for tasks to queue
[2025-10-06T15:45:32.728+0000] {logging_mixin.py:137} INFO - [2025-10-06T15:45:32.728+0000] {dagbag.py:538} INFO - Filling up the DagBag from /home/airflow/.local/lib/python3.7/site-packages/airflow/example_dags/example_sensors.py
[2025-10-06T15:45:32.736+0000] {processor.py:753} INFO - DAG(s) dict_keys(['example_sensors']) retrieved from /home/airflow/.local/lib/python3.7/site-packages/airflow/example_dags/example_sensors.py
[2025-10-06T15:45:32.748+0000] {logging_mixin.py:137} INFO - [2025-10-06T15:45:32.748+0000] {dag.py:2690} INFO - Sync 1 DAGs
[2025-10-06T15:45:32.760+0000] {logging_mixin.py:137} INFO - [2025-10-06T15:45:32.760+0000] {dag.py:3441} INFO - Setting next_dagrun for example_sensors to None, run_after=None
[2025-10-06T15:45:32.769+0000] {processor.py:175} INFO - Processing /home/airflow/.local/lib/python3.7/site-packages/airflow/example_dags/example_sensors.py took 0.043 seconds
[2025-10-06T15:46:03.127+0000] {processor.py:153} INFO - Started process (PID=2137) to work on /home/airflow/.local/lib/python3.7/site-packages/airflow/example_dags/example_sensors.py
[2025-10-06T15:46:03.127+0000] {processor.py:743} INFO - Processing file /home/airflow/.local/lib/python3.7/site-packages/airflow/example_dags/example_sensors.py for tasks to queue
[2025-10-06T15:46:03.128+0000] {logging_mixin.py:137} INFO - [2025-10-06T15:46:03.128+0000] {dagbag.py:538} INFO - Filling up the DagBag from /home/airflow/.local/lib/python3.7/site-packages/airflow/example_dags/example_sensors.py
[2025-10-06T15:46:03.137+0000] {processor.py:753} INFO - DAG(s) dict_keys(['example_sensors']) retrieved from /home/airflow/.local/lib/python3.7/site-packages/airflow/example_dags/example_sensors.py
[2025-10-06T15:46:03.149+0000] {logging_mixin.py:137} INFO - [2025-10-06T15:46:03.149+0000] {dag.py:2690} INFO - Sync 1 DAGs
[2025-10-06T15:46:03.160+0000] {logging_mixin.py:137} INFO - [2025-10-06T15:46:03.160+0000] {dag.py:3441} INFO - Setting next_dagrun for example_sensors to None, run_after=None
[2025-10-06T15:46:03.169+0000] {processor.py:175} INFO - Processing /home/airflow/.local/lib/python3.7/site-packages/airflow/example_dags/example_sensors.py took 0.045 seconds
[2025-10-06T15:46:33.765+0000] {processor.py:153} INFO - Started process (PID=2216) to work on /home/airflow/.local/lib/python3.7/site-packages/airflow/example_dags/example_sensors.py
[2025-10-06T15:46:33.766+0000] {processor.py:743} INFO - Processing file /home/airflow/.local/lib/python3.7/site-packages/airflow/example_dags/example_sensors.py for tasks to queue
[2025-10-06T15:46:33.766+0000] {logging_mixin.py:137} INFO - [2025-10-06T15:46:33.766+0000] {dagbag.py:538} INFO - Filling up the DagBag from /home/airflow/.local/lib/python3.7/site-packages/airflow/example_dags/example_sensors.py
[2025-10-06T15:46:33.777+0000] {processor.py:753} INFO - DAG(s) dict_keys(['example_sensors']) retrieved from /home/airflow/.local/lib/python3.7/site-packages/airflow/example_dags/example_sensors.py
[2025-10-06T15:46:33.792+0000] {logging_mixin.py:137} INFO - [2025-10-06T15:46:33.792+0000] {dag.py:2690} INFO - Sync 1 DAGs
[2025-10-06T15:46:33.806+0000] {logging_mixin.py:137} INFO - [2025-10-06T15:46:33.806+0000] {dag.py:3441} INFO - Setting next_dagrun for example_sensors to None, run_after=None
[2025-10-06T15:46:33.816+0000] {processor.py:175} INFO - Processing /home/airflow/.local/lib/python3.7/site-packages/airflow/example_dags/example_sensors.py took 0.054 seconds
