[2025-10-06T15:34:55.303+0000] {processor.py:153} INFO - Started process (PID=66) to work on /home/airflow/.local/lib/python3.7/site-packages/airflow/example_dags/example_task_group_decorator.py
[2025-10-06T15:34:55.304+0000] {processor.py:743} INFO - Processing file /home/airflow/.local/lib/python3.7/site-packages/airflow/example_dags/example_task_group_decorator.py for tasks to queue
[2025-10-06T15:34:55.305+0000] {logging_mixin.py:137} INFO - [2025-10-06T15:34:55.305+0000] {dagbag.py:538} INFO - Filling up the DagBag from /home/airflow/.local/lib/python3.7/site-packages/airflow/example_dags/example_task_group_decorator.py
[2025-10-06T15:34:55.321+0000] {processor.py:753} INFO - DAG(s) dict_keys(['example_task_group_decorator']) retrieved from /home/airflow/.local/lib/python3.7/site-packages/airflow/example_dags/example_task_group_decorator.py
[2025-10-06T15:34:55.330+0000] {logging_mixin.py:137} INFO - [2025-10-06T15:34:55.330+0000] {dag.py:2690} INFO - Sync 1 DAGs
[2025-10-06T15:34:55.346+0000] {logging_mixin.py:137} INFO - [2025-10-06T15:34:55.346+0000] {dag.py:3441} INFO - Setting next_dagrun for example_task_group_decorator to 2025-10-05T15:34:55.346445+00:00, run_after=2025-10-06T15:34:55.346445+00:00
[2025-10-06T15:34:55.361+0000] {processor.py:175} INFO - Processing /home/airflow/.local/lib/python3.7/site-packages/airflow/example_dags/example_task_group_decorator.py took 0.060 seconds
[2025-10-06T15:35:25.824+0000] {processor.py:153} INFO - Started process (PID=165) to work on /home/airflow/.local/lib/python3.7/site-packages/airflow/example_dags/example_task_group_decorator.py
[2025-10-06T15:35:25.824+0000] {processor.py:743} INFO - Processing file /home/airflow/.local/lib/python3.7/site-packages/airflow/example_dags/example_task_group_decorator.py for tasks to queue
[2025-10-06T15:35:25.824+0000] {logging_mixin.py:137} INFO - [2025-10-06T15:35:25.824+0000] {dagbag.py:538} INFO - Filling up the DagBag from /home/airflow/.local/lib/python3.7/site-packages/airflow/example_dags/example_task_group_decorator.py
[2025-10-06T15:35:25.836+0000] {processor.py:753} INFO - DAG(s) dict_keys(['example_task_group_decorator']) retrieved from /home/airflow/.local/lib/python3.7/site-packages/airflow/example_dags/example_task_group_decorator.py
[2025-10-06T15:35:25.847+0000] {logging_mixin.py:137} INFO - [2025-10-06T15:35:25.847+0000] {dag.py:2690} INFO - Sync 1 DAGs
[2025-10-06T15:35:25.858+0000] {logging_mixin.py:137} INFO - [2025-10-06T15:35:25.858+0000] {dag.py:3441} INFO - Setting next_dagrun for example_task_group_decorator to 2025-10-05T15:35:25.858002+00:00, run_after=2025-10-06T15:35:25.858002+00:00
[2025-10-06T15:35:25.869+0000] {processor.py:175} INFO - Processing /home/airflow/.local/lib/python3.7/site-packages/airflow/example_dags/example_task_group_decorator.py took 0.047 seconds
[2025-10-06T15:35:56.284+0000] {processor.py:153} INFO - Started process (PID=264) to work on /home/airflow/.local/lib/python3.7/site-packages/airflow/example_dags/example_task_group_decorator.py
[2025-10-06T15:35:56.284+0000] {processor.py:743} INFO - Processing file /home/airflow/.local/lib/python3.7/site-packages/airflow/example_dags/example_task_group_decorator.py for tasks to queue
[2025-10-06T15:35:56.285+0000] {logging_mixin.py:137} INFO - [2025-10-06T15:35:56.285+0000] {dagbag.py:538} INFO - Filling up the DagBag from /home/airflow/.local/lib/python3.7/site-packages/airflow/example_dags/example_task_group_decorator.py
[2025-10-06T15:35:56.299+0000] {processor.py:753} INFO - DAG(s) dict_keys(['example_task_group_decorator']) retrieved from /home/airflow/.local/lib/python3.7/site-packages/airflow/example_dags/example_task_group_decorator.py
[2025-10-06T15:35:56.313+0000] {logging_mixin.py:137} INFO - [2025-10-06T15:35:56.313+0000] {dag.py:2690} INFO - Sync 1 DAGs
[2025-10-06T15:35:56.325+0000] {logging_mixin.py:137} INFO - [2025-10-06T15:35:56.325+0000] {dag.py:3441} INFO - Setting next_dagrun for example_task_group_decorator to 2025-10-05T15:35:56.325300+00:00, run_after=2025-10-06T15:35:56.325300+00:00
[2025-10-06T15:35:56.337+0000] {processor.py:175} INFO - Processing /home/airflow/.local/lib/python3.7/site-packages/airflow/example_dags/example_task_group_decorator.py took 0.055 seconds
[2025-10-06T15:36:26.749+0000] {processor.py:153} INFO - Started process (PID=343) to work on /home/airflow/.local/lib/python3.7/site-packages/airflow/example_dags/example_task_group_decorator.py
[2025-10-06T15:36:26.750+0000] {processor.py:743} INFO - Processing file /home/airflow/.local/lib/python3.7/site-packages/airflow/example_dags/example_task_group_decorator.py for tasks to queue
[2025-10-06T15:36:26.750+0000] {logging_mixin.py:137} INFO - [2025-10-06T15:36:26.750+0000] {dagbag.py:538} INFO - Filling up the DagBag from /home/airflow/.local/lib/python3.7/site-packages/airflow/example_dags/example_task_group_decorator.py
[2025-10-06T15:36:26.761+0000] {processor.py:753} INFO - DAG(s) dict_keys(['example_task_group_decorator']) retrieved from /home/airflow/.local/lib/python3.7/site-packages/airflow/example_dags/example_task_group_decorator.py
[2025-10-06T15:36:26.776+0000] {logging_mixin.py:137} INFO - [2025-10-06T15:36:26.776+0000] {dag.py:2690} INFO - Sync 1 DAGs
[2025-10-06T15:36:26.786+0000] {logging_mixin.py:137} INFO - [2025-10-06T15:36:26.786+0000] {dag.py:3441} INFO - Setting next_dagrun for example_task_group_decorator to 2025-10-05T15:36:26.786785+00:00, run_after=2025-10-06T15:36:26.786785+00:00
[2025-10-06T15:36:26.793+0000] {processor.py:175} INFO - Processing /home/airflow/.local/lib/python3.7/site-packages/airflow/example_dags/example_task_group_decorator.py took 0.046 seconds
[2025-10-06T15:36:57.192+0000] {processor.py:153} INFO - Started process (PID=442) to work on /home/airflow/.local/lib/python3.7/site-packages/airflow/example_dags/example_task_group_decorator.py
[2025-10-06T15:36:57.196+0000] {processor.py:743} INFO - Processing file /home/airflow/.local/lib/python3.7/site-packages/airflow/example_dags/example_task_group_decorator.py for tasks to queue
[2025-10-06T15:36:57.197+0000] {logging_mixin.py:137} INFO - [2025-10-06T15:36:57.197+0000] {dagbag.py:538} INFO - Filling up the DagBag from /home/airflow/.local/lib/python3.7/site-packages/airflow/example_dags/example_task_group_decorator.py
[2025-10-06T15:36:57.208+0000] {processor.py:753} INFO - DAG(s) dict_keys(['example_task_group_decorator']) retrieved from /home/airflow/.local/lib/python3.7/site-packages/airflow/example_dags/example_task_group_decorator.py
[2025-10-06T15:36:57.222+0000] {logging_mixin.py:137} INFO - [2025-10-06T15:36:57.222+0000] {dag.py:2690} INFO - Sync 1 DAGs
[2025-10-06T15:36:57.236+0000] {logging_mixin.py:137} INFO - [2025-10-06T15:36:57.236+0000] {dag.py:3441} INFO - Setting next_dagrun for example_task_group_decorator to 2025-10-05T15:36:57.236203+00:00, run_after=2025-10-06T15:36:57.236203+00:00
[2025-10-06T15:36:57.246+0000] {processor.py:175} INFO - Processing /home/airflow/.local/lib/python3.7/site-packages/airflow/example_dags/example_task_group_decorator.py took 0.056 seconds
[2025-10-06T15:37:27.583+0000] {processor.py:153} INFO - Started process (PID=541) to work on /home/airflow/.local/lib/python3.7/site-packages/airflow/example_dags/example_task_group_decorator.py
[2025-10-06T15:37:27.587+0000] {processor.py:743} INFO - Processing file /home/airflow/.local/lib/python3.7/site-packages/airflow/example_dags/example_task_group_decorator.py for tasks to queue
[2025-10-06T15:37:27.587+0000] {logging_mixin.py:137} INFO - [2025-10-06T15:37:27.587+0000] {dagbag.py:538} INFO - Filling up the DagBag from /home/airflow/.local/lib/python3.7/site-packages/airflow/example_dags/example_task_group_decorator.py
[2025-10-06T15:37:27.599+0000] {processor.py:753} INFO - DAG(s) dict_keys(['example_task_group_decorator']) retrieved from /home/airflow/.local/lib/python3.7/site-packages/airflow/example_dags/example_task_group_decorator.py
[2025-10-06T15:37:27.612+0000] {logging_mixin.py:137} INFO - [2025-10-06T15:37:27.612+0000] {dag.py:2690} INFO - Sync 1 DAGs
[2025-10-06T15:37:27.623+0000] {logging_mixin.py:137} INFO - [2025-10-06T15:37:27.623+0000] {dag.py:3441} INFO - Setting next_dagrun for example_task_group_decorator to 2025-10-05T15:37:27.623636+00:00, run_after=2025-10-06T15:37:27.623636+00:00
[2025-10-06T15:37:27.630+0000] {processor.py:175} INFO - Processing /home/airflow/.local/lib/python3.7/site-packages/airflow/example_dags/example_task_group_decorator.py took 0.049 seconds
[2025-10-06T15:37:57.975+0000] {processor.py:153} INFO - Started process (PID=640) to work on /home/airflow/.local/lib/python3.7/site-packages/airflow/example_dags/example_task_group_decorator.py
[2025-10-06T15:37:57.976+0000] {processor.py:743} INFO - Processing file /home/airflow/.local/lib/python3.7/site-packages/airflow/example_dags/example_task_group_decorator.py for tasks to queue
[2025-10-06T15:37:57.976+0000] {logging_mixin.py:137} INFO - [2025-10-06T15:37:57.976+0000] {dagbag.py:538} INFO - Filling up the DagBag from /home/airflow/.local/lib/python3.7/site-packages/airflow/example_dags/example_task_group_decorator.py
[2025-10-06T15:37:57.989+0000] {processor.py:753} INFO - DAG(s) dict_keys(['example_task_group_decorator']) retrieved from /home/airflow/.local/lib/python3.7/site-packages/airflow/example_dags/example_task_group_decorator.py
[2025-10-06T15:37:57.999+0000] {logging_mixin.py:137} INFO - [2025-10-06T15:37:57.999+0000] {dag.py:2690} INFO - Sync 1 DAGs
[2025-10-06T15:37:58.009+0000] {logging_mixin.py:137} INFO - [2025-10-06T15:37:58.009+0000] {dag.py:3441} INFO - Setting next_dagrun for example_task_group_decorator to 2025-10-05T15:37:58.009691+00:00, run_after=2025-10-06T15:37:58.009691+00:00
[2025-10-06T15:37:58.019+0000] {processor.py:175} INFO - Processing /home/airflow/.local/lib/python3.7/site-packages/airflow/example_dags/example_task_group_decorator.py took 0.046 seconds
[2025-10-06T15:38:28.383+0000] {processor.py:153} INFO - Started process (PID=719) to work on /home/airflow/.local/lib/python3.7/site-packages/airflow/example_dags/example_task_group_decorator.py
[2025-10-06T15:38:28.386+0000] {processor.py:743} INFO - Processing file /home/airflow/.local/lib/python3.7/site-packages/airflow/example_dags/example_task_group_decorator.py for tasks to queue
[2025-10-06T15:38:28.386+0000] {logging_mixin.py:137} INFO - [2025-10-06T15:38:28.386+0000] {dagbag.py:538} INFO - Filling up the DagBag from /home/airflow/.local/lib/python3.7/site-packages/airflow/example_dags/example_task_group_decorator.py
[2025-10-06T15:38:28.398+0000] {processor.py:753} INFO - DAG(s) dict_keys(['example_task_group_decorator']) retrieved from /home/airflow/.local/lib/python3.7/site-packages/airflow/example_dags/example_task_group_decorator.py
[2025-10-06T15:38:28.410+0000] {logging_mixin.py:137} INFO - [2025-10-06T15:38:28.410+0000] {dag.py:2690} INFO - Sync 1 DAGs
[2025-10-06T15:38:28.421+0000] {logging_mixin.py:137} INFO - [2025-10-06T15:38:28.420+0000] {dag.py:3441} INFO - Setting next_dagrun for example_task_group_decorator to 2025-10-05T15:38:28.420842+00:00, run_after=2025-10-06T15:38:28.420842+00:00
[2025-10-06T15:38:28.431+0000] {processor.py:175} INFO - Processing /home/airflow/.local/lib/python3.7/site-packages/airflow/example_dags/example_task_group_decorator.py took 0.050 seconds
[2025-10-06T15:38:58.788+0000] {processor.py:153} INFO - Started process (PID=818) to work on /home/airflow/.local/lib/python3.7/site-packages/airflow/example_dags/example_task_group_decorator.py
[2025-10-06T15:38:58.792+0000] {processor.py:743} INFO - Processing file /home/airflow/.local/lib/python3.7/site-packages/airflow/example_dags/example_task_group_decorator.py for tasks to queue
[2025-10-06T15:38:58.792+0000] {logging_mixin.py:137} INFO - [2025-10-06T15:38:58.792+0000] {dagbag.py:538} INFO - Filling up the DagBag from /home/airflow/.local/lib/python3.7/site-packages/airflow/example_dags/example_task_group_decorator.py
[2025-10-06T15:38:58.804+0000] {processor.py:753} INFO - DAG(s) dict_keys(['example_task_group_decorator']) retrieved from /home/airflow/.local/lib/python3.7/site-packages/airflow/example_dags/example_task_group_decorator.py
[2025-10-06T15:38:58.815+0000] {logging_mixin.py:137} INFO - [2025-10-06T15:38:58.815+0000] {dag.py:2690} INFO - Sync 1 DAGs
[2025-10-06T15:38:58.825+0000] {logging_mixin.py:137} INFO - [2025-10-06T15:38:58.825+0000] {dag.py:3441} INFO - Setting next_dagrun for example_task_group_decorator to 2025-10-05T15:38:58.825693+00:00, run_after=2025-10-06T15:38:58.825693+00:00
[2025-10-06T15:38:58.832+0000] {processor.py:175} INFO - Processing /home/airflow/.local/lib/python3.7/site-packages/airflow/example_dags/example_task_group_decorator.py took 0.046 seconds
[2025-10-06T15:39:29.188+0000] {processor.py:153} INFO - Started process (PID=917) to work on /home/airflow/.local/lib/python3.7/site-packages/airflow/example_dags/example_task_group_decorator.py
[2025-10-06T15:39:29.189+0000] {processor.py:743} INFO - Processing file /home/airflow/.local/lib/python3.7/site-packages/airflow/example_dags/example_task_group_decorator.py for tasks to queue
[2025-10-06T15:39:29.189+0000] {logging_mixin.py:137} INFO - [2025-10-06T15:39:29.189+0000] {dagbag.py:538} INFO - Filling up the DagBag from /home/airflow/.local/lib/python3.7/site-packages/airflow/example_dags/example_task_group_decorator.py
[2025-10-06T15:39:29.201+0000] {processor.py:753} INFO - DAG(s) dict_keys(['example_task_group_decorator']) retrieved from /home/airflow/.local/lib/python3.7/site-packages/airflow/example_dags/example_task_group_decorator.py
[2025-10-06T15:39:29.212+0000] {logging_mixin.py:137} INFO - [2025-10-06T15:39:29.212+0000] {dag.py:2690} INFO - Sync 1 DAGs
[2025-10-06T15:39:29.221+0000] {logging_mixin.py:137} INFO - [2025-10-06T15:39:29.221+0000] {dag.py:3441} INFO - Setting next_dagrun for example_task_group_decorator to 2025-10-05T15:39:29.220945+00:00, run_after=2025-10-06T15:39:29.220945+00:00
[2025-10-06T15:39:29.227+0000] {processor.py:175} INFO - Processing /home/airflow/.local/lib/python3.7/site-packages/airflow/example_dags/example_task_group_decorator.py took 0.040 seconds
[2025-10-06T15:39:59.558+0000] {processor.py:153} INFO - Started process (PID=1016) to work on /home/airflow/.local/lib/python3.7/site-packages/airflow/example_dags/example_task_group_decorator.py
[2025-10-06T15:39:59.558+0000] {processor.py:743} INFO - Processing file /home/airflow/.local/lib/python3.7/site-packages/airflow/example_dags/example_task_group_decorator.py for tasks to queue
[2025-10-06T15:39:59.559+0000] {logging_mixin.py:137} INFO - [2025-10-06T15:39:59.559+0000] {dagbag.py:538} INFO - Filling up the DagBag from /home/airflow/.local/lib/python3.7/site-packages/airflow/example_dags/example_task_group_decorator.py
[2025-10-06T15:39:59.572+0000] {processor.py:753} INFO - DAG(s) dict_keys(['example_task_group_decorator']) retrieved from /home/airflow/.local/lib/python3.7/site-packages/airflow/example_dags/example_task_group_decorator.py
[2025-10-06T15:39:59.583+0000] {logging_mixin.py:137} INFO - [2025-10-06T15:39:59.583+0000] {dag.py:2690} INFO - Sync 1 DAGs
[2025-10-06T15:39:59.593+0000] {logging_mixin.py:137} INFO - [2025-10-06T15:39:59.593+0000] {dag.py:3441} INFO - Setting next_dagrun for example_task_group_decorator to 2025-10-05T15:39:59.593460+00:00, run_after=2025-10-06T15:39:59.593460+00:00
[2025-10-06T15:39:59.600+0000] {processor.py:175} INFO - Processing /home/airflow/.local/lib/python3.7/site-packages/airflow/example_dags/example_task_group_decorator.py took 0.044 seconds
[2025-10-06T15:40:29.726+0000] {processor.py:153} INFO - Started process (PID=1095) to work on /home/airflow/.local/lib/python3.7/site-packages/airflow/example_dags/example_task_group_decorator.py
[2025-10-06T15:40:29.728+0000] {processor.py:743} INFO - Processing file /home/airflow/.local/lib/python3.7/site-packages/airflow/example_dags/example_task_group_decorator.py for tasks to queue
[2025-10-06T15:40:29.728+0000] {logging_mixin.py:137} INFO - [2025-10-06T15:40:29.728+0000] {dagbag.py:538} INFO - Filling up the DagBag from /home/airflow/.local/lib/python3.7/site-packages/airflow/example_dags/example_task_group_decorator.py
[2025-10-06T15:40:29.740+0000] {processor.py:753} INFO - DAG(s) dict_keys(['example_task_group_decorator']) retrieved from /home/airflow/.local/lib/python3.7/site-packages/airflow/example_dags/example_task_group_decorator.py
[2025-10-06T15:40:29.751+0000] {logging_mixin.py:137} INFO - [2025-10-06T15:40:29.751+0000] {dag.py:2690} INFO - Sync 1 DAGs
[2025-10-06T15:40:29.764+0000] {logging_mixin.py:137} INFO - [2025-10-06T15:40:29.764+0000] {dag.py:3441} INFO - Setting next_dagrun for example_task_group_decorator to 2025-10-05T15:40:29.764140+00:00, run_after=2025-10-06T15:40:29.764140+00:00
[2025-10-06T15:40:29.771+0000] {processor.py:175} INFO - Processing /home/airflow/.local/lib/python3.7/site-packages/airflow/example_dags/example_task_group_decorator.py took 0.047 seconds
[2025-10-06T15:40:59.999+0000] {processor.py:153} INFO - Started process (PID=1194) to work on /home/airflow/.local/lib/python3.7/site-packages/airflow/example_dags/example_task_group_decorator.py
[2025-10-06T15:40:59.999+0000] {processor.py:743} INFO - Processing file /home/airflow/.local/lib/python3.7/site-packages/airflow/example_dags/example_task_group_decorator.py for tasks to queue
[2025-10-06T15:41:00.000+0000] {logging_mixin.py:137} INFO - [2025-10-06T15:41:00.000+0000] {dagbag.py:538} INFO - Filling up the DagBag from /home/airflow/.local/lib/python3.7/site-packages/airflow/example_dags/example_task_group_decorator.py
[2025-10-06T15:41:00.011+0000] {processor.py:753} INFO - DAG(s) dict_keys(['example_task_group_decorator']) retrieved from /home/airflow/.local/lib/python3.7/site-packages/airflow/example_dags/example_task_group_decorator.py
[2025-10-06T15:41:00.022+0000] {logging_mixin.py:137} INFO - [2025-10-06T15:41:00.022+0000] {dag.py:2690} INFO - Sync 1 DAGs
[2025-10-06T15:41:00.033+0000] {logging_mixin.py:137} INFO - [2025-10-06T15:41:00.033+0000] {dag.py:3441} INFO - Setting next_dagrun for example_task_group_decorator to 2025-10-05T15:41:00.033735+00:00, run_after=2025-10-06T15:41:00.033735+00:00
[2025-10-06T15:41:00.041+0000] {processor.py:175} INFO - Processing /home/airflow/.local/lib/python3.7/site-packages/airflow/example_dags/example_task_group_decorator.py took 0.044 seconds
[2025-10-06T15:41:30.283+0000] {processor.py:153} INFO - Started process (PID=1293) to work on /home/airflow/.local/lib/python3.7/site-packages/airflow/example_dags/example_task_group_decorator.py
[2025-10-06T15:41:30.283+0000] {processor.py:743} INFO - Processing file /home/airflow/.local/lib/python3.7/site-packages/airflow/example_dags/example_task_group_decorator.py for tasks to queue
[2025-10-06T15:41:30.284+0000] {logging_mixin.py:137} INFO - [2025-10-06T15:41:30.284+0000] {dagbag.py:538} INFO - Filling up the DagBag from /home/airflow/.local/lib/python3.7/site-packages/airflow/example_dags/example_task_group_decorator.py
[2025-10-06T15:41:30.296+0000] {processor.py:753} INFO - DAG(s) dict_keys(['example_task_group_decorator']) retrieved from /home/airflow/.local/lib/python3.7/site-packages/airflow/example_dags/example_task_group_decorator.py
[2025-10-06T15:41:30.308+0000] {logging_mixin.py:137} INFO - [2025-10-06T15:41:30.308+0000] {dag.py:2690} INFO - Sync 1 DAGs
[2025-10-06T15:41:30.318+0000] {logging_mixin.py:137} INFO - [2025-10-06T15:41:30.318+0000] {dag.py:3441} INFO - Setting next_dagrun for example_task_group_decorator to 2025-10-05T15:41:30.318788+00:00, run_after=2025-10-06T15:41:30.318788+00:00
[2025-10-06T15:41:30.326+0000] {processor.py:175} INFO - Processing /home/airflow/.local/lib/python3.7/site-packages/airflow/example_dags/example_task_group_decorator.py took 0.044 seconds
[2025-10-06T15:42:00.655+0000] {processor.py:153} INFO - Started process (PID=1392) to work on /home/airflow/.local/lib/python3.7/site-packages/airflow/example_dags/example_task_group_decorator.py
[2025-10-06T15:42:00.656+0000] {processor.py:743} INFO - Processing file /home/airflow/.local/lib/python3.7/site-packages/airflow/example_dags/example_task_group_decorator.py for tasks to queue
[2025-10-06T15:42:00.656+0000] {logging_mixin.py:137} INFO - [2025-10-06T15:42:00.656+0000] {dagbag.py:538} INFO - Filling up the DagBag from /home/airflow/.local/lib/python3.7/site-packages/airflow/example_dags/example_task_group_decorator.py
[2025-10-06T15:42:00.671+0000] {processor.py:753} INFO - DAG(s) dict_keys(['example_task_group_decorator']) retrieved from /home/airflow/.local/lib/python3.7/site-packages/airflow/example_dags/example_task_group_decorator.py
[2025-10-06T15:42:00.683+0000] {logging_mixin.py:137} INFO - [2025-10-06T15:42:00.683+0000] {dag.py:2690} INFO - Sync 1 DAGs
[2025-10-06T15:42:00.695+0000] {logging_mixin.py:137} INFO - [2025-10-06T15:42:00.695+0000] {dag.py:3441} INFO - Setting next_dagrun for example_task_group_decorator to 2025-10-05T15:42:00.695385+00:00, run_after=2025-10-06T15:42:00.695385+00:00
[2025-10-06T15:42:00.702+0000] {processor.py:175} INFO - Processing /home/airflow/.local/lib/python3.7/site-packages/airflow/example_dags/example_task_group_decorator.py took 0.048 seconds
[2025-10-06T15:42:30.944+0000] {processor.py:153} INFO - Started process (PID=1471) to work on /home/airflow/.local/lib/python3.7/site-packages/airflow/example_dags/example_task_group_decorator.py
[2025-10-06T15:42:30.945+0000] {processor.py:743} INFO - Processing file /home/airflow/.local/lib/python3.7/site-packages/airflow/example_dags/example_task_group_decorator.py for tasks to queue
[2025-10-06T15:42:30.945+0000] {logging_mixin.py:137} INFO - [2025-10-06T15:42:30.945+0000] {dagbag.py:538} INFO - Filling up the DagBag from /home/airflow/.local/lib/python3.7/site-packages/airflow/example_dags/example_task_group_decorator.py
[2025-10-06T15:42:30.957+0000] {processor.py:753} INFO - DAG(s) dict_keys(['example_task_group_decorator']) retrieved from /home/airflow/.local/lib/python3.7/site-packages/airflow/example_dags/example_task_group_decorator.py
[2025-10-06T15:42:30.968+0000] {logging_mixin.py:137} INFO - [2025-10-06T15:42:30.968+0000] {dag.py:2690} INFO - Sync 1 DAGs
[2025-10-06T15:42:30.979+0000] {logging_mixin.py:137} INFO - [2025-10-06T15:42:30.979+0000] {dag.py:3441} INFO - Setting next_dagrun for example_task_group_decorator to 2025-10-05T15:42:30.979253+00:00, run_after=2025-10-06T15:42:30.979253+00:00
[2025-10-06T15:42:30.986+0000] {processor.py:175} INFO - Processing /home/airflow/.local/lib/python3.7/site-packages/airflow/example_dags/example_task_group_decorator.py took 0.043 seconds
[2025-10-06T15:43:01.168+0000] {processor.py:153} INFO - Started process (PID=1571) to work on /home/airflow/.local/lib/python3.7/site-packages/airflow/example_dags/example_task_group_decorator.py
[2025-10-06T15:43:01.168+0000] {processor.py:743} INFO - Processing file /home/airflow/.local/lib/python3.7/site-packages/airflow/example_dags/example_task_group_decorator.py for tasks to queue
[2025-10-06T15:43:01.169+0000] {logging_mixin.py:137} INFO - [2025-10-06T15:43:01.169+0000] {dagbag.py:538} INFO - Filling up the DagBag from /home/airflow/.local/lib/python3.7/site-packages/airflow/example_dags/example_task_group_decorator.py
[2025-10-06T15:43:01.180+0000] {processor.py:753} INFO - DAG(s) dict_keys(['example_task_group_decorator']) retrieved from /home/airflow/.local/lib/python3.7/site-packages/airflow/example_dags/example_task_group_decorator.py
[2025-10-06T15:43:01.192+0000] {logging_mixin.py:137} INFO - [2025-10-06T15:43:01.192+0000] {dag.py:2690} INFO - Sync 1 DAGs
[2025-10-06T15:43:01.203+0000] {logging_mixin.py:137} INFO - [2025-10-06T15:43:01.203+0000] {dag.py:3441} INFO - Setting next_dagrun for example_task_group_decorator to 2025-10-05T15:43:01.203338+00:00, run_after=2025-10-06T15:43:01.203338+00:00
[2025-10-06T15:43:01.211+0000] {processor.py:175} INFO - Processing /home/airflow/.local/lib/python3.7/site-packages/airflow/example_dags/example_task_group_decorator.py took 0.045 seconds
[2025-10-06T15:43:31.497+0000] {processor.py:153} INFO - Started process (PID=1670) to work on /home/airflow/.local/lib/python3.7/site-packages/airflow/example_dags/example_task_group_decorator.py
[2025-10-06T15:43:31.498+0000] {processor.py:743} INFO - Processing file /home/airflow/.local/lib/python3.7/site-packages/airflow/example_dags/example_task_group_decorator.py for tasks to queue
[2025-10-06T15:43:31.498+0000] {logging_mixin.py:137} INFO - [2025-10-06T15:43:31.498+0000] {dagbag.py:538} INFO - Filling up the DagBag from /home/airflow/.local/lib/python3.7/site-packages/airflow/example_dags/example_task_group_decorator.py
[2025-10-06T15:43:31.510+0000] {processor.py:753} INFO - DAG(s) dict_keys(['example_task_group_decorator']) retrieved from /home/airflow/.local/lib/python3.7/site-packages/airflow/example_dags/example_task_group_decorator.py
[2025-10-06T15:43:31.522+0000] {logging_mixin.py:137} INFO - [2025-10-06T15:43:31.522+0000] {dag.py:2690} INFO - Sync 1 DAGs
[2025-10-06T15:43:31.536+0000] {logging_mixin.py:137} INFO - [2025-10-06T15:43:31.536+0000] {dag.py:3441} INFO - Setting next_dagrun for example_task_group_decorator to 2025-10-05T15:43:31.535947+00:00, run_after=2025-10-06T15:43:31.535947+00:00
[2025-10-06T15:43:31.545+0000] {processor.py:175} INFO - Processing /home/airflow/.local/lib/python3.7/site-packages/airflow/example_dags/example_task_group_decorator.py took 0.049 seconds
[2025-10-06T15:44:01.927+0000] {processor.py:153} INFO - Started process (PID=1769) to work on /home/airflow/.local/lib/python3.7/site-packages/airflow/example_dags/example_task_group_decorator.py
[2025-10-06T15:44:01.928+0000] {processor.py:743} INFO - Processing file /home/airflow/.local/lib/python3.7/site-packages/airflow/example_dags/example_task_group_decorator.py for tasks to queue
[2025-10-06T15:44:01.928+0000] {logging_mixin.py:137} INFO - [2025-10-06T15:44:01.928+0000] {dagbag.py:538} INFO - Filling up the DagBag from /home/airflow/.local/lib/python3.7/site-packages/airflow/example_dags/example_task_group_decorator.py
[2025-10-06T15:44:01.940+0000] {processor.py:753} INFO - DAG(s) dict_keys(['example_task_group_decorator']) retrieved from /home/airflow/.local/lib/python3.7/site-packages/airflow/example_dags/example_task_group_decorator.py
[2025-10-06T15:44:01.951+0000] {logging_mixin.py:137} INFO - [2025-10-06T15:44:01.951+0000] {dag.py:2690} INFO - Sync 1 DAGs
[2025-10-06T15:44:01.961+0000] {logging_mixin.py:137} INFO - [2025-10-06T15:44:01.961+0000] {dag.py:3441} INFO - Setting next_dagrun for example_task_group_decorator to 2025-10-05T15:44:01.961235+00:00, run_after=2025-10-06T15:44:01.961235+00:00
[2025-10-06T15:44:01.969+0000] {processor.py:175} INFO - Processing /home/airflow/.local/lib/python3.7/site-packages/airflow/example_dags/example_task_group_decorator.py took 0.043 seconds
[2025-10-06T15:44:32.278+0000] {processor.py:153} INFO - Started process (PID=1848) to work on /home/airflow/.local/lib/python3.7/site-packages/airflow/example_dags/example_task_group_decorator.py
[2025-10-06T15:44:32.282+0000] {processor.py:743} INFO - Processing file /home/airflow/.local/lib/python3.7/site-packages/airflow/example_dags/example_task_group_decorator.py for tasks to queue
[2025-10-06T15:44:32.282+0000] {logging_mixin.py:137} INFO - [2025-10-06T15:44:32.282+0000] {dagbag.py:538} INFO - Filling up the DagBag from /home/airflow/.local/lib/python3.7/site-packages/airflow/example_dags/example_task_group_decorator.py
[2025-10-06T15:44:32.294+0000] {processor.py:753} INFO - DAG(s) dict_keys(['example_task_group_decorator']) retrieved from /home/airflow/.local/lib/python3.7/site-packages/airflow/example_dags/example_task_group_decorator.py
[2025-10-06T15:44:32.307+0000] {logging_mixin.py:137} INFO - [2025-10-06T15:44:32.307+0000] {dag.py:2690} INFO - Sync 1 DAGs
[2025-10-06T15:44:32.319+0000] {logging_mixin.py:137} INFO - [2025-10-06T15:44:32.318+0000] {dag.py:3441} INFO - Setting next_dagrun for example_task_group_decorator to 2025-10-05T15:44:32.318797+00:00, run_after=2025-10-06T15:44:32.318797+00:00
[2025-10-06T15:44:32.326+0000] {processor.py:175} INFO - Processing /home/airflow/.local/lib/python3.7/site-packages/airflow/example_dags/example_task_group_decorator.py took 0.049 seconds
[2025-10-06T15:45:02.650+0000] {processor.py:153} INFO - Started process (PID=1947) to work on /home/airflow/.local/lib/python3.7/site-packages/airflow/example_dags/example_task_group_decorator.py
[2025-10-06T15:45:02.651+0000] {processor.py:743} INFO - Processing file /home/airflow/.local/lib/python3.7/site-packages/airflow/example_dags/example_task_group_decorator.py for tasks to queue
[2025-10-06T15:45:02.652+0000] {logging_mixin.py:137} INFO - [2025-10-06T15:45:02.652+0000] {dagbag.py:538} INFO - Filling up the DagBag from /home/airflow/.local/lib/python3.7/site-packages/airflow/example_dags/example_task_group_decorator.py
[2025-10-06T15:45:02.665+0000] {processor.py:753} INFO - DAG(s) dict_keys(['example_task_group_decorator']) retrieved from /home/airflow/.local/lib/python3.7/site-packages/airflow/example_dags/example_task_group_decorator.py
[2025-10-06T15:45:02.676+0000] {logging_mixin.py:137} INFO - [2025-10-06T15:45:02.676+0000] {dag.py:2690} INFO - Sync 1 DAGs
[2025-10-06T15:45:02.686+0000] {logging_mixin.py:137} INFO - [2025-10-06T15:45:02.686+0000] {dag.py:3441} INFO - Setting next_dagrun for example_task_group_decorator to 2025-10-05T15:45:02.686323+00:00, run_after=2025-10-06T15:45:02.686323+00:00
[2025-10-06T15:45:02.693+0000] {processor.py:175} INFO - Processing /home/airflow/.local/lib/python3.7/site-packages/airflow/example_dags/example_task_group_decorator.py took 0.044 seconds
[2025-10-06T15:45:32.922+0000] {processor.py:153} INFO - Started process (PID=2046) to work on /home/airflow/.local/lib/python3.7/site-packages/airflow/example_dags/example_task_group_decorator.py
[2025-10-06T15:45:32.922+0000] {processor.py:743} INFO - Processing file /home/airflow/.local/lib/python3.7/site-packages/airflow/example_dags/example_task_group_decorator.py for tasks to queue
[2025-10-06T15:45:32.923+0000] {logging_mixin.py:137} INFO - [2025-10-06T15:45:32.923+0000] {dagbag.py:538} INFO - Filling up the DagBag from /home/airflow/.local/lib/python3.7/site-packages/airflow/example_dags/example_task_group_decorator.py
[2025-10-06T15:45:32.935+0000] {processor.py:753} INFO - DAG(s) dict_keys(['example_task_group_decorator']) retrieved from /home/airflow/.local/lib/python3.7/site-packages/airflow/example_dags/example_task_group_decorator.py
[2025-10-06T15:45:32.947+0000] {logging_mixin.py:137} INFO - [2025-10-06T15:45:32.947+0000] {dag.py:2690} INFO - Sync 1 DAGs
[2025-10-06T15:45:32.957+0000] {logging_mixin.py:137} INFO - [2025-10-06T15:45:32.957+0000] {dag.py:3441} INFO - Setting next_dagrun for example_task_group_decorator to 2025-10-05T15:45:32.957291+00:00, run_after=2025-10-06T15:45:32.957291+00:00
[2025-10-06T15:45:32.964+0000] {processor.py:175} INFO - Processing /home/airflow/.local/lib/python3.7/site-packages/airflow/example_dags/example_task_group_decorator.py took 0.044 seconds
[2025-10-06T15:46:03.471+0000] {processor.py:153} INFO - Started process (PID=2145) to work on /home/airflow/.local/lib/python3.7/site-packages/airflow/example_dags/example_task_group_decorator.py
[2025-10-06T15:46:03.471+0000] {processor.py:743} INFO - Processing file /home/airflow/.local/lib/python3.7/site-packages/airflow/example_dags/example_task_group_decorator.py for tasks to queue
[2025-10-06T15:46:03.471+0000] {logging_mixin.py:137} INFO - [2025-10-06T15:46:03.471+0000] {dagbag.py:538} INFO - Filling up the DagBag from /home/airflow/.local/lib/python3.7/site-packages/airflow/example_dags/example_task_group_decorator.py
[2025-10-06T15:46:03.486+0000] {processor.py:753} INFO - DAG(s) dict_keys(['example_task_group_decorator']) retrieved from /home/airflow/.local/lib/python3.7/site-packages/airflow/example_dags/example_task_group_decorator.py
[2025-10-06T15:46:03.500+0000] {logging_mixin.py:137} INFO - [2025-10-06T15:46:03.499+0000] {dag.py:2690} INFO - Sync 1 DAGs
[2025-10-06T15:46:03.514+0000] {logging_mixin.py:137} INFO - [2025-10-06T15:46:03.514+0000] {dag.py:3441} INFO - Setting next_dagrun for example_task_group_decorator to 2025-10-05T15:46:03.514264+00:00, run_after=2025-10-06T15:46:03.514264+00:00
[2025-10-06T15:46:03.525+0000] {processor.py:175} INFO - Processing /home/airflow/.local/lib/python3.7/site-packages/airflow/example_dags/example_task_group_decorator.py took 0.057 seconds
[2025-10-06T15:46:33.999+0000] {processor.py:153} INFO - Started process (PID=2224) to work on /home/airflow/.local/lib/python3.7/site-packages/airflow/example_dags/example_task_group_decorator.py
[2025-10-06T15:46:34.000+0000] {processor.py:743} INFO - Processing file /home/airflow/.local/lib/python3.7/site-packages/airflow/example_dags/example_task_group_decorator.py for tasks to queue
[2025-10-06T15:46:34.001+0000] {logging_mixin.py:137} INFO - [2025-10-06T15:46:34.000+0000] {dagbag.py:538} INFO - Filling up the DagBag from /home/airflow/.local/lib/python3.7/site-packages/airflow/example_dags/example_task_group_decorator.py
[2025-10-06T15:46:34.015+0000] {processor.py:753} INFO - DAG(s) dict_keys(['example_task_group_decorator']) retrieved from /home/airflow/.local/lib/python3.7/site-packages/airflow/example_dags/example_task_group_decorator.py
[2025-10-06T15:46:34.027+0000] {logging_mixin.py:137} INFO - [2025-10-06T15:46:34.027+0000] {dag.py:2690} INFO - Sync 1 DAGs
[2025-10-06T15:46:34.038+0000] {logging_mixin.py:137} INFO - [2025-10-06T15:46:34.038+0000] {dag.py:3441} INFO - Setting next_dagrun for example_task_group_decorator to 2025-10-05T15:46:34.038667+00:00, run_after=2025-10-06T15:46:34.038667+00:00
[2025-10-06T15:46:34.046+0000] {processor.py:175} INFO - Processing /home/airflow/.local/lib/python3.7/site-packages/airflow/example_dags/example_task_group_decorator.py took 0.049 seconds
