[2025-10-06T15:34:55.107+0000] {processor.py:153} INFO - Started process (PID=59) to work on /home/airflow/.local/lib/python3.7/site-packages/airflow/example_dags/example_branch_labels.py
[2025-10-06T15:34:55.108+0000] {processor.py:743} INFO - Processing file /home/airflow/.local/lib/python3.7/site-packages/airflow/example_dags/example_branch_labels.py for tasks to queue
[2025-10-06T15:34:55.108+0000] {logging_mixin.py:137} INFO - [2025-10-06T15:34:55.108+0000] {dagbag.py:538} INFO - Filling up the DagBag from /home/airflow/.local/lib/python3.7/site-packages/airflow/example_dags/example_branch_labels.py
[2025-10-06T15:34:55.118+0000] {processor.py:753} INFO - DAG(s) dict_keys(['example_branch_labels']) retrieved from /home/airflow/.local/lib/python3.7/site-packages/airflow/example_dags/example_branch_labels.py
[2025-10-06T15:34:55.124+0000] {logging_mixin.py:137} INFO - [2025-10-06T15:34:55.124+0000] {dag.py:2690} INFO - Sync 1 DAGs
[2025-10-06T15:34:55.137+0000] {logging_mixin.py:137} INFO - [2025-10-06T15:34:55.137+0000] {dag.py:3441} INFO - Setting next_dagrun for example_branch_labels to 2025-10-05T00:00:00+00:00, run_after=2025-10-06T00:00:00+00:00
[2025-10-06T15:34:55.146+0000] {processor.py:175} INFO - Processing /home/airflow/.local/lib/python3.7/site-packages/airflow/example_dags/example_branch_labels.py took 0.041 seconds
[2025-10-06T15:35:25.632+0000] {processor.py:153} INFO - Started process (PID=158) to work on /home/airflow/.local/lib/python3.7/site-packages/airflow/example_dags/example_branch_labels.py
[2025-10-06T15:35:25.634+0000] {processor.py:743} INFO - Processing file /home/airflow/.local/lib/python3.7/site-packages/airflow/example_dags/example_branch_labels.py for tasks to queue
[2025-10-06T15:35:25.635+0000] {logging_mixin.py:137} INFO - [2025-10-06T15:35:25.635+0000] {dagbag.py:538} INFO - Filling up the DagBag from /home/airflow/.local/lib/python3.7/site-packages/airflow/example_dags/example_branch_labels.py
[2025-10-06T15:35:25.641+0000] {processor.py:753} INFO - DAG(s) dict_keys(['example_branch_labels']) retrieved from /home/airflow/.local/lib/python3.7/site-packages/airflow/example_dags/example_branch_labels.py
[2025-10-06T15:35:25.652+0000] {logging_mixin.py:137} INFO - [2025-10-06T15:35:25.652+0000] {dag.py:2690} INFO - Sync 1 DAGs
[2025-10-06T15:35:25.662+0000] {logging_mixin.py:137} INFO - [2025-10-06T15:35:25.662+0000] {dag.py:3441} INFO - Setting next_dagrun for example_branch_labels to 2025-10-05T00:00:00+00:00, run_after=2025-10-06T00:00:00+00:00
[2025-10-06T15:35:25.672+0000] {processor.py:175} INFO - Processing /home/airflow/.local/lib/python3.7/site-packages/airflow/example_dags/example_branch_labels.py took 0.041 seconds
[2025-10-06T15:35:56.065+0000] {processor.py:153} INFO - Started process (PID=257) to work on /home/airflow/.local/lib/python3.7/site-packages/airflow/example_dags/example_branch_labels.py
[2025-10-06T15:35:56.065+0000] {processor.py:743} INFO - Processing file /home/airflow/.local/lib/python3.7/site-packages/airflow/example_dags/example_branch_labels.py for tasks to queue
[2025-10-06T15:35:56.065+0000] {logging_mixin.py:137} INFO - [2025-10-06T15:35:56.065+0000] {dagbag.py:538} INFO - Filling up the DagBag from /home/airflow/.local/lib/python3.7/site-packages/airflow/example_dags/example_branch_labels.py
[2025-10-06T15:35:56.071+0000] {processor.py:753} INFO - DAG(s) dict_keys(['example_branch_labels']) retrieved from /home/airflow/.local/lib/python3.7/site-packages/airflow/example_dags/example_branch_labels.py
[2025-10-06T15:35:56.082+0000] {logging_mixin.py:137} INFO - [2025-10-06T15:35:56.082+0000] {dag.py:2690} INFO - Sync 1 DAGs
[2025-10-06T15:35:56.093+0000] {logging_mixin.py:137} INFO - [2025-10-06T15:35:56.093+0000] {dag.py:3441} INFO - Setting next_dagrun for example_branch_labels to 2025-10-05T00:00:00+00:00, run_after=2025-10-06T00:00:00+00:00
[2025-10-06T15:35:56.100+0000] {processor.py:175} INFO - Processing /home/airflow/.local/lib/python3.7/site-packages/airflow/example_dags/example_branch_labels.py took 0.037 seconds
[2025-10-06T15:36:26.539+0000] {processor.py:153} INFO - Started process (PID=336) to work on /home/airflow/.local/lib/python3.7/site-packages/airflow/example_dags/example_branch_labels.py
[2025-10-06T15:36:26.542+0000] {processor.py:743} INFO - Processing file /home/airflow/.local/lib/python3.7/site-packages/airflow/example_dags/example_branch_labels.py for tasks to queue
[2025-10-06T15:36:26.543+0000] {logging_mixin.py:137} INFO - [2025-10-06T15:36:26.543+0000] {dagbag.py:538} INFO - Filling up the DagBag from /home/airflow/.local/lib/python3.7/site-packages/airflow/example_dags/example_branch_labels.py
[2025-10-06T15:36:26.551+0000] {processor.py:753} INFO - DAG(s) dict_keys(['example_branch_labels']) retrieved from /home/airflow/.local/lib/python3.7/site-packages/airflow/example_dags/example_branch_labels.py
[2025-10-06T15:36:26.563+0000] {logging_mixin.py:137} INFO - [2025-10-06T15:36:26.563+0000] {dag.py:2690} INFO - Sync 1 DAGs
[2025-10-06T15:36:26.576+0000] {logging_mixin.py:137} INFO - [2025-10-06T15:36:26.576+0000] {dag.py:3441} INFO - Setting next_dagrun for example_branch_labels to 2025-10-05T00:00:00+00:00, run_after=2025-10-06T00:00:00+00:00
[2025-10-06T15:36:26.586+0000] {processor.py:175} INFO - Processing /home/airflow/.local/lib/python3.7/site-packages/airflow/example_dags/example_branch_labels.py took 0.050 seconds
[2025-10-06T15:36:56.988+0000] {processor.py:153} INFO - Started process (PID=435) to work on /home/airflow/.local/lib/python3.7/site-packages/airflow/example_dags/example_branch_labels.py
[2025-10-06T15:36:56.988+0000] {processor.py:743} INFO - Processing file /home/airflow/.local/lib/python3.7/site-packages/airflow/example_dags/example_branch_labels.py for tasks to queue
[2025-10-06T15:36:56.989+0000] {logging_mixin.py:137} INFO - [2025-10-06T15:36:56.989+0000] {dagbag.py:538} INFO - Filling up the DagBag from /home/airflow/.local/lib/python3.7/site-packages/airflow/example_dags/example_branch_labels.py
[2025-10-06T15:36:56.995+0000] {processor.py:753} INFO - DAG(s) dict_keys(['example_branch_labels']) retrieved from /home/airflow/.local/lib/python3.7/site-packages/airflow/example_dags/example_branch_labels.py
[2025-10-06T15:36:57.006+0000] {logging_mixin.py:137} INFO - [2025-10-06T15:36:57.006+0000] {dag.py:2690} INFO - Sync 1 DAGs
[2025-10-06T15:36:57.017+0000] {logging_mixin.py:137} INFO - [2025-10-06T15:36:57.017+0000] {dag.py:3441} INFO - Setting next_dagrun for example_branch_labels to 2025-10-05T00:00:00+00:00, run_after=2025-10-06T00:00:00+00:00
[2025-10-06T15:36:57.026+0000] {processor.py:175} INFO - Processing /home/airflow/.local/lib/python3.7/site-packages/airflow/example_dags/example_branch_labels.py took 0.039 seconds
[2025-10-06T15:37:27.416+0000] {processor.py:153} INFO - Started process (PID=534) to work on /home/airflow/.local/lib/python3.7/site-packages/airflow/example_dags/example_branch_labels.py
[2025-10-06T15:37:27.418+0000] {processor.py:743} INFO - Processing file /home/airflow/.local/lib/python3.7/site-packages/airflow/example_dags/example_branch_labels.py for tasks to queue
[2025-10-06T15:37:27.419+0000] {logging_mixin.py:137} INFO - [2025-10-06T15:37:27.418+0000] {dagbag.py:538} INFO - Filling up the DagBag from /home/airflow/.local/lib/python3.7/site-packages/airflow/example_dags/example_branch_labels.py
[2025-10-06T15:37:27.425+0000] {processor.py:753} INFO - DAG(s) dict_keys(['example_branch_labels']) retrieved from /home/airflow/.local/lib/python3.7/site-packages/airflow/example_dags/example_branch_labels.py
[2025-10-06T15:37:27.437+0000] {logging_mixin.py:137} INFO - [2025-10-06T15:37:27.437+0000] {dag.py:2690} INFO - Sync 1 DAGs
[2025-10-06T15:37:27.448+0000] {logging_mixin.py:137} INFO - [2025-10-06T15:37:27.448+0000] {dag.py:3441} INFO - Setting next_dagrun for example_branch_labels to 2025-10-05T00:00:00+00:00, run_after=2025-10-06T00:00:00+00:00
[2025-10-06T15:37:27.460+0000] {processor.py:175} INFO - Processing /home/airflow/.local/lib/python3.7/site-packages/airflow/example_dags/example_branch_labels.py took 0.046 seconds
[2025-10-06T15:37:57.785+0000] {processor.py:153} INFO - Started process (PID=633) to work on /home/airflow/.local/lib/python3.7/site-packages/airflow/example_dags/example_branch_labels.py
[2025-10-06T15:37:57.788+0000] {processor.py:743} INFO - Processing file /home/airflow/.local/lib/python3.7/site-packages/airflow/example_dags/example_branch_labels.py for tasks to queue
[2025-10-06T15:37:57.788+0000] {logging_mixin.py:137} INFO - [2025-10-06T15:37:57.788+0000] {dagbag.py:538} INFO - Filling up the DagBag from /home/airflow/.local/lib/python3.7/site-packages/airflow/example_dags/example_branch_labels.py
[2025-10-06T15:37:57.796+0000] {processor.py:753} INFO - DAG(s) dict_keys(['example_branch_labels']) retrieved from /home/airflow/.local/lib/python3.7/site-packages/airflow/example_dags/example_branch_labels.py
[2025-10-06T15:37:57.808+0000] {logging_mixin.py:137} INFO - [2025-10-06T15:37:57.808+0000] {dag.py:2690} INFO - Sync 1 DAGs
[2025-10-06T15:37:57.822+0000] {logging_mixin.py:137} INFO - [2025-10-06T15:37:57.821+0000] {dag.py:3441} INFO - Setting next_dagrun for example_branch_labels to 2025-10-05T00:00:00+00:00, run_after=2025-10-06T00:00:00+00:00
[2025-10-06T15:37:57.831+0000] {processor.py:175} INFO - Processing /home/airflow/.local/lib/python3.7/site-packages/airflow/example_dags/example_branch_labels.py took 0.048 seconds
[2025-10-06T15:38:28.216+0000] {processor.py:153} INFO - Started process (PID=712) to work on /home/airflow/.local/lib/python3.7/site-packages/airflow/example_dags/example_branch_labels.py
[2025-10-06T15:38:28.216+0000] {processor.py:743} INFO - Processing file /home/airflow/.local/lib/python3.7/site-packages/airflow/example_dags/example_branch_labels.py for tasks to queue
[2025-10-06T15:38:28.217+0000] {logging_mixin.py:137} INFO - [2025-10-06T15:38:28.217+0000] {dagbag.py:538} INFO - Filling up the DagBag from /home/airflow/.local/lib/python3.7/site-packages/airflow/example_dags/example_branch_labels.py
[2025-10-06T15:38:28.223+0000] {processor.py:753} INFO - DAG(s) dict_keys(['example_branch_labels']) retrieved from /home/airflow/.local/lib/python3.7/site-packages/airflow/example_dags/example_branch_labels.py
[2025-10-06T15:38:28.233+0000] {logging_mixin.py:137} INFO - [2025-10-06T15:38:28.233+0000] {dag.py:2690} INFO - Sync 1 DAGs
[2025-10-06T15:38:28.247+0000] {logging_mixin.py:137} INFO - [2025-10-06T15:38:28.247+0000] {dag.py:3441} INFO - Setting next_dagrun for example_branch_labels to 2025-10-05T00:00:00+00:00, run_after=2025-10-06T00:00:00+00:00
[2025-10-06T15:38:28.257+0000] {processor.py:175} INFO - Processing /home/airflow/.local/lib/python3.7/site-packages/airflow/example_dags/example_branch_labels.py took 0.042 seconds
[2025-10-06T15:38:58.608+0000] {processor.py:153} INFO - Started process (PID=811) to work on /home/airflow/.local/lib/python3.7/site-packages/airflow/example_dags/example_branch_labels.py
[2025-10-06T15:38:58.609+0000] {processor.py:743} INFO - Processing file /home/airflow/.local/lib/python3.7/site-packages/airflow/example_dags/example_branch_labels.py for tasks to queue
[2025-10-06T15:38:58.610+0000] {logging_mixin.py:137} INFO - [2025-10-06T15:38:58.610+0000] {dagbag.py:538} INFO - Filling up the DagBag from /home/airflow/.local/lib/python3.7/site-packages/airflow/example_dags/example_branch_labels.py
[2025-10-06T15:38:58.617+0000] {processor.py:753} INFO - DAG(s) dict_keys(['example_branch_labels']) retrieved from /home/airflow/.local/lib/python3.7/site-packages/airflow/example_dags/example_branch_labels.py
[2025-10-06T15:38:58.629+0000] {logging_mixin.py:137} INFO - [2025-10-06T15:38:58.629+0000] {dag.py:2690} INFO - Sync 1 DAGs
[2025-10-06T15:38:58.640+0000] {logging_mixin.py:137} INFO - [2025-10-06T15:38:58.640+0000] {dag.py:3441} INFO - Setting next_dagrun for example_branch_labels to 2025-10-05T00:00:00+00:00, run_after=2025-10-06T00:00:00+00:00
[2025-10-06T15:38:58.650+0000] {processor.py:175} INFO - Processing /home/airflow/.local/lib/python3.7/site-packages/airflow/example_dags/example_branch_labels.py took 0.044 seconds
[2025-10-06T15:39:28.960+0000] {processor.py:153} INFO - Started process (PID=910) to work on /home/airflow/.local/lib/python3.7/site-packages/airflow/example_dags/example_branch_labels.py
[2025-10-06T15:39:28.961+0000] {processor.py:743} INFO - Processing file /home/airflow/.local/lib/python3.7/site-packages/airflow/example_dags/example_branch_labels.py for tasks to queue
[2025-10-06T15:39:28.961+0000] {logging_mixin.py:137} INFO - [2025-10-06T15:39:28.961+0000] {dagbag.py:538} INFO - Filling up the DagBag from /home/airflow/.local/lib/python3.7/site-packages/airflow/example_dags/example_branch_labels.py
[2025-10-06T15:39:28.967+0000] {processor.py:753} INFO - DAG(s) dict_keys(['example_branch_labels']) retrieved from /home/airflow/.local/lib/python3.7/site-packages/airflow/example_dags/example_branch_labels.py
[2025-10-06T15:39:28.978+0000] {logging_mixin.py:137} INFO - [2025-10-06T15:39:28.977+0000] {dag.py:2690} INFO - Sync 1 DAGs
[2025-10-06T15:39:28.988+0000] {logging_mixin.py:137} INFO - [2025-10-06T15:39:28.988+0000] {dag.py:3441} INFO - Setting next_dagrun for example_branch_labels to 2025-10-05T00:00:00+00:00, run_after=2025-10-06T00:00:00+00:00
[2025-10-06T15:39:28.997+0000] {processor.py:175} INFO - Processing /home/airflow/.local/lib/python3.7/site-packages/airflow/example_dags/example_branch_labels.py took 0.038 seconds
[2025-10-06T15:39:59.387+0000] {processor.py:153} INFO - Started process (PID=1009) to work on /home/airflow/.local/lib/python3.7/site-packages/airflow/example_dags/example_branch_labels.py
[2025-10-06T15:39:59.387+0000] {processor.py:743} INFO - Processing file /home/airflow/.local/lib/python3.7/site-packages/airflow/example_dags/example_branch_labels.py for tasks to queue
[2025-10-06T15:39:59.388+0000] {logging_mixin.py:137} INFO - [2025-10-06T15:39:59.388+0000] {dagbag.py:538} INFO - Filling up the DagBag from /home/airflow/.local/lib/python3.7/site-packages/airflow/example_dags/example_branch_labels.py
[2025-10-06T15:39:59.393+0000] {processor.py:753} INFO - DAG(s) dict_keys(['example_branch_labels']) retrieved from /home/airflow/.local/lib/python3.7/site-packages/airflow/example_dags/example_branch_labels.py
[2025-10-06T15:39:59.404+0000] {logging_mixin.py:137} INFO - [2025-10-06T15:39:59.404+0000] {dag.py:2690} INFO - Sync 1 DAGs
[2025-10-06T15:39:59.414+0000] {logging_mixin.py:137} INFO - [2025-10-06T15:39:59.414+0000] {dag.py:3441} INFO - Setting next_dagrun for example_branch_labels to 2025-10-05T00:00:00+00:00, run_after=2025-10-06T00:00:00+00:00
[2025-10-06T15:39:59.421+0000] {processor.py:175} INFO - Processing /home/airflow/.local/lib/python3.7/site-packages/airflow/example_dags/example_branch_labels.py took 0.035 seconds
[2025-10-06T15:40:29.568+0000] {processor.py:153} INFO - Started process (PID=1088) to work on /home/airflow/.local/lib/python3.7/site-packages/airflow/example_dags/example_branch_labels.py
[2025-10-06T15:40:29.569+0000] {processor.py:743} INFO - Processing file /home/airflow/.local/lib/python3.7/site-packages/airflow/example_dags/example_branch_labels.py for tasks to queue
[2025-10-06T15:40:29.569+0000] {logging_mixin.py:137} INFO - [2025-10-06T15:40:29.569+0000] {dagbag.py:538} INFO - Filling up the DagBag from /home/airflow/.local/lib/python3.7/site-packages/airflow/example_dags/example_branch_labels.py
[2025-10-06T15:40:29.575+0000] {processor.py:753} INFO - DAG(s) dict_keys(['example_branch_labels']) retrieved from /home/airflow/.local/lib/python3.7/site-packages/airflow/example_dags/example_branch_labels.py
[2025-10-06T15:40:29.585+0000] {logging_mixin.py:137} INFO - [2025-10-06T15:40:29.585+0000] {dag.py:2690} INFO - Sync 1 DAGs
[2025-10-06T15:40:29.595+0000] {logging_mixin.py:137} INFO - [2025-10-06T15:40:29.595+0000] {dag.py:3441} INFO - Setting next_dagrun for example_branch_labels to 2025-10-05T00:00:00+00:00, run_after=2025-10-06T00:00:00+00:00
[2025-10-06T15:40:29.602+0000] {processor.py:175} INFO - Processing /home/airflow/.local/lib/python3.7/site-packages/airflow/example_dags/example_branch_labels.py took 0.036 seconds
[2025-10-06T15:40:59.830+0000] {processor.py:153} INFO - Started process (PID=1187) to work on /home/airflow/.local/lib/python3.7/site-packages/airflow/example_dags/example_branch_labels.py
[2025-10-06T15:40:59.831+0000] {processor.py:743} INFO - Processing file /home/airflow/.local/lib/python3.7/site-packages/airflow/example_dags/example_branch_labels.py for tasks to queue
[2025-10-06T15:40:59.831+0000] {logging_mixin.py:137} INFO - [2025-10-06T15:40:59.831+0000] {dagbag.py:538} INFO - Filling up the DagBag from /home/airflow/.local/lib/python3.7/site-packages/airflow/example_dags/example_branch_labels.py
[2025-10-06T15:40:59.837+0000] {processor.py:753} INFO - DAG(s) dict_keys(['example_branch_labels']) retrieved from /home/airflow/.local/lib/python3.7/site-packages/airflow/example_dags/example_branch_labels.py
[2025-10-06T15:40:59.848+0000] {logging_mixin.py:137} INFO - [2025-10-06T15:40:59.847+0000] {dag.py:2690} INFO - Sync 1 DAGs
[2025-10-06T15:40:59.858+0000] {logging_mixin.py:137} INFO - [2025-10-06T15:40:59.858+0000] {dag.py:3441} INFO - Setting next_dagrun for example_branch_labels to 2025-10-05T00:00:00+00:00, run_after=2025-10-06T00:00:00+00:00
[2025-10-06T15:40:59.865+0000] {processor.py:175} INFO - Processing /home/airflow/.local/lib/python3.7/site-packages/airflow/example_dags/example_branch_labels.py took 0.036 seconds
[2025-10-06T15:41:30.114+0000] {processor.py:153} INFO - Started process (PID=1286) to work on /home/airflow/.local/lib/python3.7/site-packages/airflow/example_dags/example_branch_labels.py
[2025-10-06T15:41:30.114+0000] {processor.py:743} INFO - Processing file /home/airflow/.local/lib/python3.7/site-packages/airflow/example_dags/example_branch_labels.py for tasks to queue
[2025-10-06T15:41:30.115+0000] {logging_mixin.py:137} INFO - [2025-10-06T15:41:30.115+0000] {dagbag.py:538} INFO - Filling up the DagBag from /home/airflow/.local/lib/python3.7/site-packages/airflow/example_dags/example_branch_labels.py
[2025-10-06T15:41:30.121+0000] {processor.py:753} INFO - DAG(s) dict_keys(['example_branch_labels']) retrieved from /home/airflow/.local/lib/python3.7/site-packages/airflow/example_dags/example_branch_labels.py
[2025-10-06T15:41:30.132+0000] {logging_mixin.py:137} INFO - [2025-10-06T15:41:30.132+0000] {dag.py:2690} INFO - Sync 1 DAGs
[2025-10-06T15:41:30.143+0000] {logging_mixin.py:137} INFO - [2025-10-06T15:41:30.143+0000] {dag.py:3441} INFO - Setting next_dagrun for example_branch_labels to 2025-10-05T00:00:00+00:00, run_after=2025-10-06T00:00:00+00:00
[2025-10-06T15:41:30.149+0000] {processor.py:175} INFO - Processing /home/airflow/.local/lib/python3.7/site-packages/airflow/example_dags/example_branch_labels.py took 0.037 seconds
[2025-10-06T15:42:00.490+0000] {processor.py:153} INFO - Started process (PID=1385) to work on /home/airflow/.local/lib/python3.7/site-packages/airflow/example_dags/example_branch_labels.py
[2025-10-06T15:42:00.490+0000] {processor.py:743} INFO - Processing file /home/airflow/.local/lib/python3.7/site-packages/airflow/example_dags/example_branch_labels.py for tasks to queue
[2025-10-06T15:42:00.492+0000] {logging_mixin.py:137} INFO - [2025-10-06T15:42:00.492+0000] {dagbag.py:538} INFO - Filling up the DagBag from /home/airflow/.local/lib/python3.7/site-packages/airflow/example_dags/example_branch_labels.py
[2025-10-06T15:42:00.498+0000] {processor.py:753} INFO - DAG(s) dict_keys(['example_branch_labels']) retrieved from /home/airflow/.local/lib/python3.7/site-packages/airflow/example_dags/example_branch_labels.py
[2025-10-06T15:42:00.509+0000] {logging_mixin.py:137} INFO - [2025-10-06T15:42:00.509+0000] {dag.py:2690} INFO - Sync 1 DAGs
[2025-10-06T15:42:00.519+0000] {logging_mixin.py:137} INFO - [2025-10-06T15:42:00.519+0000] {dag.py:3441} INFO - Setting next_dagrun for example_branch_labels to 2025-10-05T00:00:00+00:00, run_after=2025-10-06T00:00:00+00:00
[2025-10-06T15:42:00.526+0000] {processor.py:175} INFO - Processing /home/airflow/.local/lib/python3.7/site-packages/airflow/example_dags/example_branch_labels.py took 0.037 seconds
[2025-10-06T15:42:30.772+0000] {processor.py:153} INFO - Started process (PID=1464) to work on /home/airflow/.local/lib/python3.7/site-packages/airflow/example_dags/example_branch_labels.py
[2025-10-06T15:42:30.773+0000] {processor.py:743} INFO - Processing file /home/airflow/.local/lib/python3.7/site-packages/airflow/example_dags/example_branch_labels.py for tasks to queue
[2025-10-06T15:42:30.774+0000] {logging_mixin.py:137} INFO - [2025-10-06T15:42:30.774+0000] {dagbag.py:538} INFO - Filling up the DagBag from /home/airflow/.local/lib/python3.7/site-packages/airflow/example_dags/example_branch_labels.py
[2025-10-06T15:42:30.781+0000] {processor.py:753} INFO - DAG(s) dict_keys(['example_branch_labels']) retrieved from /home/airflow/.local/lib/python3.7/site-packages/airflow/example_dags/example_branch_labels.py
[2025-10-06T15:42:30.791+0000] {logging_mixin.py:137} INFO - [2025-10-06T15:42:30.791+0000] {dag.py:2690} INFO - Sync 1 DAGs
[2025-10-06T15:42:30.802+0000] {logging_mixin.py:137} INFO - [2025-10-06T15:42:30.802+0000] {dag.py:3441} INFO - Setting next_dagrun for example_branch_labels to 2025-10-05T00:00:00+00:00, run_after=2025-10-06T00:00:00+00:00
[2025-10-06T15:42:30.810+0000] {processor.py:175} INFO - Processing /home/airflow/.local/lib/python3.7/site-packages/airflow/example_dags/example_branch_labels.py took 0.040 seconds
[2025-10-06T15:43:01.005+0000] {processor.py:153} INFO - Started process (PID=1564) to work on /home/airflow/.local/lib/python3.7/site-packages/airflow/example_dags/example_branch_labels.py
[2025-10-06T15:43:01.006+0000] {processor.py:743} INFO - Processing file /home/airflow/.local/lib/python3.7/site-packages/airflow/example_dags/example_branch_labels.py for tasks to queue
[2025-10-06T15:43:01.006+0000] {logging_mixin.py:137} INFO - [2025-10-06T15:43:01.006+0000] {dagbag.py:538} INFO - Filling up the DagBag from /home/airflow/.local/lib/python3.7/site-packages/airflow/example_dags/example_branch_labels.py
[2025-10-06T15:43:01.012+0000] {processor.py:753} INFO - DAG(s) dict_keys(['example_branch_labels']) retrieved from /home/airflow/.local/lib/python3.7/site-packages/airflow/example_dags/example_branch_labels.py
[2025-10-06T15:43:01.023+0000] {logging_mixin.py:137} INFO - [2025-10-06T15:43:01.023+0000] {dag.py:2690} INFO - Sync 1 DAGs
[2025-10-06T15:43:01.034+0000] {logging_mixin.py:137} INFO - [2025-10-06T15:43:01.034+0000] {dag.py:3441} INFO - Setting next_dagrun for example_branch_labels to 2025-10-05T00:00:00+00:00, run_after=2025-10-06T00:00:00+00:00
[2025-10-06T15:43:01.042+0000] {processor.py:175} INFO - Processing /home/airflow/.local/lib/python3.7/site-packages/airflow/example_dags/example_branch_labels.py took 0.038 seconds
[2025-10-06T15:43:31.305+0000] {processor.py:153} INFO - Started process (PID=1663) to work on /home/airflow/.local/lib/python3.7/site-packages/airflow/example_dags/example_branch_labels.py
[2025-10-06T15:43:31.306+0000] {processor.py:743} INFO - Processing file /home/airflow/.local/lib/python3.7/site-packages/airflow/example_dags/example_branch_labels.py for tasks to queue
[2025-10-06T15:43:31.306+0000] {logging_mixin.py:137} INFO - [2025-10-06T15:43:31.306+0000] {dagbag.py:538} INFO - Filling up the DagBag from /home/airflow/.local/lib/python3.7/site-packages/airflow/example_dags/example_branch_labels.py
[2025-10-06T15:43:31.313+0000] {processor.py:753} INFO - DAG(s) dict_keys(['example_branch_labels']) retrieved from /home/airflow/.local/lib/python3.7/site-packages/airflow/example_dags/example_branch_labels.py
[2025-10-06T15:43:31.325+0000] {logging_mixin.py:137} INFO - [2025-10-06T15:43:31.325+0000] {dag.py:2690} INFO - Sync 1 DAGs
[2025-10-06T15:43:31.336+0000] {logging_mixin.py:137} INFO - [2025-10-06T15:43:31.336+0000] {dag.py:3441} INFO - Setting next_dagrun for example_branch_labels to 2025-10-05T00:00:00+00:00, run_after=2025-10-06T00:00:00+00:00
[2025-10-06T15:43:31.344+0000] {processor.py:175} INFO - Processing /home/airflow/.local/lib/python3.7/site-packages/airflow/example_dags/example_branch_labels.py took 0.040 seconds
[2025-10-06T15:44:01.709+0000] {processor.py:153} INFO - Started process (PID=1762) to work on /home/airflow/.local/lib/python3.7/site-packages/airflow/example_dags/example_branch_labels.py
[2025-10-06T15:44:01.713+0000] {processor.py:743} INFO - Processing file /home/airflow/.local/lib/python3.7/site-packages/airflow/example_dags/example_branch_labels.py for tasks to queue
[2025-10-06T15:44:01.713+0000] {logging_mixin.py:137} INFO - [2025-10-06T15:44:01.713+0000] {dagbag.py:538} INFO - Filling up the DagBag from /home/airflow/.local/lib/python3.7/site-packages/airflow/example_dags/example_branch_labels.py
[2025-10-06T15:44:01.720+0000] {processor.py:753} INFO - DAG(s) dict_keys(['example_branch_labels']) retrieved from /home/airflow/.local/lib/python3.7/site-packages/airflow/example_dags/example_branch_labels.py
[2025-10-06T15:44:01.733+0000] {logging_mixin.py:137} INFO - [2025-10-06T15:44:01.733+0000] {dag.py:2690} INFO - Sync 1 DAGs
[2025-10-06T15:44:01.747+0000] {logging_mixin.py:137} INFO - [2025-10-06T15:44:01.747+0000] {dag.py:3441} INFO - Setting next_dagrun for example_branch_labels to 2025-10-05T00:00:00+00:00, run_after=2025-10-06T00:00:00+00:00
[2025-10-06T15:44:01.756+0000] {processor.py:175} INFO - Processing /home/airflow/.local/lib/python3.7/site-packages/airflow/example_dags/example_branch_labels.py took 0.049 seconds
[2025-10-06T15:44:32.087+0000] {processor.py:153} INFO - Started process (PID=1841) to work on /home/airflow/.local/lib/python3.7/site-packages/airflow/example_dags/example_branch_labels.py
[2025-10-06T15:44:32.088+0000] {processor.py:743} INFO - Processing file /home/airflow/.local/lib/python3.7/site-packages/airflow/example_dags/example_branch_labels.py for tasks to queue
[2025-10-06T15:44:32.089+0000] {logging_mixin.py:137} INFO - [2025-10-06T15:44:32.089+0000] {dagbag.py:538} INFO - Filling up the DagBag from /home/airflow/.local/lib/python3.7/site-packages/airflow/example_dags/example_branch_labels.py
[2025-10-06T15:44:32.095+0000] {processor.py:753} INFO - DAG(s) dict_keys(['example_branch_labels']) retrieved from /home/airflow/.local/lib/python3.7/site-packages/airflow/example_dags/example_branch_labels.py
[2025-10-06T15:44:32.105+0000] {logging_mixin.py:137} INFO - [2025-10-06T15:44:32.105+0000] {dag.py:2690} INFO - Sync 1 DAGs
[2025-10-06T15:44:32.116+0000] {logging_mixin.py:137} INFO - [2025-10-06T15:44:32.115+0000] {dag.py:3441} INFO - Setting next_dagrun for example_branch_labels to 2025-10-05T00:00:00+00:00, run_after=2025-10-06T00:00:00+00:00
[2025-10-06T15:44:32.125+0000] {processor.py:175} INFO - Processing /home/airflow/.local/lib/python3.7/site-packages/airflow/example_dags/example_branch_labels.py took 0.040 seconds
[2025-10-06T15:45:02.449+0000] {processor.py:153} INFO - Started process (PID=1940) to work on /home/airflow/.local/lib/python3.7/site-packages/airflow/example_dags/example_branch_labels.py
[2025-10-06T15:45:02.452+0000] {processor.py:743} INFO - Processing file /home/airflow/.local/lib/python3.7/site-packages/airflow/example_dags/example_branch_labels.py for tasks to queue
[2025-10-06T15:45:02.453+0000] {logging_mixin.py:137} INFO - [2025-10-06T15:45:02.453+0000] {dagbag.py:538} INFO - Filling up the DagBag from /home/airflow/.local/lib/python3.7/site-packages/airflow/example_dags/example_branch_labels.py
[2025-10-06T15:45:02.459+0000] {processor.py:753} INFO - DAG(s) dict_keys(['example_branch_labels']) retrieved from /home/airflow/.local/lib/python3.7/site-packages/airflow/example_dags/example_branch_labels.py
[2025-10-06T15:45:02.471+0000] {logging_mixin.py:137} INFO - [2025-10-06T15:45:02.471+0000] {dag.py:2690} INFO - Sync 1 DAGs
[2025-10-06T15:45:02.483+0000] {logging_mixin.py:137} INFO - [2025-10-06T15:45:02.482+0000] {dag.py:3441} INFO - Setting next_dagrun for example_branch_labels to 2025-10-05T00:00:00+00:00, run_after=2025-10-06T00:00:00+00:00
[2025-10-06T15:45:02.490+0000] {processor.py:175} INFO - Processing /home/airflow/.local/lib/python3.7/site-packages/airflow/example_dags/example_branch_labels.py took 0.042 seconds
[2025-10-06T15:45:32.745+0000] {processor.py:153} INFO - Started process (PID=2039) to work on /home/airflow/.local/lib/python3.7/site-packages/airflow/example_dags/example_branch_labels.py
[2025-10-06T15:45:32.746+0000] {processor.py:743} INFO - Processing file /home/airflow/.local/lib/python3.7/site-packages/airflow/example_dags/example_branch_labels.py for tasks to queue
[2025-10-06T15:45:32.746+0000] {logging_mixin.py:137} INFO - [2025-10-06T15:45:32.746+0000] {dagbag.py:538} INFO - Filling up the DagBag from /home/airflow/.local/lib/python3.7/site-packages/airflow/example_dags/example_branch_labels.py
[2025-10-06T15:45:32.752+0000] {processor.py:753} INFO - DAG(s) dict_keys(['example_branch_labels']) retrieved from /home/airflow/.local/lib/python3.7/site-packages/airflow/example_dags/example_branch_labels.py
[2025-10-06T15:45:32.762+0000] {logging_mixin.py:137} INFO - [2025-10-06T15:45:32.762+0000] {dag.py:2690} INFO - Sync 1 DAGs
[2025-10-06T15:45:32.773+0000] {logging_mixin.py:137} INFO - [2025-10-06T15:45:32.773+0000] {dag.py:3441} INFO - Setting next_dagrun for example_branch_labels to 2025-10-05T00:00:00+00:00, run_after=2025-10-06T00:00:00+00:00
[2025-10-06T15:45:32.779+0000] {processor.py:175} INFO - Processing /home/airflow/.local/lib/python3.7/site-packages/airflow/example_dags/example_branch_labels.py took 0.036 seconds
[2025-10-06T15:46:03.128+0000] {processor.py:153} INFO - Started process (PID=2138) to work on /home/airflow/.local/lib/python3.7/site-packages/airflow/example_dags/example_branch_labels.py
[2025-10-06T15:46:03.129+0000] {processor.py:743} INFO - Processing file /home/airflow/.local/lib/python3.7/site-packages/airflow/example_dags/example_branch_labels.py for tasks to queue
[2025-10-06T15:46:03.129+0000] {logging_mixin.py:137} INFO - [2025-10-06T15:46:03.129+0000] {dagbag.py:538} INFO - Filling up the DagBag from /home/airflow/.local/lib/python3.7/site-packages/airflow/example_dags/example_branch_labels.py
[2025-10-06T15:46:03.136+0000] {processor.py:753} INFO - DAG(s) dict_keys(['example_branch_labels']) retrieved from /home/airflow/.local/lib/python3.7/site-packages/airflow/example_dags/example_branch_labels.py
[2025-10-06T15:46:03.148+0000] {logging_mixin.py:137} INFO - [2025-10-06T15:46:03.148+0000] {dag.py:2690} INFO - Sync 1 DAGs
[2025-10-06T15:46:03.161+0000] {logging_mixin.py:137} INFO - [2025-10-06T15:46:03.161+0000] {dag.py:3441} INFO - Setting next_dagrun for example_branch_labels to 2025-10-05T00:00:00+00:00, run_after=2025-10-06T00:00:00+00:00
[2025-10-06T15:46:03.169+0000] {processor.py:175} INFO - Processing /home/airflow/.local/lib/python3.7/site-packages/airflow/example_dags/example_branch_labels.py took 0.044 seconds
[2025-10-06T15:46:33.800+0000] {processor.py:153} INFO - Started process (PID=2217) to work on /home/airflow/.local/lib/python3.7/site-packages/airflow/example_dags/example_branch_labels.py
[2025-10-06T15:46:33.804+0000] {processor.py:743} INFO - Processing file /home/airflow/.local/lib/python3.7/site-packages/airflow/example_dags/example_branch_labels.py for tasks to queue
[2025-10-06T15:46:33.804+0000] {logging_mixin.py:137} INFO - [2025-10-06T15:46:33.804+0000] {dagbag.py:538} INFO - Filling up the DagBag from /home/airflow/.local/lib/python3.7/site-packages/airflow/example_dags/example_branch_labels.py
[2025-10-06T15:46:33.813+0000] {processor.py:753} INFO - DAG(s) dict_keys(['example_branch_labels']) retrieved from /home/airflow/.local/lib/python3.7/site-packages/airflow/example_dags/example_branch_labels.py
[2025-10-06T15:46:33.825+0000] {logging_mixin.py:137} INFO - [2025-10-06T15:46:33.824+0000] {dag.py:2690} INFO - Sync 1 DAGs
[2025-10-06T15:46:33.838+0000] {logging_mixin.py:137} INFO - [2025-10-06T15:46:33.838+0000] {dag.py:3441} INFO - Setting next_dagrun for example_branch_labels to 2025-10-05T00:00:00+00:00, run_after=2025-10-06T00:00:00+00:00
[2025-10-06T15:46:33.846+0000] {processor.py:175} INFO - Processing /home/airflow/.local/lib/python3.7/site-packages/airflow/example_dags/example_branch_labels.py took 0.048 seconds
