[2025-10-06T15:34:55.546+0000] {processor.py:153} INFO - Started process (PID=73) to work on /home/airflow/.local/lib/python3.7/site-packages/airflow/example_dags/example_xcomargs.py
[2025-10-06T15:34:55.546+0000] {processor.py:743} INFO - Processing file /home/airflow/.local/lib/python3.7/site-packages/airflow/example_dags/example_xcomargs.py for tasks to queue
[2025-10-06T15:34:55.547+0000] {logging_mixin.py:137} INFO - [2025-10-06T15:34:55.547+0000] {dagbag.py:538} INFO - Filling up the DagBag from /home/airflow/.local/lib/python3.7/site-packages/airflow/example_dags/example_xcomargs.py
[2025-10-06T15:34:55.563+0000] {processor.py:753} INFO - DAG(s) dict_keys(['example_xcom_args_with_operators', 'example_xcom_args']) retrieved from /home/airflow/.local/lib/python3.7/site-packages/airflow/example_dags/example_xcomargs.py
[2025-10-06T15:34:55.577+0000] {logging_mixin.py:137} INFO - [2025-10-06T15:34:55.577+0000] {dag.py:2690} INFO - Sync 2 DAGs
[2025-10-06T15:34:55.596+0000] {logging_mixin.py:137} INFO - [2025-10-06T15:34:55.596+0000] {dag.py:3441} INFO - Setting next_dagrun for example_xcom_args to None, run_after=None
[2025-10-06T15:34:55.598+0000] {logging_mixin.py:137} INFO - [2025-10-06T15:34:55.598+0000] {dag.py:3441} INFO - Setting next_dagrun for example_xcom_args_with_operators to None, run_after=None
[2025-10-06T15:34:55.615+0000] {processor.py:175} INFO - Processing /home/airflow/.local/lib/python3.7/site-packages/airflow/example_dags/example_xcomargs.py took 0.072 seconds
[2025-10-06T15:35:26.000+0000] {processor.py:153} INFO - Started process (PID=172) to work on /home/airflow/.local/lib/python3.7/site-packages/airflow/example_dags/example_xcomargs.py
[2025-10-06T15:35:26.003+0000] {processor.py:743} INFO - Processing file /home/airflow/.local/lib/python3.7/site-packages/airflow/example_dags/example_xcomargs.py for tasks to queue
[2025-10-06T15:35:26.003+0000] {logging_mixin.py:137} INFO - [2025-10-06T15:35:26.003+0000] {dagbag.py:538} INFO - Filling up the DagBag from /home/airflow/.local/lib/python3.7/site-packages/airflow/example_dags/example_xcomargs.py
[2025-10-06T15:35:26.013+0000] {processor.py:753} INFO - DAG(s) dict_keys(['example_xcom_args', 'example_xcom_args_with_operators']) retrieved from /home/airflow/.local/lib/python3.7/site-packages/airflow/example_dags/example_xcomargs.py
[2025-10-06T15:35:26.026+0000] {logging_mixin.py:137} INFO - [2025-10-06T15:35:26.026+0000] {dag.py:2690} INFO - Sync 2 DAGs
[2025-10-06T15:35:26.037+0000] {logging_mixin.py:137} INFO - [2025-10-06T15:35:26.037+0000] {dag.py:3441} INFO - Setting next_dagrun for example_xcom_args to None, run_after=None
[2025-10-06T15:35:26.040+0000] {logging_mixin.py:137} INFO - [2025-10-06T15:35:26.040+0000] {dag.py:3441} INFO - Setting next_dagrun for example_xcom_args_with_operators to None, run_after=None
[2025-10-06T15:35:26.046+0000] {processor.py:175} INFO - Processing /home/airflow/.local/lib/python3.7/site-packages/airflow/example_dags/example_xcomargs.py took 0.048 seconds
[2025-10-06T15:35:56.468+0000] {processor.py:153} INFO - Started process (PID=271) to work on /home/airflow/.local/lib/python3.7/site-packages/airflow/example_dags/example_xcomargs.py
[2025-10-06T15:35:56.469+0000] {processor.py:743} INFO - Processing file /home/airflow/.local/lib/python3.7/site-packages/airflow/example_dags/example_xcomargs.py for tasks to queue
[2025-10-06T15:35:56.469+0000] {logging_mixin.py:137} INFO - [2025-10-06T15:35:56.469+0000] {dagbag.py:538} INFO - Filling up the DagBag from /home/airflow/.local/lib/python3.7/site-packages/airflow/example_dags/example_xcomargs.py
[2025-10-06T15:35:56.479+0000] {processor.py:753} INFO - DAG(s) dict_keys(['example_xcom_args', 'example_xcom_args_with_operators']) retrieved from /home/airflow/.local/lib/python3.7/site-packages/airflow/example_dags/example_xcomargs.py
[2025-10-06T15:35:56.492+0000] {logging_mixin.py:137} INFO - [2025-10-06T15:35:56.492+0000] {dag.py:2690} INFO - Sync 2 DAGs
[2025-10-06T15:35:56.501+0000] {logging_mixin.py:137} INFO - [2025-10-06T15:35:56.501+0000] {dag.py:3441} INFO - Setting next_dagrun for example_xcom_args to None, run_after=None
[2025-10-06T15:35:56.503+0000] {logging_mixin.py:137} INFO - [2025-10-06T15:35:56.503+0000] {dag.py:3441} INFO - Setting next_dagrun for example_xcom_args_with_operators to None, run_after=None
[2025-10-06T15:35:56.510+0000] {processor.py:175} INFO - Processing /home/airflow/.local/lib/python3.7/site-packages/airflow/example_dags/example_xcomargs.py took 0.043 seconds
[2025-10-06T15:36:26.944+0000] {processor.py:153} INFO - Started process (PID=350) to work on /home/airflow/.local/lib/python3.7/site-packages/airflow/example_dags/example_xcomargs.py
[2025-10-06T15:36:26.945+0000] {processor.py:743} INFO - Processing file /home/airflow/.local/lib/python3.7/site-packages/airflow/example_dags/example_xcomargs.py for tasks to queue
[2025-10-06T15:36:26.945+0000] {logging_mixin.py:137} INFO - [2025-10-06T15:36:26.945+0000] {dagbag.py:538} INFO - Filling up the DagBag from /home/airflow/.local/lib/python3.7/site-packages/airflow/example_dags/example_xcomargs.py
[2025-10-06T15:36:26.955+0000] {processor.py:753} INFO - DAG(s) dict_keys(['example_xcom_args_with_operators', 'example_xcom_args']) retrieved from /home/airflow/.local/lib/python3.7/site-packages/airflow/example_dags/example_xcomargs.py
[2025-10-06T15:36:26.968+0000] {logging_mixin.py:137} INFO - [2025-10-06T15:36:26.968+0000] {dag.py:2690} INFO - Sync 2 DAGs
[2025-10-06T15:36:26.978+0000] {logging_mixin.py:137} INFO - [2025-10-06T15:36:26.978+0000] {dag.py:3441} INFO - Setting next_dagrun for example_xcom_args to None, run_after=None
[2025-10-06T15:36:26.980+0000] {logging_mixin.py:137} INFO - [2025-10-06T15:36:26.980+0000] {dag.py:3441} INFO - Setting next_dagrun for example_xcom_args_with_operators to None, run_after=None
[2025-10-06T15:36:26.986+0000] {processor.py:175} INFO - Processing /home/airflow/.local/lib/python3.7/site-packages/airflow/example_dags/example_xcomargs.py took 0.044 seconds
[2025-10-06T15:36:57.405+0000] {processor.py:153} INFO - Started process (PID=449) to work on /home/airflow/.local/lib/python3.7/site-packages/airflow/example_dags/example_xcomargs.py
[2025-10-06T15:36:57.405+0000] {processor.py:743} INFO - Processing file /home/airflow/.local/lib/python3.7/site-packages/airflow/example_dags/example_xcomargs.py for tasks to queue
[2025-10-06T15:36:57.406+0000] {logging_mixin.py:137} INFO - [2025-10-06T15:36:57.405+0000] {dagbag.py:538} INFO - Filling up the DagBag from /home/airflow/.local/lib/python3.7/site-packages/airflow/example_dags/example_xcomargs.py
[2025-10-06T15:36:57.415+0000] {processor.py:753} INFO - DAG(s) dict_keys(['example_xcom_args', 'example_xcom_args_with_operators']) retrieved from /home/airflow/.local/lib/python3.7/site-packages/airflow/example_dags/example_xcomargs.py
[2025-10-06T15:36:57.427+0000] {logging_mixin.py:137} INFO - [2025-10-06T15:36:57.427+0000] {dag.py:2690} INFO - Sync 2 DAGs
[2025-10-06T15:36:57.439+0000] {logging_mixin.py:137} INFO - [2025-10-06T15:36:57.439+0000] {dag.py:3441} INFO - Setting next_dagrun for example_xcom_args to None, run_after=None
[2025-10-06T15:36:57.440+0000] {logging_mixin.py:137} INFO - [2025-10-06T15:36:57.440+0000] {dag.py:3441} INFO - Setting next_dagrun for example_xcom_args_with_operators to None, run_after=None
[2025-10-06T15:36:57.448+0000] {processor.py:175} INFO - Processing /home/airflow/.local/lib/python3.7/site-packages/airflow/example_dags/example_xcomargs.py took 0.044 seconds
[2025-10-06T15:37:27.785+0000] {processor.py:153} INFO - Started process (PID=548) to work on /home/airflow/.local/lib/python3.7/site-packages/airflow/example_dags/example_xcomargs.py
[2025-10-06T15:37:27.786+0000] {processor.py:743} INFO - Processing file /home/airflow/.local/lib/python3.7/site-packages/airflow/example_dags/example_xcomargs.py for tasks to queue
[2025-10-06T15:37:27.786+0000] {logging_mixin.py:137} INFO - [2025-10-06T15:37:27.786+0000] {dagbag.py:538} INFO - Filling up the DagBag from /home/airflow/.local/lib/python3.7/site-packages/airflow/example_dags/example_xcomargs.py
[2025-10-06T15:37:27.796+0000] {processor.py:753} INFO - DAG(s) dict_keys(['example_xcom_args', 'example_xcom_args_with_operators']) retrieved from /home/airflow/.local/lib/python3.7/site-packages/airflow/example_dags/example_xcomargs.py
[2025-10-06T15:37:27.810+0000] {logging_mixin.py:137} INFO - [2025-10-06T15:37:27.809+0000] {dag.py:2690} INFO - Sync 2 DAGs
[2025-10-06T15:37:27.820+0000] {logging_mixin.py:137} INFO - [2025-10-06T15:37:27.820+0000] {dag.py:3441} INFO - Setting next_dagrun for example_xcom_args to None, run_after=None
[2025-10-06T15:37:27.822+0000] {logging_mixin.py:137} INFO - [2025-10-06T15:37:27.822+0000] {dag.py:3441} INFO - Setting next_dagrun for example_xcom_args_with_operators to None, run_after=None
[2025-10-06T15:37:27.833+0000] {processor.py:175} INFO - Processing /home/airflow/.local/lib/python3.7/site-packages/airflow/example_dags/example_xcomargs.py took 0.049 seconds
[2025-10-06T15:37:58.152+0000] {processor.py:153} INFO - Started process (PID=647) to work on /home/airflow/.local/lib/python3.7/site-packages/airflow/example_dags/example_xcomargs.py
[2025-10-06T15:37:58.153+0000] {processor.py:743} INFO - Processing file /home/airflow/.local/lib/python3.7/site-packages/airflow/example_dags/example_xcomargs.py for tasks to queue
[2025-10-06T15:37:58.154+0000] {logging_mixin.py:137} INFO - [2025-10-06T15:37:58.154+0000] {dagbag.py:538} INFO - Filling up the DagBag from /home/airflow/.local/lib/python3.7/site-packages/airflow/example_dags/example_xcomargs.py
[2025-10-06T15:37:58.165+0000] {processor.py:753} INFO - DAG(s) dict_keys(['example_xcom_args', 'example_xcom_args_with_operators']) retrieved from /home/airflow/.local/lib/python3.7/site-packages/airflow/example_dags/example_xcomargs.py
[2025-10-06T15:37:58.179+0000] {logging_mixin.py:137} INFO - [2025-10-06T15:37:58.179+0000] {dag.py:2690} INFO - Sync 2 DAGs
[2025-10-06T15:37:58.190+0000] {logging_mixin.py:137} INFO - [2025-10-06T15:37:58.190+0000] {dag.py:3441} INFO - Setting next_dagrun for example_xcom_args to None, run_after=None
[2025-10-06T15:37:58.193+0000] {logging_mixin.py:137} INFO - [2025-10-06T15:37:58.193+0000] {dag.py:3441} INFO - Setting next_dagrun for example_xcom_args_with_operators to None, run_after=None
[2025-10-06T15:37:58.200+0000] {processor.py:175} INFO - Processing /home/airflow/.local/lib/python3.7/site-packages/airflow/example_dags/example_xcomargs.py took 0.049 seconds
[2025-10-06T15:38:28.577+0000] {processor.py:153} INFO - Started process (PID=726) to work on /home/airflow/.local/lib/python3.7/site-packages/airflow/example_dags/example_xcomargs.py
[2025-10-06T15:38:28.578+0000] {processor.py:743} INFO - Processing file /home/airflow/.local/lib/python3.7/site-packages/airflow/example_dags/example_xcomargs.py for tasks to queue
[2025-10-06T15:38:28.579+0000] {logging_mixin.py:137} INFO - [2025-10-06T15:38:28.579+0000] {dagbag.py:538} INFO - Filling up the DagBag from /home/airflow/.local/lib/python3.7/site-packages/airflow/example_dags/example_xcomargs.py
[2025-10-06T15:38:28.589+0000] {processor.py:753} INFO - DAG(s) dict_keys(['example_xcom_args', 'example_xcom_args_with_operators']) retrieved from /home/airflow/.local/lib/python3.7/site-packages/airflow/example_dags/example_xcomargs.py
[2025-10-06T15:38:28.600+0000] {logging_mixin.py:137} INFO - [2025-10-06T15:38:28.600+0000] {dag.py:2690} INFO - Sync 2 DAGs
[2025-10-06T15:38:28.613+0000] {logging_mixin.py:137} INFO - [2025-10-06T15:38:28.613+0000] {dag.py:3441} INFO - Setting next_dagrun for example_xcom_args to None, run_after=None
[2025-10-06T15:38:28.616+0000] {logging_mixin.py:137} INFO - [2025-10-06T15:38:28.616+0000] {dag.py:3441} INFO - Setting next_dagrun for example_xcom_args_with_operators to None, run_after=None
[2025-10-06T15:38:28.623+0000] {processor.py:175} INFO - Processing /home/airflow/.local/lib/python3.7/site-packages/airflow/example_dags/example_xcomargs.py took 0.047 seconds
[2025-10-06T15:38:58.989+0000] {processor.py:153} INFO - Started process (PID=825) to work on /home/airflow/.local/lib/python3.7/site-packages/airflow/example_dags/example_xcomargs.py
[2025-10-06T15:38:58.989+0000] {processor.py:743} INFO - Processing file /home/airflow/.local/lib/python3.7/site-packages/airflow/example_dags/example_xcomargs.py for tasks to queue
[2025-10-06T15:38:58.989+0000] {logging_mixin.py:137} INFO - [2025-10-06T15:38:58.989+0000] {dagbag.py:538} INFO - Filling up the DagBag from /home/airflow/.local/lib/python3.7/site-packages/airflow/example_dags/example_xcomargs.py
[2025-10-06T15:38:58.999+0000] {processor.py:753} INFO - DAG(s) dict_keys(['example_xcom_args', 'example_xcom_args_with_operators']) retrieved from /home/airflow/.local/lib/python3.7/site-packages/airflow/example_dags/example_xcomargs.py
[2025-10-06T15:38:59.011+0000] {logging_mixin.py:137} INFO - [2025-10-06T15:38:59.011+0000] {dag.py:2690} INFO - Sync 2 DAGs
[2025-10-06T15:38:59.022+0000] {logging_mixin.py:137} INFO - [2025-10-06T15:38:59.022+0000] {dag.py:3441} INFO - Setting next_dagrun for example_xcom_args to None, run_after=None
[2025-10-06T15:38:59.024+0000] {logging_mixin.py:137} INFO - [2025-10-06T15:38:59.024+0000] {dag.py:3441} INFO - Setting next_dagrun for example_xcom_args_with_operators to None, run_after=None
[2025-10-06T15:38:59.031+0000] {processor.py:175} INFO - Processing /home/airflow/.local/lib/python3.7/site-packages/airflow/example_dags/example_xcomargs.py took 0.043 seconds
[2025-10-06T15:39:29.417+0000] {processor.py:153} INFO - Started process (PID=924) to work on /home/airflow/.local/lib/python3.7/site-packages/airflow/example_dags/example_xcomargs.py
[2025-10-06T15:39:29.417+0000] {processor.py:743} INFO - Processing file /home/airflow/.local/lib/python3.7/site-packages/airflow/example_dags/example_xcomargs.py for tasks to queue
[2025-10-06T15:39:29.418+0000] {logging_mixin.py:137} INFO - [2025-10-06T15:39:29.418+0000] {dagbag.py:538} INFO - Filling up the DagBag from /home/airflow/.local/lib/python3.7/site-packages/airflow/example_dags/example_xcomargs.py
[2025-10-06T15:39:29.429+0000] {processor.py:753} INFO - DAG(s) dict_keys(['example_xcom_args', 'example_xcom_args_with_operators']) retrieved from /home/airflow/.local/lib/python3.7/site-packages/airflow/example_dags/example_xcomargs.py
[2025-10-06T15:39:29.442+0000] {logging_mixin.py:137} INFO - [2025-10-06T15:39:29.442+0000] {dag.py:2690} INFO - Sync 2 DAGs
[2025-10-06T15:39:29.452+0000] {logging_mixin.py:137} INFO - [2025-10-06T15:39:29.452+0000] {dag.py:3441} INFO - Setting next_dagrun for example_xcom_args to None, run_after=None
[2025-10-06T15:39:29.455+0000] {logging_mixin.py:137} INFO - [2025-10-06T15:39:29.454+0000] {dag.py:3441} INFO - Setting next_dagrun for example_xcom_args_with_operators to None, run_after=None
[2025-10-06T15:39:29.463+0000] {processor.py:175} INFO - Processing /home/airflow/.local/lib/python3.7/site-packages/airflow/example_dags/example_xcomargs.py took 0.048 seconds
[2025-10-06T15:39:59.731+0000] {processor.py:153} INFO - Started process (PID=1023) to work on /home/airflow/.local/lib/python3.7/site-packages/airflow/example_dags/example_xcomargs.py
[2025-10-06T15:39:59.731+0000] {processor.py:743} INFO - Processing file /home/airflow/.local/lib/python3.7/site-packages/airflow/example_dags/example_xcomargs.py for tasks to queue
[2025-10-06T15:39:59.732+0000] {logging_mixin.py:137} INFO - [2025-10-06T15:39:59.732+0000] {dagbag.py:538} INFO - Filling up the DagBag from /home/airflow/.local/lib/python3.7/site-packages/airflow/example_dags/example_xcomargs.py
[2025-10-06T15:39:59.742+0000] {processor.py:753} INFO - DAG(s) dict_keys(['example_xcom_args', 'example_xcom_args_with_operators']) retrieved from /home/airflow/.local/lib/python3.7/site-packages/airflow/example_dags/example_xcomargs.py
[2025-10-06T15:39:59.753+0000] {logging_mixin.py:137} INFO - [2025-10-06T15:39:59.753+0000] {dag.py:2690} INFO - Sync 2 DAGs
[2025-10-06T15:39:59.763+0000] {logging_mixin.py:137} INFO - [2025-10-06T15:39:59.763+0000] {dag.py:3441} INFO - Setting next_dagrun for example_xcom_args to None, run_after=None
[2025-10-06T15:39:59.764+0000] {logging_mixin.py:137} INFO - [2025-10-06T15:39:59.764+0000] {dag.py:3441} INFO - Setting next_dagrun for example_xcom_args_with_operators to None, run_after=None
[2025-10-06T15:39:59.771+0000] {processor.py:175} INFO - Processing /home/airflow/.local/lib/python3.7/site-packages/airflow/example_dags/example_xcomargs.py took 0.041 seconds
[2025-10-06T15:40:29.901+0000] {processor.py:153} INFO - Started process (PID=1102) to work on /home/airflow/.local/lib/python3.7/site-packages/airflow/example_dags/example_xcomargs.py
[2025-10-06T15:40:29.902+0000] {processor.py:743} INFO - Processing file /home/airflow/.local/lib/python3.7/site-packages/airflow/example_dags/example_xcomargs.py for tasks to queue
[2025-10-06T15:40:29.903+0000] {logging_mixin.py:137} INFO - [2025-10-06T15:40:29.903+0000] {dagbag.py:538} INFO - Filling up the DagBag from /home/airflow/.local/lib/python3.7/site-packages/airflow/example_dags/example_xcomargs.py
[2025-10-06T15:40:29.914+0000] {processor.py:753} INFO - DAG(s) dict_keys(['example_xcom_args_with_operators', 'example_xcom_args']) retrieved from /home/airflow/.local/lib/python3.7/site-packages/airflow/example_dags/example_xcomargs.py
[2025-10-06T15:40:29.925+0000] {logging_mixin.py:137} INFO - [2025-10-06T15:40:29.925+0000] {dag.py:2690} INFO - Sync 2 DAGs
[2025-10-06T15:40:29.935+0000] {logging_mixin.py:137} INFO - [2025-10-06T15:40:29.935+0000] {dag.py:3441} INFO - Setting next_dagrun for example_xcom_args to None, run_after=None
[2025-10-06T15:40:29.937+0000] {logging_mixin.py:137} INFO - [2025-10-06T15:40:29.937+0000] {dag.py:3441} INFO - Setting next_dagrun for example_xcom_args_with_operators to None, run_after=None
[2025-10-06T15:40:29.943+0000] {processor.py:175} INFO - Processing /home/airflow/.local/lib/python3.7/site-packages/airflow/example_dags/example_xcomargs.py took 0.043 seconds
[2025-10-06T15:41:00.185+0000] {processor.py:153} INFO - Started process (PID=1201) to work on /home/airflow/.local/lib/python3.7/site-packages/airflow/example_dags/example_xcomargs.py
[2025-10-06T15:41:00.189+0000] {processor.py:743} INFO - Processing file /home/airflow/.local/lib/python3.7/site-packages/airflow/example_dags/example_xcomargs.py for tasks to queue
[2025-10-06T15:41:00.189+0000] {logging_mixin.py:137} INFO - [2025-10-06T15:41:00.189+0000] {dagbag.py:538} INFO - Filling up the DagBag from /home/airflow/.local/lib/python3.7/site-packages/airflow/example_dags/example_xcomargs.py
[2025-10-06T15:41:00.199+0000] {processor.py:753} INFO - DAG(s) dict_keys(['example_xcom_args', 'example_xcom_args_with_operators']) retrieved from /home/airflow/.local/lib/python3.7/site-packages/airflow/example_dags/example_xcomargs.py
[2025-10-06T15:41:00.211+0000] {logging_mixin.py:137} INFO - [2025-10-06T15:41:00.211+0000] {dag.py:2690} INFO - Sync 2 DAGs
[2025-10-06T15:41:00.222+0000] {logging_mixin.py:137} INFO - [2025-10-06T15:41:00.222+0000] {dag.py:3441} INFO - Setting next_dagrun for example_xcom_args to None, run_after=None
[2025-10-06T15:41:00.225+0000] {logging_mixin.py:137} INFO - [2025-10-06T15:41:00.225+0000] {dag.py:3441} INFO - Setting next_dagrun for example_xcom_args_with_operators to None, run_after=None
[2025-10-06T15:41:00.232+0000] {processor.py:175} INFO - Processing /home/airflow/.local/lib/python3.7/site-packages/airflow/example_dags/example_xcomargs.py took 0.048 seconds
[2025-10-06T15:41:30.461+0000] {processor.py:153} INFO - Started process (PID=1300) to work on /home/airflow/.local/lib/python3.7/site-packages/airflow/example_dags/example_xcomargs.py
[2025-10-06T15:41:30.461+0000] {processor.py:743} INFO - Processing file /home/airflow/.local/lib/python3.7/site-packages/airflow/example_dags/example_xcomargs.py for tasks to queue
[2025-10-06T15:41:30.463+0000] {logging_mixin.py:137} INFO - [2025-10-06T15:41:30.462+0000] {dagbag.py:538} INFO - Filling up the DagBag from /home/airflow/.local/lib/python3.7/site-packages/airflow/example_dags/example_xcomargs.py
[2025-10-06T15:41:30.473+0000] {processor.py:753} INFO - DAG(s) dict_keys(['example_xcom_args', 'example_xcom_args_with_operators']) retrieved from /home/airflow/.local/lib/python3.7/site-packages/airflow/example_dags/example_xcomargs.py
[2025-10-06T15:41:30.484+0000] {logging_mixin.py:137} INFO - [2025-10-06T15:41:30.484+0000] {dag.py:2690} INFO - Sync 2 DAGs
[2025-10-06T15:41:30.494+0000] {logging_mixin.py:137} INFO - [2025-10-06T15:41:30.494+0000] {dag.py:3441} INFO - Setting next_dagrun for example_xcom_args to None, run_after=None
[2025-10-06T15:41:30.495+0000] {logging_mixin.py:137} INFO - [2025-10-06T15:41:30.495+0000] {dag.py:3441} INFO - Setting next_dagrun for example_xcom_args_with_operators to None, run_after=None
[2025-10-06T15:41:30.502+0000] {processor.py:175} INFO - Processing /home/airflow/.local/lib/python3.7/site-packages/airflow/example_dags/example_xcomargs.py took 0.042 seconds
[2025-10-06T15:42:00.842+0000] {processor.py:153} INFO - Started process (PID=1399) to work on /home/airflow/.local/lib/python3.7/site-packages/airflow/example_dags/example_xcomargs.py
[2025-10-06T15:42:00.843+0000] {processor.py:743} INFO - Processing file /home/airflow/.local/lib/python3.7/site-packages/airflow/example_dags/example_xcomargs.py for tasks to queue
[2025-10-06T15:42:00.843+0000] {logging_mixin.py:137} INFO - [2025-10-06T15:42:00.843+0000] {dagbag.py:538} INFO - Filling up the DagBag from /home/airflow/.local/lib/python3.7/site-packages/airflow/example_dags/example_xcomargs.py
[2025-10-06T15:42:00.855+0000] {processor.py:753} INFO - DAG(s) dict_keys(['example_xcom_args_with_operators', 'example_xcom_args']) retrieved from /home/airflow/.local/lib/python3.7/site-packages/airflow/example_dags/example_xcomargs.py
[2025-10-06T15:42:00.867+0000] {logging_mixin.py:137} INFO - [2025-10-06T15:42:00.867+0000] {dag.py:2690} INFO - Sync 2 DAGs
[2025-10-06T15:42:00.876+0000] {logging_mixin.py:137} INFO - [2025-10-06T15:42:00.876+0000] {dag.py:3441} INFO - Setting next_dagrun for example_xcom_args to None, run_after=None
[2025-10-06T15:42:00.878+0000] {logging_mixin.py:137} INFO - [2025-10-06T15:42:00.878+0000] {dag.py:3441} INFO - Setting next_dagrun for example_xcom_args_with_operators to None, run_after=None
[2025-10-06T15:42:00.884+0000] {processor.py:175} INFO - Processing /home/airflow/.local/lib/python3.7/site-packages/airflow/example_dags/example_xcomargs.py took 0.044 seconds
[2025-10-06T15:42:31.116+0000] {processor.py:153} INFO - Started process (PID=1478) to work on /home/airflow/.local/lib/python3.7/site-packages/airflow/example_dags/example_xcomargs.py
[2025-10-06T15:42:31.116+0000] {processor.py:743} INFO - Processing file /home/airflow/.local/lib/python3.7/site-packages/airflow/example_dags/example_xcomargs.py for tasks to queue
[2025-10-06T15:42:31.117+0000] {logging_mixin.py:137} INFO - [2025-10-06T15:42:31.117+0000] {dagbag.py:538} INFO - Filling up the DagBag from /home/airflow/.local/lib/python3.7/site-packages/airflow/example_dags/example_xcomargs.py
[2025-10-06T15:42:31.126+0000] {processor.py:753} INFO - DAG(s) dict_keys(['example_xcom_args', 'example_xcom_args_with_operators']) retrieved from /home/airflow/.local/lib/python3.7/site-packages/airflow/example_dags/example_xcomargs.py
[2025-10-06T15:42:31.137+0000] {logging_mixin.py:137} INFO - [2025-10-06T15:42:31.137+0000] {dag.py:2690} INFO - Sync 2 DAGs
[2025-10-06T15:42:31.147+0000] {logging_mixin.py:137} INFO - [2025-10-06T15:42:31.147+0000] {dag.py:3441} INFO - Setting next_dagrun for example_xcom_args to None, run_after=None
[2025-10-06T15:42:31.149+0000] {logging_mixin.py:137} INFO - [2025-10-06T15:42:31.149+0000] {dag.py:3441} INFO - Setting next_dagrun for example_xcom_args_with_operators to None, run_after=None
[2025-10-06T15:42:31.155+0000] {processor.py:175} INFO - Processing /home/airflow/.local/lib/python3.7/site-packages/airflow/example_dags/example_xcomargs.py took 0.041 seconds
[2025-10-06T15:43:01.334+0000] {processor.py:153} INFO - Started process (PID=1578) to work on /home/airflow/.local/lib/python3.7/site-packages/airflow/example_dags/example_xcomargs.py
[2025-10-06T15:43:01.335+0000] {processor.py:743} INFO - Processing file /home/airflow/.local/lib/python3.7/site-packages/airflow/example_dags/example_xcomargs.py for tasks to queue
[2025-10-06T15:43:01.335+0000] {logging_mixin.py:137} INFO - [2025-10-06T15:43:01.335+0000] {dagbag.py:538} INFO - Filling up the DagBag from /home/airflow/.local/lib/python3.7/site-packages/airflow/example_dags/example_xcomargs.py
[2025-10-06T15:43:01.349+0000] {processor.py:753} INFO - DAG(s) dict_keys(['example_xcom_args_with_operators', 'example_xcom_args']) retrieved from /home/airflow/.local/lib/python3.7/site-packages/airflow/example_dags/example_xcomargs.py
[2025-10-06T15:43:01.362+0000] {logging_mixin.py:137} INFO - [2025-10-06T15:43:01.362+0000] {dag.py:2690} INFO - Sync 2 DAGs
[2025-10-06T15:43:01.372+0000] {logging_mixin.py:137} INFO - [2025-10-06T15:43:01.372+0000] {dag.py:3441} INFO - Setting next_dagrun for example_xcom_args to None, run_after=None
[2025-10-06T15:43:01.375+0000] {logging_mixin.py:137} INFO - [2025-10-06T15:43:01.375+0000] {dag.py:3441} INFO - Setting next_dagrun for example_xcom_args_with_operators to None, run_after=None
[2025-10-06T15:43:01.382+0000] {processor.py:175} INFO - Processing /home/airflow/.local/lib/python3.7/site-packages/airflow/example_dags/example_xcomargs.py took 0.049 seconds
[2025-10-06T15:43:31.674+0000] {processor.py:153} INFO - Started process (PID=1677) to work on /home/airflow/.local/lib/python3.7/site-packages/airflow/example_dags/example_xcomargs.py
[2025-10-06T15:43:31.674+0000] {processor.py:743} INFO - Processing file /home/airflow/.local/lib/python3.7/site-packages/airflow/example_dags/example_xcomargs.py for tasks to queue
[2025-10-06T15:43:31.675+0000] {logging_mixin.py:137} INFO - [2025-10-06T15:43:31.675+0000] {dagbag.py:538} INFO - Filling up the DagBag from /home/airflow/.local/lib/python3.7/site-packages/airflow/example_dags/example_xcomargs.py
[2025-10-06T15:43:31.687+0000] {processor.py:753} INFO - DAG(s) dict_keys(['example_xcom_args_with_operators', 'example_xcom_args']) retrieved from /home/airflow/.local/lib/python3.7/site-packages/airflow/example_dags/example_xcomargs.py
[2025-10-06T15:43:31.698+0000] {logging_mixin.py:137} INFO - [2025-10-06T15:43:31.698+0000] {dag.py:2690} INFO - Sync 2 DAGs
[2025-10-06T15:43:31.708+0000] {logging_mixin.py:137} INFO - [2025-10-06T15:43:31.708+0000] {dag.py:3441} INFO - Setting next_dagrun for example_xcom_args to None, run_after=None
[2025-10-06T15:43:31.709+0000] {logging_mixin.py:137} INFO - [2025-10-06T15:43:31.709+0000] {dag.py:3441} INFO - Setting next_dagrun for example_xcom_args_with_operators to None, run_after=None
[2025-10-06T15:43:31.716+0000] {processor.py:175} INFO - Processing /home/airflow/.local/lib/python3.7/site-packages/airflow/example_dags/example_xcomargs.py took 0.044 seconds
[2025-10-06T15:44:02.101+0000] {processor.py:153} INFO - Started process (PID=1776) to work on /home/airflow/.local/lib/python3.7/site-packages/airflow/example_dags/example_xcomargs.py
[2025-10-06T15:44:02.102+0000] {processor.py:743} INFO - Processing file /home/airflow/.local/lib/python3.7/site-packages/airflow/example_dags/example_xcomargs.py for tasks to queue
[2025-10-06T15:44:02.104+0000] {logging_mixin.py:137} INFO - [2025-10-06T15:44:02.104+0000] {dagbag.py:538} INFO - Filling up the DagBag from /home/airflow/.local/lib/python3.7/site-packages/airflow/example_dags/example_xcomargs.py
[2025-10-06T15:44:02.114+0000] {processor.py:753} INFO - DAG(s) dict_keys(['example_xcom_args', 'example_xcom_args_with_operators']) retrieved from /home/airflow/.local/lib/python3.7/site-packages/airflow/example_dags/example_xcomargs.py
[2025-10-06T15:44:02.125+0000] {logging_mixin.py:137} INFO - [2025-10-06T15:44:02.125+0000] {dag.py:2690} INFO - Sync 2 DAGs
[2025-10-06T15:44:02.135+0000] {logging_mixin.py:137} INFO - [2025-10-06T15:44:02.135+0000] {dag.py:3441} INFO - Setting next_dagrun for example_xcom_args to None, run_after=None
[2025-10-06T15:44:02.136+0000] {logging_mixin.py:137} INFO - [2025-10-06T15:44:02.136+0000] {dag.py:3441} INFO - Setting next_dagrun for example_xcom_args_with_operators to None, run_after=None
[2025-10-06T15:44:02.143+0000] {processor.py:175} INFO - Processing /home/airflow/.local/lib/python3.7/site-packages/airflow/example_dags/example_xcomargs.py took 0.043 seconds
[2025-10-06T15:44:32.466+0000] {processor.py:153} INFO - Started process (PID=1855) to work on /home/airflow/.local/lib/python3.7/site-packages/airflow/example_dags/example_xcomargs.py
[2025-10-06T15:44:32.466+0000] {processor.py:743} INFO - Processing file /home/airflow/.local/lib/python3.7/site-packages/airflow/example_dags/example_xcomargs.py for tasks to queue
[2025-10-06T15:44:32.467+0000] {logging_mixin.py:137} INFO - [2025-10-06T15:44:32.467+0000] {dagbag.py:538} INFO - Filling up the DagBag from /home/airflow/.local/lib/python3.7/site-packages/airflow/example_dags/example_xcomargs.py
[2025-10-06T15:44:32.477+0000] {processor.py:753} INFO - DAG(s) dict_keys(['example_xcom_args', 'example_xcom_args_with_operators']) retrieved from /home/airflow/.local/lib/python3.7/site-packages/airflow/example_dags/example_xcomargs.py
[2025-10-06T15:44:32.489+0000] {logging_mixin.py:137} INFO - [2025-10-06T15:44:32.489+0000] {dag.py:2690} INFO - Sync 2 DAGs
[2025-10-06T15:44:32.500+0000] {logging_mixin.py:137} INFO - [2025-10-06T15:44:32.500+0000] {dag.py:3441} INFO - Setting next_dagrun for example_xcom_args to None, run_after=None
[2025-10-06T15:44:32.501+0000] {logging_mixin.py:137} INFO - [2025-10-06T15:44:32.501+0000] {dag.py:3441} INFO - Setting next_dagrun for example_xcom_args_with_operators to None, run_after=None
[2025-10-06T15:44:32.507+0000] {processor.py:175} INFO - Processing /home/airflow/.local/lib/python3.7/site-packages/airflow/example_dags/example_xcomargs.py took 0.043 seconds
[2025-10-06T15:45:02.824+0000] {processor.py:153} INFO - Started process (PID=1954) to work on /home/airflow/.local/lib/python3.7/site-packages/airflow/example_dags/example_xcomargs.py
[2025-10-06T15:45:02.825+0000] {processor.py:743} INFO - Processing file /home/airflow/.local/lib/python3.7/site-packages/airflow/example_dags/example_xcomargs.py for tasks to queue
[2025-10-06T15:45:02.825+0000] {logging_mixin.py:137} INFO - [2025-10-06T15:45:02.825+0000] {dagbag.py:538} INFO - Filling up the DagBag from /home/airflow/.local/lib/python3.7/site-packages/airflow/example_dags/example_xcomargs.py
[2025-10-06T15:45:02.835+0000] {processor.py:753} INFO - DAG(s) dict_keys(['example_xcom_args_with_operators', 'example_xcom_args']) retrieved from /home/airflow/.local/lib/python3.7/site-packages/airflow/example_dags/example_xcomargs.py
[2025-10-06T15:45:02.847+0000] {logging_mixin.py:137} INFO - [2025-10-06T15:45:02.847+0000] {dag.py:2690} INFO - Sync 2 DAGs
[2025-10-06T15:45:02.857+0000] {logging_mixin.py:137} INFO - [2025-10-06T15:45:02.857+0000] {dag.py:3441} INFO - Setting next_dagrun for example_xcom_args to None, run_after=None
[2025-10-06T15:45:02.859+0000] {logging_mixin.py:137} INFO - [2025-10-06T15:45:02.859+0000] {dag.py:3441} INFO - Setting next_dagrun for example_xcom_args_with_operators to None, run_after=None
[2025-10-06T15:45:02.865+0000] {processor.py:175} INFO - Processing /home/airflow/.local/lib/python3.7/site-packages/airflow/example_dags/example_xcomargs.py took 0.043 seconds
[2025-10-06T15:45:33.102+0000] {processor.py:153} INFO - Started process (PID=2053) to work on /home/airflow/.local/lib/python3.7/site-packages/airflow/example_dags/example_xcomargs.py
[2025-10-06T15:45:33.103+0000] {processor.py:743} INFO - Processing file /home/airflow/.local/lib/python3.7/site-packages/airflow/example_dags/example_xcomargs.py for tasks to queue
[2025-10-06T15:45:33.104+0000] {logging_mixin.py:137} INFO - [2025-10-06T15:45:33.104+0000] {dagbag.py:538} INFO - Filling up the DagBag from /home/airflow/.local/lib/python3.7/site-packages/airflow/example_dags/example_xcomargs.py
[2025-10-06T15:45:33.114+0000] {processor.py:753} INFO - DAG(s) dict_keys(['example_xcom_args', 'example_xcom_args_with_operators']) retrieved from /home/airflow/.local/lib/python3.7/site-packages/airflow/example_dags/example_xcomargs.py
[2025-10-06T15:45:33.127+0000] {logging_mixin.py:137} INFO - [2025-10-06T15:45:33.127+0000] {dag.py:2690} INFO - Sync 2 DAGs
[2025-10-06T15:45:33.137+0000] {logging_mixin.py:137} INFO - [2025-10-06T15:45:33.137+0000] {dag.py:3441} INFO - Setting next_dagrun for example_xcom_args to None, run_after=None
[2025-10-06T15:45:33.139+0000] {logging_mixin.py:137} INFO - [2025-10-06T15:45:33.138+0000] {dag.py:3441} INFO - Setting next_dagrun for example_xcom_args_with_operators to None, run_after=None
[2025-10-06T15:45:33.145+0000] {processor.py:175} INFO - Processing /home/airflow/.local/lib/python3.7/site-packages/airflow/example_dags/example_xcomargs.py took 0.044 seconds
[2025-10-06T15:46:03.693+0000] {processor.py:153} INFO - Started process (PID=2152) to work on /home/airflow/.local/lib/python3.7/site-packages/airflow/example_dags/example_xcomargs.py
[2025-10-06T15:46:03.693+0000] {processor.py:743} INFO - Processing file /home/airflow/.local/lib/python3.7/site-packages/airflow/example_dags/example_xcomargs.py for tasks to queue
[2025-10-06T15:46:03.693+0000] {logging_mixin.py:137} INFO - [2025-10-06T15:46:03.693+0000] {dagbag.py:538} INFO - Filling up the DagBag from /home/airflow/.local/lib/python3.7/site-packages/airflow/example_dags/example_xcomargs.py
[2025-10-06T15:46:03.706+0000] {processor.py:753} INFO - DAG(s) dict_keys(['example_xcom_args', 'example_xcom_args_with_operators']) retrieved from /home/airflow/.local/lib/python3.7/site-packages/airflow/example_dags/example_xcomargs.py
[2025-10-06T15:46:03.724+0000] {logging_mixin.py:137} INFO - [2025-10-06T15:46:03.724+0000] {dag.py:2690} INFO - Sync 2 DAGs
[2025-10-06T15:46:03.739+0000] {logging_mixin.py:137} INFO - [2025-10-06T15:46:03.739+0000] {dag.py:3441} INFO - Setting next_dagrun for example_xcom_args to None, run_after=None
[2025-10-06T15:46:03.741+0000] {logging_mixin.py:137} INFO - [2025-10-06T15:46:03.741+0000] {dag.py:3441} INFO - Setting next_dagrun for example_xcom_args_with_operators to None, run_after=None
[2025-10-06T15:46:03.750+0000] {processor.py:175} INFO - Processing /home/airflow/.local/lib/python3.7/site-packages/airflow/example_dags/example_xcomargs.py took 0.059 seconds
[2025-10-06T15:46:34.182+0000] {processor.py:153} INFO - Started process (PID=2231) to work on /home/airflow/.local/lib/python3.7/site-packages/airflow/example_dags/example_xcomargs.py
[2025-10-06T15:46:34.182+0000] {processor.py:743} INFO - Processing file /home/airflow/.local/lib/python3.7/site-packages/airflow/example_dags/example_xcomargs.py for tasks to queue
[2025-10-06T15:46:34.182+0000] {logging_mixin.py:137} INFO - [2025-10-06T15:46:34.182+0000] {dagbag.py:538} INFO - Filling up the DagBag from /home/airflow/.local/lib/python3.7/site-packages/airflow/example_dags/example_xcomargs.py
[2025-10-06T15:46:34.194+0000] {processor.py:753} INFO - DAG(s) dict_keys(['example_xcom_args_with_operators', 'example_xcom_args']) retrieved from /home/airflow/.local/lib/python3.7/site-packages/airflow/example_dags/example_xcomargs.py
[2025-10-06T15:46:34.206+0000] {logging_mixin.py:137} INFO - [2025-10-06T15:46:34.206+0000] {dag.py:2690} INFO - Sync 2 DAGs
[2025-10-06T15:46:34.217+0000] {logging_mixin.py:137} INFO - [2025-10-06T15:46:34.217+0000] {dag.py:3441} INFO - Setting next_dagrun for example_xcom_args to None, run_after=None
[2025-10-06T15:46:34.221+0000] {logging_mixin.py:137} INFO - [2025-10-06T15:46:34.221+0000] {dag.py:3441} INFO - Setting next_dagrun for example_xcom_args_with_operators to None, run_after=None
[2025-10-06T15:46:34.227+0000] {processor.py:175} INFO - Processing /home/airflow/.local/lib/python3.7/site-packages/airflow/example_dags/example_xcomargs.py took 0.047 seconds
