[2025-10-06T15:34:55.627+0000] {processor.py:153} INFO - Started process (PID=75) to work on /home/airflow/.local/lib/python3.7/site-packages/airflow/example_dags/example_branch_datetime_operator.py
[2025-10-06T15:34:55.627+0000] {processor.py:743} INFO - Processing file /home/airflow/.local/lib/python3.7/site-packages/airflow/example_dags/example_branch_datetime_operator.py for tasks to queue
[2025-10-06T15:34:55.628+0000] {logging_mixin.py:137} INFO - [2025-10-06T15:34:55.628+0000] {dagbag.py:538} INFO - Filling up the DagBag from /home/airflow/.local/lib/python3.7/site-packages/airflow/example_dags/example_branch_datetime_operator.py
[2025-10-06T15:34:55.639+0000] {processor.py:753} INFO - DAG(s) dict_keys(['example_branch_datetime_operator_2', 'example_branch_datetime_operator_3', 'example_branch_datetime_operator']) retrieved from /home/airflow/.local/lib/python3.7/site-packages/airflow/example_dags/example_branch_datetime_operator.py
[2025-10-06T15:34:55.646+0000] {logging_mixin.py:137} INFO - [2025-10-06T15:34:55.646+0000] {dag.py:2690} INFO - Sync 3 DAGs
[2025-10-06T15:34:55.660+0000] {logging_mixin.py:137} INFO - [2025-10-06T15:34:55.660+0000] {dag.py:3441} INFO - Setting next_dagrun for example_branch_datetime_operator to 2025-10-05T00:00:00+00:00, run_after=2025-10-06T00:00:00+00:00
[2025-10-06T15:34:55.662+0000] {logging_mixin.py:137} INFO - [2025-10-06T15:34:55.662+0000] {dag.py:3441} INFO - Setting next_dagrun for example_branch_datetime_operator_2 to 2025-10-05T00:00:00+00:00, run_after=2025-10-06T00:00:00+00:00
[2025-10-06T15:34:55.663+0000] {logging_mixin.py:137} INFO - [2025-10-06T15:34:55.663+0000] {dag.py:3441} INFO - Setting next_dagrun for example_branch_datetime_operator_3 to 2025-10-05T00:00:00+00:00, run_after=2025-10-06T00:00:00+00:00
[2025-10-06T15:34:55.674+0000] {processor.py:175} INFO - Processing /home/airflow/.local/lib/python3.7/site-packages/airflow/example_dags/example_branch_datetime_operator.py took 0.050 seconds
[2025-10-06T15:35:26.054+0000] {processor.py:153} INFO - Started process (PID=174) to work on /home/airflow/.local/lib/python3.7/site-packages/airflow/example_dags/example_branch_datetime_operator.py
[2025-10-06T15:35:26.056+0000] {processor.py:743} INFO - Processing file /home/airflow/.local/lib/python3.7/site-packages/airflow/example_dags/example_branch_datetime_operator.py for tasks to queue
[2025-10-06T15:35:26.057+0000] {logging_mixin.py:137} INFO - [2025-10-06T15:35:26.057+0000] {dagbag.py:538} INFO - Filling up the DagBag from /home/airflow/.local/lib/python3.7/site-packages/airflow/example_dags/example_branch_datetime_operator.py
[2025-10-06T15:35:26.065+0000] {processor.py:753} INFO - DAG(s) dict_keys(['example_branch_datetime_operator_3', 'example_branch_datetime_operator_2', 'example_branch_datetime_operator']) retrieved from /home/airflow/.local/lib/python3.7/site-packages/airflow/example_dags/example_branch_datetime_operator.py
[2025-10-06T15:35:26.078+0000] {logging_mixin.py:137} INFO - [2025-10-06T15:35:26.078+0000] {dag.py:2690} INFO - Sync 3 DAGs
[2025-10-06T15:35:26.090+0000] {logging_mixin.py:137} INFO - [2025-10-06T15:35:26.090+0000] {dag.py:3441} INFO - Setting next_dagrun for example_branch_datetime_operator to 2025-10-05T00:00:00+00:00, run_after=2025-10-06T00:00:00+00:00
[2025-10-06T15:35:26.092+0000] {logging_mixin.py:137} INFO - [2025-10-06T15:35:26.092+0000] {dag.py:3441} INFO - Setting next_dagrun for example_branch_datetime_operator_2 to 2025-10-05T00:00:00+00:00, run_after=2025-10-06T00:00:00+00:00
[2025-10-06T15:35:26.093+0000] {logging_mixin.py:137} INFO - [2025-10-06T15:35:26.093+0000] {dag.py:3441} INFO - Setting next_dagrun for example_branch_datetime_operator_3 to 2025-10-05T00:00:00+00:00, run_after=2025-10-06T00:00:00+00:00
[2025-10-06T15:35:26.101+0000] {processor.py:175} INFO - Processing /home/airflow/.local/lib/python3.7/site-packages/airflow/example_dags/example_branch_datetime_operator.py took 0.048 seconds
[2025-10-06T15:35:56.519+0000] {processor.py:153} INFO - Started process (PID=273) to work on /home/airflow/.local/lib/python3.7/site-packages/airflow/example_dags/example_branch_datetime_operator.py
[2025-10-06T15:35:56.520+0000] {processor.py:743} INFO - Processing file /home/airflow/.local/lib/python3.7/site-packages/airflow/example_dags/example_branch_datetime_operator.py for tasks to queue
[2025-10-06T15:35:56.520+0000] {logging_mixin.py:137} INFO - [2025-10-06T15:35:56.520+0000] {dagbag.py:538} INFO - Filling up the DagBag from /home/airflow/.local/lib/python3.7/site-packages/airflow/example_dags/example_branch_datetime_operator.py
[2025-10-06T15:35:56.527+0000] {processor.py:753} INFO - DAG(s) dict_keys(['example_branch_datetime_operator_3', 'example_branch_datetime_operator_2', 'example_branch_datetime_operator']) retrieved from /home/airflow/.local/lib/python3.7/site-packages/airflow/example_dags/example_branch_datetime_operator.py
[2025-10-06T15:35:56.539+0000] {logging_mixin.py:137} INFO - [2025-10-06T15:35:56.539+0000] {dag.py:2690} INFO - Sync 3 DAGs
[2025-10-06T15:35:56.551+0000] {logging_mixin.py:137} INFO - [2025-10-06T15:35:56.551+0000] {dag.py:3441} INFO - Setting next_dagrun for example_branch_datetime_operator to 2025-10-05T00:00:00+00:00, run_after=2025-10-06T00:00:00+00:00
[2025-10-06T15:35:56.552+0000] {logging_mixin.py:137} INFO - [2025-10-06T15:35:56.552+0000] {dag.py:3441} INFO - Setting next_dagrun for example_branch_datetime_operator_2 to 2025-10-05T00:00:00+00:00, run_after=2025-10-06T00:00:00+00:00
[2025-10-06T15:35:56.553+0000] {logging_mixin.py:137} INFO - [2025-10-06T15:35:56.553+0000] {dag.py:3441} INFO - Setting next_dagrun for example_branch_datetime_operator_3 to 2025-10-05T00:00:00+00:00, run_after=2025-10-06T00:00:00+00:00
[2025-10-06T15:35:56.562+0000] {processor.py:175} INFO - Processing /home/airflow/.local/lib/python3.7/site-packages/airflow/example_dags/example_branch_datetime_operator.py took 0.044 seconds
[2025-10-06T15:36:26.995+0000] {processor.py:153} INFO - Started process (PID=352) to work on /home/airflow/.local/lib/python3.7/site-packages/airflow/example_dags/example_branch_datetime_operator.py
[2025-10-06T15:36:26.997+0000] {processor.py:743} INFO - Processing file /home/airflow/.local/lib/python3.7/site-packages/airflow/example_dags/example_branch_datetime_operator.py for tasks to queue
[2025-10-06T15:36:26.998+0000] {logging_mixin.py:137} INFO - [2025-10-06T15:36:26.998+0000] {dagbag.py:538} INFO - Filling up the DagBag from /home/airflow/.local/lib/python3.7/site-packages/airflow/example_dags/example_branch_datetime_operator.py
[2025-10-06T15:36:27.005+0000] {processor.py:753} INFO - DAG(s) dict_keys(['example_branch_datetime_operator', 'example_branch_datetime_operator_3', 'example_branch_datetime_operator_2']) retrieved from /home/airflow/.local/lib/python3.7/site-packages/airflow/example_dags/example_branch_datetime_operator.py
[2025-10-06T15:36:27.019+0000] {logging_mixin.py:137} INFO - [2025-10-06T15:36:27.019+0000] {dag.py:2690} INFO - Sync 3 DAGs
[2025-10-06T15:36:27.030+0000] {logging_mixin.py:137} INFO - [2025-10-06T15:36:27.030+0000] {dag.py:3441} INFO - Setting next_dagrun for example_branch_datetime_operator to 2025-10-05T00:00:00+00:00, run_after=2025-10-06T00:00:00+00:00
[2025-10-06T15:36:27.034+0000] {logging_mixin.py:137} INFO - [2025-10-06T15:36:27.034+0000] {dag.py:3441} INFO - Setting next_dagrun for example_branch_datetime_operator_2 to 2025-10-05T00:00:00+00:00, run_after=2025-10-06T00:00:00+00:00
[2025-10-06T15:36:27.035+0000] {logging_mixin.py:137} INFO - [2025-10-06T15:36:27.035+0000] {dag.py:3441} INFO - Setting next_dagrun for example_branch_datetime_operator_3 to 2025-10-05T00:00:00+00:00, run_after=2025-10-06T00:00:00+00:00
[2025-10-06T15:36:27.044+0000] {processor.py:175} INFO - Processing /home/airflow/.local/lib/python3.7/site-packages/airflow/example_dags/example_branch_datetime_operator.py took 0.050 seconds
[2025-10-06T15:36:57.458+0000] {processor.py:153} INFO - Started process (PID=451) to work on /home/airflow/.local/lib/python3.7/site-packages/airflow/example_dags/example_branch_datetime_operator.py
[2025-10-06T15:36:57.459+0000] {processor.py:743} INFO - Processing file /home/airflow/.local/lib/python3.7/site-packages/airflow/example_dags/example_branch_datetime_operator.py for tasks to queue
[2025-10-06T15:36:57.459+0000] {logging_mixin.py:137} INFO - [2025-10-06T15:36:57.459+0000] {dagbag.py:538} INFO - Filling up the DagBag from /home/airflow/.local/lib/python3.7/site-packages/airflow/example_dags/example_branch_datetime_operator.py
[2025-10-06T15:36:57.468+0000] {processor.py:753} INFO - DAG(s) dict_keys(['example_branch_datetime_operator', 'example_branch_datetime_operator_3', 'example_branch_datetime_operator_2']) retrieved from /home/airflow/.local/lib/python3.7/site-packages/airflow/example_dags/example_branch_datetime_operator.py
[2025-10-06T15:36:57.487+0000] {logging_mixin.py:137} INFO - [2025-10-06T15:36:57.487+0000] {dag.py:2690} INFO - Sync 3 DAGs
[2025-10-06T15:36:57.500+0000] {logging_mixin.py:137} INFO - [2025-10-06T15:36:57.500+0000] {dag.py:3441} INFO - Setting next_dagrun for example_branch_datetime_operator to 2025-10-05T00:00:00+00:00, run_after=2025-10-06T00:00:00+00:00
[2025-10-06T15:36:57.502+0000] {logging_mixin.py:137} INFO - [2025-10-06T15:36:57.501+0000] {dag.py:3441} INFO - Setting next_dagrun for example_branch_datetime_operator_2 to 2025-10-05T00:00:00+00:00, run_after=2025-10-06T00:00:00+00:00
[2025-10-06T15:36:57.502+0000] {logging_mixin.py:137} INFO - [2025-10-06T15:36:57.502+0000] {dag.py:3441} INFO - Setting next_dagrun for example_branch_datetime_operator_3 to 2025-10-05T00:00:00+00:00, run_after=2025-10-06T00:00:00+00:00
[2025-10-06T15:36:57.509+0000] {processor.py:175} INFO - Processing /home/airflow/.local/lib/python3.7/site-packages/airflow/example_dags/example_branch_datetime_operator.py took 0.052 seconds
[2025-10-06T15:37:27.843+0000] {processor.py:153} INFO - Started process (PID=550) to work on /home/airflow/.local/lib/python3.7/site-packages/airflow/example_dags/example_branch_datetime_operator.py
[2025-10-06T15:37:27.845+0000] {processor.py:743} INFO - Processing file /home/airflow/.local/lib/python3.7/site-packages/airflow/example_dags/example_branch_datetime_operator.py for tasks to queue
[2025-10-06T15:37:27.846+0000] {logging_mixin.py:137} INFO - [2025-10-06T15:37:27.846+0000] {dagbag.py:538} INFO - Filling up the DagBag from /home/airflow/.local/lib/python3.7/site-packages/airflow/example_dags/example_branch_datetime_operator.py
[2025-10-06T15:37:27.853+0000] {processor.py:753} INFO - DAG(s) dict_keys(['example_branch_datetime_operator_3', 'example_branch_datetime_operator_2', 'example_branch_datetime_operator']) retrieved from /home/airflow/.local/lib/python3.7/site-packages/airflow/example_dags/example_branch_datetime_operator.py
[2025-10-06T15:37:27.867+0000] {logging_mixin.py:137} INFO - [2025-10-06T15:37:27.867+0000] {dag.py:2690} INFO - Sync 3 DAGs
[2025-10-06T15:37:27.878+0000] {logging_mixin.py:137} INFO - [2025-10-06T15:37:27.878+0000] {dag.py:3441} INFO - Setting next_dagrun for example_branch_datetime_operator to 2025-10-05T00:00:00+00:00, run_after=2025-10-06T00:00:00+00:00
[2025-10-06T15:37:27.881+0000] {logging_mixin.py:137} INFO - [2025-10-06T15:37:27.881+0000] {dag.py:3441} INFO - Setting next_dagrun for example_branch_datetime_operator_2 to 2025-10-05T00:00:00+00:00, run_after=2025-10-06T00:00:00+00:00
[2025-10-06T15:37:27.884+0000] {logging_mixin.py:137} INFO - [2025-10-06T15:37:27.884+0000] {dag.py:3441} INFO - Setting next_dagrun for example_branch_datetime_operator_3 to 2025-10-05T00:00:00+00:00, run_after=2025-10-06T00:00:00+00:00
[2025-10-06T15:37:27.890+0000] {processor.py:175} INFO - Processing /home/airflow/.local/lib/python3.7/site-packages/airflow/example_dags/example_branch_datetime_operator.py took 0.049 seconds
[2025-10-06T15:37:58.211+0000] {processor.py:153} INFO - Started process (PID=649) to work on /home/airflow/.local/lib/python3.7/site-packages/airflow/example_dags/example_branch_datetime_operator.py
[2025-10-06T15:37:58.212+0000] {processor.py:743} INFO - Processing file /home/airflow/.local/lib/python3.7/site-packages/airflow/example_dags/example_branch_datetime_operator.py for tasks to queue
[2025-10-06T15:37:58.213+0000] {logging_mixin.py:137} INFO - [2025-10-06T15:37:58.213+0000] {dagbag.py:538} INFO - Filling up the DagBag from /home/airflow/.local/lib/python3.7/site-packages/airflow/example_dags/example_branch_datetime_operator.py
[2025-10-06T15:37:58.221+0000] {processor.py:753} INFO - DAG(s) dict_keys(['example_branch_datetime_operator_3', 'example_branch_datetime_operator', 'example_branch_datetime_operator_2']) retrieved from /home/airflow/.local/lib/python3.7/site-packages/airflow/example_dags/example_branch_datetime_operator.py
[2025-10-06T15:37:58.236+0000] {logging_mixin.py:137} INFO - [2025-10-06T15:37:58.236+0000] {dag.py:2690} INFO - Sync 3 DAGs
[2025-10-06T15:37:58.248+0000] {logging_mixin.py:137} INFO - [2025-10-06T15:37:58.248+0000] {dag.py:3441} INFO - Setting next_dagrun for example_branch_datetime_operator to 2025-10-05T00:00:00+00:00, run_after=2025-10-06T00:00:00+00:00
[2025-10-06T15:37:58.250+0000] {logging_mixin.py:137} INFO - [2025-10-06T15:37:58.250+0000] {dag.py:3441} INFO - Setting next_dagrun for example_branch_datetime_operator_2 to 2025-10-05T00:00:00+00:00, run_after=2025-10-06T00:00:00+00:00
[2025-10-06T15:37:58.252+0000] {logging_mixin.py:137} INFO - [2025-10-06T15:37:58.251+0000] {dag.py:3441} INFO - Setting next_dagrun for example_branch_datetime_operator_3 to 2025-10-05T00:00:00+00:00, run_after=2025-10-06T00:00:00+00:00
[2025-10-06T15:37:58.260+0000] {processor.py:175} INFO - Processing /home/airflow/.local/lib/python3.7/site-packages/airflow/example_dags/example_branch_datetime_operator.py took 0.050 seconds
[2025-10-06T15:38:28.631+0000] {processor.py:153} INFO - Started process (PID=728) to work on /home/airflow/.local/lib/python3.7/site-packages/airflow/example_dags/example_branch_datetime_operator.py
[2025-10-06T15:38:28.632+0000] {processor.py:743} INFO - Processing file /home/airflow/.local/lib/python3.7/site-packages/airflow/example_dags/example_branch_datetime_operator.py for tasks to queue
[2025-10-06T15:38:28.633+0000] {logging_mixin.py:137} INFO - [2025-10-06T15:38:28.633+0000] {dagbag.py:538} INFO - Filling up the DagBag from /home/airflow/.local/lib/python3.7/site-packages/airflow/example_dags/example_branch_datetime_operator.py
[2025-10-06T15:38:28.640+0000] {processor.py:753} INFO - DAG(s) dict_keys(['example_branch_datetime_operator', 'example_branch_datetime_operator_3', 'example_branch_datetime_operator_2']) retrieved from /home/airflow/.local/lib/python3.7/site-packages/airflow/example_dags/example_branch_datetime_operator.py
[2025-10-06T15:38:28.653+0000] {logging_mixin.py:137} INFO - [2025-10-06T15:38:28.653+0000] {dag.py:2690} INFO - Sync 3 DAGs
[2025-10-06T15:38:28.667+0000] {logging_mixin.py:137} INFO - [2025-10-06T15:38:28.667+0000] {dag.py:3441} INFO - Setting next_dagrun for example_branch_datetime_operator to 2025-10-05T00:00:00+00:00, run_after=2025-10-06T00:00:00+00:00
[2025-10-06T15:38:28.669+0000] {logging_mixin.py:137} INFO - [2025-10-06T15:38:28.669+0000] {dag.py:3441} INFO - Setting next_dagrun for example_branch_datetime_operator_2 to 2025-10-05T00:00:00+00:00, run_after=2025-10-06T00:00:00+00:00
[2025-10-06T15:38:28.670+0000] {logging_mixin.py:137} INFO - [2025-10-06T15:38:28.670+0000] {dag.py:3441} INFO - Setting next_dagrun for example_branch_datetime_operator_3 to 2025-10-05T00:00:00+00:00, run_after=2025-10-06T00:00:00+00:00
[2025-10-06T15:38:28.679+0000] {processor.py:175} INFO - Processing /home/airflow/.local/lib/python3.7/site-packages/airflow/example_dags/example_branch_datetime_operator.py took 0.049 seconds
[2025-10-06T15:38:59.040+0000] {processor.py:153} INFO - Started process (PID=827) to work on /home/airflow/.local/lib/python3.7/site-packages/airflow/example_dags/example_branch_datetime_operator.py
[2025-10-06T15:38:59.040+0000] {processor.py:743} INFO - Processing file /home/airflow/.local/lib/python3.7/site-packages/airflow/example_dags/example_branch_datetime_operator.py for tasks to queue
[2025-10-06T15:38:59.041+0000] {logging_mixin.py:137} INFO - [2025-10-06T15:38:59.041+0000] {dagbag.py:538} INFO - Filling up the DagBag from /home/airflow/.local/lib/python3.7/site-packages/airflow/example_dags/example_branch_datetime_operator.py
[2025-10-06T15:38:59.048+0000] {processor.py:753} INFO - DAG(s) dict_keys(['example_branch_datetime_operator', 'example_branch_datetime_operator_2', 'example_branch_datetime_operator_3']) retrieved from /home/airflow/.local/lib/python3.7/site-packages/airflow/example_dags/example_branch_datetime_operator.py
[2025-10-06T15:38:59.060+0000] {logging_mixin.py:137} INFO - [2025-10-06T15:38:59.060+0000] {dag.py:2690} INFO - Sync 3 DAGs
[2025-10-06T15:38:59.071+0000] {logging_mixin.py:137} INFO - [2025-10-06T15:38:59.071+0000] {dag.py:3441} INFO - Setting next_dagrun for example_branch_datetime_operator to 2025-10-05T00:00:00+00:00, run_after=2025-10-06T00:00:00+00:00
[2025-10-06T15:38:59.073+0000] {logging_mixin.py:137} INFO - [2025-10-06T15:38:59.073+0000] {dag.py:3441} INFO - Setting next_dagrun for example_branch_datetime_operator_2 to 2025-10-05T00:00:00+00:00, run_after=2025-10-06T00:00:00+00:00
[2025-10-06T15:38:59.074+0000] {logging_mixin.py:137} INFO - [2025-10-06T15:38:59.074+0000] {dag.py:3441} INFO - Setting next_dagrun for example_branch_datetime_operator_3 to 2025-10-05T00:00:00+00:00, run_after=2025-10-06T00:00:00+00:00
[2025-10-06T15:38:59.084+0000] {processor.py:175} INFO - Processing /home/airflow/.local/lib/python3.7/site-packages/airflow/example_dags/example_branch_datetime_operator.py took 0.045 seconds
[2025-10-06T15:39:29.469+0000] {processor.py:153} INFO - Started process (PID=926) to work on /home/airflow/.local/lib/python3.7/site-packages/airflow/example_dags/example_branch_datetime_operator.py
[2025-10-06T15:39:29.469+0000] {processor.py:743} INFO - Processing file /home/airflow/.local/lib/python3.7/site-packages/airflow/example_dags/example_branch_datetime_operator.py for tasks to queue
[2025-10-06T15:39:29.470+0000] {logging_mixin.py:137} INFO - [2025-10-06T15:39:29.470+0000] {dagbag.py:538} INFO - Filling up the DagBag from /home/airflow/.local/lib/python3.7/site-packages/airflow/example_dags/example_branch_datetime_operator.py
[2025-10-06T15:39:29.476+0000] {processor.py:753} INFO - DAG(s) dict_keys(['example_branch_datetime_operator', 'example_branch_datetime_operator_2', 'example_branch_datetime_operator_3']) retrieved from /home/airflow/.local/lib/python3.7/site-packages/airflow/example_dags/example_branch_datetime_operator.py
[2025-10-06T15:39:29.489+0000] {logging_mixin.py:137} INFO - [2025-10-06T15:39:29.489+0000] {dag.py:2690} INFO - Sync 3 DAGs
[2025-10-06T15:39:29.498+0000] {logging_mixin.py:137} INFO - [2025-10-06T15:39:29.498+0000] {dag.py:3441} INFO - Setting next_dagrun for example_branch_datetime_operator to 2025-10-05T00:00:00+00:00, run_after=2025-10-06T00:00:00+00:00
[2025-10-06T15:39:29.500+0000] {logging_mixin.py:137} INFO - [2025-10-06T15:39:29.500+0000] {dag.py:3441} INFO - Setting next_dagrun for example_branch_datetime_operator_2 to 2025-10-05T00:00:00+00:00, run_after=2025-10-06T00:00:00+00:00
[2025-10-06T15:39:29.501+0000] {logging_mixin.py:137} INFO - [2025-10-06T15:39:29.501+0000] {dag.py:3441} INFO - Setting next_dagrun for example_branch_datetime_operator_3 to 2025-10-05T00:00:00+00:00, run_after=2025-10-06T00:00:00+00:00
[2025-10-06T15:39:29.507+0000] {processor.py:175} INFO - Processing /home/airflow/.local/lib/python3.7/site-packages/airflow/example_dags/example_branch_datetime_operator.py took 0.039 seconds
[2025-10-06T15:39:59.779+0000] {processor.py:153} INFO - Started process (PID=1025) to work on /home/airflow/.local/lib/python3.7/site-packages/airflow/example_dags/example_branch_datetime_operator.py
[2025-10-06T15:39:59.779+0000] {processor.py:743} INFO - Processing file /home/airflow/.local/lib/python3.7/site-packages/airflow/example_dags/example_branch_datetime_operator.py for tasks to queue
[2025-10-06T15:39:59.780+0000] {logging_mixin.py:137} INFO - [2025-10-06T15:39:59.780+0000] {dagbag.py:538} INFO - Filling up the DagBag from /home/airflow/.local/lib/python3.7/site-packages/airflow/example_dags/example_branch_datetime_operator.py
[2025-10-06T15:39:59.787+0000] {processor.py:753} INFO - DAG(s) dict_keys(['example_branch_datetime_operator_3', 'example_branch_datetime_operator_2', 'example_branch_datetime_operator']) retrieved from /home/airflow/.local/lib/python3.7/site-packages/airflow/example_dags/example_branch_datetime_operator.py
[2025-10-06T15:39:59.801+0000] {logging_mixin.py:137} INFO - [2025-10-06T15:39:59.801+0000] {dag.py:2690} INFO - Sync 3 DAGs
[2025-10-06T15:39:59.812+0000] {logging_mixin.py:137} INFO - [2025-10-06T15:39:59.812+0000] {dag.py:3441} INFO - Setting next_dagrun for example_branch_datetime_operator to 2025-10-05T00:00:00+00:00, run_after=2025-10-06T00:00:00+00:00
[2025-10-06T15:39:59.813+0000] {logging_mixin.py:137} INFO - [2025-10-06T15:39:59.813+0000] {dag.py:3441} INFO - Setting next_dagrun for example_branch_datetime_operator_2 to 2025-10-05T00:00:00+00:00, run_after=2025-10-06T00:00:00+00:00
[2025-10-06T15:39:59.814+0000] {logging_mixin.py:137} INFO - [2025-10-06T15:39:59.814+0000] {dag.py:3441} INFO - Setting next_dagrun for example_branch_datetime_operator_3 to 2025-10-05T00:00:00+00:00, run_after=2025-10-06T00:00:00+00:00
[2025-10-06T15:39:59.821+0000] {processor.py:175} INFO - Processing /home/airflow/.local/lib/python3.7/site-packages/airflow/example_dags/example_branch_datetime_operator.py took 0.043 seconds
[2025-10-06T15:40:29.951+0000] {processor.py:153} INFO - Started process (PID=1104) to work on /home/airflow/.local/lib/python3.7/site-packages/airflow/example_dags/example_branch_datetime_operator.py
[2025-10-06T15:40:29.952+0000] {processor.py:743} INFO - Processing file /home/airflow/.local/lib/python3.7/site-packages/airflow/example_dags/example_branch_datetime_operator.py for tasks to queue
[2025-10-06T15:40:29.952+0000] {logging_mixin.py:137} INFO - [2025-10-06T15:40:29.952+0000] {dagbag.py:538} INFO - Filling up the DagBag from /home/airflow/.local/lib/python3.7/site-packages/airflow/example_dags/example_branch_datetime_operator.py
[2025-10-06T15:40:29.960+0000] {processor.py:753} INFO - DAG(s) dict_keys(['example_branch_datetime_operator_3', 'example_branch_datetime_operator', 'example_branch_datetime_operator_2']) retrieved from /home/airflow/.local/lib/python3.7/site-packages/airflow/example_dags/example_branch_datetime_operator.py
[2025-10-06T15:40:29.971+0000] {logging_mixin.py:137} INFO - [2025-10-06T15:40:29.971+0000] {dag.py:2690} INFO - Sync 3 DAGs
[2025-10-06T15:40:29.982+0000] {logging_mixin.py:137} INFO - [2025-10-06T15:40:29.982+0000] {dag.py:3441} INFO - Setting next_dagrun for example_branch_datetime_operator to 2025-10-05T00:00:00+00:00, run_after=2025-10-06T00:00:00+00:00
[2025-10-06T15:40:29.984+0000] {logging_mixin.py:137} INFO - [2025-10-06T15:40:29.984+0000] {dag.py:3441} INFO - Setting next_dagrun for example_branch_datetime_operator_2 to 2025-10-05T00:00:00+00:00, run_after=2025-10-06T00:00:00+00:00
[2025-10-06T15:40:29.985+0000] {logging_mixin.py:137} INFO - [2025-10-06T15:40:29.985+0000] {dag.py:3441} INFO - Setting next_dagrun for example_branch_datetime_operator_3 to 2025-10-05T00:00:00+00:00, run_after=2025-10-06T00:00:00+00:00
[2025-10-06T15:40:29.991+0000] {processor.py:175} INFO - Processing /home/airflow/.local/lib/python3.7/site-packages/airflow/example_dags/example_branch_datetime_operator.py took 0.041 seconds
[2025-10-06T15:41:00.241+0000] {processor.py:153} INFO - Started process (PID=1203) to work on /home/airflow/.local/lib/python3.7/site-packages/airflow/example_dags/example_branch_datetime_operator.py
[2025-10-06T15:41:00.242+0000] {processor.py:743} INFO - Processing file /home/airflow/.local/lib/python3.7/site-packages/airflow/example_dags/example_branch_datetime_operator.py for tasks to queue
[2025-10-06T15:41:00.242+0000] {logging_mixin.py:137} INFO - [2025-10-06T15:41:00.242+0000] {dagbag.py:538} INFO - Filling up the DagBag from /home/airflow/.local/lib/python3.7/site-packages/airflow/example_dags/example_branch_datetime_operator.py
[2025-10-06T15:41:00.254+0000] {processor.py:753} INFO - DAG(s) dict_keys(['example_branch_datetime_operator_3', 'example_branch_datetime_operator_2', 'example_branch_datetime_operator']) retrieved from /home/airflow/.local/lib/python3.7/site-packages/airflow/example_dags/example_branch_datetime_operator.py
[2025-10-06T15:41:00.267+0000] {logging_mixin.py:137} INFO - [2025-10-06T15:41:00.267+0000] {dag.py:2690} INFO - Sync 3 DAGs
[2025-10-06T15:41:00.279+0000] {logging_mixin.py:137} INFO - [2025-10-06T15:41:00.279+0000] {dag.py:3441} INFO - Setting next_dagrun for example_branch_datetime_operator to 2025-10-05T00:00:00+00:00, run_after=2025-10-06T00:00:00+00:00
[2025-10-06T15:41:00.285+0000] {logging_mixin.py:137} INFO - [2025-10-06T15:41:00.285+0000] {dag.py:3441} INFO - Setting next_dagrun for example_branch_datetime_operator_2 to 2025-10-05T00:00:00+00:00, run_after=2025-10-06T00:00:00+00:00
[2025-10-06T15:41:00.286+0000] {logging_mixin.py:137} INFO - [2025-10-06T15:41:00.286+0000] {dag.py:3441} INFO - Setting next_dagrun for example_branch_datetime_operator_3 to 2025-10-05T00:00:00+00:00, run_after=2025-10-06T00:00:00+00:00
[2025-10-06T15:41:00.294+0000] {processor.py:175} INFO - Processing /home/airflow/.local/lib/python3.7/site-packages/airflow/example_dags/example_branch_datetime_operator.py took 0.055 seconds
[2025-10-06T15:41:30.509+0000] {processor.py:153} INFO - Started process (PID=1302) to work on /home/airflow/.local/lib/python3.7/site-packages/airflow/example_dags/example_branch_datetime_operator.py
[2025-10-06T15:41:30.509+0000] {processor.py:743} INFO - Processing file /home/airflow/.local/lib/python3.7/site-packages/airflow/example_dags/example_branch_datetime_operator.py for tasks to queue
[2025-10-06T15:41:30.510+0000] {logging_mixin.py:137} INFO - [2025-10-06T15:41:30.510+0000] {dagbag.py:538} INFO - Filling up the DagBag from /home/airflow/.local/lib/python3.7/site-packages/airflow/example_dags/example_branch_datetime_operator.py
[2025-10-06T15:41:30.517+0000] {processor.py:753} INFO - DAG(s) dict_keys(['example_branch_datetime_operator', 'example_branch_datetime_operator_3', 'example_branch_datetime_operator_2']) retrieved from /home/airflow/.local/lib/python3.7/site-packages/airflow/example_dags/example_branch_datetime_operator.py
[2025-10-06T15:41:30.528+0000] {logging_mixin.py:137} INFO - [2025-10-06T15:41:30.528+0000] {dag.py:2690} INFO - Sync 3 DAGs
[2025-10-06T15:41:30.538+0000] {logging_mixin.py:137} INFO - [2025-10-06T15:41:30.537+0000] {dag.py:3441} INFO - Setting next_dagrun for example_branch_datetime_operator to 2025-10-05T00:00:00+00:00, run_after=2025-10-06T00:00:00+00:00
[2025-10-06T15:41:30.539+0000] {logging_mixin.py:137} INFO - [2025-10-06T15:41:30.539+0000] {dag.py:3441} INFO - Setting next_dagrun for example_branch_datetime_operator_2 to 2025-10-05T00:00:00+00:00, run_after=2025-10-06T00:00:00+00:00
[2025-10-06T15:41:30.540+0000] {logging_mixin.py:137} INFO - [2025-10-06T15:41:30.540+0000] {dag.py:3441} INFO - Setting next_dagrun for example_branch_datetime_operator_3 to 2025-10-05T00:00:00+00:00, run_after=2025-10-06T00:00:00+00:00
[2025-10-06T15:41:30.546+0000] {processor.py:175} INFO - Processing /home/airflow/.local/lib/python3.7/site-packages/airflow/example_dags/example_branch_datetime_operator.py took 0.038 seconds
[2025-10-06T15:42:00.892+0000] {processor.py:153} INFO - Started process (PID=1401) to work on /home/airflow/.local/lib/python3.7/site-packages/airflow/example_dags/example_branch_datetime_operator.py
[2025-10-06T15:42:00.893+0000] {processor.py:743} INFO - Processing file /home/airflow/.local/lib/python3.7/site-packages/airflow/example_dags/example_branch_datetime_operator.py for tasks to queue
[2025-10-06T15:42:00.893+0000] {logging_mixin.py:137} INFO - [2025-10-06T15:42:00.893+0000] {dagbag.py:538} INFO - Filling up the DagBag from /home/airflow/.local/lib/python3.7/site-packages/airflow/example_dags/example_branch_datetime_operator.py
[2025-10-06T15:42:00.900+0000] {processor.py:753} INFO - DAG(s) dict_keys(['example_branch_datetime_operator', 'example_branch_datetime_operator_2', 'example_branch_datetime_operator_3']) retrieved from /home/airflow/.local/lib/python3.7/site-packages/airflow/example_dags/example_branch_datetime_operator.py
[2025-10-06T15:42:00.913+0000] {logging_mixin.py:137} INFO - [2025-10-06T15:42:00.913+0000] {dag.py:2690} INFO - Sync 3 DAGs
[2025-10-06T15:42:00.924+0000] {logging_mixin.py:137} INFO - [2025-10-06T15:42:00.924+0000] {dag.py:3441} INFO - Setting next_dagrun for example_branch_datetime_operator to 2025-10-05T00:00:00+00:00, run_after=2025-10-06T00:00:00+00:00
[2025-10-06T15:42:00.925+0000] {logging_mixin.py:137} INFO - [2025-10-06T15:42:00.925+0000] {dag.py:3441} INFO - Setting next_dagrun for example_branch_datetime_operator_2 to 2025-10-05T00:00:00+00:00, run_after=2025-10-06T00:00:00+00:00
[2025-10-06T15:42:00.926+0000] {logging_mixin.py:137} INFO - [2025-10-06T15:42:00.926+0000] {dag.py:3441} INFO - Setting next_dagrun for example_branch_datetime_operator_3 to 2025-10-05T00:00:00+00:00, run_after=2025-10-06T00:00:00+00:00
[2025-10-06T15:42:00.933+0000] {processor.py:175} INFO - Processing /home/airflow/.local/lib/python3.7/site-packages/airflow/example_dags/example_branch_datetime_operator.py took 0.042 seconds
[2025-10-06T15:42:31.162+0000] {processor.py:153} INFO - Started process (PID=1480) to work on /home/airflow/.local/lib/python3.7/site-packages/airflow/example_dags/example_branch_datetime_operator.py
[2025-10-06T15:42:31.163+0000] {processor.py:743} INFO - Processing file /home/airflow/.local/lib/python3.7/site-packages/airflow/example_dags/example_branch_datetime_operator.py for tasks to queue
[2025-10-06T15:42:31.163+0000] {logging_mixin.py:137} INFO - [2025-10-06T15:42:31.163+0000] {dagbag.py:538} INFO - Filling up the DagBag from /home/airflow/.local/lib/python3.7/site-packages/airflow/example_dags/example_branch_datetime_operator.py
[2025-10-06T15:42:31.170+0000] {processor.py:753} INFO - DAG(s) dict_keys(['example_branch_datetime_operator_3', 'example_branch_datetime_operator_2', 'example_branch_datetime_operator']) retrieved from /home/airflow/.local/lib/python3.7/site-packages/airflow/example_dags/example_branch_datetime_operator.py
[2025-10-06T15:42:31.184+0000] {logging_mixin.py:137} INFO - [2025-10-06T15:42:31.184+0000] {dag.py:2690} INFO - Sync 3 DAGs
[2025-10-06T15:42:31.195+0000] {logging_mixin.py:137} INFO - [2025-10-06T15:42:31.195+0000] {dag.py:3441} INFO - Setting next_dagrun for example_branch_datetime_operator to 2025-10-05T00:00:00+00:00, run_after=2025-10-06T00:00:00+00:00
[2025-10-06T15:42:31.196+0000] {logging_mixin.py:137} INFO - [2025-10-06T15:42:31.196+0000] {dag.py:3441} INFO - Setting next_dagrun for example_branch_datetime_operator_2 to 2025-10-05T00:00:00+00:00, run_after=2025-10-06T00:00:00+00:00
[2025-10-06T15:42:31.197+0000] {logging_mixin.py:137} INFO - [2025-10-06T15:42:31.197+0000] {dag.py:3441} INFO - Setting next_dagrun for example_branch_datetime_operator_3 to 2025-10-05T00:00:00+00:00, run_after=2025-10-06T00:00:00+00:00
[2025-10-06T15:42:31.204+0000] {processor.py:175} INFO - Processing /home/airflow/.local/lib/python3.7/site-packages/airflow/example_dags/example_branch_datetime_operator.py took 0.044 seconds
[2025-10-06T15:43:01.394+0000] {processor.py:153} INFO - Started process (PID=1580) to work on /home/airflow/.local/lib/python3.7/site-packages/airflow/example_dags/example_branch_datetime_operator.py
[2025-10-06T15:43:01.394+0000] {processor.py:743} INFO - Processing file /home/airflow/.local/lib/python3.7/site-packages/airflow/example_dags/example_branch_datetime_operator.py for tasks to queue
[2025-10-06T15:43:01.395+0000] {logging_mixin.py:137} INFO - [2025-10-06T15:43:01.395+0000] {dagbag.py:538} INFO - Filling up the DagBag from /home/airflow/.local/lib/python3.7/site-packages/airflow/example_dags/example_branch_datetime_operator.py
[2025-10-06T15:43:01.402+0000] {processor.py:753} INFO - DAG(s) dict_keys(['example_branch_datetime_operator', 'example_branch_datetime_operator_2', 'example_branch_datetime_operator_3']) retrieved from /home/airflow/.local/lib/python3.7/site-packages/airflow/example_dags/example_branch_datetime_operator.py
[2025-10-06T15:43:01.415+0000] {logging_mixin.py:137} INFO - [2025-10-06T15:43:01.415+0000] {dag.py:2690} INFO - Sync 3 DAGs
[2025-10-06T15:43:01.427+0000] {logging_mixin.py:137} INFO - [2025-10-06T15:43:01.426+0000] {dag.py:3441} INFO - Setting next_dagrun for example_branch_datetime_operator to 2025-10-05T00:00:00+00:00, run_after=2025-10-06T00:00:00+00:00
[2025-10-06T15:43:01.428+0000] {logging_mixin.py:137} INFO - [2025-10-06T15:43:01.428+0000] {dag.py:3441} INFO - Setting next_dagrun for example_branch_datetime_operator_2 to 2025-10-05T00:00:00+00:00, run_after=2025-10-06T00:00:00+00:00
[2025-10-06T15:43:01.429+0000] {logging_mixin.py:137} INFO - [2025-10-06T15:43:01.429+0000] {dag.py:3441} INFO - Setting next_dagrun for example_branch_datetime_operator_3 to 2025-10-05T00:00:00+00:00, run_after=2025-10-06T00:00:00+00:00
[2025-10-06T15:43:01.435+0000] {processor.py:175} INFO - Processing /home/airflow/.local/lib/python3.7/site-packages/airflow/example_dags/example_branch_datetime_operator.py took 0.043 seconds
[2025-10-06T15:43:31.724+0000] {processor.py:153} INFO - Started process (PID=1679) to work on /home/airflow/.local/lib/python3.7/site-packages/airflow/example_dags/example_branch_datetime_operator.py
[2025-10-06T15:43:31.725+0000] {processor.py:743} INFO - Processing file /home/airflow/.local/lib/python3.7/site-packages/airflow/example_dags/example_branch_datetime_operator.py for tasks to queue
[2025-10-06T15:43:31.725+0000] {logging_mixin.py:137} INFO - [2025-10-06T15:43:31.725+0000] {dagbag.py:538} INFO - Filling up the DagBag from /home/airflow/.local/lib/python3.7/site-packages/airflow/example_dags/example_branch_datetime_operator.py
[2025-10-06T15:43:31.733+0000] {processor.py:753} INFO - DAG(s) dict_keys(['example_branch_datetime_operator_2', 'example_branch_datetime_operator', 'example_branch_datetime_operator_3']) retrieved from /home/airflow/.local/lib/python3.7/site-packages/airflow/example_dags/example_branch_datetime_operator.py
[2025-10-06T15:43:31.747+0000] {logging_mixin.py:137} INFO - [2025-10-06T15:43:31.747+0000] {dag.py:2690} INFO - Sync 3 DAGs
[2025-10-06T15:43:31.758+0000] {logging_mixin.py:137} INFO - [2025-10-06T15:43:31.758+0000] {dag.py:3441} INFO - Setting next_dagrun for example_branch_datetime_operator to 2025-10-05T00:00:00+00:00, run_after=2025-10-06T00:00:00+00:00
[2025-10-06T15:43:31.760+0000] {logging_mixin.py:137} INFO - [2025-10-06T15:43:31.760+0000] {dag.py:3441} INFO - Setting next_dagrun for example_branch_datetime_operator_2 to 2025-10-05T00:00:00+00:00, run_after=2025-10-06T00:00:00+00:00
[2025-10-06T15:43:31.761+0000] {logging_mixin.py:137} INFO - [2025-10-06T15:43:31.761+0000] {dag.py:3441} INFO - Setting next_dagrun for example_branch_datetime_operator_3 to 2025-10-05T00:00:00+00:00, run_after=2025-10-06T00:00:00+00:00
[2025-10-06T15:43:31.767+0000] {processor.py:175} INFO - Processing /home/airflow/.local/lib/python3.7/site-packages/airflow/example_dags/example_branch_datetime_operator.py took 0.045 seconds
[2025-10-06T15:44:02.152+0000] {processor.py:153} INFO - Started process (PID=1778) to work on /home/airflow/.local/lib/python3.7/site-packages/airflow/example_dags/example_branch_datetime_operator.py
[2025-10-06T15:44:02.152+0000] {processor.py:743} INFO - Processing file /home/airflow/.local/lib/python3.7/site-packages/airflow/example_dags/example_branch_datetime_operator.py for tasks to queue
[2025-10-06T15:44:02.153+0000] {logging_mixin.py:137} INFO - [2025-10-06T15:44:02.153+0000] {dagbag.py:538} INFO - Filling up the DagBag from /home/airflow/.local/lib/python3.7/site-packages/airflow/example_dags/example_branch_datetime_operator.py
[2025-10-06T15:44:02.160+0000] {processor.py:753} INFO - DAG(s) dict_keys(['example_branch_datetime_operator_2', 'example_branch_datetime_operator_3', 'example_branch_datetime_operator']) retrieved from /home/airflow/.local/lib/python3.7/site-packages/airflow/example_dags/example_branch_datetime_operator.py
[2025-10-06T15:44:02.174+0000] {logging_mixin.py:137} INFO - [2025-10-06T15:44:02.174+0000] {dag.py:2690} INFO - Sync 3 DAGs
[2025-10-06T15:44:02.185+0000] {logging_mixin.py:137} INFO - [2025-10-06T15:44:02.185+0000] {dag.py:3441} INFO - Setting next_dagrun for example_branch_datetime_operator to 2025-10-05T00:00:00+00:00, run_after=2025-10-06T00:00:00+00:00
[2025-10-06T15:44:02.187+0000] {logging_mixin.py:137} INFO - [2025-10-06T15:44:02.187+0000] {dag.py:3441} INFO - Setting next_dagrun for example_branch_datetime_operator_2 to 2025-10-05T00:00:00+00:00, run_after=2025-10-06T00:00:00+00:00
[2025-10-06T15:44:02.188+0000] {logging_mixin.py:137} INFO - [2025-10-06T15:44:02.188+0000] {dag.py:3441} INFO - Setting next_dagrun for example_branch_datetime_operator_3 to 2025-10-05T00:00:00+00:00, run_after=2025-10-06T00:00:00+00:00
[2025-10-06T15:44:02.194+0000] {processor.py:175} INFO - Processing /home/airflow/.local/lib/python3.7/site-packages/airflow/example_dags/example_branch_datetime_operator.py took 0.044 seconds
[2025-10-06T15:44:32.516+0000] {processor.py:153} INFO - Started process (PID=1857) to work on /home/airflow/.local/lib/python3.7/site-packages/airflow/example_dags/example_branch_datetime_operator.py
[2025-10-06T15:44:32.516+0000] {processor.py:743} INFO - Processing file /home/airflow/.local/lib/python3.7/site-packages/airflow/example_dags/example_branch_datetime_operator.py for tasks to queue
[2025-10-06T15:44:32.517+0000] {logging_mixin.py:137} INFO - [2025-10-06T15:44:32.517+0000] {dagbag.py:538} INFO - Filling up the DagBag from /home/airflow/.local/lib/python3.7/site-packages/airflow/example_dags/example_branch_datetime_operator.py
[2025-10-06T15:44:32.525+0000] {processor.py:753} INFO - DAG(s) dict_keys(['example_branch_datetime_operator_2', 'example_branch_datetime_operator', 'example_branch_datetime_operator_3']) retrieved from /home/airflow/.local/lib/python3.7/site-packages/airflow/example_dags/example_branch_datetime_operator.py
[2025-10-06T15:44:32.540+0000] {logging_mixin.py:137} INFO - [2025-10-06T15:44:32.539+0000] {dag.py:2690} INFO - Sync 3 DAGs
[2025-10-06T15:44:32.551+0000] {logging_mixin.py:137} INFO - [2025-10-06T15:44:32.551+0000] {dag.py:3441} INFO - Setting next_dagrun for example_branch_datetime_operator to 2025-10-05T00:00:00+00:00, run_after=2025-10-06T00:00:00+00:00
[2025-10-06T15:44:32.553+0000] {logging_mixin.py:137} INFO - [2025-10-06T15:44:32.553+0000] {dag.py:3441} INFO - Setting next_dagrun for example_branch_datetime_operator_2 to 2025-10-05T00:00:00+00:00, run_after=2025-10-06T00:00:00+00:00
[2025-10-06T15:44:32.554+0000] {logging_mixin.py:137} INFO - [2025-10-06T15:44:32.554+0000] {dag.py:3441} INFO - Setting next_dagrun for example_branch_datetime_operator_3 to 2025-10-05T00:00:00+00:00, run_after=2025-10-06T00:00:00+00:00
[2025-10-06T15:44:32.560+0000] {processor.py:175} INFO - Processing /home/airflow/.local/lib/python3.7/site-packages/airflow/example_dags/example_branch_datetime_operator.py took 0.046 seconds
[2025-10-06T15:45:02.874+0000] {processor.py:153} INFO - Started process (PID=1956) to work on /home/airflow/.local/lib/python3.7/site-packages/airflow/example_dags/example_branch_datetime_operator.py
[2025-10-06T15:45:02.875+0000] {processor.py:743} INFO - Processing file /home/airflow/.local/lib/python3.7/site-packages/airflow/example_dags/example_branch_datetime_operator.py for tasks to queue
[2025-10-06T15:45:02.876+0000] {logging_mixin.py:137} INFO - [2025-10-06T15:45:02.876+0000] {dagbag.py:538} INFO - Filling up the DagBag from /home/airflow/.local/lib/python3.7/site-packages/airflow/example_dags/example_branch_datetime_operator.py
[2025-10-06T15:45:02.885+0000] {processor.py:753} INFO - DAG(s) dict_keys(['example_branch_datetime_operator', 'example_branch_datetime_operator_3', 'example_branch_datetime_operator_2']) retrieved from /home/airflow/.local/lib/python3.7/site-packages/airflow/example_dags/example_branch_datetime_operator.py
[2025-10-06T15:45:02.899+0000] {logging_mixin.py:137} INFO - [2025-10-06T15:45:02.898+0000] {dag.py:2690} INFO - Sync 3 DAGs
[2025-10-06T15:45:02.910+0000] {logging_mixin.py:137} INFO - [2025-10-06T15:45:02.909+0000] {dag.py:3441} INFO - Setting next_dagrun for example_branch_datetime_operator to 2025-10-05T00:00:00+00:00, run_after=2025-10-06T00:00:00+00:00
[2025-10-06T15:45:02.911+0000] {logging_mixin.py:137} INFO - [2025-10-06T15:45:02.911+0000] {dag.py:3441} INFO - Setting next_dagrun for example_branch_datetime_operator_2 to 2025-10-05T00:00:00+00:00, run_after=2025-10-06T00:00:00+00:00
[2025-10-06T15:45:02.912+0000] {logging_mixin.py:137} INFO - [2025-10-06T15:45:02.912+0000] {dag.py:3441} INFO - Setting next_dagrun for example_branch_datetime_operator_3 to 2025-10-05T00:00:00+00:00, run_after=2025-10-06T00:00:00+00:00
[2025-10-06T15:45:02.918+0000] {processor.py:175} INFO - Processing /home/airflow/.local/lib/python3.7/site-packages/airflow/example_dags/example_branch_datetime_operator.py took 0.046 seconds
[2025-10-06T15:45:33.153+0000] {processor.py:153} INFO - Started process (PID=2055) to work on /home/airflow/.local/lib/python3.7/site-packages/airflow/example_dags/example_branch_datetime_operator.py
[2025-10-06T15:45:33.153+0000] {processor.py:743} INFO - Processing file /home/airflow/.local/lib/python3.7/site-packages/airflow/example_dags/example_branch_datetime_operator.py for tasks to queue
[2025-10-06T15:45:33.153+0000] {logging_mixin.py:137} INFO - [2025-10-06T15:45:33.153+0000] {dagbag.py:538} INFO - Filling up the DagBag from /home/airflow/.local/lib/python3.7/site-packages/airflow/example_dags/example_branch_datetime_operator.py
[2025-10-06T15:45:33.160+0000] {processor.py:753} INFO - DAG(s) dict_keys(['example_branch_datetime_operator', 'example_branch_datetime_operator_3', 'example_branch_datetime_operator_2']) retrieved from /home/airflow/.local/lib/python3.7/site-packages/airflow/example_dags/example_branch_datetime_operator.py
[2025-10-06T15:45:33.175+0000] {logging_mixin.py:137} INFO - [2025-10-06T15:45:33.175+0000] {dag.py:2690} INFO - Sync 3 DAGs
[2025-10-06T15:45:33.186+0000] {logging_mixin.py:137} INFO - [2025-10-06T15:45:33.186+0000] {dag.py:3441} INFO - Setting next_dagrun for example_branch_datetime_operator to 2025-10-05T00:00:00+00:00, run_after=2025-10-06T00:00:00+00:00
[2025-10-06T15:45:33.188+0000] {logging_mixin.py:137} INFO - [2025-10-06T15:45:33.188+0000] {dag.py:3441} INFO - Setting next_dagrun for example_branch_datetime_operator_2 to 2025-10-05T00:00:00+00:00, run_after=2025-10-06T00:00:00+00:00
[2025-10-06T15:45:33.189+0000] {logging_mixin.py:137} INFO - [2025-10-06T15:45:33.189+0000] {dag.py:3441} INFO - Setting next_dagrun for example_branch_datetime_operator_3 to 2025-10-05T00:00:00+00:00, run_after=2025-10-06T00:00:00+00:00
[2025-10-06T15:45:33.195+0000] {processor.py:175} INFO - Processing /home/airflow/.local/lib/python3.7/site-packages/airflow/example_dags/example_branch_datetime_operator.py took 0.044 seconds
[2025-10-06T15:46:03.769+0000] {processor.py:153} INFO - Started process (PID=2154) to work on /home/airflow/.local/lib/python3.7/site-packages/airflow/example_dags/example_branch_datetime_operator.py
[2025-10-06T15:46:03.770+0000] {processor.py:743} INFO - Processing file /home/airflow/.local/lib/python3.7/site-packages/airflow/example_dags/example_branch_datetime_operator.py for tasks to queue
[2025-10-06T15:46:03.770+0000] {logging_mixin.py:137} INFO - [2025-10-06T15:46:03.770+0000] {dagbag.py:538} INFO - Filling up the DagBag from /home/airflow/.local/lib/python3.7/site-packages/airflow/example_dags/example_branch_datetime_operator.py
[2025-10-06T15:46:03.779+0000] {processor.py:753} INFO - DAG(s) dict_keys(['example_branch_datetime_operator_2', 'example_branch_datetime_operator', 'example_branch_datetime_operator_3']) retrieved from /home/airflow/.local/lib/python3.7/site-packages/airflow/example_dags/example_branch_datetime_operator.py
[2025-10-06T15:46:03.797+0000] {logging_mixin.py:137} INFO - [2025-10-06T15:46:03.797+0000] {dag.py:2690} INFO - Sync 3 DAGs
[2025-10-06T15:46:03.811+0000] {logging_mixin.py:137} INFO - [2025-10-06T15:46:03.811+0000] {dag.py:3441} INFO - Setting next_dagrun for example_branch_datetime_operator to 2025-10-05T00:00:00+00:00, run_after=2025-10-06T00:00:00+00:00
[2025-10-06T15:46:03.814+0000] {logging_mixin.py:137} INFO - [2025-10-06T15:46:03.814+0000] {dag.py:3441} INFO - Setting next_dagrun for example_branch_datetime_operator_2 to 2025-10-05T00:00:00+00:00, run_after=2025-10-06T00:00:00+00:00
[2025-10-06T15:46:03.817+0000] {logging_mixin.py:137} INFO - [2025-10-06T15:46:03.816+0000] {dag.py:3441} INFO - Setting next_dagrun for example_branch_datetime_operator_3 to 2025-10-05T00:00:00+00:00, run_after=2025-10-06T00:00:00+00:00
[2025-10-06T15:46:03.824+0000] {processor.py:175} INFO - Processing /home/airflow/.local/lib/python3.7/site-packages/airflow/example_dags/example_branch_datetime_operator.py took 0.056 seconds
[2025-10-06T15:46:34.240+0000] {processor.py:153} INFO - Started process (PID=2233) to work on /home/airflow/.local/lib/python3.7/site-packages/airflow/example_dags/example_branch_datetime_operator.py
[2025-10-06T15:46:34.240+0000] {processor.py:743} INFO - Processing file /home/airflow/.local/lib/python3.7/site-packages/airflow/example_dags/example_branch_datetime_operator.py for tasks to queue
[2025-10-06T15:46:34.240+0000] {logging_mixin.py:137} INFO - [2025-10-06T15:46:34.240+0000] {dagbag.py:538} INFO - Filling up the DagBag from /home/airflow/.local/lib/python3.7/site-packages/airflow/example_dags/example_branch_datetime_operator.py
[2025-10-06T15:46:34.248+0000] {processor.py:753} INFO - DAG(s) dict_keys(['example_branch_datetime_operator_3', 'example_branch_datetime_operator_2', 'example_branch_datetime_operator']) retrieved from /home/airflow/.local/lib/python3.7/site-packages/airflow/example_dags/example_branch_datetime_operator.py
[2025-10-06T15:46:34.264+0000] {logging_mixin.py:137} INFO - [2025-10-06T15:46:34.264+0000] {dag.py:2690} INFO - Sync 3 DAGs
[2025-10-06T15:46:34.279+0000] {logging_mixin.py:137} INFO - [2025-10-06T15:46:34.279+0000] {dag.py:3441} INFO - Setting next_dagrun for example_branch_datetime_operator to 2025-10-05T00:00:00+00:00, run_after=2025-10-06T00:00:00+00:00
[2025-10-06T15:46:34.281+0000] {logging_mixin.py:137} INFO - [2025-10-06T15:46:34.281+0000] {dag.py:3441} INFO - Setting next_dagrun for example_branch_datetime_operator_2 to 2025-10-05T00:00:00+00:00, run_after=2025-10-06T00:00:00+00:00
[2025-10-06T15:46:34.282+0000] {logging_mixin.py:137} INFO - [2025-10-06T15:46:34.282+0000] {dag.py:3441} INFO - Setting next_dagrun for example_branch_datetime_operator_3 to 2025-10-05T00:00:00+00:00, run_after=2025-10-06T00:00:00+00:00
[2025-10-06T15:46:34.289+0000] {processor.py:175} INFO - Processing /home/airflow/.local/lib/python3.7/site-packages/airflow/example_dags/example_branch_datetime_operator.py took 0.051 seconds
