[2025-10-06T15:34:55.715+0000] {processor.py:153} INFO - Started process (PID=78) to work on /home/airflow/.local/lib/python3.7/site-packages/airflow/example_dags/example_datasets.py
[2025-10-06T15:34:55.718+0000] {processor.py:743} INFO - Processing file /home/airflow/.local/lib/python3.7/site-packages/airflow/example_dags/example_datasets.py for tasks to queue
[2025-10-06T15:34:55.719+0000] {logging_mixin.py:137} INFO - [2025-10-06T15:34:55.719+0000] {dagbag.py:538} INFO - Filling up the DagBag from /home/airflow/.local/lib/python3.7/site-packages/airflow/example_dags/example_datasets.py
[2025-10-06T15:34:55.731+0000] {processor.py:753} INFO - DAG(s) dict_keys(['dataset_consumes_unknown_never_scheduled', 'dataset_produces_1', 'dataset_consumes_1', 'dataset_consumes_1_never_scheduled', 'dataset_produces_2', 'dataset_consumes_1_and_2']) retrieved from /home/airflow/.local/lib/python3.7/site-packages/airflow/example_dags/example_datasets.py
[2025-10-06T15:34:55.742+0000] {logging_mixin.py:137} INFO - [2025-10-06T15:34:55.742+0000] {dag.py:2690} INFO - Sync 6 DAGs
[2025-10-06T15:34:55.761+0000] {logging_mixin.py:137} INFO - [2025-10-06T15:34:55.761+0000] {dag.py:3441} INFO - Setting next_dagrun for dataset_consumes_1 to None, run_after=None
[2025-10-06T15:34:55.763+0000] {logging_mixin.py:137} INFO - [2025-10-06T15:34:55.763+0000] {dag.py:3441} INFO - Setting next_dagrun for dataset_consumes_1_and_2 to None, run_after=None
[2025-10-06T15:34:55.764+0000] {logging_mixin.py:137} INFO - [2025-10-06T15:34:55.764+0000] {dag.py:3441} INFO - Setting next_dagrun for dataset_consumes_1_never_scheduled to None, run_after=None
[2025-10-06T15:34:55.764+0000] {logging_mixin.py:137} INFO - [2025-10-06T15:34:55.764+0000] {dag.py:3441} INFO - Setting next_dagrun for dataset_consumes_unknown_never_scheduled to None, run_after=None
[2025-10-06T15:34:55.766+0000] {logging_mixin.py:137} INFO - [2025-10-06T15:34:55.766+0000] {dag.py:3441} INFO - Setting next_dagrun for dataset_produces_1 to 2025-10-05T00:00:00+00:00, run_after=2025-10-06T00:00:00+00:00
[2025-10-06T15:34:55.766+0000] {logging_mixin.py:137} INFO - [2025-10-06T15:34:55.766+0000] {dag.py:3441} INFO - Setting next_dagrun for dataset_produces_2 to None, run_after=None
[2025-10-06T15:34:55.788+0000] {processor.py:175} INFO - Processing /home/airflow/.local/lib/python3.7/site-packages/airflow/example_dags/example_datasets.py took 0.075 seconds
[2025-10-06T15:35:26.130+0000] {processor.py:153} INFO - Started process (PID=177) to work on /home/airflow/.local/lib/python3.7/site-packages/airflow/example_dags/example_datasets.py
[2025-10-06T15:35:26.131+0000] {processor.py:743} INFO - Processing file /home/airflow/.local/lib/python3.7/site-packages/airflow/example_dags/example_datasets.py for tasks to queue
[2025-10-06T15:35:26.132+0000] {logging_mixin.py:137} INFO - [2025-10-06T15:35:26.132+0000] {dagbag.py:538} INFO - Filling up the DagBag from /home/airflow/.local/lib/python3.7/site-packages/airflow/example_dags/example_datasets.py
[2025-10-06T15:35:26.139+0000] {processor.py:753} INFO - DAG(s) dict_keys(['dataset_produces_1', 'dataset_consumes_1_and_2', 'dataset_consumes_unknown_never_scheduled', 'dataset_consumes_1', 'dataset_produces_2', 'dataset_consumes_1_never_scheduled']) retrieved from /home/airflow/.local/lib/python3.7/site-packages/airflow/example_dags/example_datasets.py
[2025-10-06T15:35:26.176+0000] {logging_mixin.py:137} INFO - [2025-10-06T15:35:26.176+0000] {dag.py:2690} INFO - Sync 6 DAGs
[2025-10-06T15:35:26.187+0000] {logging_mixin.py:137} INFO - [2025-10-06T15:35:26.187+0000] {dag.py:3441} INFO - Setting next_dagrun for dataset_consumes_1 to None, run_after=None
[2025-10-06T15:35:26.188+0000] {logging_mixin.py:137} INFO - [2025-10-06T15:35:26.188+0000] {dag.py:3441} INFO - Setting next_dagrun for dataset_consumes_1_and_2 to None, run_after=None
[2025-10-06T15:35:26.189+0000] {logging_mixin.py:137} INFO - [2025-10-06T15:35:26.189+0000] {dag.py:3441} INFO - Setting next_dagrun for dataset_consumes_1_never_scheduled to None, run_after=None
[2025-10-06T15:35:26.189+0000] {logging_mixin.py:137} INFO - [2025-10-06T15:35:26.189+0000] {dag.py:3441} INFO - Setting next_dagrun for dataset_consumes_unknown_never_scheduled to None, run_after=None
[2025-10-06T15:35:26.190+0000] {logging_mixin.py:137} INFO - [2025-10-06T15:35:26.190+0000] {dag.py:3441} INFO - Setting next_dagrun for dataset_produces_1 to 2025-10-05T00:00:00+00:00, run_after=2025-10-06T00:00:00+00:00
[2025-10-06T15:35:26.191+0000] {logging_mixin.py:137} INFO - [2025-10-06T15:35:26.191+0000] {dag.py:3441} INFO - Setting next_dagrun for dataset_produces_2 to None, run_after=None
[2025-10-06T15:35:26.206+0000] {processor.py:175} INFO - Processing /home/airflow/.local/lib/python3.7/site-packages/airflow/example_dags/example_datasets.py took 0.078 seconds
[2025-10-06T15:35:56.609+0000] {processor.py:153} INFO - Started process (PID=276) to work on /home/airflow/.local/lib/python3.7/site-packages/airflow/example_dags/example_datasets.py
[2025-10-06T15:35:56.609+0000] {processor.py:743} INFO - Processing file /home/airflow/.local/lib/python3.7/site-packages/airflow/example_dags/example_datasets.py for tasks to queue
[2025-10-06T15:35:56.611+0000] {logging_mixin.py:137} INFO - [2025-10-06T15:35:56.611+0000] {dagbag.py:538} INFO - Filling up the DagBag from /home/airflow/.local/lib/python3.7/site-packages/airflow/example_dags/example_datasets.py
[2025-10-06T15:35:56.619+0000] {processor.py:753} INFO - DAG(s) dict_keys(['dataset_produces_2', 'dataset_produces_1', 'dataset_consumes_1', 'dataset_consumes_unknown_never_scheduled', 'dataset_consumes_1_never_scheduled', 'dataset_consumes_1_and_2']) retrieved from /home/airflow/.local/lib/python3.7/site-packages/airflow/example_dags/example_datasets.py
[2025-10-06T15:35:56.635+0000] {logging_mixin.py:137} INFO - [2025-10-06T15:35:56.635+0000] {dag.py:2690} INFO - Sync 6 DAGs
[2025-10-06T15:35:56.648+0000] {logging_mixin.py:137} INFO - [2025-10-06T15:35:56.648+0000] {dag.py:3441} INFO - Setting next_dagrun for dataset_consumes_1 to None, run_after=None
[2025-10-06T15:35:56.650+0000] {logging_mixin.py:137} INFO - [2025-10-06T15:35:56.650+0000] {dag.py:3441} INFO - Setting next_dagrun for dataset_consumes_1_and_2 to None, run_after=None
[2025-10-06T15:35:56.650+0000] {logging_mixin.py:137} INFO - [2025-10-06T15:35:56.650+0000] {dag.py:3441} INFO - Setting next_dagrun for dataset_consumes_1_never_scheduled to None, run_after=None
[2025-10-06T15:35:56.651+0000] {logging_mixin.py:137} INFO - [2025-10-06T15:35:56.650+0000] {dag.py:3441} INFO - Setting next_dagrun for dataset_consumes_unknown_never_scheduled to None, run_after=None
[2025-10-06T15:35:56.651+0000] {logging_mixin.py:137} INFO - [2025-10-06T15:35:56.651+0000] {dag.py:3441} INFO - Setting next_dagrun for dataset_produces_1 to 2025-10-05T00:00:00+00:00, run_after=2025-10-06T00:00:00+00:00
[2025-10-06T15:35:56.652+0000] {logging_mixin.py:137} INFO - [2025-10-06T15:35:56.652+0000] {dag.py:3441} INFO - Setting next_dagrun for dataset_produces_2 to None, run_after=None
[2025-10-06T15:35:56.668+0000] {processor.py:175} INFO - Processing /home/airflow/.local/lib/python3.7/site-packages/airflow/example_dags/example_datasets.py took 0.061 seconds
[2025-10-06T15:36:27.095+0000] {processor.py:153} INFO - Started process (PID=355) to work on /home/airflow/.local/lib/python3.7/site-packages/airflow/example_dags/example_datasets.py
[2025-10-06T15:36:27.096+0000] {processor.py:743} INFO - Processing file /home/airflow/.local/lib/python3.7/site-packages/airflow/example_dags/example_datasets.py for tasks to queue
[2025-10-06T15:36:27.097+0000] {logging_mixin.py:137} INFO - [2025-10-06T15:36:27.097+0000] {dagbag.py:538} INFO - Filling up the DagBag from /home/airflow/.local/lib/python3.7/site-packages/airflow/example_dags/example_datasets.py
[2025-10-06T15:36:27.106+0000] {processor.py:753} INFO - DAG(s) dict_keys(['dataset_consumes_unknown_never_scheduled', 'dataset_consumes_1_never_scheduled', 'dataset_produces_1', 'dataset_produces_2', 'dataset_consumes_1', 'dataset_consumes_1_and_2']) retrieved from /home/airflow/.local/lib/python3.7/site-packages/airflow/example_dags/example_datasets.py
[2025-10-06T15:36:27.126+0000] {logging_mixin.py:137} INFO - [2025-10-06T15:36:27.126+0000] {dag.py:2690} INFO - Sync 6 DAGs
[2025-10-06T15:36:27.138+0000] {logging_mixin.py:137} INFO - [2025-10-06T15:36:27.138+0000] {dag.py:3441} INFO - Setting next_dagrun for dataset_consumes_1 to None, run_after=None
[2025-10-06T15:36:27.139+0000] {logging_mixin.py:137} INFO - [2025-10-06T15:36:27.139+0000] {dag.py:3441} INFO - Setting next_dagrun for dataset_consumes_1_and_2 to None, run_after=None
[2025-10-06T15:36:27.140+0000] {logging_mixin.py:137} INFO - [2025-10-06T15:36:27.140+0000] {dag.py:3441} INFO - Setting next_dagrun for dataset_consumes_1_never_scheduled to None, run_after=None
[2025-10-06T15:36:27.140+0000] {logging_mixin.py:137} INFO - [2025-10-06T15:36:27.140+0000] {dag.py:3441} INFO - Setting next_dagrun for dataset_consumes_unknown_never_scheduled to None, run_after=None
[2025-10-06T15:36:27.141+0000] {logging_mixin.py:137} INFO - [2025-10-06T15:36:27.141+0000] {dag.py:3441} INFO - Setting next_dagrun for dataset_produces_1 to 2025-10-05T00:00:00+00:00, run_after=2025-10-06T00:00:00+00:00
[2025-10-06T15:36:27.142+0000] {logging_mixin.py:137} INFO - [2025-10-06T15:36:27.142+0000] {dag.py:3441} INFO - Setting next_dagrun for dataset_produces_2 to None, run_after=None
[2025-10-06T15:36:27.154+0000] {processor.py:175} INFO - Processing /home/airflow/.local/lib/python3.7/site-packages/airflow/example_dags/example_datasets.py took 0.060 seconds
[2025-10-06T15:36:57.555+0000] {processor.py:153} INFO - Started process (PID=454) to work on /home/airflow/.local/lib/python3.7/site-packages/airflow/example_dags/example_datasets.py
[2025-10-06T15:36:57.555+0000] {processor.py:743} INFO - Processing file /home/airflow/.local/lib/python3.7/site-packages/airflow/example_dags/example_datasets.py for tasks to queue
[2025-10-06T15:36:57.555+0000] {logging_mixin.py:137} INFO - [2025-10-06T15:36:57.555+0000] {dagbag.py:538} INFO - Filling up the DagBag from /home/airflow/.local/lib/python3.7/site-packages/airflow/example_dags/example_datasets.py
[2025-10-06T15:36:57.562+0000] {processor.py:753} INFO - DAG(s) dict_keys(['dataset_produces_2', 'dataset_consumes_1_never_scheduled', 'dataset_consumes_1_and_2', 'dataset_produces_1', 'dataset_consumes_1', 'dataset_consumes_unknown_never_scheduled']) retrieved from /home/airflow/.local/lib/python3.7/site-packages/airflow/example_dags/example_datasets.py
[2025-10-06T15:36:57.583+0000] {logging_mixin.py:137} INFO - [2025-10-06T15:36:57.583+0000] {dag.py:2690} INFO - Sync 6 DAGs
[2025-10-06T15:36:57.594+0000] {logging_mixin.py:137} INFO - [2025-10-06T15:36:57.593+0000] {dag.py:3441} INFO - Setting next_dagrun for dataset_consumes_1 to None, run_after=None
[2025-10-06T15:36:57.596+0000] {logging_mixin.py:137} INFO - [2025-10-06T15:36:57.596+0000] {dag.py:3441} INFO - Setting next_dagrun for dataset_consumes_1_and_2 to None, run_after=None
[2025-10-06T15:36:57.596+0000] {logging_mixin.py:137} INFO - [2025-10-06T15:36:57.596+0000] {dag.py:3441} INFO - Setting next_dagrun for dataset_consumes_1_never_scheduled to None, run_after=None
[2025-10-06T15:36:57.598+0000] {logging_mixin.py:137} INFO - [2025-10-06T15:36:57.598+0000] {dag.py:3441} INFO - Setting next_dagrun for dataset_consumes_unknown_never_scheduled to None, run_after=None
[2025-10-06T15:36:57.599+0000] {logging_mixin.py:137} INFO - [2025-10-06T15:36:57.599+0000] {dag.py:3441} INFO - Setting next_dagrun for dataset_produces_1 to 2025-10-05T00:00:00+00:00, run_after=2025-10-06T00:00:00+00:00
[2025-10-06T15:36:57.600+0000] {logging_mixin.py:137} INFO - [2025-10-06T15:36:57.600+0000] {dag.py:3441} INFO - Setting next_dagrun for dataset_produces_2 to None, run_after=None
[2025-10-06T15:36:57.618+0000] {processor.py:175} INFO - Processing /home/airflow/.local/lib/python3.7/site-packages/airflow/example_dags/example_datasets.py took 0.065 seconds
[2025-10-06T15:37:27.943+0000] {processor.py:153} INFO - Started process (PID=554) to work on /home/airflow/.local/lib/python3.7/site-packages/airflow/example_dags/example_datasets.py
[2025-10-06T15:37:27.945+0000] {processor.py:743} INFO - Processing file /home/airflow/.local/lib/python3.7/site-packages/airflow/example_dags/example_datasets.py for tasks to queue
[2025-10-06T15:37:27.946+0000] {logging_mixin.py:137} INFO - [2025-10-06T15:37:27.945+0000] {dagbag.py:538} INFO - Filling up the DagBag from /home/airflow/.local/lib/python3.7/site-packages/airflow/example_dags/example_datasets.py
[2025-10-06T15:37:27.953+0000] {processor.py:753} INFO - DAG(s) dict_keys(['dataset_consumes_1_never_scheduled', 'dataset_consumes_1_and_2', 'dataset_consumes_1', 'dataset_produces_2', 'dataset_produces_1', 'dataset_consumes_unknown_never_scheduled']) retrieved from /home/airflow/.local/lib/python3.7/site-packages/airflow/example_dags/example_datasets.py
[2025-10-06T15:37:27.971+0000] {logging_mixin.py:137} INFO - [2025-10-06T15:37:27.971+0000] {dag.py:2690} INFO - Sync 6 DAGs
[2025-10-06T15:37:27.981+0000] {logging_mixin.py:137} INFO - [2025-10-06T15:37:27.981+0000] {dag.py:3441} INFO - Setting next_dagrun for dataset_consumes_1 to None, run_after=None
[2025-10-06T15:37:27.982+0000] {logging_mixin.py:137} INFO - [2025-10-06T15:37:27.982+0000] {dag.py:3441} INFO - Setting next_dagrun for dataset_consumes_1_and_2 to None, run_after=None
[2025-10-06T15:37:27.983+0000] {logging_mixin.py:137} INFO - [2025-10-06T15:37:27.983+0000] {dag.py:3441} INFO - Setting next_dagrun for dataset_consumes_1_never_scheduled to None, run_after=None
[2025-10-06T15:37:27.983+0000] {logging_mixin.py:137} INFO - [2025-10-06T15:37:27.983+0000] {dag.py:3441} INFO - Setting next_dagrun for dataset_consumes_unknown_never_scheduled to None, run_after=None
[2025-10-06T15:37:27.984+0000] {logging_mixin.py:137} INFO - [2025-10-06T15:37:27.984+0000] {dag.py:3441} INFO - Setting next_dagrun for dataset_produces_1 to 2025-10-05T00:00:00+00:00, run_after=2025-10-06T00:00:00+00:00
[2025-10-06T15:37:27.984+0000] {logging_mixin.py:137} INFO - [2025-10-06T15:37:27.984+0000] {dag.py:3441} INFO - Setting next_dagrun for dataset_produces_2 to None, run_after=None
[2025-10-06T15:37:27.995+0000] {processor.py:175} INFO - Processing /home/airflow/.local/lib/python3.7/site-packages/airflow/example_dags/example_datasets.py took 0.054 seconds
[2025-10-06T15:37:58.296+0000] {processor.py:153} INFO - Started process (PID=652) to work on /home/airflow/.local/lib/python3.7/site-packages/airflow/example_dags/example_datasets.py
[2025-10-06T15:37:58.297+0000] {processor.py:743} INFO - Processing file /home/airflow/.local/lib/python3.7/site-packages/airflow/example_dags/example_datasets.py for tasks to queue
[2025-10-06T15:37:58.297+0000] {logging_mixin.py:137} INFO - [2025-10-06T15:37:58.297+0000] {dagbag.py:538} INFO - Filling up the DagBag from /home/airflow/.local/lib/python3.7/site-packages/airflow/example_dags/example_datasets.py
[2025-10-06T15:37:58.305+0000] {processor.py:753} INFO - DAG(s) dict_keys(['dataset_consumes_unknown_never_scheduled', 'dataset_produces_1', 'dataset_consumes_1', 'dataset_produces_2', 'dataset_consumes_1_never_scheduled', 'dataset_consumes_1_and_2']) retrieved from /home/airflow/.local/lib/python3.7/site-packages/airflow/example_dags/example_datasets.py
[2025-10-06T15:37:58.325+0000] {logging_mixin.py:137} INFO - [2025-10-06T15:37:58.325+0000] {dag.py:2690} INFO - Sync 6 DAGs
[2025-10-06T15:37:58.337+0000] {logging_mixin.py:137} INFO - [2025-10-06T15:37:58.337+0000] {dag.py:3441} INFO - Setting next_dagrun for dataset_consumes_1 to None, run_after=None
[2025-10-06T15:37:58.339+0000] {logging_mixin.py:137} INFO - [2025-10-06T15:37:58.339+0000] {dag.py:3441} INFO - Setting next_dagrun for dataset_consumes_1_and_2 to None, run_after=None
[2025-10-06T15:37:58.339+0000] {logging_mixin.py:137} INFO - [2025-10-06T15:37:58.339+0000] {dag.py:3441} INFO - Setting next_dagrun for dataset_consumes_1_never_scheduled to None, run_after=None
[2025-10-06T15:37:58.340+0000] {logging_mixin.py:137} INFO - [2025-10-06T15:37:58.340+0000] {dag.py:3441} INFO - Setting next_dagrun for dataset_consumes_unknown_never_scheduled to None, run_after=None
[2025-10-06T15:37:58.341+0000] {logging_mixin.py:137} INFO - [2025-10-06T15:37:58.341+0000] {dag.py:3441} INFO - Setting next_dagrun for dataset_produces_1 to 2025-10-05T00:00:00+00:00, run_after=2025-10-06T00:00:00+00:00
[2025-10-06T15:37:58.342+0000] {logging_mixin.py:137} INFO - [2025-10-06T15:37:58.341+0000] {dag.py:3441} INFO - Setting next_dagrun for dataset_produces_2 to None, run_after=None
[2025-10-06T15:37:58.354+0000] {processor.py:175} INFO - Processing /home/airflow/.local/lib/python3.7/site-packages/airflow/example_dags/example_datasets.py took 0.059 seconds
[2025-10-06T15:38:28.696+0000] {processor.py:153} INFO - Started process (PID=731) to work on /home/airflow/.local/lib/python3.7/site-packages/airflow/example_dags/example_datasets.py
[2025-10-06T15:38:28.697+0000] {processor.py:743} INFO - Processing file /home/airflow/.local/lib/python3.7/site-packages/airflow/example_dags/example_datasets.py for tasks to queue
[2025-10-06T15:38:28.698+0000] {logging_mixin.py:137} INFO - [2025-10-06T15:38:28.698+0000] {dagbag.py:538} INFO - Filling up the DagBag from /home/airflow/.local/lib/python3.7/site-packages/airflow/example_dags/example_datasets.py
[2025-10-06T15:38:28.706+0000] {processor.py:753} INFO - DAG(s) dict_keys(['dataset_consumes_1_and_2', 'dataset_consumes_1', 'dataset_produces_2', 'dataset_consumes_unknown_never_scheduled', 'dataset_consumes_1_never_scheduled', 'dataset_produces_1']) retrieved from /home/airflow/.local/lib/python3.7/site-packages/airflow/example_dags/example_datasets.py
[2025-10-06T15:38:28.725+0000] {logging_mixin.py:137} INFO - [2025-10-06T15:38:28.725+0000] {dag.py:2690} INFO - Sync 6 DAGs
[2025-10-06T15:38:28.736+0000] {logging_mixin.py:137} INFO - [2025-10-06T15:38:28.736+0000] {dag.py:3441} INFO - Setting next_dagrun for dataset_consumes_1 to None, run_after=None
[2025-10-06T15:38:28.739+0000] {logging_mixin.py:137} INFO - [2025-10-06T15:38:28.739+0000] {dag.py:3441} INFO - Setting next_dagrun for dataset_consumes_1_and_2 to None, run_after=None
[2025-10-06T15:38:28.740+0000] {logging_mixin.py:137} INFO - [2025-10-06T15:38:28.740+0000] {dag.py:3441} INFO - Setting next_dagrun for dataset_consumes_1_never_scheduled to None, run_after=None
[2025-10-06T15:38:28.741+0000] {logging_mixin.py:137} INFO - [2025-10-06T15:38:28.740+0000] {dag.py:3441} INFO - Setting next_dagrun for dataset_consumes_unknown_never_scheduled to None, run_after=None
[2025-10-06T15:38:28.742+0000] {logging_mixin.py:137} INFO - [2025-10-06T15:38:28.741+0000] {dag.py:3441} INFO - Setting next_dagrun for dataset_produces_1 to 2025-10-05T00:00:00+00:00, run_after=2025-10-06T00:00:00+00:00
[2025-10-06T15:38:28.742+0000] {logging_mixin.py:137} INFO - [2025-10-06T15:38:28.742+0000] {dag.py:3441} INFO - Setting next_dagrun for dataset_produces_2 to None, run_after=None
[2025-10-06T15:38:28.754+0000] {processor.py:175} INFO - Processing /home/airflow/.local/lib/python3.7/site-packages/airflow/example_dags/example_datasets.py took 0.060 seconds
[2025-10-06T15:38:59.108+0000] {processor.py:153} INFO - Started process (PID=830) to work on /home/airflow/.local/lib/python3.7/site-packages/airflow/example_dags/example_datasets.py
[2025-10-06T15:38:59.109+0000] {processor.py:743} INFO - Processing file /home/airflow/.local/lib/python3.7/site-packages/airflow/example_dags/example_datasets.py for tasks to queue
[2025-10-06T15:38:59.109+0000] {logging_mixin.py:137} INFO - [2025-10-06T15:38:59.109+0000] {dagbag.py:538} INFO - Filling up the DagBag from /home/airflow/.local/lib/python3.7/site-packages/airflow/example_dags/example_datasets.py
[2025-10-06T15:38:59.115+0000] {processor.py:753} INFO - DAG(s) dict_keys(['dataset_consumes_unknown_never_scheduled', 'dataset_produces_2', 'dataset_consumes_1_and_2', 'dataset_consumes_1', 'dataset_consumes_1_never_scheduled', 'dataset_produces_1']) retrieved from /home/airflow/.local/lib/python3.7/site-packages/airflow/example_dags/example_datasets.py
[2025-10-06T15:38:59.134+0000] {logging_mixin.py:137} INFO - [2025-10-06T15:38:59.134+0000] {dag.py:2690} INFO - Sync 6 DAGs
[2025-10-06T15:38:59.148+0000] {logging_mixin.py:137} INFO - [2025-10-06T15:38:59.147+0000] {dag.py:3441} INFO - Setting next_dagrun for dataset_consumes_1 to None, run_after=None
[2025-10-06T15:38:59.149+0000] {logging_mixin.py:137} INFO - [2025-10-06T15:38:59.149+0000] {dag.py:3441} INFO - Setting next_dagrun for dataset_consumes_1_and_2 to None, run_after=None
[2025-10-06T15:38:59.150+0000] {logging_mixin.py:137} INFO - [2025-10-06T15:38:59.150+0000] {dag.py:3441} INFO - Setting next_dagrun for dataset_consumes_1_never_scheduled to None, run_after=None
[2025-10-06T15:38:59.150+0000] {logging_mixin.py:137} INFO - [2025-10-06T15:38:59.150+0000] {dag.py:3441} INFO - Setting next_dagrun for dataset_consumes_unknown_never_scheduled to None, run_after=None
[2025-10-06T15:38:59.151+0000] {logging_mixin.py:137} INFO - [2025-10-06T15:38:59.151+0000] {dag.py:3441} INFO - Setting next_dagrun for dataset_produces_1 to 2025-10-05T00:00:00+00:00, run_after=2025-10-06T00:00:00+00:00
[2025-10-06T15:38:59.154+0000] {logging_mixin.py:137} INFO - [2025-10-06T15:38:59.154+0000] {dag.py:3441} INFO - Setting next_dagrun for dataset_produces_2 to None, run_after=None
[2025-10-06T15:38:59.168+0000] {processor.py:175} INFO - Processing /home/airflow/.local/lib/python3.7/site-packages/airflow/example_dags/example_datasets.py took 0.062 seconds
[2025-10-06T15:39:29.566+0000] {processor.py:153} INFO - Started process (PID=929) to work on /home/airflow/.local/lib/python3.7/site-packages/airflow/example_dags/example_datasets.py
[2025-10-06T15:39:29.566+0000] {processor.py:743} INFO - Processing file /home/airflow/.local/lib/python3.7/site-packages/airflow/example_dags/example_datasets.py for tasks to queue
[2025-10-06T15:39:29.566+0000] {logging_mixin.py:137} INFO - [2025-10-06T15:39:29.566+0000] {dagbag.py:538} INFO - Filling up the DagBag from /home/airflow/.local/lib/python3.7/site-packages/airflow/example_dags/example_datasets.py
[2025-10-06T15:39:29.572+0000] {processor.py:753} INFO - DAG(s) dict_keys(['dataset_consumes_1', 'dataset_produces_2', 'dataset_consumes_1_never_scheduled', 'dataset_produces_1', 'dataset_consumes_unknown_never_scheduled', 'dataset_consumes_1_and_2']) retrieved from /home/airflow/.local/lib/python3.7/site-packages/airflow/example_dags/example_datasets.py
[2025-10-06T15:39:29.588+0000] {logging_mixin.py:137} INFO - [2025-10-06T15:39:29.588+0000] {dag.py:2690} INFO - Sync 6 DAGs
[2025-10-06T15:39:29.597+0000] {logging_mixin.py:137} INFO - [2025-10-06T15:39:29.597+0000] {dag.py:3441} INFO - Setting next_dagrun for dataset_consumes_1 to None, run_after=None
[2025-10-06T15:39:29.598+0000] {logging_mixin.py:137} INFO - [2025-10-06T15:39:29.598+0000] {dag.py:3441} INFO - Setting next_dagrun for dataset_consumes_1_and_2 to None, run_after=None
[2025-10-06T15:39:29.599+0000] {logging_mixin.py:137} INFO - [2025-10-06T15:39:29.599+0000] {dag.py:3441} INFO - Setting next_dagrun for dataset_consumes_1_never_scheduled to None, run_after=None
[2025-10-06T15:39:29.599+0000] {logging_mixin.py:137} INFO - [2025-10-06T15:39:29.599+0000] {dag.py:3441} INFO - Setting next_dagrun for dataset_consumes_unknown_never_scheduled to None, run_after=None
[2025-10-06T15:39:29.600+0000] {logging_mixin.py:137} INFO - [2025-10-06T15:39:29.600+0000] {dag.py:3441} INFO - Setting next_dagrun for dataset_produces_1 to 2025-10-05T00:00:00+00:00, run_after=2025-10-06T00:00:00+00:00
[2025-10-06T15:39:29.601+0000] {logging_mixin.py:137} INFO - [2025-10-06T15:39:29.600+0000] {dag.py:3441} INFO - Setting next_dagrun for dataset_produces_2 to None, run_after=None
[2025-10-06T15:39:29.612+0000] {processor.py:175} INFO - Processing /home/airflow/.local/lib/python3.7/site-packages/airflow/example_dags/example_datasets.py took 0.047 seconds
[2025-10-06T15:39:59.849+0000] {processor.py:153} INFO - Started process (PID=1028) to work on /home/airflow/.local/lib/python3.7/site-packages/airflow/example_dags/example_datasets.py
[2025-10-06T15:39:59.850+0000] {processor.py:743} INFO - Processing file /home/airflow/.local/lib/python3.7/site-packages/airflow/example_dags/example_datasets.py for tasks to queue
[2025-10-06T15:39:59.851+0000] {logging_mixin.py:137} INFO - [2025-10-06T15:39:59.851+0000] {dagbag.py:538} INFO - Filling up the DagBag from /home/airflow/.local/lib/python3.7/site-packages/airflow/example_dags/example_datasets.py
[2025-10-06T15:39:59.858+0000] {processor.py:753} INFO - DAG(s) dict_keys(['dataset_produces_2', 'dataset_consumes_1_never_scheduled', 'dataset_produces_1', 'dataset_consumes_1_and_2', 'dataset_consumes_unknown_never_scheduled', 'dataset_consumes_1']) retrieved from /home/airflow/.local/lib/python3.7/site-packages/airflow/example_dags/example_datasets.py
[2025-10-06T15:39:59.874+0000] {logging_mixin.py:137} INFO - [2025-10-06T15:39:59.874+0000] {dag.py:2690} INFO - Sync 6 DAGs
[2025-10-06T15:39:59.884+0000] {logging_mixin.py:137} INFO - [2025-10-06T15:39:59.884+0000] {dag.py:3441} INFO - Setting next_dagrun for dataset_consumes_1 to None, run_after=None
[2025-10-06T15:39:59.886+0000] {logging_mixin.py:137} INFO - [2025-10-06T15:39:59.886+0000] {dag.py:3441} INFO - Setting next_dagrun for dataset_consumes_1_and_2 to None, run_after=None
[2025-10-06T15:39:59.886+0000] {logging_mixin.py:137} INFO - [2025-10-06T15:39:59.886+0000] {dag.py:3441} INFO - Setting next_dagrun for dataset_consumes_1_never_scheduled to None, run_after=None
[2025-10-06T15:39:59.887+0000] {logging_mixin.py:137} INFO - [2025-10-06T15:39:59.887+0000] {dag.py:3441} INFO - Setting next_dagrun for dataset_consumes_unknown_never_scheduled to None, run_after=None
[2025-10-06T15:39:59.888+0000] {logging_mixin.py:137} INFO - [2025-10-06T15:39:59.888+0000] {dag.py:3441} INFO - Setting next_dagrun for dataset_produces_1 to 2025-10-05T00:00:00+00:00, run_after=2025-10-06T00:00:00+00:00
[2025-10-06T15:39:59.888+0000] {logging_mixin.py:137} INFO - [2025-10-06T15:39:59.888+0000] {dag.py:3441} INFO - Setting next_dagrun for dataset_produces_2 to None, run_after=None
[2025-10-06T15:39:59.899+0000] {processor.py:175} INFO - Processing /home/airflow/.local/lib/python3.7/site-packages/airflow/example_dags/example_datasets.py took 0.052 seconds
[2025-10-06T15:40:30.011+0000] {processor.py:153} INFO - Started process (PID=1107) to work on /home/airflow/.local/lib/python3.7/site-packages/airflow/example_dags/example_datasets.py
[2025-10-06T15:40:30.014+0000] {processor.py:743} INFO - Processing file /home/airflow/.local/lib/python3.7/site-packages/airflow/example_dags/example_datasets.py for tasks to queue
[2025-10-06T15:40:30.014+0000] {logging_mixin.py:137} INFO - [2025-10-06T15:40:30.014+0000] {dagbag.py:538} INFO - Filling up the DagBag from /home/airflow/.local/lib/python3.7/site-packages/airflow/example_dags/example_datasets.py
[2025-10-06T15:40:30.021+0000] {processor.py:753} INFO - DAG(s) dict_keys(['dataset_produces_1', 'dataset_consumes_unknown_never_scheduled', 'dataset_consumes_1_never_scheduled', 'dataset_consumes_1_and_2', 'dataset_produces_2', 'dataset_consumes_1']) retrieved from /home/airflow/.local/lib/python3.7/site-packages/airflow/example_dags/example_datasets.py
[2025-10-06T15:40:30.037+0000] {logging_mixin.py:137} INFO - [2025-10-06T15:40:30.037+0000] {dag.py:2690} INFO - Sync 6 DAGs
[2025-10-06T15:40:30.049+0000] {logging_mixin.py:137} INFO - [2025-10-06T15:40:30.049+0000] {dag.py:3441} INFO - Setting next_dagrun for dataset_consumes_1 to None, run_after=None
[2025-10-06T15:40:30.050+0000] {logging_mixin.py:137} INFO - [2025-10-06T15:40:30.050+0000] {dag.py:3441} INFO - Setting next_dagrun for dataset_consumes_1_and_2 to None, run_after=None
[2025-10-06T15:40:30.051+0000] {logging_mixin.py:137} INFO - [2025-10-06T15:40:30.051+0000] {dag.py:3441} INFO - Setting next_dagrun for dataset_consumes_1_never_scheduled to None, run_after=None
[2025-10-06T15:40:30.051+0000] {logging_mixin.py:137} INFO - [2025-10-06T15:40:30.051+0000] {dag.py:3441} INFO - Setting next_dagrun for dataset_consumes_unknown_never_scheduled to None, run_after=None
[2025-10-06T15:40:30.052+0000] {logging_mixin.py:137} INFO - [2025-10-06T15:40:30.052+0000] {dag.py:3441} INFO - Setting next_dagrun for dataset_produces_1 to 2025-10-05T00:00:00+00:00, run_after=2025-10-06T00:00:00+00:00
[2025-10-06T15:40:30.052+0000] {logging_mixin.py:137} INFO - [2025-10-06T15:40:30.052+0000] {dag.py:3441} INFO - Setting next_dagrun for dataset_produces_2 to None, run_after=None
[2025-10-06T15:40:30.066+0000] {processor.py:175} INFO - Processing /home/airflow/.local/lib/python3.7/site-packages/airflow/example_dags/example_datasets.py took 0.056 seconds
[2025-10-06T15:41:00.326+0000] {processor.py:153} INFO - Started process (PID=1206) to work on /home/airflow/.local/lib/python3.7/site-packages/airflow/example_dags/example_datasets.py
[2025-10-06T15:41:00.327+0000] {processor.py:743} INFO - Processing file /home/airflow/.local/lib/python3.7/site-packages/airflow/example_dags/example_datasets.py for tasks to queue
[2025-10-06T15:41:00.327+0000] {logging_mixin.py:137} INFO - [2025-10-06T15:41:00.327+0000] {dagbag.py:538} INFO - Filling up the DagBag from /home/airflow/.local/lib/python3.7/site-packages/airflow/example_dags/example_datasets.py
[2025-10-06T15:41:00.334+0000] {processor.py:753} INFO - DAG(s) dict_keys(['dataset_consumes_1', 'dataset_consumes_1_never_scheduled', 'dataset_produces_1', 'dataset_consumes_1_and_2', 'dataset_consumes_unknown_never_scheduled', 'dataset_produces_2']) retrieved from /home/airflow/.local/lib/python3.7/site-packages/airflow/example_dags/example_datasets.py
[2025-10-06T15:41:00.352+0000] {logging_mixin.py:137} INFO - [2025-10-06T15:41:00.352+0000] {dag.py:2690} INFO - Sync 6 DAGs
[2025-10-06T15:41:00.364+0000] {logging_mixin.py:137} INFO - [2025-10-06T15:41:00.364+0000] {dag.py:3441} INFO - Setting next_dagrun for dataset_consumes_1 to None, run_after=None
[2025-10-06T15:41:00.366+0000] {logging_mixin.py:137} INFO - [2025-10-06T15:41:00.366+0000] {dag.py:3441} INFO - Setting next_dagrun for dataset_consumes_1_and_2 to None, run_after=None
[2025-10-06T15:41:00.367+0000] {logging_mixin.py:137} INFO - [2025-10-06T15:41:00.367+0000] {dag.py:3441} INFO - Setting next_dagrun for dataset_consumes_1_never_scheduled to None, run_after=None
[2025-10-06T15:41:00.367+0000] {logging_mixin.py:137} INFO - [2025-10-06T15:41:00.367+0000] {dag.py:3441} INFO - Setting next_dagrun for dataset_consumes_unknown_never_scheduled to None, run_after=None
[2025-10-06T15:41:00.369+0000] {logging_mixin.py:137} INFO - [2025-10-06T15:41:00.369+0000] {dag.py:3441} INFO - Setting next_dagrun for dataset_produces_1 to 2025-10-05T00:00:00+00:00, run_after=2025-10-06T00:00:00+00:00
[2025-10-06T15:41:00.370+0000] {logging_mixin.py:137} INFO - [2025-10-06T15:41:00.370+0000] {dag.py:3441} INFO - Setting next_dagrun for dataset_produces_2 to None, run_after=None
[2025-10-06T15:41:00.384+0000] {processor.py:175} INFO - Processing /home/airflow/.local/lib/python3.7/site-packages/airflow/example_dags/example_datasets.py took 0.060 seconds
[2025-10-06T15:41:30.597+0000] {processor.py:153} INFO - Started process (PID=1305) to work on /home/airflow/.local/lib/python3.7/site-packages/airflow/example_dags/example_datasets.py
[2025-10-06T15:41:30.597+0000] {processor.py:743} INFO - Processing file /home/airflow/.local/lib/python3.7/site-packages/airflow/example_dags/example_datasets.py for tasks to queue
[2025-10-06T15:41:30.599+0000] {logging_mixin.py:137} INFO - [2025-10-06T15:41:30.599+0000] {dagbag.py:538} INFO - Filling up the DagBag from /home/airflow/.local/lib/python3.7/site-packages/airflow/example_dags/example_datasets.py
[2025-10-06T15:41:30.606+0000] {processor.py:753} INFO - DAG(s) dict_keys(['dataset_consumes_unknown_never_scheduled', 'dataset_consumes_1_and_2', 'dataset_produces_1', 'dataset_produces_2', 'dataset_consumes_1_never_scheduled', 'dataset_consumes_1']) retrieved from /home/airflow/.local/lib/python3.7/site-packages/airflow/example_dags/example_datasets.py
[2025-10-06T15:41:30.623+0000] {logging_mixin.py:137} INFO - [2025-10-06T15:41:30.623+0000] {dag.py:2690} INFO - Sync 6 DAGs
[2025-10-06T15:41:30.634+0000] {logging_mixin.py:137} INFO - [2025-10-06T15:41:30.634+0000] {dag.py:3441} INFO - Setting next_dagrun for dataset_consumes_1 to None, run_after=None
[2025-10-06T15:41:30.635+0000] {logging_mixin.py:137} INFO - [2025-10-06T15:41:30.635+0000] {dag.py:3441} INFO - Setting next_dagrun for dataset_consumes_1_and_2 to None, run_after=None
[2025-10-06T15:41:30.636+0000] {logging_mixin.py:137} INFO - [2025-10-06T15:41:30.636+0000] {dag.py:3441} INFO - Setting next_dagrun for dataset_consumes_1_never_scheduled to None, run_after=None
[2025-10-06T15:41:30.636+0000] {logging_mixin.py:137} INFO - [2025-10-06T15:41:30.636+0000] {dag.py:3441} INFO - Setting next_dagrun for dataset_consumes_unknown_never_scheduled to None, run_after=None
[2025-10-06T15:41:30.637+0000] {logging_mixin.py:137} INFO - [2025-10-06T15:41:30.637+0000] {dag.py:3441} INFO - Setting next_dagrun for dataset_produces_1 to 2025-10-05T00:00:00+00:00, run_after=2025-10-06T00:00:00+00:00
[2025-10-06T15:41:30.637+0000] {logging_mixin.py:137} INFO - [2025-10-06T15:41:30.637+0000] {dag.py:3441} INFO - Setting next_dagrun for dataset_produces_2 to None, run_after=None
[2025-10-06T15:41:30.651+0000] {processor.py:175} INFO - Processing /home/airflow/.local/lib/python3.7/site-packages/airflow/example_dags/example_datasets.py took 0.055 seconds
[2025-10-06T15:42:00.993+0000] {processor.py:153} INFO - Started process (PID=1406) to work on /home/airflow/.local/lib/python3.7/site-packages/airflow/example_dags/example_datasets.py
[2025-10-06T15:42:00.993+0000] {processor.py:743} INFO - Processing file /home/airflow/.local/lib/python3.7/site-packages/airflow/example_dags/example_datasets.py for tasks to queue
[2025-10-06T15:42:00.993+0000] {logging_mixin.py:137} INFO - [2025-10-06T15:42:00.993+0000] {dagbag.py:538} INFO - Filling up the DagBag from /home/airflow/.local/lib/python3.7/site-packages/airflow/example_dags/example_datasets.py
[2025-10-06T15:42:01.000+0000] {processor.py:753} INFO - DAG(s) dict_keys(['dataset_produces_2', 'dataset_consumes_1_and_2', 'dataset_consumes_1', 'dataset_produces_1', 'dataset_consumes_1_never_scheduled', 'dataset_consumes_unknown_never_scheduled']) retrieved from /home/airflow/.local/lib/python3.7/site-packages/airflow/example_dags/example_datasets.py
[2025-10-06T15:42:01.014+0000] {logging_mixin.py:137} INFO - [2025-10-06T15:42:01.014+0000] {dag.py:2690} INFO - Sync 6 DAGs
[2025-10-06T15:42:01.024+0000] {logging_mixin.py:137} INFO - [2025-10-06T15:42:01.024+0000] {dag.py:3441} INFO - Setting next_dagrun for dataset_consumes_1 to None, run_after=None
[2025-10-06T15:42:01.025+0000] {logging_mixin.py:137} INFO - [2025-10-06T15:42:01.025+0000] {dag.py:3441} INFO - Setting next_dagrun for dataset_consumes_1_and_2 to None, run_after=None
[2025-10-06T15:42:01.025+0000] {logging_mixin.py:137} INFO - [2025-10-06T15:42:01.025+0000] {dag.py:3441} INFO - Setting next_dagrun for dataset_consumes_1_never_scheduled to None, run_after=None
[2025-10-06T15:42:01.026+0000] {logging_mixin.py:137} INFO - [2025-10-06T15:42:01.026+0000] {dag.py:3441} INFO - Setting next_dagrun for dataset_consumes_unknown_never_scheduled to None, run_after=None
[2025-10-06T15:42:01.027+0000] {logging_mixin.py:137} INFO - [2025-10-06T15:42:01.027+0000] {dag.py:3441} INFO - Setting next_dagrun for dataset_produces_1 to 2025-10-05T00:00:00+00:00, run_after=2025-10-06T00:00:00+00:00
[2025-10-06T15:42:01.027+0000] {logging_mixin.py:137} INFO - [2025-10-06T15:42:01.027+0000] {dag.py:3441} INFO - Setting next_dagrun for dataset_produces_2 to None, run_after=None
[2025-10-06T15:42:01.039+0000] {processor.py:175} INFO - Processing /home/airflow/.local/lib/python3.7/site-packages/airflow/example_dags/example_datasets.py took 0.048 seconds
[2025-10-06T15:42:31.231+0000] {processor.py:153} INFO - Started process (PID=1483) to work on /home/airflow/.local/lib/python3.7/site-packages/airflow/example_dags/example_datasets.py
[2025-10-06T15:42:31.231+0000] {processor.py:743} INFO - Processing file /home/airflow/.local/lib/python3.7/site-packages/airflow/example_dags/example_datasets.py for tasks to queue
[2025-10-06T15:42:31.231+0000] {logging_mixin.py:137} INFO - [2025-10-06T15:42:31.231+0000] {dagbag.py:538} INFO - Filling up the DagBag from /home/airflow/.local/lib/python3.7/site-packages/airflow/example_dags/example_datasets.py
[2025-10-06T15:42:31.238+0000] {processor.py:753} INFO - DAG(s) dict_keys(['dataset_consumes_1_never_scheduled', 'dataset_produces_1', 'dataset_consumes_unknown_never_scheduled', 'dataset_consumes_1', 'dataset_produces_2', 'dataset_consumes_1_and_2']) retrieved from /home/airflow/.local/lib/python3.7/site-packages/airflow/example_dags/example_datasets.py
[2025-10-06T15:42:31.253+0000] {logging_mixin.py:137} INFO - [2025-10-06T15:42:31.253+0000] {dag.py:2690} INFO - Sync 6 DAGs
[2025-10-06T15:42:31.265+0000] {logging_mixin.py:137} INFO - [2025-10-06T15:42:31.265+0000] {dag.py:3441} INFO - Setting next_dagrun for dataset_consumes_1 to None, run_after=None
[2025-10-06T15:42:31.267+0000] {logging_mixin.py:137} INFO - [2025-10-06T15:42:31.267+0000] {dag.py:3441} INFO - Setting next_dagrun for dataset_consumes_1_and_2 to None, run_after=None
[2025-10-06T15:42:31.268+0000] {logging_mixin.py:137} INFO - [2025-10-06T15:42:31.268+0000] {dag.py:3441} INFO - Setting next_dagrun for dataset_consumes_1_never_scheduled to None, run_after=None
[2025-10-06T15:42:31.270+0000] {logging_mixin.py:137} INFO - [2025-10-06T15:42:31.270+0000] {dag.py:3441} INFO - Setting next_dagrun for dataset_consumes_unknown_never_scheduled to None, run_after=None
[2025-10-06T15:42:31.272+0000] {logging_mixin.py:137} INFO - [2025-10-06T15:42:31.272+0000] {dag.py:3441} INFO - Setting next_dagrun for dataset_produces_1 to 2025-10-05T00:00:00+00:00, run_after=2025-10-06T00:00:00+00:00
[2025-10-06T15:42:31.273+0000] {logging_mixin.py:137} INFO - [2025-10-06T15:42:31.273+0000] {dag.py:3441} INFO - Setting next_dagrun for dataset_produces_2 to None, run_after=None
[2025-10-06T15:42:31.285+0000] {processor.py:175} INFO - Processing /home/airflow/.local/lib/python3.7/site-packages/airflow/example_dags/example_datasets.py took 0.055 seconds
[2025-10-06T15:43:01.462+0000] {processor.py:153} INFO - Started process (PID=1583) to work on /home/airflow/.local/lib/python3.7/site-packages/airflow/example_dags/example_datasets.py
[2025-10-06T15:43:01.462+0000] {processor.py:743} INFO - Processing file /home/airflow/.local/lib/python3.7/site-packages/airflow/example_dags/example_datasets.py for tasks to queue
[2025-10-06T15:43:01.462+0000] {logging_mixin.py:137} INFO - [2025-10-06T15:43:01.462+0000] {dagbag.py:538} INFO - Filling up the DagBag from /home/airflow/.local/lib/python3.7/site-packages/airflow/example_dags/example_datasets.py
[2025-10-06T15:43:01.469+0000] {processor.py:753} INFO - DAG(s) dict_keys(['dataset_produces_1', 'dataset_produces_2', 'dataset_consumes_1', 'dataset_consumes_1_and_2', 'dataset_consumes_unknown_never_scheduled', 'dataset_consumes_1_never_scheduled']) retrieved from /home/airflow/.local/lib/python3.7/site-packages/airflow/example_dags/example_datasets.py
[2025-10-06T15:43:01.485+0000] {logging_mixin.py:137} INFO - [2025-10-06T15:43:01.485+0000] {dag.py:2690} INFO - Sync 6 DAGs
[2025-10-06T15:43:01.496+0000] {logging_mixin.py:137} INFO - [2025-10-06T15:43:01.496+0000] {dag.py:3441} INFO - Setting next_dagrun for dataset_consumes_1 to None, run_after=None
[2025-10-06T15:43:01.497+0000] {logging_mixin.py:137} INFO - [2025-10-06T15:43:01.497+0000] {dag.py:3441} INFO - Setting next_dagrun for dataset_consumes_1_and_2 to None, run_after=None
[2025-10-06T15:43:01.498+0000] {logging_mixin.py:137} INFO - [2025-10-06T15:43:01.498+0000] {dag.py:3441} INFO - Setting next_dagrun for dataset_consumes_1_never_scheduled to None, run_after=None
[2025-10-06T15:43:01.498+0000] {logging_mixin.py:137} INFO - [2025-10-06T15:43:01.498+0000] {dag.py:3441} INFO - Setting next_dagrun for dataset_consumes_unknown_never_scheduled to None, run_after=None
[2025-10-06T15:43:01.499+0000] {logging_mixin.py:137} INFO - [2025-10-06T15:43:01.499+0000] {dag.py:3441} INFO - Setting next_dagrun for dataset_produces_1 to 2025-10-05T00:00:00+00:00, run_after=2025-10-06T00:00:00+00:00
[2025-10-06T15:43:01.499+0000] {logging_mixin.py:137} INFO - [2025-10-06T15:43:01.499+0000] {dag.py:3441} INFO - Setting next_dagrun for dataset_produces_2 to None, run_after=None
[2025-10-06T15:43:01.511+0000] {processor.py:175} INFO - Processing /home/airflow/.local/lib/python3.7/site-packages/airflow/example_dags/example_datasets.py took 0.051 seconds
[2025-10-06T15:43:31.793+0000] {processor.py:153} INFO - Started process (PID=1682) to work on /home/airflow/.local/lib/python3.7/site-packages/airflow/example_dags/example_datasets.py
[2025-10-06T15:43:31.794+0000] {processor.py:743} INFO - Processing file /home/airflow/.local/lib/python3.7/site-packages/airflow/example_dags/example_datasets.py for tasks to queue
[2025-10-06T15:43:31.794+0000] {logging_mixin.py:137} INFO - [2025-10-06T15:43:31.794+0000] {dagbag.py:538} INFO - Filling up the DagBag from /home/airflow/.local/lib/python3.7/site-packages/airflow/example_dags/example_datasets.py
[2025-10-06T15:43:31.804+0000] {processor.py:753} INFO - DAG(s) dict_keys(['dataset_consumes_unknown_never_scheduled', 'dataset_produces_1', 'dataset_produces_2', 'dataset_consumes_1_and_2', 'dataset_consumes_1', 'dataset_consumes_1_never_scheduled']) retrieved from /home/airflow/.local/lib/python3.7/site-packages/airflow/example_dags/example_datasets.py
[2025-10-06T15:43:31.821+0000] {logging_mixin.py:137} INFO - [2025-10-06T15:43:31.821+0000] {dag.py:2690} INFO - Sync 6 DAGs
[2025-10-06T15:43:31.833+0000] {logging_mixin.py:137} INFO - [2025-10-06T15:43:31.833+0000] {dag.py:3441} INFO - Setting next_dagrun for dataset_consumes_1 to None, run_after=None
[2025-10-06T15:43:31.835+0000] {logging_mixin.py:137} INFO - [2025-10-06T15:43:31.835+0000] {dag.py:3441} INFO - Setting next_dagrun for dataset_consumes_1_and_2 to None, run_after=None
[2025-10-06T15:43:31.835+0000] {logging_mixin.py:137} INFO - [2025-10-06T15:43:31.835+0000] {dag.py:3441} INFO - Setting next_dagrun for dataset_consumes_1_never_scheduled to None, run_after=None
[2025-10-06T15:43:31.836+0000] {logging_mixin.py:137} INFO - [2025-10-06T15:43:31.836+0000] {dag.py:3441} INFO - Setting next_dagrun for dataset_consumes_unknown_never_scheduled to None, run_after=None
[2025-10-06T15:43:31.837+0000] {logging_mixin.py:137} INFO - [2025-10-06T15:43:31.837+0000] {dag.py:3441} INFO - Setting next_dagrun for dataset_produces_1 to 2025-10-05T00:00:00+00:00, run_after=2025-10-06T00:00:00+00:00
[2025-10-06T15:43:31.838+0000] {logging_mixin.py:137} INFO - [2025-10-06T15:43:31.838+0000] {dag.py:3441} INFO - Setting next_dagrun for dataset_produces_2 to None, run_after=None
[2025-10-06T15:43:31.852+0000] {processor.py:175} INFO - Processing /home/airflow/.local/lib/python3.7/site-packages/airflow/example_dags/example_datasets.py took 0.060 seconds
[2025-10-06T15:44:02.223+0000] {processor.py:153} INFO - Started process (PID=1781) to work on /home/airflow/.local/lib/python3.7/site-packages/airflow/example_dags/example_datasets.py
[2025-10-06T15:44:02.224+0000] {processor.py:743} INFO - Processing file /home/airflow/.local/lib/python3.7/site-packages/airflow/example_dags/example_datasets.py for tasks to queue
[2025-10-06T15:44:02.224+0000] {logging_mixin.py:137} INFO - [2025-10-06T15:44:02.224+0000] {dagbag.py:538} INFO - Filling up the DagBag from /home/airflow/.local/lib/python3.7/site-packages/airflow/example_dags/example_datasets.py
[2025-10-06T15:44:02.231+0000] {processor.py:753} INFO - DAG(s) dict_keys(['dataset_consumes_1_and_2', 'dataset_produces_2', 'dataset_consumes_unknown_never_scheduled', 'dataset_consumes_1', 'dataset_produces_1', 'dataset_consumes_1_never_scheduled']) retrieved from /home/airflow/.local/lib/python3.7/site-packages/airflow/example_dags/example_datasets.py
[2025-10-06T15:44:02.248+0000] {logging_mixin.py:137} INFO - [2025-10-06T15:44:02.248+0000] {dag.py:2690} INFO - Sync 6 DAGs
[2025-10-06T15:44:02.259+0000] {logging_mixin.py:137} INFO - [2025-10-06T15:44:02.259+0000] {dag.py:3441} INFO - Setting next_dagrun for dataset_consumes_1 to None, run_after=None
[2025-10-06T15:44:02.261+0000] {logging_mixin.py:137} INFO - [2025-10-06T15:44:02.261+0000] {dag.py:3441} INFO - Setting next_dagrun for dataset_consumes_1_and_2 to None, run_after=None
[2025-10-06T15:44:02.262+0000] {logging_mixin.py:137} INFO - [2025-10-06T15:44:02.262+0000] {dag.py:3441} INFO - Setting next_dagrun for dataset_consumes_1_never_scheduled to None, run_after=None
[2025-10-06T15:44:02.262+0000] {logging_mixin.py:137} INFO - [2025-10-06T15:44:02.262+0000] {dag.py:3441} INFO - Setting next_dagrun for dataset_consumes_unknown_never_scheduled to None, run_after=None
[2025-10-06T15:44:02.263+0000] {logging_mixin.py:137} INFO - [2025-10-06T15:44:02.263+0000] {dag.py:3441} INFO - Setting next_dagrun for dataset_produces_1 to 2025-10-05T00:00:00+00:00, run_after=2025-10-06T00:00:00+00:00
[2025-10-06T15:44:02.265+0000] {logging_mixin.py:137} INFO - [2025-10-06T15:44:02.265+0000] {dag.py:3441} INFO - Setting next_dagrun for dataset_produces_2 to None, run_after=None
[2025-10-06T15:44:02.279+0000] {processor.py:175} INFO - Processing /home/airflow/.local/lib/python3.7/site-packages/airflow/example_dags/example_datasets.py took 0.057 seconds
[2025-10-06T15:44:32.613+0000] {processor.py:153} INFO - Started process (PID=1861) to work on /home/airflow/.local/lib/python3.7/site-packages/airflow/example_dags/example_datasets.py
[2025-10-06T15:44:32.613+0000] {processor.py:743} INFO - Processing file /home/airflow/.local/lib/python3.7/site-packages/airflow/example_dags/example_datasets.py for tasks to queue
[2025-10-06T15:44:32.614+0000] {logging_mixin.py:137} INFO - [2025-10-06T15:44:32.614+0000] {dagbag.py:538} INFO - Filling up the DagBag from /home/airflow/.local/lib/python3.7/site-packages/airflow/example_dags/example_datasets.py
[2025-10-06T15:44:32.620+0000] {processor.py:753} INFO - DAG(s) dict_keys(['dataset_consumes_1_never_scheduled', 'dataset_produces_1', 'dataset_produces_2', 'dataset_consumes_unknown_never_scheduled', 'dataset_consumes_1', 'dataset_consumes_1_and_2']) retrieved from /home/airflow/.local/lib/python3.7/site-packages/airflow/example_dags/example_datasets.py
[2025-10-06T15:44:32.638+0000] {logging_mixin.py:137} INFO - [2025-10-06T15:44:32.638+0000] {dag.py:2690} INFO - Sync 6 DAGs
[2025-10-06T15:44:32.648+0000] {logging_mixin.py:137} INFO - [2025-10-06T15:44:32.648+0000] {dag.py:3441} INFO - Setting next_dagrun for dataset_consumes_1 to None, run_after=None
[2025-10-06T15:44:32.649+0000] {logging_mixin.py:137} INFO - [2025-10-06T15:44:32.649+0000] {dag.py:3441} INFO - Setting next_dagrun for dataset_consumes_1_and_2 to None, run_after=None
[2025-10-06T15:44:32.650+0000] {logging_mixin.py:137} INFO - [2025-10-06T15:44:32.650+0000] {dag.py:3441} INFO - Setting next_dagrun for dataset_consumes_1_never_scheduled to None, run_after=None
[2025-10-06T15:44:32.650+0000] {logging_mixin.py:137} INFO - [2025-10-06T15:44:32.650+0000] {dag.py:3441} INFO - Setting next_dagrun for dataset_consumes_unknown_never_scheduled to None, run_after=None
[2025-10-06T15:44:32.651+0000] {logging_mixin.py:137} INFO - [2025-10-06T15:44:32.651+0000] {dag.py:3441} INFO - Setting next_dagrun for dataset_produces_1 to 2025-10-05T00:00:00+00:00, run_after=2025-10-06T00:00:00+00:00
[2025-10-06T15:44:32.652+0000] {logging_mixin.py:137} INFO - [2025-10-06T15:44:32.652+0000] {dag.py:3441} INFO - Setting next_dagrun for dataset_produces_2 to None, run_after=None
[2025-10-06T15:44:32.663+0000] {processor.py:175} INFO - Processing /home/airflow/.local/lib/python3.7/site-packages/airflow/example_dags/example_datasets.py took 0.052 seconds
[2025-10-06T15:45:02.945+0000] {processor.py:153} INFO - Started process (PID=1959) to work on /home/airflow/.local/lib/python3.7/site-packages/airflow/example_dags/example_datasets.py
[2025-10-06T15:45:02.945+0000] {processor.py:743} INFO - Processing file /home/airflow/.local/lib/python3.7/site-packages/airflow/example_dags/example_datasets.py for tasks to queue
[2025-10-06T15:45:02.946+0000] {logging_mixin.py:137} INFO - [2025-10-06T15:45:02.946+0000] {dagbag.py:538} INFO - Filling up the DagBag from /home/airflow/.local/lib/python3.7/site-packages/airflow/example_dags/example_datasets.py
[2025-10-06T15:45:02.953+0000] {processor.py:753} INFO - DAG(s) dict_keys(['dataset_consumes_unknown_never_scheduled', 'dataset_produces_1', 'dataset_produces_2', 'dataset_consumes_1', 'dataset_consumes_1_never_scheduled', 'dataset_consumes_1_and_2']) retrieved from /home/airflow/.local/lib/python3.7/site-packages/airflow/example_dags/example_datasets.py
[2025-10-06T15:45:02.970+0000] {logging_mixin.py:137} INFO - [2025-10-06T15:45:02.970+0000] {dag.py:2690} INFO - Sync 6 DAGs
[2025-10-06T15:45:02.982+0000] {logging_mixin.py:137} INFO - [2025-10-06T15:45:02.981+0000] {dag.py:3441} INFO - Setting next_dagrun for dataset_consumes_1 to None, run_after=None
[2025-10-06T15:45:02.983+0000] {logging_mixin.py:137} INFO - [2025-10-06T15:45:02.983+0000] {dag.py:3441} INFO - Setting next_dagrun for dataset_consumes_1_and_2 to None, run_after=None
[2025-10-06T15:45:02.984+0000] {logging_mixin.py:137} INFO - [2025-10-06T15:45:02.984+0000] {dag.py:3441} INFO - Setting next_dagrun for dataset_consumes_1_never_scheduled to None, run_after=None
[2025-10-06T15:45:02.984+0000] {logging_mixin.py:137} INFO - [2025-10-06T15:45:02.984+0000] {dag.py:3441} INFO - Setting next_dagrun for dataset_consumes_unknown_never_scheduled to None, run_after=None
[2025-10-06T15:45:02.985+0000] {logging_mixin.py:137} INFO - [2025-10-06T15:45:02.985+0000] {dag.py:3441} INFO - Setting next_dagrun for dataset_produces_1 to 2025-10-05T00:00:00+00:00, run_after=2025-10-06T00:00:00+00:00
[2025-10-06T15:45:02.986+0000] {logging_mixin.py:137} INFO - [2025-10-06T15:45:02.986+0000] {dag.py:3441} INFO - Setting next_dagrun for dataset_produces_2 to None, run_after=None
[2025-10-06T15:45:02.998+0000] {processor.py:175} INFO - Processing /home/airflow/.local/lib/python3.7/site-packages/airflow/example_dags/example_datasets.py took 0.055 seconds
[2025-10-06T15:45:33.230+0000] {processor.py:153} INFO - Started process (PID=2058) to work on /home/airflow/.local/lib/python3.7/site-packages/airflow/example_dags/example_datasets.py
[2025-10-06T15:45:33.232+0000] {processor.py:743} INFO - Processing file /home/airflow/.local/lib/python3.7/site-packages/airflow/example_dags/example_datasets.py for tasks to queue
[2025-10-06T15:45:33.232+0000] {logging_mixin.py:137} INFO - [2025-10-06T15:45:33.232+0000] {dagbag.py:538} INFO - Filling up the DagBag from /home/airflow/.local/lib/python3.7/site-packages/airflow/example_dags/example_datasets.py
[2025-10-06T15:45:33.239+0000] {processor.py:753} INFO - DAG(s) dict_keys(['dataset_consumes_1', 'dataset_produces_2', 'dataset_consumes_1_never_scheduled', 'dataset_consumes_1_and_2', 'dataset_consumes_unknown_never_scheduled', 'dataset_produces_1']) retrieved from /home/airflow/.local/lib/python3.7/site-packages/airflow/example_dags/example_datasets.py
[2025-10-06T15:45:33.255+0000] {logging_mixin.py:137} INFO - [2025-10-06T15:45:33.255+0000] {dag.py:2690} INFO - Sync 6 DAGs
[2025-10-06T15:45:33.266+0000] {logging_mixin.py:137} INFO - [2025-10-06T15:45:33.266+0000] {dag.py:3441} INFO - Setting next_dagrun for dataset_consumes_1 to None, run_after=None
[2025-10-06T15:45:33.268+0000] {logging_mixin.py:137} INFO - [2025-10-06T15:45:33.268+0000] {dag.py:3441} INFO - Setting next_dagrun for dataset_consumes_1_and_2 to None, run_after=None
[2025-10-06T15:45:33.268+0000] {logging_mixin.py:137} INFO - [2025-10-06T15:45:33.268+0000] {dag.py:3441} INFO - Setting next_dagrun for dataset_consumes_1_never_scheduled to None, run_after=None
[2025-10-06T15:45:33.268+0000] {logging_mixin.py:137} INFO - [2025-10-06T15:45:33.268+0000] {dag.py:3441} INFO - Setting next_dagrun for dataset_consumes_unknown_never_scheduled to None, run_after=None
[2025-10-06T15:45:33.269+0000] {logging_mixin.py:137} INFO - [2025-10-06T15:45:33.269+0000] {dag.py:3441} INFO - Setting next_dagrun for dataset_produces_1 to 2025-10-05T00:00:00+00:00, run_after=2025-10-06T00:00:00+00:00
[2025-10-06T15:45:33.270+0000] {logging_mixin.py:137} INFO - [2025-10-06T15:45:33.270+0000] {dag.py:3441} INFO - Setting next_dagrun for dataset_produces_2 to None, run_after=None
[2025-10-06T15:45:33.283+0000] {processor.py:175} INFO - Processing /home/airflow/.local/lib/python3.7/site-packages/airflow/example_dags/example_datasets.py took 0.055 seconds
[2025-10-06T15:46:03.847+0000] {processor.py:153} INFO - Started process (PID=2157) to work on /home/airflow/.local/lib/python3.7/site-packages/airflow/example_dags/example_datasets.py
[2025-10-06T15:46:03.848+0000] {processor.py:743} INFO - Processing file /home/airflow/.local/lib/python3.7/site-packages/airflow/example_dags/example_datasets.py for tasks to queue
[2025-10-06T15:46:03.848+0000] {logging_mixin.py:137} INFO - [2025-10-06T15:46:03.848+0000] {dagbag.py:538} INFO - Filling up the DagBag from /home/airflow/.local/lib/python3.7/site-packages/airflow/example_dags/example_datasets.py
[2025-10-06T15:46:03.856+0000] {processor.py:753} INFO - DAG(s) dict_keys(['dataset_consumes_1_never_scheduled', 'dataset_produces_1', 'dataset_produces_2', 'dataset_consumes_1_and_2', 'dataset_consumes_unknown_never_scheduled', 'dataset_consumes_1']) retrieved from /home/airflow/.local/lib/python3.7/site-packages/airflow/example_dags/example_datasets.py
[2025-10-06T15:46:03.872+0000] {logging_mixin.py:137} INFO - [2025-10-06T15:46:03.872+0000] {dag.py:2690} INFO - Sync 6 DAGs
[2025-10-06T15:46:03.883+0000] {logging_mixin.py:137} INFO - [2025-10-06T15:46:03.883+0000] {dag.py:3441} INFO - Setting next_dagrun for dataset_consumes_1 to None, run_after=None
[2025-10-06T15:46:03.885+0000] {logging_mixin.py:137} INFO - [2025-10-06T15:46:03.885+0000] {dag.py:3441} INFO - Setting next_dagrun for dataset_consumes_1_and_2 to None, run_after=None
[2025-10-06T15:46:03.886+0000] {logging_mixin.py:137} INFO - [2025-10-06T15:46:03.886+0000] {dag.py:3441} INFO - Setting next_dagrun for dataset_consumes_1_never_scheduled to None, run_after=None
[2025-10-06T15:46:03.886+0000] {logging_mixin.py:137} INFO - [2025-10-06T15:46:03.886+0000] {dag.py:3441} INFO - Setting next_dagrun for dataset_consumes_unknown_never_scheduled to None, run_after=None
[2025-10-06T15:46:03.887+0000] {logging_mixin.py:137} INFO - [2025-10-06T15:46:03.887+0000] {dag.py:3441} INFO - Setting next_dagrun for dataset_produces_1 to 2025-10-05T00:00:00+00:00, run_after=2025-10-06T00:00:00+00:00
[2025-10-06T15:46:03.887+0000] {logging_mixin.py:137} INFO - [2025-10-06T15:46:03.887+0000] {dag.py:3441} INFO - Setting next_dagrun for dataset_produces_2 to None, run_after=None
[2025-10-06T15:46:03.900+0000] {processor.py:175} INFO - Processing /home/airflow/.local/lib/python3.7/site-packages/airflow/example_dags/example_datasets.py took 0.055 seconds
[2025-10-06T15:46:34.315+0000] {processor.py:153} INFO - Started process (PID=2236) to work on /home/airflow/.local/lib/python3.7/site-packages/airflow/example_dags/example_datasets.py
[2025-10-06T15:46:34.316+0000] {processor.py:743} INFO - Processing file /home/airflow/.local/lib/python3.7/site-packages/airflow/example_dags/example_datasets.py for tasks to queue
[2025-10-06T15:46:34.316+0000] {logging_mixin.py:137} INFO - [2025-10-06T15:46:34.316+0000] {dagbag.py:538} INFO - Filling up the DagBag from /home/airflow/.local/lib/python3.7/site-packages/airflow/example_dags/example_datasets.py
[2025-10-06T15:46:34.324+0000] {processor.py:753} INFO - DAG(s) dict_keys(['dataset_produces_1', 'dataset_consumes_1_never_scheduled', 'dataset_produces_2', 'dataset_consumes_1', 'dataset_consumes_unknown_never_scheduled', 'dataset_consumes_1_and_2']) retrieved from /home/airflow/.local/lib/python3.7/site-packages/airflow/example_dags/example_datasets.py
[2025-10-06T15:46:34.340+0000] {logging_mixin.py:137} INFO - [2025-10-06T15:46:34.340+0000] {dag.py:2690} INFO - Sync 6 DAGs
[2025-10-06T15:46:34.352+0000] {logging_mixin.py:137} INFO - [2025-10-06T15:46:34.352+0000] {dag.py:3441} INFO - Setting next_dagrun for dataset_consumes_1 to None, run_after=None
[2025-10-06T15:46:34.355+0000] {logging_mixin.py:137} INFO - [2025-10-06T15:46:34.355+0000] {dag.py:3441} INFO - Setting next_dagrun for dataset_consumes_1_and_2 to None, run_after=None
[2025-10-06T15:46:34.355+0000] {logging_mixin.py:137} INFO - [2025-10-06T15:46:34.355+0000] {dag.py:3441} INFO - Setting next_dagrun for dataset_consumes_1_never_scheduled to None, run_after=None
[2025-10-06T15:46:34.356+0000] {logging_mixin.py:137} INFO - [2025-10-06T15:46:34.356+0000] {dag.py:3441} INFO - Setting next_dagrun for dataset_consumes_unknown_never_scheduled to None, run_after=None
[2025-10-06T15:46:34.357+0000] {logging_mixin.py:137} INFO - [2025-10-06T15:46:34.357+0000] {dag.py:3441} INFO - Setting next_dagrun for dataset_produces_1 to 2025-10-05T00:00:00+00:00, run_after=2025-10-06T00:00:00+00:00
[2025-10-06T15:46:34.359+0000] {logging_mixin.py:137} INFO - [2025-10-06T15:46:34.359+0000] {dag.py:3441} INFO - Setting next_dagrun for dataset_produces_2 to None, run_after=None
[2025-10-06T15:46:34.372+0000] {processor.py:175} INFO - Processing /home/airflow/.local/lib/python3.7/site-packages/airflow/example_dags/example_datasets.py took 0.058 seconds
