[2025-10-06T15:34:55.579+0000] {processor.py:153} INFO - Started process (PID=74) to work on /home/airflow/.local/lib/python3.7/site-packages/airflow/example_dags/example_branch_operator.py
[2025-10-06T15:34:55.581+0000] {processor.py:743} INFO - Processing file /home/airflow/.local/lib/python3.7/site-packages/airflow/example_dags/example_branch_operator.py for tasks to queue
[2025-10-06T15:34:55.582+0000] {logging_mixin.py:137} INFO - [2025-10-06T15:34:55.582+0000] {dagbag.py:538} INFO - Filling up the DagBag from /home/airflow/.local/lib/python3.7/site-packages/airflow/example_dags/example_branch_operator.py
[2025-10-06T15:34:55.599+0000] {processor.py:753} INFO - DAG(s) dict_keys(['example_branch_operator']) retrieved from /home/airflow/.local/lib/python3.7/site-packages/airflow/example_dags/example_branch_operator.py
[2025-10-06T15:34:55.610+0000] {logging_mixin.py:137} INFO - [2025-10-06T15:34:55.609+0000] {dag.py:2690} INFO - Sync 1 DAGs
[2025-10-06T15:34:55.631+0000] {logging_mixin.py:137} INFO - [2025-10-06T15:34:55.631+0000] {dag.py:3441} INFO - Setting next_dagrun for example_branch_operator to 2025-10-05T00:00:00+00:00, run_after=2025-10-06T00:00:00+00:00
[2025-10-06T15:34:55.641+0000] {processor.py:175} INFO - Processing /home/airflow/.local/lib/python3.7/site-packages/airflow/example_dags/example_branch_operator.py took 0.065 seconds
[2025-10-06T15:35:26.028+0000] {processor.py:153} INFO - Started process (PID=173) to work on /home/airflow/.local/lib/python3.7/site-packages/airflow/example_dags/example_branch_operator.py
[2025-10-06T15:35:26.029+0000] {processor.py:743} INFO - Processing file /home/airflow/.local/lib/python3.7/site-packages/airflow/example_dags/example_branch_operator.py for tasks to queue
[2025-10-06T15:35:26.030+0000] {logging_mixin.py:137} INFO - [2025-10-06T15:35:26.030+0000] {dagbag.py:538} INFO - Filling up the DagBag from /home/airflow/.local/lib/python3.7/site-packages/airflow/example_dags/example_branch_operator.py
[2025-10-06T15:35:26.038+0000] {processor.py:753} INFO - DAG(s) dict_keys(['example_branch_operator']) retrieved from /home/airflow/.local/lib/python3.7/site-packages/airflow/example_dags/example_branch_operator.py
[2025-10-06T15:35:26.049+0000] {logging_mixin.py:137} INFO - [2025-10-06T15:35:26.049+0000] {dag.py:2690} INFO - Sync 1 DAGs
[2025-10-06T15:35:26.060+0000] {logging_mixin.py:137} INFO - [2025-10-06T15:35:26.060+0000] {dag.py:3441} INFO - Setting next_dagrun for example_branch_operator to 2025-10-05T00:00:00+00:00, run_after=2025-10-06T00:00:00+00:00
[2025-10-06T15:35:26.068+0000] {processor.py:175} INFO - Processing /home/airflow/.local/lib/python3.7/site-packages/airflow/example_dags/example_branch_operator.py took 0.041 seconds
[2025-10-06T15:35:56.507+0000] {processor.py:153} INFO - Started process (PID=272) to work on /home/airflow/.local/lib/python3.7/site-packages/airflow/example_dags/example_branch_operator.py
[2025-10-06T15:35:56.508+0000] {processor.py:743} INFO - Processing file /home/airflow/.local/lib/python3.7/site-packages/airflow/example_dags/example_branch_operator.py for tasks to queue
[2025-10-06T15:35:56.508+0000] {logging_mixin.py:137} INFO - [2025-10-06T15:35:56.508+0000] {dagbag.py:538} INFO - Filling up the DagBag from /home/airflow/.local/lib/python3.7/site-packages/airflow/example_dags/example_branch_operator.py
[2025-10-06T15:35:56.516+0000] {processor.py:753} INFO - DAG(s) dict_keys(['example_branch_operator']) retrieved from /home/airflow/.local/lib/python3.7/site-packages/airflow/example_dags/example_branch_operator.py
[2025-10-06T15:35:56.528+0000] {logging_mixin.py:137} INFO - [2025-10-06T15:35:56.528+0000] {dag.py:2690} INFO - Sync 1 DAGs
[2025-10-06T15:35:56.539+0000] {logging_mixin.py:137} INFO - [2025-10-06T15:35:56.539+0000] {dag.py:3441} INFO - Setting next_dagrun for example_branch_operator to 2025-10-05T00:00:00+00:00, run_after=2025-10-06T00:00:00+00:00
[2025-10-06T15:35:56.546+0000] {processor.py:175} INFO - Processing /home/airflow/.local/lib/python3.7/site-packages/airflow/example_dags/example_branch_operator.py took 0.040 seconds
[2025-10-06T15:36:26.954+0000] {processor.py:153} INFO - Started process (PID=351) to work on /home/airflow/.local/lib/python3.7/site-packages/airflow/example_dags/example_branch_operator.py
[2025-10-06T15:36:26.955+0000] {processor.py:743} INFO - Processing file /home/airflow/.local/lib/python3.7/site-packages/airflow/example_dags/example_branch_operator.py for tasks to queue
[2025-10-06T15:36:26.955+0000] {logging_mixin.py:137} INFO - [2025-10-06T15:36:26.955+0000] {dagbag.py:538} INFO - Filling up the DagBag from /home/airflow/.local/lib/python3.7/site-packages/airflow/example_dags/example_branch_operator.py
[2025-10-06T15:36:26.963+0000] {processor.py:753} INFO - DAG(s) dict_keys(['example_branch_operator']) retrieved from /home/airflow/.local/lib/python3.7/site-packages/airflow/example_dags/example_branch_operator.py
[2025-10-06T15:36:26.976+0000] {logging_mixin.py:137} INFO - [2025-10-06T15:36:26.976+0000] {dag.py:2690} INFO - Sync 1 DAGs
[2025-10-06T15:36:26.986+0000] {logging_mixin.py:137} INFO - [2025-10-06T15:36:26.986+0000] {dag.py:3441} INFO - Setting next_dagrun for example_branch_operator to 2025-10-05T00:00:00+00:00, run_after=2025-10-06T00:00:00+00:00
[2025-10-06T15:36:26.995+0000] {processor.py:175} INFO - Processing /home/airflow/.local/lib/python3.7/site-packages/airflow/example_dags/example_branch_operator.py took 0.043 seconds
[2025-10-06T15:36:57.452+0000] {processor.py:153} INFO - Started process (PID=450) to work on /home/airflow/.local/lib/python3.7/site-packages/airflow/example_dags/example_branch_operator.py
[2025-10-06T15:36:57.452+0000] {processor.py:743} INFO - Processing file /home/airflow/.local/lib/python3.7/site-packages/airflow/example_dags/example_branch_operator.py for tasks to queue
[2025-10-06T15:36:57.452+0000] {logging_mixin.py:137} INFO - [2025-10-06T15:36:57.452+0000] {dagbag.py:538} INFO - Filling up the DagBag from /home/airflow/.local/lib/python3.7/site-packages/airflow/example_dags/example_branch_operator.py
[2025-10-06T15:36:57.461+0000] {processor.py:753} INFO - DAG(s) dict_keys(['example_branch_operator']) retrieved from /home/airflow/.local/lib/python3.7/site-packages/airflow/example_dags/example_branch_operator.py
[2025-10-06T15:36:57.474+0000] {logging_mixin.py:137} INFO - [2025-10-06T15:36:57.474+0000] {dag.py:2690} INFO - Sync 1 DAGs
[2025-10-06T15:36:57.486+0000] {logging_mixin.py:137} INFO - [2025-10-06T15:36:57.486+0000] {dag.py:3441} INFO - Setting next_dagrun for example_branch_operator to 2025-10-05T00:00:00+00:00, run_after=2025-10-06T00:00:00+00:00
[2025-10-06T15:36:57.495+0000] {processor.py:175} INFO - Processing /home/airflow/.local/lib/python3.7/site-packages/airflow/example_dags/example_branch_operator.py took 0.045 seconds
[2025-10-06T15:37:27.812+0000] {processor.py:153} INFO - Started process (PID=549) to work on /home/airflow/.local/lib/python3.7/site-packages/airflow/example_dags/example_branch_operator.py
[2025-10-06T15:37:27.813+0000] {processor.py:743} INFO - Processing file /home/airflow/.local/lib/python3.7/site-packages/airflow/example_dags/example_branch_operator.py for tasks to queue
[2025-10-06T15:37:27.814+0000] {logging_mixin.py:137} INFO - [2025-10-06T15:37:27.814+0000] {dagbag.py:538} INFO - Filling up the DagBag from /home/airflow/.local/lib/python3.7/site-packages/airflow/example_dags/example_branch_operator.py
[2025-10-06T15:37:27.822+0000] {processor.py:753} INFO - DAG(s) dict_keys(['example_branch_operator']) retrieved from /home/airflow/.local/lib/python3.7/site-packages/airflow/example_dags/example_branch_operator.py
[2025-10-06T15:37:27.837+0000] {logging_mixin.py:137} INFO - [2025-10-06T15:37:27.837+0000] {dag.py:2690} INFO - Sync 1 DAGs
[2025-10-06T15:37:27.848+0000] {logging_mixin.py:137} INFO - [2025-10-06T15:37:27.848+0000] {dag.py:3441} INFO - Setting next_dagrun for example_branch_operator to 2025-10-05T00:00:00+00:00, run_after=2025-10-06T00:00:00+00:00
[2025-10-06T15:37:27.857+0000] {processor.py:175} INFO - Processing /home/airflow/.local/lib/python3.7/site-packages/airflow/example_dags/example_branch_operator.py took 0.047 seconds
[2025-10-06T15:37:58.186+0000] {processor.py:153} INFO - Started process (PID=648) to work on /home/airflow/.local/lib/python3.7/site-packages/airflow/example_dags/example_branch_operator.py
[2025-10-06T15:37:58.188+0000] {processor.py:743} INFO - Processing file /home/airflow/.local/lib/python3.7/site-packages/airflow/example_dags/example_branch_operator.py for tasks to queue
[2025-10-06T15:37:58.188+0000] {logging_mixin.py:137} INFO - [2025-10-06T15:37:58.188+0000] {dagbag.py:538} INFO - Filling up the DagBag from /home/airflow/.local/lib/python3.7/site-packages/airflow/example_dags/example_branch_operator.py
[2025-10-06T15:37:58.197+0000] {processor.py:753} INFO - DAG(s) dict_keys(['example_branch_operator']) retrieved from /home/airflow/.local/lib/python3.7/site-packages/airflow/example_dags/example_branch_operator.py
[2025-10-06T15:37:58.209+0000] {logging_mixin.py:137} INFO - [2025-10-06T15:37:58.209+0000] {dag.py:2690} INFO - Sync 1 DAGs
[2025-10-06T15:37:58.221+0000] {logging_mixin.py:137} INFO - [2025-10-06T15:37:58.221+0000] {dag.py:3441} INFO - Setting next_dagrun for example_branch_operator to 2025-10-05T00:00:00+00:00, run_after=2025-10-06T00:00:00+00:00
[2025-10-06T15:37:58.231+0000] {processor.py:175} INFO - Processing /home/airflow/.local/lib/python3.7/site-packages/airflow/example_dags/example_branch_operator.py took 0.046 seconds
[2025-10-06T15:38:28.598+0000] {processor.py:153} INFO - Started process (PID=727) to work on /home/airflow/.local/lib/python3.7/site-packages/airflow/example_dags/example_branch_operator.py
[2025-10-06T15:38:28.599+0000] {processor.py:743} INFO - Processing file /home/airflow/.local/lib/python3.7/site-packages/airflow/example_dags/example_branch_operator.py for tasks to queue
[2025-10-06T15:38:28.599+0000] {logging_mixin.py:137} INFO - [2025-10-06T15:38:28.599+0000] {dagbag.py:538} INFO - Filling up the DagBag from /home/airflow/.local/lib/python3.7/site-packages/airflow/example_dags/example_branch_operator.py
[2025-10-06T15:38:28.606+0000] {processor.py:753} INFO - DAG(s) dict_keys(['example_branch_operator']) retrieved from /home/airflow/.local/lib/python3.7/site-packages/airflow/example_dags/example_branch_operator.py
[2025-10-06T15:38:28.618+0000] {logging_mixin.py:137} INFO - [2025-10-06T15:38:28.618+0000] {dag.py:2690} INFO - Sync 1 DAGs
[2025-10-06T15:38:28.629+0000] {logging_mixin.py:137} INFO - [2025-10-06T15:38:28.629+0000] {dag.py:3441} INFO - Setting next_dagrun for example_branch_operator to 2025-10-05T00:00:00+00:00, run_after=2025-10-06T00:00:00+00:00
[2025-10-06T15:38:28.638+0000] {processor.py:175} INFO - Processing /home/airflow/.local/lib/python3.7/site-packages/airflow/example_dags/example_branch_operator.py took 0.042 seconds
[2025-10-06T15:38:58.996+0000] {processor.py:153} INFO - Started process (PID=826) to work on /home/airflow/.local/lib/python3.7/site-packages/airflow/example_dags/example_branch_operator.py
[2025-10-06T15:38:58.997+0000] {processor.py:743} INFO - Processing file /home/airflow/.local/lib/python3.7/site-packages/airflow/example_dags/example_branch_operator.py for tasks to queue
[2025-10-06T15:38:58.998+0000] {logging_mixin.py:137} INFO - [2025-10-06T15:38:58.998+0000] {dagbag.py:538} INFO - Filling up the DagBag from /home/airflow/.local/lib/python3.7/site-packages/airflow/example_dags/example_branch_operator.py
[2025-10-06T15:38:59.005+0000] {processor.py:753} INFO - DAG(s) dict_keys(['example_branch_operator']) retrieved from /home/airflow/.local/lib/python3.7/site-packages/airflow/example_dags/example_branch_operator.py
[2025-10-06T15:38:59.019+0000] {logging_mixin.py:137} INFO - [2025-10-06T15:38:59.019+0000] {dag.py:2690} INFO - Sync 1 DAGs
[2025-10-06T15:38:59.031+0000] {logging_mixin.py:137} INFO - [2025-10-06T15:38:59.031+0000] {dag.py:3441} INFO - Setting next_dagrun for example_branch_operator to 2025-10-05T00:00:00+00:00, run_after=2025-10-06T00:00:00+00:00
[2025-10-06T15:38:59.041+0000] {processor.py:175} INFO - Processing /home/airflow/.local/lib/python3.7/site-packages/airflow/example_dags/example_branch_operator.py took 0.047 seconds
[2025-10-06T15:39:29.417+0000] {processor.py:153} INFO - Started process (PID=925) to work on /home/airflow/.local/lib/python3.7/site-packages/airflow/example_dags/example_branch_operator.py
[2025-10-06T15:39:29.417+0000] {processor.py:743} INFO - Processing file /home/airflow/.local/lib/python3.7/site-packages/airflow/example_dags/example_branch_operator.py for tasks to queue
[2025-10-06T15:39:29.417+0000] {logging_mixin.py:137} INFO - [2025-10-06T15:39:29.417+0000] {dagbag.py:538} INFO - Filling up the DagBag from /home/airflow/.local/lib/python3.7/site-packages/airflow/example_dags/example_branch_operator.py
[2025-10-06T15:39:29.425+0000] {processor.py:753} INFO - DAG(s) dict_keys(['example_branch_operator']) retrieved from /home/airflow/.local/lib/python3.7/site-packages/airflow/example_dags/example_branch_operator.py
[2025-10-06T15:39:29.436+0000] {logging_mixin.py:137} INFO - [2025-10-06T15:39:29.436+0000] {dag.py:2690} INFO - Sync 1 DAGs
[2025-10-06T15:39:29.449+0000] {logging_mixin.py:137} INFO - [2025-10-06T15:39:29.449+0000] {dag.py:3441} INFO - Setting next_dagrun for example_branch_operator to 2025-10-05T00:00:00+00:00, run_after=2025-10-06T00:00:00+00:00
[2025-10-06T15:39:29.461+0000] {processor.py:175} INFO - Processing /home/airflow/.local/lib/python3.7/site-packages/airflow/example_dags/example_branch_operator.py took 0.046 seconds
[2025-10-06T15:39:59.745+0000] {processor.py:153} INFO - Started process (PID=1024) to work on /home/airflow/.local/lib/python3.7/site-packages/airflow/example_dags/example_branch_operator.py
[2025-10-06T15:39:59.746+0000] {processor.py:743} INFO - Processing file /home/airflow/.local/lib/python3.7/site-packages/airflow/example_dags/example_branch_operator.py for tasks to queue
[2025-10-06T15:39:59.747+0000] {logging_mixin.py:137} INFO - [2025-10-06T15:39:59.747+0000] {dagbag.py:538} INFO - Filling up the DagBag from /home/airflow/.local/lib/python3.7/site-packages/airflow/example_dags/example_branch_operator.py
[2025-10-06T15:39:59.757+0000] {processor.py:753} INFO - DAG(s) dict_keys(['example_branch_operator']) retrieved from /home/airflow/.local/lib/python3.7/site-packages/airflow/example_dags/example_branch_operator.py
[2025-10-06T15:39:59.769+0000] {logging_mixin.py:137} INFO - [2025-10-06T15:39:59.768+0000] {dag.py:2690} INFO - Sync 1 DAGs
[2025-10-06T15:39:59.779+0000] {logging_mixin.py:137} INFO - [2025-10-06T15:39:59.779+0000] {dag.py:3441} INFO - Setting next_dagrun for example_branch_operator to 2025-10-05T00:00:00+00:00, run_after=2025-10-06T00:00:00+00:00
[2025-10-06T15:39:59.786+0000] {processor.py:175} INFO - Processing /home/airflow/.local/lib/python3.7/site-packages/airflow/example_dags/example_branch_operator.py took 0.042 seconds
[2025-10-06T15:40:29.915+0000] {processor.py:153} INFO - Started process (PID=1103) to work on /home/airflow/.local/lib/python3.7/site-packages/airflow/example_dags/example_branch_operator.py
[2025-10-06T15:40:29.915+0000] {processor.py:743} INFO - Processing file /home/airflow/.local/lib/python3.7/site-packages/airflow/example_dags/example_branch_operator.py for tasks to queue
[2025-10-06T15:40:29.915+0000] {logging_mixin.py:137} INFO - [2025-10-06T15:40:29.915+0000] {dagbag.py:538} INFO - Filling up the DagBag from /home/airflow/.local/lib/python3.7/site-packages/airflow/example_dags/example_branch_operator.py
[2025-10-06T15:40:29.923+0000] {processor.py:753} INFO - DAG(s) dict_keys(['example_branch_operator']) retrieved from /home/airflow/.local/lib/python3.7/site-packages/airflow/example_dags/example_branch_operator.py
[2025-10-06T15:40:29.934+0000] {logging_mixin.py:137} INFO - [2025-10-06T15:40:29.934+0000] {dag.py:2690} INFO - Sync 1 DAGs
[2025-10-06T15:40:29.945+0000] {logging_mixin.py:137} INFO - [2025-10-06T15:40:29.945+0000] {dag.py:3441} INFO - Setting next_dagrun for example_branch_operator to 2025-10-05T00:00:00+00:00, run_after=2025-10-06T00:00:00+00:00
[2025-10-06T15:40:29.952+0000] {processor.py:175} INFO - Processing /home/airflow/.local/lib/python3.7/site-packages/airflow/example_dags/example_branch_operator.py took 0.038 seconds
[2025-10-06T15:41:00.229+0000] {processor.py:153} INFO - Started process (PID=1202) to work on /home/airflow/.local/lib/python3.7/site-packages/airflow/example_dags/example_branch_operator.py
[2025-10-06T15:41:00.229+0000] {processor.py:743} INFO - Processing file /home/airflow/.local/lib/python3.7/site-packages/airflow/example_dags/example_branch_operator.py for tasks to queue
[2025-10-06T15:41:00.229+0000] {logging_mixin.py:137} INFO - [2025-10-06T15:41:00.229+0000] {dagbag.py:538} INFO - Filling up the DagBag from /home/airflow/.local/lib/python3.7/site-packages/airflow/example_dags/example_branch_operator.py
[2025-10-06T15:41:00.237+0000] {processor.py:753} INFO - DAG(s) dict_keys(['example_branch_operator']) retrieved from /home/airflow/.local/lib/python3.7/site-packages/airflow/example_dags/example_branch_operator.py
[2025-10-06T15:41:00.249+0000] {logging_mixin.py:137} INFO - [2025-10-06T15:41:00.249+0000] {dag.py:2690} INFO - Sync 1 DAGs
[2025-10-06T15:41:00.262+0000] {logging_mixin.py:137} INFO - [2025-10-06T15:41:00.262+0000] {dag.py:3441} INFO - Setting next_dagrun for example_branch_operator to 2025-10-05T00:00:00+00:00, run_after=2025-10-06T00:00:00+00:00
[2025-10-06T15:41:00.269+0000] {processor.py:175} INFO - Processing /home/airflow/.local/lib/python3.7/site-packages/airflow/example_dags/example_branch_operator.py took 0.042 seconds
[2025-10-06T15:41:30.465+0000] {processor.py:153} INFO - Started process (PID=1301) to work on /home/airflow/.local/lib/python3.7/site-packages/airflow/example_dags/example_branch_operator.py
[2025-10-06T15:41:30.466+0000] {processor.py:743} INFO - Processing file /home/airflow/.local/lib/python3.7/site-packages/airflow/example_dags/example_branch_operator.py for tasks to queue
[2025-10-06T15:41:30.466+0000] {logging_mixin.py:137} INFO - [2025-10-06T15:41:30.466+0000] {dagbag.py:538} INFO - Filling up the DagBag from /home/airflow/.local/lib/python3.7/site-packages/airflow/example_dags/example_branch_operator.py
[2025-10-06T15:41:30.473+0000] {processor.py:753} INFO - DAG(s) dict_keys(['example_branch_operator']) retrieved from /home/airflow/.local/lib/python3.7/site-packages/airflow/example_dags/example_branch_operator.py
[2025-10-06T15:41:30.484+0000] {logging_mixin.py:137} INFO - [2025-10-06T15:41:30.484+0000] {dag.py:2690} INFO - Sync 1 DAGs
[2025-10-06T15:41:30.495+0000] {logging_mixin.py:137} INFO - [2025-10-06T15:41:30.494+0000] {dag.py:3441} INFO - Setting next_dagrun for example_branch_operator to 2025-10-05T00:00:00+00:00, run_after=2025-10-06T00:00:00+00:00
[2025-10-06T15:41:30.502+0000] {processor.py:175} INFO - Processing /home/airflow/.local/lib/python3.7/site-packages/airflow/example_dags/example_branch_operator.py took 0.038 seconds
[2025-10-06T15:42:00.857+0000] {processor.py:153} INFO - Started process (PID=1400) to work on /home/airflow/.local/lib/python3.7/site-packages/airflow/example_dags/example_branch_operator.py
[2025-10-06T15:42:00.857+0000] {processor.py:743} INFO - Processing file /home/airflow/.local/lib/python3.7/site-packages/airflow/example_dags/example_branch_operator.py for tasks to queue
[2025-10-06T15:42:00.857+0000] {logging_mixin.py:137} INFO - [2025-10-06T15:42:00.857+0000] {dagbag.py:538} INFO - Filling up the DagBag from /home/airflow/.local/lib/python3.7/site-packages/airflow/example_dags/example_branch_operator.py
[2025-10-06T15:42:00.865+0000] {processor.py:753} INFO - DAG(s) dict_keys(['example_branch_operator']) retrieved from /home/airflow/.local/lib/python3.7/site-packages/airflow/example_dags/example_branch_operator.py
[2025-10-06T15:42:00.876+0000] {logging_mixin.py:137} INFO - [2025-10-06T15:42:00.875+0000] {dag.py:2690} INFO - Sync 1 DAGs
[2025-10-06T15:42:00.887+0000] {logging_mixin.py:137} INFO - [2025-10-06T15:42:00.887+0000] {dag.py:3441} INFO - Setting next_dagrun for example_branch_operator to 2025-10-05T00:00:00+00:00, run_after=2025-10-06T00:00:00+00:00
[2025-10-06T15:42:00.894+0000] {processor.py:175} INFO - Processing /home/airflow/.local/lib/python3.7/site-packages/airflow/example_dags/example_branch_operator.py took 0.039 seconds
[2025-10-06T15:42:31.130+0000] {processor.py:153} INFO - Started process (PID=1479) to work on /home/airflow/.local/lib/python3.7/site-packages/airflow/example_dags/example_branch_operator.py
[2025-10-06T15:42:31.131+0000] {processor.py:743} INFO - Processing file /home/airflow/.local/lib/python3.7/site-packages/airflow/example_dags/example_branch_operator.py for tasks to queue
[2025-10-06T15:42:31.131+0000] {logging_mixin.py:137} INFO - [2025-10-06T15:42:31.131+0000] {dagbag.py:538} INFO - Filling up the DagBag from /home/airflow/.local/lib/python3.7/site-packages/airflow/example_dags/example_branch_operator.py
[2025-10-06T15:42:31.142+0000] {processor.py:753} INFO - DAG(s) dict_keys(['example_branch_operator']) retrieved from /home/airflow/.local/lib/python3.7/site-packages/airflow/example_dags/example_branch_operator.py
[2025-10-06T15:42:31.152+0000] {logging_mixin.py:137} INFO - [2025-10-06T15:42:31.152+0000] {dag.py:2690} INFO - Sync 1 DAGs
[2025-10-06T15:42:31.163+0000] {logging_mixin.py:137} INFO - [2025-10-06T15:42:31.163+0000] {dag.py:3441} INFO - Setting next_dagrun for example_branch_operator to 2025-10-05T00:00:00+00:00, run_after=2025-10-06T00:00:00+00:00
[2025-10-06T15:42:31.170+0000] {processor.py:175} INFO - Processing /home/airflow/.local/lib/python3.7/site-packages/airflow/example_dags/example_branch_operator.py took 0.042 seconds
[2025-10-06T15:43:01.368+0000] {processor.py:153} INFO - Started process (PID=1579) to work on /home/airflow/.local/lib/python3.7/site-packages/airflow/example_dags/example_branch_operator.py
[2025-10-06T15:43:01.369+0000] {processor.py:743} INFO - Processing file /home/airflow/.local/lib/python3.7/site-packages/airflow/example_dags/example_branch_operator.py for tasks to queue
[2025-10-06T15:43:01.370+0000] {logging_mixin.py:137} INFO - [2025-10-06T15:43:01.370+0000] {dagbag.py:538} INFO - Filling up the DagBag from /home/airflow/.local/lib/python3.7/site-packages/airflow/example_dags/example_branch_operator.py
[2025-10-06T15:43:01.378+0000] {processor.py:753} INFO - DAG(s) dict_keys(['example_branch_operator']) retrieved from /home/airflow/.local/lib/python3.7/site-packages/airflow/example_dags/example_branch_operator.py
[2025-10-06T15:43:01.388+0000] {logging_mixin.py:137} INFO - [2025-10-06T15:43:01.388+0000] {dag.py:2690} INFO - Sync 1 DAGs
[2025-10-06T15:43:01.400+0000] {logging_mixin.py:137} INFO - [2025-10-06T15:43:01.399+0000] {dag.py:3441} INFO - Setting next_dagrun for example_branch_operator to 2025-10-05T00:00:00+00:00, run_after=2025-10-06T00:00:00+00:00
[2025-10-06T15:43:01.406+0000] {processor.py:175} INFO - Processing /home/airflow/.local/lib/python3.7/site-packages/airflow/example_dags/example_branch_operator.py took 0.040 seconds
[2025-10-06T15:43:31.690+0000] {processor.py:153} INFO - Started process (PID=1678) to work on /home/airflow/.local/lib/python3.7/site-packages/airflow/example_dags/example_branch_operator.py
[2025-10-06T15:43:31.690+0000] {processor.py:743} INFO - Processing file /home/airflow/.local/lib/python3.7/site-packages/airflow/example_dags/example_branch_operator.py for tasks to queue
[2025-10-06T15:43:31.691+0000] {logging_mixin.py:137} INFO - [2025-10-06T15:43:31.691+0000] {dagbag.py:538} INFO - Filling up the DagBag from /home/airflow/.local/lib/python3.7/site-packages/airflow/example_dags/example_branch_operator.py
[2025-10-06T15:43:31.698+0000] {processor.py:753} INFO - DAG(s) dict_keys(['example_branch_operator']) retrieved from /home/airflow/.local/lib/python3.7/site-packages/airflow/example_dags/example_branch_operator.py
[2025-10-06T15:43:31.713+0000] {logging_mixin.py:137} INFO - [2025-10-06T15:43:31.713+0000] {dag.py:2690} INFO - Sync 1 DAGs
[2025-10-06T15:43:31.724+0000] {logging_mixin.py:137} INFO - [2025-10-06T15:43:31.724+0000] {dag.py:3441} INFO - Setting next_dagrun for example_branch_operator to 2025-10-05T00:00:00+00:00, run_after=2025-10-06T00:00:00+00:00
[2025-10-06T15:43:31.732+0000] {processor.py:175} INFO - Processing /home/airflow/.local/lib/python3.7/site-packages/airflow/example_dags/example_branch_operator.py took 0.044 seconds
[2025-10-06T15:44:02.117+0000] {processor.py:153} INFO - Started process (PID=1777) to work on /home/airflow/.local/lib/python3.7/site-packages/airflow/example_dags/example_branch_operator.py
[2025-10-06T15:44:02.117+0000] {processor.py:743} INFO - Processing file /home/airflow/.local/lib/python3.7/site-packages/airflow/example_dags/example_branch_operator.py for tasks to queue
[2025-10-06T15:44:02.118+0000] {logging_mixin.py:137} INFO - [2025-10-06T15:44:02.118+0000] {dagbag.py:538} INFO - Filling up the DagBag from /home/airflow/.local/lib/python3.7/site-packages/airflow/example_dags/example_branch_operator.py
[2025-10-06T15:44:02.125+0000] {processor.py:753} INFO - DAG(s) dict_keys(['example_branch_operator']) retrieved from /home/airflow/.local/lib/python3.7/site-packages/airflow/example_dags/example_branch_operator.py
[2025-10-06T15:44:02.140+0000] {logging_mixin.py:137} INFO - [2025-10-06T15:44:02.140+0000] {dag.py:2690} INFO - Sync 1 DAGs
[2025-10-06T15:44:02.151+0000] {logging_mixin.py:137} INFO - [2025-10-06T15:44:02.151+0000] {dag.py:3441} INFO - Setting next_dagrun for example_branch_operator to 2025-10-05T00:00:00+00:00, run_after=2025-10-06T00:00:00+00:00
[2025-10-06T15:44:02.158+0000] {processor.py:175} INFO - Processing /home/airflow/.local/lib/python3.7/site-packages/airflow/example_dags/example_branch_operator.py took 0.042 seconds
[2025-10-06T15:44:32.482+0000] {processor.py:153} INFO - Started process (PID=1856) to work on /home/airflow/.local/lib/python3.7/site-packages/airflow/example_dags/example_branch_operator.py
[2025-10-06T15:44:32.482+0000] {processor.py:743} INFO - Processing file /home/airflow/.local/lib/python3.7/site-packages/airflow/example_dags/example_branch_operator.py for tasks to queue
[2025-10-06T15:44:32.483+0000] {logging_mixin.py:137} INFO - [2025-10-06T15:44:32.483+0000] {dagbag.py:538} INFO - Filling up the DagBag from /home/airflow/.local/lib/python3.7/site-packages/airflow/example_dags/example_branch_operator.py
[2025-10-06T15:44:32.490+0000] {processor.py:753} INFO - DAG(s) dict_keys(['example_branch_operator']) retrieved from /home/airflow/.local/lib/python3.7/site-packages/airflow/example_dags/example_branch_operator.py
[2025-10-06T15:44:32.504+0000] {logging_mixin.py:137} INFO - [2025-10-06T15:44:32.504+0000] {dag.py:2690} INFO - Sync 1 DAGs
[2025-10-06T15:44:32.515+0000] {logging_mixin.py:137} INFO - [2025-10-06T15:44:32.515+0000] {dag.py:3441} INFO - Setting next_dagrun for example_branch_operator to 2025-10-05T00:00:00+00:00, run_after=2025-10-06T00:00:00+00:00
[2025-10-06T15:44:32.522+0000] {processor.py:175} INFO - Processing /home/airflow/.local/lib/python3.7/site-packages/airflow/example_dags/example_branch_operator.py took 0.042 seconds
[2025-10-06T15:45:02.841+0000] {processor.py:153} INFO - Started process (PID=1955) to work on /home/airflow/.local/lib/python3.7/site-packages/airflow/example_dags/example_branch_operator.py
[2025-10-06T15:45:02.842+0000] {processor.py:743} INFO - Processing file /home/airflow/.local/lib/python3.7/site-packages/airflow/example_dags/example_branch_operator.py for tasks to queue
[2025-10-06T15:45:02.842+0000] {logging_mixin.py:137} INFO - [2025-10-06T15:45:02.842+0000] {dagbag.py:538} INFO - Filling up the DagBag from /home/airflow/.local/lib/python3.7/site-packages/airflow/example_dags/example_branch_operator.py
[2025-10-06T15:45:02.849+0000] {processor.py:753} INFO - DAG(s) dict_keys(['example_branch_operator']) retrieved from /home/airflow/.local/lib/python3.7/site-packages/airflow/example_dags/example_branch_operator.py
[2025-10-06T15:45:02.862+0000] {logging_mixin.py:137} INFO - [2025-10-06T15:45:02.862+0000] {dag.py:2690} INFO - Sync 1 DAGs
[2025-10-06T15:45:02.874+0000] {logging_mixin.py:137} INFO - [2025-10-06T15:45:02.873+0000] {dag.py:3441} INFO - Setting next_dagrun for example_branch_operator to 2025-10-05T00:00:00+00:00, run_after=2025-10-06T00:00:00+00:00
[2025-10-06T15:45:02.881+0000] {processor.py:175} INFO - Processing /home/airflow/.local/lib/python3.7/site-packages/airflow/example_dags/example_branch_operator.py took 0.041 seconds
[2025-10-06T15:45:33.122+0000] {processor.py:153} INFO - Started process (PID=2054) to work on /home/airflow/.local/lib/python3.7/site-packages/airflow/example_dags/example_branch_operator.py
[2025-10-06T15:45:33.123+0000] {processor.py:743} INFO - Processing file /home/airflow/.local/lib/python3.7/site-packages/airflow/example_dags/example_branch_operator.py for tasks to queue
[2025-10-06T15:45:33.123+0000] {logging_mixin.py:137} INFO - [2025-10-06T15:45:33.123+0000] {dagbag.py:538} INFO - Filling up the DagBag from /home/airflow/.local/lib/python3.7/site-packages/airflow/example_dags/example_branch_operator.py
[2025-10-06T15:45:33.131+0000] {processor.py:753} INFO - DAG(s) dict_keys(['example_branch_operator']) retrieved from /home/airflow/.local/lib/python3.7/site-packages/airflow/example_dags/example_branch_operator.py
[2025-10-06T15:45:33.142+0000] {logging_mixin.py:137} INFO - [2025-10-06T15:45:33.142+0000] {dag.py:2690} INFO - Sync 1 DAGs
[2025-10-06T15:45:33.154+0000] {logging_mixin.py:137} INFO - [2025-10-06T15:45:33.153+0000] {dag.py:3441} INFO - Setting next_dagrun for example_branch_operator to 2025-10-05T00:00:00+00:00, run_after=2025-10-06T00:00:00+00:00
[2025-10-06T15:45:33.164+0000] {processor.py:175} INFO - Processing /home/airflow/.local/lib/python3.7/site-packages/airflow/example_dags/example_branch_operator.py took 0.044 seconds
[2025-10-06T15:46:03.732+0000] {processor.py:153} INFO - Started process (PID=2153) to work on /home/airflow/.local/lib/python3.7/site-packages/airflow/example_dags/example_branch_operator.py
[2025-10-06T15:46:03.733+0000] {processor.py:743} INFO - Processing file /home/airflow/.local/lib/python3.7/site-packages/airflow/example_dags/example_branch_operator.py for tasks to queue
[2025-10-06T15:46:03.733+0000] {logging_mixin.py:137} INFO - [2025-10-06T15:46:03.733+0000] {dagbag.py:538} INFO - Filling up the DagBag from /home/airflow/.local/lib/python3.7/site-packages/airflow/example_dags/example_branch_operator.py
[2025-10-06T15:46:03.743+0000] {processor.py:753} INFO - DAG(s) dict_keys(['example_branch_operator']) retrieved from /home/airflow/.local/lib/python3.7/site-packages/airflow/example_dags/example_branch_operator.py
[2025-10-06T15:46:03.759+0000] {logging_mixin.py:137} INFO - [2025-10-06T15:46:03.759+0000] {dag.py:2690} INFO - Sync 1 DAGs
[2025-10-06T15:46:03.776+0000] {logging_mixin.py:137} INFO - [2025-10-06T15:46:03.776+0000] {dag.py:3441} INFO - Setting next_dagrun for example_branch_operator to 2025-10-05T00:00:00+00:00, run_after=2025-10-06T00:00:00+00:00
[2025-10-06T15:46:03.786+0000] {processor.py:175} INFO - Processing /home/airflow/.local/lib/python3.7/site-packages/airflow/example_dags/example_branch_operator.py took 0.056 seconds
[2025-10-06T15:46:34.203+0000] {processor.py:153} INFO - Started process (PID=2232) to work on /home/airflow/.local/lib/python3.7/site-packages/airflow/example_dags/example_branch_operator.py
[2025-10-06T15:46:34.203+0000] {processor.py:743} INFO - Processing file /home/airflow/.local/lib/python3.7/site-packages/airflow/example_dags/example_branch_operator.py for tasks to queue
[2025-10-06T15:46:34.203+0000] {logging_mixin.py:137} INFO - [2025-10-06T15:46:34.203+0000] {dagbag.py:538} INFO - Filling up the DagBag from /home/airflow/.local/lib/python3.7/site-packages/airflow/example_dags/example_branch_operator.py
[2025-10-06T15:46:34.211+0000] {processor.py:753} INFO - DAG(s) dict_keys(['example_branch_operator']) retrieved from /home/airflow/.local/lib/python3.7/site-packages/airflow/example_dags/example_branch_operator.py
[2025-10-06T15:46:34.221+0000] {logging_mixin.py:137} INFO - [2025-10-06T15:46:34.221+0000] {dag.py:2690} INFO - Sync 1 DAGs
[2025-10-06T15:46:34.234+0000] {logging_mixin.py:137} INFO - [2025-10-06T15:46:34.234+0000] {dag.py:3441} INFO - Setting next_dagrun for example_branch_operator to 2025-10-05T00:00:00+00:00, run_after=2025-10-06T00:00:00+00:00
[2025-10-06T15:46:34.245+0000] {processor.py:175} INFO - Processing /home/airflow/.local/lib/python3.7/site-packages/airflow/example_dags/example_branch_operator.py took 0.043 seconds
