[2025-10-06T15:34:54.989+0000] {processor.py:153} INFO - Started process (PID=56) to work on /home/airflow/.local/lib/python3.7/site-packages/airflow/example_dags/example_skip_dag.py
[2025-10-06T15:34:54.990+0000] {processor.py:743} INFO - Processing file /home/airflow/.local/lib/python3.7/site-packages/airflow/example_dags/example_skip_dag.py for tasks to queue
[2025-10-06T15:34:54.991+0000] {logging_mixin.py:137} INFO - [2025-10-06T15:34:54.991+0000] {dagbag.py:538} INFO - Filling up the DagBag from /home/airflow/.local/lib/python3.7/site-packages/airflow/example_dags/example_skip_dag.py
[2025-10-06T15:34:55.004+0000] {processor.py:753} INFO - DAG(s) dict_keys(['example_skip_dag']) retrieved from /home/airflow/.local/lib/python3.7/site-packages/airflow/example_dags/example_skip_dag.py
[2025-10-06T15:34:55.013+0000] {logging_mixin.py:137} INFO - [2025-10-06T15:34:55.013+0000] {dag.py:2690} INFO - Sync 1 DAGs
[2025-10-06T15:34:55.033+0000] {logging_mixin.py:137} INFO - [2025-10-06T15:34:55.033+0000] {dag.py:3441} INFO - Setting next_dagrun for example_skip_dag to 2025-10-05T15:34:55.032970+00:00, run_after=2025-10-06T15:34:55.032970+00:00
[2025-10-06T15:34:55.048+0000] {processor.py:175} INFO - Processing /home/airflow/.local/lib/python3.7/site-packages/airflow/example_dags/example_skip_dag.py took 0.061 seconds
[2025-10-06T15:35:25.552+0000] {processor.py:153} INFO - Started process (PID=155) to work on /home/airflow/.local/lib/python3.7/site-packages/airflow/example_dags/example_skip_dag.py
[2025-10-06T15:35:25.553+0000] {processor.py:743} INFO - Processing file /home/airflow/.local/lib/python3.7/site-packages/airflow/example_dags/example_skip_dag.py for tasks to queue
[2025-10-06T15:35:25.553+0000] {logging_mixin.py:137} INFO - [2025-10-06T15:35:25.553+0000] {dagbag.py:538} INFO - Filling up the DagBag from /home/airflow/.local/lib/python3.7/site-packages/airflow/example_dags/example_skip_dag.py
[2025-10-06T15:35:25.559+0000] {processor.py:753} INFO - DAG(s) dict_keys(['example_skip_dag']) retrieved from /home/airflow/.local/lib/python3.7/site-packages/airflow/example_dags/example_skip_dag.py
[2025-10-06T15:35:25.574+0000] {logging_mixin.py:137} INFO - [2025-10-06T15:35:25.574+0000] {dag.py:2690} INFO - Sync 1 DAGs
[2025-10-06T15:35:25.585+0000] {logging_mixin.py:137} INFO - [2025-10-06T15:35:25.585+0000] {dag.py:3441} INFO - Setting next_dagrun for example_skip_dag to 2025-10-05T15:35:25.584919+00:00, run_after=2025-10-06T15:35:25.584919+00:00
[2025-10-06T15:35:25.594+0000] {processor.py:175} INFO - Processing /home/airflow/.local/lib/python3.7/site-packages/airflow/example_dags/example_skip_dag.py took 0.044 seconds
[2025-10-06T15:35:55.966+0000] {processor.py:153} INFO - Started process (PID=254) to work on /home/airflow/.local/lib/python3.7/site-packages/airflow/example_dags/example_skip_dag.py
[2025-10-06T15:35:55.967+0000] {processor.py:743} INFO - Processing file /home/airflow/.local/lib/python3.7/site-packages/airflow/example_dags/example_skip_dag.py for tasks to queue
[2025-10-06T15:35:55.967+0000] {logging_mixin.py:137} INFO - [2025-10-06T15:35:55.967+0000] {dagbag.py:538} INFO - Filling up the DagBag from /home/airflow/.local/lib/python3.7/site-packages/airflow/example_dags/example_skip_dag.py
[2025-10-06T15:35:55.973+0000] {processor.py:753} INFO - DAG(s) dict_keys(['example_skip_dag']) retrieved from /home/airflow/.local/lib/python3.7/site-packages/airflow/example_dags/example_skip_dag.py
[2025-10-06T15:35:55.984+0000] {logging_mixin.py:137} INFO - [2025-10-06T15:35:55.984+0000] {dag.py:2690} INFO - Sync 1 DAGs
[2025-10-06T15:35:55.998+0000] {logging_mixin.py:137} INFO - [2025-10-06T15:35:55.998+0000] {dag.py:3441} INFO - Setting next_dagrun for example_skip_dag to 2025-10-05T15:35:55.998581+00:00, run_after=2025-10-06T15:35:55.998581+00:00
[2025-10-06T15:35:56.006+0000] {processor.py:175} INFO - Processing /home/airflow/.local/lib/python3.7/site-packages/airflow/example_dags/example_skip_dag.py took 0.042 seconds
[2025-10-06T15:36:26.443+0000] {processor.py:153} INFO - Started process (PID=333) to work on /home/airflow/.local/lib/python3.7/site-packages/airflow/example_dags/example_skip_dag.py
[2025-10-06T15:36:26.447+0000] {processor.py:743} INFO - Processing file /home/airflow/.local/lib/python3.7/site-packages/airflow/example_dags/example_skip_dag.py for tasks to queue
[2025-10-06T15:36:26.448+0000] {logging_mixin.py:137} INFO - [2025-10-06T15:36:26.448+0000] {dagbag.py:538} INFO - Filling up the DagBag from /home/airflow/.local/lib/python3.7/site-packages/airflow/example_dags/example_skip_dag.py
[2025-10-06T15:36:26.454+0000] {processor.py:753} INFO - DAG(s) dict_keys(['example_skip_dag']) retrieved from /home/airflow/.local/lib/python3.7/site-packages/airflow/example_dags/example_skip_dag.py
[2025-10-06T15:36:26.465+0000] {logging_mixin.py:137} INFO - [2025-10-06T15:36:26.465+0000] {dag.py:2690} INFO - Sync 1 DAGs
[2025-10-06T15:36:26.475+0000] {logging_mixin.py:137} INFO - [2025-10-06T15:36:26.475+0000] {dag.py:3441} INFO - Setting next_dagrun for example_skip_dag to 2025-10-05T15:36:26.475221+00:00, run_after=2025-10-06T15:36:26.475221+00:00
[2025-10-06T15:36:26.484+0000] {processor.py:175} INFO - Processing /home/airflow/.local/lib/python3.7/site-packages/airflow/example_dags/example_skip_dag.py took 0.042 seconds
[2025-10-06T15:36:56.901+0000] {processor.py:153} INFO - Started process (PID=432) to work on /home/airflow/.local/lib/python3.7/site-packages/airflow/example_dags/example_skip_dag.py
[2025-10-06T15:36:56.902+0000] {processor.py:743} INFO - Processing file /home/airflow/.local/lib/python3.7/site-packages/airflow/example_dags/example_skip_dag.py for tasks to queue
[2025-10-06T15:36:56.903+0000] {logging_mixin.py:137} INFO - [2025-10-06T15:36:56.903+0000] {dagbag.py:538} INFO - Filling up the DagBag from /home/airflow/.local/lib/python3.7/site-packages/airflow/example_dags/example_skip_dag.py
[2025-10-06T15:36:56.909+0000] {processor.py:753} INFO - DAG(s) dict_keys(['example_skip_dag']) retrieved from /home/airflow/.local/lib/python3.7/site-packages/airflow/example_dags/example_skip_dag.py
[2025-10-06T15:36:56.920+0000] {logging_mixin.py:137} INFO - [2025-10-06T15:36:56.920+0000] {dag.py:2690} INFO - Sync 1 DAGs
[2025-10-06T15:36:56.929+0000] {logging_mixin.py:137} INFO - [2025-10-06T15:36:56.929+0000] {dag.py:3441} INFO - Setting next_dagrun for example_skip_dag to 2025-10-05T15:36:56.929414+00:00, run_after=2025-10-06T15:36:56.929414+00:00
[2025-10-06T15:36:56.940+0000] {processor.py:175} INFO - Processing /home/airflow/.local/lib/python3.7/site-packages/airflow/example_dags/example_skip_dag.py took 0.041 seconds
[2025-10-06T15:37:27.326+0000] {processor.py:153} INFO - Started process (PID=531) to work on /home/airflow/.local/lib/python3.7/site-packages/airflow/example_dags/example_skip_dag.py
[2025-10-06T15:37:27.327+0000] {processor.py:743} INFO - Processing file /home/airflow/.local/lib/python3.7/site-packages/airflow/example_dags/example_skip_dag.py for tasks to queue
[2025-10-06T15:37:27.327+0000] {logging_mixin.py:137} INFO - [2025-10-06T15:37:27.327+0000] {dagbag.py:538} INFO - Filling up the DagBag from /home/airflow/.local/lib/python3.7/site-packages/airflow/example_dags/example_skip_dag.py
[2025-10-06T15:37:27.333+0000] {processor.py:753} INFO - DAG(s) dict_keys(['example_skip_dag']) retrieved from /home/airflow/.local/lib/python3.7/site-packages/airflow/example_dags/example_skip_dag.py
[2025-10-06T15:37:27.344+0000] {logging_mixin.py:137} INFO - [2025-10-06T15:37:27.344+0000] {dag.py:2690} INFO - Sync 1 DAGs
[2025-10-06T15:37:27.355+0000] {logging_mixin.py:137} INFO - [2025-10-06T15:37:27.355+0000] {dag.py:3441} INFO - Setting next_dagrun for example_skip_dag to 2025-10-05T15:37:27.355213+00:00, run_after=2025-10-06T15:37:27.355213+00:00
[2025-10-06T15:37:27.363+0000] {processor.py:175} INFO - Processing /home/airflow/.local/lib/python3.7/site-packages/airflow/example_dags/example_skip_dag.py took 0.040 seconds
[2025-10-06T15:37:57.676+0000] {processor.py:153} INFO - Started process (PID=630) to work on /home/airflow/.local/lib/python3.7/site-packages/airflow/example_dags/example_skip_dag.py
[2025-10-06T15:37:57.677+0000] {processor.py:743} INFO - Processing file /home/airflow/.local/lib/python3.7/site-packages/airflow/example_dags/example_skip_dag.py for tasks to queue
[2025-10-06T15:37:57.677+0000] {logging_mixin.py:137} INFO - [2025-10-06T15:37:57.677+0000] {dagbag.py:538} INFO - Filling up the DagBag from /home/airflow/.local/lib/python3.7/site-packages/airflow/example_dags/example_skip_dag.py
[2025-10-06T15:37:57.684+0000] {processor.py:753} INFO - DAG(s) dict_keys(['example_skip_dag']) retrieved from /home/airflow/.local/lib/python3.7/site-packages/airflow/example_dags/example_skip_dag.py
[2025-10-06T15:37:57.698+0000] {logging_mixin.py:137} INFO - [2025-10-06T15:37:57.698+0000] {dag.py:2690} INFO - Sync 1 DAGs
[2025-10-06T15:37:57.711+0000] {logging_mixin.py:137} INFO - [2025-10-06T15:37:57.711+0000] {dag.py:3441} INFO - Setting next_dagrun for example_skip_dag to 2025-10-05T15:37:57.711568+00:00, run_after=2025-10-06T15:37:57.711568+00:00
[2025-10-06T15:37:57.721+0000] {processor.py:175} INFO - Processing /home/airflow/.local/lib/python3.7/site-packages/airflow/example_dags/example_skip_dag.py took 0.047 seconds
[2025-10-06T15:38:28.111+0000] {processor.py:153} INFO - Started process (PID=709) to work on /home/airflow/.local/lib/python3.7/site-packages/airflow/example_dags/example_skip_dag.py
[2025-10-06T15:38:28.111+0000] {processor.py:743} INFO - Processing file /home/airflow/.local/lib/python3.7/site-packages/airflow/example_dags/example_skip_dag.py for tasks to queue
[2025-10-06T15:38:28.112+0000] {logging_mixin.py:137} INFO - [2025-10-06T15:38:28.112+0000] {dagbag.py:538} INFO - Filling up the DagBag from /home/airflow/.local/lib/python3.7/site-packages/airflow/example_dags/example_skip_dag.py
[2025-10-06T15:38:28.119+0000] {processor.py:753} INFO - DAG(s) dict_keys(['example_skip_dag']) retrieved from /home/airflow/.local/lib/python3.7/site-packages/airflow/example_dags/example_skip_dag.py
[2025-10-06T15:38:28.132+0000] {logging_mixin.py:137} INFO - [2025-10-06T15:38:28.132+0000] {dag.py:2690} INFO - Sync 1 DAGs
[2025-10-06T15:38:28.146+0000] {logging_mixin.py:137} INFO - [2025-10-06T15:38:28.146+0000] {dag.py:3441} INFO - Setting next_dagrun for example_skip_dag to 2025-10-05T15:38:28.146291+00:00, run_after=2025-10-06T15:38:28.146291+00:00
[2025-10-06T15:38:28.155+0000] {processor.py:175} INFO - Processing /home/airflow/.local/lib/python3.7/site-packages/airflow/example_dags/example_skip_dag.py took 0.046 seconds
[2025-10-06T15:38:58.523+0000] {processor.py:153} INFO - Started process (PID=808) to work on /home/airflow/.local/lib/python3.7/site-packages/airflow/example_dags/example_skip_dag.py
[2025-10-06T15:38:58.526+0000] {processor.py:743} INFO - Processing file /home/airflow/.local/lib/python3.7/site-packages/airflow/example_dags/example_skip_dag.py for tasks to queue
[2025-10-06T15:38:58.526+0000] {logging_mixin.py:137} INFO - [2025-10-06T15:38:58.526+0000] {dagbag.py:538} INFO - Filling up the DagBag from /home/airflow/.local/lib/python3.7/site-packages/airflow/example_dags/example_skip_dag.py
[2025-10-06T15:38:58.532+0000] {processor.py:753} INFO - DAG(s) dict_keys(['example_skip_dag']) retrieved from /home/airflow/.local/lib/python3.7/site-packages/airflow/example_dags/example_skip_dag.py
[2025-10-06T15:38:58.543+0000] {logging_mixin.py:137} INFO - [2025-10-06T15:38:58.543+0000] {dag.py:2690} INFO - Sync 1 DAGs
[2025-10-06T15:38:58.554+0000] {logging_mixin.py:137} INFO - [2025-10-06T15:38:58.554+0000] {dag.py:3441} INFO - Setting next_dagrun for example_skip_dag to 2025-10-05T15:38:58.553985+00:00, run_after=2025-10-06T15:38:58.553985+00:00
[2025-10-06T15:38:58.563+0000] {processor.py:175} INFO - Processing /home/airflow/.local/lib/python3.7/site-packages/airflow/example_dags/example_skip_dag.py took 0.041 seconds
[2025-10-06T15:39:28.902+0000] {processor.py:153} INFO - Started process (PID=907) to work on /home/airflow/.local/lib/python3.7/site-packages/airflow/example_dags/example_skip_dag.py
[2025-10-06T15:39:28.904+0000] {processor.py:743} INFO - Processing file /home/airflow/.local/lib/python3.7/site-packages/airflow/example_dags/example_skip_dag.py for tasks to queue
[2025-10-06T15:39:28.905+0000] {logging_mixin.py:137} INFO - [2025-10-06T15:39:28.904+0000] {dagbag.py:538} INFO - Filling up the DagBag from /home/airflow/.local/lib/python3.7/site-packages/airflow/example_dags/example_skip_dag.py
[2025-10-06T15:39:28.911+0000] {processor.py:753} INFO - DAG(s) dict_keys(['example_skip_dag']) retrieved from /home/airflow/.local/lib/python3.7/site-packages/airflow/example_dags/example_skip_dag.py
[2025-10-06T15:39:28.923+0000] {logging_mixin.py:137} INFO - [2025-10-06T15:39:28.922+0000] {dag.py:2690} INFO - Sync 1 DAGs
[2025-10-06T15:39:28.934+0000] {logging_mixin.py:137} INFO - [2025-10-06T15:39:28.934+0000] {dag.py:3441} INFO - Setting next_dagrun for example_skip_dag to 2025-10-05T15:39:28.934029+00:00, run_after=2025-10-06T15:39:28.934029+00:00
[2025-10-06T15:39:28.941+0000] {processor.py:175} INFO - Processing /home/airflow/.local/lib/python3.7/site-packages/airflow/example_dags/example_skip_dag.py took 0.041 seconds
[2025-10-06T15:39:59.306+0000] {processor.py:153} INFO - Started process (PID=1006) to work on /home/airflow/.local/lib/python3.7/site-packages/airflow/example_dags/example_skip_dag.py
[2025-10-06T15:39:59.307+0000] {processor.py:743} INFO - Processing file /home/airflow/.local/lib/python3.7/site-packages/airflow/example_dags/example_skip_dag.py for tasks to queue
[2025-10-06T15:39:59.307+0000] {logging_mixin.py:137} INFO - [2025-10-06T15:39:59.307+0000] {dagbag.py:538} INFO - Filling up the DagBag from /home/airflow/.local/lib/python3.7/site-packages/airflow/example_dags/example_skip_dag.py
[2025-10-06T15:39:59.312+0000] {processor.py:753} INFO - DAG(s) dict_keys(['example_skip_dag']) retrieved from /home/airflow/.local/lib/python3.7/site-packages/airflow/example_dags/example_skip_dag.py
[2025-10-06T15:39:59.323+0000] {logging_mixin.py:137} INFO - [2025-10-06T15:39:59.322+0000] {dag.py:2690} INFO - Sync 1 DAGs
[2025-10-06T15:39:59.332+0000] {logging_mixin.py:137} INFO - [2025-10-06T15:39:59.332+0000] {dag.py:3441} INFO - Setting next_dagrun for example_skip_dag to 2025-10-05T15:39:59.332667+00:00, run_after=2025-10-06T15:39:59.332667+00:00
[2025-10-06T15:39:59.340+0000] {processor.py:175} INFO - Processing /home/airflow/.local/lib/python3.7/site-packages/airflow/example_dags/example_skip_dag.py took 0.035 seconds
[2025-10-06T15:40:29.484+0000] {processor.py:153} INFO - Started process (PID=1085) to work on /home/airflow/.local/lib/python3.7/site-packages/airflow/example_dags/example_skip_dag.py
[2025-10-06T15:40:29.484+0000] {processor.py:743} INFO - Processing file /home/airflow/.local/lib/python3.7/site-packages/airflow/example_dags/example_skip_dag.py for tasks to queue
[2025-10-06T15:40:29.485+0000] {logging_mixin.py:137} INFO - [2025-10-06T15:40:29.485+0000] {dagbag.py:538} INFO - Filling up the DagBag from /home/airflow/.local/lib/python3.7/site-packages/airflow/example_dags/example_skip_dag.py
[2025-10-06T15:40:29.491+0000] {processor.py:753} INFO - DAG(s) dict_keys(['example_skip_dag']) retrieved from /home/airflow/.local/lib/python3.7/site-packages/airflow/example_dags/example_skip_dag.py
[2025-10-06T15:40:29.500+0000] {logging_mixin.py:137} INFO - [2025-10-06T15:40:29.500+0000] {dag.py:2690} INFO - Sync 1 DAGs
[2025-10-06T15:40:29.510+0000] {logging_mixin.py:137} INFO - [2025-10-06T15:40:29.510+0000] {dag.py:3441} INFO - Setting next_dagrun for example_skip_dag to 2025-10-05T15:40:29.510347+00:00, run_after=2025-10-06T15:40:29.510347+00:00
[2025-10-06T15:40:29.519+0000] {processor.py:175} INFO - Processing /home/airflow/.local/lib/python3.7/site-packages/airflow/example_dags/example_skip_dag.py took 0.036 seconds
[2025-10-06T15:40:59.753+0000] {processor.py:153} INFO - Started process (PID=1184) to work on /home/airflow/.local/lib/python3.7/site-packages/airflow/example_dags/example_skip_dag.py
[2025-10-06T15:40:59.753+0000] {processor.py:743} INFO - Processing file /home/airflow/.local/lib/python3.7/site-packages/airflow/example_dags/example_skip_dag.py for tasks to queue
[2025-10-06T15:40:59.753+0000] {logging_mixin.py:137} INFO - [2025-10-06T15:40:59.753+0000] {dagbag.py:538} INFO - Filling up the DagBag from /home/airflow/.local/lib/python3.7/site-packages/airflow/example_dags/example_skip_dag.py
[2025-10-06T15:40:59.759+0000] {processor.py:753} INFO - DAG(s) dict_keys(['example_skip_dag']) retrieved from /home/airflow/.local/lib/python3.7/site-packages/airflow/example_dags/example_skip_dag.py
[2025-10-06T15:40:59.773+0000] {logging_mixin.py:137} INFO - [2025-10-06T15:40:59.773+0000] {dag.py:2690} INFO - Sync 1 DAGs
[2025-10-06T15:40:59.785+0000] {logging_mixin.py:137} INFO - [2025-10-06T15:40:59.785+0000] {dag.py:3441} INFO - Setting next_dagrun for example_skip_dag to 2025-10-05T15:40:59.785030+00:00, run_after=2025-10-06T15:40:59.785030+00:00
[2025-10-06T15:40:59.797+0000] {processor.py:175} INFO - Processing /home/airflow/.local/lib/python3.7/site-packages/airflow/example_dags/example_skip_dag.py took 0.046 seconds
[2025-10-06T15:41:30.037+0000] {processor.py:153} INFO - Started process (PID=1283) to work on /home/airflow/.local/lib/python3.7/site-packages/airflow/example_dags/example_skip_dag.py
[2025-10-06T15:41:30.037+0000] {processor.py:743} INFO - Processing file /home/airflow/.local/lib/python3.7/site-packages/airflow/example_dags/example_skip_dag.py for tasks to queue
[2025-10-06T15:41:30.037+0000] {logging_mixin.py:137} INFO - [2025-10-06T15:41:30.037+0000] {dagbag.py:538} INFO - Filling up the DagBag from /home/airflow/.local/lib/python3.7/site-packages/airflow/example_dags/example_skip_dag.py
[2025-10-06T15:41:30.043+0000] {processor.py:753} INFO - DAG(s) dict_keys(['example_skip_dag']) retrieved from /home/airflow/.local/lib/python3.7/site-packages/airflow/example_dags/example_skip_dag.py
[2025-10-06T15:41:30.053+0000] {logging_mixin.py:137} INFO - [2025-10-06T15:41:30.053+0000] {dag.py:2690} INFO - Sync 1 DAGs
[2025-10-06T15:41:30.064+0000] {logging_mixin.py:137} INFO - [2025-10-06T15:41:30.064+0000] {dag.py:3441} INFO - Setting next_dagrun for example_skip_dag to 2025-10-05T15:41:30.063967+00:00, run_after=2025-10-06T15:41:30.063967+00:00
[2025-10-06T15:41:30.071+0000] {processor.py:175} INFO - Processing /home/airflow/.local/lib/python3.7/site-packages/airflow/example_dags/example_skip_dag.py took 0.036 seconds
[2025-10-06T15:42:00.418+0000] {processor.py:153} INFO - Started process (PID=1382) to work on /home/airflow/.local/lib/python3.7/site-packages/airflow/example_dags/example_skip_dag.py
[2025-10-06T15:42:00.419+0000] {processor.py:743} INFO - Processing file /home/airflow/.local/lib/python3.7/site-packages/airflow/example_dags/example_skip_dag.py for tasks to queue
[2025-10-06T15:42:00.419+0000] {logging_mixin.py:137} INFO - [2025-10-06T15:42:00.419+0000] {dagbag.py:538} INFO - Filling up the DagBag from /home/airflow/.local/lib/python3.7/site-packages/airflow/example_dags/example_skip_dag.py
[2025-10-06T15:42:00.425+0000] {processor.py:753} INFO - DAG(s) dict_keys(['example_skip_dag']) retrieved from /home/airflow/.local/lib/python3.7/site-packages/airflow/example_dags/example_skip_dag.py
[2025-10-06T15:42:00.438+0000] {logging_mixin.py:137} INFO - [2025-10-06T15:42:00.438+0000] {dag.py:2690} INFO - Sync 1 DAGs
[2025-10-06T15:42:00.448+0000] {logging_mixin.py:137} INFO - [2025-10-06T15:42:00.448+0000] {dag.py:3441} INFO - Setting next_dagrun for example_skip_dag to 2025-10-05T15:42:00.448325+00:00, run_after=2025-10-06T15:42:00.448325+00:00
[2025-10-06T15:42:00.456+0000] {processor.py:175} INFO - Processing /home/airflow/.local/lib/python3.7/site-packages/airflow/example_dags/example_skip_dag.py took 0.040 seconds
[2025-10-06T15:42:30.695+0000] {processor.py:153} INFO - Started process (PID=1461) to work on /home/airflow/.local/lib/python3.7/site-packages/airflow/example_dags/example_skip_dag.py
[2025-10-06T15:42:30.695+0000] {processor.py:743} INFO - Processing file /home/airflow/.local/lib/python3.7/site-packages/airflow/example_dags/example_skip_dag.py for tasks to queue
[2025-10-06T15:42:30.696+0000] {logging_mixin.py:137} INFO - [2025-10-06T15:42:30.695+0000] {dagbag.py:538} INFO - Filling up the DagBag from /home/airflow/.local/lib/python3.7/site-packages/airflow/example_dags/example_skip_dag.py
[2025-10-06T15:42:30.701+0000] {processor.py:753} INFO - DAG(s) dict_keys(['example_skip_dag']) retrieved from /home/airflow/.local/lib/python3.7/site-packages/airflow/example_dags/example_skip_dag.py
[2025-10-06T15:42:30.712+0000] {logging_mixin.py:137} INFO - [2025-10-06T15:42:30.712+0000] {dag.py:2690} INFO - Sync 1 DAGs
[2025-10-06T15:42:30.722+0000] {logging_mixin.py:137} INFO - [2025-10-06T15:42:30.722+0000] {dag.py:3441} INFO - Setting next_dagrun for example_skip_dag to 2025-10-05T15:42:30.722628+00:00, run_after=2025-10-06T15:42:30.722628+00:00
[2025-10-06T15:42:30.729+0000] {processor.py:175} INFO - Processing /home/airflow/.local/lib/python3.7/site-packages/airflow/example_dags/example_skip_dag.py took 0.036 seconds
[2025-10-06T15:43:00.924+0000] {processor.py:153} INFO - Started process (PID=1561) to work on /home/airflow/.local/lib/python3.7/site-packages/airflow/example_dags/example_skip_dag.py
[2025-10-06T15:43:00.925+0000] {processor.py:743} INFO - Processing file /home/airflow/.local/lib/python3.7/site-packages/airflow/example_dags/example_skip_dag.py for tasks to queue
[2025-10-06T15:43:00.925+0000] {logging_mixin.py:137} INFO - [2025-10-06T15:43:00.925+0000] {dagbag.py:538} INFO - Filling up the DagBag from /home/airflow/.local/lib/python3.7/site-packages/airflow/example_dags/example_skip_dag.py
[2025-10-06T15:43:00.930+0000] {processor.py:753} INFO - DAG(s) dict_keys(['example_skip_dag']) retrieved from /home/airflow/.local/lib/python3.7/site-packages/airflow/example_dags/example_skip_dag.py
[2025-10-06T15:43:00.941+0000] {logging_mixin.py:137} INFO - [2025-10-06T15:43:00.941+0000] {dag.py:2690} INFO - Sync 1 DAGs
[2025-10-06T15:43:00.952+0000] {logging_mixin.py:137} INFO - [2025-10-06T15:43:00.952+0000] {dag.py:3441} INFO - Setting next_dagrun for example_skip_dag to 2025-10-05T15:43:00.952095+00:00, run_after=2025-10-06T15:43:00.952095+00:00
[2025-10-06T15:43:00.959+0000] {processor.py:175} INFO - Processing /home/airflow/.local/lib/python3.7/site-packages/airflow/example_dags/example_skip_dag.py took 0.036 seconds
[2025-10-06T15:43:31.218+0000] {processor.py:153} INFO - Started process (PID=1660) to work on /home/airflow/.local/lib/python3.7/site-packages/airflow/example_dags/example_skip_dag.py
[2025-10-06T15:43:31.219+0000] {processor.py:743} INFO - Processing file /home/airflow/.local/lib/python3.7/site-packages/airflow/example_dags/example_skip_dag.py for tasks to queue
[2025-10-06T15:43:31.219+0000] {logging_mixin.py:137} INFO - [2025-10-06T15:43:31.219+0000] {dagbag.py:538} INFO - Filling up the DagBag from /home/airflow/.local/lib/python3.7/site-packages/airflow/example_dags/example_skip_dag.py
[2025-10-06T15:43:31.225+0000] {processor.py:753} INFO - DAG(s) dict_keys(['example_skip_dag']) retrieved from /home/airflow/.local/lib/python3.7/site-packages/airflow/example_dags/example_skip_dag.py
[2025-10-06T15:43:31.237+0000] {logging_mixin.py:137} INFO - [2025-10-06T15:43:31.237+0000] {dag.py:2690} INFO - Sync 1 DAGs
[2025-10-06T15:43:31.251+0000] {logging_mixin.py:137} INFO - [2025-10-06T15:43:31.251+0000] {dag.py:3441} INFO - Setting next_dagrun for example_skip_dag to 2025-10-05T15:43:31.251413+00:00, run_after=2025-10-06T15:43:31.251413+00:00
[2025-10-06T15:43:31.258+0000] {processor.py:175} INFO - Processing /home/airflow/.local/lib/python3.7/site-packages/airflow/example_dags/example_skip_dag.py took 0.042 seconds
[2025-10-06T15:44:01.626+0000] {processor.py:153} INFO - Started process (PID=1759) to work on /home/airflow/.local/lib/python3.7/site-packages/airflow/example_dags/example_skip_dag.py
[2025-10-06T15:44:01.627+0000] {processor.py:743} INFO - Processing file /home/airflow/.local/lib/python3.7/site-packages/airflow/example_dags/example_skip_dag.py for tasks to queue
[2025-10-06T15:44:01.627+0000] {logging_mixin.py:137} INFO - [2025-10-06T15:44:01.627+0000] {dagbag.py:538} INFO - Filling up the DagBag from /home/airflow/.local/lib/python3.7/site-packages/airflow/example_dags/example_skip_dag.py
[2025-10-06T15:44:01.634+0000] {processor.py:753} INFO - DAG(s) dict_keys(['example_skip_dag']) retrieved from /home/airflow/.local/lib/python3.7/site-packages/airflow/example_dags/example_skip_dag.py
[2025-10-06T15:44:01.647+0000] {logging_mixin.py:137} INFO - [2025-10-06T15:44:01.647+0000] {dag.py:2690} INFO - Sync 1 DAGs
[2025-10-06T15:44:01.659+0000] {logging_mixin.py:137} INFO - [2025-10-06T15:44:01.658+0000] {dag.py:3441} INFO - Setting next_dagrun for example_skip_dag to 2025-10-05T15:44:01.658846+00:00, run_after=2025-10-06T15:44:01.658846+00:00
[2025-10-06T15:44:01.667+0000] {processor.py:175} INFO - Processing /home/airflow/.local/lib/python3.7/site-packages/airflow/example_dags/example_skip_dag.py took 0.043 seconds
[2025-10-06T15:44:32.023+0000] {processor.py:153} INFO - Started process (PID=1838) to work on /home/airflow/.local/lib/python3.7/site-packages/airflow/example_dags/example_skip_dag.py
[2025-10-06T15:44:32.023+0000] {processor.py:743} INFO - Processing file /home/airflow/.local/lib/python3.7/site-packages/airflow/example_dags/example_skip_dag.py for tasks to queue
[2025-10-06T15:44:32.024+0000] {logging_mixin.py:137} INFO - [2025-10-06T15:44:32.024+0000] {dagbag.py:538} INFO - Filling up the DagBag from /home/airflow/.local/lib/python3.7/site-packages/airflow/example_dags/example_skip_dag.py
[2025-10-06T15:44:32.031+0000] {processor.py:753} INFO - DAG(s) dict_keys(['example_skip_dag']) retrieved from /home/airflow/.local/lib/python3.7/site-packages/airflow/example_dags/example_skip_dag.py
[2025-10-06T15:44:32.041+0000] {logging_mixin.py:137} INFO - [2025-10-06T15:44:32.041+0000] {dag.py:2690} INFO - Sync 1 DAGs
[2025-10-06T15:44:32.052+0000] {logging_mixin.py:137} INFO - [2025-10-06T15:44:32.052+0000] {dag.py:3441} INFO - Setting next_dagrun for example_skip_dag to 2025-10-05T15:44:32.052293+00:00, run_after=2025-10-06T15:44:32.052293+00:00
[2025-10-06T15:44:32.060+0000] {processor.py:175} INFO - Processing /home/airflow/.local/lib/python3.7/site-packages/airflow/example_dags/example_skip_dag.py took 0.039 seconds
[2025-10-06T15:45:02.372+0000] {processor.py:153} INFO - Started process (PID=1937) to work on /home/airflow/.local/lib/python3.7/site-packages/airflow/example_dags/example_skip_dag.py
[2025-10-06T15:45:02.372+0000] {processor.py:743} INFO - Processing file /home/airflow/.local/lib/python3.7/site-packages/airflow/example_dags/example_skip_dag.py for tasks to queue
[2025-10-06T15:45:02.372+0000] {logging_mixin.py:137} INFO - [2025-10-06T15:45:02.372+0000] {dagbag.py:538} INFO - Filling up the DagBag from /home/airflow/.local/lib/python3.7/site-packages/airflow/example_dags/example_skip_dag.py
[2025-10-06T15:45:02.379+0000] {processor.py:753} INFO - DAG(s) dict_keys(['example_skip_dag']) retrieved from /home/airflow/.local/lib/python3.7/site-packages/airflow/example_dags/example_skip_dag.py
[2025-10-06T15:45:02.389+0000] {logging_mixin.py:137} INFO - [2025-10-06T15:45:02.389+0000] {dag.py:2690} INFO - Sync 1 DAGs
[2025-10-06T15:45:02.400+0000] {logging_mixin.py:137} INFO - [2025-10-06T15:45:02.400+0000] {dag.py:3441} INFO - Setting next_dagrun for example_skip_dag to 2025-10-05T15:45:02.400220+00:00, run_after=2025-10-06T15:45:02.400220+00:00
[2025-10-06T15:45:02.407+0000] {processor.py:175} INFO - Processing /home/airflow/.local/lib/python3.7/site-packages/airflow/example_dags/example_skip_dag.py took 0.037 seconds
[2025-10-06T15:45:32.676+0000] {processor.py:153} INFO - Started process (PID=2036) to work on /home/airflow/.local/lib/python3.7/site-packages/airflow/example_dags/example_skip_dag.py
[2025-10-06T15:45:32.676+0000] {processor.py:743} INFO - Processing file /home/airflow/.local/lib/python3.7/site-packages/airflow/example_dags/example_skip_dag.py for tasks to queue
[2025-10-06T15:45:32.677+0000] {logging_mixin.py:137} INFO - [2025-10-06T15:45:32.677+0000] {dagbag.py:538} INFO - Filling up the DagBag from /home/airflow/.local/lib/python3.7/site-packages/airflow/example_dags/example_skip_dag.py
[2025-10-06T15:45:32.683+0000] {processor.py:753} INFO - DAG(s) dict_keys(['example_skip_dag']) retrieved from /home/airflow/.local/lib/python3.7/site-packages/airflow/example_dags/example_skip_dag.py
[2025-10-06T15:45:32.695+0000] {logging_mixin.py:137} INFO - [2025-10-06T15:45:32.695+0000] {dag.py:2690} INFO - Sync 1 DAGs
[2025-10-06T15:45:32.705+0000] {logging_mixin.py:137} INFO - [2025-10-06T15:45:32.705+0000] {dag.py:3441} INFO - Setting next_dagrun for example_skip_dag to 2025-10-05T15:45:32.704972+00:00, run_after=2025-10-06T15:45:32.704972+00:00
[2025-10-06T15:45:32.712+0000] {processor.py:175} INFO - Processing /home/airflow/.local/lib/python3.7/site-packages/airflow/example_dags/example_skip_dag.py took 0.037 seconds
[2025-10-06T15:46:02.968+0000] {processor.py:153} INFO - Started process (PID=2124) to work on /home/airflow/.local/lib/python3.7/site-packages/airflow/example_dags/example_skip_dag.py
[2025-10-06T15:46:02.968+0000] {processor.py:743} INFO - Processing file /home/airflow/.local/lib/python3.7/site-packages/airflow/example_dags/example_skip_dag.py for tasks to queue
[2025-10-06T15:46:02.968+0000] {logging_mixin.py:137} INFO - [2025-10-06T15:46:02.968+0000] {dagbag.py:538} INFO - Filling up the DagBag from /home/airflow/.local/lib/python3.7/site-packages/airflow/example_dags/example_skip_dag.py
[2025-10-06T15:46:02.975+0000] {processor.py:753} INFO - DAG(s) dict_keys(['example_skip_dag']) retrieved from /home/airflow/.local/lib/python3.7/site-packages/airflow/example_dags/example_skip_dag.py
[2025-10-06T15:46:02.987+0000] {logging_mixin.py:137} INFO - [2025-10-06T15:46:02.986+0000] {dag.py:2690} INFO - Sync 1 DAGs
[2025-10-06T15:46:02.997+0000] {logging_mixin.py:137} INFO - [2025-10-06T15:46:02.997+0000] {dag.py:3441} INFO - Setting next_dagrun for example_skip_dag to 2025-10-05T15:46:02.997789+00:00, run_after=2025-10-06T15:46:02.997789+00:00
[2025-10-06T15:46:03.005+0000] {processor.py:175} INFO - Processing /home/airflow/.local/lib/python3.7/site-packages/airflow/example_dags/example_skip_dag.py took 0.039 seconds
[2025-10-06T15:46:33.706+0000] {processor.py:153} INFO - Started process (PID=2214) to work on /home/airflow/.local/lib/python3.7/site-packages/airflow/example_dags/example_skip_dag.py
[2025-10-06T15:46:33.707+0000] {processor.py:743} INFO - Processing file /home/airflow/.local/lib/python3.7/site-packages/airflow/example_dags/example_skip_dag.py for tasks to queue
[2025-10-06T15:46:33.707+0000] {logging_mixin.py:137} INFO - [2025-10-06T15:46:33.707+0000] {dagbag.py:538} INFO - Filling up the DagBag from /home/airflow/.local/lib/python3.7/site-packages/airflow/example_dags/example_skip_dag.py
[2025-10-06T15:46:33.714+0000] {processor.py:753} INFO - DAG(s) dict_keys(['example_skip_dag']) retrieved from /home/airflow/.local/lib/python3.7/site-packages/airflow/example_dags/example_skip_dag.py
[2025-10-06T15:46:33.729+0000] {logging_mixin.py:137} INFO - [2025-10-06T15:46:33.729+0000] {dag.py:2690} INFO - Sync 1 DAGs
[2025-10-06T15:46:33.744+0000] {logging_mixin.py:137} INFO - [2025-10-06T15:46:33.744+0000] {dag.py:3441} INFO - Setting next_dagrun for example_skip_dag to 2025-10-05T15:46:33.742999+00:00, run_after=2025-10-06T15:46:33.742999+00:00
[2025-10-06T15:46:33.754+0000] {processor.py:175} INFO - Processing /home/airflow/.local/lib/python3.7/site-packages/airflow/example_dags/example_skip_dag.py took 0.050 seconds
