[2025-10-06T15:34:54.857+0000] {processor.py:153} INFO - Started process (PID=52) to work on /home/airflow/.local/lib/python3.7/site-packages/airflow/example_dags/example_bash_operator.py
[2025-10-06T15:34:54.861+0000] {processor.py:743} INFO - Processing file /home/airflow/.local/lib/python3.7/site-packages/airflow/example_dags/example_bash_operator.py for tasks to queue
[2025-10-06T15:34:54.862+0000] {logging_mixin.py:137} INFO - [2025-10-06T15:34:54.862+0000] {dagbag.py:538} INFO - Filling up the DagBag from /home/airflow/.local/lib/python3.7/site-packages/airflow/example_dags/example_bash_operator.py
[2025-10-06T15:34:54.875+0000] {processor.py:753} INFO - DAG(s) dict_keys(['example_bash_operator']) retrieved from /home/airflow/.local/lib/python3.7/site-packages/airflow/example_dags/example_bash_operator.py
[2025-10-06T15:34:54.884+0000] {logging_mixin.py:137} INFO - [2025-10-06T15:34:54.884+0000] {dag.py:2690} INFO - Sync 1 DAGs
[2025-10-06T15:34:54.904+0000] {logging_mixin.py:137} INFO - [2025-10-06T15:34:54.904+0000] {dag.py:3441} INFO - Setting next_dagrun for example_bash_operator to 2025-10-05T00:00:00+00:00, run_after=2025-10-06T00:00:00+00:00
[2025-10-06T15:34:54.917+0000] {processor.py:175} INFO - Processing /home/airflow/.local/lib/python3.7/site-packages/airflow/example_dags/example_bash_operator.py took 0.062 seconds
[2025-10-06T15:35:25.455+0000] {processor.py:153} INFO - Started process (PID=151) to work on /home/airflow/.local/lib/python3.7/site-packages/airflow/example_dags/example_bash_operator.py
[2025-10-06T15:35:25.456+0000] {processor.py:743} INFO - Processing file /home/airflow/.local/lib/python3.7/site-packages/airflow/example_dags/example_bash_operator.py for tasks to queue
[2025-10-06T15:35:25.456+0000] {logging_mixin.py:137} INFO - [2025-10-06T15:35:25.456+0000] {dagbag.py:538} INFO - Filling up the DagBag from /home/airflow/.local/lib/python3.7/site-packages/airflow/example_dags/example_bash_operator.py
[2025-10-06T15:35:25.466+0000] {processor.py:753} INFO - DAG(s) dict_keys(['example_bash_operator']) retrieved from /home/airflow/.local/lib/python3.7/site-packages/airflow/example_dags/example_bash_operator.py
[2025-10-06T15:35:25.481+0000] {logging_mixin.py:137} INFO - [2025-10-06T15:35:25.481+0000] {dag.py:2690} INFO - Sync 1 DAGs
[2025-10-06T15:35:25.497+0000] {logging_mixin.py:137} INFO - [2025-10-06T15:35:25.497+0000] {dag.py:3441} INFO - Setting next_dagrun for example_bash_operator to 2025-10-05T00:00:00+00:00, run_after=2025-10-06T00:00:00+00:00
[2025-10-06T15:35:25.505+0000] {processor.py:175} INFO - Processing /home/airflow/.local/lib/python3.7/site-packages/airflow/example_dags/example_bash_operator.py took 0.052 seconds
[2025-10-06T15:35:55.886+0000] {processor.py:153} INFO - Started process (PID=251) to work on /home/airflow/.local/lib/python3.7/site-packages/airflow/example_dags/example_bash_operator.py
[2025-10-06T15:35:55.886+0000] {processor.py:743} INFO - Processing file /home/airflow/.local/lib/python3.7/site-packages/airflow/example_dags/example_bash_operator.py for tasks to queue
[2025-10-06T15:35:55.887+0000] {logging_mixin.py:137} INFO - [2025-10-06T15:35:55.887+0000] {dagbag.py:538} INFO - Filling up the DagBag from /home/airflow/.local/lib/python3.7/site-packages/airflow/example_dags/example_bash_operator.py
[2025-10-06T15:35:55.897+0000] {processor.py:753} INFO - DAG(s) dict_keys(['example_bash_operator']) retrieved from /home/airflow/.local/lib/python3.7/site-packages/airflow/example_dags/example_bash_operator.py
[2025-10-06T15:35:55.916+0000] {logging_mixin.py:137} INFO - [2025-10-06T15:35:55.916+0000] {dag.py:2690} INFO - Sync 1 DAGs
[2025-10-06T15:35:55.929+0000] {logging_mixin.py:137} INFO - [2025-10-06T15:35:55.929+0000] {dag.py:3441} INFO - Setting next_dagrun for example_bash_operator to 2025-10-05T00:00:00+00:00, run_after=2025-10-06T00:00:00+00:00
[2025-10-06T15:35:55.938+0000] {processor.py:175} INFO - Processing /home/airflow/.local/lib/python3.7/site-packages/airflow/example_dags/example_bash_operator.py took 0.054 seconds
[2025-10-06T15:36:26.344+0000] {processor.py:153} INFO - Started process (PID=329) to work on /home/airflow/.local/lib/python3.7/site-packages/airflow/example_dags/example_bash_operator.py
[2025-10-06T15:36:26.345+0000] {processor.py:743} INFO - Processing file /home/airflow/.local/lib/python3.7/site-packages/airflow/example_dags/example_bash_operator.py for tasks to queue
[2025-10-06T15:36:26.345+0000] {logging_mixin.py:137} INFO - [2025-10-06T15:36:26.345+0000] {dagbag.py:538} INFO - Filling up the DagBag from /home/airflow/.local/lib/python3.7/site-packages/airflow/example_dags/example_bash_operator.py
[2025-10-06T15:36:26.355+0000] {processor.py:753} INFO - DAG(s) dict_keys(['example_bash_operator']) retrieved from /home/airflow/.local/lib/python3.7/site-packages/airflow/example_dags/example_bash_operator.py
[2025-10-06T15:36:26.375+0000] {logging_mixin.py:137} INFO - [2025-10-06T15:36:26.374+0000] {dag.py:2690} INFO - Sync 1 DAGs
[2025-10-06T15:36:26.385+0000] {logging_mixin.py:137} INFO - [2025-10-06T15:36:26.385+0000] {dag.py:3441} INFO - Setting next_dagrun for example_bash_operator to 2025-10-05T00:00:00+00:00, run_after=2025-10-06T00:00:00+00:00
[2025-10-06T15:36:26.397+0000] {processor.py:175} INFO - Processing /home/airflow/.local/lib/python3.7/site-packages/airflow/example_dags/example_bash_operator.py took 0.054 seconds
[2025-10-06T15:36:56.793+0000] {processor.py:153} INFO - Started process (PID=428) to work on /home/airflow/.local/lib/python3.7/site-packages/airflow/example_dags/example_bash_operator.py
[2025-10-06T15:36:56.794+0000] {processor.py:743} INFO - Processing file /home/airflow/.local/lib/python3.7/site-packages/airflow/example_dags/example_bash_operator.py for tasks to queue
[2025-10-06T15:36:56.794+0000] {logging_mixin.py:137} INFO - [2025-10-06T15:36:56.794+0000] {dagbag.py:538} INFO - Filling up the DagBag from /home/airflow/.local/lib/python3.7/site-packages/airflow/example_dags/example_bash_operator.py
[2025-10-06T15:36:56.803+0000] {processor.py:753} INFO - DAG(s) dict_keys(['example_bash_operator']) retrieved from /home/airflow/.local/lib/python3.7/site-packages/airflow/example_dags/example_bash_operator.py
[2025-10-06T15:36:56.818+0000] {logging_mixin.py:137} INFO - [2025-10-06T15:36:56.818+0000] {dag.py:2690} INFO - Sync 1 DAGs
[2025-10-06T15:36:56.832+0000] {logging_mixin.py:137} INFO - [2025-10-06T15:36:56.832+0000] {dag.py:3441} INFO - Setting next_dagrun for example_bash_operator to 2025-10-05T00:00:00+00:00, run_after=2025-10-06T00:00:00+00:00
[2025-10-06T15:36:56.840+0000] {processor.py:175} INFO - Processing /home/airflow/.local/lib/python3.7/site-packages/airflow/example_dags/example_bash_operator.py took 0.049 seconds
[2025-10-06T15:37:27.194+0000] {processor.py:153} INFO - Started process (PID=527) to work on /home/airflow/.local/lib/python3.7/site-packages/airflow/example_dags/example_bash_operator.py
[2025-10-06T15:37:27.195+0000] {processor.py:743} INFO - Processing file /home/airflow/.local/lib/python3.7/site-packages/airflow/example_dags/example_bash_operator.py for tasks to queue
[2025-10-06T15:37:27.196+0000] {logging_mixin.py:137} INFO - [2025-10-06T15:37:27.196+0000] {dagbag.py:538} INFO - Filling up the DagBag from /home/airflow/.local/lib/python3.7/site-packages/airflow/example_dags/example_bash_operator.py
[2025-10-06T15:37:27.206+0000] {processor.py:753} INFO - DAG(s) dict_keys(['example_bash_operator']) retrieved from /home/airflow/.local/lib/python3.7/site-packages/airflow/example_dags/example_bash_operator.py
[2025-10-06T15:37:27.223+0000] {logging_mixin.py:137} INFO - [2025-10-06T15:37:27.223+0000] {dag.py:2690} INFO - Sync 1 DAGs
[2025-10-06T15:37:27.246+0000] {logging_mixin.py:137} INFO - [2025-10-06T15:37:27.246+0000] {dag.py:3441} INFO - Setting next_dagrun for example_bash_operator to 2025-10-05T00:00:00+00:00, run_after=2025-10-06T00:00:00+00:00
[2025-10-06T15:37:27.258+0000] {processor.py:175} INFO - Processing /home/airflow/.local/lib/python3.7/site-packages/airflow/example_dags/example_bash_operator.py took 0.066 seconds
[2025-10-06T15:37:57.556+0000] {processor.py:153} INFO - Started process (PID=626) to work on /home/airflow/.local/lib/python3.7/site-packages/airflow/example_dags/example_bash_operator.py
[2025-10-06T15:37:57.557+0000] {processor.py:743} INFO - Processing file /home/airflow/.local/lib/python3.7/site-packages/airflow/example_dags/example_bash_operator.py for tasks to queue
[2025-10-06T15:37:57.558+0000] {logging_mixin.py:137} INFO - [2025-10-06T15:37:57.558+0000] {dagbag.py:538} INFO - Filling up the DagBag from /home/airflow/.local/lib/python3.7/site-packages/airflow/example_dags/example_bash_operator.py
[2025-10-06T15:37:57.569+0000] {processor.py:753} INFO - DAG(s) dict_keys(['example_bash_operator']) retrieved from /home/airflow/.local/lib/python3.7/site-packages/airflow/example_dags/example_bash_operator.py
[2025-10-06T15:37:57.590+0000] {logging_mixin.py:137} INFO - [2025-10-06T15:37:57.590+0000] {dag.py:2690} INFO - Sync 1 DAGs
[2025-10-06T15:37:57.605+0000] {logging_mixin.py:137} INFO - [2025-10-06T15:37:57.605+0000] {dag.py:3441} INFO - Setting next_dagrun for example_bash_operator to 2025-10-05T00:00:00+00:00, run_after=2025-10-06T00:00:00+00:00
[2025-10-06T15:37:57.613+0000] {processor.py:175} INFO - Processing /home/airflow/.local/lib/python3.7/site-packages/airflow/example_dags/example_bash_operator.py took 0.058 seconds
[2025-10-06T15:38:28.014+0000] {processor.py:153} INFO - Started process (PID=705) to work on /home/airflow/.local/lib/python3.7/site-packages/airflow/example_dags/example_bash_operator.py
[2025-10-06T15:38:28.014+0000] {processor.py:743} INFO - Processing file /home/airflow/.local/lib/python3.7/site-packages/airflow/example_dags/example_bash_operator.py for tasks to queue
[2025-10-06T15:38:28.015+0000] {logging_mixin.py:137} INFO - [2025-10-06T15:38:28.015+0000] {dagbag.py:538} INFO - Filling up the DagBag from /home/airflow/.local/lib/python3.7/site-packages/airflow/example_dags/example_bash_operator.py
[2025-10-06T15:38:28.024+0000] {processor.py:753} INFO - DAG(s) dict_keys(['example_bash_operator']) retrieved from /home/airflow/.local/lib/python3.7/site-packages/airflow/example_dags/example_bash_operator.py
[2025-10-06T15:38:28.039+0000] {logging_mixin.py:137} INFO - [2025-10-06T15:38:28.039+0000] {dag.py:2690} INFO - Sync 1 DAGs
[2025-10-06T15:38:28.052+0000] {logging_mixin.py:137} INFO - [2025-10-06T15:38:28.052+0000] {dag.py:3441} INFO - Setting next_dagrun for example_bash_operator to 2025-10-05T00:00:00+00:00, run_after=2025-10-06T00:00:00+00:00
[2025-10-06T15:38:28.062+0000] {processor.py:175} INFO - Processing /home/airflow/.local/lib/python3.7/site-packages/airflow/example_dags/example_bash_operator.py took 0.049 seconds
[2025-10-06T15:38:58.420+0000] {processor.py:153} INFO - Started process (PID=804) to work on /home/airflow/.local/lib/python3.7/site-packages/airflow/example_dags/example_bash_operator.py
[2025-10-06T15:38:58.421+0000] {processor.py:743} INFO - Processing file /home/airflow/.local/lib/python3.7/site-packages/airflow/example_dags/example_bash_operator.py for tasks to queue
[2025-10-06T15:38:58.421+0000] {logging_mixin.py:137} INFO - [2025-10-06T15:38:58.421+0000] {dagbag.py:538} INFO - Filling up the DagBag from /home/airflow/.local/lib/python3.7/site-packages/airflow/example_dags/example_bash_operator.py
[2025-10-06T15:38:58.430+0000] {processor.py:753} INFO - DAG(s) dict_keys(['example_bash_operator']) retrieved from /home/airflow/.local/lib/python3.7/site-packages/airflow/example_dags/example_bash_operator.py
[2025-10-06T15:38:58.446+0000] {logging_mixin.py:137} INFO - [2025-10-06T15:38:58.446+0000] {dag.py:2690} INFO - Sync 1 DAGs
[2025-10-06T15:38:58.459+0000] {logging_mixin.py:137} INFO - [2025-10-06T15:38:58.459+0000] {dag.py:3441} INFO - Setting next_dagrun for example_bash_operator to 2025-10-05T00:00:00+00:00, run_after=2025-10-06T00:00:00+00:00
[2025-10-06T15:38:58.468+0000] {processor.py:175} INFO - Processing /home/airflow/.local/lib/python3.7/site-packages/airflow/example_dags/example_bash_operator.py took 0.050 seconds
[2025-10-06T15:39:28.796+0000] {processor.py:153} INFO - Started process (PID=903) to work on /home/airflow/.local/lib/python3.7/site-packages/airflow/example_dags/example_bash_operator.py
[2025-10-06T15:39:28.799+0000] {processor.py:743} INFO - Processing file /home/airflow/.local/lib/python3.7/site-packages/airflow/example_dags/example_bash_operator.py for tasks to queue
[2025-10-06T15:39:28.799+0000] {logging_mixin.py:137} INFO - [2025-10-06T15:39:28.799+0000] {dagbag.py:538} INFO - Filling up the DagBag from /home/airflow/.local/lib/python3.7/site-packages/airflow/example_dags/example_bash_operator.py
[2025-10-06T15:39:28.808+0000] {processor.py:753} INFO - DAG(s) dict_keys(['example_bash_operator']) retrieved from /home/airflow/.local/lib/python3.7/site-packages/airflow/example_dags/example_bash_operator.py
[2025-10-06T15:39:28.822+0000] {logging_mixin.py:137} INFO - [2025-10-06T15:39:28.822+0000] {dag.py:2690} INFO - Sync 1 DAGs
[2025-10-06T15:39:28.834+0000] {logging_mixin.py:137} INFO - [2025-10-06T15:39:28.834+0000] {dag.py:3441} INFO - Setting next_dagrun for example_bash_operator to 2025-10-05T00:00:00+00:00, run_after=2025-10-06T00:00:00+00:00
[2025-10-06T15:39:28.844+0000] {processor.py:175} INFO - Processing /home/airflow/.local/lib/python3.7/site-packages/airflow/example_dags/example_bash_operator.py took 0.049 seconds
[2025-10-06T15:39:59.213+0000] {processor.py:153} INFO - Started process (PID=1002) to work on /home/airflow/.local/lib/python3.7/site-packages/airflow/example_dags/example_bash_operator.py
[2025-10-06T15:39:59.213+0000] {processor.py:743} INFO - Processing file /home/airflow/.local/lib/python3.7/site-packages/airflow/example_dags/example_bash_operator.py for tasks to queue
[2025-10-06T15:39:59.214+0000] {logging_mixin.py:137} INFO - [2025-10-06T15:39:59.214+0000] {dagbag.py:538} INFO - Filling up the DagBag from /home/airflow/.local/lib/python3.7/site-packages/airflow/example_dags/example_bash_operator.py
[2025-10-06T15:39:59.224+0000] {processor.py:753} INFO - DAG(s) dict_keys(['example_bash_operator']) retrieved from /home/airflow/.local/lib/python3.7/site-packages/airflow/example_dags/example_bash_operator.py
[2025-10-06T15:39:59.239+0000] {logging_mixin.py:137} INFO - [2025-10-06T15:39:59.239+0000] {dag.py:2690} INFO - Sync 1 DAGs
[2025-10-06T15:39:59.249+0000] {logging_mixin.py:137} INFO - [2025-10-06T15:39:59.249+0000] {dag.py:3441} INFO - Setting next_dagrun for example_bash_operator to 2025-10-05T00:00:00+00:00, run_after=2025-10-06T00:00:00+00:00
[2025-10-06T15:39:59.256+0000] {processor.py:175} INFO - Processing /home/airflow/.local/lib/python3.7/site-packages/airflow/example_dags/example_bash_operator.py took 0.045 seconds
[2025-10-06T15:40:29.394+0000] {processor.py:153} INFO - Started process (PID=1081) to work on /home/airflow/.local/lib/python3.7/site-packages/airflow/example_dags/example_bash_operator.py
[2025-10-06T15:40:29.395+0000] {processor.py:743} INFO - Processing file /home/airflow/.local/lib/python3.7/site-packages/airflow/example_dags/example_bash_operator.py for tasks to queue
[2025-10-06T15:40:29.395+0000] {logging_mixin.py:137} INFO - [2025-10-06T15:40:29.395+0000] {dagbag.py:538} INFO - Filling up the DagBag from /home/airflow/.local/lib/python3.7/site-packages/airflow/example_dags/example_bash_operator.py
[2025-10-06T15:40:29.404+0000] {processor.py:753} INFO - DAG(s) dict_keys(['example_bash_operator']) retrieved from /home/airflow/.local/lib/python3.7/site-packages/airflow/example_dags/example_bash_operator.py
[2025-10-06T15:40:29.418+0000] {logging_mixin.py:137} INFO - [2025-10-06T15:40:29.418+0000] {dag.py:2690} INFO - Sync 1 DAGs
[2025-10-06T15:40:29.428+0000] {logging_mixin.py:137} INFO - [2025-10-06T15:40:29.428+0000] {dag.py:3441} INFO - Setting next_dagrun for example_bash_operator to 2025-10-05T00:00:00+00:00, run_after=2025-10-06T00:00:00+00:00
[2025-10-06T15:40:29.435+0000] {processor.py:175} INFO - Processing /home/airflow/.local/lib/python3.7/site-packages/airflow/example_dags/example_bash_operator.py took 0.042 seconds
[2025-10-06T15:40:59.638+0000] {processor.py:153} INFO - Started process (PID=1180) to work on /home/airflow/.local/lib/python3.7/site-packages/airflow/example_dags/example_bash_operator.py
[2025-10-06T15:40:59.639+0000] {processor.py:743} INFO - Processing file /home/airflow/.local/lib/python3.7/site-packages/airflow/example_dags/example_bash_operator.py for tasks to queue
[2025-10-06T15:40:59.639+0000] {logging_mixin.py:137} INFO - [2025-10-06T15:40:59.639+0000] {dagbag.py:538} INFO - Filling up the DagBag from /home/airflow/.local/lib/python3.7/site-packages/airflow/example_dags/example_bash_operator.py
[2025-10-06T15:40:59.648+0000] {processor.py:753} INFO - DAG(s) dict_keys(['example_bash_operator']) retrieved from /home/airflow/.local/lib/python3.7/site-packages/airflow/example_dags/example_bash_operator.py
[2025-10-06T15:40:59.663+0000] {logging_mixin.py:137} INFO - [2025-10-06T15:40:59.663+0000] {dag.py:2690} INFO - Sync 1 DAGs
[2025-10-06T15:40:59.674+0000] {logging_mixin.py:137} INFO - [2025-10-06T15:40:59.674+0000] {dag.py:3441} INFO - Setting next_dagrun for example_bash_operator to 2025-10-05T00:00:00+00:00, run_after=2025-10-06T00:00:00+00:00
[2025-10-06T15:40:59.683+0000] {processor.py:175} INFO - Processing /home/airflow/.local/lib/python3.7/site-packages/airflow/example_dags/example_bash_operator.py took 0.046 seconds
[2025-10-06T15:41:29.942+0000] {processor.py:153} INFO - Started process (PID=1279) to work on /home/airflow/.local/lib/python3.7/site-packages/airflow/example_dags/example_bash_operator.py
[2025-10-06T15:41:29.943+0000] {processor.py:743} INFO - Processing file /home/airflow/.local/lib/python3.7/site-packages/airflow/example_dags/example_bash_operator.py for tasks to queue
[2025-10-06T15:41:29.943+0000] {logging_mixin.py:137} INFO - [2025-10-06T15:41:29.943+0000] {dagbag.py:538} INFO - Filling up the DagBag from /home/airflow/.local/lib/python3.7/site-packages/airflow/example_dags/example_bash_operator.py
[2025-10-06T15:41:29.953+0000] {processor.py:753} INFO - DAG(s) dict_keys(['example_bash_operator']) retrieved from /home/airflow/.local/lib/python3.7/site-packages/airflow/example_dags/example_bash_operator.py
[2025-10-06T15:41:29.967+0000] {logging_mixin.py:137} INFO - [2025-10-06T15:41:29.967+0000] {dag.py:2690} INFO - Sync 1 DAGs
[2025-10-06T15:41:29.978+0000] {logging_mixin.py:137} INFO - [2025-10-06T15:41:29.978+0000] {dag.py:3441} INFO - Setting next_dagrun for example_bash_operator to 2025-10-05T00:00:00+00:00, run_after=2025-10-06T00:00:00+00:00
[2025-10-06T15:41:29.985+0000] {processor.py:175} INFO - Processing /home/airflow/.local/lib/python3.7/site-packages/airflow/example_dags/example_bash_operator.py took 0.044 seconds
[2025-10-06T15:42:00.305+0000] {processor.py:153} INFO - Started process (PID=1378) to work on /home/airflow/.local/lib/python3.7/site-packages/airflow/example_dags/example_bash_operator.py
[2025-10-06T15:42:00.306+0000] {processor.py:743} INFO - Processing file /home/airflow/.local/lib/python3.7/site-packages/airflow/example_dags/example_bash_operator.py for tasks to queue
[2025-10-06T15:42:00.306+0000] {logging_mixin.py:137} INFO - [2025-10-06T15:42:00.306+0000] {dagbag.py:538} INFO - Filling up the DagBag from /home/airflow/.local/lib/python3.7/site-packages/airflow/example_dags/example_bash_operator.py
[2025-10-06T15:42:00.318+0000] {processor.py:753} INFO - DAG(s) dict_keys(['example_bash_operator']) retrieved from /home/airflow/.local/lib/python3.7/site-packages/airflow/example_dags/example_bash_operator.py
[2025-10-06T15:42:00.336+0000] {logging_mixin.py:137} INFO - [2025-10-06T15:42:00.336+0000] {dag.py:2690} INFO - Sync 1 DAGs
[2025-10-06T15:42:00.349+0000] {logging_mixin.py:137} INFO - [2025-10-06T15:42:00.349+0000] {dag.py:3441} INFO - Setting next_dagrun for example_bash_operator to 2025-10-05T00:00:00+00:00, run_after=2025-10-06T00:00:00+00:00
[2025-10-06T15:42:00.358+0000] {processor.py:175} INFO - Processing /home/airflow/.local/lib/python3.7/site-packages/airflow/example_dags/example_bash_operator.py took 0.055 seconds
[2025-10-06T15:42:30.591+0000] {processor.py:153} INFO - Started process (PID=1457) to work on /home/airflow/.local/lib/python3.7/site-packages/airflow/example_dags/example_bash_operator.py
[2025-10-06T15:42:30.593+0000] {processor.py:743} INFO - Processing file /home/airflow/.local/lib/python3.7/site-packages/airflow/example_dags/example_bash_operator.py for tasks to queue
[2025-10-06T15:42:30.594+0000] {logging_mixin.py:137} INFO - [2025-10-06T15:42:30.594+0000] {dagbag.py:538} INFO - Filling up the DagBag from /home/airflow/.local/lib/python3.7/site-packages/airflow/example_dags/example_bash_operator.py
[2025-10-06T15:42:30.604+0000] {processor.py:753} INFO - DAG(s) dict_keys(['example_bash_operator']) retrieved from /home/airflow/.local/lib/python3.7/site-packages/airflow/example_dags/example_bash_operator.py
[2025-10-06T15:42:30.618+0000] {logging_mixin.py:137} INFO - [2025-10-06T15:42:30.618+0000] {dag.py:2690} INFO - Sync 1 DAGs
[2025-10-06T15:42:30.629+0000] {logging_mixin.py:137} INFO - [2025-10-06T15:42:30.629+0000] {dag.py:3441} INFO - Setting next_dagrun for example_bash_operator to 2025-10-05T00:00:00+00:00, run_after=2025-10-06T00:00:00+00:00
[2025-10-06T15:42:30.636+0000] {processor.py:175} INFO - Processing /home/airflow/.local/lib/python3.7/site-packages/airflow/example_dags/example_bash_operator.py took 0.046 seconds
[2025-10-06T15:43:00.831+0000] {processor.py:153} INFO - Started process (PID=1557) to work on /home/airflow/.local/lib/python3.7/site-packages/airflow/example_dags/example_bash_operator.py
[2025-10-06T15:43:00.832+0000] {processor.py:743} INFO - Processing file /home/airflow/.local/lib/python3.7/site-packages/airflow/example_dags/example_bash_operator.py for tasks to queue
[2025-10-06T15:43:00.832+0000] {logging_mixin.py:137} INFO - [2025-10-06T15:43:00.832+0000] {dagbag.py:538} INFO - Filling up the DagBag from /home/airflow/.local/lib/python3.7/site-packages/airflow/example_dags/example_bash_operator.py
[2025-10-06T15:43:00.841+0000] {processor.py:753} INFO - DAG(s) dict_keys(['example_bash_operator']) retrieved from /home/airflow/.local/lib/python3.7/site-packages/airflow/example_dags/example_bash_operator.py
[2025-10-06T15:43:00.855+0000] {logging_mixin.py:137} INFO - [2025-10-06T15:43:00.855+0000] {dag.py:2690} INFO - Sync 1 DAGs
[2025-10-06T15:43:00.866+0000] {logging_mixin.py:137} INFO - [2025-10-06T15:43:00.866+0000] {dag.py:3441} INFO - Setting next_dagrun for example_bash_operator to 2025-10-05T00:00:00+00:00, run_after=2025-10-06T00:00:00+00:00
[2025-10-06T15:43:00.873+0000] {processor.py:175} INFO - Processing /home/airflow/.local/lib/python3.7/site-packages/airflow/example_dags/example_bash_operator.py took 0.043 seconds
[2025-10-06T15:43:31.074+0000] {processor.py:153} INFO - Started process (PID=1656) to work on /home/airflow/.local/lib/python3.7/site-packages/airflow/example_dags/example_bash_operator.py
[2025-10-06T15:43:31.075+0000] {processor.py:743} INFO - Processing file /home/airflow/.local/lib/python3.7/site-packages/airflow/example_dags/example_bash_operator.py for tasks to queue
[2025-10-06T15:43:31.076+0000] {logging_mixin.py:137} INFO - [2025-10-06T15:43:31.076+0000] {dagbag.py:538} INFO - Filling up the DagBag from /home/airflow/.local/lib/python3.7/site-packages/airflow/example_dags/example_bash_operator.py
[2025-10-06T15:43:31.092+0000] {processor.py:753} INFO - DAG(s) dict_keys(['example_bash_operator']) retrieved from /home/airflow/.local/lib/python3.7/site-packages/airflow/example_dags/example_bash_operator.py
[2025-10-06T15:43:31.123+0000] {logging_mixin.py:137} INFO - [2025-10-06T15:43:31.123+0000] {dag.py:2690} INFO - Sync 1 DAGs
[2025-10-06T15:43:31.136+0000] {logging_mixin.py:137} INFO - [2025-10-06T15:43:31.136+0000] {dag.py:3441} INFO - Setting next_dagrun for example_bash_operator to 2025-10-05T00:00:00+00:00, run_after=2025-10-06T00:00:00+00:00
[2025-10-06T15:43:31.152+0000] {processor.py:175} INFO - Processing /home/airflow/.local/lib/python3.7/site-packages/airflow/example_dags/example_bash_operator.py took 0.079 seconds
[2025-10-06T15:44:01.527+0000] {processor.py:153} INFO - Started process (PID=1755) to work on /home/airflow/.local/lib/python3.7/site-packages/airflow/example_dags/example_bash_operator.py
[2025-10-06T15:44:01.527+0000] {processor.py:743} INFO - Processing file /home/airflow/.local/lib/python3.7/site-packages/airflow/example_dags/example_bash_operator.py for tasks to queue
[2025-10-06T15:44:01.528+0000] {logging_mixin.py:137} INFO - [2025-10-06T15:44:01.527+0000] {dagbag.py:538} INFO - Filling up the DagBag from /home/airflow/.local/lib/python3.7/site-packages/airflow/example_dags/example_bash_operator.py
[2025-10-06T15:44:01.537+0000] {processor.py:753} INFO - DAG(s) dict_keys(['example_bash_operator']) retrieved from /home/airflow/.local/lib/python3.7/site-packages/airflow/example_dags/example_bash_operator.py
[2025-10-06T15:44:01.553+0000] {logging_mixin.py:137} INFO - [2025-10-06T15:44:01.553+0000] {dag.py:2690} INFO - Sync 1 DAGs
[2025-10-06T15:44:01.564+0000] {logging_mixin.py:137} INFO - [2025-10-06T15:44:01.564+0000] {dag.py:3441} INFO - Setting next_dagrun for example_bash_operator to 2025-10-05T00:00:00+00:00, run_after=2025-10-06T00:00:00+00:00
[2025-10-06T15:44:01.571+0000] {processor.py:175} INFO - Processing /home/airflow/.local/lib/python3.7/site-packages/airflow/example_dags/example_bash_operator.py took 0.046 seconds
[2025-10-06T15:44:31.900+0000] {processor.py:153} INFO - Started process (PID=1834) to work on /home/airflow/.local/lib/python3.7/site-packages/airflow/example_dags/example_bash_operator.py
[2025-10-06T15:44:31.901+0000] {processor.py:743} INFO - Processing file /home/airflow/.local/lib/python3.7/site-packages/airflow/example_dags/example_bash_operator.py for tasks to queue
[2025-10-06T15:44:31.902+0000] {logging_mixin.py:137} INFO - [2025-10-06T15:44:31.902+0000] {dagbag.py:538} INFO - Filling up the DagBag from /home/airflow/.local/lib/python3.7/site-packages/airflow/example_dags/example_bash_operator.py
[2025-10-06T15:44:31.911+0000] {processor.py:753} INFO - DAG(s) dict_keys(['example_bash_operator']) retrieved from /home/airflow/.local/lib/python3.7/site-packages/airflow/example_dags/example_bash_operator.py
[2025-10-06T15:44:31.927+0000] {logging_mixin.py:137} INFO - [2025-10-06T15:44:31.927+0000] {dag.py:2690} INFO - Sync 1 DAGs
[2025-10-06T15:44:31.939+0000] {logging_mixin.py:137} INFO - [2025-10-06T15:44:31.939+0000] {dag.py:3441} INFO - Setting next_dagrun for example_bash_operator to 2025-10-05T00:00:00+00:00, run_after=2025-10-06T00:00:00+00:00
[2025-10-06T15:44:31.948+0000] {processor.py:175} INFO - Processing /home/airflow/.local/lib/python3.7/site-packages/airflow/example_dags/example_bash_operator.py took 0.049 seconds
[2025-10-06T15:45:02.256+0000] {processor.py:153} INFO - Started process (PID=1933) to work on /home/airflow/.local/lib/python3.7/site-packages/airflow/example_dags/example_bash_operator.py
[2025-10-06T15:45:02.257+0000] {processor.py:743} INFO - Processing file /home/airflow/.local/lib/python3.7/site-packages/airflow/example_dags/example_bash_operator.py for tasks to queue
[2025-10-06T15:45:02.257+0000] {logging_mixin.py:137} INFO - [2025-10-06T15:45:02.257+0000] {dagbag.py:538} INFO - Filling up the DagBag from /home/airflow/.local/lib/python3.7/site-packages/airflow/example_dags/example_bash_operator.py
[2025-10-06T15:45:02.272+0000] {processor.py:753} INFO - DAG(s) dict_keys(['example_bash_operator']) retrieved from /home/airflow/.local/lib/python3.7/site-packages/airflow/example_dags/example_bash_operator.py
[2025-10-06T15:45:02.290+0000] {logging_mixin.py:137} INFO - [2025-10-06T15:45:02.290+0000] {dag.py:2690} INFO - Sync 1 DAGs
[2025-10-06T15:45:02.301+0000] {logging_mixin.py:137} INFO - [2025-10-06T15:45:02.301+0000] {dag.py:3441} INFO - Setting next_dagrun for example_bash_operator to 2025-10-05T00:00:00+00:00, run_after=2025-10-06T00:00:00+00:00
[2025-10-06T15:45:02.308+0000] {processor.py:175} INFO - Processing /home/airflow/.local/lib/python3.7/site-packages/airflow/example_dags/example_bash_operator.py took 0.054 seconds
[2025-10-06T15:45:32.562+0000] {processor.py:153} INFO - Started process (PID=2032) to work on /home/airflow/.local/lib/python3.7/site-packages/airflow/example_dags/example_bash_operator.py
[2025-10-06T15:45:32.563+0000] {processor.py:743} INFO - Processing file /home/airflow/.local/lib/python3.7/site-packages/airflow/example_dags/example_bash_operator.py for tasks to queue
[2025-10-06T15:45:32.563+0000] {logging_mixin.py:137} INFO - [2025-10-06T15:45:32.563+0000] {dagbag.py:538} INFO - Filling up the DagBag from /home/airflow/.local/lib/python3.7/site-packages/airflow/example_dags/example_bash_operator.py
[2025-10-06T15:45:32.575+0000] {processor.py:753} INFO - DAG(s) dict_keys(['example_bash_operator']) retrieved from /home/airflow/.local/lib/python3.7/site-packages/airflow/example_dags/example_bash_operator.py
[2025-10-06T15:45:32.591+0000] {logging_mixin.py:137} INFO - [2025-10-06T15:45:32.591+0000] {dag.py:2690} INFO - Sync 1 DAGs
[2025-10-06T15:45:32.601+0000] {logging_mixin.py:137} INFO - [2025-10-06T15:45:32.601+0000] {dag.py:3441} INFO - Setting next_dagrun for example_bash_operator to 2025-10-05T00:00:00+00:00, run_after=2025-10-06T00:00:00+00:00
[2025-10-06T15:45:32.609+0000] {processor.py:175} INFO - Processing /home/airflow/.local/lib/python3.7/site-packages/airflow/example_dags/example_bash_operator.py took 0.048 seconds
[2025-10-06T15:46:02.855+0000] {processor.py:153} INFO - Started process (PID=2120) to work on /home/airflow/.local/lib/python3.7/site-packages/airflow/example_dags/example_bash_operator.py
[2025-10-06T15:46:02.855+0000] {processor.py:743} INFO - Processing file /home/airflow/.local/lib/python3.7/site-packages/airflow/example_dags/example_bash_operator.py for tasks to queue
[2025-10-06T15:46:02.856+0000] {logging_mixin.py:137} INFO - [2025-10-06T15:46:02.856+0000] {dagbag.py:538} INFO - Filling up the DagBag from /home/airflow/.local/lib/python3.7/site-packages/airflow/example_dags/example_bash_operator.py
[2025-10-06T15:46:02.866+0000] {processor.py:753} INFO - DAG(s) dict_keys(['example_bash_operator']) retrieved from /home/airflow/.local/lib/python3.7/site-packages/airflow/example_dags/example_bash_operator.py
[2025-10-06T15:46:02.887+0000] {logging_mixin.py:137} INFO - [2025-10-06T15:46:02.886+0000] {dag.py:2690} INFO - Sync 1 DAGs
[2025-10-06T15:46:02.898+0000] {logging_mixin.py:137} INFO - [2025-10-06T15:46:02.898+0000] {dag.py:3441} INFO - Setting next_dagrun for example_bash_operator to 2025-10-05T00:00:00+00:00, run_after=2025-10-06T00:00:00+00:00
[2025-10-06T15:46:02.907+0000] {processor.py:175} INFO - Processing /home/airflow/.local/lib/python3.7/site-packages/airflow/example_dags/example_bash_operator.py took 0.053 seconds
[2025-10-06T15:46:33.595+0000] {processor.py:153} INFO - Started process (PID=2210) to work on /home/airflow/.local/lib/python3.7/site-packages/airflow/example_dags/example_bash_operator.py
[2025-10-06T15:46:33.597+0000] {processor.py:743} INFO - Processing file /home/airflow/.local/lib/python3.7/site-packages/airflow/example_dags/example_bash_operator.py for tasks to queue
[2025-10-06T15:46:33.597+0000] {logging_mixin.py:137} INFO - [2025-10-06T15:46:33.597+0000] {dagbag.py:538} INFO - Filling up the DagBag from /home/airflow/.local/lib/python3.7/site-packages/airflow/example_dags/example_bash_operator.py
[2025-10-06T15:46:33.609+0000] {processor.py:753} INFO - DAG(s) dict_keys(['example_bash_operator']) retrieved from /home/airflow/.local/lib/python3.7/site-packages/airflow/example_dags/example_bash_operator.py
[2025-10-06T15:46:33.624+0000] {logging_mixin.py:137} INFO - [2025-10-06T15:46:33.624+0000] {dag.py:2690} INFO - Sync 1 DAGs
[2025-10-06T15:46:33.636+0000] {logging_mixin.py:137} INFO - [2025-10-06T15:46:33.636+0000] {dag.py:3441} INFO - Setting next_dagrun for example_bash_operator to 2025-10-05T00:00:00+00:00, run_after=2025-10-06T00:00:00+00:00
[2025-10-06T15:46:33.644+0000] {processor.py:175} INFO - Processing /home/airflow/.local/lib/python3.7/site-packages/airflow/example_dags/example_bash_operator.py took 0.051 seconds
