[2025-10-06T15:34:54.529+0000] {processor.py:153} INFO - Started process (PID=43) to work on /home/airflow/.local/lib/python3.7/site-packages/airflow/example_dags/example_kubernetes_executor.py
[2025-10-06T15:34:54.530+0000] {processor.py:743} INFO - Processing file /home/airflow/.local/lib/python3.7/site-packages/airflow/example_dags/example_kubernetes_executor.py for tasks to queue
[2025-10-06T15:34:54.530+0000] {logging_mixin.py:137} INFO - [2025-10-06T15:34:54.530+0000] {dagbag.py:538} INFO - Filling up the DagBag from /home/airflow/.local/lib/python3.7/site-packages/airflow/example_dags/example_kubernetes_executor.py
[2025-10-06T15:34:54.560+0000] {processor.py:753} INFO - DAG(s) dict_keys(['example_kubernetes_executor']) retrieved from /home/airflow/.local/lib/python3.7/site-packages/airflow/example_dags/example_kubernetes_executor.py
[2025-10-06T15:34:54.573+0000] {logging_mixin.py:137} INFO - [2025-10-06T15:34:54.573+0000] {dag.py:2690} INFO - Sync 1 DAGs
[2025-10-06T15:34:54.588+0000] {logging_mixin.py:137} INFO - [2025-10-06T15:34:54.587+0000] {dag.py:3441} INFO - Setting next_dagrun for example_kubernetes_executor to None, run_after=None
[2025-10-06T15:34:54.596+0000] {processor.py:175} INFO - Processing /home/airflow/.local/lib/python3.7/site-packages/airflow/example_dags/example_kubernetes_executor.py took 0.069 seconds
[2025-10-06T15:35:25.104+0000] {processor.py:153} INFO - Started process (PID=142) to work on /home/airflow/.local/lib/python3.7/site-packages/airflow/example_dags/example_kubernetes_executor.py
[2025-10-06T15:35:25.105+0000] {processor.py:743} INFO - Processing file /home/airflow/.local/lib/python3.7/site-packages/airflow/example_dags/example_kubernetes_executor.py for tasks to queue
[2025-10-06T15:35:25.106+0000] {logging_mixin.py:137} INFO - [2025-10-06T15:35:25.106+0000] {dagbag.py:538} INFO - Filling up the DagBag from /home/airflow/.local/lib/python3.7/site-packages/airflow/example_dags/example_kubernetes_executor.py
[2025-10-06T15:35:25.126+0000] {processor.py:753} INFO - DAG(s) dict_keys(['example_kubernetes_executor']) retrieved from /home/airflow/.local/lib/python3.7/site-packages/airflow/example_dags/example_kubernetes_executor.py
[2025-10-06T15:35:25.147+0000] {logging_mixin.py:137} INFO - [2025-10-06T15:35:25.147+0000] {dag.py:2690} INFO - Sync 1 DAGs
[2025-10-06T15:35:25.160+0000] {logging_mixin.py:137} INFO - [2025-10-06T15:35:25.160+0000] {dag.py:3441} INFO - Setting next_dagrun for example_kubernetes_executor to None, run_after=None
[2025-10-06T15:35:25.170+0000] {processor.py:175} INFO - Processing /home/airflow/.local/lib/python3.7/site-packages/airflow/example_dags/example_kubernetes_executor.py took 0.068 seconds
[2025-10-06T15:35:55.509+0000] {processor.py:153} INFO - Started process (PID=230) to work on /home/airflow/.local/lib/python3.7/site-packages/airflow/example_dags/example_kubernetes_executor.py
[2025-10-06T15:35:55.509+0000] {processor.py:743} INFO - Processing file /home/airflow/.local/lib/python3.7/site-packages/airflow/example_dags/example_kubernetes_executor.py for tasks to queue
[2025-10-06T15:35:55.511+0000] {logging_mixin.py:137} INFO - [2025-10-06T15:35:55.511+0000] {dagbag.py:538} INFO - Filling up the DagBag from /home/airflow/.local/lib/python3.7/site-packages/airflow/example_dags/example_kubernetes_executor.py
[2025-10-06T15:35:55.528+0000] {processor.py:753} INFO - DAG(s) dict_keys(['example_kubernetes_executor']) retrieved from /home/airflow/.local/lib/python3.7/site-packages/airflow/example_dags/example_kubernetes_executor.py
[2025-10-06T15:35:55.543+0000] {logging_mixin.py:137} INFO - [2025-10-06T15:35:55.543+0000] {dag.py:2690} INFO - Sync 1 DAGs
[2025-10-06T15:35:55.555+0000] {logging_mixin.py:137} INFO - [2025-10-06T15:35:55.555+0000] {dag.py:3441} INFO - Setting next_dagrun for example_kubernetes_executor to None, run_after=None
[2025-10-06T15:35:55.563+0000] {processor.py:175} INFO - Processing /home/airflow/.local/lib/python3.7/site-packages/airflow/example_dags/example_kubernetes_executor.py took 0.056 seconds
[2025-10-06T15:36:26.006+0000] {processor.py:153} INFO - Started process (PID=320) to work on /home/airflow/.local/lib/python3.7/site-packages/airflow/example_dags/example_kubernetes_executor.py
[2025-10-06T15:36:26.007+0000] {processor.py:743} INFO - Processing file /home/airflow/.local/lib/python3.7/site-packages/airflow/example_dags/example_kubernetes_executor.py for tasks to queue
[2025-10-06T15:36:26.008+0000] {logging_mixin.py:137} INFO - [2025-10-06T15:36:26.008+0000] {dagbag.py:538} INFO - Filling up the DagBag from /home/airflow/.local/lib/python3.7/site-packages/airflow/example_dags/example_kubernetes_executor.py
[2025-10-06T15:36:26.030+0000] {processor.py:753} INFO - DAG(s) dict_keys(['example_kubernetes_executor']) retrieved from /home/airflow/.local/lib/python3.7/site-packages/airflow/example_dags/example_kubernetes_executor.py
[2025-10-06T15:36:26.045+0000] {logging_mixin.py:137} INFO - [2025-10-06T15:36:26.045+0000] {dag.py:2690} INFO - Sync 1 DAGs
[2025-10-06T15:36:26.057+0000] {logging_mixin.py:137} INFO - [2025-10-06T15:36:26.057+0000] {dag.py:3441} INFO - Setting next_dagrun for example_kubernetes_executor to None, run_after=None
[2025-10-06T15:36:26.070+0000] {processor.py:175} INFO - Processing /home/airflow/.local/lib/python3.7/site-packages/airflow/example_dags/example_kubernetes_executor.py took 0.067 seconds
[2025-10-06T15:36:56.468+0000] {processor.py:153} INFO - Started process (PID=419) to work on /home/airflow/.local/lib/python3.7/site-packages/airflow/example_dags/example_kubernetes_executor.py
[2025-10-06T15:36:56.469+0000] {processor.py:743} INFO - Processing file /home/airflow/.local/lib/python3.7/site-packages/airflow/example_dags/example_kubernetes_executor.py for tasks to queue
[2025-10-06T15:36:56.472+0000] {logging_mixin.py:137} INFO - [2025-10-06T15:36:56.472+0000] {dagbag.py:538} INFO - Filling up the DagBag from /home/airflow/.local/lib/python3.7/site-packages/airflow/example_dags/example_kubernetes_executor.py
[2025-10-06T15:36:56.494+0000] {processor.py:753} INFO - DAG(s) dict_keys(['example_kubernetes_executor']) retrieved from /home/airflow/.local/lib/python3.7/site-packages/airflow/example_dags/example_kubernetes_executor.py
[2025-10-06T15:36:56.512+0000] {logging_mixin.py:137} INFO - [2025-10-06T15:36:56.512+0000] {dag.py:2690} INFO - Sync 1 DAGs
[2025-10-06T15:36:56.524+0000] {logging_mixin.py:137} INFO - [2025-10-06T15:36:56.524+0000] {dag.py:3441} INFO - Setting next_dagrun for example_kubernetes_executor to None, run_after=None
[2025-10-06T15:36:56.537+0000] {processor.py:175} INFO - Processing /home/airflow/.local/lib/python3.7/site-packages/airflow/example_dags/example_kubernetes_executor.py took 0.071 seconds
[2025-10-06T15:37:26.911+0000] {processor.py:153} INFO - Started process (PID=518) to work on /home/airflow/.local/lib/python3.7/site-packages/airflow/example_dags/example_kubernetes_executor.py
[2025-10-06T15:37:26.912+0000] {processor.py:743} INFO - Processing file /home/airflow/.local/lib/python3.7/site-packages/airflow/example_dags/example_kubernetes_executor.py for tasks to queue
[2025-10-06T15:37:26.913+0000] {logging_mixin.py:137} INFO - [2025-10-06T15:37:26.912+0000] {dagbag.py:538} INFO - Filling up the DagBag from /home/airflow/.local/lib/python3.7/site-packages/airflow/example_dags/example_kubernetes_executor.py
[2025-10-06T15:37:26.933+0000] {processor.py:753} INFO - DAG(s) dict_keys(['example_kubernetes_executor']) retrieved from /home/airflow/.local/lib/python3.7/site-packages/airflow/example_dags/example_kubernetes_executor.py
[2025-10-06T15:37:26.947+0000] {logging_mixin.py:137} INFO - [2025-10-06T15:37:26.947+0000] {dag.py:2690} INFO - Sync 1 DAGs
[2025-10-06T15:37:26.961+0000] {logging_mixin.py:137} INFO - [2025-10-06T15:37:26.960+0000] {dag.py:3441} INFO - Setting next_dagrun for example_kubernetes_executor to None, run_after=None
[2025-10-06T15:37:26.971+0000] {processor.py:175} INFO - Processing /home/airflow/.local/lib/python3.7/site-packages/airflow/example_dags/example_kubernetes_executor.py took 0.063 seconds
[2025-10-06T15:37:57.244+0000] {processor.py:153} INFO - Started process (PID=617) to work on /home/airflow/.local/lib/python3.7/site-packages/airflow/example_dags/example_kubernetes_executor.py
[2025-10-06T15:37:57.245+0000] {processor.py:743} INFO - Processing file /home/airflow/.local/lib/python3.7/site-packages/airflow/example_dags/example_kubernetes_executor.py for tasks to queue
[2025-10-06T15:37:57.246+0000] {logging_mixin.py:137} INFO - [2025-10-06T15:37:57.246+0000] {dagbag.py:538} INFO - Filling up the DagBag from /home/airflow/.local/lib/python3.7/site-packages/airflow/example_dags/example_kubernetes_executor.py
[2025-10-06T15:37:57.263+0000] {processor.py:753} INFO - DAG(s) dict_keys(['example_kubernetes_executor']) retrieved from /home/airflow/.local/lib/python3.7/site-packages/airflow/example_dags/example_kubernetes_executor.py
[2025-10-06T15:37:57.280+0000] {logging_mixin.py:137} INFO - [2025-10-06T15:37:57.280+0000] {dag.py:2690} INFO - Sync 1 DAGs
[2025-10-06T15:37:57.293+0000] {logging_mixin.py:137} INFO - [2025-10-06T15:37:57.293+0000] {dag.py:3441} INFO - Setting next_dagrun for example_kubernetes_executor to None, run_after=None
[2025-10-06T15:37:57.304+0000] {processor.py:175} INFO - Processing /home/airflow/.local/lib/python3.7/site-packages/airflow/example_dags/example_kubernetes_executor.py took 0.062 seconds
[2025-10-06T15:38:27.680+0000] {processor.py:153} INFO - Started process (PID=696) to work on /home/airflow/.local/lib/python3.7/site-packages/airflow/example_dags/example_kubernetes_executor.py
[2025-10-06T15:38:27.681+0000] {processor.py:743} INFO - Processing file /home/airflow/.local/lib/python3.7/site-packages/airflow/example_dags/example_kubernetes_executor.py for tasks to queue
[2025-10-06T15:38:27.682+0000] {logging_mixin.py:137} INFO - [2025-10-06T15:38:27.682+0000] {dagbag.py:538} INFO - Filling up the DagBag from /home/airflow/.local/lib/python3.7/site-packages/airflow/example_dags/example_kubernetes_executor.py
[2025-10-06T15:38:27.707+0000] {processor.py:753} INFO - DAG(s) dict_keys(['example_kubernetes_executor']) retrieved from /home/airflow/.local/lib/python3.7/site-packages/airflow/example_dags/example_kubernetes_executor.py
[2025-10-06T15:38:27.721+0000] {logging_mixin.py:137} INFO - [2025-10-06T15:38:27.721+0000] {dag.py:2690} INFO - Sync 1 DAGs
[2025-10-06T15:38:27.733+0000] {logging_mixin.py:137} INFO - [2025-10-06T15:38:27.733+0000] {dag.py:3441} INFO - Setting next_dagrun for example_kubernetes_executor to None, run_after=None
[2025-10-06T15:38:27.744+0000] {processor.py:175} INFO - Processing /home/airflow/.local/lib/python3.7/site-packages/airflow/example_dags/example_kubernetes_executor.py took 0.067 seconds
[2025-10-06T15:38:58.095+0000] {processor.py:153} INFO - Started process (PID=795) to work on /home/airflow/.local/lib/python3.7/site-packages/airflow/example_dags/example_kubernetes_executor.py
[2025-10-06T15:38:58.097+0000] {processor.py:743} INFO - Processing file /home/airflow/.local/lib/python3.7/site-packages/airflow/example_dags/example_kubernetes_executor.py for tasks to queue
[2025-10-06T15:38:58.099+0000] {logging_mixin.py:137} INFO - [2025-10-06T15:38:58.099+0000] {dagbag.py:538} INFO - Filling up the DagBag from /home/airflow/.local/lib/python3.7/site-packages/airflow/example_dags/example_kubernetes_executor.py
[2025-10-06T15:38:58.121+0000] {processor.py:753} INFO - DAG(s) dict_keys(['example_kubernetes_executor']) retrieved from /home/airflow/.local/lib/python3.7/site-packages/airflow/example_dags/example_kubernetes_executor.py
[2025-10-06T15:38:58.158+0000] {logging_mixin.py:137} INFO - [2025-10-06T15:38:58.158+0000] {dag.py:2690} INFO - Sync 1 DAGs
[2025-10-06T15:38:58.174+0000] {logging_mixin.py:137} INFO - [2025-10-06T15:38:58.174+0000] {dag.py:3441} INFO - Setting next_dagrun for example_kubernetes_executor to None, run_after=None
[2025-10-06T15:38:58.187+0000] {processor.py:175} INFO - Processing /home/airflow/.local/lib/python3.7/site-packages/airflow/example_dags/example_kubernetes_executor.py took 0.095 seconds
[2025-10-06T15:39:28.517+0000] {processor.py:153} INFO - Started process (PID=894) to work on /home/airflow/.local/lib/python3.7/site-packages/airflow/example_dags/example_kubernetes_executor.py
[2025-10-06T15:39:28.517+0000] {processor.py:743} INFO - Processing file /home/airflow/.local/lib/python3.7/site-packages/airflow/example_dags/example_kubernetes_executor.py for tasks to queue
[2025-10-06T15:39:28.518+0000] {logging_mixin.py:137} INFO - [2025-10-06T15:39:28.518+0000] {dagbag.py:538} INFO - Filling up the DagBag from /home/airflow/.local/lib/python3.7/site-packages/airflow/example_dags/example_kubernetes_executor.py
[2025-10-06T15:39:28.537+0000] {processor.py:753} INFO - DAG(s) dict_keys(['example_kubernetes_executor']) retrieved from /home/airflow/.local/lib/python3.7/site-packages/airflow/example_dags/example_kubernetes_executor.py
[2025-10-06T15:39:28.553+0000] {logging_mixin.py:137} INFO - [2025-10-06T15:39:28.553+0000] {dag.py:2690} INFO - Sync 1 DAGs
[2025-10-06T15:39:28.566+0000] {logging_mixin.py:137} INFO - [2025-10-06T15:39:28.566+0000] {dag.py:3441} INFO - Setting next_dagrun for example_kubernetes_executor to None, run_after=None
[2025-10-06T15:39:28.575+0000] {processor.py:175} INFO - Processing /home/airflow/.local/lib/python3.7/site-packages/airflow/example_dags/example_kubernetes_executor.py took 0.061 seconds
[2025-10-06T15:39:58.944+0000] {processor.py:153} INFO - Started process (PID=993) to work on /home/airflow/.local/lib/python3.7/site-packages/airflow/example_dags/example_kubernetes_executor.py
[2025-10-06T15:39:58.945+0000] {processor.py:743} INFO - Processing file /home/airflow/.local/lib/python3.7/site-packages/airflow/example_dags/example_kubernetes_executor.py for tasks to queue
[2025-10-06T15:39:58.945+0000] {logging_mixin.py:137} INFO - [2025-10-06T15:39:58.945+0000] {dagbag.py:538} INFO - Filling up the DagBag from /home/airflow/.local/lib/python3.7/site-packages/airflow/example_dags/example_kubernetes_executor.py
[2025-10-06T15:39:58.960+0000] {processor.py:753} INFO - DAG(s) dict_keys(['example_kubernetes_executor']) retrieved from /home/airflow/.local/lib/python3.7/site-packages/airflow/example_dags/example_kubernetes_executor.py
[2025-10-06T15:39:58.977+0000] {logging_mixin.py:137} INFO - [2025-10-06T15:39:58.977+0000] {dag.py:2690} INFO - Sync 1 DAGs
[2025-10-06T15:39:58.990+0000] {logging_mixin.py:137} INFO - [2025-10-06T15:39:58.989+0000] {dag.py:3441} INFO - Setting next_dagrun for example_kubernetes_executor to None, run_after=None
[2025-10-06T15:39:58.998+0000] {processor.py:175} INFO - Processing /home/airflow/.local/lib/python3.7/site-packages/airflow/example_dags/example_kubernetes_executor.py took 0.055 seconds
[2025-10-06T15:40:29.137+0000] {processor.py:153} INFO - Started process (PID=1072) to work on /home/airflow/.local/lib/python3.7/site-packages/airflow/example_dags/example_kubernetes_executor.py
[2025-10-06T15:40:29.139+0000] {processor.py:743} INFO - Processing file /home/airflow/.local/lib/python3.7/site-packages/airflow/example_dags/example_kubernetes_executor.py for tasks to queue
[2025-10-06T15:40:29.140+0000] {logging_mixin.py:137} INFO - [2025-10-06T15:40:29.140+0000] {dagbag.py:538} INFO - Filling up the DagBag from /home/airflow/.local/lib/python3.7/site-packages/airflow/example_dags/example_kubernetes_executor.py
[2025-10-06T15:40:29.159+0000] {processor.py:753} INFO - DAG(s) dict_keys(['example_kubernetes_executor']) retrieved from /home/airflow/.local/lib/python3.7/site-packages/airflow/example_dags/example_kubernetes_executor.py
[2025-10-06T15:40:29.175+0000] {logging_mixin.py:137} INFO - [2025-10-06T15:40:29.175+0000] {dag.py:2690} INFO - Sync 1 DAGs
[2025-10-06T15:40:29.188+0000] {logging_mixin.py:137} INFO - [2025-10-06T15:40:29.188+0000] {dag.py:3441} INFO - Setting next_dagrun for example_kubernetes_executor to None, run_after=None
[2025-10-06T15:40:29.195+0000] {processor.py:175} INFO - Processing /home/airflow/.local/lib/python3.7/site-packages/airflow/example_dags/example_kubernetes_executor.py took 0.061 seconds
[2025-10-06T15:40:59.364+0000] {processor.py:153} INFO - Started process (PID=1171) to work on /home/airflow/.local/lib/python3.7/site-packages/airflow/example_dags/example_kubernetes_executor.py
[2025-10-06T15:40:59.365+0000] {processor.py:743} INFO - Processing file /home/airflow/.local/lib/python3.7/site-packages/airflow/example_dags/example_kubernetes_executor.py for tasks to queue
[2025-10-06T15:40:59.365+0000] {logging_mixin.py:137} INFO - [2025-10-06T15:40:59.365+0000] {dagbag.py:538} INFO - Filling up the DagBag from /home/airflow/.local/lib/python3.7/site-packages/airflow/example_dags/example_kubernetes_executor.py
[2025-10-06T15:40:59.380+0000] {processor.py:753} INFO - DAG(s) dict_keys(['example_kubernetes_executor']) retrieved from /home/airflow/.local/lib/python3.7/site-packages/airflow/example_dags/example_kubernetes_executor.py
[2025-10-06T15:40:59.394+0000] {logging_mixin.py:137} INFO - [2025-10-06T15:40:59.394+0000] {dag.py:2690} INFO - Sync 1 DAGs
[2025-10-06T15:40:59.406+0000] {logging_mixin.py:137} INFO - [2025-10-06T15:40:59.406+0000] {dag.py:3441} INFO - Setting next_dagrun for example_kubernetes_executor to None, run_after=None
[2025-10-06T15:40:59.414+0000] {processor.py:175} INFO - Processing /home/airflow/.local/lib/python3.7/site-packages/airflow/example_dags/example_kubernetes_executor.py took 0.053 seconds
[2025-10-06T15:41:29.674+0000] {processor.py:153} INFO - Started process (PID=1270) to work on /home/airflow/.local/lib/python3.7/site-packages/airflow/example_dags/example_kubernetes_executor.py
[2025-10-06T15:41:29.675+0000] {processor.py:743} INFO - Processing file /home/airflow/.local/lib/python3.7/site-packages/airflow/example_dags/example_kubernetes_executor.py for tasks to queue
[2025-10-06T15:41:29.676+0000] {logging_mixin.py:137} INFO - [2025-10-06T15:41:29.676+0000] {dagbag.py:538} INFO - Filling up the DagBag from /home/airflow/.local/lib/python3.7/site-packages/airflow/example_dags/example_kubernetes_executor.py
[2025-10-06T15:41:29.699+0000] {processor.py:753} INFO - DAG(s) dict_keys(['example_kubernetes_executor']) retrieved from /home/airflow/.local/lib/python3.7/site-packages/airflow/example_dags/example_kubernetes_executor.py
[2025-10-06T15:41:29.714+0000] {logging_mixin.py:137} INFO - [2025-10-06T15:41:29.714+0000] {dag.py:2690} INFO - Sync 1 DAGs
[2025-10-06T15:41:29.726+0000] {logging_mixin.py:137} INFO - [2025-10-06T15:41:29.726+0000] {dag.py:3441} INFO - Setting next_dagrun for example_kubernetes_executor to None, run_after=None
[2025-10-06T15:41:29.733+0000] {processor.py:175} INFO - Processing /home/airflow/.local/lib/python3.7/site-packages/airflow/example_dags/example_kubernetes_executor.py took 0.062 seconds
[2025-10-06T15:41:59.962+0000] {processor.py:153} INFO - Started process (PID=1369) to work on /home/airflow/.local/lib/python3.7/site-packages/airflow/example_dags/example_kubernetes_executor.py
[2025-10-06T15:41:59.963+0000] {processor.py:743} INFO - Processing file /home/airflow/.local/lib/python3.7/site-packages/airflow/example_dags/example_kubernetes_executor.py for tasks to queue
[2025-10-06T15:41:59.963+0000] {logging_mixin.py:137} INFO - [2025-10-06T15:41:59.963+0000] {dagbag.py:538} INFO - Filling up the DagBag from /home/airflow/.local/lib/python3.7/site-packages/airflow/example_dags/example_kubernetes_executor.py
[2025-10-06T15:41:59.980+0000] {processor.py:753} INFO - DAG(s) dict_keys(['example_kubernetes_executor']) retrieved from /home/airflow/.local/lib/python3.7/site-packages/airflow/example_dags/example_kubernetes_executor.py
[2025-10-06T15:41:59.996+0000] {logging_mixin.py:137} INFO - [2025-10-06T15:41:59.996+0000] {dag.py:2690} INFO - Sync 1 DAGs
[2025-10-06T15:42:00.007+0000] {logging_mixin.py:137} INFO - [2025-10-06T15:42:00.007+0000] {dag.py:3441} INFO - Setting next_dagrun for example_kubernetes_executor to None, run_after=None
[2025-10-06T15:42:00.017+0000] {processor.py:175} INFO - Processing /home/airflow/.local/lib/python3.7/site-packages/airflow/example_dags/example_kubernetes_executor.py took 0.056 seconds
[2025-10-06T15:42:30.314+0000] {processor.py:153} INFO - Started process (PID=1448) to work on /home/airflow/.local/lib/python3.7/site-packages/airflow/example_dags/example_kubernetes_executor.py
[2025-10-06T15:42:30.317+0000] {processor.py:743} INFO - Processing file /home/airflow/.local/lib/python3.7/site-packages/airflow/example_dags/example_kubernetes_executor.py for tasks to queue
[2025-10-06T15:42:30.318+0000] {logging_mixin.py:137} INFO - [2025-10-06T15:42:30.318+0000] {dagbag.py:538} INFO - Filling up the DagBag from /home/airflow/.local/lib/python3.7/site-packages/airflow/example_dags/example_kubernetes_executor.py
[2025-10-06T15:42:30.337+0000] {processor.py:753} INFO - DAG(s) dict_keys(['example_kubernetes_executor']) retrieved from /home/airflow/.local/lib/python3.7/site-packages/airflow/example_dags/example_kubernetes_executor.py
[2025-10-06T15:42:30.354+0000] {logging_mixin.py:137} INFO - [2025-10-06T15:42:30.354+0000] {dag.py:2690} INFO - Sync 1 DAGs
[2025-10-06T15:42:30.372+0000] {logging_mixin.py:137} INFO - [2025-10-06T15:42:30.372+0000] {dag.py:3441} INFO - Setting next_dagrun for example_kubernetes_executor to None, run_after=None
[2025-10-06T15:42:30.381+0000] {processor.py:175} INFO - Processing /home/airflow/.local/lib/python3.7/site-packages/airflow/example_dags/example_kubernetes_executor.py took 0.070 seconds
[2025-10-06T15:43:00.569+0000] {processor.py:153} INFO - Started process (PID=1548) to work on /home/airflow/.local/lib/python3.7/site-packages/airflow/example_dags/example_kubernetes_executor.py
[2025-10-06T15:43:00.570+0000] {processor.py:743} INFO - Processing file /home/airflow/.local/lib/python3.7/site-packages/airflow/example_dags/example_kubernetes_executor.py for tasks to queue
[2025-10-06T15:43:00.571+0000] {logging_mixin.py:137} INFO - [2025-10-06T15:43:00.571+0000] {dagbag.py:538} INFO - Filling up the DagBag from /home/airflow/.local/lib/python3.7/site-packages/airflow/example_dags/example_kubernetes_executor.py
[2025-10-06T15:43:00.591+0000] {processor.py:753} INFO - DAG(s) dict_keys(['example_kubernetes_executor']) retrieved from /home/airflow/.local/lib/python3.7/site-packages/airflow/example_dags/example_kubernetes_executor.py
[2025-10-06T15:43:00.605+0000] {logging_mixin.py:137} INFO - [2025-10-06T15:43:00.605+0000] {dag.py:2690} INFO - Sync 1 DAGs
[2025-10-06T15:43:00.616+0000] {logging_mixin.py:137} INFO - [2025-10-06T15:43:00.616+0000] {dag.py:3441} INFO - Setting next_dagrun for example_kubernetes_executor to None, run_after=None
[2025-10-06T15:43:00.624+0000] {processor.py:175} INFO - Processing /home/airflow/.local/lib/python3.7/site-packages/airflow/example_dags/example_kubernetes_executor.py took 0.058 seconds
[2025-10-06T15:43:30.797+0000] {processor.py:153} INFO - Started process (PID=1647) to work on /home/airflow/.local/lib/python3.7/site-packages/airflow/example_dags/example_kubernetes_executor.py
[2025-10-06T15:43:30.797+0000] {processor.py:743} INFO - Processing file /home/airflow/.local/lib/python3.7/site-packages/airflow/example_dags/example_kubernetes_executor.py for tasks to queue
[2025-10-06T15:43:30.797+0000] {logging_mixin.py:137} INFO - [2025-10-06T15:43:30.797+0000] {dagbag.py:538} INFO - Filling up the DagBag from /home/airflow/.local/lib/python3.7/site-packages/airflow/example_dags/example_kubernetes_executor.py
[2025-10-06T15:43:30.811+0000] {processor.py:753} INFO - DAG(s) dict_keys(['example_kubernetes_executor']) retrieved from /home/airflow/.local/lib/python3.7/site-packages/airflow/example_dags/example_kubernetes_executor.py
[2025-10-06T15:43:30.825+0000] {logging_mixin.py:137} INFO - [2025-10-06T15:43:30.824+0000] {dag.py:2690} INFO - Sync 1 DAGs
[2025-10-06T15:43:30.837+0000] {logging_mixin.py:137} INFO - [2025-10-06T15:43:30.837+0000] {dag.py:3441} INFO - Setting next_dagrun for example_kubernetes_executor to None, run_after=None
[2025-10-06T15:43:30.845+0000] {processor.py:175} INFO - Processing /home/airflow/.local/lib/python3.7/site-packages/airflow/example_dags/example_kubernetes_executor.py took 0.050 seconds
[2025-10-06T15:44:01.134+0000] {processor.py:153} INFO - Started process (PID=1735) to work on /home/airflow/.local/lib/python3.7/site-packages/airflow/example_dags/example_kubernetes_executor.py
[2025-10-06T15:44:01.135+0000] {processor.py:743} INFO - Processing file /home/airflow/.local/lib/python3.7/site-packages/airflow/example_dags/example_kubernetes_executor.py for tasks to queue
[2025-10-06T15:44:01.135+0000] {logging_mixin.py:137} INFO - [2025-10-06T15:44:01.135+0000] {dagbag.py:538} INFO - Filling up the DagBag from /home/airflow/.local/lib/python3.7/site-packages/airflow/example_dags/example_kubernetes_executor.py
[2025-10-06T15:44:01.152+0000] {processor.py:753} INFO - DAG(s) dict_keys(['example_kubernetes_executor']) retrieved from /home/airflow/.local/lib/python3.7/site-packages/airflow/example_dags/example_kubernetes_executor.py
[2025-10-06T15:44:01.168+0000] {logging_mixin.py:137} INFO - [2025-10-06T15:44:01.168+0000] {dag.py:2690} INFO - Sync 1 DAGs
[2025-10-06T15:44:01.179+0000] {logging_mixin.py:137} INFO - [2025-10-06T15:44:01.179+0000] {dag.py:3441} INFO - Setting next_dagrun for example_kubernetes_executor to None, run_after=None
[2025-10-06T15:44:01.189+0000] {processor.py:175} INFO - Processing /home/airflow/.local/lib/python3.7/site-packages/airflow/example_dags/example_kubernetes_executor.py took 0.057 seconds
[2025-10-06T15:44:31.620+0000] {processor.py:153} INFO - Started process (PID=1825) to work on /home/airflow/.local/lib/python3.7/site-packages/airflow/example_dags/example_kubernetes_executor.py
[2025-10-06T15:44:31.623+0000] {processor.py:743} INFO - Processing file /home/airflow/.local/lib/python3.7/site-packages/airflow/example_dags/example_kubernetes_executor.py for tasks to queue
[2025-10-06T15:44:31.624+0000] {logging_mixin.py:137} INFO - [2025-10-06T15:44:31.623+0000] {dagbag.py:538} INFO - Filling up the DagBag from /home/airflow/.local/lib/python3.7/site-packages/airflow/example_dags/example_kubernetes_executor.py
[2025-10-06T15:44:31.644+0000] {processor.py:753} INFO - DAG(s) dict_keys(['example_kubernetes_executor']) retrieved from /home/airflow/.local/lib/python3.7/site-packages/airflow/example_dags/example_kubernetes_executor.py
[2025-10-06T15:44:31.662+0000] {logging_mixin.py:137} INFO - [2025-10-06T15:44:31.662+0000] {dag.py:2690} INFO - Sync 1 DAGs
[2025-10-06T15:44:31.674+0000] {logging_mixin.py:137} INFO - [2025-10-06T15:44:31.674+0000] {dag.py:3441} INFO - Setting next_dagrun for example_kubernetes_executor to None, run_after=None
[2025-10-06T15:44:31.681+0000] {processor.py:175} INFO - Processing /home/airflow/.local/lib/python3.7/site-packages/airflow/example_dags/example_kubernetes_executor.py took 0.067 seconds
[2025-10-06T15:45:01.973+0000] {processor.py:153} INFO - Started process (PID=1924) to work on /home/airflow/.local/lib/python3.7/site-packages/airflow/example_dags/example_kubernetes_executor.py
[2025-10-06T15:45:01.974+0000] {processor.py:743} INFO - Processing file /home/airflow/.local/lib/python3.7/site-packages/airflow/example_dags/example_kubernetes_executor.py for tasks to queue
[2025-10-06T15:45:01.975+0000] {logging_mixin.py:137} INFO - [2025-10-06T15:45:01.975+0000] {dagbag.py:538} INFO - Filling up the DagBag from /home/airflow/.local/lib/python3.7/site-packages/airflow/example_dags/example_kubernetes_executor.py
[2025-10-06T15:45:01.999+0000] {processor.py:753} INFO - DAG(s) dict_keys(['example_kubernetes_executor']) retrieved from /home/airflow/.local/lib/python3.7/site-packages/airflow/example_dags/example_kubernetes_executor.py
[2025-10-06T15:45:02.019+0000] {logging_mixin.py:137} INFO - [2025-10-06T15:45:02.019+0000] {dag.py:2690} INFO - Sync 1 DAGs
[2025-10-06T15:45:02.030+0000] {logging_mixin.py:137} INFO - [2025-10-06T15:45:02.030+0000] {dag.py:3441} INFO - Setting next_dagrun for example_kubernetes_executor to None, run_after=None
[2025-10-06T15:45:02.038+0000] {processor.py:175} INFO - Processing /home/airflow/.local/lib/python3.7/site-packages/airflow/example_dags/example_kubernetes_executor.py took 0.070 seconds
[2025-10-06T15:45:32.310+0000] {processor.py:153} INFO - Started process (PID=2023) to work on /home/airflow/.local/lib/python3.7/site-packages/airflow/example_dags/example_kubernetes_executor.py
[2025-10-06T15:45:32.312+0000] {processor.py:743} INFO - Processing file /home/airflow/.local/lib/python3.7/site-packages/airflow/example_dags/example_kubernetes_executor.py for tasks to queue
[2025-10-06T15:45:32.312+0000] {logging_mixin.py:137} INFO - [2025-10-06T15:45:32.312+0000] {dagbag.py:538} INFO - Filling up the DagBag from /home/airflow/.local/lib/python3.7/site-packages/airflow/example_dags/example_kubernetes_executor.py
[2025-10-06T15:45:32.331+0000] {processor.py:753} INFO - DAG(s) dict_keys(['example_kubernetes_executor']) retrieved from /home/airflow/.local/lib/python3.7/site-packages/airflow/example_dags/example_kubernetes_executor.py
[2025-10-06T15:45:32.345+0000] {logging_mixin.py:137} INFO - [2025-10-06T15:45:32.345+0000] {dag.py:2690} INFO - Sync 1 DAGs
[2025-10-06T15:45:32.358+0000] {logging_mixin.py:137} INFO - [2025-10-06T15:45:32.358+0000] {dag.py:3441} INFO - Setting next_dagrun for example_kubernetes_executor to None, run_after=None
[2025-10-06T15:45:32.365+0000] {processor.py:175} INFO - Processing /home/airflow/.local/lib/python3.7/site-packages/airflow/example_dags/example_kubernetes_executor.py took 0.057 seconds
[2025-10-06T15:46:02.541+0000] {processor.py:153} INFO - Started process (PID=2102) to work on /home/airflow/.local/lib/python3.7/site-packages/airflow/example_dags/example_kubernetes_executor.py
[2025-10-06T15:46:02.542+0000] {processor.py:743} INFO - Processing file /home/airflow/.local/lib/python3.7/site-packages/airflow/example_dags/example_kubernetes_executor.py for tasks to queue
[2025-10-06T15:46:02.545+0000] {logging_mixin.py:137} INFO - [2025-10-06T15:46:02.545+0000] {dagbag.py:538} INFO - Filling up the DagBag from /home/airflow/.local/lib/python3.7/site-packages/airflow/example_dags/example_kubernetes_executor.py
[2025-10-06T15:46:02.569+0000] {processor.py:753} INFO - DAG(s) dict_keys(['example_kubernetes_executor']) retrieved from /home/airflow/.local/lib/python3.7/site-packages/airflow/example_dags/example_kubernetes_executor.py
[2025-10-06T15:46:02.588+0000] {logging_mixin.py:137} INFO - [2025-10-06T15:46:02.588+0000] {dag.py:2690} INFO - Sync 1 DAGs
[2025-10-06T15:46:02.601+0000] {logging_mixin.py:137} INFO - [2025-10-06T15:46:02.601+0000] {dag.py:3441} INFO - Setting next_dagrun for example_kubernetes_executor to None, run_after=None
[2025-10-06T15:46:02.611+0000] {processor.py:175} INFO - Processing /home/airflow/.local/lib/python3.7/site-packages/airflow/example_dags/example_kubernetes_executor.py took 0.074 seconds
[2025-10-06T15:46:33.238+0000] {processor.py:153} INFO - Started process (PID=2201) to work on /home/airflow/.local/lib/python3.7/site-packages/airflow/example_dags/example_kubernetes_executor.py
[2025-10-06T15:46:33.242+0000] {processor.py:743} INFO - Processing file /home/airflow/.local/lib/python3.7/site-packages/airflow/example_dags/example_kubernetes_executor.py for tasks to queue
[2025-10-06T15:46:33.243+0000] {logging_mixin.py:137} INFO - [2025-10-06T15:46:33.243+0000] {dagbag.py:538} INFO - Filling up the DagBag from /home/airflow/.local/lib/python3.7/site-packages/airflow/example_dags/example_kubernetes_executor.py
[2025-10-06T15:46:33.279+0000] {processor.py:753} INFO - DAG(s) dict_keys(['example_kubernetes_executor']) retrieved from /home/airflow/.local/lib/python3.7/site-packages/airflow/example_dags/example_kubernetes_executor.py
[2025-10-06T15:46:33.309+0000] {logging_mixin.py:137} INFO - [2025-10-06T15:46:33.309+0000] {dag.py:2690} INFO - Sync 1 DAGs
[2025-10-06T15:46:33.324+0000] {logging_mixin.py:137} INFO - [2025-10-06T15:46:33.324+0000] {dag.py:3441} INFO - Setting next_dagrun for example_kubernetes_executor to None, run_after=None
[2025-10-06T15:46:33.336+0000] {processor.py:175} INFO - Processing /home/airflow/.local/lib/python3.7/site-packages/airflow/example_dags/example_kubernetes_executor.py took 0.109 seconds
