[2025-10-06T15:34:55.470+0000] {processor.py:153} INFO - Started process (PID=71) to work on /home/airflow/.local/lib/python3.7/site-packages/airflow/example_dags/example_short_circuit_operator.py
[2025-10-06T15:34:55.473+0000] {processor.py:743} INFO - Processing file /home/airflow/.local/lib/python3.7/site-packages/airflow/example_dags/example_short_circuit_operator.py for tasks to queue
[2025-10-06T15:34:55.473+0000] {logging_mixin.py:137} INFO - [2025-10-06T15:34:55.473+0000] {dagbag.py:538} INFO - Filling up the DagBag from /home/airflow/.local/lib/python3.7/site-packages/airflow/example_dags/example_short_circuit_operator.py
[2025-10-06T15:34:55.487+0000] {processor.py:753} INFO - DAG(s) dict_keys(['example_short_circuit_operator']) retrieved from /home/airflow/.local/lib/python3.7/site-packages/airflow/example_dags/example_short_circuit_operator.py
[2025-10-06T15:34:55.500+0000] {logging_mixin.py:137} INFO - [2025-10-06T15:34:55.500+0000] {dag.py:2690} INFO - Sync 1 DAGs
[2025-10-06T15:34:55.517+0000] {logging_mixin.py:137} INFO - [2025-10-06T15:34:55.517+0000] {dag.py:3441} INFO - Setting next_dagrun for example_short_circuit_operator to 2025-10-05T15:34:55.517422+00:00, run_after=2025-10-06T15:34:55.517422+00:00
[2025-10-06T15:34:55.529+0000] {processor.py:175} INFO - Processing /home/airflow/.local/lib/python3.7/site-packages/airflow/example_dags/example_short_circuit_operator.py took 0.063 seconds
[2025-10-06T15:35:25.946+0000] {processor.py:153} INFO - Started process (PID=170) to work on /home/airflow/.local/lib/python3.7/site-packages/airflow/example_dags/example_short_circuit_operator.py
[2025-10-06T15:35:25.946+0000] {processor.py:743} INFO - Processing file /home/airflow/.local/lib/python3.7/site-packages/airflow/example_dags/example_short_circuit_operator.py for tasks to queue
[2025-10-06T15:35:25.947+0000] {logging_mixin.py:137} INFO - [2025-10-06T15:35:25.947+0000] {dagbag.py:538} INFO - Filling up the DagBag from /home/airflow/.local/lib/python3.7/site-packages/airflow/example_dags/example_short_circuit_operator.py
[2025-10-06T15:35:25.954+0000] {processor.py:753} INFO - DAG(s) dict_keys(['example_short_circuit_operator']) retrieved from /home/airflow/.local/lib/python3.7/site-packages/airflow/example_dags/example_short_circuit_operator.py
[2025-10-06T15:35:25.968+0000] {logging_mixin.py:137} INFO - [2025-10-06T15:35:25.968+0000] {dag.py:2690} INFO - Sync 1 DAGs
[2025-10-06T15:35:25.979+0000] {logging_mixin.py:137} INFO - [2025-10-06T15:35:25.979+0000] {dag.py:3441} INFO - Setting next_dagrun for example_short_circuit_operator to 2025-10-05T15:35:25.979282+00:00, run_after=2025-10-06T15:35:25.979282+00:00
[2025-10-06T15:35:25.988+0000] {processor.py:175} INFO - Processing /home/airflow/.local/lib/python3.7/site-packages/airflow/example_dags/example_short_circuit_operator.py took 0.043 seconds
[2025-10-06T15:35:56.417+0000] {processor.py:153} INFO - Started process (PID=269) to work on /home/airflow/.local/lib/python3.7/site-packages/airflow/example_dags/example_short_circuit_operator.py
[2025-10-06T15:35:56.418+0000] {processor.py:743} INFO - Processing file /home/airflow/.local/lib/python3.7/site-packages/airflow/example_dags/example_short_circuit_operator.py for tasks to queue
[2025-10-06T15:35:56.418+0000] {logging_mixin.py:137} INFO - [2025-10-06T15:35:56.418+0000] {dagbag.py:538} INFO - Filling up the DagBag from /home/airflow/.local/lib/python3.7/site-packages/airflow/example_dags/example_short_circuit_operator.py
[2025-10-06T15:35:56.425+0000] {processor.py:753} INFO - DAG(s) dict_keys(['example_short_circuit_operator']) retrieved from /home/airflow/.local/lib/python3.7/site-packages/airflow/example_dags/example_short_circuit_operator.py
[2025-10-06T15:35:56.437+0000] {logging_mixin.py:137} INFO - [2025-10-06T15:35:56.437+0000] {dag.py:2690} INFO - Sync 1 DAGs
[2025-10-06T15:35:56.449+0000] {logging_mixin.py:137} INFO - [2025-10-06T15:35:56.449+0000] {dag.py:3441} INFO - Setting next_dagrun for example_short_circuit_operator to 2025-10-05T15:35:56.449385+00:00, run_after=2025-10-06T15:35:56.449385+00:00
[2025-10-06T15:35:56.457+0000] {processor.py:175} INFO - Processing /home/airflow/.local/lib/python3.7/site-packages/airflow/example_dags/example_short_circuit_operator.py took 0.042 seconds
[2025-10-06T15:36:26.898+0000] {processor.py:153} INFO - Started process (PID=348) to work on /home/airflow/.local/lib/python3.7/site-packages/airflow/example_dags/example_short_circuit_operator.py
[2025-10-06T15:36:26.898+0000] {processor.py:743} INFO - Processing file /home/airflow/.local/lib/python3.7/site-packages/airflow/example_dags/example_short_circuit_operator.py for tasks to queue
[2025-10-06T15:36:26.898+0000] {logging_mixin.py:137} INFO - [2025-10-06T15:36:26.898+0000] {dagbag.py:538} INFO - Filling up the DagBag from /home/airflow/.local/lib/python3.7/site-packages/airflow/example_dags/example_short_circuit_operator.py
[2025-10-06T15:36:26.905+0000] {processor.py:753} INFO - DAG(s) dict_keys(['example_short_circuit_operator']) retrieved from /home/airflow/.local/lib/python3.7/site-packages/airflow/example_dags/example_short_circuit_operator.py
[2025-10-06T15:36:26.917+0000] {logging_mixin.py:137} INFO - [2025-10-06T15:36:26.917+0000] {dag.py:2690} INFO - Sync 1 DAGs
[2025-10-06T15:36:26.927+0000] {logging_mixin.py:137} INFO - [2025-10-06T15:36:26.927+0000] {dag.py:3441} INFO - Setting next_dagrun for example_short_circuit_operator to 2025-10-05T15:36:26.927782+00:00, run_after=2025-10-06T15:36:26.927782+00:00
[2025-10-06T15:36:26.935+0000] {processor.py:175} INFO - Processing /home/airflow/.local/lib/python3.7/site-packages/airflow/example_dags/example_short_circuit_operator.py took 0.039 seconds
[2025-10-06T15:36:57.364+0000] {processor.py:153} INFO - Started process (PID=447) to work on /home/airflow/.local/lib/python3.7/site-packages/airflow/example_dags/example_short_circuit_operator.py
[2025-10-06T15:36:57.364+0000] {processor.py:743} INFO - Processing file /home/airflow/.local/lib/python3.7/site-packages/airflow/example_dags/example_short_circuit_operator.py for tasks to queue
[2025-10-06T15:36:57.364+0000] {logging_mixin.py:137} INFO - [2025-10-06T15:36:57.364+0000] {dagbag.py:538} INFO - Filling up the DagBag from /home/airflow/.local/lib/python3.7/site-packages/airflow/example_dags/example_short_circuit_operator.py
[2025-10-06T15:36:57.371+0000] {processor.py:753} INFO - DAG(s) dict_keys(['example_short_circuit_operator']) retrieved from /home/airflow/.local/lib/python3.7/site-packages/airflow/example_dags/example_short_circuit_operator.py
[2025-10-06T15:36:57.381+0000] {logging_mixin.py:137} INFO - [2025-10-06T15:36:57.381+0000] {dag.py:2690} INFO - Sync 1 DAGs
[2025-10-06T15:36:57.390+0000] {logging_mixin.py:137} INFO - [2025-10-06T15:36:57.390+0000] {dag.py:3441} INFO - Setting next_dagrun for example_short_circuit_operator to 2025-10-05T15:36:57.390531+00:00, run_after=2025-10-06T15:36:57.390531+00:00
[2025-10-06T15:36:57.397+0000] {processor.py:175} INFO - Processing /home/airflow/.local/lib/python3.7/site-packages/airflow/example_dags/example_short_circuit_operator.py took 0.034 seconds
[2025-10-06T15:37:27.737+0000] {processor.py:153} INFO - Started process (PID=546) to work on /home/airflow/.local/lib/python3.7/site-packages/airflow/example_dags/example_short_circuit_operator.py
[2025-10-06T15:37:27.738+0000] {processor.py:743} INFO - Processing file /home/airflow/.local/lib/python3.7/site-packages/airflow/example_dags/example_short_circuit_operator.py for tasks to queue
[2025-10-06T15:37:27.738+0000] {logging_mixin.py:137} INFO - [2025-10-06T15:37:27.738+0000] {dagbag.py:538} INFO - Filling up the DagBag from /home/airflow/.local/lib/python3.7/site-packages/airflow/example_dags/example_short_circuit_operator.py
[2025-10-06T15:37:27.746+0000] {processor.py:753} INFO - DAG(s) dict_keys(['example_short_circuit_operator']) retrieved from /home/airflow/.local/lib/python3.7/site-packages/airflow/example_dags/example_short_circuit_operator.py
[2025-10-06T15:37:27.756+0000] {logging_mixin.py:137} INFO - [2025-10-06T15:37:27.756+0000] {dag.py:2690} INFO - Sync 1 DAGs
[2025-10-06T15:37:27.767+0000] {logging_mixin.py:137} INFO - [2025-10-06T15:37:27.767+0000] {dag.py:3441} INFO - Setting next_dagrun for example_short_circuit_operator to 2025-10-05T15:37:27.767237+00:00, run_after=2025-10-06T15:37:27.767237+00:00
[2025-10-06T15:37:27.775+0000] {processor.py:175} INFO - Processing /home/airflow/.local/lib/python3.7/site-packages/airflow/example_dags/example_short_circuit_operator.py took 0.040 seconds
[2025-10-06T15:37:58.100+0000] {processor.py:153} INFO - Started process (PID=645) to work on /home/airflow/.local/lib/python3.7/site-packages/airflow/example_dags/example_short_circuit_operator.py
[2025-10-06T15:37:58.101+0000] {processor.py:743} INFO - Processing file /home/airflow/.local/lib/python3.7/site-packages/airflow/example_dags/example_short_circuit_operator.py for tasks to queue
[2025-10-06T15:37:58.102+0000] {logging_mixin.py:137} INFO - [2025-10-06T15:37:58.102+0000] {dagbag.py:538} INFO - Filling up the DagBag from /home/airflow/.local/lib/python3.7/site-packages/airflow/example_dags/example_short_circuit_operator.py
[2025-10-06T15:37:58.110+0000] {processor.py:753} INFO - DAG(s) dict_keys(['example_short_circuit_operator']) retrieved from /home/airflow/.local/lib/python3.7/site-packages/airflow/example_dags/example_short_circuit_operator.py
[2025-10-06T15:37:58.122+0000] {logging_mixin.py:137} INFO - [2025-10-06T15:37:58.122+0000] {dag.py:2690} INFO - Sync 1 DAGs
[2025-10-06T15:37:58.134+0000] {logging_mixin.py:137} INFO - [2025-10-06T15:37:58.134+0000] {dag.py:3441} INFO - Setting next_dagrun for example_short_circuit_operator to 2025-10-05T15:37:58.134105+00:00, run_after=2025-10-06T15:37:58.134105+00:00
[2025-10-06T15:37:58.142+0000] {processor.py:175} INFO - Processing /home/airflow/.local/lib/python3.7/site-packages/airflow/example_dags/example_short_circuit_operator.py took 0.044 seconds
[2025-10-06T15:38:28.522+0000] {processor.py:153} INFO - Started process (PID=724) to work on /home/airflow/.local/lib/python3.7/site-packages/airflow/example_dags/example_short_circuit_operator.py
[2025-10-06T15:38:28.523+0000] {processor.py:743} INFO - Processing file /home/airflow/.local/lib/python3.7/site-packages/airflow/example_dags/example_short_circuit_operator.py for tasks to queue
[2025-10-06T15:38:28.524+0000] {logging_mixin.py:137} INFO - [2025-10-06T15:38:28.524+0000] {dagbag.py:538} INFO - Filling up the DagBag from /home/airflow/.local/lib/python3.7/site-packages/airflow/example_dags/example_short_circuit_operator.py
[2025-10-06T15:38:28.531+0000] {processor.py:753} INFO - DAG(s) dict_keys(['example_short_circuit_operator']) retrieved from /home/airflow/.local/lib/python3.7/site-packages/airflow/example_dags/example_short_circuit_operator.py
[2025-10-06T15:38:28.542+0000] {logging_mixin.py:137} INFO - [2025-10-06T15:38:28.541+0000] {dag.py:2690} INFO - Sync 1 DAGs
[2025-10-06T15:38:28.552+0000] {logging_mixin.py:137} INFO - [2025-10-06T15:38:28.551+0000] {dag.py:3441} INFO - Setting next_dagrun for example_short_circuit_operator to 2025-10-05T15:38:28.551887+00:00, run_after=2025-10-06T15:38:28.551887+00:00
[2025-10-06T15:38:28.562+0000] {processor.py:175} INFO - Processing /home/airflow/.local/lib/python3.7/site-packages/airflow/example_dags/example_short_circuit_operator.py took 0.042 seconds
[2025-10-06T15:38:58.939+0000] {processor.py:153} INFO - Started process (PID=823) to work on /home/airflow/.local/lib/python3.7/site-packages/airflow/example_dags/example_short_circuit_operator.py
[2025-10-06T15:38:58.939+0000] {processor.py:743} INFO - Processing file /home/airflow/.local/lib/python3.7/site-packages/airflow/example_dags/example_short_circuit_operator.py for tasks to queue
[2025-10-06T15:38:58.939+0000] {logging_mixin.py:137} INFO - [2025-10-06T15:38:58.939+0000] {dagbag.py:538} INFO - Filling up the DagBag from /home/airflow/.local/lib/python3.7/site-packages/airflow/example_dags/example_short_circuit_operator.py
[2025-10-06T15:38:58.946+0000] {processor.py:753} INFO - DAG(s) dict_keys(['example_short_circuit_operator']) retrieved from /home/airflow/.local/lib/python3.7/site-packages/airflow/example_dags/example_short_circuit_operator.py
[2025-10-06T15:38:58.959+0000] {logging_mixin.py:137} INFO - [2025-10-06T15:38:58.958+0000] {dag.py:2690} INFO - Sync 1 DAGs
[2025-10-06T15:38:58.968+0000] {logging_mixin.py:137} INFO - [2025-10-06T15:38:58.968+0000] {dag.py:3441} INFO - Setting next_dagrun for example_short_circuit_operator to 2025-10-05T15:38:58.968759+00:00, run_after=2025-10-06T15:38:58.968759+00:00
[2025-10-06T15:38:58.980+0000] {processor.py:175} INFO - Processing /home/airflow/.local/lib/python3.7/site-packages/airflow/example_dags/example_short_circuit_operator.py took 0.043 seconds
[2025-10-06T15:39:29.333+0000] {processor.py:153} INFO - Started process (PID=922) to work on /home/airflow/.local/lib/python3.7/site-packages/airflow/example_dags/example_short_circuit_operator.py
[2025-10-06T15:39:29.333+0000] {processor.py:743} INFO - Processing file /home/airflow/.local/lib/python3.7/site-packages/airflow/example_dags/example_short_circuit_operator.py for tasks to queue
[2025-10-06T15:39:29.334+0000] {logging_mixin.py:137} INFO - [2025-10-06T15:39:29.334+0000] {dagbag.py:538} INFO - Filling up the DagBag from /home/airflow/.local/lib/python3.7/site-packages/airflow/example_dags/example_short_circuit_operator.py
[2025-10-06T15:39:29.340+0000] {processor.py:753} INFO - DAG(s) dict_keys(['example_short_circuit_operator']) retrieved from /home/airflow/.local/lib/python3.7/site-packages/airflow/example_dags/example_short_circuit_operator.py
[2025-10-06T15:39:29.352+0000] {logging_mixin.py:137} INFO - [2025-10-06T15:39:29.352+0000] {dag.py:2690} INFO - Sync 1 DAGs
[2025-10-06T15:39:29.363+0000] {logging_mixin.py:137} INFO - [2025-10-06T15:39:29.362+0000] {dag.py:3441} INFO - Setting next_dagrun for example_short_circuit_operator to 2025-10-05T15:39:29.362869+00:00, run_after=2025-10-06T15:39:29.362869+00:00
[2025-10-06T15:39:29.372+0000] {processor.py:175} INFO - Processing /home/airflow/.local/lib/python3.7/site-packages/airflow/example_dags/example_short_circuit_operator.py took 0.040 seconds
[2025-10-06T15:39:59.674+0000] {processor.py:153} INFO - Started process (PID=1021) to work on /home/airflow/.local/lib/python3.7/site-packages/airflow/example_dags/example_short_circuit_operator.py
[2025-10-06T15:39:59.674+0000] {processor.py:743} INFO - Processing file /home/airflow/.local/lib/python3.7/site-packages/airflow/example_dags/example_short_circuit_operator.py for tasks to queue
[2025-10-06T15:39:59.678+0000] {logging_mixin.py:137} INFO - [2025-10-06T15:39:59.678+0000] {dagbag.py:538} INFO - Filling up the DagBag from /home/airflow/.local/lib/python3.7/site-packages/airflow/example_dags/example_short_circuit_operator.py
[2025-10-06T15:39:59.685+0000] {processor.py:753} INFO - DAG(s) dict_keys(['example_short_circuit_operator']) retrieved from /home/airflow/.local/lib/python3.7/site-packages/airflow/example_dags/example_short_circuit_operator.py
[2025-10-06T15:39:59.696+0000] {logging_mixin.py:137} INFO - [2025-10-06T15:39:59.696+0000] {dag.py:2690} INFO - Sync 1 DAGs
[2025-10-06T15:39:59.708+0000] {logging_mixin.py:137} INFO - [2025-10-06T15:39:59.708+0000] {dag.py:3441} INFO - Setting next_dagrun for example_short_circuit_operator to 2025-10-05T15:39:59.707911+00:00, run_after=2025-10-06T15:39:59.707911+00:00
[2025-10-06T15:39:59.715+0000] {processor.py:175} INFO - Processing /home/airflow/.local/lib/python3.7/site-packages/airflow/example_dags/example_short_circuit_operator.py took 0.042 seconds
[2025-10-06T15:40:29.848+0000] {processor.py:153} INFO - Started process (PID=1100) to work on /home/airflow/.local/lib/python3.7/site-packages/airflow/example_dags/example_short_circuit_operator.py
[2025-10-06T15:40:29.852+0000] {processor.py:743} INFO - Processing file /home/airflow/.local/lib/python3.7/site-packages/airflow/example_dags/example_short_circuit_operator.py for tasks to queue
[2025-10-06T15:40:29.852+0000] {logging_mixin.py:137} INFO - [2025-10-06T15:40:29.852+0000] {dagbag.py:538} INFO - Filling up the DagBag from /home/airflow/.local/lib/python3.7/site-packages/airflow/example_dags/example_short_circuit_operator.py
[2025-10-06T15:40:29.859+0000] {processor.py:753} INFO - DAG(s) dict_keys(['example_short_circuit_operator']) retrieved from /home/airflow/.local/lib/python3.7/site-packages/airflow/example_dags/example_short_circuit_operator.py
[2025-10-06T15:40:29.870+0000] {logging_mixin.py:137} INFO - [2025-10-06T15:40:29.870+0000] {dag.py:2690} INFO - Sync 1 DAGs
[2025-10-06T15:40:29.881+0000] {logging_mixin.py:137} INFO - [2025-10-06T15:40:29.881+0000] {dag.py:3441} INFO - Setting next_dagrun for example_short_circuit_operator to 2025-10-05T15:40:29.881337+00:00, run_after=2025-10-06T15:40:29.881337+00:00
[2025-10-06T15:40:29.888+0000] {processor.py:175} INFO - Processing /home/airflow/.local/lib/python3.7/site-packages/airflow/example_dags/example_short_circuit_operator.py took 0.041 seconds
[2025-10-06T15:41:00.140+0000] {processor.py:153} INFO - Started process (PID=1199) to work on /home/airflow/.local/lib/python3.7/site-packages/airflow/example_dags/example_short_circuit_operator.py
[2025-10-06T15:41:00.140+0000] {processor.py:743} INFO - Processing file /home/airflow/.local/lib/python3.7/site-packages/airflow/example_dags/example_short_circuit_operator.py for tasks to queue
[2025-10-06T15:41:00.140+0000] {logging_mixin.py:137} INFO - [2025-10-06T15:41:00.140+0000] {dagbag.py:538} INFO - Filling up the DagBag from /home/airflow/.local/lib/python3.7/site-packages/airflow/example_dags/example_short_circuit_operator.py
[2025-10-06T15:41:00.147+0000] {processor.py:753} INFO - DAG(s) dict_keys(['example_short_circuit_operator']) retrieved from /home/airflow/.local/lib/python3.7/site-packages/airflow/example_dags/example_short_circuit_operator.py
[2025-10-06T15:41:00.160+0000] {logging_mixin.py:137} INFO - [2025-10-06T15:41:00.160+0000] {dag.py:2690} INFO - Sync 1 DAGs
[2025-10-06T15:41:00.169+0000] {logging_mixin.py:137} INFO - [2025-10-06T15:41:00.169+0000] {dag.py:3441} INFO - Setting next_dagrun for example_short_circuit_operator to 2025-10-05T15:41:00.169741+00:00, run_after=2025-10-06T15:41:00.169741+00:00
[2025-10-06T15:41:00.176+0000] {processor.py:175} INFO - Processing /home/airflow/.local/lib/python3.7/site-packages/airflow/example_dags/example_short_circuit_operator.py took 0.038 seconds
[2025-10-06T15:41:30.417+0000] {processor.py:153} INFO - Started process (PID=1298) to work on /home/airflow/.local/lib/python3.7/site-packages/airflow/example_dags/example_short_circuit_operator.py
[2025-10-06T15:41:30.417+0000] {processor.py:743} INFO - Processing file /home/airflow/.local/lib/python3.7/site-packages/airflow/example_dags/example_short_circuit_operator.py for tasks to queue
[2025-10-06T15:41:30.417+0000] {logging_mixin.py:137} INFO - [2025-10-06T15:41:30.417+0000] {dagbag.py:538} INFO - Filling up the DagBag from /home/airflow/.local/lib/python3.7/site-packages/airflow/example_dags/example_short_circuit_operator.py
[2025-10-06T15:41:30.425+0000] {processor.py:753} INFO - DAG(s) dict_keys(['example_short_circuit_operator']) retrieved from /home/airflow/.local/lib/python3.7/site-packages/airflow/example_dags/example_short_circuit_operator.py
[2025-10-06T15:41:30.435+0000] {logging_mixin.py:137} INFO - [2025-10-06T15:41:30.435+0000] {dag.py:2690} INFO - Sync 1 DAGs
[2025-10-06T15:41:30.445+0000] {logging_mixin.py:137} INFO - [2025-10-06T15:41:30.445+0000] {dag.py:3441} INFO - Setting next_dagrun for example_short_circuit_operator to 2025-10-05T15:41:30.445718+00:00, run_after=2025-10-06T15:41:30.445718+00:00
[2025-10-06T15:41:30.453+0000] {processor.py:175} INFO - Processing /home/airflow/.local/lib/python3.7/site-packages/airflow/example_dags/example_short_circuit_operator.py took 0.037 seconds
[2025-10-06T15:42:00.796+0000] {processor.py:153} INFO - Started process (PID=1397) to work on /home/airflow/.local/lib/python3.7/site-packages/airflow/example_dags/example_short_circuit_operator.py
[2025-10-06T15:42:00.796+0000] {processor.py:743} INFO - Processing file /home/airflow/.local/lib/python3.7/site-packages/airflow/example_dags/example_short_circuit_operator.py for tasks to queue
[2025-10-06T15:42:00.797+0000] {logging_mixin.py:137} INFO - [2025-10-06T15:42:00.797+0000] {dagbag.py:538} INFO - Filling up the DagBag from /home/airflow/.local/lib/python3.7/site-packages/airflow/example_dags/example_short_circuit_operator.py
[2025-10-06T15:42:00.804+0000] {processor.py:753} INFO - DAG(s) dict_keys(['example_short_circuit_operator']) retrieved from /home/airflow/.local/lib/python3.7/site-packages/airflow/example_dags/example_short_circuit_operator.py
[2025-10-06T15:42:00.816+0000] {logging_mixin.py:137} INFO - [2025-10-06T15:42:00.816+0000] {dag.py:2690} INFO - Sync 1 DAGs
[2025-10-06T15:42:00.826+0000] {logging_mixin.py:137} INFO - [2025-10-06T15:42:00.826+0000] {dag.py:3441} INFO - Setting next_dagrun for example_short_circuit_operator to 2025-10-05T15:42:00.826206+00:00, run_after=2025-10-06T15:42:00.826206+00:00
[2025-10-06T15:42:00.833+0000] {processor.py:175} INFO - Processing /home/airflow/.local/lib/python3.7/site-packages/airflow/example_dags/example_short_circuit_operator.py took 0.039 seconds
[2025-10-06T15:42:31.070+0000] {processor.py:153} INFO - Started process (PID=1476) to work on /home/airflow/.local/lib/python3.7/site-packages/airflow/example_dags/example_short_circuit_operator.py
[2025-10-06T15:42:31.070+0000] {processor.py:743} INFO - Processing file /home/airflow/.local/lib/python3.7/site-packages/airflow/example_dags/example_short_circuit_operator.py for tasks to queue
[2025-10-06T15:42:31.071+0000] {logging_mixin.py:137} INFO - [2025-10-06T15:42:31.071+0000] {dagbag.py:538} INFO - Filling up the DagBag from /home/airflow/.local/lib/python3.7/site-packages/airflow/example_dags/example_short_circuit_operator.py
[2025-10-06T15:42:31.078+0000] {processor.py:753} INFO - DAG(s) dict_keys(['example_short_circuit_operator']) retrieved from /home/airflow/.local/lib/python3.7/site-packages/airflow/example_dags/example_short_circuit_operator.py
[2025-10-06T15:42:31.089+0000] {logging_mixin.py:137} INFO - [2025-10-06T15:42:31.089+0000] {dag.py:2690} INFO - Sync 1 DAGs
[2025-10-06T15:42:31.099+0000] {logging_mixin.py:137} INFO - [2025-10-06T15:42:31.099+0000] {dag.py:3441} INFO - Setting next_dagrun for example_short_circuit_operator to 2025-10-05T15:42:31.099252+00:00, run_after=2025-10-06T15:42:31.099252+00:00
[2025-10-06T15:42:31.106+0000] {processor.py:175} INFO - Processing /home/airflow/.local/lib/python3.7/site-packages/airflow/example_dags/example_short_circuit_operator.py took 0.038 seconds
[2025-10-06T15:43:01.288+0000] {processor.py:153} INFO - Started process (PID=1576) to work on /home/airflow/.local/lib/python3.7/site-packages/airflow/example_dags/example_short_circuit_operator.py
[2025-10-06T15:43:01.289+0000] {processor.py:743} INFO - Processing file /home/airflow/.local/lib/python3.7/site-packages/airflow/example_dags/example_short_circuit_operator.py for tasks to queue
[2025-10-06T15:43:01.289+0000] {logging_mixin.py:137} INFO - [2025-10-06T15:43:01.289+0000] {dagbag.py:538} INFO - Filling up the DagBag from /home/airflow/.local/lib/python3.7/site-packages/airflow/example_dags/example_short_circuit_operator.py
[2025-10-06T15:43:01.296+0000] {processor.py:753} INFO - DAG(s) dict_keys(['example_short_circuit_operator']) retrieved from /home/airflow/.local/lib/python3.7/site-packages/airflow/example_dags/example_short_circuit_operator.py
[2025-10-06T15:43:01.306+0000] {logging_mixin.py:137} INFO - [2025-10-06T15:43:01.306+0000] {dag.py:2690} INFO - Sync 1 DAGs
[2025-10-06T15:43:01.317+0000] {logging_mixin.py:137} INFO - [2025-10-06T15:43:01.317+0000] {dag.py:3441} INFO - Setting next_dagrun for example_short_circuit_operator to 2025-10-05T15:43:01.317185+00:00, run_after=2025-10-06T15:43:01.317185+00:00
[2025-10-06T15:43:01.325+0000] {processor.py:175} INFO - Processing /home/airflow/.local/lib/python3.7/site-packages/airflow/example_dags/example_short_circuit_operator.py took 0.038 seconds
[2025-10-06T15:43:31.622+0000] {processor.py:153} INFO - Started process (PID=1675) to work on /home/airflow/.local/lib/python3.7/site-packages/airflow/example_dags/example_short_circuit_operator.py
[2025-10-06T15:43:31.626+0000] {processor.py:743} INFO - Processing file /home/airflow/.local/lib/python3.7/site-packages/airflow/example_dags/example_short_circuit_operator.py for tasks to queue
[2025-10-06T15:43:31.626+0000] {logging_mixin.py:137} INFO - [2025-10-06T15:43:31.626+0000] {dagbag.py:538} INFO - Filling up the DagBag from /home/airflow/.local/lib/python3.7/site-packages/airflow/example_dags/example_short_circuit_operator.py
[2025-10-06T15:43:31.633+0000] {processor.py:753} INFO - DAG(s) dict_keys(['example_short_circuit_operator']) retrieved from /home/airflow/.local/lib/python3.7/site-packages/airflow/example_dags/example_short_circuit_operator.py
[2025-10-06T15:43:31.644+0000] {logging_mixin.py:137} INFO - [2025-10-06T15:43:31.644+0000] {dag.py:2690} INFO - Sync 1 DAGs
[2025-10-06T15:43:31.654+0000] {logging_mixin.py:137} INFO - [2025-10-06T15:43:31.654+0000] {dag.py:3441} INFO - Setting next_dagrun for example_short_circuit_operator to 2025-10-05T15:43:31.654671+00:00, run_after=2025-10-06T15:43:31.654671+00:00
[2025-10-06T15:43:31.662+0000] {processor.py:175} INFO - Processing /home/airflow/.local/lib/python3.7/site-packages/airflow/example_dags/example_short_circuit_operator.py took 0.041 seconds
[2025-10-06T15:44:02.056+0000] {processor.py:153} INFO - Started process (PID=1774) to work on /home/airflow/.local/lib/python3.7/site-packages/airflow/example_dags/example_short_circuit_operator.py
[2025-10-06T15:44:02.057+0000] {processor.py:743} INFO - Processing file /home/airflow/.local/lib/python3.7/site-packages/airflow/example_dags/example_short_circuit_operator.py for tasks to queue
[2025-10-06T15:44:02.057+0000] {logging_mixin.py:137} INFO - [2025-10-06T15:44:02.057+0000] {dagbag.py:538} INFO - Filling up the DagBag from /home/airflow/.local/lib/python3.7/site-packages/airflow/example_dags/example_short_circuit_operator.py
[2025-10-06T15:44:02.065+0000] {processor.py:753} INFO - DAG(s) dict_keys(['example_short_circuit_operator']) retrieved from /home/airflow/.local/lib/python3.7/site-packages/airflow/example_dags/example_short_circuit_operator.py
[2025-10-06T15:44:02.076+0000] {logging_mixin.py:137} INFO - [2025-10-06T15:44:02.076+0000] {dag.py:2690} INFO - Sync 1 DAGs
[2025-10-06T15:44:02.086+0000] {logging_mixin.py:137} INFO - [2025-10-06T15:44:02.086+0000] {dag.py:3441} INFO - Setting next_dagrun for example_short_circuit_operator to 2025-10-05T15:44:02.086445+00:00, run_after=2025-10-06T15:44:02.086445+00:00
[2025-10-06T15:44:02.093+0000] {processor.py:175} INFO - Processing /home/airflow/.local/lib/python3.7/site-packages/airflow/example_dags/example_short_circuit_operator.py took 0.039 seconds
[2025-10-06T15:44:32.420+0000] {processor.py:153} INFO - Started process (PID=1853) to work on /home/airflow/.local/lib/python3.7/site-packages/airflow/example_dags/example_short_circuit_operator.py
[2025-10-06T15:44:32.422+0000] {processor.py:743} INFO - Processing file /home/airflow/.local/lib/python3.7/site-packages/airflow/example_dags/example_short_circuit_operator.py for tasks to queue
[2025-10-06T15:44:32.422+0000] {logging_mixin.py:137} INFO - [2025-10-06T15:44:32.422+0000] {dagbag.py:538} INFO - Filling up the DagBag from /home/airflow/.local/lib/python3.7/site-packages/airflow/example_dags/example_short_circuit_operator.py
[2025-10-06T15:44:32.430+0000] {processor.py:753} INFO - DAG(s) dict_keys(['example_short_circuit_operator']) retrieved from /home/airflow/.local/lib/python3.7/site-packages/airflow/example_dags/example_short_circuit_operator.py
[2025-10-06T15:44:32.441+0000] {logging_mixin.py:137} INFO - [2025-10-06T15:44:32.441+0000] {dag.py:2690} INFO - Sync 1 DAGs
[2025-10-06T15:44:32.451+0000] {logging_mixin.py:137} INFO - [2025-10-06T15:44:32.451+0000] {dag.py:3441} INFO - Setting next_dagrun for example_short_circuit_operator to 2025-10-05T15:44:32.451285+00:00, run_after=2025-10-06T15:44:32.451285+00:00
[2025-10-06T15:44:32.458+0000] {processor.py:175} INFO - Processing /home/airflow/.local/lib/python3.7/site-packages/airflow/example_dags/example_short_circuit_operator.py took 0.039 seconds
[2025-10-06T15:45:02.767+0000] {processor.py:153} INFO - Started process (PID=1952) to work on /home/airflow/.local/lib/python3.7/site-packages/airflow/example_dags/example_short_circuit_operator.py
[2025-10-06T15:45:02.769+0000] {processor.py:743} INFO - Processing file /home/airflow/.local/lib/python3.7/site-packages/airflow/example_dags/example_short_circuit_operator.py for tasks to queue
[2025-10-06T15:45:02.769+0000] {logging_mixin.py:137} INFO - [2025-10-06T15:45:02.769+0000] {dagbag.py:538} INFO - Filling up the DagBag from /home/airflow/.local/lib/python3.7/site-packages/airflow/example_dags/example_short_circuit_operator.py
[2025-10-06T15:45:02.777+0000] {processor.py:753} INFO - DAG(s) dict_keys(['example_short_circuit_operator']) retrieved from /home/airflow/.local/lib/python3.7/site-packages/airflow/example_dags/example_short_circuit_operator.py
[2025-10-06T15:45:02.788+0000] {logging_mixin.py:137} INFO - [2025-10-06T15:45:02.788+0000] {dag.py:2690} INFO - Sync 1 DAGs
[2025-10-06T15:45:02.799+0000] {logging_mixin.py:137} INFO - [2025-10-06T15:45:02.799+0000] {dag.py:3441} INFO - Setting next_dagrun for example_short_circuit_operator to 2025-10-05T15:45:02.799517+00:00, run_after=2025-10-06T15:45:02.799517+00:00
[2025-10-06T15:45:02.809+0000] {processor.py:175} INFO - Processing /home/airflow/.local/lib/python3.7/site-packages/airflow/example_dags/example_short_circuit_operator.py took 0.044 seconds
[2025-10-06T15:45:33.055+0000] {processor.py:153} INFO - Started process (PID=2051) to work on /home/airflow/.local/lib/python3.7/site-packages/airflow/example_dags/example_short_circuit_operator.py
[2025-10-06T15:45:33.056+0000] {processor.py:743} INFO - Processing file /home/airflow/.local/lib/python3.7/site-packages/airflow/example_dags/example_short_circuit_operator.py for tasks to queue
[2025-10-06T15:45:33.057+0000] {logging_mixin.py:137} INFO - [2025-10-06T15:45:33.057+0000] {dagbag.py:538} INFO - Filling up the DagBag from /home/airflow/.local/lib/python3.7/site-packages/airflow/example_dags/example_short_circuit_operator.py
[2025-10-06T15:45:33.065+0000] {processor.py:753} INFO - DAG(s) dict_keys(['example_short_circuit_operator']) retrieved from /home/airflow/.local/lib/python3.7/site-packages/airflow/example_dags/example_short_circuit_operator.py
[2025-10-06T15:45:33.076+0000] {logging_mixin.py:137} INFO - [2025-10-06T15:45:33.076+0000] {dag.py:2690} INFO - Sync 1 DAGs
[2025-10-06T15:45:33.087+0000] {logging_mixin.py:137} INFO - [2025-10-06T15:45:33.087+0000] {dag.py:3441} INFO - Setting next_dagrun for example_short_circuit_operator to 2025-10-05T15:45:33.086990+00:00, run_after=2025-10-06T15:45:33.086990+00:00
[2025-10-06T15:45:33.094+0000] {processor.py:175} INFO - Processing /home/airflow/.local/lib/python3.7/site-packages/airflow/example_dags/example_short_circuit_operator.py took 0.040 seconds
[2025-10-06T15:46:03.623+0000] {processor.py:153} INFO - Started process (PID=2150) to work on /home/airflow/.local/lib/python3.7/site-packages/airflow/example_dags/example_short_circuit_operator.py
[2025-10-06T15:46:03.624+0000] {processor.py:743} INFO - Processing file /home/airflow/.local/lib/python3.7/site-packages/airflow/example_dags/example_short_circuit_operator.py for tasks to queue
[2025-10-06T15:46:03.628+0000] {logging_mixin.py:137} INFO - [2025-10-06T15:46:03.628+0000] {dagbag.py:538} INFO - Filling up the DagBag from /home/airflow/.local/lib/python3.7/site-packages/airflow/example_dags/example_short_circuit_operator.py
[2025-10-06T15:46:03.638+0000] {processor.py:753} INFO - DAG(s) dict_keys(['example_short_circuit_operator']) retrieved from /home/airflow/.local/lib/python3.7/site-packages/airflow/example_dags/example_short_circuit_operator.py
[2025-10-06T15:46:03.653+0000] {logging_mixin.py:137} INFO - [2025-10-06T15:46:03.653+0000] {dag.py:2690} INFO - Sync 1 DAGs
[2025-10-06T15:46:03.667+0000] {logging_mixin.py:137} INFO - [2025-10-06T15:46:03.667+0000] {dag.py:3441} INFO - Setting next_dagrun for example_short_circuit_operator to 2025-10-05T15:46:03.667608+00:00, run_after=2025-10-06T15:46:03.667608+00:00
[2025-10-06T15:46:03.679+0000] {processor.py:175} INFO - Processing /home/airflow/.local/lib/python3.7/site-packages/airflow/example_dags/example_short_circuit_operator.py took 0.057 seconds
[2025-10-06T15:46:34.134+0000] {processor.py:153} INFO - Started process (PID=2229) to work on /home/airflow/.local/lib/python3.7/site-packages/airflow/example_dags/example_short_circuit_operator.py
[2025-10-06T15:46:34.135+0000] {processor.py:743} INFO - Processing file /home/airflow/.local/lib/python3.7/site-packages/airflow/example_dags/example_short_circuit_operator.py for tasks to queue
[2025-10-06T15:46:34.135+0000] {logging_mixin.py:137} INFO - [2025-10-06T15:46:34.135+0000] {dagbag.py:538} INFO - Filling up the DagBag from /home/airflow/.local/lib/python3.7/site-packages/airflow/example_dags/example_short_circuit_operator.py
[2025-10-06T15:46:34.142+0000] {processor.py:753} INFO - DAG(s) dict_keys(['example_short_circuit_operator']) retrieved from /home/airflow/.local/lib/python3.7/site-packages/airflow/example_dags/example_short_circuit_operator.py
[2025-10-06T15:46:34.154+0000] {logging_mixin.py:137} INFO - [2025-10-06T15:46:34.154+0000] {dag.py:2690} INFO - Sync 1 DAGs
[2025-10-06T15:46:34.164+0000] {logging_mixin.py:137} INFO - [2025-10-06T15:46:34.164+0000] {dag.py:3441} INFO - Setting next_dagrun for example_short_circuit_operator to 2025-10-05T15:46:34.164606+00:00, run_after=2025-10-06T15:46:34.164606+00:00
[2025-10-06T15:46:34.172+0000] {processor.py:175} INFO - Processing /home/airflow/.local/lib/python3.7/site-packages/airflow/example_dags/example_short_circuit_operator.py took 0.039 seconds
