[2025-10-06T15:34:54.961+0000] {processor.py:153} INFO - Started process (PID=55) to work on /home/airflow/.local/lib/python3.7/site-packages/airflow/example_dags/example_branch_operator_decorator.py
[2025-10-06T15:34:54.962+0000] {processor.py:743} INFO - Processing file /home/airflow/.local/lib/python3.7/site-packages/airflow/example_dags/example_branch_operator_decorator.py for tasks to queue
[2025-10-06T15:34:54.963+0000] {logging_mixin.py:137} INFO - [2025-10-06T15:34:54.963+0000] {dagbag.py:538} INFO - Filling up the DagBag from /home/airflow/.local/lib/python3.7/site-packages/airflow/example_dags/example_branch_operator_decorator.py
[2025-10-06T15:34:54.984+0000] {processor.py:753} INFO - DAG(s) dict_keys(['example_branch_python_operator_decorator']) retrieved from /home/airflow/.local/lib/python3.7/site-packages/airflow/example_dags/example_branch_operator_decorator.py
[2025-10-06T15:34:54.996+0000] {logging_mixin.py:137} INFO - [2025-10-06T15:34:54.996+0000] {dag.py:2690} INFO - Sync 1 DAGs
[2025-10-06T15:34:55.018+0000] {logging_mixin.py:137} INFO - [2025-10-06T15:34:55.018+0000] {dag.py:3441} INFO - Setting next_dagrun for example_branch_python_operator_decorator to 2025-10-05T00:00:00+00:00, run_after=2025-10-06T00:00:00+00:00
[2025-10-06T15:34:55.031+0000] {processor.py:175} INFO - Processing /home/airflow/.local/lib/python3.7/site-packages/airflow/example_dags/example_branch_operator_decorator.py took 0.071 seconds
[2025-10-06T15:35:25.516+0000] {processor.py:153} INFO - Started process (PID=154) to work on /home/airflow/.local/lib/python3.7/site-packages/airflow/example_dags/example_branch_operator_decorator.py
[2025-10-06T15:35:25.516+0000] {processor.py:743} INFO - Processing file /home/airflow/.local/lib/python3.7/site-packages/airflow/example_dags/example_branch_operator_decorator.py for tasks to queue
[2025-10-06T15:35:25.517+0000] {logging_mixin.py:137} INFO - [2025-10-06T15:35:25.517+0000] {dagbag.py:538} INFO - Filling up the DagBag from /home/airflow/.local/lib/python3.7/site-packages/airflow/example_dags/example_branch_operator_decorator.py
[2025-10-06T15:35:25.527+0000] {processor.py:753} INFO - DAG(s) dict_keys(['example_branch_python_operator_decorator']) retrieved from /home/airflow/.local/lib/python3.7/site-packages/airflow/example_dags/example_branch_operator_decorator.py
[2025-10-06T15:35:25.538+0000] {logging_mixin.py:137} INFO - [2025-10-06T15:35:25.538+0000] {dag.py:2690} INFO - Sync 1 DAGs
[2025-10-06T15:35:25.550+0000] {logging_mixin.py:137} INFO - [2025-10-06T15:35:25.550+0000] {dag.py:3441} INFO - Setting next_dagrun for example_branch_python_operator_decorator to 2025-10-05T00:00:00+00:00, run_after=2025-10-06T00:00:00+00:00
[2025-10-06T15:35:25.557+0000] {processor.py:175} INFO - Processing /home/airflow/.local/lib/python3.7/site-packages/airflow/example_dags/example_branch_operator_decorator.py took 0.042 seconds
[2025-10-06T15:35:55.953+0000] {processor.py:153} INFO - Started process (PID=253) to work on /home/airflow/.local/lib/python3.7/site-packages/airflow/example_dags/example_branch_operator_decorator.py
[2025-10-06T15:35:55.953+0000] {processor.py:743} INFO - Processing file /home/airflow/.local/lib/python3.7/site-packages/airflow/example_dags/example_branch_operator_decorator.py for tasks to queue
[2025-10-06T15:35:55.954+0000] {logging_mixin.py:137} INFO - [2025-10-06T15:35:55.954+0000] {dagbag.py:538} INFO - Filling up the DagBag from /home/airflow/.local/lib/python3.7/site-packages/airflow/example_dags/example_branch_operator_decorator.py
[2025-10-06T15:35:55.966+0000] {processor.py:753} INFO - DAG(s) dict_keys(['example_branch_python_operator_decorator']) retrieved from /home/airflow/.local/lib/python3.7/site-packages/airflow/example_dags/example_branch_operator_decorator.py
[2025-10-06T15:35:55.979+0000] {logging_mixin.py:137} INFO - [2025-10-06T15:35:55.979+0000] {dag.py:2690} INFO - Sync 1 DAGs
[2025-10-06T15:35:55.990+0000] {logging_mixin.py:137} INFO - [2025-10-06T15:35:55.990+0000] {dag.py:3441} INFO - Setting next_dagrun for example_branch_python_operator_decorator to 2025-10-05T00:00:00+00:00, run_after=2025-10-06T00:00:00+00:00
[2025-10-06T15:35:56.001+0000] {processor.py:175} INFO - Processing /home/airflow/.local/lib/python3.7/site-packages/airflow/example_dags/example_branch_operator_decorator.py took 0.050 seconds
[2025-10-06T15:36:26.442+0000] {processor.py:153} INFO - Started process (PID=332) to work on /home/airflow/.local/lib/python3.7/site-packages/airflow/example_dags/example_branch_operator_decorator.py
[2025-10-06T15:36:26.443+0000] {processor.py:743} INFO - Processing file /home/airflow/.local/lib/python3.7/site-packages/airflow/example_dags/example_branch_operator_decorator.py for tasks to queue
[2025-10-06T15:36:26.443+0000] {logging_mixin.py:137} INFO - [2025-10-06T15:36:26.443+0000] {dagbag.py:538} INFO - Filling up the DagBag from /home/airflow/.local/lib/python3.7/site-packages/airflow/example_dags/example_branch_operator_decorator.py
[2025-10-06T15:36:26.454+0000] {processor.py:753} INFO - DAG(s) dict_keys(['example_branch_python_operator_decorator']) retrieved from /home/airflow/.local/lib/python3.7/site-packages/airflow/example_dags/example_branch_operator_decorator.py
[2025-10-06T15:36:26.467+0000] {logging_mixin.py:137} INFO - [2025-10-06T15:36:26.467+0000] {dag.py:2690} INFO - Sync 1 DAGs
[2025-10-06T15:36:26.478+0000] {logging_mixin.py:137} INFO - [2025-10-06T15:36:26.478+0000] {dag.py:3441} INFO - Setting next_dagrun for example_branch_python_operator_decorator to 2025-10-05T00:00:00+00:00, run_after=2025-10-06T00:00:00+00:00
[2025-10-06T15:36:26.487+0000] {processor.py:175} INFO - Processing /home/airflow/.local/lib/python3.7/site-packages/airflow/example_dags/example_branch_operator_decorator.py took 0.046 seconds
[2025-10-06T15:36:56.895+0000] {processor.py:153} INFO - Started process (PID=431) to work on /home/airflow/.local/lib/python3.7/site-packages/airflow/example_dags/example_branch_operator_decorator.py
[2025-10-06T15:36:56.895+0000] {processor.py:743} INFO - Processing file /home/airflow/.local/lib/python3.7/site-packages/airflow/example_dags/example_branch_operator_decorator.py for tasks to queue
[2025-10-06T15:36:56.895+0000] {logging_mixin.py:137} INFO - [2025-10-06T15:36:56.895+0000] {dagbag.py:538} INFO - Filling up the DagBag from /home/airflow/.local/lib/python3.7/site-packages/airflow/example_dags/example_branch_operator_decorator.py
[2025-10-06T15:36:56.906+0000] {processor.py:753} INFO - DAG(s) dict_keys(['example_branch_python_operator_decorator']) retrieved from /home/airflow/.local/lib/python3.7/site-packages/airflow/example_dags/example_branch_operator_decorator.py
[2025-10-06T15:36:56.917+0000] {logging_mixin.py:137} INFO - [2025-10-06T15:36:56.917+0000] {dag.py:2690} INFO - Sync 1 DAGs
[2025-10-06T15:36:56.927+0000] {logging_mixin.py:137} INFO - [2025-10-06T15:36:56.927+0000] {dag.py:3441} INFO - Setting next_dagrun for example_branch_python_operator_decorator to 2025-10-05T00:00:00+00:00, run_after=2025-10-06T00:00:00+00:00
[2025-10-06T15:36:56.938+0000] {processor.py:175} INFO - Processing /home/airflow/.local/lib/python3.7/site-packages/airflow/example_dags/example_branch_operator_decorator.py took 0.044 seconds
[2025-10-06T15:37:27.307+0000] {processor.py:153} INFO - Started process (PID=530) to work on /home/airflow/.local/lib/python3.7/site-packages/airflow/example_dags/example_branch_operator_decorator.py
[2025-10-06T15:37:27.307+0000] {processor.py:743} INFO - Processing file /home/airflow/.local/lib/python3.7/site-packages/airflow/example_dags/example_branch_operator_decorator.py for tasks to queue
[2025-10-06T15:37:27.308+0000] {logging_mixin.py:137} INFO - [2025-10-06T15:37:27.308+0000] {dagbag.py:538} INFO - Filling up the DagBag from /home/airflow/.local/lib/python3.7/site-packages/airflow/example_dags/example_branch_operator_decorator.py
[2025-10-06T15:37:27.320+0000] {processor.py:753} INFO - DAG(s) dict_keys(['example_branch_python_operator_decorator']) retrieved from /home/airflow/.local/lib/python3.7/site-packages/airflow/example_dags/example_branch_operator_decorator.py
[2025-10-06T15:37:27.334+0000] {logging_mixin.py:137} INFO - [2025-10-06T15:37:27.334+0000] {dag.py:2690} INFO - Sync 1 DAGs
[2025-10-06T15:37:27.346+0000] {logging_mixin.py:137} INFO - [2025-10-06T15:37:27.346+0000] {dag.py:3441} INFO - Setting next_dagrun for example_branch_python_operator_decorator to 2025-10-05T00:00:00+00:00, run_after=2025-10-06T00:00:00+00:00
[2025-10-06T15:37:27.357+0000] {processor.py:175} INFO - Processing /home/airflow/.local/lib/python3.7/site-packages/airflow/example_dags/example_branch_operator_decorator.py took 0.052 seconds
[2025-10-06T15:37:57.658+0000] {processor.py:153} INFO - Started process (PID=629) to work on /home/airflow/.local/lib/python3.7/site-packages/airflow/example_dags/example_branch_operator_decorator.py
[2025-10-06T15:37:57.659+0000] {processor.py:743} INFO - Processing file /home/airflow/.local/lib/python3.7/site-packages/airflow/example_dags/example_branch_operator_decorator.py for tasks to queue
[2025-10-06T15:37:57.660+0000] {logging_mixin.py:137} INFO - [2025-10-06T15:37:57.659+0000] {dagbag.py:538} INFO - Filling up the DagBag from /home/airflow/.local/lib/python3.7/site-packages/airflow/example_dags/example_branch_operator_decorator.py
[2025-10-06T15:37:57.673+0000] {processor.py:753} INFO - DAG(s) dict_keys(['example_branch_python_operator_decorator']) retrieved from /home/airflow/.local/lib/python3.7/site-packages/airflow/example_dags/example_branch_operator_decorator.py
[2025-10-06T15:37:57.687+0000] {logging_mixin.py:137} INFO - [2025-10-06T15:37:57.687+0000] {dag.py:2690} INFO - Sync 1 DAGs
[2025-10-06T15:37:57.700+0000] {logging_mixin.py:137} INFO - [2025-10-06T15:37:57.700+0000] {dag.py:3441} INFO - Setting next_dagrun for example_branch_python_operator_decorator to 2025-10-05T00:00:00+00:00, run_after=2025-10-06T00:00:00+00:00
[2025-10-06T15:37:57.712+0000] {processor.py:175} INFO - Processing /home/airflow/.local/lib/python3.7/site-packages/airflow/example_dags/example_branch_operator_decorator.py took 0.056 seconds
[2025-10-06T15:38:28.111+0000] {processor.py:153} INFO - Started process (PID=708) to work on /home/airflow/.local/lib/python3.7/site-packages/airflow/example_dags/example_branch_operator_decorator.py
[2025-10-06T15:38:28.111+0000] {processor.py:743} INFO - Processing file /home/airflow/.local/lib/python3.7/site-packages/airflow/example_dags/example_branch_operator_decorator.py for tasks to queue
[2025-10-06T15:38:28.112+0000] {logging_mixin.py:137} INFO - [2025-10-06T15:38:28.112+0000] {dagbag.py:538} INFO - Filling up the DagBag from /home/airflow/.local/lib/python3.7/site-packages/airflow/example_dags/example_branch_operator_decorator.py
[2025-10-06T15:38:28.125+0000] {processor.py:753} INFO - DAG(s) dict_keys(['example_branch_python_operator_decorator']) retrieved from /home/airflow/.local/lib/python3.7/site-packages/airflow/example_dags/example_branch_operator_decorator.py
[2025-10-06T15:38:28.138+0000] {logging_mixin.py:137} INFO - [2025-10-06T15:38:28.138+0000] {dag.py:2690} INFO - Sync 1 DAGs
[2025-10-06T15:38:28.150+0000] {logging_mixin.py:137} INFO - [2025-10-06T15:38:28.150+0000] {dag.py:3441} INFO - Setting next_dagrun for example_branch_python_operator_decorator to 2025-10-05T00:00:00+00:00, run_after=2025-10-06T00:00:00+00:00
[2025-10-06T15:38:28.159+0000] {processor.py:175} INFO - Processing /home/airflow/.local/lib/python3.7/site-packages/airflow/example_dags/example_branch_operator_decorator.py took 0.050 seconds
[2025-10-06T15:38:58.495+0000] {processor.py:153} INFO - Started process (PID=807) to work on /home/airflow/.local/lib/python3.7/site-packages/airflow/example_dags/example_branch_operator_decorator.py
[2025-10-06T15:38:58.498+0000] {processor.py:743} INFO - Processing file /home/airflow/.local/lib/python3.7/site-packages/airflow/example_dags/example_branch_operator_decorator.py for tasks to queue
[2025-10-06T15:38:58.498+0000] {logging_mixin.py:137} INFO - [2025-10-06T15:38:58.498+0000] {dagbag.py:538} INFO - Filling up the DagBag from /home/airflow/.local/lib/python3.7/site-packages/airflow/example_dags/example_branch_operator_decorator.py
[2025-10-06T15:38:58.509+0000] {processor.py:753} INFO - DAG(s) dict_keys(['example_branch_python_operator_decorator']) retrieved from /home/airflow/.local/lib/python3.7/site-packages/airflow/example_dags/example_branch_operator_decorator.py
[2025-10-06T15:38:58.522+0000] {logging_mixin.py:137} INFO - [2025-10-06T15:38:58.522+0000] {dag.py:2690} INFO - Sync 1 DAGs
[2025-10-06T15:38:58.533+0000] {logging_mixin.py:137} INFO - [2025-10-06T15:38:58.533+0000] {dag.py:3441} INFO - Setting next_dagrun for example_branch_python_operator_decorator to 2025-10-05T00:00:00+00:00, run_after=2025-10-06T00:00:00+00:00
[2025-10-06T15:38:58.541+0000] {processor.py:175} INFO - Processing /home/airflow/.local/lib/python3.7/site-packages/airflow/example_dags/example_branch_operator_decorator.py took 0.048 seconds
[2025-10-06T15:39:28.861+0000] {processor.py:153} INFO - Started process (PID=906) to work on /home/airflow/.local/lib/python3.7/site-packages/airflow/example_dags/example_branch_operator_decorator.py
[2025-10-06T15:39:28.862+0000] {processor.py:743} INFO - Processing file /home/airflow/.local/lib/python3.7/site-packages/airflow/example_dags/example_branch_operator_decorator.py for tasks to queue
[2025-10-06T15:39:28.862+0000] {logging_mixin.py:137} INFO - [2025-10-06T15:39:28.862+0000] {dagbag.py:538} INFO - Filling up the DagBag from /home/airflow/.local/lib/python3.7/site-packages/airflow/example_dags/example_branch_operator_decorator.py
[2025-10-06T15:39:28.873+0000] {processor.py:753} INFO - DAG(s) dict_keys(['example_branch_python_operator_decorator']) retrieved from /home/airflow/.local/lib/python3.7/site-packages/airflow/example_dags/example_branch_operator_decorator.py
[2025-10-06T15:39:28.884+0000] {logging_mixin.py:137} INFO - [2025-10-06T15:39:28.884+0000] {dag.py:2690} INFO - Sync 1 DAGs
[2025-10-06T15:39:28.895+0000] {logging_mixin.py:137} INFO - [2025-10-06T15:39:28.895+0000] {dag.py:3441} INFO - Setting next_dagrun for example_branch_python_operator_decorator to 2025-10-05T00:00:00+00:00, run_after=2025-10-06T00:00:00+00:00
[2025-10-06T15:39:28.902+0000] {processor.py:175} INFO - Processing /home/airflow/.local/lib/python3.7/site-packages/airflow/example_dags/example_branch_operator_decorator.py took 0.043 seconds
[2025-10-06T15:39:59.285+0000] {processor.py:153} INFO - Started process (PID=1005) to work on /home/airflow/.local/lib/python3.7/site-packages/airflow/example_dags/example_branch_operator_decorator.py
[2025-10-06T15:39:59.285+0000] {processor.py:743} INFO - Processing file /home/airflow/.local/lib/python3.7/site-packages/airflow/example_dags/example_branch_operator_decorator.py for tasks to queue
[2025-10-06T15:39:59.285+0000] {logging_mixin.py:137} INFO - [2025-10-06T15:39:59.285+0000] {dagbag.py:538} INFO - Filling up the DagBag from /home/airflow/.local/lib/python3.7/site-packages/airflow/example_dags/example_branch_operator_decorator.py
[2025-10-06T15:39:59.296+0000] {processor.py:753} INFO - DAG(s) dict_keys(['example_branch_python_operator_decorator']) retrieved from /home/airflow/.local/lib/python3.7/site-packages/airflow/example_dags/example_branch_operator_decorator.py
[2025-10-06T15:39:59.307+0000] {logging_mixin.py:137} INFO - [2025-10-06T15:39:59.307+0000] {dag.py:2690} INFO - Sync 1 DAGs
[2025-10-06T15:39:59.321+0000] {logging_mixin.py:137} INFO - [2025-10-06T15:39:59.321+0000] {dag.py:3441} INFO - Setting next_dagrun for example_branch_python_operator_decorator to 2025-10-05T00:00:00+00:00, run_after=2025-10-06T00:00:00+00:00
[2025-10-06T15:39:59.329+0000] {processor.py:175} INFO - Processing /home/airflow/.local/lib/python3.7/site-packages/airflow/example_dags/example_branch_operator_decorator.py took 0.046 seconds
[2025-10-06T15:40:29.469+0000] {processor.py:153} INFO - Started process (PID=1084) to work on /home/airflow/.local/lib/python3.7/site-packages/airflow/example_dags/example_branch_operator_decorator.py
[2025-10-06T15:40:29.470+0000] {processor.py:743} INFO - Processing file /home/airflow/.local/lib/python3.7/site-packages/airflow/example_dags/example_branch_operator_decorator.py for tasks to queue
[2025-10-06T15:40:29.471+0000] {logging_mixin.py:137} INFO - [2025-10-06T15:40:29.471+0000] {dagbag.py:538} INFO - Filling up the DagBag from /home/airflow/.local/lib/python3.7/site-packages/airflow/example_dags/example_branch_operator_decorator.py
[2025-10-06T15:40:29.482+0000] {processor.py:753} INFO - DAG(s) dict_keys(['example_branch_python_operator_decorator']) retrieved from /home/airflow/.local/lib/python3.7/site-packages/airflow/example_dags/example_branch_operator_decorator.py
[2025-10-06T15:40:29.493+0000] {logging_mixin.py:137} INFO - [2025-10-06T15:40:29.492+0000] {dag.py:2690} INFO - Sync 1 DAGs
[2025-10-06T15:40:29.503+0000] {logging_mixin.py:137} INFO - [2025-10-06T15:40:29.503+0000] {dag.py:3441} INFO - Setting next_dagrun for example_branch_python_operator_decorator to 2025-10-05T00:00:00+00:00, run_after=2025-10-06T00:00:00+00:00
[2025-10-06T15:40:29.511+0000] {processor.py:175} INFO - Processing /home/airflow/.local/lib/python3.7/site-packages/airflow/example_dags/example_branch_operator_decorator.py took 0.043 seconds
[2025-10-06T15:40:59.730+0000] {processor.py:153} INFO - Started process (PID=1183) to work on /home/airflow/.local/lib/python3.7/site-packages/airflow/example_dags/example_branch_operator_decorator.py
[2025-10-06T15:40:59.731+0000] {processor.py:743} INFO - Processing file /home/airflow/.local/lib/python3.7/site-packages/airflow/example_dags/example_branch_operator_decorator.py for tasks to queue
[2025-10-06T15:40:59.732+0000] {logging_mixin.py:137} INFO - [2025-10-06T15:40:59.732+0000] {dagbag.py:538} INFO - Filling up the DagBag from /home/airflow/.local/lib/python3.7/site-packages/airflow/example_dags/example_branch_operator_decorator.py
[2025-10-06T15:40:59.743+0000] {processor.py:753} INFO - DAG(s) dict_keys(['example_branch_python_operator_decorator']) retrieved from /home/airflow/.local/lib/python3.7/site-packages/airflow/example_dags/example_branch_operator_decorator.py
[2025-10-06T15:40:59.754+0000] {logging_mixin.py:137} INFO - [2025-10-06T15:40:59.754+0000] {dag.py:2690} INFO - Sync 1 DAGs
[2025-10-06T15:40:59.765+0000] {logging_mixin.py:137} INFO - [2025-10-06T15:40:59.765+0000] {dag.py:3441} INFO - Setting next_dagrun for example_branch_python_operator_decorator to 2025-10-05T00:00:00+00:00, run_after=2025-10-06T00:00:00+00:00
[2025-10-06T15:40:59.772+0000] {processor.py:175} INFO - Processing /home/airflow/.local/lib/python3.7/site-packages/airflow/example_dags/example_branch_operator_decorator.py took 0.043 seconds
[2025-10-06T15:41:30.004+0000] {processor.py:153} INFO - Started process (PID=1282) to work on /home/airflow/.local/lib/python3.7/site-packages/airflow/example_dags/example_branch_operator_decorator.py
[2025-10-06T15:41:30.004+0000] {processor.py:743} INFO - Processing file /home/airflow/.local/lib/python3.7/site-packages/airflow/example_dags/example_branch_operator_decorator.py for tasks to queue
[2025-10-06T15:41:30.004+0000] {logging_mixin.py:137} INFO - [2025-10-06T15:41:30.004+0000] {dagbag.py:538} INFO - Filling up the DagBag from /home/airflow/.local/lib/python3.7/site-packages/airflow/example_dags/example_branch_operator_decorator.py
[2025-10-06T15:41:30.014+0000] {processor.py:753} INFO - DAG(s) dict_keys(['example_branch_python_operator_decorator']) retrieved from /home/airflow/.local/lib/python3.7/site-packages/airflow/example_dags/example_branch_operator_decorator.py
[2025-10-06T15:41:30.027+0000] {logging_mixin.py:137} INFO - [2025-10-06T15:41:30.027+0000] {dag.py:2690} INFO - Sync 1 DAGs
[2025-10-06T15:41:30.038+0000] {logging_mixin.py:137} INFO - [2025-10-06T15:41:30.038+0000] {dag.py:3441} INFO - Setting next_dagrun for example_branch_python_operator_decorator to 2025-10-05T00:00:00+00:00, run_after=2025-10-06T00:00:00+00:00
[2025-10-06T15:41:30.048+0000] {processor.py:175} INFO - Processing /home/airflow/.local/lib/python3.7/site-packages/airflow/example_dags/example_branch_operator_decorator.py took 0.046 seconds
[2025-10-06T15:42:00.379+0000] {processor.py:153} INFO - Started process (PID=1381) to work on /home/airflow/.local/lib/python3.7/site-packages/airflow/example_dags/example_branch_operator_decorator.py
[2025-10-06T15:42:00.379+0000] {processor.py:743} INFO - Processing file /home/airflow/.local/lib/python3.7/site-packages/airflow/example_dags/example_branch_operator_decorator.py for tasks to queue
[2025-10-06T15:42:00.379+0000] {logging_mixin.py:137} INFO - [2025-10-06T15:42:00.379+0000] {dagbag.py:538} INFO - Filling up the DagBag from /home/airflow/.local/lib/python3.7/site-packages/airflow/example_dags/example_branch_operator_decorator.py
[2025-10-06T15:42:00.392+0000] {processor.py:753} INFO - DAG(s) dict_keys(['example_branch_python_operator_decorator']) retrieved from /home/airflow/.local/lib/python3.7/site-packages/airflow/example_dags/example_branch_operator_decorator.py
[2025-10-06T15:42:00.406+0000] {logging_mixin.py:137} INFO - [2025-10-06T15:42:00.406+0000] {dag.py:2690} INFO - Sync 1 DAGs
[2025-10-06T15:42:00.417+0000] {logging_mixin.py:137} INFO - [2025-10-06T15:42:00.417+0000] {dag.py:3441} INFO - Setting next_dagrun for example_branch_python_operator_decorator to 2025-10-05T00:00:00+00:00, run_after=2025-10-06T00:00:00+00:00
[2025-10-06T15:42:00.424+0000] {processor.py:175} INFO - Processing /home/airflow/.local/lib/python3.7/site-packages/airflow/example_dags/example_branch_operator_decorator.py took 0.048 seconds
[2025-10-06T15:42:30.663+0000] {processor.py:153} INFO - Started process (PID=1460) to work on /home/airflow/.local/lib/python3.7/site-packages/airflow/example_dags/example_branch_operator_decorator.py
[2025-10-06T15:42:30.663+0000] {processor.py:743} INFO - Processing file /home/airflow/.local/lib/python3.7/site-packages/airflow/example_dags/example_branch_operator_decorator.py for tasks to queue
[2025-10-06T15:42:30.663+0000] {logging_mixin.py:137} INFO - [2025-10-06T15:42:30.663+0000] {dagbag.py:538} INFO - Filling up the DagBag from /home/airflow/.local/lib/python3.7/site-packages/airflow/example_dags/example_branch_operator_decorator.py
[2025-10-06T15:42:30.674+0000] {processor.py:753} INFO - DAG(s) dict_keys(['example_branch_python_operator_decorator']) retrieved from /home/airflow/.local/lib/python3.7/site-packages/airflow/example_dags/example_branch_operator_decorator.py
[2025-10-06T15:42:30.687+0000] {logging_mixin.py:137} INFO - [2025-10-06T15:42:30.687+0000] {dag.py:2690} INFO - Sync 1 DAGs
[2025-10-06T15:42:30.699+0000] {logging_mixin.py:137} INFO - [2025-10-06T15:42:30.699+0000] {dag.py:3441} INFO - Setting next_dagrun for example_branch_python_operator_decorator to 2025-10-05T00:00:00+00:00, run_after=2025-10-06T00:00:00+00:00
[2025-10-06T15:42:30.709+0000] {processor.py:175} INFO - Processing /home/airflow/.local/lib/python3.7/site-packages/airflow/example_dags/example_branch_operator_decorator.py took 0.048 seconds
[2025-10-06T15:43:00.895+0000] {processor.py:153} INFO - Started process (PID=1560) to work on /home/airflow/.local/lib/python3.7/site-packages/airflow/example_dags/example_branch_operator_decorator.py
[2025-10-06T15:43:00.896+0000] {processor.py:743} INFO - Processing file /home/airflow/.local/lib/python3.7/site-packages/airflow/example_dags/example_branch_operator_decorator.py for tasks to queue
[2025-10-06T15:43:00.897+0000] {logging_mixin.py:137} INFO - [2025-10-06T15:43:00.897+0000] {dagbag.py:538} INFO - Filling up the DagBag from /home/airflow/.local/lib/python3.7/site-packages/airflow/example_dags/example_branch_operator_decorator.py
[2025-10-06T15:43:00.907+0000] {processor.py:753} INFO - DAG(s) dict_keys(['example_branch_python_operator_decorator']) retrieved from /home/airflow/.local/lib/python3.7/site-packages/airflow/example_dags/example_branch_operator_decorator.py
[2025-10-06T15:43:00.917+0000] {logging_mixin.py:137} INFO - [2025-10-06T15:43:00.917+0000] {dag.py:2690} INFO - Sync 1 DAGs
[2025-10-06T15:43:00.929+0000] {logging_mixin.py:137} INFO - [2025-10-06T15:43:00.929+0000] {dag.py:3441} INFO - Setting next_dagrun for example_branch_python_operator_decorator to 2025-10-05T00:00:00+00:00, run_after=2025-10-06T00:00:00+00:00
[2025-10-06T15:43:00.938+0000] {processor.py:175} INFO - Processing /home/airflow/.local/lib/python3.7/site-packages/airflow/example_dags/example_branch_operator_decorator.py took 0.044 seconds
[2025-10-06T15:43:31.183+0000] {processor.py:153} INFO - Started process (PID=1659) to work on /home/airflow/.local/lib/python3.7/site-packages/airflow/example_dags/example_branch_operator_decorator.py
[2025-10-06T15:43:31.187+0000] {processor.py:743} INFO - Processing file /home/airflow/.local/lib/python3.7/site-packages/airflow/example_dags/example_branch_operator_decorator.py for tasks to queue
[2025-10-06T15:43:31.187+0000] {logging_mixin.py:137} INFO - [2025-10-06T15:43:31.187+0000] {dagbag.py:538} INFO - Filling up the DagBag from /home/airflow/.local/lib/python3.7/site-packages/airflow/example_dags/example_branch_operator_decorator.py
[2025-10-06T15:43:31.198+0000] {processor.py:753} INFO - DAG(s) dict_keys(['example_branch_python_operator_decorator']) retrieved from /home/airflow/.local/lib/python3.7/site-packages/airflow/example_dags/example_branch_operator_decorator.py
[2025-10-06T15:43:31.211+0000] {logging_mixin.py:137} INFO - [2025-10-06T15:43:31.211+0000] {dag.py:2690} INFO - Sync 1 DAGs
[2025-10-06T15:43:31.223+0000] {logging_mixin.py:137} INFO - [2025-10-06T15:43:31.223+0000] {dag.py:3441} INFO - Setting next_dagrun for example_branch_python_operator_decorator to 2025-10-05T00:00:00+00:00, run_after=2025-10-06T00:00:00+00:00
[2025-10-06T15:43:31.233+0000] {processor.py:175} INFO - Processing /home/airflow/.local/lib/python3.7/site-packages/airflow/example_dags/example_branch_operator_decorator.py took 0.051 seconds
[2025-10-06T15:44:01.586+0000] {processor.py:153} INFO - Started process (PID=1758) to work on /home/airflow/.local/lib/python3.7/site-packages/airflow/example_dags/example_branch_operator_decorator.py
[2025-10-06T15:44:01.586+0000] {processor.py:743} INFO - Processing file /home/airflow/.local/lib/python3.7/site-packages/airflow/example_dags/example_branch_operator_decorator.py for tasks to queue
[2025-10-06T15:44:01.586+0000] {logging_mixin.py:137} INFO - [2025-10-06T15:44:01.586+0000] {dagbag.py:538} INFO - Filling up the DagBag from /home/airflow/.local/lib/python3.7/site-packages/airflow/example_dags/example_branch_operator_decorator.py
[2025-10-06T15:44:01.597+0000] {processor.py:753} INFO - DAG(s) dict_keys(['example_branch_python_operator_decorator']) retrieved from /home/airflow/.local/lib/python3.7/site-packages/airflow/example_dags/example_branch_operator_decorator.py
[2025-10-06T15:44:01.610+0000] {logging_mixin.py:137} INFO - [2025-10-06T15:44:01.610+0000] {dag.py:2690} INFO - Sync 1 DAGs
[2025-10-06T15:44:01.622+0000] {logging_mixin.py:137} INFO - [2025-10-06T15:44:01.622+0000] {dag.py:3441} INFO - Setting next_dagrun for example_branch_python_operator_decorator to 2025-10-05T00:00:00+00:00, run_after=2025-10-06T00:00:00+00:00
[2025-10-06T15:44:01.631+0000] {processor.py:175} INFO - Processing /home/airflow/.local/lib/python3.7/site-packages/airflow/example_dags/example_branch_operator_decorator.py took 0.047 seconds
[2025-10-06T15:44:31.986+0000] {processor.py:153} INFO - Started process (PID=1837) to work on /home/airflow/.local/lib/python3.7/site-packages/airflow/example_dags/example_branch_operator_decorator.py
[2025-10-06T15:44:31.989+0000] {processor.py:743} INFO - Processing file /home/airflow/.local/lib/python3.7/site-packages/airflow/example_dags/example_branch_operator_decorator.py for tasks to queue
[2025-10-06T15:44:31.989+0000] {logging_mixin.py:137} INFO - [2025-10-06T15:44:31.989+0000] {dagbag.py:538} INFO - Filling up the DagBag from /home/airflow/.local/lib/python3.7/site-packages/airflow/example_dags/example_branch_operator_decorator.py
[2025-10-06T15:44:32.000+0000] {processor.py:753} INFO - DAG(s) dict_keys(['example_branch_python_operator_decorator']) retrieved from /home/airflow/.local/lib/python3.7/site-packages/airflow/example_dags/example_branch_operator_decorator.py
[2025-10-06T15:44:32.011+0000] {logging_mixin.py:137} INFO - [2025-10-06T15:44:32.011+0000] {dag.py:2690} INFO - Sync 1 DAGs
[2025-10-06T15:44:32.022+0000] {logging_mixin.py:137} INFO - [2025-10-06T15:44:32.022+0000] {dag.py:3441} INFO - Setting next_dagrun for example_branch_python_operator_decorator to 2025-10-05T00:00:00+00:00, run_after=2025-10-06T00:00:00+00:00
[2025-10-06T15:44:32.029+0000] {processor.py:175} INFO - Processing /home/airflow/.local/lib/python3.7/site-packages/airflow/example_dags/example_branch_operator_decorator.py took 0.045 seconds
[2025-10-06T15:45:02.350+0000] {processor.py:153} INFO - Started process (PID=1936) to work on /home/airflow/.local/lib/python3.7/site-packages/airflow/example_dags/example_branch_operator_decorator.py
[2025-10-06T15:45:02.350+0000] {processor.py:743} INFO - Processing file /home/airflow/.local/lib/python3.7/site-packages/airflow/example_dags/example_branch_operator_decorator.py for tasks to queue
[2025-10-06T15:45:02.351+0000] {logging_mixin.py:137} INFO - [2025-10-06T15:45:02.351+0000] {dagbag.py:538} INFO - Filling up the DagBag from /home/airflow/.local/lib/python3.7/site-packages/airflow/example_dags/example_branch_operator_decorator.py
[2025-10-06T15:45:02.360+0000] {processor.py:753} INFO - DAG(s) dict_keys(['example_branch_python_operator_decorator']) retrieved from /home/airflow/.local/lib/python3.7/site-packages/airflow/example_dags/example_branch_operator_decorator.py
[2025-10-06T15:45:02.374+0000] {logging_mixin.py:137} INFO - [2025-10-06T15:45:02.374+0000] {dag.py:2690} INFO - Sync 1 DAGs
[2025-10-06T15:45:02.385+0000] {logging_mixin.py:137} INFO - [2025-10-06T15:45:02.385+0000] {dag.py:3441} INFO - Setting next_dagrun for example_branch_python_operator_decorator to 2025-10-05T00:00:00+00:00, run_after=2025-10-06T00:00:00+00:00
[2025-10-06T15:45:02.392+0000] {processor.py:175} INFO - Processing /home/airflow/.local/lib/python3.7/site-packages/airflow/example_dags/example_branch_operator_decorator.py took 0.045 seconds
[2025-10-06T15:45:32.647+0000] {processor.py:153} INFO - Started process (PID=2035) to work on /home/airflow/.local/lib/python3.7/site-packages/airflow/example_dags/example_branch_operator_decorator.py
[2025-10-06T15:45:32.647+0000] {processor.py:743} INFO - Processing file /home/airflow/.local/lib/python3.7/site-packages/airflow/example_dags/example_branch_operator_decorator.py for tasks to queue
[2025-10-06T15:45:32.647+0000] {logging_mixin.py:137} INFO - [2025-10-06T15:45:32.647+0000] {dagbag.py:538} INFO - Filling up the DagBag from /home/airflow/.local/lib/python3.7/site-packages/airflow/example_dags/example_branch_operator_decorator.py
[2025-10-06T15:45:32.658+0000] {processor.py:753} INFO - DAG(s) dict_keys(['example_branch_python_operator_decorator']) retrieved from /home/airflow/.local/lib/python3.7/site-packages/airflow/example_dags/example_branch_operator_decorator.py
[2025-10-06T15:45:32.670+0000] {logging_mixin.py:137} INFO - [2025-10-06T15:45:32.670+0000] {dag.py:2690} INFO - Sync 1 DAGs
[2025-10-06T15:45:32.681+0000] {logging_mixin.py:137} INFO - [2025-10-06T15:45:32.681+0000] {dag.py:3441} INFO - Setting next_dagrun for example_branch_python_operator_decorator to 2025-10-05T00:00:00+00:00, run_after=2025-10-06T00:00:00+00:00
[2025-10-06T15:45:32.688+0000] {processor.py:175} INFO - Processing /home/airflow/.local/lib/python3.7/site-packages/airflow/example_dags/example_branch_operator_decorator.py took 0.043 seconds
[2025-10-06T15:46:02.955+0000] {processor.py:153} INFO - Started process (PID=2123) to work on /home/airflow/.local/lib/python3.7/site-packages/airflow/example_dags/example_branch_operator_decorator.py
[2025-10-06T15:46:02.955+0000] {processor.py:743} INFO - Processing file /home/airflow/.local/lib/python3.7/site-packages/airflow/example_dags/example_branch_operator_decorator.py for tasks to queue
[2025-10-06T15:46:02.956+0000] {logging_mixin.py:137} INFO - [2025-10-06T15:46:02.956+0000] {dagbag.py:538} INFO - Filling up the DagBag from /home/airflow/.local/lib/python3.7/site-packages/airflow/example_dags/example_branch_operator_decorator.py
[2025-10-06T15:46:02.968+0000] {processor.py:753} INFO - DAG(s) dict_keys(['example_branch_python_operator_decorator']) retrieved from /home/airflow/.local/lib/python3.7/site-packages/airflow/example_dags/example_branch_operator_decorator.py
[2025-10-06T15:46:02.981+0000] {logging_mixin.py:137} INFO - [2025-10-06T15:46:02.980+0000] {dag.py:2690} INFO - Sync 1 DAGs
[2025-10-06T15:46:02.993+0000] {logging_mixin.py:137} INFO - [2025-10-06T15:46:02.993+0000] {dag.py:3441} INFO - Setting next_dagrun for example_branch_python_operator_decorator to 2025-10-05T00:00:00+00:00, run_after=2025-10-06T00:00:00+00:00
[2025-10-06T15:46:03.003+0000] {processor.py:175} INFO - Processing /home/airflow/.local/lib/python3.7/site-packages/airflow/example_dags/example_branch_operator_decorator.py took 0.050 seconds
[2025-10-06T15:46:33.682+0000] {processor.py:153} INFO - Started process (PID=2213) to work on /home/airflow/.local/lib/python3.7/site-packages/airflow/example_dags/example_branch_operator_decorator.py
[2025-10-06T15:46:33.682+0000] {processor.py:743} INFO - Processing file /home/airflow/.local/lib/python3.7/site-packages/airflow/example_dags/example_branch_operator_decorator.py for tasks to queue
[2025-10-06T15:46:33.682+0000] {logging_mixin.py:137} INFO - [2025-10-06T15:46:33.682+0000] {dagbag.py:538} INFO - Filling up the DagBag from /home/airflow/.local/lib/python3.7/site-packages/airflow/example_dags/example_branch_operator_decorator.py
[2025-10-06T15:46:33.698+0000] {processor.py:753} INFO - DAG(s) dict_keys(['example_branch_python_operator_decorator']) retrieved from /home/airflow/.local/lib/python3.7/site-packages/airflow/example_dags/example_branch_operator_decorator.py
[2025-10-06T15:46:33.711+0000] {logging_mixin.py:137} INFO - [2025-10-06T15:46:33.711+0000] {dag.py:2690} INFO - Sync 1 DAGs
[2025-10-06T15:46:33.722+0000] {logging_mixin.py:137} INFO - [2025-10-06T15:46:33.722+0000] {dag.py:3441} INFO - Setting next_dagrun for example_branch_python_operator_decorator to 2025-10-05T00:00:00+00:00, run_after=2025-10-06T00:00:00+00:00
[2025-10-06T15:46:33.730+0000] {processor.py:175} INFO - Processing /home/airflow/.local/lib/python3.7/site-packages/airflow/example_dags/example_branch_operator_decorator.py took 0.050 seconds
