[2025-10-06T15:34:54.608+0000] {processor.py:153} INFO - Started process (PID=44) to work on /home/airflow/.local/lib/python3.7/site-packages/airflow/example_dags/example_dag_decorator.py
[2025-10-06T15:34:54.608+0000] {processor.py:743} INFO - Processing file /home/airflow/.local/lib/python3.7/site-packages/airflow/example_dags/example_dag_decorator.py for tasks to queue
[2025-10-06T15:34:54.609+0000] {logging_mixin.py:137} INFO - [2025-10-06T15:34:54.609+0000] {dagbag.py:538} INFO - Filling up the DagBag from /home/airflow/.local/lib/python3.7/site-packages/airflow/example_dags/example_dag_decorator.py
[2025-10-06T15:34:54.619+0000] {logging_mixin.py:137} INFO - [2025-10-06T15:34:54.619+0000] {taskmixin.py:205} WARNING - Dependency <Task(_PythonDecoratedOperator): prepare_email>, send_email already registered for DAG: example_dag_decorator
[2025-10-06T15:34:54.619+0000] {logging_mixin.py:137} INFO - [2025-10-06T15:34:54.619+0000] {taskmixin.py:205} WARNING - Dependency <Task(EmailOperator): send_email>, prepare_email already registered for DAG: example_dag_decorator
[2025-10-06T15:34:54.627+0000] {processor.py:753} INFO - DAG(s) dict_keys(['example_dag_decorator']) retrieved from /home/airflow/.local/lib/python3.7/site-packages/airflow/example_dags/example_dag_decorator.py
[2025-10-06T15:34:54.633+0000] {logging_mixin.py:137} INFO - [2025-10-06T15:34:54.633+0000] {dag.py:2690} INFO - Sync 1 DAGs
[2025-10-06T15:34:54.644+0000] {logging_mixin.py:137} INFO - [2025-10-06T15:34:54.643+0000] {dag.py:3441} INFO - Setting next_dagrun for example_dag_decorator to None, run_after=None
[2025-10-06T15:34:54.650+0000] {processor.py:175} INFO - Processing /home/airflow/.local/lib/python3.7/site-packages/airflow/example_dags/example_dag_decorator.py took 0.045 seconds
[2025-10-06T15:35:25.177+0000] {processor.py:153} INFO - Started process (PID=143) to work on /home/airflow/.local/lib/python3.7/site-packages/airflow/example_dags/example_dag_decorator.py
[2025-10-06T15:35:25.178+0000] {processor.py:743} INFO - Processing file /home/airflow/.local/lib/python3.7/site-packages/airflow/example_dags/example_dag_decorator.py for tasks to queue
[2025-10-06T15:35:25.178+0000] {logging_mixin.py:137} INFO - [2025-10-06T15:35:25.178+0000] {dagbag.py:538} INFO - Filling up the DagBag from /home/airflow/.local/lib/python3.7/site-packages/airflow/example_dags/example_dag_decorator.py
[2025-10-06T15:35:25.184+0000] {logging_mixin.py:137} INFO - [2025-10-06T15:35:25.184+0000] {taskmixin.py:205} WARNING - Dependency <Task(_PythonDecoratedOperator): prepare_email>, send_email already registered for DAG: example_dag_decorator
[2025-10-06T15:35:25.185+0000] {logging_mixin.py:137} INFO - [2025-10-06T15:35:25.185+0000] {taskmixin.py:205} WARNING - Dependency <Task(EmailOperator): send_email>, prepare_email already registered for DAG: example_dag_decorator
[2025-10-06T15:35:25.190+0000] {processor.py:753} INFO - DAG(s) dict_keys(['example_dag_decorator']) retrieved from /home/airflow/.local/lib/python3.7/site-packages/airflow/example_dags/example_dag_decorator.py
[2025-10-06T15:35:25.215+0000] {logging_mixin.py:137} INFO - [2025-10-06T15:35:25.215+0000] {dag.py:2690} INFO - Sync 1 DAGs
[2025-10-06T15:35:25.223+0000] {logging_mixin.py:137} INFO - [2025-10-06T15:35:25.223+0000] {dag.py:3441} INFO - Setting next_dagrun for example_dag_decorator to None, run_after=None
[2025-10-06T15:35:25.230+0000] {processor.py:175} INFO - Processing /home/airflow/.local/lib/python3.7/site-packages/airflow/example_dags/example_dag_decorator.py took 0.054 seconds
[2025-10-06T15:35:55.565+0000] {processor.py:153} INFO - Started process (PID=231) to work on /home/airflow/.local/lib/python3.7/site-packages/airflow/example_dags/example_dag_decorator.py
[2025-10-06T15:35:55.566+0000] {processor.py:743} INFO - Processing file /home/airflow/.local/lib/python3.7/site-packages/airflow/example_dags/example_dag_decorator.py for tasks to queue
[2025-10-06T15:35:55.566+0000] {logging_mixin.py:137} INFO - [2025-10-06T15:35:55.566+0000] {dagbag.py:538} INFO - Filling up the DagBag from /home/airflow/.local/lib/python3.7/site-packages/airflow/example_dags/example_dag_decorator.py
[2025-10-06T15:35:55.574+0000] {logging_mixin.py:137} INFO - [2025-10-06T15:35:55.574+0000] {taskmixin.py:205} WARNING - Dependency <Task(_PythonDecoratedOperator): prepare_email>, send_email already registered for DAG: example_dag_decorator
[2025-10-06T15:35:55.574+0000] {logging_mixin.py:137} INFO - [2025-10-06T15:35:55.574+0000] {taskmixin.py:205} WARNING - Dependency <Task(EmailOperator): send_email>, prepare_email already registered for DAG: example_dag_decorator
[2025-10-06T15:35:55.579+0000] {processor.py:753} INFO - DAG(s) dict_keys(['example_dag_decorator']) retrieved from /home/airflow/.local/lib/python3.7/site-packages/airflow/example_dags/example_dag_decorator.py
[2025-10-06T15:35:55.608+0000] {logging_mixin.py:137} INFO - [2025-10-06T15:35:55.608+0000] {dag.py:2690} INFO - Sync 1 DAGs
[2025-10-06T15:35:55.621+0000] {logging_mixin.py:137} INFO - [2025-10-06T15:35:55.621+0000] {dag.py:3441} INFO - Setting next_dagrun for example_dag_decorator to None, run_after=None
[2025-10-06T15:35:55.631+0000] {processor.py:175} INFO - Processing /home/airflow/.local/lib/python3.7/site-packages/airflow/example_dags/example_dag_decorator.py took 0.067 seconds
[2025-10-06T15:36:26.076+0000] {processor.py:153} INFO - Started process (PID=321) to work on /home/airflow/.local/lib/python3.7/site-packages/airflow/example_dags/example_dag_decorator.py
[2025-10-06T15:36:26.076+0000] {processor.py:743} INFO - Processing file /home/airflow/.local/lib/python3.7/site-packages/airflow/example_dags/example_dag_decorator.py for tasks to queue
[2025-10-06T15:36:26.076+0000] {logging_mixin.py:137} INFO - [2025-10-06T15:36:26.076+0000] {dagbag.py:538} INFO - Filling up the DagBag from /home/airflow/.local/lib/python3.7/site-packages/airflow/example_dags/example_dag_decorator.py
[2025-10-06T15:36:26.083+0000] {logging_mixin.py:137} INFO - [2025-10-06T15:36:26.083+0000] {taskmixin.py:205} WARNING - Dependency <Task(_PythonDecoratedOperator): prepare_email>, send_email already registered for DAG: example_dag_decorator
[2025-10-06T15:36:26.084+0000] {logging_mixin.py:137} INFO - [2025-10-06T15:36:26.084+0000] {taskmixin.py:205} WARNING - Dependency <Task(EmailOperator): send_email>, prepare_email already registered for DAG: example_dag_decorator
[2025-10-06T15:36:26.092+0000] {processor.py:753} INFO - DAG(s) dict_keys(['example_dag_decorator']) retrieved from /home/airflow/.local/lib/python3.7/site-packages/airflow/example_dags/example_dag_decorator.py
[2025-10-06T15:36:26.118+0000] {logging_mixin.py:137} INFO - [2025-10-06T15:36:26.118+0000] {dag.py:2690} INFO - Sync 1 DAGs
[2025-10-06T15:36:26.126+0000] {logging_mixin.py:137} INFO - [2025-10-06T15:36:26.126+0000] {dag.py:3441} INFO - Setting next_dagrun for example_dag_decorator to None, run_after=None
[2025-10-06T15:36:26.133+0000] {processor.py:175} INFO - Processing /home/airflow/.local/lib/python3.7/site-packages/airflow/example_dags/example_dag_decorator.py took 0.059 seconds
[2025-10-06T15:36:56.545+0000] {processor.py:153} INFO - Started process (PID=420) to work on /home/airflow/.local/lib/python3.7/site-packages/airflow/example_dags/example_dag_decorator.py
[2025-10-06T15:36:56.545+0000] {processor.py:743} INFO - Processing file /home/airflow/.local/lib/python3.7/site-packages/airflow/example_dags/example_dag_decorator.py for tasks to queue
[2025-10-06T15:36:56.546+0000] {logging_mixin.py:137} INFO - [2025-10-06T15:36:56.546+0000] {dagbag.py:538} INFO - Filling up the DagBag from /home/airflow/.local/lib/python3.7/site-packages/airflow/example_dags/example_dag_decorator.py
[2025-10-06T15:36:56.552+0000] {logging_mixin.py:137} INFO - [2025-10-06T15:36:56.552+0000] {taskmixin.py:205} WARNING - Dependency <Task(_PythonDecoratedOperator): prepare_email>, send_email already registered for DAG: example_dag_decorator
[2025-10-06T15:36:56.552+0000] {logging_mixin.py:137} INFO - [2025-10-06T15:36:56.552+0000] {taskmixin.py:205} WARNING - Dependency <Task(EmailOperator): send_email>, prepare_email already registered for DAG: example_dag_decorator
[2025-10-06T15:36:56.558+0000] {processor.py:753} INFO - DAG(s) dict_keys(['example_dag_decorator']) retrieved from /home/airflow/.local/lib/python3.7/site-packages/airflow/example_dags/example_dag_decorator.py
[2025-10-06T15:36:56.584+0000] {logging_mixin.py:137} INFO - [2025-10-06T15:36:56.584+0000] {dag.py:2690} INFO - Sync 1 DAGs
[2025-10-06T15:36:56.592+0000] {logging_mixin.py:137} INFO - [2025-10-06T15:36:56.592+0000] {dag.py:3441} INFO - Setting next_dagrun for example_dag_decorator to None, run_after=None
[2025-10-06T15:36:56.600+0000] {processor.py:175} INFO - Processing /home/airflow/.local/lib/python3.7/site-packages/airflow/example_dags/example_dag_decorator.py took 0.057 seconds
[2025-10-06T15:37:26.976+0000] {processor.py:153} INFO - Started process (PID=519) to work on /home/airflow/.local/lib/python3.7/site-packages/airflow/example_dags/example_dag_decorator.py
[2025-10-06T15:37:26.976+0000] {processor.py:743} INFO - Processing file /home/airflow/.local/lib/python3.7/site-packages/airflow/example_dags/example_dag_decorator.py for tasks to queue
[2025-10-06T15:37:26.977+0000] {logging_mixin.py:137} INFO - [2025-10-06T15:37:26.976+0000] {dagbag.py:538} INFO - Filling up the DagBag from /home/airflow/.local/lib/python3.7/site-packages/airflow/example_dags/example_dag_decorator.py
[2025-10-06T15:37:26.984+0000] {logging_mixin.py:137} INFO - [2025-10-06T15:37:26.984+0000] {taskmixin.py:205} WARNING - Dependency <Task(_PythonDecoratedOperator): prepare_email>, send_email already registered for DAG: example_dag_decorator
[2025-10-06T15:37:26.985+0000] {logging_mixin.py:137} INFO - [2025-10-06T15:37:26.985+0000] {taskmixin.py:205} WARNING - Dependency <Task(EmailOperator): send_email>, prepare_email already registered for DAG: example_dag_decorator
[2025-10-06T15:37:26.990+0000] {processor.py:753} INFO - DAG(s) dict_keys(['example_dag_decorator']) retrieved from /home/airflow/.local/lib/python3.7/site-packages/airflow/example_dags/example_dag_decorator.py
[2025-10-06T15:37:27.019+0000] {logging_mixin.py:137} INFO - [2025-10-06T15:37:27.019+0000] {dag.py:2690} INFO - Sync 1 DAGs
[2025-10-06T15:37:27.029+0000] {logging_mixin.py:137} INFO - [2025-10-06T15:37:27.029+0000] {dag.py:3441} INFO - Setting next_dagrun for example_dag_decorator to None, run_after=None
[2025-10-06T15:37:27.039+0000] {processor.py:175} INFO - Processing /home/airflow/.local/lib/python3.7/site-packages/airflow/example_dags/example_dag_decorator.py took 0.065 seconds
[2025-10-06T15:37:57.310+0000] {processor.py:153} INFO - Started process (PID=618) to work on /home/airflow/.local/lib/python3.7/site-packages/airflow/example_dags/example_dag_decorator.py
[2025-10-06T15:37:57.310+0000] {processor.py:743} INFO - Processing file /home/airflow/.local/lib/python3.7/site-packages/airflow/example_dags/example_dag_decorator.py for tasks to queue
[2025-10-06T15:37:57.310+0000] {logging_mixin.py:137} INFO - [2025-10-06T15:37:57.310+0000] {dagbag.py:538} INFO - Filling up the DagBag from /home/airflow/.local/lib/python3.7/site-packages/airflow/example_dags/example_dag_decorator.py
[2025-10-06T15:37:57.319+0000] {logging_mixin.py:137} INFO - [2025-10-06T15:37:57.319+0000] {taskmixin.py:205} WARNING - Dependency <Task(_PythonDecoratedOperator): prepare_email>, send_email already registered for DAG: example_dag_decorator
[2025-10-06T15:37:57.321+0000] {logging_mixin.py:137} INFO - [2025-10-06T15:37:57.321+0000] {taskmixin.py:205} WARNING - Dependency <Task(EmailOperator): send_email>, prepare_email already registered for DAG: example_dag_decorator
[2025-10-06T15:37:57.328+0000] {processor.py:753} INFO - DAG(s) dict_keys(['example_dag_decorator']) retrieved from /home/airflow/.local/lib/python3.7/site-packages/airflow/example_dags/example_dag_decorator.py
[2025-10-06T15:37:57.360+0000] {logging_mixin.py:137} INFO - [2025-10-06T15:37:57.360+0000] {dag.py:2690} INFO - Sync 1 DAGs
[2025-10-06T15:37:57.371+0000] {logging_mixin.py:137} INFO - [2025-10-06T15:37:57.371+0000] {dag.py:3441} INFO - Setting next_dagrun for example_dag_decorator to None, run_after=None
[2025-10-06T15:37:57.383+0000] {processor.py:175} INFO - Processing /home/airflow/.local/lib/python3.7/site-packages/airflow/example_dags/example_dag_decorator.py took 0.075 seconds
[2025-10-06T15:38:27.750+0000] {processor.py:153} INFO - Started process (PID=697) to work on /home/airflow/.local/lib/python3.7/site-packages/airflow/example_dags/example_dag_decorator.py
[2025-10-06T15:38:27.751+0000] {processor.py:743} INFO - Processing file /home/airflow/.local/lib/python3.7/site-packages/airflow/example_dags/example_dag_decorator.py for tasks to queue
[2025-10-06T15:38:27.751+0000] {logging_mixin.py:137} INFO - [2025-10-06T15:38:27.751+0000] {dagbag.py:538} INFO - Filling up the DagBag from /home/airflow/.local/lib/python3.7/site-packages/airflow/example_dags/example_dag_decorator.py
[2025-10-06T15:38:27.758+0000] {logging_mixin.py:137} INFO - [2025-10-06T15:38:27.758+0000] {taskmixin.py:205} WARNING - Dependency <Task(_PythonDecoratedOperator): prepare_email>, send_email already registered for DAG: example_dag_decorator
[2025-10-06T15:38:27.758+0000] {logging_mixin.py:137} INFO - [2025-10-06T15:38:27.758+0000] {taskmixin.py:205} WARNING - Dependency <Task(EmailOperator): send_email>, prepare_email already registered for DAG: example_dag_decorator
[2025-10-06T15:38:27.763+0000] {processor.py:753} INFO - DAG(s) dict_keys(['example_dag_decorator']) retrieved from /home/airflow/.local/lib/python3.7/site-packages/airflow/example_dags/example_dag_decorator.py
[2025-10-06T15:38:27.790+0000] {logging_mixin.py:137} INFO - [2025-10-06T15:38:27.789+0000] {dag.py:2690} INFO - Sync 1 DAGs
[2025-10-06T15:38:27.798+0000] {logging_mixin.py:137} INFO - [2025-10-06T15:38:27.798+0000] {dag.py:3441} INFO - Setting next_dagrun for example_dag_decorator to None, run_after=None
[2025-10-06T15:38:27.805+0000] {processor.py:175} INFO - Processing /home/airflow/.local/lib/python3.7/site-packages/airflow/example_dags/example_dag_decorator.py took 0.056 seconds
[2025-10-06T15:38:58.189+0000] {processor.py:153} INFO - Started process (PID=796) to work on /home/airflow/.local/lib/python3.7/site-packages/airflow/example_dags/example_dag_decorator.py
[2025-10-06T15:38:58.190+0000] {processor.py:743} INFO - Processing file /home/airflow/.local/lib/python3.7/site-packages/airflow/example_dags/example_dag_decorator.py for tasks to queue
[2025-10-06T15:38:58.190+0000] {logging_mixin.py:137} INFO - [2025-10-06T15:38:58.190+0000] {dagbag.py:538} INFO - Filling up the DagBag from /home/airflow/.local/lib/python3.7/site-packages/airflow/example_dags/example_dag_decorator.py
[2025-10-06T15:38:58.199+0000] {logging_mixin.py:137} INFO - [2025-10-06T15:38:58.199+0000] {taskmixin.py:205} WARNING - Dependency <Task(_PythonDecoratedOperator): prepare_email>, send_email already registered for DAG: example_dag_decorator
[2025-10-06T15:38:58.200+0000] {logging_mixin.py:137} INFO - [2025-10-06T15:38:58.200+0000] {taskmixin.py:205} WARNING - Dependency <Task(EmailOperator): send_email>, prepare_email already registered for DAG: example_dag_decorator
[2025-10-06T15:38:58.206+0000] {processor.py:753} INFO - DAG(s) dict_keys(['example_dag_decorator']) retrieved from /home/airflow/.local/lib/python3.7/site-packages/airflow/example_dags/example_dag_decorator.py
[2025-10-06T15:38:58.238+0000] {logging_mixin.py:137} INFO - [2025-10-06T15:38:58.238+0000] {dag.py:2690} INFO - Sync 1 DAGs
[2025-10-06T15:38:58.249+0000] {logging_mixin.py:137} INFO - [2025-10-06T15:38:58.249+0000] {dag.py:3441} INFO - Setting next_dagrun for example_dag_decorator to None, run_after=None
[2025-10-06T15:38:58.260+0000] {processor.py:175} INFO - Processing /home/airflow/.local/lib/python3.7/site-packages/airflow/example_dags/example_dag_decorator.py took 0.072 seconds
[2025-10-06T15:39:28.577+0000] {processor.py:153} INFO - Started process (PID=895) to work on /home/airflow/.local/lib/python3.7/site-packages/airflow/example_dags/example_dag_decorator.py
[2025-10-06T15:39:28.578+0000] {processor.py:743} INFO - Processing file /home/airflow/.local/lib/python3.7/site-packages/airflow/example_dags/example_dag_decorator.py for tasks to queue
[2025-10-06T15:39:28.578+0000] {logging_mixin.py:137} INFO - [2025-10-06T15:39:28.578+0000] {dagbag.py:538} INFO - Filling up the DagBag from /home/airflow/.local/lib/python3.7/site-packages/airflow/example_dags/example_dag_decorator.py
[2025-10-06T15:39:28.585+0000] {logging_mixin.py:137} INFO - [2025-10-06T15:39:28.585+0000] {taskmixin.py:205} WARNING - Dependency <Task(_PythonDecoratedOperator): prepare_email>, send_email already registered for DAG: example_dag_decorator
[2025-10-06T15:39:28.585+0000] {logging_mixin.py:137} INFO - [2025-10-06T15:39:28.585+0000] {taskmixin.py:205} WARNING - Dependency <Task(EmailOperator): send_email>, prepare_email already registered for DAG: example_dag_decorator
[2025-10-06T15:39:28.590+0000] {processor.py:753} INFO - DAG(s) dict_keys(['example_dag_decorator']) retrieved from /home/airflow/.local/lib/python3.7/site-packages/airflow/example_dags/example_dag_decorator.py
[2025-10-06T15:39:28.618+0000] {logging_mixin.py:137} INFO - [2025-10-06T15:39:28.617+0000] {dag.py:2690} INFO - Sync 1 DAGs
[2025-10-06T15:39:28.628+0000] {logging_mixin.py:137} INFO - [2025-10-06T15:39:28.628+0000] {dag.py:3441} INFO - Setting next_dagrun for example_dag_decorator to None, run_after=None
[2025-10-06T15:39:28.637+0000] {processor.py:175} INFO - Processing /home/airflow/.local/lib/python3.7/site-packages/airflow/example_dags/example_dag_decorator.py took 0.061 seconds
[2025-10-06T15:39:59.007+0000] {processor.py:153} INFO - Started process (PID=994) to work on /home/airflow/.local/lib/python3.7/site-packages/airflow/example_dags/example_dag_decorator.py
[2025-10-06T15:39:59.007+0000] {processor.py:743} INFO - Processing file /home/airflow/.local/lib/python3.7/site-packages/airflow/example_dags/example_dag_decorator.py for tasks to queue
[2025-10-06T15:39:59.008+0000] {logging_mixin.py:137} INFO - [2025-10-06T15:39:59.008+0000] {dagbag.py:538} INFO - Filling up the DagBag from /home/airflow/.local/lib/python3.7/site-packages/airflow/example_dags/example_dag_decorator.py
[2025-10-06T15:39:59.017+0000] {logging_mixin.py:137} INFO - [2025-10-06T15:39:59.016+0000] {taskmixin.py:205} WARNING - Dependency <Task(_PythonDecoratedOperator): prepare_email>, send_email already registered for DAG: example_dag_decorator
[2025-10-06T15:39:59.017+0000] {logging_mixin.py:137} INFO - [2025-10-06T15:39:59.017+0000] {taskmixin.py:205} WARNING - Dependency <Task(EmailOperator): send_email>, prepare_email already registered for DAG: example_dag_decorator
[2025-10-06T15:39:59.023+0000] {processor.py:753} INFO - DAG(s) dict_keys(['example_dag_decorator']) retrieved from /home/airflow/.local/lib/python3.7/site-packages/airflow/example_dags/example_dag_decorator.py
[2025-10-06T15:39:59.054+0000] {logging_mixin.py:137} INFO - [2025-10-06T15:39:59.054+0000] {dag.py:2690} INFO - Sync 1 DAGs
[2025-10-06T15:39:59.066+0000] {logging_mixin.py:137} INFO - [2025-10-06T15:39:59.066+0000] {dag.py:3441} INFO - Setting next_dagrun for example_dag_decorator to None, run_after=None
[2025-10-06T15:39:59.074+0000] {processor.py:175} INFO - Processing /home/airflow/.local/lib/python3.7/site-packages/airflow/example_dags/example_dag_decorator.py took 0.069 seconds
[2025-10-06T15:40:29.196+0000] {processor.py:153} INFO - Started process (PID=1073) to work on /home/airflow/.local/lib/python3.7/site-packages/airflow/example_dags/example_dag_decorator.py
[2025-10-06T15:40:29.198+0000] {processor.py:743} INFO - Processing file /home/airflow/.local/lib/python3.7/site-packages/airflow/example_dags/example_dag_decorator.py for tasks to queue
[2025-10-06T15:40:29.198+0000] {logging_mixin.py:137} INFO - [2025-10-06T15:40:29.198+0000] {dagbag.py:538} INFO - Filling up the DagBag from /home/airflow/.local/lib/python3.7/site-packages/airflow/example_dags/example_dag_decorator.py
[2025-10-06T15:40:29.207+0000] {logging_mixin.py:137} INFO - [2025-10-06T15:40:29.207+0000] {taskmixin.py:205} WARNING - Dependency <Task(_PythonDecoratedOperator): prepare_email>, send_email already registered for DAG: example_dag_decorator
[2025-10-06T15:40:29.207+0000] {logging_mixin.py:137} INFO - [2025-10-06T15:40:29.207+0000] {taskmixin.py:205} WARNING - Dependency <Task(EmailOperator): send_email>, prepare_email already registered for DAG: example_dag_decorator
[2025-10-06T15:40:29.212+0000] {processor.py:753} INFO - DAG(s) dict_keys(['example_dag_decorator']) retrieved from /home/airflow/.local/lib/python3.7/site-packages/airflow/example_dags/example_dag_decorator.py
[2025-10-06T15:40:29.238+0000] {logging_mixin.py:137} INFO - [2025-10-06T15:40:29.238+0000] {dag.py:2690} INFO - Sync 1 DAGs
[2025-10-06T15:40:29.247+0000] {logging_mixin.py:137} INFO - [2025-10-06T15:40:29.247+0000] {dag.py:3441} INFO - Setting next_dagrun for example_dag_decorator to None, run_after=None
[2025-10-06T15:40:29.255+0000] {processor.py:175} INFO - Processing /home/airflow/.local/lib/python3.7/site-packages/airflow/example_dags/example_dag_decorator.py took 0.060 seconds
[2025-10-06T15:40:59.419+0000] {processor.py:153} INFO - Started process (PID=1172) to work on /home/airflow/.local/lib/python3.7/site-packages/airflow/example_dags/example_dag_decorator.py
[2025-10-06T15:40:59.419+0000] {processor.py:743} INFO - Processing file /home/airflow/.local/lib/python3.7/site-packages/airflow/example_dags/example_dag_decorator.py for tasks to queue
[2025-10-06T15:40:59.419+0000] {logging_mixin.py:137} INFO - [2025-10-06T15:40:59.419+0000] {dagbag.py:538} INFO - Filling up the DagBag from /home/airflow/.local/lib/python3.7/site-packages/airflow/example_dags/example_dag_decorator.py
[2025-10-06T15:40:59.428+0000] {logging_mixin.py:137} INFO - [2025-10-06T15:40:59.428+0000] {taskmixin.py:205} WARNING - Dependency <Task(_PythonDecoratedOperator): prepare_email>, send_email already registered for DAG: example_dag_decorator
[2025-10-06T15:40:59.429+0000] {logging_mixin.py:137} INFO - [2025-10-06T15:40:59.429+0000] {taskmixin.py:205} WARNING - Dependency <Task(EmailOperator): send_email>, prepare_email already registered for DAG: example_dag_decorator
[2025-10-06T15:40:59.434+0000] {processor.py:753} INFO - DAG(s) dict_keys(['example_dag_decorator']) retrieved from /home/airflow/.local/lib/python3.7/site-packages/airflow/example_dags/example_dag_decorator.py
[2025-10-06T15:40:59.462+0000] {logging_mixin.py:137} INFO - [2025-10-06T15:40:59.462+0000] {dag.py:2690} INFO - Sync 1 DAGs
[2025-10-06T15:40:59.471+0000] {logging_mixin.py:137} INFO - [2025-10-06T15:40:59.471+0000] {dag.py:3441} INFO - Setting next_dagrun for example_dag_decorator to None, run_after=None
[2025-10-06T15:40:59.480+0000] {processor.py:175} INFO - Processing /home/airflow/.local/lib/python3.7/site-packages/airflow/example_dags/example_dag_decorator.py took 0.063 seconds
[2025-10-06T15:41:29.736+0000] {processor.py:153} INFO - Started process (PID=1271) to work on /home/airflow/.local/lib/python3.7/site-packages/airflow/example_dags/example_dag_decorator.py
[2025-10-06T15:41:29.737+0000] {processor.py:743} INFO - Processing file /home/airflow/.local/lib/python3.7/site-packages/airflow/example_dags/example_dag_decorator.py for tasks to queue
[2025-10-06T15:41:29.738+0000] {logging_mixin.py:137} INFO - [2025-10-06T15:41:29.738+0000] {dagbag.py:538} INFO - Filling up the DagBag from /home/airflow/.local/lib/python3.7/site-packages/airflow/example_dags/example_dag_decorator.py
[2025-10-06T15:41:29.746+0000] {logging_mixin.py:137} INFO - [2025-10-06T15:41:29.746+0000] {taskmixin.py:205} WARNING - Dependency <Task(_PythonDecoratedOperator): prepare_email>, send_email already registered for DAG: example_dag_decorator
[2025-10-06T15:41:29.746+0000] {logging_mixin.py:137} INFO - [2025-10-06T15:41:29.746+0000] {taskmixin.py:205} WARNING - Dependency <Task(EmailOperator): send_email>, prepare_email already registered for DAG: example_dag_decorator
[2025-10-06T15:41:29.750+0000] {processor.py:753} INFO - DAG(s) dict_keys(['example_dag_decorator']) retrieved from /home/airflow/.local/lib/python3.7/site-packages/airflow/example_dags/example_dag_decorator.py
[2025-10-06T15:41:29.776+0000] {logging_mixin.py:137} INFO - [2025-10-06T15:41:29.776+0000] {dag.py:2690} INFO - Sync 1 DAGs
[2025-10-06T15:41:29.786+0000] {logging_mixin.py:137} INFO - [2025-10-06T15:41:29.786+0000] {dag.py:3441} INFO - Setting next_dagrun for example_dag_decorator to None, run_after=None
[2025-10-06T15:41:29.795+0000] {processor.py:175} INFO - Processing /home/airflow/.local/lib/python3.7/site-packages/airflow/example_dags/example_dag_decorator.py took 0.060 seconds
[2025-10-06T15:42:00.012+0000] {processor.py:153} INFO - Started process (PID=1370) to work on /home/airflow/.local/lib/python3.7/site-packages/airflow/example_dags/example_dag_decorator.py
[2025-10-06T15:42:00.013+0000] {processor.py:743} INFO - Processing file /home/airflow/.local/lib/python3.7/site-packages/airflow/example_dags/example_dag_decorator.py for tasks to queue
[2025-10-06T15:42:00.013+0000] {logging_mixin.py:137} INFO - [2025-10-06T15:42:00.013+0000] {dagbag.py:538} INFO - Filling up the DagBag from /home/airflow/.local/lib/python3.7/site-packages/airflow/example_dags/example_dag_decorator.py
[2025-10-06T15:42:00.021+0000] {logging_mixin.py:137} INFO - [2025-10-06T15:42:00.021+0000] {taskmixin.py:205} WARNING - Dependency <Task(_PythonDecoratedOperator): prepare_email>, send_email already registered for DAG: example_dag_decorator
[2025-10-06T15:42:00.021+0000] {logging_mixin.py:137} INFO - [2025-10-06T15:42:00.021+0000] {taskmixin.py:205} WARNING - Dependency <Task(EmailOperator): send_email>, prepare_email already registered for DAG: example_dag_decorator
[2025-10-06T15:42:00.029+0000] {processor.py:753} INFO - DAG(s) dict_keys(['example_dag_decorator']) retrieved from /home/airflow/.local/lib/python3.7/site-packages/airflow/example_dags/example_dag_decorator.py
[2025-10-06T15:42:00.061+0000] {logging_mixin.py:137} INFO - [2025-10-06T15:42:00.061+0000] {dag.py:2690} INFO - Sync 1 DAGs
[2025-10-06T15:42:00.070+0000] {logging_mixin.py:137} INFO - [2025-10-06T15:42:00.070+0000] {dag.py:3441} INFO - Setting next_dagrun for example_dag_decorator to None, run_after=None
[2025-10-06T15:42:00.079+0000] {processor.py:175} INFO - Processing /home/airflow/.local/lib/python3.7/site-packages/airflow/example_dags/example_dag_decorator.py took 0.068 seconds
[2025-10-06T15:42:30.381+0000] {processor.py:153} INFO - Started process (PID=1449) to work on /home/airflow/.local/lib/python3.7/site-packages/airflow/example_dags/example_dag_decorator.py
[2025-10-06T15:42:30.384+0000] {processor.py:743} INFO - Processing file /home/airflow/.local/lib/python3.7/site-packages/airflow/example_dags/example_dag_decorator.py for tasks to queue
[2025-10-06T15:42:30.384+0000] {logging_mixin.py:137} INFO - [2025-10-06T15:42:30.384+0000] {dagbag.py:538} INFO - Filling up the DagBag from /home/airflow/.local/lib/python3.7/site-packages/airflow/example_dags/example_dag_decorator.py
[2025-10-06T15:42:30.393+0000] {logging_mixin.py:137} INFO - [2025-10-06T15:42:30.393+0000] {taskmixin.py:205} WARNING - Dependency <Task(_PythonDecoratedOperator): prepare_email>, send_email already registered for DAG: example_dag_decorator
[2025-10-06T15:42:30.393+0000] {logging_mixin.py:137} INFO - [2025-10-06T15:42:30.393+0000] {taskmixin.py:205} WARNING - Dependency <Task(EmailOperator): send_email>, prepare_email already registered for DAG: example_dag_decorator
[2025-10-06T15:42:30.399+0000] {processor.py:753} INFO - DAG(s) dict_keys(['example_dag_decorator']) retrieved from /home/airflow/.local/lib/python3.7/site-packages/airflow/example_dags/example_dag_decorator.py
[2025-10-06T15:42:30.429+0000] {logging_mixin.py:137} INFO - [2025-10-06T15:42:30.429+0000] {dag.py:2690} INFO - Sync 1 DAGs
[2025-10-06T15:42:30.439+0000] {logging_mixin.py:137} INFO - [2025-10-06T15:42:30.438+0000] {dag.py:3441} INFO - Setting next_dagrun for example_dag_decorator to None, run_after=None
[2025-10-06T15:42:30.447+0000] {processor.py:175} INFO - Processing /home/airflow/.local/lib/python3.7/site-packages/airflow/example_dags/example_dag_decorator.py took 0.067 seconds
[2025-10-06T15:43:00.631+0000] {processor.py:153} INFO - Started process (PID=1549) to work on /home/airflow/.local/lib/python3.7/site-packages/airflow/example_dags/example_dag_decorator.py
[2025-10-06T15:43:00.632+0000] {processor.py:743} INFO - Processing file /home/airflow/.local/lib/python3.7/site-packages/airflow/example_dags/example_dag_decorator.py for tasks to queue
[2025-10-06T15:43:00.632+0000] {logging_mixin.py:137} INFO - [2025-10-06T15:43:00.632+0000] {dagbag.py:538} INFO - Filling up the DagBag from /home/airflow/.local/lib/python3.7/site-packages/airflow/example_dags/example_dag_decorator.py
[2025-10-06T15:43:00.639+0000] {logging_mixin.py:137} INFO - [2025-10-06T15:43:00.639+0000] {taskmixin.py:205} WARNING - Dependency <Task(_PythonDecoratedOperator): prepare_email>, send_email already registered for DAG: example_dag_decorator
[2025-10-06T15:43:00.639+0000] {logging_mixin.py:137} INFO - [2025-10-06T15:43:00.639+0000] {taskmixin.py:205} WARNING - Dependency <Task(EmailOperator): send_email>, prepare_email already registered for DAG: example_dag_decorator
[2025-10-06T15:43:00.644+0000] {processor.py:753} INFO - DAG(s) dict_keys(['example_dag_decorator']) retrieved from /home/airflow/.local/lib/python3.7/site-packages/airflow/example_dags/example_dag_decorator.py
[2025-10-06T15:43:00.670+0000] {logging_mixin.py:137} INFO - [2025-10-06T15:43:00.670+0000] {dag.py:2690} INFO - Sync 1 DAGs
[2025-10-06T15:43:00.679+0000] {logging_mixin.py:137} INFO - [2025-10-06T15:43:00.679+0000] {dag.py:3441} INFO - Setting next_dagrun for example_dag_decorator to None, run_after=None
[2025-10-06T15:43:00.687+0000] {processor.py:175} INFO - Processing /home/airflow/.local/lib/python3.7/site-packages/airflow/example_dags/example_dag_decorator.py took 0.057 seconds
[2025-10-06T15:43:30.850+0000] {processor.py:153} INFO - Started process (PID=1648) to work on /home/airflow/.local/lib/python3.7/site-packages/airflow/example_dags/example_dag_decorator.py
[2025-10-06T15:43:30.850+0000] {processor.py:743} INFO - Processing file /home/airflow/.local/lib/python3.7/site-packages/airflow/example_dags/example_dag_decorator.py for tasks to queue
[2025-10-06T15:43:30.851+0000] {logging_mixin.py:137} INFO - [2025-10-06T15:43:30.851+0000] {dagbag.py:538} INFO - Filling up the DagBag from /home/airflow/.local/lib/python3.7/site-packages/airflow/example_dags/example_dag_decorator.py
[2025-10-06T15:43:30.860+0000] {logging_mixin.py:137} INFO - [2025-10-06T15:43:30.860+0000] {taskmixin.py:205} WARNING - Dependency <Task(_PythonDecoratedOperator): prepare_email>, send_email already registered for DAG: example_dag_decorator
[2025-10-06T15:43:30.860+0000] {logging_mixin.py:137} INFO - [2025-10-06T15:43:30.860+0000] {taskmixin.py:205} WARNING - Dependency <Task(EmailOperator): send_email>, prepare_email already registered for DAG: example_dag_decorator
[2025-10-06T15:43:30.866+0000] {processor.py:753} INFO - DAG(s) dict_keys(['example_dag_decorator']) retrieved from /home/airflow/.local/lib/python3.7/site-packages/airflow/example_dags/example_dag_decorator.py
[2025-10-06T15:43:30.893+0000] {logging_mixin.py:137} INFO - [2025-10-06T15:43:30.893+0000] {dag.py:2690} INFO - Sync 1 DAGs
[2025-10-06T15:43:30.903+0000] {logging_mixin.py:137} INFO - [2025-10-06T15:43:30.903+0000] {dag.py:3441} INFO - Setting next_dagrun for example_dag_decorator to None, run_after=None
[2025-10-06T15:43:30.913+0000] {processor.py:175} INFO - Processing /home/airflow/.local/lib/python3.7/site-packages/airflow/example_dags/example_dag_decorator.py took 0.065 seconds
[2025-10-06T15:44:01.197+0000] {processor.py:153} INFO - Started process (PID=1736) to work on /home/airflow/.local/lib/python3.7/site-packages/airflow/example_dags/example_dag_decorator.py
[2025-10-06T15:44:01.197+0000] {processor.py:743} INFO - Processing file /home/airflow/.local/lib/python3.7/site-packages/airflow/example_dags/example_dag_decorator.py for tasks to queue
[2025-10-06T15:44:01.197+0000] {logging_mixin.py:137} INFO - [2025-10-06T15:44:01.197+0000] {dagbag.py:538} INFO - Filling up the DagBag from /home/airflow/.local/lib/python3.7/site-packages/airflow/example_dags/example_dag_decorator.py
[2025-10-06T15:44:01.205+0000] {logging_mixin.py:137} INFO - [2025-10-06T15:44:01.205+0000] {taskmixin.py:205} WARNING - Dependency <Task(_PythonDecoratedOperator): prepare_email>, send_email already registered for DAG: example_dag_decorator
[2025-10-06T15:44:01.205+0000] {logging_mixin.py:137} INFO - [2025-10-06T15:44:01.205+0000] {taskmixin.py:205} WARNING - Dependency <Task(EmailOperator): send_email>, prepare_email already registered for DAG: example_dag_decorator
[2025-10-06T15:44:01.211+0000] {processor.py:753} INFO - DAG(s) dict_keys(['example_dag_decorator']) retrieved from /home/airflow/.local/lib/python3.7/site-packages/airflow/example_dags/example_dag_decorator.py
[2025-10-06T15:44:01.241+0000] {logging_mixin.py:137} INFO - [2025-10-06T15:44:01.241+0000] {dag.py:2690} INFO - Sync 1 DAGs
[2025-10-06T15:44:01.252+0000] {logging_mixin.py:137} INFO - [2025-10-06T15:44:01.252+0000] {dag.py:3441} INFO - Setting next_dagrun for example_dag_decorator to None, run_after=None
[2025-10-06T15:44:01.276+0000] {processor.py:175} INFO - Processing /home/airflow/.local/lib/python3.7/site-packages/airflow/example_dags/example_dag_decorator.py took 0.081 seconds
[2025-10-06T15:44:31.690+0000] {processor.py:153} INFO - Started process (PID=1826) to work on /home/airflow/.local/lib/python3.7/site-packages/airflow/example_dags/example_dag_decorator.py
[2025-10-06T15:44:31.690+0000] {processor.py:743} INFO - Processing file /home/airflow/.local/lib/python3.7/site-packages/airflow/example_dags/example_dag_decorator.py for tasks to queue
[2025-10-06T15:44:31.690+0000] {logging_mixin.py:137} INFO - [2025-10-06T15:44:31.690+0000] {dagbag.py:538} INFO - Filling up the DagBag from /home/airflow/.local/lib/python3.7/site-packages/airflow/example_dags/example_dag_decorator.py
[2025-10-06T15:44:31.698+0000] {logging_mixin.py:137} INFO - [2025-10-06T15:44:31.698+0000] {taskmixin.py:205} WARNING - Dependency <Task(_PythonDecoratedOperator): prepare_email>, send_email already registered for DAG: example_dag_decorator
[2025-10-06T15:44:31.698+0000] {logging_mixin.py:137} INFO - [2025-10-06T15:44:31.698+0000] {taskmixin.py:205} WARNING - Dependency <Task(EmailOperator): send_email>, prepare_email already registered for DAG: example_dag_decorator
[2025-10-06T15:44:31.703+0000] {processor.py:753} INFO - DAG(s) dict_keys(['example_dag_decorator']) retrieved from /home/airflow/.local/lib/python3.7/site-packages/airflow/example_dags/example_dag_decorator.py
[2025-10-06T15:44:31.729+0000] {logging_mixin.py:137} INFO - [2025-10-06T15:44:31.729+0000] {dag.py:2690} INFO - Sync 1 DAGs
[2025-10-06T15:44:31.741+0000] {logging_mixin.py:137} INFO - [2025-10-06T15:44:31.741+0000] {dag.py:3441} INFO - Setting next_dagrun for example_dag_decorator to None, run_after=None
[2025-10-06T15:44:31.750+0000] {processor.py:175} INFO - Processing /home/airflow/.local/lib/python3.7/site-packages/airflow/example_dags/example_dag_decorator.py took 0.062 seconds
[2025-10-06T15:45:02.046+0000] {processor.py:153} INFO - Started process (PID=1925) to work on /home/airflow/.local/lib/python3.7/site-packages/airflow/example_dags/example_dag_decorator.py
[2025-10-06T15:45:02.046+0000] {processor.py:743} INFO - Processing file /home/airflow/.local/lib/python3.7/site-packages/airflow/example_dags/example_dag_decorator.py for tasks to queue
[2025-10-06T15:45:02.047+0000] {logging_mixin.py:137} INFO - [2025-10-06T15:45:02.047+0000] {dagbag.py:538} INFO - Filling up the DagBag from /home/airflow/.local/lib/python3.7/site-packages/airflow/example_dags/example_dag_decorator.py
[2025-10-06T15:45:02.055+0000] {logging_mixin.py:137} INFO - [2025-10-06T15:45:02.055+0000] {taskmixin.py:205} WARNING - Dependency <Task(_PythonDecoratedOperator): prepare_email>, send_email already registered for DAG: example_dag_decorator
[2025-10-06T15:45:02.056+0000] {logging_mixin.py:137} INFO - [2025-10-06T15:45:02.056+0000] {taskmixin.py:205} WARNING - Dependency <Task(EmailOperator): send_email>, prepare_email already registered for DAG: example_dag_decorator
[2025-10-06T15:45:02.061+0000] {processor.py:753} INFO - DAG(s) dict_keys(['example_dag_decorator']) retrieved from /home/airflow/.local/lib/python3.7/site-packages/airflow/example_dags/example_dag_decorator.py
[2025-10-06T15:45:02.090+0000] {logging_mixin.py:137} INFO - [2025-10-06T15:45:02.090+0000] {dag.py:2690} INFO - Sync 1 DAGs
[2025-10-06T15:45:02.100+0000] {logging_mixin.py:137} INFO - [2025-10-06T15:45:02.100+0000] {dag.py:3441} INFO - Setting next_dagrun for example_dag_decorator to None, run_after=None
[2025-10-06T15:45:02.110+0000] {processor.py:175} INFO - Processing /home/airflow/.local/lib/python3.7/site-packages/airflow/example_dags/example_dag_decorator.py took 0.065 seconds
[2025-10-06T15:45:32.369+0000] {processor.py:153} INFO - Started process (PID=2024) to work on /home/airflow/.local/lib/python3.7/site-packages/airflow/example_dags/example_dag_decorator.py
[2025-10-06T15:45:32.370+0000] {processor.py:743} INFO - Processing file /home/airflow/.local/lib/python3.7/site-packages/airflow/example_dags/example_dag_decorator.py for tasks to queue
[2025-10-06T15:45:32.371+0000] {logging_mixin.py:137} INFO - [2025-10-06T15:45:32.371+0000] {dagbag.py:538} INFO - Filling up the DagBag from /home/airflow/.local/lib/python3.7/site-packages/airflow/example_dags/example_dag_decorator.py
[2025-10-06T15:45:32.378+0000] {logging_mixin.py:137} INFO - [2025-10-06T15:45:32.378+0000] {taskmixin.py:205} WARNING - Dependency <Task(_PythonDecoratedOperator): prepare_email>, send_email already registered for DAG: example_dag_decorator
[2025-10-06T15:45:32.378+0000] {logging_mixin.py:137} INFO - [2025-10-06T15:45:32.378+0000] {taskmixin.py:205} WARNING - Dependency <Task(EmailOperator): send_email>, prepare_email already registered for DAG: example_dag_decorator
[2025-10-06T15:45:32.383+0000] {processor.py:753} INFO - DAG(s) dict_keys(['example_dag_decorator']) retrieved from /home/airflow/.local/lib/python3.7/site-packages/airflow/example_dags/example_dag_decorator.py
[2025-10-06T15:45:32.409+0000] {logging_mixin.py:137} INFO - [2025-10-06T15:45:32.409+0000] {dag.py:2690} INFO - Sync 1 DAGs
[2025-10-06T15:45:32.419+0000] {logging_mixin.py:137} INFO - [2025-10-06T15:45:32.419+0000] {dag.py:3441} INFO - Setting next_dagrun for example_dag_decorator to None, run_after=None
[2025-10-06T15:45:32.428+0000] {processor.py:175} INFO - Processing /home/airflow/.local/lib/python3.7/site-packages/airflow/example_dags/example_dag_decorator.py took 0.060 seconds
[2025-10-06T15:46:02.610+0000] {processor.py:153} INFO - Started process (PID=2110) to work on /home/airflow/.local/lib/python3.7/site-packages/airflow/example_dags/example_dag_decorator.py
[2025-10-06T15:46:02.611+0000] {processor.py:743} INFO - Processing file /home/airflow/.local/lib/python3.7/site-packages/airflow/example_dags/example_dag_decorator.py for tasks to queue
[2025-10-06T15:46:02.611+0000] {logging_mixin.py:137} INFO - [2025-10-06T15:46:02.611+0000] {dagbag.py:538} INFO - Filling up the DagBag from /home/airflow/.local/lib/python3.7/site-packages/airflow/example_dags/example_dag_decorator.py
[2025-10-06T15:46:02.621+0000] {logging_mixin.py:137} INFO - [2025-10-06T15:46:02.621+0000] {taskmixin.py:205} WARNING - Dependency <Task(_PythonDecoratedOperator): prepare_email>, send_email already registered for DAG: example_dag_decorator
[2025-10-06T15:46:02.621+0000] {logging_mixin.py:137} INFO - [2025-10-06T15:46:02.621+0000] {taskmixin.py:205} WARNING - Dependency <Task(EmailOperator): send_email>, prepare_email already registered for DAG: example_dag_decorator
[2025-10-06T15:46:02.627+0000] {processor.py:753} INFO - DAG(s) dict_keys(['example_dag_decorator']) retrieved from /home/airflow/.local/lib/python3.7/site-packages/airflow/example_dags/example_dag_decorator.py
[2025-10-06T15:46:02.657+0000] {logging_mixin.py:137} INFO - [2025-10-06T15:46:02.657+0000] {dag.py:2690} INFO - Sync 1 DAGs
[2025-10-06T15:46:02.667+0000] {logging_mixin.py:137} INFO - [2025-10-06T15:46:02.667+0000] {dag.py:3441} INFO - Setting next_dagrun for example_dag_decorator to None, run_after=None
[2025-10-06T15:46:02.677+0000] {processor.py:175} INFO - Processing /home/airflow/.local/lib/python3.7/site-packages/airflow/example_dags/example_dag_decorator.py took 0.070 seconds
[2025-10-06T15:46:33.354+0000] {processor.py:153} INFO - Started process (PID=2202) to work on /home/airflow/.local/lib/python3.7/site-packages/airflow/example_dags/example_dag_decorator.py
[2025-10-06T15:46:33.358+0000] {processor.py:743} INFO - Processing file /home/airflow/.local/lib/python3.7/site-packages/airflow/example_dags/example_dag_decorator.py for tasks to queue
[2025-10-06T15:46:33.359+0000] {logging_mixin.py:137} INFO - [2025-10-06T15:46:33.359+0000] {dagbag.py:538} INFO - Filling up the DagBag from /home/airflow/.local/lib/python3.7/site-packages/airflow/example_dags/example_dag_decorator.py
[2025-10-06T15:46:33.375+0000] {logging_mixin.py:137} INFO - [2025-10-06T15:46:33.375+0000] {taskmixin.py:205} WARNING - Dependency <Task(_PythonDecoratedOperator): prepare_email>, send_email already registered for DAG: example_dag_decorator
[2025-10-06T15:46:33.378+0000] {logging_mixin.py:137} INFO - [2025-10-06T15:46:33.378+0000] {taskmixin.py:205} WARNING - Dependency <Task(EmailOperator): send_email>, prepare_email already registered for DAG: example_dag_decorator
[2025-10-06T15:46:33.386+0000] {processor.py:753} INFO - DAG(s) dict_keys(['example_dag_decorator']) retrieved from /home/airflow/.local/lib/python3.7/site-packages/airflow/example_dags/example_dag_decorator.py
[2025-10-06T15:46:33.420+0000] {logging_mixin.py:137} INFO - [2025-10-06T15:46:33.420+0000] {dag.py:2690} INFO - Sync 1 DAGs
[2025-10-06T15:46:33.433+0000] {logging_mixin.py:137} INFO - [2025-10-06T15:46:33.433+0000] {dag.py:3441} INFO - Setting next_dagrun for example_dag_decorator to None, run_after=None
[2025-10-06T15:46:33.442+0000] {processor.py:175} INFO - Processing /home/airflow/.local/lib/python3.7/site-packages/airflow/example_dags/example_dag_decorator.py took 0.092 seconds
