[2025-10-06T15:34:54.896+0000] {processor.py:153} INFO - Started process (PID=53) to work on /home/airflow/.local/lib/python3.7/site-packages/airflow/example_dags/example_branch_python_dop_operator_3.py
[2025-10-06T15:34:54.897+0000] {processor.py:743} INFO - Processing file /home/airflow/.local/lib/python3.7/site-packages/airflow/example_dags/example_branch_python_dop_operator_3.py for tasks to queue
[2025-10-06T15:34:54.897+0000] {logging_mixin.py:137} INFO - [2025-10-06T15:34:54.897+0000] {dagbag.py:538} INFO - Filling up the DagBag from /home/airflow/.local/lib/python3.7/site-packages/airflow/example_dags/example_branch_python_dop_operator_3.py
[2025-10-06T15:34:54.917+0000] {processor.py:753} INFO - DAG(s) dict_keys(['example_branch_dop_operator_v3']) retrieved from /home/airflow/.local/lib/python3.7/site-packages/airflow/example_dags/example_branch_python_dop_operator_3.py
[2025-10-06T15:34:54.927+0000] {logging_mixin.py:137} INFO - [2025-10-06T15:34:54.927+0000] {dag.py:2690} INFO - Sync 1 DAGs
[2025-10-06T15:34:54.943+0000] {logging_mixin.py:137} INFO - [2025-10-06T15:34:54.943+0000] {dag.py:3441} INFO - Setting next_dagrun for example_branch_dop_operator_v3 to 2025-10-06T15:33:00+00:00, run_after=2025-10-06T15:34:00+00:00
[2025-10-06T15:34:54.952+0000] {processor.py:175} INFO - Processing /home/airflow/.local/lib/python3.7/site-packages/airflow/example_dags/example_branch_python_dop_operator_3.py took 0.059 seconds
[2025-10-06T15:35:25.455+0000] {processor.py:153} INFO - Started process (PID=152) to work on /home/airflow/.local/lib/python3.7/site-packages/airflow/example_dags/example_branch_python_dop_operator_3.py
[2025-10-06T15:35:25.455+0000] {processor.py:743} INFO - Processing file /home/airflow/.local/lib/python3.7/site-packages/airflow/example_dags/example_branch_python_dop_operator_3.py for tasks to queue
[2025-10-06T15:35:25.456+0000] {logging_mixin.py:137} INFO - [2025-10-06T15:35:25.456+0000] {dagbag.py:538} INFO - Filling up the DagBag from /home/airflow/.local/lib/python3.7/site-packages/airflow/example_dags/example_branch_python_dop_operator_3.py
[2025-10-06T15:35:25.465+0000] {processor.py:753} INFO - DAG(s) dict_keys(['example_branch_dop_operator_v3']) retrieved from /home/airflow/.local/lib/python3.7/site-packages/airflow/example_dags/example_branch_python_dop_operator_3.py
[2025-10-06T15:35:25.476+0000] {logging_mixin.py:137} INFO - [2025-10-06T15:35:25.476+0000] {dag.py:2690} INFO - Sync 1 DAGs
[2025-10-06T15:35:25.490+0000] {logging_mixin.py:137} INFO - [2025-10-06T15:35:25.490+0000] {dag.py:3441} INFO - Setting next_dagrun for example_branch_dop_operator_v3 to 2025-10-06T15:34:00+00:00, run_after=2025-10-06T15:35:00+00:00
[2025-10-06T15:35:25.498+0000] {processor.py:175} INFO - Processing /home/airflow/.local/lib/python3.7/site-packages/airflow/example_dags/example_branch_python_dop_operator_3.py took 0.045 seconds
[2025-10-06T15:35:55.859+0000] {processor.py:153} INFO - Started process (PID=250) to work on /home/airflow/.local/lib/python3.7/site-packages/airflow/example_dags/example_branch_python_dop_operator_3.py
[2025-10-06T15:35:55.861+0000] {processor.py:743} INFO - Processing file /home/airflow/.local/lib/python3.7/site-packages/airflow/example_dags/example_branch_python_dop_operator_3.py for tasks to queue
[2025-10-06T15:35:55.861+0000] {logging_mixin.py:137} INFO - [2025-10-06T15:35:55.861+0000] {dagbag.py:538} INFO - Filling up the DagBag from /home/airflow/.local/lib/python3.7/site-packages/airflow/example_dags/example_branch_python_dop_operator_3.py
[2025-10-06T15:35:55.872+0000] {processor.py:753} INFO - DAG(s) dict_keys(['example_branch_dop_operator_v3']) retrieved from /home/airflow/.local/lib/python3.7/site-packages/airflow/example_dags/example_branch_python_dop_operator_3.py
[2025-10-06T15:35:55.883+0000] {logging_mixin.py:137} INFO - [2025-10-06T15:35:55.883+0000] {dag.py:2690} INFO - Sync 1 DAGs
[2025-10-06T15:35:55.896+0000] {logging_mixin.py:137} INFO - [2025-10-06T15:35:55.896+0000] {dag.py:3441} INFO - Setting next_dagrun for example_branch_dop_operator_v3 to 2025-10-06T15:34:00+00:00, run_after=2025-10-06T15:35:00+00:00
[2025-10-06T15:35:55.908+0000] {processor.py:175} INFO - Processing /home/airflow/.local/lib/python3.7/site-packages/airflow/example_dags/example_branch_python_dop_operator_3.py took 0.050 seconds
[2025-10-06T15:36:26.346+0000] {processor.py:153} INFO - Started process (PID=330) to work on /home/airflow/.local/lib/python3.7/site-packages/airflow/example_dags/example_branch_python_dop_operator_3.py
[2025-10-06T15:36:26.349+0000] {processor.py:743} INFO - Processing file /home/airflow/.local/lib/python3.7/site-packages/airflow/example_dags/example_branch_python_dop_operator_3.py for tasks to queue
[2025-10-06T15:36:26.350+0000] {logging_mixin.py:137} INFO - [2025-10-06T15:36:26.350+0000] {dagbag.py:538} INFO - Filling up the DagBag from /home/airflow/.local/lib/python3.7/site-packages/airflow/example_dags/example_branch_python_dop_operator_3.py
[2025-10-06T15:36:26.360+0000] {processor.py:753} INFO - DAG(s) dict_keys(['example_branch_dop_operator_v3']) retrieved from /home/airflow/.local/lib/python3.7/site-packages/airflow/example_dags/example_branch_python_dop_operator_3.py
[2025-10-06T15:36:26.372+0000] {logging_mixin.py:137} INFO - [2025-10-06T15:36:26.372+0000] {dag.py:2690} INFO - Sync 1 DAGs
[2025-10-06T15:36:26.386+0000] {logging_mixin.py:137} INFO - [2025-10-06T15:36:26.386+0000] {dag.py:3441} INFO - Setting next_dagrun for example_branch_dop_operator_v3 to 2025-10-06T15:35:00+00:00, run_after=2025-10-06T15:36:00+00:00
[2025-10-06T15:36:26.395+0000] {processor.py:175} INFO - Processing /home/airflow/.local/lib/python3.7/site-packages/airflow/example_dags/example_branch_python_dop_operator_3.py took 0.051 seconds
[2025-10-06T15:36:56.842+0000] {processor.py:153} INFO - Started process (PID=429) to work on /home/airflow/.local/lib/python3.7/site-packages/airflow/example_dags/example_branch_python_dop_operator_3.py
[2025-10-06T15:36:56.843+0000] {processor.py:743} INFO - Processing file /home/airflow/.local/lib/python3.7/site-packages/airflow/example_dags/example_branch_python_dop_operator_3.py for tasks to queue
[2025-10-06T15:36:56.843+0000] {logging_mixin.py:137} INFO - [2025-10-06T15:36:56.843+0000] {dagbag.py:538} INFO - Filling up the DagBag from /home/airflow/.local/lib/python3.7/site-packages/airflow/example_dags/example_branch_python_dop_operator_3.py
[2025-10-06T15:36:56.853+0000] {processor.py:753} INFO - DAG(s) dict_keys(['example_branch_dop_operator_v3']) retrieved from /home/airflow/.local/lib/python3.7/site-packages/airflow/example_dags/example_branch_python_dop_operator_3.py
[2025-10-06T15:36:56.864+0000] {logging_mixin.py:137} INFO - [2025-10-06T15:36:56.864+0000] {dag.py:2690} INFO - Sync 1 DAGs
[2025-10-06T15:36:56.876+0000] {logging_mixin.py:137} INFO - [2025-10-06T15:36:56.876+0000] {dag.py:3441} INFO - Setting next_dagrun for example_branch_dop_operator_v3 to 2025-10-06T15:35:00+00:00, run_after=2025-10-06T15:36:00+00:00
[2025-10-06T15:36:56.886+0000] {processor.py:175} INFO - Processing /home/airflow/.local/lib/python3.7/site-packages/airflow/example_dags/example_branch_python_dop_operator_3.py took 0.045 seconds
[2025-10-06T15:37:27.231+0000] {processor.py:153} INFO - Started process (PID=528) to work on /home/airflow/.local/lib/python3.7/site-packages/airflow/example_dags/example_branch_python_dop_operator_3.py
[2025-10-06T15:37:27.233+0000] {processor.py:743} INFO - Processing file /home/airflow/.local/lib/python3.7/site-packages/airflow/example_dags/example_branch_python_dop_operator_3.py for tasks to queue
[2025-10-06T15:37:27.234+0000] {logging_mixin.py:137} INFO - [2025-10-06T15:37:27.234+0000] {dagbag.py:538} INFO - Filling up the DagBag from /home/airflow/.local/lib/python3.7/site-packages/airflow/example_dags/example_branch_python_dop_operator_3.py
[2025-10-06T15:37:27.256+0000] {processor.py:753} INFO - DAG(s) dict_keys(['example_branch_dop_operator_v3']) retrieved from /home/airflow/.local/lib/python3.7/site-packages/airflow/example_dags/example_branch_python_dop_operator_3.py
[2025-10-06T15:37:27.269+0000] {logging_mixin.py:137} INFO - [2025-10-06T15:37:27.269+0000] {dag.py:2690} INFO - Sync 1 DAGs
[2025-10-06T15:37:27.285+0000] {logging_mixin.py:137} INFO - [2025-10-06T15:37:27.285+0000] {dag.py:3441} INFO - Setting next_dagrun for example_branch_dop_operator_v3 to 2025-10-06T15:36:00+00:00, run_after=2025-10-06T15:37:00+00:00
[2025-10-06T15:37:27.296+0000] {processor.py:175} INFO - Processing /home/airflow/.local/lib/python3.7/site-packages/airflow/example_dags/example_branch_python_dop_operator_3.py took 0.066 seconds
[2025-10-06T15:37:57.596+0000] {processor.py:153} INFO - Started process (PID=627) to work on /home/airflow/.local/lib/python3.7/site-packages/airflow/example_dags/example_branch_python_dop_operator_3.py
[2025-10-06T15:37:57.598+0000] {processor.py:743} INFO - Processing file /home/airflow/.local/lib/python3.7/site-packages/airflow/example_dags/example_branch_python_dop_operator_3.py for tasks to queue
[2025-10-06T15:37:57.599+0000] {logging_mixin.py:137} INFO - [2025-10-06T15:37:57.599+0000] {dagbag.py:538} INFO - Filling up the DagBag from /home/airflow/.local/lib/python3.7/site-packages/airflow/example_dags/example_branch_python_dop_operator_3.py
[2025-10-06T15:37:57.609+0000] {processor.py:753} INFO - DAG(s) dict_keys(['example_branch_dop_operator_v3']) retrieved from /home/airflow/.local/lib/python3.7/site-packages/airflow/example_dags/example_branch_python_dop_operator_3.py
[2025-10-06T15:37:57.622+0000] {logging_mixin.py:137} INFO - [2025-10-06T15:37:57.622+0000] {dag.py:2690} INFO - Sync 1 DAGs
[2025-10-06T15:37:57.636+0000] {logging_mixin.py:137} INFO - [2025-10-06T15:37:57.635+0000] {dag.py:3441} INFO - Setting next_dagrun for example_branch_dop_operator_v3 to 2025-10-06T15:36:00+00:00, run_after=2025-10-06T15:37:00+00:00
[2025-10-06T15:37:57.646+0000] {processor.py:175} INFO - Processing /home/airflow/.local/lib/python3.7/site-packages/airflow/example_dags/example_branch_python_dop_operator_3.py took 0.051 seconds
[2025-10-06T15:38:28.016+0000] {processor.py:153} INFO - Started process (PID=706) to work on /home/airflow/.local/lib/python3.7/site-packages/airflow/example_dags/example_branch_python_dop_operator_3.py
[2025-10-06T15:38:28.017+0000] {processor.py:743} INFO - Processing file /home/airflow/.local/lib/python3.7/site-packages/airflow/example_dags/example_branch_python_dop_operator_3.py for tasks to queue
[2025-10-06T15:38:28.018+0000] {logging_mixin.py:137} INFO - [2025-10-06T15:38:28.018+0000] {dagbag.py:538} INFO - Filling up the DagBag from /home/airflow/.local/lib/python3.7/site-packages/airflow/example_dags/example_branch_python_dop_operator_3.py
[2025-10-06T15:38:28.028+0000] {processor.py:753} INFO - DAG(s) dict_keys(['example_branch_dop_operator_v3']) retrieved from /home/airflow/.local/lib/python3.7/site-packages/airflow/example_dags/example_branch_python_dop_operator_3.py
[2025-10-06T15:38:28.039+0000] {logging_mixin.py:137} INFO - [2025-10-06T15:38:28.039+0000] {dag.py:2690} INFO - Sync 1 DAGs
[2025-10-06T15:38:28.052+0000] {logging_mixin.py:137} INFO - [2025-10-06T15:38:28.052+0000] {dag.py:3441} INFO - Setting next_dagrun for example_branch_dop_operator_v3 to 2025-10-06T15:37:00+00:00, run_after=2025-10-06T15:38:00+00:00
[2025-10-06T15:38:28.061+0000] {processor.py:175} INFO - Processing /home/airflow/.local/lib/python3.7/site-packages/airflow/example_dags/example_branch_python_dop_operator_3.py took 0.046 seconds
[2025-10-06T15:38:58.441+0000] {processor.py:153} INFO - Started process (PID=805) to work on /home/airflow/.local/lib/python3.7/site-packages/airflow/example_dags/example_branch_python_dop_operator_3.py
[2025-10-06T15:38:58.441+0000] {processor.py:743} INFO - Processing file /home/airflow/.local/lib/python3.7/site-packages/airflow/example_dags/example_branch_python_dop_operator_3.py for tasks to queue
[2025-10-06T15:38:58.442+0000] {logging_mixin.py:137} INFO - [2025-10-06T15:38:58.442+0000] {dagbag.py:538} INFO - Filling up the DagBag from /home/airflow/.local/lib/python3.7/site-packages/airflow/example_dags/example_branch_python_dop_operator_3.py
[2025-10-06T15:38:58.452+0000] {processor.py:753} INFO - DAG(s) dict_keys(['example_branch_dop_operator_v3']) retrieved from /home/airflow/.local/lib/python3.7/site-packages/airflow/example_dags/example_branch_python_dop_operator_3.py
[2025-10-06T15:38:58.462+0000] {logging_mixin.py:137} INFO - [2025-10-06T15:38:58.462+0000] {dag.py:2690} INFO - Sync 1 DAGs
[2025-10-06T15:38:58.474+0000] {logging_mixin.py:137} INFO - [2025-10-06T15:38:58.474+0000] {dag.py:3441} INFO - Setting next_dagrun for example_branch_dop_operator_v3 to 2025-10-06T15:37:00+00:00, run_after=2025-10-06T15:38:00+00:00
[2025-10-06T15:38:58.482+0000] {processor.py:175} INFO - Processing /home/airflow/.local/lib/python3.7/site-packages/airflow/example_dags/example_branch_python_dop_operator_3.py took 0.043 seconds
[2025-10-06T15:39:28.805+0000] {processor.py:153} INFO - Started process (PID=904) to work on /home/airflow/.local/lib/python3.7/site-packages/airflow/example_dags/example_branch_python_dop_operator_3.py
[2025-10-06T15:39:28.806+0000] {processor.py:743} INFO - Processing file /home/airflow/.local/lib/python3.7/site-packages/airflow/example_dags/example_branch_python_dop_operator_3.py for tasks to queue
[2025-10-06T15:39:28.807+0000] {logging_mixin.py:137} INFO - [2025-10-06T15:39:28.807+0000] {dagbag.py:538} INFO - Filling up the DagBag from /home/airflow/.local/lib/python3.7/site-packages/airflow/example_dags/example_branch_python_dop_operator_3.py
[2025-10-06T15:39:28.818+0000] {processor.py:753} INFO - DAG(s) dict_keys(['example_branch_dop_operator_v3']) retrieved from /home/airflow/.local/lib/python3.7/site-packages/airflow/example_dags/example_branch_python_dop_operator_3.py
[2025-10-06T15:39:28.831+0000] {logging_mixin.py:137} INFO - [2025-10-06T15:39:28.831+0000] {dag.py:2690} INFO - Sync 1 DAGs
[2025-10-06T15:39:28.843+0000] {logging_mixin.py:137} INFO - [2025-10-06T15:39:28.843+0000] {dag.py:3441} INFO - Setting next_dagrun for example_branch_dop_operator_v3 to 2025-10-06T15:38:00+00:00, run_after=2025-10-06T15:39:00+00:00
[2025-10-06T15:39:28.850+0000] {processor.py:175} INFO - Processing /home/airflow/.local/lib/python3.7/site-packages/airflow/example_dags/example_branch_python_dop_operator_3.py took 0.047 seconds
[2025-10-06T15:39:59.227+0000] {processor.py:153} INFO - Started process (PID=1003) to work on /home/airflow/.local/lib/python3.7/site-packages/airflow/example_dags/example_branch_python_dop_operator_3.py
[2025-10-06T15:39:59.229+0000] {processor.py:743} INFO - Processing file /home/airflow/.local/lib/python3.7/site-packages/airflow/example_dags/example_branch_python_dop_operator_3.py for tasks to queue
[2025-10-06T15:39:59.229+0000] {logging_mixin.py:137} INFO - [2025-10-06T15:39:59.229+0000] {dagbag.py:538} INFO - Filling up the DagBag from /home/airflow/.local/lib/python3.7/site-packages/airflow/example_dags/example_branch_python_dop_operator_3.py
[2025-10-06T15:39:59.242+0000] {processor.py:753} INFO - DAG(s) dict_keys(['example_branch_dop_operator_v3']) retrieved from /home/airflow/.local/lib/python3.7/site-packages/airflow/example_dags/example_branch_python_dop_operator_3.py
[2025-10-06T15:39:59.254+0000] {logging_mixin.py:137} INFO - [2025-10-06T15:39:59.253+0000] {dag.py:2690} INFO - Sync 1 DAGs
[2025-10-06T15:39:59.265+0000] {logging_mixin.py:137} INFO - [2025-10-06T15:39:59.265+0000] {dag.py:3441} INFO - Setting next_dagrun for example_branch_dop_operator_v3 to 2025-10-06T15:38:00+00:00, run_after=2025-10-06T15:39:00+00:00
[2025-10-06T15:39:59.275+0000] {processor.py:175} INFO - Processing /home/airflow/.local/lib/python3.7/site-packages/airflow/example_dags/example_branch_python_dop_operator_3.py took 0.049 seconds
[2025-10-06T15:40:29.408+0000] {processor.py:153} INFO - Started process (PID=1082) to work on /home/airflow/.local/lib/python3.7/site-packages/airflow/example_dags/example_branch_python_dop_operator_3.py
[2025-10-06T15:40:29.408+0000] {processor.py:743} INFO - Processing file /home/airflow/.local/lib/python3.7/site-packages/airflow/example_dags/example_branch_python_dop_operator_3.py for tasks to queue
[2025-10-06T15:40:29.409+0000] {logging_mixin.py:137} INFO - [2025-10-06T15:40:29.409+0000] {dagbag.py:538} INFO - Filling up the DagBag from /home/airflow/.local/lib/python3.7/site-packages/airflow/example_dags/example_branch_python_dop_operator_3.py
[2025-10-06T15:40:29.421+0000] {processor.py:753} INFO - DAG(s) dict_keys(['example_branch_dop_operator_v3']) retrieved from /home/airflow/.local/lib/python3.7/site-packages/airflow/example_dags/example_branch_python_dop_operator_3.py
[2025-10-06T15:40:29.432+0000] {logging_mixin.py:137} INFO - [2025-10-06T15:40:29.432+0000] {dag.py:2690} INFO - Sync 1 DAGs
[2025-10-06T15:40:29.444+0000] {logging_mixin.py:137} INFO - [2025-10-06T15:40:29.444+0000] {dag.py:3441} INFO - Setting next_dagrun for example_branch_dop_operator_v3 to 2025-10-06T15:39:00+00:00, run_after=2025-10-06T15:40:00+00:00
[2025-10-06T15:40:29.454+0000] {processor.py:175} INFO - Processing /home/airflow/.local/lib/python3.7/site-packages/airflow/example_dags/example_branch_python_dop_operator_3.py took 0.048 seconds
[2025-10-06T15:40:59.680+0000] {processor.py:153} INFO - Started process (PID=1181) to work on /home/airflow/.local/lib/python3.7/site-packages/airflow/example_dags/example_branch_python_dop_operator_3.py
[2025-10-06T15:40:59.681+0000] {processor.py:743} INFO - Processing file /home/airflow/.local/lib/python3.7/site-packages/airflow/example_dags/example_branch_python_dop_operator_3.py for tasks to queue
[2025-10-06T15:40:59.681+0000] {logging_mixin.py:137} INFO - [2025-10-06T15:40:59.681+0000] {dagbag.py:538} INFO - Filling up the DagBag from /home/airflow/.local/lib/python3.7/site-packages/airflow/example_dags/example_branch_python_dop_operator_3.py
[2025-10-06T15:40:59.692+0000] {processor.py:753} INFO - DAG(s) dict_keys(['example_branch_dop_operator_v3']) retrieved from /home/airflow/.local/lib/python3.7/site-packages/airflow/example_dags/example_branch_python_dop_operator_3.py
[2025-10-06T15:40:59.702+0000] {logging_mixin.py:137} INFO - [2025-10-06T15:40:59.702+0000] {dag.py:2690} INFO - Sync 1 DAGs
[2025-10-06T15:40:59.715+0000] {logging_mixin.py:137} INFO - [2025-10-06T15:40:59.715+0000] {dag.py:3441} INFO - Setting next_dagrun for example_branch_dop_operator_v3 to 2025-10-06T15:39:00+00:00, run_after=2025-10-06T15:40:00+00:00
[2025-10-06T15:40:59.722+0000] {processor.py:175} INFO - Processing /home/airflow/.local/lib/python3.7/site-packages/airflow/example_dags/example_branch_python_dop_operator_3.py took 0.044 seconds
[2025-10-06T15:41:29.954+0000] {processor.py:153} INFO - Started process (PID=1280) to work on /home/airflow/.local/lib/python3.7/site-packages/airflow/example_dags/example_branch_python_dop_operator_3.py
[2025-10-06T15:41:29.954+0000] {processor.py:743} INFO - Processing file /home/airflow/.local/lib/python3.7/site-packages/airflow/example_dags/example_branch_python_dop_operator_3.py for tasks to queue
[2025-10-06T15:41:29.955+0000] {logging_mixin.py:137} INFO - [2025-10-06T15:41:29.954+0000] {dagbag.py:538} INFO - Filling up the DagBag from /home/airflow/.local/lib/python3.7/site-packages/airflow/example_dags/example_branch_python_dop_operator_3.py
[2025-10-06T15:41:29.964+0000] {processor.py:753} INFO - DAG(s) dict_keys(['example_branch_dop_operator_v3']) retrieved from /home/airflow/.local/lib/python3.7/site-packages/airflow/example_dags/example_branch_python_dop_operator_3.py
[2025-10-06T15:41:29.975+0000] {logging_mixin.py:137} INFO - [2025-10-06T15:41:29.975+0000] {dag.py:2690} INFO - Sync 1 DAGs
[2025-10-06T15:41:29.987+0000] {logging_mixin.py:137} INFO - [2025-10-06T15:41:29.987+0000] {dag.py:3441} INFO - Setting next_dagrun for example_branch_dop_operator_v3 to 2025-10-06T15:40:00+00:00, run_after=2025-10-06T15:41:00+00:00
[2025-10-06T15:41:29.994+0000] {processor.py:175} INFO - Processing /home/airflow/.local/lib/python3.7/site-packages/airflow/example_dags/example_branch_python_dop_operator_3.py took 0.042 seconds
[2025-10-06T15:42:00.306+0000] {processor.py:153} INFO - Started process (PID=1379) to work on /home/airflow/.local/lib/python3.7/site-packages/airflow/example_dags/example_branch_python_dop_operator_3.py
[2025-10-06T15:42:00.310+0000] {processor.py:743} INFO - Processing file /home/airflow/.local/lib/python3.7/site-packages/airflow/example_dags/example_branch_python_dop_operator_3.py for tasks to queue
[2025-10-06T15:42:00.311+0000] {logging_mixin.py:137} INFO - [2025-10-06T15:42:00.311+0000] {dagbag.py:538} INFO - Filling up the DagBag from /home/airflow/.local/lib/python3.7/site-packages/airflow/example_dags/example_branch_python_dop_operator_3.py
[2025-10-06T15:42:00.323+0000] {processor.py:753} INFO - DAG(s) dict_keys(['example_branch_dop_operator_v3']) retrieved from /home/airflow/.local/lib/python3.7/site-packages/airflow/example_dags/example_branch_python_dop_operator_3.py
[2025-10-06T15:42:00.337+0000] {logging_mixin.py:137} INFO - [2025-10-06T15:42:00.337+0000] {dag.py:2690} INFO - Sync 1 DAGs
[2025-10-06T15:42:00.354+0000] {logging_mixin.py:137} INFO - [2025-10-06T15:42:00.354+0000] {dag.py:3441} INFO - Setting next_dagrun for example_branch_dop_operator_v3 to 2025-10-06T15:41:00+00:00, run_after=2025-10-06T15:42:00+00:00
[2025-10-06T15:42:00.362+0000] {processor.py:175} INFO - Processing /home/airflow/.local/lib/python3.7/site-packages/airflow/example_dags/example_branch_python_dop_operator_3.py took 0.058 seconds
[2025-10-06T15:42:30.607+0000] {processor.py:153} INFO - Started process (PID=1458) to work on /home/airflow/.local/lib/python3.7/site-packages/airflow/example_dags/example_branch_python_dop_operator_3.py
[2025-10-06T15:42:30.608+0000] {processor.py:743} INFO - Processing file /home/airflow/.local/lib/python3.7/site-packages/airflow/example_dags/example_branch_python_dop_operator_3.py for tasks to queue
[2025-10-06T15:42:30.609+0000] {logging_mixin.py:137} INFO - [2025-10-06T15:42:30.609+0000] {dagbag.py:538} INFO - Filling up the DagBag from /home/airflow/.local/lib/python3.7/site-packages/airflow/example_dags/example_branch_python_dop_operator_3.py
[2025-10-06T15:42:30.618+0000] {processor.py:753} INFO - DAG(s) dict_keys(['example_branch_dop_operator_v3']) retrieved from /home/airflow/.local/lib/python3.7/site-packages/airflow/example_dags/example_branch_python_dop_operator_3.py
[2025-10-06T15:42:30.632+0000] {logging_mixin.py:137} INFO - [2025-10-06T15:42:30.631+0000] {dag.py:2690} INFO - Sync 1 DAGs
[2025-10-06T15:42:30.644+0000] {logging_mixin.py:137} INFO - [2025-10-06T15:42:30.644+0000] {dag.py:3441} INFO - Setting next_dagrun for example_branch_dop_operator_v3 to 2025-10-06T15:41:00+00:00, run_after=2025-10-06T15:42:00+00:00
[2025-10-06T15:42:30.652+0000] {processor.py:175} INFO - Processing /home/airflow/.local/lib/python3.7/site-packages/airflow/example_dags/example_branch_python_dop_operator_3.py took 0.046 seconds
[2025-10-06T15:43:00.841+0000] {processor.py:153} INFO - Started process (PID=1558) to work on /home/airflow/.local/lib/python3.7/site-packages/airflow/example_dags/example_branch_python_dop_operator_3.py
[2025-10-06T15:43:00.841+0000] {processor.py:743} INFO - Processing file /home/airflow/.local/lib/python3.7/site-packages/airflow/example_dags/example_branch_python_dop_operator_3.py for tasks to queue
[2025-10-06T15:43:00.843+0000] {logging_mixin.py:137} INFO - [2025-10-06T15:43:00.843+0000] {dagbag.py:538} INFO - Filling up the DagBag from /home/airflow/.local/lib/python3.7/site-packages/airflow/example_dags/example_branch_python_dop_operator_3.py
[2025-10-06T15:43:00.852+0000] {processor.py:753} INFO - DAG(s) dict_keys(['example_branch_dop_operator_v3']) retrieved from /home/airflow/.local/lib/python3.7/site-packages/airflow/example_dags/example_branch_python_dop_operator_3.py
[2025-10-06T15:43:00.862+0000] {logging_mixin.py:137} INFO - [2025-10-06T15:43:00.862+0000] {dag.py:2690} INFO - Sync 1 DAGs
[2025-10-06T15:43:00.875+0000] {logging_mixin.py:137} INFO - [2025-10-06T15:43:00.875+0000] {dag.py:3441} INFO - Setting next_dagrun for example_branch_dop_operator_v3 to 2025-10-06T15:42:00+00:00, run_after=2025-10-06T15:43:00+00:00
[2025-10-06T15:43:00.884+0000] {processor.py:175} INFO - Processing /home/airflow/.local/lib/python3.7/site-packages/airflow/example_dags/example_branch_python_dop_operator_3.py took 0.044 seconds
[2025-10-06T15:43:31.090+0000] {processor.py:153} INFO - Started process (PID=1657) to work on /home/airflow/.local/lib/python3.7/site-packages/airflow/example_dags/example_branch_python_dop_operator_3.py
[2025-10-06T15:43:31.093+0000] {processor.py:743} INFO - Processing file /home/airflow/.local/lib/python3.7/site-packages/airflow/example_dags/example_branch_python_dop_operator_3.py for tasks to queue
[2025-10-06T15:43:31.096+0000] {logging_mixin.py:137} INFO - [2025-10-06T15:43:31.096+0000] {dagbag.py:538} INFO - Filling up the DagBag from /home/airflow/.local/lib/python3.7/site-packages/airflow/example_dags/example_branch_python_dop_operator_3.py
[2025-10-06T15:43:31.130+0000] {processor.py:753} INFO - DAG(s) dict_keys(['example_branch_dop_operator_v3']) retrieved from /home/airflow/.local/lib/python3.7/site-packages/airflow/example_dags/example_branch_python_dop_operator_3.py
[2025-10-06T15:43:31.146+0000] {logging_mixin.py:137} INFO - [2025-10-06T15:43:31.146+0000] {dag.py:2690} INFO - Sync 1 DAGs
[2025-10-06T15:43:31.160+0000] {logging_mixin.py:137} INFO - [2025-10-06T15:43:31.160+0000] {dag.py:3441} INFO - Setting next_dagrun for example_branch_dop_operator_v3 to 2025-10-06T15:42:00+00:00, run_after=2025-10-06T15:43:00+00:00
[2025-10-06T15:43:31.169+0000] {processor.py:175} INFO - Processing /home/airflow/.local/lib/python3.7/site-packages/airflow/example_dags/example_branch_python_dop_operator_3.py took 0.081 seconds
[2025-10-06T15:44:01.528+0000] {processor.py:153} INFO - Started process (PID=1756) to work on /home/airflow/.local/lib/python3.7/site-packages/airflow/example_dags/example_branch_python_dop_operator_3.py
[2025-10-06T15:44:01.531+0000] {processor.py:743} INFO - Processing file /home/airflow/.local/lib/python3.7/site-packages/airflow/example_dags/example_branch_python_dop_operator_3.py for tasks to queue
[2025-10-06T15:44:01.531+0000] {logging_mixin.py:137} INFO - [2025-10-06T15:44:01.531+0000] {dagbag.py:538} INFO - Filling up the DagBag from /home/airflow/.local/lib/python3.7/site-packages/airflow/example_dags/example_branch_python_dop_operator_3.py
[2025-10-06T15:44:01.542+0000] {processor.py:753} INFO - DAG(s) dict_keys(['example_branch_dop_operator_v3']) retrieved from /home/airflow/.local/lib/python3.7/site-packages/airflow/example_dags/example_branch_python_dop_operator_3.py
[2025-10-06T15:44:01.553+0000] {logging_mixin.py:137} INFO - [2025-10-06T15:44:01.553+0000] {dag.py:2690} INFO - Sync 1 DAGs
[2025-10-06T15:44:01.568+0000] {logging_mixin.py:137} INFO - [2025-10-06T15:44:01.568+0000] {dag.py:3441} INFO - Setting next_dagrun for example_branch_dop_operator_v3 to 2025-10-06T15:43:00+00:00, run_after=2025-10-06T15:44:00+00:00
[2025-10-06T15:44:01.576+0000] {processor.py:175} INFO - Processing /home/airflow/.local/lib/python3.7/site-packages/airflow/example_dags/example_branch_python_dop_operator_3.py took 0.049 seconds
[2025-10-06T15:44:31.934+0000] {processor.py:153} INFO - Started process (PID=1835) to work on /home/airflow/.local/lib/python3.7/site-packages/airflow/example_dags/example_branch_python_dop_operator_3.py
[2025-10-06T15:44:31.937+0000] {processor.py:743} INFO - Processing file /home/airflow/.local/lib/python3.7/site-packages/airflow/example_dags/example_branch_python_dop_operator_3.py for tasks to queue
[2025-10-06T15:44:31.937+0000] {logging_mixin.py:137} INFO - [2025-10-06T15:44:31.937+0000] {dagbag.py:538} INFO - Filling up the DagBag from /home/airflow/.local/lib/python3.7/site-packages/airflow/example_dags/example_branch_python_dop_operator_3.py
[2025-10-06T15:44:31.947+0000] {processor.py:753} INFO - DAG(s) dict_keys(['example_branch_dop_operator_v3']) retrieved from /home/airflow/.local/lib/python3.7/site-packages/airflow/example_dags/example_branch_python_dop_operator_3.py
[2025-10-06T15:44:31.957+0000] {logging_mixin.py:137} INFO - [2025-10-06T15:44:31.957+0000] {dag.py:2690} INFO - Sync 1 DAGs
[2025-10-06T15:44:31.970+0000] {logging_mixin.py:137} INFO - [2025-10-06T15:44:31.970+0000] {dag.py:3441} INFO - Setting next_dagrun for example_branch_dop_operator_v3 to 2025-10-06T15:43:00+00:00, run_after=2025-10-06T15:44:00+00:00
[2025-10-06T15:44:31.977+0000] {processor.py:175} INFO - Processing /home/airflow/.local/lib/python3.7/site-packages/airflow/example_dags/example_branch_python_dop_operator_3.py took 0.046 seconds
[2025-10-06T15:45:02.291+0000] {processor.py:153} INFO - Started process (PID=1934) to work on /home/airflow/.local/lib/python3.7/site-packages/airflow/example_dags/example_branch_python_dop_operator_3.py
[2025-10-06T15:45:02.293+0000] {processor.py:743} INFO - Processing file /home/airflow/.local/lib/python3.7/site-packages/airflow/example_dags/example_branch_python_dop_operator_3.py for tasks to queue
[2025-10-06T15:45:02.294+0000] {logging_mixin.py:137} INFO - [2025-10-06T15:45:02.294+0000] {dagbag.py:538} INFO - Filling up the DagBag from /home/airflow/.local/lib/python3.7/site-packages/airflow/example_dags/example_branch_python_dop_operator_3.py
[2025-10-06T15:45:02.304+0000] {processor.py:753} INFO - DAG(s) dict_keys(['example_branch_dop_operator_v3']) retrieved from /home/airflow/.local/lib/python3.7/site-packages/airflow/example_dags/example_branch_python_dop_operator_3.py
[2025-10-06T15:45:02.315+0000] {logging_mixin.py:137} INFO - [2025-10-06T15:45:02.315+0000] {dag.py:2690} INFO - Sync 1 DAGs
[2025-10-06T15:45:02.328+0000] {logging_mixin.py:137} INFO - [2025-10-06T15:45:02.328+0000] {dag.py:3441} INFO - Setting next_dagrun for example_branch_dop_operator_v3 to 2025-10-06T15:44:00+00:00, run_after=2025-10-06T15:45:00+00:00
[2025-10-06T15:45:02.336+0000] {processor.py:175} INFO - Processing /home/airflow/.local/lib/python3.7/site-packages/airflow/example_dags/example_branch_python_dop_operator_3.py took 0.047 seconds
[2025-10-06T15:45:32.596+0000] {processor.py:153} INFO - Started process (PID=2033) to work on /home/airflow/.local/lib/python3.7/site-packages/airflow/example_dags/example_branch_python_dop_operator_3.py
[2025-10-06T15:45:32.597+0000] {processor.py:743} INFO - Processing file /home/airflow/.local/lib/python3.7/site-packages/airflow/example_dags/example_branch_python_dop_operator_3.py for tasks to queue
[2025-10-06T15:45:32.599+0000] {logging_mixin.py:137} INFO - [2025-10-06T15:45:32.599+0000] {dagbag.py:538} INFO - Filling up the DagBag from /home/airflow/.local/lib/python3.7/site-packages/airflow/example_dags/example_branch_python_dop_operator_3.py
[2025-10-06T15:45:32.609+0000] {processor.py:753} INFO - DAG(s) dict_keys(['example_branch_dop_operator_v3']) retrieved from /home/airflow/.local/lib/python3.7/site-packages/airflow/example_dags/example_branch_python_dop_operator_3.py
[2025-10-06T15:45:32.620+0000] {logging_mixin.py:137} INFO - [2025-10-06T15:45:32.620+0000] {dag.py:2690} INFO - Sync 1 DAGs
[2025-10-06T15:45:32.632+0000] {logging_mixin.py:137} INFO - [2025-10-06T15:45:32.632+0000] {dag.py:3441} INFO - Setting next_dagrun for example_branch_dop_operator_v3 to 2025-10-06T15:44:00+00:00, run_after=2025-10-06T15:45:00+00:00
[2025-10-06T15:45:32.639+0000] {processor.py:175} INFO - Processing /home/airflow/.local/lib/python3.7/site-packages/airflow/example_dags/example_branch_python_dop_operator_3.py took 0.044 seconds
[2025-10-06T15:46:02.893+0000] {processor.py:153} INFO - Started process (PID=2121) to work on /home/airflow/.local/lib/python3.7/site-packages/airflow/example_dags/example_branch_python_dop_operator_3.py
[2025-10-06T15:46:02.896+0000] {processor.py:743} INFO - Processing file /home/airflow/.local/lib/python3.7/site-packages/airflow/example_dags/example_branch_python_dop_operator_3.py for tasks to queue
[2025-10-06T15:46:02.896+0000] {logging_mixin.py:137} INFO - [2025-10-06T15:46:02.896+0000] {dagbag.py:538} INFO - Filling up the DagBag from /home/airflow/.local/lib/python3.7/site-packages/airflow/example_dags/example_branch_python_dop_operator_3.py
[2025-10-06T15:46:02.908+0000] {processor.py:753} INFO - DAG(s) dict_keys(['example_branch_dop_operator_v3']) retrieved from /home/airflow/.local/lib/python3.7/site-packages/airflow/example_dags/example_branch_python_dop_operator_3.py
[2025-10-06T15:46:02.921+0000] {logging_mixin.py:137} INFO - [2025-10-06T15:46:02.921+0000] {dag.py:2690} INFO - Sync 1 DAGs
[2025-10-06T15:46:02.934+0000] {logging_mixin.py:137} INFO - [2025-10-06T15:46:02.934+0000] {dag.py:3441} INFO - Setting next_dagrun for example_branch_dop_operator_v3 to 2025-10-06T15:45:00+00:00, run_after=2025-10-06T15:46:00+00:00
[2025-10-06T15:46:02.944+0000] {processor.py:175} INFO - Processing /home/airflow/.local/lib/python3.7/site-packages/airflow/example_dags/example_branch_python_dop_operator_3.py took 0.052 seconds
[2025-10-06T15:46:33.615+0000] {processor.py:153} INFO - Started process (PID=2211) to work on /home/airflow/.local/lib/python3.7/site-packages/airflow/example_dags/example_branch_python_dop_operator_3.py
[2025-10-06T15:46:33.615+0000] {processor.py:743} INFO - Processing file /home/airflow/.local/lib/python3.7/site-packages/airflow/example_dags/example_branch_python_dop_operator_3.py for tasks to queue
[2025-10-06T15:46:33.617+0000] {logging_mixin.py:137} INFO - [2025-10-06T15:46:33.617+0000] {dagbag.py:538} INFO - Filling up the DagBag from /home/airflow/.local/lib/python3.7/site-packages/airflow/example_dags/example_branch_python_dop_operator_3.py
[2025-10-06T15:46:33.629+0000] {processor.py:753} INFO - DAG(s) dict_keys(['example_branch_dop_operator_v3']) retrieved from /home/airflow/.local/lib/python3.7/site-packages/airflow/example_dags/example_branch_python_dop_operator_3.py
[2025-10-06T15:46:33.645+0000] {logging_mixin.py:137} INFO - [2025-10-06T15:46:33.645+0000] {dag.py:2690} INFO - Sync 1 DAGs
[2025-10-06T15:46:33.661+0000] {logging_mixin.py:137} INFO - [2025-10-06T15:46:33.661+0000] {dag.py:3441} INFO - Setting next_dagrun for example_branch_dop_operator_v3 to 2025-10-06T15:45:00+00:00, run_after=2025-10-06T15:46:00+00:00
[2025-10-06T15:46:33.669+0000] {processor.py:175} INFO - Processing /home/airflow/.local/lib/python3.7/site-packages/airflow/example_dags/example_branch_python_dop_operator_3.py took 0.055 seconds
