[2025-10-06T15:34:55.120+0000] {processor.py:153} INFO - Started process (PID=60) to work on /home/airflow/.local/lib/python3.7/site-packages/airflow/example_dags/example_sla_dag.py
[2025-10-06T15:34:55.121+0000] {processor.py:743} INFO - Processing file /home/airflow/.local/lib/python3.7/site-packages/airflow/example_dags/example_sla_dag.py for tasks to queue
[2025-10-06T15:34:55.121+0000] {logging_mixin.py:137} INFO - [2025-10-06T15:34:55.121+0000] {dagbag.py:538} INFO - Filling up the DagBag from /home/airflow/.local/lib/python3.7/site-packages/airflow/example_dags/example_sla_dag.py
[2025-10-06T15:34:55.137+0000] {processor.py:753} INFO - DAG(s) dict_keys(['example_sla_dag']) retrieved from /home/airflow/.local/lib/python3.7/site-packages/airflow/example_dags/example_sla_dag.py
[2025-10-06T15:34:55.144+0000] {logging_mixin.py:137} INFO - [2025-10-06T15:34:55.144+0000] {dag.py:2690} INFO - Sync 1 DAGs
[2025-10-06T15:34:55.159+0000] {logging_mixin.py:137} INFO - [2025-10-06T15:34:55.159+0000] {dag.py:3441} INFO - Setting next_dagrun for example_sla_dag to 2025-10-06T15:32:00+00:00, run_after=2025-10-06T15:34:00+00:00
[2025-10-06T15:34:55.174+0000] {processor.py:175} INFO - Processing /home/airflow/.local/lib/python3.7/site-packages/airflow/example_dags/example_sla_dag.py took 0.056 seconds
[2025-10-06T15:35:25.658+0000] {processor.py:153} INFO - Started process (PID=159) to work on /home/airflow/.local/lib/python3.7/site-packages/airflow/example_dags/example_sla_dag.py
[2025-10-06T15:35:25.660+0000] {processor.py:743} INFO - Processing file /home/airflow/.local/lib/python3.7/site-packages/airflow/example_dags/example_sla_dag.py for tasks to queue
[2025-10-06T15:35:25.660+0000] {logging_mixin.py:137} INFO - [2025-10-06T15:35:25.660+0000] {dagbag.py:538} INFO - Filling up the DagBag from /home/airflow/.local/lib/python3.7/site-packages/airflow/example_dags/example_sla_dag.py
[2025-10-06T15:35:25.670+0000] {processor.py:753} INFO - DAG(s) dict_keys(['example_sla_dag']) retrieved from /home/airflow/.local/lib/python3.7/site-packages/airflow/example_dags/example_sla_dag.py
[2025-10-06T15:35:25.682+0000] {logging_mixin.py:137} INFO - [2025-10-06T15:35:25.682+0000] {dag.py:2690} INFO - Sync 1 DAGs
[2025-10-06T15:35:25.694+0000] {logging_mixin.py:137} INFO - [2025-10-06T15:35:25.694+0000] {dag.py:3441} INFO - Setting next_dagrun for example_sla_dag to 2025-10-06T15:32:00+00:00, run_after=2025-10-06T15:34:00+00:00
[2025-10-06T15:35:25.703+0000] {processor.py:175} INFO - Processing /home/airflow/.local/lib/python3.7/site-packages/airflow/example_dags/example_sla_dag.py took 0.047 seconds
[2025-10-06T15:35:56.108+0000] {processor.py:153} INFO - Started process (PID=258) to work on /home/airflow/.local/lib/python3.7/site-packages/airflow/example_dags/example_sla_dag.py
[2025-10-06T15:35:56.108+0000] {processor.py:743} INFO - Processing file /home/airflow/.local/lib/python3.7/site-packages/airflow/example_dags/example_sla_dag.py for tasks to queue
[2025-10-06T15:35:56.108+0000] {logging_mixin.py:137} INFO - [2025-10-06T15:35:56.108+0000] {dagbag.py:538} INFO - Filling up the DagBag from /home/airflow/.local/lib/python3.7/site-packages/airflow/example_dags/example_sla_dag.py
[2025-10-06T15:35:56.118+0000] {processor.py:753} INFO - DAG(s) dict_keys(['example_sla_dag']) retrieved from /home/airflow/.local/lib/python3.7/site-packages/airflow/example_dags/example_sla_dag.py
[2025-10-06T15:35:56.133+0000] {logging_mixin.py:137} INFO - [2025-10-06T15:35:56.133+0000] {dag.py:2690} INFO - Sync 1 DAGs
[2025-10-06T15:35:56.148+0000] {logging_mixin.py:137} INFO - [2025-10-06T15:35:56.147+0000] {dag.py:3441} INFO - Setting next_dagrun for example_sla_dag to 2025-10-06T15:32:00+00:00, run_after=2025-10-06T15:34:00+00:00
[2025-10-06T15:35:56.160+0000] {processor.py:175} INFO - Processing /home/airflow/.local/lib/python3.7/site-packages/airflow/example_dags/example_sla_dag.py took 0.053 seconds
[2025-10-06T15:36:26.591+0000] {processor.py:153} INFO - Started process (PID=337) to work on /home/airflow/.local/lib/python3.7/site-packages/airflow/example_dags/example_sla_dag.py
[2025-10-06T15:36:26.591+0000] {processor.py:743} INFO - Processing file /home/airflow/.local/lib/python3.7/site-packages/airflow/example_dags/example_sla_dag.py for tasks to queue
[2025-10-06T15:36:26.592+0000] {logging_mixin.py:137} INFO - [2025-10-06T15:36:26.592+0000] {dagbag.py:538} INFO - Filling up the DagBag from /home/airflow/.local/lib/python3.7/site-packages/airflow/example_dags/example_sla_dag.py
[2025-10-06T15:36:26.601+0000] {processor.py:753} INFO - DAG(s) dict_keys(['example_sla_dag']) retrieved from /home/airflow/.local/lib/python3.7/site-packages/airflow/example_dags/example_sla_dag.py
[2025-10-06T15:36:26.610+0000] {logging_mixin.py:137} INFO - [2025-10-06T15:36:26.610+0000] {dag.py:2690} INFO - Sync 1 DAGs
[2025-10-06T15:36:26.620+0000] {logging_mixin.py:137} INFO - [2025-10-06T15:36:26.620+0000] {dag.py:3441} INFO - Setting next_dagrun for example_sla_dag to 2025-10-06T15:34:00+00:00, run_after=2025-10-06T15:36:00+00:00
[2025-10-06T15:36:26.626+0000] {processor.py:175} INFO - Processing /home/airflow/.local/lib/python3.7/site-packages/airflow/example_dags/example_sla_dag.py took 0.037 seconds
[2025-10-06T15:36:57.034+0000] {processor.py:153} INFO - Started process (PID=436) to work on /home/airflow/.local/lib/python3.7/site-packages/airflow/example_dags/example_sla_dag.py
[2025-10-06T15:36:57.034+0000] {processor.py:743} INFO - Processing file /home/airflow/.local/lib/python3.7/site-packages/airflow/example_dags/example_sla_dag.py for tasks to queue
[2025-10-06T15:36:57.035+0000] {logging_mixin.py:137} INFO - [2025-10-06T15:36:57.035+0000] {dagbag.py:538} INFO - Filling up the DagBag from /home/airflow/.local/lib/python3.7/site-packages/airflow/example_dags/example_sla_dag.py
[2025-10-06T15:36:57.045+0000] {processor.py:753} INFO - DAG(s) dict_keys(['example_sla_dag']) retrieved from /home/airflow/.local/lib/python3.7/site-packages/airflow/example_dags/example_sla_dag.py
[2025-10-06T15:36:57.055+0000] {logging_mixin.py:137} INFO - [2025-10-06T15:36:57.055+0000] {dag.py:2690} INFO - Sync 1 DAGs
[2025-10-06T15:36:57.066+0000] {logging_mixin.py:137} INFO - [2025-10-06T15:36:57.066+0000] {dag.py:3441} INFO - Setting next_dagrun for example_sla_dag to 2025-10-06T15:34:00+00:00, run_after=2025-10-06T15:36:00+00:00
[2025-10-06T15:36:57.078+0000] {processor.py:175} INFO - Processing /home/airflow/.local/lib/python3.7/site-packages/airflow/example_dags/example_sla_dag.py took 0.045 seconds
[2025-10-06T15:37:27.425+0000] {processor.py:153} INFO - Started process (PID=535) to work on /home/airflow/.local/lib/python3.7/site-packages/airflow/example_dags/example_sla_dag.py
[2025-10-06T15:37:27.426+0000] {processor.py:743} INFO - Processing file /home/airflow/.local/lib/python3.7/site-packages/airflow/example_dags/example_sla_dag.py for tasks to queue
[2025-10-06T15:37:27.427+0000] {logging_mixin.py:137} INFO - [2025-10-06T15:37:27.427+0000] {dagbag.py:538} INFO - Filling up the DagBag from /home/airflow/.local/lib/python3.7/site-packages/airflow/example_dags/example_sla_dag.py
[2025-10-06T15:37:27.436+0000] {processor.py:753} INFO - DAG(s) dict_keys(['example_sla_dag']) retrieved from /home/airflow/.local/lib/python3.7/site-packages/airflow/example_dags/example_sla_dag.py
[2025-10-06T15:37:27.447+0000] {logging_mixin.py:137} INFO - [2025-10-06T15:37:27.447+0000] {dag.py:2690} INFO - Sync 1 DAGs
[2025-10-06T15:37:27.458+0000] {logging_mixin.py:137} INFO - [2025-10-06T15:37:27.458+0000] {dag.py:3441} INFO - Setting next_dagrun for example_sla_dag to 2025-10-06T15:34:00+00:00, run_after=2025-10-06T15:36:00+00:00
[2025-10-06T15:37:27.465+0000] {processor.py:175} INFO - Processing /home/airflow/.local/lib/python3.7/site-packages/airflow/example_dags/example_sla_dag.py took 0.042 seconds
[2025-10-06T15:37:57.795+0000] {processor.py:153} INFO - Started process (PID=634) to work on /home/airflow/.local/lib/python3.7/site-packages/airflow/example_dags/example_sla_dag.py
[2025-10-06T15:37:57.796+0000] {processor.py:743} INFO - Processing file /home/airflow/.local/lib/python3.7/site-packages/airflow/example_dags/example_sla_dag.py for tasks to queue
[2025-10-06T15:37:57.796+0000] {logging_mixin.py:137} INFO - [2025-10-06T15:37:57.796+0000] {dagbag.py:538} INFO - Filling up the DagBag from /home/airflow/.local/lib/python3.7/site-packages/airflow/example_dags/example_sla_dag.py
[2025-10-06T15:37:57.808+0000] {processor.py:753} INFO - DAG(s) dict_keys(['example_sla_dag']) retrieved from /home/airflow/.local/lib/python3.7/site-packages/airflow/example_dags/example_sla_dag.py
[2025-10-06T15:37:57.826+0000] {logging_mixin.py:137} INFO - [2025-10-06T15:37:57.826+0000] {dag.py:2690} INFO - Sync 1 DAGs
[2025-10-06T15:37:57.840+0000] {logging_mixin.py:137} INFO - [2025-10-06T15:37:57.840+0000] {dag.py:3441} INFO - Setting next_dagrun for example_sla_dag to 2025-10-06T15:34:00+00:00, run_after=2025-10-06T15:36:00+00:00
[2025-10-06T15:37:57.847+0000] {processor.py:175} INFO - Processing /home/airflow/.local/lib/python3.7/site-packages/airflow/example_dags/example_sla_dag.py took 0.053 seconds
[2025-10-06T15:38:28.225+0000] {processor.py:153} INFO - Started process (PID=713) to work on /home/airflow/.local/lib/python3.7/site-packages/airflow/example_dags/example_sla_dag.py
[2025-10-06T15:38:28.225+0000] {processor.py:743} INFO - Processing file /home/airflow/.local/lib/python3.7/site-packages/airflow/example_dags/example_sla_dag.py for tasks to queue
[2025-10-06T15:38:28.226+0000] {logging_mixin.py:137} INFO - [2025-10-06T15:38:28.226+0000] {dagbag.py:538} INFO - Filling up the DagBag from /home/airflow/.local/lib/python3.7/site-packages/airflow/example_dags/example_sla_dag.py
[2025-10-06T15:38:28.235+0000] {processor.py:753} INFO - DAG(s) dict_keys(['example_sla_dag']) retrieved from /home/airflow/.local/lib/python3.7/site-packages/airflow/example_dags/example_sla_dag.py
[2025-10-06T15:38:28.250+0000] {logging_mixin.py:137} INFO - [2025-10-06T15:38:28.249+0000] {dag.py:2690} INFO - Sync 1 DAGs
[2025-10-06T15:38:28.261+0000] {logging_mixin.py:137} INFO - [2025-10-06T15:38:28.261+0000] {dag.py:3441} INFO - Setting next_dagrun for example_sla_dag to 2025-10-06T15:36:00+00:00, run_after=2025-10-06T15:38:00+00:00
[2025-10-06T15:38:28.267+0000] {processor.py:175} INFO - Processing /home/airflow/.local/lib/python3.7/site-packages/airflow/example_dags/example_sla_dag.py took 0.044 seconds
[2025-10-06T15:38:58.631+0000] {processor.py:153} INFO - Started process (PID=812) to work on /home/airflow/.local/lib/python3.7/site-packages/airflow/example_dags/example_sla_dag.py
[2025-10-06T15:38:58.633+0000] {processor.py:743} INFO - Processing file /home/airflow/.local/lib/python3.7/site-packages/airflow/example_dags/example_sla_dag.py for tasks to queue
[2025-10-06T15:38:58.634+0000] {logging_mixin.py:137} INFO - [2025-10-06T15:38:58.634+0000] {dagbag.py:538} INFO - Filling up the DagBag from /home/airflow/.local/lib/python3.7/site-packages/airflow/example_dags/example_sla_dag.py
[2025-10-06T15:38:58.643+0000] {processor.py:753} INFO - DAG(s) dict_keys(['example_sla_dag']) retrieved from /home/airflow/.local/lib/python3.7/site-packages/airflow/example_dags/example_sla_dag.py
[2025-10-06T15:38:58.656+0000] {logging_mixin.py:137} INFO - [2025-10-06T15:38:58.656+0000] {dag.py:2690} INFO - Sync 1 DAGs
[2025-10-06T15:38:58.670+0000] {logging_mixin.py:137} INFO - [2025-10-06T15:38:58.669+0000] {dag.py:3441} INFO - Setting next_dagrun for example_sla_dag to 2025-10-06T15:36:00+00:00, run_after=2025-10-06T15:38:00+00:00
[2025-10-06T15:38:58.677+0000] {processor.py:175} INFO - Processing /home/airflow/.local/lib/python3.7/site-packages/airflow/example_dags/example_sla_dag.py took 0.048 seconds
[2025-10-06T15:39:29.001+0000] {processor.py:153} INFO - Started process (PID=911) to work on /home/airflow/.local/lib/python3.7/site-packages/airflow/example_dags/example_sla_dag.py
[2025-10-06T15:39:29.001+0000] {processor.py:743} INFO - Processing file /home/airflow/.local/lib/python3.7/site-packages/airflow/example_dags/example_sla_dag.py for tasks to queue
[2025-10-06T15:39:29.001+0000] {logging_mixin.py:137} INFO - [2025-10-06T15:39:29.001+0000] {dagbag.py:538} INFO - Filling up the DagBag from /home/airflow/.local/lib/python3.7/site-packages/airflow/example_dags/example_sla_dag.py
[2025-10-06T15:39:29.011+0000] {processor.py:753} INFO - DAG(s) dict_keys(['example_sla_dag']) retrieved from /home/airflow/.local/lib/python3.7/site-packages/airflow/example_dags/example_sla_dag.py
[2025-10-06T15:39:29.023+0000] {logging_mixin.py:137} INFO - [2025-10-06T15:39:29.022+0000] {dag.py:2690} INFO - Sync 1 DAGs
[2025-10-06T15:39:29.036+0000] {logging_mixin.py:137} INFO - [2025-10-06T15:39:29.036+0000] {dag.py:3441} INFO - Setting next_dagrun for example_sla_dag to 2025-10-06T15:36:00+00:00, run_after=2025-10-06T15:38:00+00:00
[2025-10-06T15:39:29.043+0000] {processor.py:175} INFO - Processing /home/airflow/.local/lib/python3.7/site-packages/airflow/example_dags/example_sla_dag.py took 0.044 seconds
[2025-10-06T15:39:59.404+0000] {processor.py:153} INFO - Started process (PID=1010) to work on /home/airflow/.local/lib/python3.7/site-packages/airflow/example_dags/example_sla_dag.py
[2025-10-06T15:39:59.404+0000] {processor.py:743} INFO - Processing file /home/airflow/.local/lib/python3.7/site-packages/airflow/example_dags/example_sla_dag.py for tasks to queue
[2025-10-06T15:39:59.408+0000] {logging_mixin.py:137} INFO - [2025-10-06T15:39:59.408+0000] {dagbag.py:538} INFO - Filling up the DagBag from /home/airflow/.local/lib/python3.7/site-packages/airflow/example_dags/example_sla_dag.py
[2025-10-06T15:39:59.417+0000] {processor.py:753} INFO - DAG(s) dict_keys(['example_sla_dag']) retrieved from /home/airflow/.local/lib/python3.7/site-packages/airflow/example_dags/example_sla_dag.py
[2025-10-06T15:39:59.429+0000] {logging_mixin.py:137} INFO - [2025-10-06T15:39:59.429+0000] {dag.py:2690} INFO - Sync 1 DAGs
[2025-10-06T15:39:59.440+0000] {logging_mixin.py:137} INFO - [2025-10-06T15:39:59.440+0000] {dag.py:3441} INFO - Setting next_dagrun for example_sla_dag to 2025-10-06T15:36:00+00:00, run_after=2025-10-06T15:38:00+00:00
[2025-10-06T15:39:59.448+0000] {processor.py:175} INFO - Processing /home/airflow/.local/lib/python3.7/site-packages/airflow/example_dags/example_sla_dag.py took 0.046 seconds
[2025-10-06T15:40:29.575+0000] {processor.py:153} INFO - Started process (PID=1089) to work on /home/airflow/.local/lib/python3.7/site-packages/airflow/example_dags/example_sla_dag.py
[2025-10-06T15:40:29.575+0000] {processor.py:743} INFO - Processing file /home/airflow/.local/lib/python3.7/site-packages/airflow/example_dags/example_sla_dag.py for tasks to queue
[2025-10-06T15:40:29.575+0000] {logging_mixin.py:137} INFO - [2025-10-06T15:40:29.575+0000] {dagbag.py:538} INFO - Filling up the DagBag from /home/airflow/.local/lib/python3.7/site-packages/airflow/example_dags/example_sla_dag.py
[2025-10-06T15:40:29.586+0000] {processor.py:753} INFO - DAG(s) dict_keys(['example_sla_dag']) retrieved from /home/airflow/.local/lib/python3.7/site-packages/airflow/example_dags/example_sla_dag.py
[2025-10-06T15:40:29.599+0000] {logging_mixin.py:137} INFO - [2025-10-06T15:40:29.599+0000] {dag.py:2690} INFO - Sync 1 DAGs
[2025-10-06T15:40:29.610+0000] {logging_mixin.py:137} INFO - [2025-10-06T15:40:29.610+0000] {dag.py:3441} INFO - Setting next_dagrun for example_sla_dag to 2025-10-06T15:38:00+00:00, run_after=2025-10-06T15:40:00+00:00
[2025-10-06T15:40:29.617+0000] {processor.py:175} INFO - Processing /home/airflow/.local/lib/python3.7/site-packages/airflow/example_dags/example_sla_dag.py took 0.044 seconds
[2025-10-06T15:40:59.859+0000] {processor.py:153} INFO - Started process (PID=1188) to work on /home/airflow/.local/lib/python3.7/site-packages/airflow/example_dags/example_sla_dag.py
[2025-10-06T15:40:59.859+0000] {processor.py:743} INFO - Processing file /home/airflow/.local/lib/python3.7/site-packages/airflow/example_dags/example_sla_dag.py for tasks to queue
[2025-10-06T15:40:59.860+0000] {logging_mixin.py:137} INFO - [2025-10-06T15:40:59.860+0000] {dagbag.py:538} INFO - Filling up the DagBag from /home/airflow/.local/lib/python3.7/site-packages/airflow/example_dags/example_sla_dag.py
[2025-10-06T15:40:59.871+0000] {processor.py:753} INFO - DAG(s) dict_keys(['example_sla_dag']) retrieved from /home/airflow/.local/lib/python3.7/site-packages/airflow/example_dags/example_sla_dag.py
[2025-10-06T15:40:59.881+0000] {logging_mixin.py:137} INFO - [2025-10-06T15:40:59.881+0000] {dag.py:2690} INFO - Sync 1 DAGs
[2025-10-06T15:40:59.892+0000] {logging_mixin.py:137} INFO - [2025-10-06T15:40:59.892+0000] {dag.py:3441} INFO - Setting next_dagrun for example_sla_dag to 2025-10-06T15:38:00+00:00, run_after=2025-10-06T15:40:00+00:00
[2025-10-06T15:40:59.899+0000] {processor.py:175} INFO - Processing /home/airflow/.local/lib/python3.7/site-packages/airflow/example_dags/example_sla_dag.py took 0.042 seconds
[2025-10-06T15:41:30.128+0000] {processor.py:153} INFO - Started process (PID=1287) to work on /home/airflow/.local/lib/python3.7/site-packages/airflow/example_dags/example_sla_dag.py
[2025-10-06T15:41:30.130+0000] {processor.py:743} INFO - Processing file /home/airflow/.local/lib/python3.7/site-packages/airflow/example_dags/example_sla_dag.py for tasks to queue
[2025-10-06T15:41:30.130+0000] {logging_mixin.py:137} INFO - [2025-10-06T15:41:30.130+0000] {dagbag.py:538} INFO - Filling up the DagBag from /home/airflow/.local/lib/python3.7/site-packages/airflow/example_dags/example_sla_dag.py
[2025-10-06T15:41:30.140+0000] {processor.py:753} INFO - DAG(s) dict_keys(['example_sla_dag']) retrieved from /home/airflow/.local/lib/python3.7/site-packages/airflow/example_dags/example_sla_dag.py
[2025-10-06T15:41:30.151+0000] {logging_mixin.py:137} INFO - [2025-10-06T15:41:30.151+0000] {dag.py:2690} INFO - Sync 1 DAGs
[2025-10-06T15:41:30.163+0000] {logging_mixin.py:137} INFO - [2025-10-06T15:41:30.163+0000] {dag.py:3441} INFO - Setting next_dagrun for example_sla_dag to 2025-10-06T15:38:00+00:00, run_after=2025-10-06T15:40:00+00:00
[2025-10-06T15:41:30.171+0000] {processor.py:175} INFO - Processing /home/airflow/.local/lib/python3.7/site-packages/airflow/example_dags/example_sla_dag.py took 0.044 seconds
[2025-10-06T15:42:00.509+0000] {processor.py:153} INFO - Started process (PID=1386) to work on /home/airflow/.local/lib/python3.7/site-packages/airflow/example_dags/example_sla_dag.py
[2025-10-06T15:42:00.513+0000] {processor.py:743} INFO - Processing file /home/airflow/.local/lib/python3.7/site-packages/airflow/example_dags/example_sla_dag.py for tasks to queue
[2025-10-06T15:42:00.513+0000] {logging_mixin.py:137} INFO - [2025-10-06T15:42:00.513+0000] {dagbag.py:538} INFO - Filling up the DagBag from /home/airflow/.local/lib/python3.7/site-packages/airflow/example_dags/example_sla_dag.py
[2025-10-06T15:42:00.523+0000] {processor.py:753} INFO - DAG(s) dict_keys(['example_sla_dag']) retrieved from /home/airflow/.local/lib/python3.7/site-packages/airflow/example_dags/example_sla_dag.py
[2025-10-06T15:42:00.534+0000] {logging_mixin.py:137} INFO - [2025-10-06T15:42:00.534+0000] {dag.py:2690} INFO - Sync 1 DAGs
[2025-10-06T15:42:00.545+0000] {logging_mixin.py:137} INFO - [2025-10-06T15:42:00.545+0000] {dag.py:3441} INFO - Setting next_dagrun for example_sla_dag to 2025-10-06T15:40:00+00:00, run_after=2025-10-06T15:42:00+00:00
[2025-10-06T15:42:00.552+0000] {processor.py:175} INFO - Processing /home/airflow/.local/lib/python3.7/site-packages/airflow/example_dags/example_sla_dag.py took 0.045 seconds
[2025-10-06T15:42:30.788+0000] {processor.py:153} INFO - Started process (PID=1465) to work on /home/airflow/.local/lib/python3.7/site-packages/airflow/example_dags/example_sla_dag.py
[2025-10-06T15:42:30.788+0000] {processor.py:743} INFO - Processing file /home/airflow/.local/lib/python3.7/site-packages/airflow/example_dags/example_sla_dag.py for tasks to queue
[2025-10-06T15:42:30.788+0000] {logging_mixin.py:137} INFO - [2025-10-06T15:42:30.788+0000] {dagbag.py:538} INFO - Filling up the DagBag from /home/airflow/.local/lib/python3.7/site-packages/airflow/example_dags/example_sla_dag.py
[2025-10-06T15:42:30.798+0000] {processor.py:753} INFO - DAG(s) dict_keys(['example_sla_dag']) retrieved from /home/airflow/.local/lib/python3.7/site-packages/airflow/example_dags/example_sla_dag.py
[2025-10-06T15:42:30.809+0000] {logging_mixin.py:137} INFO - [2025-10-06T15:42:30.809+0000] {dag.py:2690} INFO - Sync 1 DAGs
[2025-10-06T15:42:30.821+0000] {logging_mixin.py:137} INFO - [2025-10-06T15:42:30.821+0000] {dag.py:3441} INFO - Setting next_dagrun for example_sla_dag to 2025-10-06T15:40:00+00:00, run_after=2025-10-06T15:42:00+00:00
[2025-10-06T15:42:30.830+0000] {processor.py:175} INFO - Processing /home/airflow/.local/lib/python3.7/site-packages/airflow/example_dags/example_sla_dag.py took 0.044 seconds
[2025-10-06T15:43:01.012+0000] {processor.py:153} INFO - Started process (PID=1565) to work on /home/airflow/.local/lib/python3.7/site-packages/airflow/example_dags/example_sla_dag.py
[2025-10-06T15:43:01.013+0000] {processor.py:743} INFO - Processing file /home/airflow/.local/lib/python3.7/site-packages/airflow/example_dags/example_sla_dag.py for tasks to queue
[2025-10-06T15:43:01.013+0000] {logging_mixin.py:137} INFO - [2025-10-06T15:43:01.013+0000] {dagbag.py:538} INFO - Filling up the DagBag from /home/airflow/.local/lib/python3.7/site-packages/airflow/example_dags/example_sla_dag.py
[2025-10-06T15:43:01.022+0000] {processor.py:753} INFO - DAG(s) dict_keys(['example_sla_dag']) retrieved from /home/airflow/.local/lib/python3.7/site-packages/airflow/example_dags/example_sla_dag.py
[2025-10-06T15:43:01.032+0000] {logging_mixin.py:137} INFO - [2025-10-06T15:43:01.032+0000] {dag.py:2690} INFO - Sync 1 DAGs
[2025-10-06T15:43:01.045+0000] {logging_mixin.py:137} INFO - [2025-10-06T15:43:01.045+0000] {dag.py:3441} INFO - Setting next_dagrun for example_sla_dag to 2025-10-06T15:40:00+00:00, run_after=2025-10-06T15:42:00+00:00
[2025-10-06T15:43:01.053+0000] {processor.py:175} INFO - Processing /home/airflow/.local/lib/python3.7/site-packages/airflow/example_dags/example_sla_dag.py took 0.042 seconds
[2025-10-06T15:43:31.317+0000] {processor.py:153} INFO - Started process (PID=1664) to work on /home/airflow/.local/lib/python3.7/site-packages/airflow/example_dags/example_sla_dag.py
[2025-10-06T15:43:31.317+0000] {processor.py:743} INFO - Processing file /home/airflow/.local/lib/python3.7/site-packages/airflow/example_dags/example_sla_dag.py for tasks to queue
[2025-10-06T15:43:31.317+0000] {logging_mixin.py:137} INFO - [2025-10-06T15:43:31.317+0000] {dagbag.py:538} INFO - Filling up the DagBag from /home/airflow/.local/lib/python3.7/site-packages/airflow/example_dags/example_sla_dag.py
[2025-10-06T15:43:31.328+0000] {processor.py:753} INFO - DAG(s) dict_keys(['example_sla_dag']) retrieved from /home/airflow/.local/lib/python3.7/site-packages/airflow/example_dags/example_sla_dag.py
[2025-10-06T15:43:31.342+0000] {logging_mixin.py:137} INFO - [2025-10-06T15:43:31.341+0000] {dag.py:2690} INFO - Sync 1 DAGs
[2025-10-06T15:43:31.354+0000] {logging_mixin.py:137} INFO - [2025-10-06T15:43:31.354+0000] {dag.py:3441} INFO - Setting next_dagrun for example_sla_dag to 2025-10-06T15:40:00+00:00, run_after=2025-10-06T15:42:00+00:00
[2025-10-06T15:43:31.365+0000] {processor.py:175} INFO - Processing /home/airflow/.local/lib/python3.7/site-packages/airflow/example_dags/example_sla_dag.py took 0.050 seconds
[2025-10-06T15:44:01.738+0000] {processor.py:153} INFO - Started process (PID=1763) to work on /home/airflow/.local/lib/python3.7/site-packages/airflow/example_dags/example_sla_dag.py
[2025-10-06T15:44:01.739+0000] {processor.py:743} INFO - Processing file /home/airflow/.local/lib/python3.7/site-packages/airflow/example_dags/example_sla_dag.py for tasks to queue
[2025-10-06T15:44:01.739+0000] {logging_mixin.py:137} INFO - [2025-10-06T15:44:01.739+0000] {dagbag.py:538} INFO - Filling up the DagBag from /home/airflow/.local/lib/python3.7/site-packages/airflow/example_dags/example_sla_dag.py
[2025-10-06T15:44:01.751+0000] {processor.py:753} INFO - DAG(s) dict_keys(['example_sla_dag']) retrieved from /home/airflow/.local/lib/python3.7/site-packages/airflow/example_dags/example_sla_dag.py
[2025-10-06T15:44:01.768+0000] {logging_mixin.py:137} INFO - [2025-10-06T15:44:01.768+0000] {dag.py:2690} INFO - Sync 1 DAGs
[2025-10-06T15:44:01.782+0000] {logging_mixin.py:137} INFO - [2025-10-06T15:44:01.781+0000] {dag.py:3441} INFO - Setting next_dagrun for example_sla_dag to 2025-10-06T15:42:00+00:00, run_after=2025-10-06T15:44:00+00:00
[2025-10-06T15:44:01.791+0000] {processor.py:175} INFO - Processing /home/airflow/.local/lib/python3.7/site-packages/airflow/example_dags/example_sla_dag.py took 0.055 seconds
[2025-10-06T15:44:32.127+0000] {processor.py:153} INFO - Started process (PID=1842) to work on /home/airflow/.local/lib/python3.7/site-packages/airflow/example_dags/example_sla_dag.py
[2025-10-06T15:44:32.128+0000] {processor.py:743} INFO - Processing file /home/airflow/.local/lib/python3.7/site-packages/airflow/example_dags/example_sla_dag.py for tasks to queue
[2025-10-06T15:44:32.128+0000] {logging_mixin.py:137} INFO - [2025-10-06T15:44:32.128+0000] {dagbag.py:538} INFO - Filling up the DagBag from /home/airflow/.local/lib/python3.7/site-packages/airflow/example_dags/example_sla_dag.py
[2025-10-06T15:44:32.139+0000] {processor.py:753} INFO - DAG(s) dict_keys(['example_sla_dag']) retrieved from /home/airflow/.local/lib/python3.7/site-packages/airflow/example_dags/example_sla_dag.py
[2025-10-06T15:44:32.150+0000] {logging_mixin.py:137} INFO - [2025-10-06T15:44:32.150+0000] {dag.py:2690} INFO - Sync 1 DAGs
[2025-10-06T15:44:32.162+0000] {logging_mixin.py:137} INFO - [2025-10-06T15:44:32.162+0000] {dag.py:3441} INFO - Setting next_dagrun for example_sla_dag to 2025-10-06T15:42:00+00:00, run_after=2025-10-06T15:44:00+00:00
[2025-10-06T15:44:32.169+0000] {processor.py:175} INFO - Processing /home/airflow/.local/lib/python3.7/site-packages/airflow/example_dags/example_sla_dag.py took 0.043 seconds
[2025-10-06T15:45:02.474+0000] {processor.py:153} INFO - Started process (PID=1941) to work on /home/airflow/.local/lib/python3.7/site-packages/airflow/example_dags/example_sla_dag.py
[2025-10-06T15:45:02.474+0000] {processor.py:743} INFO - Processing file /home/airflow/.local/lib/python3.7/site-packages/airflow/example_dags/example_sla_dag.py for tasks to queue
[2025-10-06T15:45:02.475+0000] {logging_mixin.py:137} INFO - [2025-10-06T15:45:02.475+0000] {dagbag.py:538} INFO - Filling up the DagBag from /home/airflow/.local/lib/python3.7/site-packages/airflow/example_dags/example_sla_dag.py
[2025-10-06T15:45:02.484+0000] {processor.py:753} INFO - DAG(s) dict_keys(['example_sla_dag']) retrieved from /home/airflow/.local/lib/python3.7/site-packages/airflow/example_dags/example_sla_dag.py
[2025-10-06T15:45:02.496+0000] {logging_mixin.py:137} INFO - [2025-10-06T15:45:02.495+0000] {dag.py:2690} INFO - Sync 1 DAGs
[2025-10-06T15:45:02.508+0000] {logging_mixin.py:137} INFO - [2025-10-06T15:45:02.508+0000] {dag.py:3441} INFO - Setting next_dagrun for example_sla_dag to 2025-10-06T15:42:00+00:00, run_after=2025-10-06T15:44:00+00:00
[2025-10-06T15:45:02.515+0000] {processor.py:175} INFO - Processing /home/airflow/.local/lib/python3.7/site-packages/airflow/example_dags/example_sla_dag.py took 0.043 seconds
[2025-10-06T15:45:32.779+0000] {processor.py:153} INFO - Started process (PID=2040) to work on /home/airflow/.local/lib/python3.7/site-packages/airflow/example_dags/example_sla_dag.py
[2025-10-06T15:45:32.779+0000] {processor.py:743} INFO - Processing file /home/airflow/.local/lib/python3.7/site-packages/airflow/example_dags/example_sla_dag.py for tasks to queue
[2025-10-06T15:45:32.780+0000] {logging_mixin.py:137} INFO - [2025-10-06T15:45:32.779+0000] {dagbag.py:538} INFO - Filling up the DagBag from /home/airflow/.local/lib/python3.7/site-packages/airflow/example_dags/example_sla_dag.py
[2025-10-06T15:45:32.791+0000] {processor.py:753} INFO - DAG(s) dict_keys(['example_sla_dag']) retrieved from /home/airflow/.local/lib/python3.7/site-packages/airflow/example_dags/example_sla_dag.py
[2025-10-06T15:45:32.804+0000] {logging_mixin.py:137} INFO - [2025-10-06T15:45:32.803+0000] {dag.py:2690} INFO - Sync 1 DAGs
[2025-10-06T15:45:32.817+0000] {logging_mixin.py:137} INFO - [2025-10-06T15:45:32.817+0000] {dag.py:3441} INFO - Setting next_dagrun for example_sla_dag to 2025-10-06T15:42:00+00:00, run_after=2025-10-06T15:44:00+00:00
[2025-10-06T15:45:32.824+0000] {processor.py:175} INFO - Processing /home/airflow/.local/lib/python3.7/site-packages/airflow/example_dags/example_sla_dag.py took 0.047 seconds
[2025-10-06T15:46:03.179+0000] {processor.py:153} INFO - Started process (PID=2139) to work on /home/airflow/.local/lib/python3.7/site-packages/airflow/example_dags/example_sla_dag.py
[2025-10-06T15:46:03.179+0000] {processor.py:743} INFO - Processing file /home/airflow/.local/lib/python3.7/site-packages/airflow/example_dags/example_sla_dag.py for tasks to queue
[2025-10-06T15:46:03.179+0000] {logging_mixin.py:137} INFO - [2025-10-06T15:46:03.179+0000] {dagbag.py:538} INFO - Filling up the DagBag from /home/airflow/.local/lib/python3.7/site-packages/airflow/example_dags/example_sla_dag.py
[2025-10-06T15:46:03.190+0000] {processor.py:753} INFO - DAG(s) dict_keys(['example_sla_dag']) retrieved from /home/airflow/.local/lib/python3.7/site-packages/airflow/example_dags/example_sla_dag.py
[2025-10-06T15:46:03.203+0000] {logging_mixin.py:137} INFO - [2025-10-06T15:46:03.203+0000] {dag.py:2690} INFO - Sync 1 DAGs
[2025-10-06T15:46:03.217+0000] {logging_mixin.py:137} INFO - [2025-10-06T15:46:03.216+0000] {dag.py:3441} INFO - Setting next_dagrun for example_sla_dag to 2025-10-06T15:44:00+00:00, run_after=2025-10-06T15:46:00+00:00
[2025-10-06T15:46:03.226+0000] {processor.py:175} INFO - Processing /home/airflow/.local/lib/python3.7/site-packages/airflow/example_dags/example_sla_dag.py took 0.049 seconds
[2025-10-06T15:46:33.830+0000] {processor.py:153} INFO - Started process (PID=2218) to work on /home/airflow/.local/lib/python3.7/site-packages/airflow/example_dags/example_sla_dag.py
[2025-10-06T15:46:33.830+0000] {processor.py:743} INFO - Processing file /home/airflow/.local/lib/python3.7/site-packages/airflow/example_dags/example_sla_dag.py for tasks to queue
[2025-10-06T15:46:33.830+0000] {logging_mixin.py:137} INFO - [2025-10-06T15:46:33.830+0000] {dagbag.py:538} INFO - Filling up the DagBag from /home/airflow/.local/lib/python3.7/site-packages/airflow/example_dags/example_sla_dag.py
[2025-10-06T15:46:33.841+0000] {processor.py:753} INFO - DAG(s) dict_keys(['example_sla_dag']) retrieved from /home/airflow/.local/lib/python3.7/site-packages/airflow/example_dags/example_sla_dag.py
[2025-10-06T15:46:33.854+0000] {logging_mixin.py:137} INFO - [2025-10-06T15:46:33.854+0000] {dag.py:2690} INFO - Sync 1 DAGs
[2025-10-06T15:46:33.866+0000] {logging_mixin.py:137} INFO - [2025-10-06T15:46:33.866+0000] {dag.py:3441} INFO - Setting next_dagrun for example_sla_dag to 2025-10-06T15:44:00+00:00, run_after=2025-10-06T15:46:00+00:00
[2025-10-06T15:46:33.874+0000] {processor.py:175} INFO - Processing /home/airflow/.local/lib/python3.7/site-packages/airflow/example_dags/example_sla_dag.py took 0.046 seconds
