[2025-10-06T15:34:54.932+0000] {processor.py:153} INFO - Started process (PID=54) to work on /home/airflow/.local/lib/python3.7/site-packages/airflow/example_dags/example_latest_only_with_trigger.py
[2025-10-06T15:34:54.933+0000] {processor.py:743} INFO - Processing file /home/airflow/.local/lib/python3.7/site-packages/airflow/example_dags/example_latest_only_with_trigger.py for tasks to queue
[2025-10-06T15:34:54.933+0000] {logging_mixin.py:137} INFO - [2025-10-06T15:34:54.933+0000] {dagbag.py:538} INFO - Filling up the DagBag from /home/airflow/.local/lib/python3.7/site-packages/airflow/example_dags/example_latest_only_with_trigger.py
[2025-10-06T15:34:54.941+0000] {processor.py:753} INFO - DAG(s) dict_keys(['latest_only_with_trigger']) retrieved from /home/airflow/.local/lib/python3.7/site-packages/airflow/example_dags/example_latest_only_with_trigger.py
[2025-10-06T15:34:54.950+0000] {logging_mixin.py:137} INFO - [2025-10-06T15:34:54.950+0000] {dag.py:2690} INFO - Sync 1 DAGs
[2025-10-06T15:34:54.962+0000] {logging_mixin.py:137} INFO - [2025-10-06T15:34:54.961+0000] {dag.py:3441} INFO - Setting next_dagrun for latest_only_with_trigger to 2025-10-06T11:34:54.961857+00:00, run_after=2025-10-06T15:34:54.961857+00:00
[2025-10-06T15:34:54.970+0000] {processor.py:175} INFO - Processing /home/airflow/.local/lib/python3.7/site-packages/airflow/example_dags/example_latest_only_with_trigger.py took 0.040 seconds
[2025-10-06T15:35:25.507+0000] {processor.py:153} INFO - Started process (PID=153) to work on /home/airflow/.local/lib/python3.7/site-packages/airflow/example_dags/example_latest_only_with_trigger.py
[2025-10-06T15:35:25.508+0000] {processor.py:743} INFO - Processing file /home/airflow/.local/lib/python3.7/site-packages/airflow/example_dags/example_latest_only_with_trigger.py for tasks to queue
[2025-10-06T15:35:25.508+0000] {logging_mixin.py:137} INFO - [2025-10-06T15:35:25.508+0000] {dagbag.py:538} INFO - Filling up the DagBag from /home/airflow/.local/lib/python3.7/site-packages/airflow/example_dags/example_latest_only_with_trigger.py
[2025-10-06T15:35:25.514+0000] {processor.py:753} INFO - DAG(s) dict_keys(['latest_only_with_trigger']) retrieved from /home/airflow/.local/lib/python3.7/site-packages/airflow/example_dags/example_latest_only_with_trigger.py
[2025-10-06T15:35:25.525+0000] {logging_mixin.py:137} INFO - [2025-10-06T15:35:25.525+0000] {dag.py:2690} INFO - Sync 1 DAGs
[2025-10-06T15:35:25.536+0000] {logging_mixin.py:137} INFO - [2025-10-06T15:35:25.536+0000] {dag.py:3441} INFO - Setting next_dagrun for latest_only_with_trigger to 2025-10-06T11:35:25.536110+00:00, run_after=2025-10-06T15:35:25.536110+00:00
[2025-10-06T15:35:25.543+0000] {processor.py:175} INFO - Processing /home/airflow/.local/lib/python3.7/site-packages/airflow/example_dags/example_latest_only_with_trigger.py took 0.038 seconds
[2025-10-06T15:35:55.917+0000] {processor.py:153} INFO - Started process (PID=252) to work on /home/airflow/.local/lib/python3.7/site-packages/airflow/example_dags/example_latest_only_with_trigger.py
[2025-10-06T15:35:55.917+0000] {processor.py:743} INFO - Processing file /home/airflow/.local/lib/python3.7/site-packages/airflow/example_dags/example_latest_only_with_trigger.py for tasks to queue
[2025-10-06T15:35:55.917+0000] {logging_mixin.py:137} INFO - [2025-10-06T15:35:55.917+0000] {dagbag.py:538} INFO - Filling up the DagBag from /home/airflow/.local/lib/python3.7/site-packages/airflow/example_dags/example_latest_only_with_trigger.py
[2025-10-06T15:35:55.923+0000] {processor.py:753} INFO - DAG(s) dict_keys(['latest_only_with_trigger']) retrieved from /home/airflow/.local/lib/python3.7/site-packages/airflow/example_dags/example_latest_only_with_trigger.py
[2025-10-06T15:35:55.934+0000] {logging_mixin.py:137} INFO - [2025-10-06T15:35:55.934+0000] {dag.py:2690} INFO - Sync 1 DAGs
[2025-10-06T15:35:55.948+0000] {logging_mixin.py:137} INFO - [2025-10-06T15:35:55.948+0000] {dag.py:3441} INFO - Setting next_dagrun for latest_only_with_trigger to 2025-10-06T11:35:55.948105+00:00, run_after=2025-10-06T15:35:55.948105+00:00
[2025-10-06T15:35:55.958+0000] {processor.py:175} INFO - Processing /home/airflow/.local/lib/python3.7/site-packages/airflow/example_dags/example_latest_only_with_trigger.py took 0.043 seconds
[2025-10-06T15:36:26.404+0000] {processor.py:153} INFO - Started process (PID=331) to work on /home/airflow/.local/lib/python3.7/site-packages/airflow/example_dags/example_latest_only_with_trigger.py
[2025-10-06T15:36:26.404+0000] {processor.py:743} INFO - Processing file /home/airflow/.local/lib/python3.7/site-packages/airflow/example_dags/example_latest_only_with_trigger.py for tasks to queue
[2025-10-06T15:36:26.404+0000] {logging_mixin.py:137} INFO - [2025-10-06T15:36:26.404+0000] {dagbag.py:538} INFO - Filling up the DagBag from /home/airflow/.local/lib/python3.7/site-packages/airflow/example_dags/example_latest_only_with_trigger.py
[2025-10-06T15:36:26.410+0000] {processor.py:753} INFO - DAG(s) dict_keys(['latest_only_with_trigger']) retrieved from /home/airflow/.local/lib/python3.7/site-packages/airflow/example_dags/example_latest_only_with_trigger.py
[2025-10-06T15:36:26.419+0000] {logging_mixin.py:137} INFO - [2025-10-06T15:36:26.419+0000] {dag.py:2690} INFO - Sync 1 DAGs
[2025-10-06T15:36:26.428+0000] {logging_mixin.py:137} INFO - [2025-10-06T15:36:26.428+0000] {dag.py:3441} INFO - Setting next_dagrun for latest_only_with_trigger to 2025-10-06T11:36:26.428602+00:00, run_after=2025-10-06T15:36:26.428602+00:00
[2025-10-06T15:36:26.435+0000] {processor.py:175} INFO - Processing /home/airflow/.local/lib/python3.7/site-packages/airflow/example_dags/example_latest_only_with_trigger.py took 0.032 seconds
[2025-10-06T15:36:56.852+0000] {processor.py:153} INFO - Started process (PID=430) to work on /home/airflow/.local/lib/python3.7/site-packages/airflow/example_dags/example_latest_only_with_trigger.py
[2025-10-06T15:36:56.853+0000] {processor.py:743} INFO - Processing file /home/airflow/.local/lib/python3.7/site-packages/airflow/example_dags/example_latest_only_with_trigger.py for tasks to queue
[2025-10-06T15:36:56.854+0000] {logging_mixin.py:137} INFO - [2025-10-06T15:36:56.854+0000] {dagbag.py:538} INFO - Filling up the DagBag from /home/airflow/.local/lib/python3.7/site-packages/airflow/example_dags/example_latest_only_with_trigger.py
[2025-10-06T15:36:56.860+0000] {processor.py:753} INFO - DAG(s) dict_keys(['latest_only_with_trigger']) retrieved from /home/airflow/.local/lib/python3.7/site-packages/airflow/example_dags/example_latest_only_with_trigger.py
[2025-10-06T15:36:56.870+0000] {logging_mixin.py:137} INFO - [2025-10-06T15:36:56.870+0000] {dag.py:2690} INFO - Sync 1 DAGs
[2025-10-06T15:36:56.881+0000] {logging_mixin.py:137} INFO - [2025-10-06T15:36:56.881+0000] {dag.py:3441} INFO - Setting next_dagrun for latest_only_with_trigger to 2025-10-06T11:36:56.881797+00:00, run_after=2025-10-06T15:36:56.881797+00:00
[2025-10-06T15:36:56.891+0000] {processor.py:175} INFO - Processing /home/airflow/.local/lib/python3.7/site-packages/airflow/example_dags/example_latest_only_with_trigger.py took 0.040 seconds
[2025-10-06T15:37:27.269+0000] {processor.py:153} INFO - Started process (PID=529) to work on /home/airflow/.local/lib/python3.7/site-packages/airflow/example_dags/example_latest_only_with_trigger.py
[2025-10-06T15:37:27.269+0000] {processor.py:743} INFO - Processing file /home/airflow/.local/lib/python3.7/site-packages/airflow/example_dags/example_latest_only_with_trigger.py for tasks to queue
[2025-10-06T15:37:27.270+0000] {logging_mixin.py:137} INFO - [2025-10-06T15:37:27.269+0000] {dagbag.py:538} INFO - Filling up the DagBag from /home/airflow/.local/lib/python3.7/site-packages/airflow/example_dags/example_latest_only_with_trigger.py
[2025-10-06T15:37:27.276+0000] {processor.py:753} INFO - DAG(s) dict_keys(['latest_only_with_trigger']) retrieved from /home/airflow/.local/lib/python3.7/site-packages/airflow/example_dags/example_latest_only_with_trigger.py
[2025-10-06T15:37:27.289+0000] {logging_mixin.py:137} INFO - [2025-10-06T15:37:27.289+0000] {dag.py:2690} INFO - Sync 1 DAGs
[2025-10-06T15:37:27.302+0000] {logging_mixin.py:137} INFO - [2025-10-06T15:37:27.301+0000] {dag.py:3441} INFO - Setting next_dagrun for latest_only_with_trigger to 2025-10-06T11:37:27.301836+00:00, run_after=2025-10-06T15:37:27.301836+00:00
[2025-10-06T15:37:27.311+0000] {processor.py:175} INFO - Processing /home/airflow/.local/lib/python3.7/site-packages/airflow/example_dags/example_latest_only_with_trigger.py took 0.044 seconds
[2025-10-06T15:37:57.624+0000] {processor.py:153} INFO - Started process (PID=628) to work on /home/airflow/.local/lib/python3.7/site-packages/airflow/example_dags/example_latest_only_with_trigger.py
[2025-10-06T15:37:57.626+0000] {processor.py:743} INFO - Processing file /home/airflow/.local/lib/python3.7/site-packages/airflow/example_dags/example_latest_only_with_trigger.py for tasks to queue
[2025-10-06T15:37:57.626+0000] {logging_mixin.py:137} INFO - [2025-10-06T15:37:57.626+0000] {dagbag.py:538} INFO - Filling up the DagBag from /home/airflow/.local/lib/python3.7/site-packages/airflow/example_dags/example_latest_only_with_trigger.py
[2025-10-06T15:37:57.632+0000] {processor.py:753} INFO - DAG(s) dict_keys(['latest_only_with_trigger']) retrieved from /home/airflow/.local/lib/python3.7/site-packages/airflow/example_dags/example_latest_only_with_trigger.py
[2025-10-06T15:37:57.643+0000] {logging_mixin.py:137} INFO - [2025-10-06T15:37:57.643+0000] {dag.py:2690} INFO - Sync 1 DAGs
[2025-10-06T15:37:57.656+0000] {logging_mixin.py:137} INFO - [2025-10-06T15:37:57.656+0000] {dag.py:3441} INFO - Setting next_dagrun for latest_only_with_trigger to 2025-10-06T11:37:57.656102+00:00, run_after=2025-10-06T15:37:57.656102+00:00
[2025-10-06T15:37:57.665+0000] {processor.py:175} INFO - Processing /home/airflow/.local/lib/python3.7/site-packages/airflow/example_dags/example_latest_only_with_trigger.py took 0.043 seconds
[2025-10-06T15:38:28.069+0000] {processor.py:153} INFO - Started process (PID=707) to work on /home/airflow/.local/lib/python3.7/site-packages/airflow/example_dags/example_latest_only_with_trigger.py
[2025-10-06T15:38:28.069+0000] {processor.py:743} INFO - Processing file /home/airflow/.local/lib/python3.7/site-packages/airflow/example_dags/example_latest_only_with_trigger.py for tasks to queue
[2025-10-06T15:38:28.069+0000] {logging_mixin.py:137} INFO - [2025-10-06T15:38:28.069+0000] {dagbag.py:538} INFO - Filling up the DagBag from /home/airflow/.local/lib/python3.7/site-packages/airflow/example_dags/example_latest_only_with_trigger.py
[2025-10-06T15:38:28.074+0000] {processor.py:753} INFO - DAG(s) dict_keys(['latest_only_with_trigger']) retrieved from /home/airflow/.local/lib/python3.7/site-packages/airflow/example_dags/example_latest_only_with_trigger.py
[2025-10-06T15:38:28.084+0000] {logging_mixin.py:137} INFO - [2025-10-06T15:38:28.084+0000] {dag.py:2690} INFO - Sync 1 DAGs
[2025-10-06T15:38:28.094+0000] {logging_mixin.py:137} INFO - [2025-10-06T15:38:28.094+0000] {dag.py:3441} INFO - Setting next_dagrun for latest_only_with_trigger to 2025-10-06T11:38:28.094130+00:00, run_after=2025-10-06T15:38:28.094130+00:00
[2025-10-06T15:38:28.101+0000] {processor.py:175} INFO - Processing /home/airflow/.local/lib/python3.7/site-packages/airflow/example_dags/example_latest_only_with_trigger.py took 0.034 seconds
[2025-10-06T15:38:58.476+0000] {processor.py:153} INFO - Started process (PID=806) to work on /home/airflow/.local/lib/python3.7/site-packages/airflow/example_dags/example_latest_only_with_trigger.py
[2025-10-06T15:38:58.477+0000] {processor.py:743} INFO - Processing file /home/airflow/.local/lib/python3.7/site-packages/airflow/example_dags/example_latest_only_with_trigger.py for tasks to queue
[2025-10-06T15:38:58.477+0000] {logging_mixin.py:137} INFO - [2025-10-06T15:38:58.477+0000] {dagbag.py:538} INFO - Filling up the DagBag from /home/airflow/.local/lib/python3.7/site-packages/airflow/example_dags/example_latest_only_with_trigger.py
[2025-10-06T15:38:58.484+0000] {processor.py:753} INFO - DAG(s) dict_keys(['latest_only_with_trigger']) retrieved from /home/airflow/.local/lib/python3.7/site-packages/airflow/example_dags/example_latest_only_with_trigger.py
[2025-10-06T15:38:58.494+0000] {logging_mixin.py:137} INFO - [2025-10-06T15:38:58.494+0000] {dag.py:2690} INFO - Sync 1 DAGs
[2025-10-06T15:38:58.504+0000] {logging_mixin.py:137} INFO - [2025-10-06T15:38:58.504+0000] {dag.py:3441} INFO - Setting next_dagrun for latest_only_with_trigger to 2025-10-06T11:38:58.504781+00:00, run_after=2025-10-06T15:38:58.504781+00:00
[2025-10-06T15:38:58.514+0000] {processor.py:175} INFO - Processing /home/airflow/.local/lib/python3.7/site-packages/airflow/example_dags/example_latest_only_with_trigger.py took 0.039 seconds
[2025-10-06T15:39:28.855+0000] {processor.py:153} INFO - Started process (PID=905) to work on /home/airflow/.local/lib/python3.7/site-packages/airflow/example_dags/example_latest_only_with_trigger.py
[2025-10-06T15:39:28.855+0000] {processor.py:743} INFO - Processing file /home/airflow/.local/lib/python3.7/site-packages/airflow/example_dags/example_latest_only_with_trigger.py for tasks to queue
[2025-10-06T15:39:28.855+0000] {logging_mixin.py:137} INFO - [2025-10-06T15:39:28.855+0000] {dagbag.py:538} INFO - Filling up the DagBag from /home/airflow/.local/lib/python3.7/site-packages/airflow/example_dags/example_latest_only_with_trigger.py
[2025-10-06T15:39:28.861+0000] {processor.py:753} INFO - DAG(s) dict_keys(['latest_only_with_trigger']) retrieved from /home/airflow/.local/lib/python3.7/site-packages/airflow/example_dags/example_latest_only_with_trigger.py
[2025-10-06T15:39:28.872+0000] {logging_mixin.py:137} INFO - [2025-10-06T15:39:28.872+0000] {dag.py:2690} INFO - Sync 1 DAGs
[2025-10-06T15:39:28.883+0000] {logging_mixin.py:137} INFO - [2025-10-06T15:39:28.883+0000] {dag.py:3441} INFO - Setting next_dagrun for latest_only_with_trigger to 2025-10-06T11:39:28.883549+00:00, run_after=2025-10-06T15:39:28.883549+00:00
[2025-10-06T15:39:28.892+0000] {processor.py:175} INFO - Processing /home/airflow/.local/lib/python3.7/site-packages/airflow/example_dags/example_latest_only_with_trigger.py took 0.039 seconds
[2025-10-06T15:39:59.264+0000] {processor.py:153} INFO - Started process (PID=1004) to work on /home/airflow/.local/lib/python3.7/site-packages/airflow/example_dags/example_latest_only_with_trigger.py
[2025-10-06T15:39:59.264+0000] {processor.py:743} INFO - Processing file /home/airflow/.local/lib/python3.7/site-packages/airflow/example_dags/example_latest_only_with_trigger.py for tasks to queue
[2025-10-06T15:39:59.265+0000] {logging_mixin.py:137} INFO - [2025-10-06T15:39:59.265+0000] {dagbag.py:538} INFO - Filling up the DagBag from /home/airflow/.local/lib/python3.7/site-packages/airflow/example_dags/example_latest_only_with_trigger.py
[2025-10-06T15:39:59.270+0000] {processor.py:753} INFO - DAG(s) dict_keys(['latest_only_with_trigger']) retrieved from /home/airflow/.local/lib/python3.7/site-packages/airflow/example_dags/example_latest_only_with_trigger.py
[2025-10-06T15:39:59.280+0000] {logging_mixin.py:137} INFO - [2025-10-06T15:39:59.280+0000] {dag.py:2690} INFO - Sync 1 DAGs
[2025-10-06T15:39:59.291+0000] {logging_mixin.py:137} INFO - [2025-10-06T15:39:59.291+0000] {dag.py:3441} INFO - Setting next_dagrun for latest_only_with_trigger to 2025-10-06T11:39:59.291414+00:00, run_after=2025-10-06T15:39:59.291414+00:00
[2025-10-06T15:39:59.298+0000] {processor.py:175} INFO - Processing /home/airflow/.local/lib/python3.7/site-packages/airflow/example_dags/example_latest_only_with_trigger.py took 0.036 seconds
[2025-10-06T15:40:29.443+0000] {processor.py:153} INFO - Started process (PID=1083) to work on /home/airflow/.local/lib/python3.7/site-packages/airflow/example_dags/example_latest_only_with_trigger.py
[2025-10-06T15:40:29.443+0000] {processor.py:743} INFO - Processing file /home/airflow/.local/lib/python3.7/site-packages/airflow/example_dags/example_latest_only_with_trigger.py for tasks to queue
[2025-10-06T15:40:29.444+0000] {logging_mixin.py:137} INFO - [2025-10-06T15:40:29.444+0000] {dagbag.py:538} INFO - Filling up the DagBag from /home/airflow/.local/lib/python3.7/site-packages/airflow/example_dags/example_latest_only_with_trigger.py
[2025-10-06T15:40:29.449+0000] {processor.py:753} INFO - DAG(s) dict_keys(['latest_only_with_trigger']) retrieved from /home/airflow/.local/lib/python3.7/site-packages/airflow/example_dags/example_latest_only_with_trigger.py
[2025-10-06T15:40:29.459+0000] {logging_mixin.py:137} INFO - [2025-10-06T15:40:29.459+0000] {dag.py:2690} INFO - Sync 1 DAGs
[2025-10-06T15:40:29.469+0000] {logging_mixin.py:137} INFO - [2025-10-06T15:40:29.469+0000] {dag.py:3441} INFO - Setting next_dagrun for latest_only_with_trigger to 2025-10-06T11:40:29.469241+00:00, run_after=2025-10-06T15:40:29.469241+00:00
[2025-10-06T15:40:29.476+0000] {processor.py:175} INFO - Processing /home/airflow/.local/lib/python3.7/site-packages/airflow/example_dags/example_latest_only_with_trigger.py took 0.034 seconds
[2025-10-06T15:40:59.696+0000] {processor.py:153} INFO - Started process (PID=1182) to work on /home/airflow/.local/lib/python3.7/site-packages/airflow/example_dags/example_latest_only_with_trigger.py
[2025-10-06T15:40:59.697+0000] {processor.py:743} INFO - Processing file /home/airflow/.local/lib/python3.7/site-packages/airflow/example_dags/example_latest_only_with_trigger.py for tasks to queue
[2025-10-06T15:40:59.697+0000] {logging_mixin.py:137} INFO - [2025-10-06T15:40:59.697+0000] {dagbag.py:538} INFO - Filling up the DagBag from /home/airflow/.local/lib/python3.7/site-packages/airflow/example_dags/example_latest_only_with_trigger.py
[2025-10-06T15:40:59.707+0000] {processor.py:753} INFO - DAG(s) dict_keys(['latest_only_with_trigger']) retrieved from /home/airflow/.local/lib/python3.7/site-packages/airflow/example_dags/example_latest_only_with_trigger.py
[2025-10-06T15:40:59.717+0000] {logging_mixin.py:137} INFO - [2025-10-06T15:40:59.717+0000] {dag.py:2690} INFO - Sync 1 DAGs
[2025-10-06T15:40:59.729+0000] {logging_mixin.py:137} INFO - [2025-10-06T15:40:59.729+0000] {dag.py:3441} INFO - Setting next_dagrun for latest_only_with_trigger to 2025-10-06T11:40:59.729288+00:00, run_after=2025-10-06T15:40:59.729288+00:00
[2025-10-06T15:40:59.736+0000] {processor.py:175} INFO - Processing /home/airflow/.local/lib/python3.7/site-packages/airflow/example_dags/example_latest_only_with_trigger.py took 0.042 seconds
[2025-10-06T15:41:29.993+0000] {processor.py:153} INFO - Started process (PID=1281) to work on /home/airflow/.local/lib/python3.7/site-packages/airflow/example_dags/example_latest_only_with_trigger.py
[2025-10-06T15:41:29.994+0000] {processor.py:743} INFO - Processing file /home/airflow/.local/lib/python3.7/site-packages/airflow/example_dags/example_latest_only_with_trigger.py for tasks to queue
[2025-10-06T15:41:29.994+0000] {logging_mixin.py:137} INFO - [2025-10-06T15:41:29.994+0000] {dagbag.py:538} INFO - Filling up the DagBag from /home/airflow/.local/lib/python3.7/site-packages/airflow/example_dags/example_latest_only_with_trigger.py
[2025-10-06T15:41:30.001+0000] {processor.py:753} INFO - DAG(s) dict_keys(['latest_only_with_trigger']) retrieved from /home/airflow/.local/lib/python3.7/site-packages/airflow/example_dags/example_latest_only_with_trigger.py
[2025-10-06T15:41:30.011+0000] {logging_mixin.py:137} INFO - [2025-10-06T15:41:30.011+0000] {dag.py:2690} INFO - Sync 1 DAGs
[2025-10-06T15:41:30.021+0000] {logging_mixin.py:137} INFO - [2025-10-06T15:41:30.021+0000] {dag.py:3441} INFO - Setting next_dagrun for latest_only_with_trigger to 2025-10-06T11:41:30.021466+00:00, run_after=2025-10-06T15:41:30.021466+00:00
[2025-10-06T15:41:30.028+0000] {processor.py:175} INFO - Processing /home/airflow/.local/lib/python3.7/site-packages/airflow/example_dags/example_latest_only_with_trigger.py took 0.036 seconds
[2025-10-06T15:42:00.368+0000] {processor.py:153} INFO - Started process (PID=1380) to work on /home/airflow/.local/lib/python3.7/site-packages/airflow/example_dags/example_latest_only_with_trigger.py
[2025-10-06T15:42:00.369+0000] {processor.py:743} INFO - Processing file /home/airflow/.local/lib/python3.7/site-packages/airflow/example_dags/example_latest_only_with_trigger.py for tasks to queue
[2025-10-06T15:42:00.369+0000] {logging_mixin.py:137} INFO - [2025-10-06T15:42:00.369+0000] {dagbag.py:538} INFO - Filling up the DagBag from /home/airflow/.local/lib/python3.7/site-packages/airflow/example_dags/example_latest_only_with_trigger.py
[2025-10-06T15:42:00.379+0000] {processor.py:753} INFO - DAG(s) dict_keys(['latest_only_with_trigger']) retrieved from /home/airflow/.local/lib/python3.7/site-packages/airflow/example_dags/example_latest_only_with_trigger.py
[2025-10-06T15:42:00.391+0000] {logging_mixin.py:137} INFO - [2025-10-06T15:42:00.391+0000] {dag.py:2690} INFO - Sync 1 DAGs
[2025-10-06T15:42:00.402+0000] {logging_mixin.py:137} INFO - [2025-10-06T15:42:00.402+0000] {dag.py:3441} INFO - Setting next_dagrun for latest_only_with_trigger to 2025-10-06T11:42:00.402516+00:00, run_after=2025-10-06T15:42:00.402516+00:00
[2025-10-06T15:42:00.409+0000] {processor.py:175} INFO - Processing /home/airflow/.local/lib/python3.7/site-packages/airflow/example_dags/example_latest_only_with_trigger.py took 0.043 seconds
[2025-10-06T15:42:30.644+0000] {processor.py:153} INFO - Started process (PID=1459) to work on /home/airflow/.local/lib/python3.7/site-packages/airflow/example_dags/example_latest_only_with_trigger.py
[2025-10-06T15:42:30.646+0000] {processor.py:743} INFO - Processing file /home/airflow/.local/lib/python3.7/site-packages/airflow/example_dags/example_latest_only_with_trigger.py for tasks to queue
[2025-10-06T15:42:30.647+0000] {logging_mixin.py:137} INFO - [2025-10-06T15:42:30.647+0000] {dagbag.py:538} INFO - Filling up the DagBag from /home/airflow/.local/lib/python3.7/site-packages/airflow/example_dags/example_latest_only_with_trigger.py
[2025-10-06T15:42:30.654+0000] {processor.py:753} INFO - DAG(s) dict_keys(['latest_only_with_trigger']) retrieved from /home/airflow/.local/lib/python3.7/site-packages/airflow/example_dags/example_latest_only_with_trigger.py
[2025-10-06T15:42:30.666+0000] {logging_mixin.py:137} INFO - [2025-10-06T15:42:30.666+0000] {dag.py:2690} INFO - Sync 1 DAGs
[2025-10-06T15:42:30.677+0000] {logging_mixin.py:137} INFO - [2025-10-06T15:42:30.677+0000] {dag.py:3441} INFO - Setting next_dagrun for latest_only_with_trigger to 2025-10-06T11:42:30.677735+00:00, run_after=2025-10-06T15:42:30.677735+00:00
[2025-10-06T15:42:30.685+0000] {processor.py:175} INFO - Processing /home/airflow/.local/lib/python3.7/site-packages/airflow/example_dags/example_latest_only_with_trigger.py took 0.042 seconds
[2025-10-06T15:43:00.881+0000] {processor.py:153} INFO - Started process (PID=1559) to work on /home/airflow/.local/lib/python3.7/site-packages/airflow/example_dags/example_latest_only_with_trigger.py
[2025-10-06T15:43:00.882+0000] {processor.py:743} INFO - Processing file /home/airflow/.local/lib/python3.7/site-packages/airflow/example_dags/example_latest_only_with_trigger.py for tasks to queue
[2025-10-06T15:43:00.882+0000] {logging_mixin.py:137} INFO - [2025-10-06T15:43:00.882+0000] {dagbag.py:538} INFO - Filling up the DagBag from /home/airflow/.local/lib/python3.7/site-packages/airflow/example_dags/example_latest_only_with_trigger.py
[2025-10-06T15:43:00.888+0000] {processor.py:753} INFO - DAG(s) dict_keys(['latest_only_with_trigger']) retrieved from /home/airflow/.local/lib/python3.7/site-packages/airflow/example_dags/example_latest_only_with_trigger.py
[2025-10-06T15:43:00.899+0000] {logging_mixin.py:137} INFO - [2025-10-06T15:43:00.899+0000] {dag.py:2690} INFO - Sync 1 DAGs
[2025-10-06T15:43:00.909+0000] {logging_mixin.py:137} INFO - [2025-10-06T15:43:00.909+0000] {dag.py:3441} INFO - Setting next_dagrun for latest_only_with_trigger to 2025-10-06T11:43:00.909424+00:00, run_after=2025-10-06T15:43:00.909424+00:00
[2025-10-06T15:43:00.916+0000] {processor.py:175} INFO - Processing /home/airflow/.local/lib/python3.7/site-packages/airflow/example_dags/example_latest_only_with_trigger.py took 0.036 seconds
[2025-10-06T15:43:31.168+0000] {processor.py:153} INFO - Started process (PID=1658) to work on /home/airflow/.local/lib/python3.7/site-packages/airflow/example_dags/example_latest_only_with_trigger.py
[2025-10-06T15:43:31.168+0000] {processor.py:743} INFO - Processing file /home/airflow/.local/lib/python3.7/site-packages/airflow/example_dags/example_latest_only_with_trigger.py for tasks to queue
[2025-10-06T15:43:31.169+0000] {logging_mixin.py:137} INFO - [2025-10-06T15:43:31.169+0000] {dagbag.py:538} INFO - Filling up the DagBag from /home/airflow/.local/lib/python3.7/site-packages/airflow/example_dags/example_latest_only_with_trigger.py
[2025-10-06T15:43:31.176+0000] {processor.py:753} INFO - DAG(s) dict_keys(['latest_only_with_trigger']) retrieved from /home/airflow/.local/lib/python3.7/site-packages/airflow/example_dags/example_latest_only_with_trigger.py
[2025-10-06T15:43:31.189+0000] {logging_mixin.py:137} INFO - [2025-10-06T15:43:31.189+0000] {dag.py:2690} INFO - Sync 1 DAGs
[2025-10-06T15:43:31.201+0000] {logging_mixin.py:137} INFO - [2025-10-06T15:43:31.201+0000] {dag.py:3441} INFO - Setting next_dagrun for latest_only_with_trigger to 2025-10-06T11:43:31.201129+00:00, run_after=2025-10-06T15:43:31.201129+00:00
[2025-10-06T15:43:31.209+0000] {processor.py:175} INFO - Processing /home/airflow/.local/lib/python3.7/site-packages/airflow/example_dags/example_latest_only_with_trigger.py took 0.043 seconds
[2025-10-06T15:44:01.580+0000] {processor.py:153} INFO - Started process (PID=1757) to work on /home/airflow/.local/lib/python3.7/site-packages/airflow/example_dags/example_latest_only_with_trigger.py
[2025-10-06T15:44:01.580+0000] {processor.py:743} INFO - Processing file /home/airflow/.local/lib/python3.7/site-packages/airflow/example_dags/example_latest_only_with_trigger.py for tasks to queue
[2025-10-06T15:44:01.581+0000] {logging_mixin.py:137} INFO - [2025-10-06T15:44:01.581+0000] {dagbag.py:538} INFO - Filling up the DagBag from /home/airflow/.local/lib/python3.7/site-packages/airflow/example_dags/example_latest_only_with_trigger.py
[2025-10-06T15:44:01.589+0000] {processor.py:753} INFO - DAG(s) dict_keys(['latest_only_with_trigger']) retrieved from /home/airflow/.local/lib/python3.7/site-packages/airflow/example_dags/example_latest_only_with_trigger.py
[2025-10-06T15:44:01.599+0000] {logging_mixin.py:137} INFO - [2025-10-06T15:44:01.599+0000] {dag.py:2690} INFO - Sync 1 DAGs
[2025-10-06T15:44:01.610+0000] {logging_mixin.py:137} INFO - [2025-10-06T15:44:01.610+0000] {dag.py:3441} INFO - Setting next_dagrun for latest_only_with_trigger to 2025-10-06T11:44:01.610171+00:00, run_after=2025-10-06T15:44:01.610171+00:00
[2025-10-06T15:44:01.618+0000] {processor.py:175} INFO - Processing /home/airflow/.local/lib/python3.7/site-packages/airflow/example_dags/example_latest_only_with_trigger.py took 0.039 seconds
[2025-10-06T15:44:31.963+0000] {processor.py:153} INFO - Started process (PID=1836) to work on /home/airflow/.local/lib/python3.7/site-packages/airflow/example_dags/example_latest_only_with_trigger.py
[2025-10-06T15:44:31.967+0000] {processor.py:743} INFO - Processing file /home/airflow/.local/lib/python3.7/site-packages/airflow/example_dags/example_latest_only_with_trigger.py for tasks to queue
[2025-10-06T15:44:31.967+0000] {logging_mixin.py:137} INFO - [2025-10-06T15:44:31.967+0000] {dagbag.py:538} INFO - Filling up the DagBag from /home/airflow/.local/lib/python3.7/site-packages/airflow/example_dags/example_latest_only_with_trigger.py
[2025-10-06T15:44:31.974+0000] {processor.py:753} INFO - DAG(s) dict_keys(['latest_only_with_trigger']) retrieved from /home/airflow/.local/lib/python3.7/site-packages/airflow/example_dags/example_latest_only_with_trigger.py
[2025-10-06T15:44:31.985+0000] {logging_mixin.py:137} INFO - [2025-10-06T15:44:31.985+0000] {dag.py:2690} INFO - Sync 1 DAGs
[2025-10-06T15:44:31.996+0000] {logging_mixin.py:137} INFO - [2025-10-06T15:44:31.996+0000] {dag.py:3441} INFO - Setting next_dagrun for latest_only_with_trigger to 2025-10-06T11:44:31.995972+00:00, run_after=2025-10-06T15:44:31.995972+00:00
[2025-10-06T15:44:32.004+0000] {processor.py:175} INFO - Processing /home/airflow/.local/lib/python3.7/site-packages/airflow/example_dags/example_latest_only_with_trigger.py took 0.044 seconds
[2025-10-06T15:45:02.320+0000] {processor.py:153} INFO - Started process (PID=1935) to work on /home/airflow/.local/lib/python3.7/site-packages/airflow/example_dags/example_latest_only_with_trigger.py
[2025-10-06T15:45:02.320+0000] {processor.py:743} INFO - Processing file /home/airflow/.local/lib/python3.7/site-packages/airflow/example_dags/example_latest_only_with_trigger.py for tasks to queue
[2025-10-06T15:45:02.320+0000] {logging_mixin.py:137} INFO - [2025-10-06T15:45:02.320+0000] {dagbag.py:538} INFO - Filling up the DagBag from /home/airflow/.local/lib/python3.7/site-packages/airflow/example_dags/example_latest_only_with_trigger.py
[2025-10-06T15:45:02.326+0000] {processor.py:753} INFO - DAG(s) dict_keys(['latest_only_with_trigger']) retrieved from /home/airflow/.local/lib/python3.7/site-packages/airflow/example_dags/example_latest_only_with_trigger.py
[2025-10-06T15:45:02.340+0000] {logging_mixin.py:137} INFO - [2025-10-06T15:45:02.340+0000] {dag.py:2690} INFO - Sync 1 DAGs
[2025-10-06T15:45:02.351+0000] {logging_mixin.py:137} INFO - [2025-10-06T15:45:02.351+0000] {dag.py:3441} INFO - Setting next_dagrun for latest_only_with_trigger to 2025-10-06T11:45:02.351064+00:00, run_after=2025-10-06T15:45:02.351064+00:00
[2025-10-06T15:45:02.361+0000] {processor.py:175} INFO - Processing /home/airflow/.local/lib/python3.7/site-packages/airflow/example_dags/example_latest_only_with_trigger.py took 0.043 seconds
[2025-10-06T15:45:32.621+0000] {processor.py:153} INFO - Started process (PID=2034) to work on /home/airflow/.local/lib/python3.7/site-packages/airflow/example_dags/example_latest_only_with_trigger.py
[2025-10-06T15:45:32.623+0000] {processor.py:743} INFO - Processing file /home/airflow/.local/lib/python3.7/site-packages/airflow/example_dags/example_latest_only_with_trigger.py for tasks to queue
[2025-10-06T15:45:32.623+0000] {logging_mixin.py:137} INFO - [2025-10-06T15:45:32.623+0000] {dagbag.py:538} INFO - Filling up the DagBag from /home/airflow/.local/lib/python3.7/site-packages/airflow/example_dags/example_latest_only_with_trigger.py
[2025-10-06T15:45:32.629+0000] {processor.py:753} INFO - DAG(s) dict_keys(['latest_only_with_trigger']) retrieved from /home/airflow/.local/lib/python3.7/site-packages/airflow/example_dags/example_latest_only_with_trigger.py
[2025-10-06T15:45:32.640+0000] {logging_mixin.py:137} INFO - [2025-10-06T15:45:32.640+0000] {dag.py:2690} INFO - Sync 1 DAGs
[2025-10-06T15:45:32.651+0000] {logging_mixin.py:137} INFO - [2025-10-06T15:45:32.651+0000] {dag.py:3441} INFO - Setting next_dagrun for latest_only_with_trigger to 2025-10-06T11:45:32.651312+00:00, run_after=2025-10-06T15:45:32.651312+00:00
[2025-10-06T15:45:32.662+0000] {processor.py:175} INFO - Processing /home/airflow/.local/lib/python3.7/site-packages/airflow/example_dags/example_latest_only_with_trigger.py took 0.043 seconds
[2025-10-06T15:46:02.916+0000] {processor.py:153} INFO - Started process (PID=2122) to work on /home/airflow/.local/lib/python3.7/site-packages/airflow/example_dags/example_latest_only_with_trigger.py
[2025-10-06T15:46:02.917+0000] {processor.py:743} INFO - Processing file /home/airflow/.local/lib/python3.7/site-packages/airflow/example_dags/example_latest_only_with_trigger.py for tasks to queue
[2025-10-06T15:46:02.917+0000] {logging_mixin.py:137} INFO - [2025-10-06T15:46:02.917+0000] {dagbag.py:538} INFO - Filling up the DagBag from /home/airflow/.local/lib/python3.7/site-packages/airflow/example_dags/example_latest_only_with_trigger.py
[2025-10-06T15:46:02.924+0000] {processor.py:753} INFO - DAG(s) dict_keys(['latest_only_with_trigger']) retrieved from /home/airflow/.local/lib/python3.7/site-packages/airflow/example_dags/example_latest_only_with_trigger.py
[2025-10-06T15:46:02.935+0000] {logging_mixin.py:137} INFO - [2025-10-06T15:46:02.935+0000] {dag.py:2690} INFO - Sync 1 DAGs
[2025-10-06T15:46:02.947+0000] {logging_mixin.py:137} INFO - [2025-10-06T15:46:02.947+0000] {dag.py:3441} INFO - Setting next_dagrun for latest_only_with_trigger to 2025-10-06T11:46:02.947146+00:00, run_after=2025-10-06T15:46:02.947146+00:00
[2025-10-06T15:46:02.958+0000] {processor.py:175} INFO - Processing /home/airflow/.local/lib/python3.7/site-packages/airflow/example_dags/example_latest_only_with_trigger.py took 0.044 seconds
[2025-10-06T15:46:33.656+0000] {processor.py:153} INFO - Started process (PID=2212) to work on /home/airflow/.local/lib/python3.7/site-packages/airflow/example_dags/example_latest_only_with_trigger.py
[2025-10-06T15:46:33.657+0000] {processor.py:743} INFO - Processing file /home/airflow/.local/lib/python3.7/site-packages/airflow/example_dags/example_latest_only_with_trigger.py for tasks to queue
[2025-10-06T15:46:33.657+0000] {logging_mixin.py:137} INFO - [2025-10-06T15:46:33.657+0000] {dagbag.py:538} INFO - Filling up the DagBag from /home/airflow/.local/lib/python3.7/site-packages/airflow/example_dags/example_latest_only_with_trigger.py
[2025-10-06T15:46:33.664+0000] {processor.py:753} INFO - DAG(s) dict_keys(['latest_only_with_trigger']) retrieved from /home/airflow/.local/lib/python3.7/site-packages/airflow/example_dags/example_latest_only_with_trigger.py
[2025-10-06T15:46:33.676+0000] {logging_mixin.py:137} INFO - [2025-10-06T15:46:33.675+0000] {dag.py:2690} INFO - Sync 1 DAGs
[2025-10-06T15:46:33.687+0000] {logging_mixin.py:137} INFO - [2025-10-06T15:46:33.687+0000] {dag.py:3441} INFO - Setting next_dagrun for latest_only_with_trigger to 2025-10-06T11:46:33.687774+00:00, run_after=2025-10-06T15:46:33.687774+00:00
[2025-10-06T15:46:33.695+0000] {processor.py:175} INFO - Processing /home/airflow/.local/lib/python3.7/site-packages/airflow/example_dags/example_latest_only_with_trigger.py took 0.041 seconds
