[2025-10-06T15:34:55.322+0000] {processor.py:153} INFO - Started process (PID=67) to work on /home/airflow/.local/lib/python3.7/site-packages/airflow/example_dags/example_short_circuit_decorator.py
[2025-10-06T15:34:55.323+0000] {processor.py:743} INFO - Processing file /home/airflow/.local/lib/python3.7/site-packages/airflow/example_dags/example_short_circuit_decorator.py for tasks to queue
[2025-10-06T15:34:55.323+0000] {logging_mixin.py:137} INFO - [2025-10-06T15:34:55.323+0000] {dagbag.py:538} INFO - Filling up the DagBag from /home/airflow/.local/lib/python3.7/site-packages/airflow/example_dags/example_short_circuit_decorator.py
[2025-10-06T15:34:55.342+0000] {processor.py:753} INFO - DAG(s) dict_keys(['example_short_circuit_decorator']) retrieved from /home/airflow/.local/lib/python3.7/site-packages/airflow/example_dags/example_short_circuit_decorator.py
[2025-10-06T15:34:55.352+0000] {logging_mixin.py:137} INFO - [2025-10-06T15:34:55.352+0000] {dag.py:2690} INFO - Sync 1 DAGs
[2025-10-06T15:34:55.368+0000] {logging_mixin.py:137} INFO - [2025-10-06T15:34:55.368+0000] {dag.py:3441} INFO - Setting next_dagrun for example_short_circuit_decorator to 2025-10-05T15:34:55.368275+00:00, run_after=2025-10-06T15:34:55.368275+00:00
[2025-10-06T15:34:55.382+0000] {processor.py:175} INFO - Processing /home/airflow/.local/lib/python3.7/site-packages/airflow/example_dags/example_short_circuit_decorator.py took 0.061 seconds
[2025-10-06T15:35:25.840+0000] {processor.py:153} INFO - Started process (PID=166) to work on /home/airflow/.local/lib/python3.7/site-packages/airflow/example_dags/example_short_circuit_decorator.py
[2025-10-06T15:35:25.840+0000] {processor.py:743} INFO - Processing file /home/airflow/.local/lib/python3.7/site-packages/airflow/example_dags/example_short_circuit_decorator.py for tasks to queue
[2025-10-06T15:35:25.841+0000] {logging_mixin.py:137} INFO - [2025-10-06T15:35:25.841+0000] {dagbag.py:538} INFO - Filling up the DagBag from /home/airflow/.local/lib/python3.7/site-packages/airflow/example_dags/example_short_circuit_decorator.py
[2025-10-06T15:35:25.851+0000] {processor.py:753} INFO - DAG(s) dict_keys(['example_short_circuit_decorator']) retrieved from /home/airflow/.local/lib/python3.7/site-packages/airflow/example_dags/example_short_circuit_decorator.py
[2025-10-06T15:35:25.864+0000] {logging_mixin.py:137} INFO - [2025-10-06T15:35:25.863+0000] {dag.py:2690} INFO - Sync 1 DAGs
[2025-10-06T15:35:25.874+0000] {logging_mixin.py:137} INFO - [2025-10-06T15:35:25.874+0000] {dag.py:3441} INFO - Setting next_dagrun for example_short_circuit_decorator to 2025-10-05T15:35:25.874655+00:00, run_after=2025-10-06T15:35:25.874655+00:00
[2025-10-06T15:35:25.881+0000] {processor.py:175} INFO - Processing /home/airflow/.local/lib/python3.7/site-packages/airflow/example_dags/example_short_circuit_decorator.py took 0.043 seconds
[2025-10-06T15:35:56.291+0000] {processor.py:153} INFO - Started process (PID=265) to work on /home/airflow/.local/lib/python3.7/site-packages/airflow/example_dags/example_short_circuit_decorator.py
[2025-10-06T15:35:56.293+0000] {processor.py:743} INFO - Processing file /home/airflow/.local/lib/python3.7/site-packages/airflow/example_dags/example_short_circuit_decorator.py for tasks to queue
[2025-10-06T15:35:56.294+0000] {logging_mixin.py:137} INFO - [2025-10-06T15:35:56.294+0000] {dagbag.py:538} INFO - Filling up the DagBag from /home/airflow/.local/lib/python3.7/site-packages/airflow/example_dags/example_short_circuit_decorator.py
[2025-10-06T15:35:56.307+0000] {processor.py:753} INFO - DAG(s) dict_keys(['example_short_circuit_decorator']) retrieved from /home/airflow/.local/lib/python3.7/site-packages/airflow/example_dags/example_short_circuit_decorator.py
[2025-10-06T15:35:56.322+0000] {logging_mixin.py:137} INFO - [2025-10-06T15:35:56.322+0000] {dag.py:2690} INFO - Sync 1 DAGs
[2025-10-06T15:35:56.335+0000] {logging_mixin.py:137} INFO - [2025-10-06T15:35:56.335+0000] {dag.py:3441} INFO - Setting next_dagrun for example_short_circuit_decorator to 2025-10-05T15:35:56.335186+00:00, run_after=2025-10-06T15:35:56.335186+00:00
[2025-10-06T15:35:56.345+0000] {processor.py:175} INFO - Processing /home/airflow/.local/lib/python3.7/site-packages/airflow/example_dags/example_short_circuit_decorator.py took 0.056 seconds
[2025-10-06T15:36:26.789+0000] {processor.py:153} INFO - Started process (PID=344) to work on /home/airflow/.local/lib/python3.7/site-packages/airflow/example_dags/example_short_circuit_decorator.py
[2025-10-06T15:36:26.790+0000] {processor.py:743} INFO - Processing file /home/airflow/.local/lib/python3.7/site-packages/airflow/example_dags/example_short_circuit_decorator.py for tasks to queue
[2025-10-06T15:36:26.790+0000] {logging_mixin.py:137} INFO - [2025-10-06T15:36:26.790+0000] {dagbag.py:538} INFO - Filling up the DagBag from /home/airflow/.local/lib/python3.7/site-packages/airflow/example_dags/example_short_circuit_decorator.py
[2025-10-06T15:36:26.801+0000] {processor.py:753} INFO - DAG(s) dict_keys(['example_short_circuit_decorator']) retrieved from /home/airflow/.local/lib/python3.7/site-packages/airflow/example_dags/example_short_circuit_decorator.py
[2025-10-06T15:36:26.812+0000] {logging_mixin.py:137} INFO - [2025-10-06T15:36:26.812+0000] {dag.py:2690} INFO - Sync 1 DAGs
[2025-10-06T15:36:26.823+0000] {logging_mixin.py:137} INFO - [2025-10-06T15:36:26.823+0000] {dag.py:3441} INFO - Setting next_dagrun for example_short_circuit_decorator to 2025-10-05T15:36:26.823287+00:00, run_after=2025-10-06T15:36:26.823287+00:00
[2025-10-06T15:36:26.832+0000] {processor.py:175} INFO - Processing /home/airflow/.local/lib/python3.7/site-packages/airflow/example_dags/example_short_circuit_decorator.py took 0.045 seconds
[2025-10-06T15:36:57.251+0000] {processor.py:153} INFO - Started process (PID=443) to work on /home/airflow/.local/lib/python3.7/site-packages/airflow/example_dags/example_short_circuit_decorator.py
[2025-10-06T15:36:57.251+0000] {processor.py:743} INFO - Processing file /home/airflow/.local/lib/python3.7/site-packages/airflow/example_dags/example_short_circuit_decorator.py for tasks to queue
[2025-10-06T15:36:57.251+0000] {logging_mixin.py:137} INFO - [2025-10-06T15:36:57.251+0000] {dagbag.py:538} INFO - Filling up the DagBag from /home/airflow/.local/lib/python3.7/site-packages/airflow/example_dags/example_short_circuit_decorator.py
[2025-10-06T15:36:57.262+0000] {processor.py:753} INFO - DAG(s) dict_keys(['example_short_circuit_decorator']) retrieved from /home/airflow/.local/lib/python3.7/site-packages/airflow/example_dags/example_short_circuit_decorator.py
[2025-10-06T15:36:57.273+0000] {logging_mixin.py:137} INFO - [2025-10-06T15:36:57.273+0000] {dag.py:2690} INFO - Sync 1 DAGs
[2025-10-06T15:36:57.285+0000] {logging_mixin.py:137} INFO - [2025-10-06T15:36:57.285+0000] {dag.py:3441} INFO - Setting next_dagrun for example_short_circuit_decorator to 2025-10-05T15:36:57.285392+00:00, run_after=2025-10-06T15:36:57.285392+00:00
[2025-10-06T15:36:57.296+0000] {processor.py:175} INFO - Processing /home/airflow/.local/lib/python3.7/site-packages/airflow/example_dags/example_short_circuit_decorator.py took 0.047 seconds
[2025-10-06T15:37:27.625+0000] {processor.py:153} INFO - Started process (PID=542) to work on /home/airflow/.local/lib/python3.7/site-packages/airflow/example_dags/example_short_circuit_decorator.py
[2025-10-06T15:37:27.625+0000] {processor.py:743} INFO - Processing file /home/airflow/.local/lib/python3.7/site-packages/airflow/example_dags/example_short_circuit_decorator.py for tasks to queue
[2025-10-06T15:37:27.626+0000] {logging_mixin.py:137} INFO - [2025-10-06T15:37:27.626+0000] {dagbag.py:538} INFO - Filling up the DagBag from /home/airflow/.local/lib/python3.7/site-packages/airflow/example_dags/example_short_circuit_decorator.py
[2025-10-06T15:37:27.636+0000] {processor.py:753} INFO - DAG(s) dict_keys(['example_short_circuit_decorator']) retrieved from /home/airflow/.local/lib/python3.7/site-packages/airflow/example_dags/example_short_circuit_decorator.py
[2025-10-06T15:37:27.647+0000] {logging_mixin.py:137} INFO - [2025-10-06T15:37:27.647+0000] {dag.py:2690} INFO - Sync 1 DAGs
[2025-10-06T15:37:27.659+0000] {logging_mixin.py:137} INFO - [2025-10-06T15:37:27.659+0000] {dag.py:3441} INFO - Setting next_dagrun for example_short_circuit_decorator to 2025-10-05T15:37:27.659510+00:00, run_after=2025-10-06T15:37:27.659510+00:00
[2025-10-06T15:37:27.668+0000] {processor.py:175} INFO - Processing /home/airflow/.local/lib/python3.7/site-packages/airflow/example_dags/example_short_circuit_decorator.py took 0.044 seconds
[2025-10-06T15:37:57.998+0000] {processor.py:153} INFO - Started process (PID=641) to work on /home/airflow/.local/lib/python3.7/site-packages/airflow/example_dags/example_short_circuit_decorator.py
[2025-10-06T15:37:57.999+0000] {processor.py:743} INFO - Processing file /home/airflow/.local/lib/python3.7/site-packages/airflow/example_dags/example_short_circuit_decorator.py for tasks to queue
[2025-10-06T15:37:57.999+0000] {logging_mixin.py:137} INFO - [2025-10-06T15:37:57.999+0000] {dagbag.py:538} INFO - Filling up the DagBag from /home/airflow/.local/lib/python3.7/site-packages/airflow/example_dags/example_short_circuit_decorator.py
[2025-10-06T15:37:58.011+0000] {processor.py:753} INFO - DAG(s) dict_keys(['example_short_circuit_decorator']) retrieved from /home/airflow/.local/lib/python3.7/site-packages/airflow/example_dags/example_short_circuit_decorator.py
[2025-10-06T15:37:58.023+0000] {logging_mixin.py:137} INFO - [2025-10-06T15:37:58.023+0000] {dag.py:2690} INFO - Sync 1 DAGs
[2025-10-06T15:37:58.033+0000] {logging_mixin.py:137} INFO - [2025-10-06T15:37:58.033+0000] {dag.py:3441} INFO - Setting next_dagrun for example_short_circuit_decorator to 2025-10-05T15:37:58.033174+00:00, run_after=2025-10-06T15:37:58.033174+00:00
[2025-10-06T15:37:58.040+0000] {processor.py:175} INFO - Processing /home/airflow/.local/lib/python3.7/site-packages/airflow/example_dags/example_short_circuit_decorator.py took 0.043 seconds
[2025-10-06T15:38:28.417+0000] {processor.py:153} INFO - Started process (PID=720) to work on /home/airflow/.local/lib/python3.7/site-packages/airflow/example_dags/example_short_circuit_decorator.py
[2025-10-06T15:38:28.419+0000] {processor.py:743} INFO - Processing file /home/airflow/.local/lib/python3.7/site-packages/airflow/example_dags/example_short_circuit_decorator.py for tasks to queue
[2025-10-06T15:38:28.419+0000] {logging_mixin.py:137} INFO - [2025-10-06T15:38:28.419+0000] {dagbag.py:538} INFO - Filling up the DagBag from /home/airflow/.local/lib/python3.7/site-packages/airflow/example_dags/example_short_circuit_decorator.py
[2025-10-06T15:38:28.430+0000] {processor.py:753} INFO - DAG(s) dict_keys(['example_short_circuit_decorator']) retrieved from /home/airflow/.local/lib/python3.7/site-packages/airflow/example_dags/example_short_circuit_decorator.py
[2025-10-06T15:38:28.441+0000] {logging_mixin.py:137} INFO - [2025-10-06T15:38:28.441+0000] {dag.py:2690} INFO - Sync 1 DAGs
[2025-10-06T15:38:28.451+0000] {logging_mixin.py:137} INFO - [2025-10-06T15:38:28.451+0000] {dag.py:3441} INFO - Setting next_dagrun for example_short_circuit_decorator to 2025-10-05T15:38:28.450919+00:00, run_after=2025-10-06T15:38:28.450919+00:00
[2025-10-06T15:38:28.458+0000] {processor.py:175} INFO - Processing /home/airflow/.local/lib/python3.7/site-packages/airflow/example_dags/example_short_circuit_decorator.py took 0.043 seconds
[2025-10-06T15:38:58.833+0000] {processor.py:153} INFO - Started process (PID=819) to work on /home/airflow/.local/lib/python3.7/site-packages/airflow/example_dags/example_short_circuit_decorator.py
[2025-10-06T15:38:58.835+0000] {processor.py:743} INFO - Processing file /home/airflow/.local/lib/python3.7/site-packages/airflow/example_dags/example_short_circuit_decorator.py for tasks to queue
[2025-10-06T15:38:58.835+0000] {logging_mixin.py:137} INFO - [2025-10-06T15:38:58.835+0000] {dagbag.py:538} INFO - Filling up the DagBag from /home/airflow/.local/lib/python3.7/site-packages/airflow/example_dags/example_short_circuit_decorator.py
[2025-10-06T15:38:58.845+0000] {processor.py:753} INFO - DAG(s) dict_keys(['example_short_circuit_decorator']) retrieved from /home/airflow/.local/lib/python3.7/site-packages/airflow/example_dags/example_short_circuit_decorator.py
[2025-10-06T15:38:58.855+0000] {logging_mixin.py:137} INFO - [2025-10-06T15:38:58.855+0000] {dag.py:2690} INFO - Sync 1 DAGs
[2025-10-06T15:38:58.866+0000] {logging_mixin.py:137} INFO - [2025-10-06T15:38:58.866+0000] {dag.py:3441} INFO - Setting next_dagrun for example_short_circuit_decorator to 2025-10-05T15:38:58.866326+00:00, run_after=2025-10-06T15:38:58.866326+00:00
[2025-10-06T15:38:58.877+0000] {processor.py:175} INFO - Processing /home/airflow/.local/lib/python3.7/site-packages/airflow/example_dags/example_short_circuit_decorator.py took 0.046 seconds
[2025-10-06T15:39:29.236+0000] {processor.py:153} INFO - Started process (PID=918) to work on /home/airflow/.local/lib/python3.7/site-packages/airflow/example_dags/example_short_circuit_decorator.py
[2025-10-06T15:39:29.237+0000] {processor.py:743} INFO - Processing file /home/airflow/.local/lib/python3.7/site-packages/airflow/example_dags/example_short_circuit_decorator.py for tasks to queue
[2025-10-06T15:39:29.237+0000] {logging_mixin.py:137} INFO - [2025-10-06T15:39:29.237+0000] {dagbag.py:538} INFO - Filling up the DagBag from /home/airflow/.local/lib/python3.7/site-packages/airflow/example_dags/example_short_circuit_decorator.py
[2025-10-06T15:39:29.247+0000] {processor.py:753} INFO - DAG(s) dict_keys(['example_short_circuit_decorator']) retrieved from /home/airflow/.local/lib/python3.7/site-packages/airflow/example_dags/example_short_circuit_decorator.py
[2025-10-06T15:39:29.258+0000] {logging_mixin.py:137} INFO - [2025-10-06T15:39:29.258+0000] {dag.py:2690} INFO - Sync 1 DAGs
[2025-10-06T15:39:29.270+0000] {logging_mixin.py:137} INFO - [2025-10-06T15:39:29.270+0000] {dag.py:3441} INFO - Setting next_dagrun for example_short_circuit_decorator to 2025-10-05T15:39:29.270076+00:00, run_after=2025-10-06T15:39:29.270076+00:00
[2025-10-06T15:39:29.278+0000] {processor.py:175} INFO - Processing /home/airflow/.local/lib/python3.7/site-packages/airflow/example_dags/example_short_circuit_decorator.py took 0.044 seconds
[2025-10-06T15:39:59.572+0000] {processor.py:153} INFO - Started process (PID=1017) to work on /home/airflow/.local/lib/python3.7/site-packages/airflow/example_dags/example_short_circuit_decorator.py
[2025-10-06T15:39:59.573+0000] {processor.py:743} INFO - Processing file /home/airflow/.local/lib/python3.7/site-packages/airflow/example_dags/example_short_circuit_decorator.py for tasks to queue
[2025-10-06T15:39:59.573+0000] {logging_mixin.py:137} INFO - [2025-10-06T15:39:59.573+0000] {dagbag.py:538} INFO - Filling up the DagBag from /home/airflow/.local/lib/python3.7/site-packages/airflow/example_dags/example_short_circuit_decorator.py
[2025-10-06T15:39:59.583+0000] {processor.py:753} INFO - DAG(s) dict_keys(['example_short_circuit_decorator']) retrieved from /home/airflow/.local/lib/python3.7/site-packages/airflow/example_dags/example_short_circuit_decorator.py
[2025-10-06T15:39:59.594+0000] {logging_mixin.py:137} INFO - [2025-10-06T15:39:59.594+0000] {dag.py:2690} INFO - Sync 1 DAGs
[2025-10-06T15:39:59.604+0000] {logging_mixin.py:137} INFO - [2025-10-06T15:39:59.604+0000] {dag.py:3441} INFO - Setting next_dagrun for example_short_circuit_decorator to 2025-10-05T15:39:59.603997+00:00, run_after=2025-10-06T15:39:59.603997+00:00
[2025-10-06T15:39:59.612+0000] {processor.py:175} INFO - Processing /home/airflow/.local/lib/python3.7/site-packages/airflow/example_dags/example_short_circuit_decorator.py took 0.041 seconds
[2025-10-06T15:40:29.749+0000] {processor.py:153} INFO - Started process (PID=1096) to work on /home/airflow/.local/lib/python3.7/site-packages/airflow/example_dags/example_short_circuit_decorator.py
[2025-10-06T15:40:29.750+0000] {processor.py:743} INFO - Processing file /home/airflow/.local/lib/python3.7/site-packages/airflow/example_dags/example_short_circuit_decorator.py for tasks to queue
[2025-10-06T15:40:29.750+0000] {logging_mixin.py:137} INFO - [2025-10-06T15:40:29.750+0000] {dagbag.py:538} INFO - Filling up the DagBag from /home/airflow/.local/lib/python3.7/site-packages/airflow/example_dags/example_short_circuit_decorator.py
[2025-10-06T15:40:29.760+0000] {processor.py:753} INFO - DAG(s) dict_keys(['example_short_circuit_decorator']) retrieved from /home/airflow/.local/lib/python3.7/site-packages/airflow/example_dags/example_short_circuit_decorator.py
[2025-10-06T15:40:29.771+0000] {logging_mixin.py:137} INFO - [2025-10-06T15:40:29.771+0000] {dag.py:2690} INFO - Sync 1 DAGs
[2025-10-06T15:40:29.781+0000] {logging_mixin.py:137} INFO - [2025-10-06T15:40:29.781+0000] {dag.py:3441} INFO - Setting next_dagrun for example_short_circuit_decorator to 2025-10-05T15:40:29.780875+00:00, run_after=2025-10-06T15:40:29.780875+00:00
[2025-10-06T15:40:29.788+0000] {processor.py:175} INFO - Processing /home/airflow/.local/lib/python3.7/site-packages/airflow/example_dags/example_short_circuit_decorator.py took 0.040 seconds
[2025-10-06T15:41:00.039+0000] {processor.py:153} INFO - Started process (PID=1195) to work on /home/airflow/.local/lib/python3.7/site-packages/airflow/example_dags/example_short_circuit_decorator.py
[2025-10-06T15:41:00.039+0000] {processor.py:743} INFO - Processing file /home/airflow/.local/lib/python3.7/site-packages/airflow/example_dags/example_short_circuit_decorator.py for tasks to queue
[2025-10-06T15:41:00.040+0000] {logging_mixin.py:137} INFO - [2025-10-06T15:41:00.040+0000] {dagbag.py:538} INFO - Filling up the DagBag from /home/airflow/.local/lib/python3.7/site-packages/airflow/example_dags/example_short_circuit_decorator.py
[2025-10-06T15:41:00.050+0000] {processor.py:753} INFO - DAG(s) dict_keys(['example_short_circuit_decorator']) retrieved from /home/airflow/.local/lib/python3.7/site-packages/airflow/example_dags/example_short_circuit_decorator.py
[2025-10-06T15:41:00.065+0000] {logging_mixin.py:137} INFO - [2025-10-06T15:41:00.065+0000] {dag.py:2690} INFO - Sync 1 DAGs
[2025-10-06T15:41:00.078+0000] {logging_mixin.py:137} INFO - [2025-10-06T15:41:00.078+0000] {dag.py:3441} INFO - Setting next_dagrun for example_short_circuit_decorator to 2025-10-05T15:41:00.078465+00:00, run_after=2025-10-06T15:41:00.078465+00:00
[2025-10-06T15:41:00.086+0000] {processor.py:175} INFO - Processing /home/airflow/.local/lib/python3.7/site-packages/airflow/example_dags/example_short_circuit_decorator.py took 0.048 seconds
[2025-10-06T15:41:30.307+0000] {processor.py:153} INFO - Started process (PID=1294) to work on /home/airflow/.local/lib/python3.7/site-packages/airflow/example_dags/example_short_circuit_decorator.py
[2025-10-06T15:41:30.307+0000] {processor.py:743} INFO - Processing file /home/airflow/.local/lib/python3.7/site-packages/airflow/example_dags/example_short_circuit_decorator.py for tasks to queue
[2025-10-06T15:41:30.307+0000] {logging_mixin.py:137} INFO - [2025-10-06T15:41:30.307+0000] {dagbag.py:538} INFO - Filling up the DagBag from /home/airflow/.local/lib/python3.7/site-packages/airflow/example_dags/example_short_circuit_decorator.py
[2025-10-06T15:41:30.318+0000] {processor.py:753} INFO - DAG(s) dict_keys(['example_short_circuit_decorator']) retrieved from /home/airflow/.local/lib/python3.7/site-packages/airflow/example_dags/example_short_circuit_decorator.py
[2025-10-06T15:41:30.329+0000] {logging_mixin.py:137} INFO - [2025-10-06T15:41:30.329+0000] {dag.py:2690} INFO - Sync 1 DAGs
[2025-10-06T15:41:30.339+0000] {logging_mixin.py:137} INFO - [2025-10-06T15:41:30.339+0000] {dag.py:3441} INFO - Setting next_dagrun for example_short_circuit_decorator to 2025-10-05T15:41:30.338914+00:00, run_after=2025-10-06T15:41:30.338914+00:00
[2025-10-06T15:41:30.348+0000] {processor.py:175} INFO - Processing /home/airflow/.local/lib/python3.7/site-packages/airflow/example_dags/example_short_circuit_decorator.py took 0.043 seconds
[2025-10-06T15:42:00.690+0000] {processor.py:153} INFO - Started process (PID=1393) to work on /home/airflow/.local/lib/python3.7/site-packages/airflow/example_dags/example_short_circuit_decorator.py
[2025-10-06T15:42:00.691+0000] {processor.py:743} INFO - Processing file /home/airflow/.local/lib/python3.7/site-packages/airflow/example_dags/example_short_circuit_decorator.py for tasks to queue
[2025-10-06T15:42:00.692+0000] {logging_mixin.py:137} INFO - [2025-10-06T15:42:00.692+0000] {dagbag.py:538} INFO - Filling up the DagBag from /home/airflow/.local/lib/python3.7/site-packages/airflow/example_dags/example_short_circuit_decorator.py
[2025-10-06T15:42:00.703+0000] {processor.py:753} INFO - DAG(s) dict_keys(['example_short_circuit_decorator']) retrieved from /home/airflow/.local/lib/python3.7/site-packages/airflow/example_dags/example_short_circuit_decorator.py
[2025-10-06T15:42:00.714+0000] {logging_mixin.py:137} INFO - [2025-10-06T15:42:00.714+0000] {dag.py:2690} INFO - Sync 1 DAGs
[2025-10-06T15:42:00.724+0000] {logging_mixin.py:137} INFO - [2025-10-06T15:42:00.724+0000] {dag.py:3441} INFO - Setting next_dagrun for example_short_circuit_decorator to 2025-10-05T15:42:00.724353+00:00, run_after=2025-10-06T15:42:00.724353+00:00
[2025-10-06T15:42:00.731+0000] {processor.py:175} INFO - Processing /home/airflow/.local/lib/python3.7/site-packages/airflow/example_dags/example_short_circuit_decorator.py took 0.043 seconds
[2025-10-06T15:42:30.960+0000] {processor.py:153} INFO - Started process (PID=1472) to work on /home/airflow/.local/lib/python3.7/site-packages/airflow/example_dags/example_short_circuit_decorator.py
[2025-10-06T15:42:30.960+0000] {processor.py:743} INFO - Processing file /home/airflow/.local/lib/python3.7/site-packages/airflow/example_dags/example_short_circuit_decorator.py for tasks to queue
[2025-10-06T15:42:30.962+0000] {logging_mixin.py:137} INFO - [2025-10-06T15:42:30.962+0000] {dagbag.py:538} INFO - Filling up the DagBag from /home/airflow/.local/lib/python3.7/site-packages/airflow/example_dags/example_short_circuit_decorator.py
[2025-10-06T15:42:30.972+0000] {processor.py:753} INFO - DAG(s) dict_keys(['example_short_circuit_decorator']) retrieved from /home/airflow/.local/lib/python3.7/site-packages/airflow/example_dags/example_short_circuit_decorator.py
[2025-10-06T15:42:30.983+0000] {logging_mixin.py:137} INFO - [2025-10-06T15:42:30.983+0000] {dag.py:2690} INFO - Sync 1 DAGs
[2025-10-06T15:42:30.994+0000] {logging_mixin.py:137} INFO - [2025-10-06T15:42:30.994+0000] {dag.py:3441} INFO - Setting next_dagrun for example_short_circuit_decorator to 2025-10-05T15:42:30.994365+00:00, run_after=2025-10-06T15:42:30.994365+00:00
[2025-10-06T15:42:31.001+0000] {processor.py:175} INFO - Processing /home/airflow/.local/lib/python3.7/site-packages/airflow/example_dags/example_short_circuit_decorator.py took 0.043 seconds
[2025-10-06T15:43:01.192+0000] {processor.py:153} INFO - Started process (PID=1572) to work on /home/airflow/.local/lib/python3.7/site-packages/airflow/example_dags/example_short_circuit_decorator.py
[2025-10-06T15:43:01.192+0000] {processor.py:743} INFO - Processing file /home/airflow/.local/lib/python3.7/site-packages/airflow/example_dags/example_short_circuit_decorator.py for tasks to queue
[2025-10-06T15:43:01.192+0000] {logging_mixin.py:137} INFO - [2025-10-06T15:43:01.192+0000] {dagbag.py:538} INFO - Filling up the DagBag from /home/airflow/.local/lib/python3.7/site-packages/airflow/example_dags/example_short_circuit_decorator.py
[2025-10-06T15:43:01.203+0000] {processor.py:753} INFO - DAG(s) dict_keys(['example_short_circuit_decorator']) retrieved from /home/airflow/.local/lib/python3.7/site-packages/airflow/example_dags/example_short_circuit_decorator.py
[2025-10-06T15:43:01.214+0000] {logging_mixin.py:137} INFO - [2025-10-06T15:43:01.213+0000] {dag.py:2690} INFO - Sync 1 DAGs
[2025-10-06T15:43:01.225+0000] {logging_mixin.py:137} INFO - [2025-10-06T15:43:01.225+0000] {dag.py:3441} INFO - Setting next_dagrun for example_short_circuit_decorator to 2025-10-05T15:43:01.225298+00:00, run_after=2025-10-06T15:43:01.225298+00:00
[2025-10-06T15:43:01.232+0000] {processor.py:175} INFO - Processing /home/airflow/.local/lib/python3.7/site-packages/airflow/example_dags/example_short_circuit_decorator.py took 0.042 seconds
[2025-10-06T15:43:31.518+0000] {processor.py:153} INFO - Started process (PID=1671) to work on /home/airflow/.local/lib/python3.7/site-packages/airflow/example_dags/example_short_circuit_decorator.py
[2025-10-06T15:43:31.518+0000] {processor.py:743} INFO - Processing file /home/airflow/.local/lib/python3.7/site-packages/airflow/example_dags/example_short_circuit_decorator.py for tasks to queue
[2025-10-06T15:43:31.519+0000] {logging_mixin.py:137} INFO - [2025-10-06T15:43:31.519+0000] {dagbag.py:538} INFO - Filling up the DagBag from /home/airflow/.local/lib/python3.7/site-packages/airflow/example_dags/example_short_circuit_decorator.py
[2025-10-06T15:43:31.529+0000] {processor.py:753} INFO - DAG(s) dict_keys(['example_short_circuit_decorator']) retrieved from /home/airflow/.local/lib/python3.7/site-packages/airflow/example_dags/example_short_circuit_decorator.py
[2025-10-06T15:43:31.540+0000] {logging_mixin.py:137} INFO - [2025-10-06T15:43:31.540+0000] {dag.py:2690} INFO - Sync 1 DAGs
[2025-10-06T15:43:31.549+0000] {logging_mixin.py:137} INFO - [2025-10-06T15:43:31.549+0000] {dag.py:3441} INFO - Setting next_dagrun for example_short_circuit_decorator to 2025-10-05T15:43:31.549650+00:00, run_after=2025-10-06T15:43:31.549650+00:00
[2025-10-06T15:43:31.557+0000] {processor.py:175} INFO - Processing /home/airflow/.local/lib/python3.7/site-packages/airflow/example_dags/example_short_circuit_decorator.py took 0.040 seconds
[2025-10-06T15:44:01.950+0000] {processor.py:153} INFO - Started process (PID=1770) to work on /home/airflow/.local/lib/python3.7/site-packages/airflow/example_dags/example_short_circuit_decorator.py
[2025-10-06T15:44:01.950+0000] {processor.py:743} INFO - Processing file /home/airflow/.local/lib/python3.7/site-packages/airflow/example_dags/example_short_circuit_decorator.py for tasks to queue
[2025-10-06T15:44:01.951+0000] {logging_mixin.py:137} INFO - [2025-10-06T15:44:01.951+0000] {dagbag.py:538} INFO - Filling up the DagBag from /home/airflow/.local/lib/python3.7/site-packages/airflow/example_dags/example_short_circuit_decorator.py
[2025-10-06T15:44:01.961+0000] {processor.py:753} INFO - DAG(s) dict_keys(['example_short_circuit_decorator']) retrieved from /home/airflow/.local/lib/python3.7/site-packages/airflow/example_dags/example_short_circuit_decorator.py
[2025-10-06T15:44:01.972+0000] {logging_mixin.py:137} INFO - [2025-10-06T15:44:01.971+0000] {dag.py:2690} INFO - Sync 1 DAGs
[2025-10-06T15:44:01.982+0000] {logging_mixin.py:137} INFO - [2025-10-06T15:44:01.982+0000] {dag.py:3441} INFO - Setting next_dagrun for example_short_circuit_decorator to 2025-10-05T15:44:01.982044+00:00, run_after=2025-10-06T15:44:01.982044+00:00
[2025-10-06T15:44:01.991+0000] {processor.py:175} INFO - Processing /home/airflow/.local/lib/python3.7/site-packages/airflow/example_dags/example_short_circuit_decorator.py took 0.042 seconds
[2025-10-06T15:44:32.309+0000] {processor.py:153} INFO - Started process (PID=1849) to work on /home/airflow/.local/lib/python3.7/site-packages/airflow/example_dags/example_short_circuit_decorator.py
[2025-10-06T15:44:32.311+0000] {processor.py:743} INFO - Processing file /home/airflow/.local/lib/python3.7/site-packages/airflow/example_dags/example_short_circuit_decorator.py for tasks to queue
[2025-10-06T15:44:32.311+0000] {logging_mixin.py:137} INFO - [2025-10-06T15:44:32.311+0000] {dagbag.py:538} INFO - Filling up the DagBag from /home/airflow/.local/lib/python3.7/site-packages/airflow/example_dags/example_short_circuit_decorator.py
[2025-10-06T15:44:32.322+0000] {processor.py:753} INFO - DAG(s) dict_keys(['example_short_circuit_decorator']) retrieved from /home/airflow/.local/lib/python3.7/site-packages/airflow/example_dags/example_short_circuit_decorator.py
[2025-10-06T15:44:32.334+0000] {logging_mixin.py:137} INFO - [2025-10-06T15:44:32.333+0000] {dag.py:2690} INFO - Sync 1 DAGs
[2025-10-06T15:44:32.344+0000] {logging_mixin.py:137} INFO - [2025-10-06T15:44:32.344+0000] {dag.py:3441} INFO - Setting next_dagrun for example_short_circuit_decorator to 2025-10-05T15:44:32.344571+00:00, run_after=2025-10-06T15:44:32.344571+00:00
[2025-10-06T15:44:32.352+0000] {processor.py:175} INFO - Processing /home/airflow/.local/lib/python3.7/site-packages/airflow/example_dags/example_short_circuit_decorator.py took 0.045 seconds
[2025-10-06T15:45:02.659+0000] {processor.py:153} INFO - Started process (PID=1948) to work on /home/airflow/.local/lib/python3.7/site-packages/airflow/example_dags/example_short_circuit_decorator.py
[2025-10-06T15:45:02.659+0000] {processor.py:743} INFO - Processing file /home/airflow/.local/lib/python3.7/site-packages/airflow/example_dags/example_short_circuit_decorator.py for tasks to queue
[2025-10-06T15:45:02.659+0000] {logging_mixin.py:137} INFO - [2025-10-06T15:45:02.659+0000] {dagbag.py:538} INFO - Filling up the DagBag from /home/airflow/.local/lib/python3.7/site-packages/airflow/example_dags/example_short_circuit_decorator.py
[2025-10-06T15:45:02.669+0000] {processor.py:753} INFO - DAG(s) dict_keys(['example_short_circuit_decorator']) retrieved from /home/airflow/.local/lib/python3.7/site-packages/airflow/example_dags/example_short_circuit_decorator.py
[2025-10-06T15:45:02.680+0000] {logging_mixin.py:137} INFO - [2025-10-06T15:45:02.680+0000] {dag.py:2690} INFO - Sync 1 DAGs
[2025-10-06T15:45:02.690+0000] {logging_mixin.py:137} INFO - [2025-10-06T15:45:02.690+0000] {dag.py:3441} INFO - Setting next_dagrun for example_short_circuit_decorator to 2025-10-05T15:45:02.690410+00:00, run_after=2025-10-06T15:45:02.690410+00:00
[2025-10-06T15:45:02.697+0000] {processor.py:175} INFO - Processing /home/airflow/.local/lib/python3.7/site-packages/airflow/example_dags/example_short_circuit_decorator.py took 0.039 seconds
[2025-10-06T15:45:32.947+0000] {processor.py:153} INFO - Started process (PID=2047) to work on /home/airflow/.local/lib/python3.7/site-packages/airflow/example_dags/example_short_circuit_decorator.py
[2025-10-06T15:45:32.951+0000] {processor.py:743} INFO - Processing file /home/airflow/.local/lib/python3.7/site-packages/airflow/example_dags/example_short_circuit_decorator.py for tasks to queue
[2025-10-06T15:45:32.951+0000] {logging_mixin.py:137} INFO - [2025-10-06T15:45:32.951+0000] {dagbag.py:538} INFO - Filling up the DagBag from /home/airflow/.local/lib/python3.7/site-packages/airflow/example_dags/example_short_circuit_decorator.py
[2025-10-06T15:45:32.962+0000] {processor.py:753} INFO - DAG(s) dict_keys(['example_short_circuit_decorator']) retrieved from /home/airflow/.local/lib/python3.7/site-packages/airflow/example_dags/example_short_circuit_decorator.py
[2025-10-06T15:45:32.974+0000] {logging_mixin.py:137} INFO - [2025-10-06T15:45:32.974+0000] {dag.py:2690} INFO - Sync 1 DAGs
[2025-10-06T15:45:32.985+0000] {logging_mixin.py:137} INFO - [2025-10-06T15:45:32.985+0000] {dag.py:3441} INFO - Setting next_dagrun for example_short_circuit_decorator to 2025-10-05T15:45:32.985028+00:00, run_after=2025-10-06T15:45:32.985028+00:00
[2025-10-06T15:45:32.993+0000] {processor.py:175} INFO - Processing /home/airflow/.local/lib/python3.7/site-packages/airflow/example_dags/example_short_circuit_decorator.py took 0.047 seconds
[2025-10-06T15:46:03.472+0000] {processor.py:153} INFO - Started process (PID=2146) to work on /home/airflow/.local/lib/python3.7/site-packages/airflow/example_dags/example_short_circuit_decorator.py
[2025-10-06T15:46:03.475+0000] {processor.py:743} INFO - Processing file /home/airflow/.local/lib/python3.7/site-packages/airflow/example_dags/example_short_circuit_decorator.py for tasks to queue
[2025-10-06T15:46:03.475+0000] {logging_mixin.py:137} INFO - [2025-10-06T15:46:03.475+0000] {dagbag.py:538} INFO - Filling up the DagBag from /home/airflow/.local/lib/python3.7/site-packages/airflow/example_dags/example_short_circuit_decorator.py
[2025-10-06T15:46:03.488+0000] {processor.py:753} INFO - DAG(s) dict_keys(['example_short_circuit_decorator']) retrieved from /home/airflow/.local/lib/python3.7/site-packages/airflow/example_dags/example_short_circuit_decorator.py
[2025-10-06T15:46:03.501+0000] {logging_mixin.py:137} INFO - [2025-10-06T15:46:03.501+0000] {dag.py:2690} INFO - Sync 1 DAGs
[2025-10-06T15:46:03.519+0000] {logging_mixin.py:137} INFO - [2025-10-06T15:46:03.519+0000] {dag.py:3441} INFO - Setting next_dagrun for example_short_circuit_decorator to 2025-10-05T15:46:03.519535+00:00, run_after=2025-10-06T15:46:03.519535+00:00
[2025-10-06T15:46:03.531+0000] {processor.py:175} INFO - Processing /home/airflow/.local/lib/python3.7/site-packages/airflow/example_dags/example_short_circuit_decorator.py took 0.061 seconds
[2025-10-06T15:46:34.015+0000] {processor.py:153} INFO - Started process (PID=2225) to work on /home/airflow/.local/lib/python3.7/site-packages/airflow/example_dags/example_short_circuit_decorator.py
[2025-10-06T15:46:34.016+0000] {processor.py:743} INFO - Processing file /home/airflow/.local/lib/python3.7/site-packages/airflow/example_dags/example_short_circuit_decorator.py for tasks to queue
[2025-10-06T15:46:34.017+0000] {logging_mixin.py:137} INFO - [2025-10-06T15:46:34.017+0000] {dagbag.py:538} INFO - Filling up the DagBag from /home/airflow/.local/lib/python3.7/site-packages/airflow/example_dags/example_short_circuit_decorator.py
[2025-10-06T15:46:34.029+0000] {processor.py:753} INFO - DAG(s) dict_keys(['example_short_circuit_decorator']) retrieved from /home/airflow/.local/lib/python3.7/site-packages/airflow/example_dags/example_short_circuit_decorator.py
[2025-10-06T15:46:34.045+0000] {logging_mixin.py:137} INFO - [2025-10-06T15:46:34.045+0000] {dag.py:2690} INFO - Sync 1 DAGs
[2025-10-06T15:46:34.057+0000] {logging_mixin.py:137} INFO - [2025-10-06T15:46:34.057+0000] {dag.py:3441} INFO - Setting next_dagrun for example_short_circuit_decorator to 2025-10-05T15:46:34.056930+00:00, run_after=2025-10-06T15:46:34.056930+00:00
[2025-10-06T15:46:34.067+0000] {processor.py:175} INFO - Processing /home/airflow/.local/lib/python3.7/site-packages/airflow/example_dags/example_short_circuit_decorator.py took 0.054 seconds
