[2025-10-06T15:34:55.653+0000] {processor.py:153} INFO - Started process (PID=76) to work on /home/airflow/.local/lib/python3.7/site-packages/airflow/example_dags/example_branch_day_of_week_operator.py
[2025-10-06T15:34:55.653+0000] {processor.py:743} INFO - Processing file /home/airflow/.local/lib/python3.7/site-packages/airflow/example_dags/example_branch_day_of_week_operator.py for tasks to queue
[2025-10-06T15:34:55.654+0000] {logging_mixin.py:137} INFO - [2025-10-06T15:34:55.654+0000] {dagbag.py:538} INFO - Filling up the DagBag from /home/airflow/.local/lib/python3.7/site-packages/airflow/example_dags/example_branch_day_of_week_operator.py
[2025-10-06T15:34:55.663+0000] {processor.py:753} INFO - DAG(s) dict_keys(['example_weekday_branch_operator']) retrieved from /home/airflow/.local/lib/python3.7/site-packages/airflow/example_dags/example_branch_day_of_week_operator.py
[2025-10-06T15:34:55.671+0000] {logging_mixin.py:137} INFO - [2025-10-06T15:34:55.671+0000] {dag.py:2690} INFO - Sync 1 DAGs
[2025-10-06T15:34:55.687+0000] {logging_mixin.py:137} INFO - [2025-10-06T15:34:55.687+0000] {dag.py:3441} INFO - Setting next_dagrun for example_weekday_branch_operator to 2025-10-05T00:00:00+00:00, run_after=2025-10-06T00:00:00+00:00
[2025-10-06T15:34:55.701+0000] {processor.py:175} INFO - Processing /home/airflow/.local/lib/python3.7/site-packages/airflow/example_dags/example_branch_day_of_week_operator.py took 0.049 seconds
[2025-10-06T15:35:26.078+0000] {processor.py:153} INFO - Started process (PID=175) to work on /home/airflow/.local/lib/python3.7/site-packages/airflow/example_dags/example_branch_day_of_week_operator.py
[2025-10-06T15:35:26.079+0000] {processor.py:743} INFO - Processing file /home/airflow/.local/lib/python3.7/site-packages/airflow/example_dags/example_branch_day_of_week_operator.py for tasks to queue
[2025-10-06T15:35:26.080+0000] {logging_mixin.py:137} INFO - [2025-10-06T15:35:26.080+0000] {dagbag.py:538} INFO - Filling up the DagBag from /home/airflow/.local/lib/python3.7/site-packages/airflow/example_dags/example_branch_day_of_week_operator.py
[2025-10-06T15:35:26.087+0000] {processor.py:753} INFO - DAG(s) dict_keys(['example_weekday_branch_operator']) retrieved from /home/airflow/.local/lib/python3.7/site-packages/airflow/example_dags/example_branch_day_of_week_operator.py
[2025-10-06T15:35:26.099+0000] {logging_mixin.py:137} INFO - [2025-10-06T15:35:26.099+0000] {dag.py:2690} INFO - Sync 1 DAGs
[2025-10-06T15:35:26.110+0000] {logging_mixin.py:137} INFO - [2025-10-06T15:35:26.110+0000] {dag.py:3441} INFO - Setting next_dagrun for example_weekday_branch_operator to 2025-10-05T00:00:00+00:00, run_after=2025-10-06T00:00:00+00:00
[2025-10-06T15:35:26.118+0000] {processor.py:175} INFO - Processing /home/airflow/.local/lib/python3.7/site-packages/airflow/example_dags/example_branch_day_of_week_operator.py took 0.042 seconds
[2025-10-06T15:35:56.558+0000] {processor.py:153} INFO - Started process (PID=274) to work on /home/airflow/.local/lib/python3.7/site-packages/airflow/example_dags/example_branch_day_of_week_operator.py
[2025-10-06T15:35:56.558+0000] {processor.py:743} INFO - Processing file /home/airflow/.local/lib/python3.7/site-packages/airflow/example_dags/example_branch_day_of_week_operator.py for tasks to queue
[2025-10-06T15:35:56.559+0000] {logging_mixin.py:137} INFO - [2025-10-06T15:35:56.559+0000] {dagbag.py:538} INFO - Filling up the DagBag from /home/airflow/.local/lib/python3.7/site-packages/airflow/example_dags/example_branch_day_of_week_operator.py
[2025-10-06T15:35:56.566+0000] {processor.py:753} INFO - DAG(s) dict_keys(['example_weekday_branch_operator']) retrieved from /home/airflow/.local/lib/python3.7/site-packages/airflow/example_dags/example_branch_day_of_week_operator.py
[2025-10-06T15:35:56.576+0000] {logging_mixin.py:137} INFO - [2025-10-06T15:35:56.575+0000] {dag.py:2690} INFO - Sync 1 DAGs
[2025-10-06T15:35:56.586+0000] {logging_mixin.py:137} INFO - [2025-10-06T15:35:56.586+0000] {dag.py:3441} INFO - Setting next_dagrun for example_weekday_branch_operator to 2025-10-05T00:00:00+00:00, run_after=2025-10-06T00:00:00+00:00
[2025-10-06T15:35:56.599+0000] {processor.py:175} INFO - Processing /home/airflow/.local/lib/python3.7/site-packages/airflow/example_dags/example_branch_day_of_week_operator.py took 0.043 seconds
[2025-10-06T15:36:27.003+0000] {processor.py:153} INFO - Started process (PID=353) to work on /home/airflow/.local/lib/python3.7/site-packages/airflow/example_dags/example_branch_day_of_week_operator.py
[2025-10-06T15:36:27.004+0000] {processor.py:743} INFO - Processing file /home/airflow/.local/lib/python3.7/site-packages/airflow/example_dags/example_branch_day_of_week_operator.py for tasks to queue
[2025-10-06T15:36:27.005+0000] {logging_mixin.py:137} INFO - [2025-10-06T15:36:27.005+0000] {dagbag.py:538} INFO - Filling up the DagBag from /home/airflow/.local/lib/python3.7/site-packages/airflow/example_dags/example_branch_day_of_week_operator.py
[2025-10-06T15:36:27.012+0000] {processor.py:753} INFO - DAG(s) dict_keys(['example_weekday_branch_operator']) retrieved from /home/airflow/.local/lib/python3.7/site-packages/airflow/example_dags/example_branch_day_of_week_operator.py
[2025-10-06T15:36:27.022+0000] {logging_mixin.py:137} INFO - [2025-10-06T15:36:27.022+0000] {dag.py:2690} INFO - Sync 1 DAGs
[2025-10-06T15:36:27.032+0000] {logging_mixin.py:137} INFO - [2025-10-06T15:36:27.032+0000] {dag.py:3441} INFO - Setting next_dagrun for example_weekday_branch_operator to 2025-10-05T00:00:00+00:00, run_after=2025-10-06T00:00:00+00:00
[2025-10-06T15:36:27.042+0000] {processor.py:175} INFO - Processing /home/airflow/.local/lib/python3.7/site-packages/airflow/example_dags/example_branch_day_of_week_operator.py took 0.040 seconds
[2025-10-06T15:36:57.504+0000] {processor.py:153} INFO - Started process (PID=452) to work on /home/airflow/.local/lib/python3.7/site-packages/airflow/example_dags/example_branch_day_of_week_operator.py
[2025-10-06T15:36:57.505+0000] {processor.py:743} INFO - Processing file /home/airflow/.local/lib/python3.7/site-packages/airflow/example_dags/example_branch_day_of_week_operator.py for tasks to queue
[2025-10-06T15:36:57.505+0000] {logging_mixin.py:137} INFO - [2025-10-06T15:36:57.505+0000] {dagbag.py:538} INFO - Filling up the DagBag from /home/airflow/.local/lib/python3.7/site-packages/airflow/example_dags/example_branch_day_of_week_operator.py
[2025-10-06T15:36:57.512+0000] {processor.py:753} INFO - DAG(s) dict_keys(['example_weekday_branch_operator']) retrieved from /home/airflow/.local/lib/python3.7/site-packages/airflow/example_dags/example_branch_day_of_week_operator.py
[2025-10-06T15:36:57.524+0000] {logging_mixin.py:137} INFO - [2025-10-06T15:36:57.524+0000] {dag.py:2690} INFO - Sync 1 DAGs
[2025-10-06T15:36:57.536+0000] {logging_mixin.py:137} INFO - [2025-10-06T15:36:57.536+0000] {dag.py:3441} INFO - Setting next_dagrun for example_weekday_branch_operator to 2025-10-05T00:00:00+00:00, run_after=2025-10-06T00:00:00+00:00
[2025-10-06T15:36:57.545+0000] {processor.py:175} INFO - Processing /home/airflow/.local/lib/python3.7/site-packages/airflow/example_dags/example_branch_day_of_week_operator.py took 0.043 seconds
[2025-10-06T15:37:27.868+0000] {processor.py:153} INFO - Started process (PID=551) to work on /home/airflow/.local/lib/python3.7/site-packages/airflow/example_dags/example_branch_day_of_week_operator.py
[2025-10-06T15:37:27.871+0000] {processor.py:743} INFO - Processing file /home/airflow/.local/lib/python3.7/site-packages/airflow/example_dags/example_branch_day_of_week_operator.py for tasks to queue
[2025-10-06T15:37:27.871+0000] {logging_mixin.py:137} INFO - [2025-10-06T15:37:27.871+0000] {dagbag.py:538} INFO - Filling up the DagBag from /home/airflow/.local/lib/python3.7/site-packages/airflow/example_dags/example_branch_day_of_week_operator.py
[2025-10-06T15:37:27.878+0000] {processor.py:753} INFO - DAG(s) dict_keys(['example_weekday_branch_operator']) retrieved from /home/airflow/.local/lib/python3.7/site-packages/airflow/example_dags/example_branch_day_of_week_operator.py
[2025-10-06T15:37:27.890+0000] {logging_mixin.py:137} INFO - [2025-10-06T15:37:27.890+0000] {dag.py:2690} INFO - Sync 1 DAGs
[2025-10-06T15:37:27.903+0000] {logging_mixin.py:137} INFO - [2025-10-06T15:37:27.902+0000] {dag.py:3441} INFO - Setting next_dagrun for example_weekday_branch_operator to 2025-10-05T00:00:00+00:00, run_after=2025-10-06T00:00:00+00:00
[2025-10-06T15:37:27.911+0000] {processor.py:175} INFO - Processing /home/airflow/.local/lib/python3.7/site-packages/airflow/example_dags/example_branch_day_of_week_operator.py took 0.044 seconds
[2025-10-06T15:37:58.243+0000] {processor.py:153} INFO - Started process (PID=650) to work on /home/airflow/.local/lib/python3.7/site-packages/airflow/example_dags/example_branch_day_of_week_operator.py
[2025-10-06T15:37:58.244+0000] {processor.py:743} INFO - Processing file /home/airflow/.local/lib/python3.7/site-packages/airflow/example_dags/example_branch_day_of_week_operator.py for tasks to queue
[2025-10-06T15:37:58.245+0000] {logging_mixin.py:137} INFO - [2025-10-06T15:37:58.245+0000] {dagbag.py:538} INFO - Filling up the DagBag from /home/airflow/.local/lib/python3.7/site-packages/airflow/example_dags/example_branch_day_of_week_operator.py
[2025-10-06T15:37:58.252+0000] {processor.py:753} INFO - DAG(s) dict_keys(['example_weekday_branch_operator']) retrieved from /home/airflow/.local/lib/python3.7/site-packages/airflow/example_dags/example_branch_day_of_week_operator.py
[2025-10-06T15:37:58.264+0000] {logging_mixin.py:137} INFO - [2025-10-06T15:37:58.264+0000] {dag.py:2690} INFO - Sync 1 DAGs
[2025-10-06T15:37:58.275+0000] {logging_mixin.py:137} INFO - [2025-10-06T15:37:58.275+0000] {dag.py:3441} INFO - Setting next_dagrun for example_weekday_branch_operator to 2025-10-05T00:00:00+00:00, run_after=2025-10-06T00:00:00+00:00
[2025-10-06T15:37:58.284+0000] {processor.py:175} INFO - Processing /home/airflow/.local/lib/python3.7/site-packages/airflow/example_dags/example_branch_day_of_week_operator.py took 0.043 seconds
[2025-10-06T15:38:28.651+0000] {processor.py:153} INFO - Started process (PID=729) to work on /home/airflow/.local/lib/python3.7/site-packages/airflow/example_dags/example_branch_day_of_week_operator.py
[2025-10-06T15:38:28.652+0000] {processor.py:743} INFO - Processing file /home/airflow/.local/lib/python3.7/site-packages/airflow/example_dags/example_branch_day_of_week_operator.py for tasks to queue
[2025-10-06T15:38:28.652+0000] {logging_mixin.py:137} INFO - [2025-10-06T15:38:28.652+0000] {dagbag.py:538} INFO - Filling up the DagBag from /home/airflow/.local/lib/python3.7/site-packages/airflow/example_dags/example_branch_day_of_week_operator.py
[2025-10-06T15:38:28.659+0000] {processor.py:753} INFO - DAG(s) dict_keys(['example_weekday_branch_operator']) retrieved from /home/airflow/.local/lib/python3.7/site-packages/airflow/example_dags/example_branch_day_of_week_operator.py
[2025-10-06T15:38:28.670+0000] {logging_mixin.py:137} INFO - [2025-10-06T15:38:28.670+0000] {dag.py:2690} INFO - Sync 1 DAGs
[2025-10-06T15:38:28.681+0000] {logging_mixin.py:137} INFO - [2025-10-06T15:38:28.680+0000] {dag.py:3441} INFO - Setting next_dagrun for example_weekday_branch_operator to 2025-10-05T00:00:00+00:00, run_after=2025-10-06T00:00:00+00:00
[2025-10-06T15:38:28.687+0000] {processor.py:175} INFO - Processing /home/airflow/.local/lib/python3.7/site-packages/airflow/example_dags/example_branch_day_of_week_operator.py took 0.038 seconds
[2025-10-06T15:38:59.058+0000] {processor.py:153} INFO - Started process (PID=828) to work on /home/airflow/.local/lib/python3.7/site-packages/airflow/example_dags/example_branch_day_of_week_operator.py
[2025-10-06T15:38:59.059+0000] {processor.py:743} INFO - Processing file /home/airflow/.local/lib/python3.7/site-packages/airflow/example_dags/example_branch_day_of_week_operator.py for tasks to queue
[2025-10-06T15:38:59.060+0000] {logging_mixin.py:137} INFO - [2025-10-06T15:38:59.060+0000] {dagbag.py:538} INFO - Filling up the DagBag from /home/airflow/.local/lib/python3.7/site-packages/airflow/example_dags/example_branch_day_of_week_operator.py
[2025-10-06T15:38:59.066+0000] {processor.py:753} INFO - DAG(s) dict_keys(['example_weekday_branch_operator']) retrieved from /home/airflow/.local/lib/python3.7/site-packages/airflow/example_dags/example_branch_day_of_week_operator.py
[2025-10-06T15:38:59.077+0000] {logging_mixin.py:137} INFO - [2025-10-06T15:38:59.077+0000] {dag.py:2690} INFO - Sync 1 DAGs
[2025-10-06T15:38:59.088+0000] {logging_mixin.py:137} INFO - [2025-10-06T15:38:59.088+0000] {dag.py:3441} INFO - Setting next_dagrun for example_weekday_branch_operator to 2025-10-05T00:00:00+00:00, run_after=2025-10-06T00:00:00+00:00
[2025-10-06T15:38:59.095+0000] {processor.py:175} INFO - Processing /home/airflow/.local/lib/python3.7/site-packages/airflow/example_dags/example_branch_day_of_week_operator.py took 0.038 seconds
[2025-10-06T15:39:29.515+0000] {processor.py:153} INFO - Started process (PID=927) to work on /home/airflow/.local/lib/python3.7/site-packages/airflow/example_dags/example_branch_day_of_week_operator.py
[2025-10-06T15:39:29.516+0000] {processor.py:743} INFO - Processing file /home/airflow/.local/lib/python3.7/site-packages/airflow/example_dags/example_branch_day_of_week_operator.py for tasks to queue
[2025-10-06T15:39:29.516+0000] {logging_mixin.py:137} INFO - [2025-10-06T15:39:29.516+0000] {dagbag.py:538} INFO - Filling up the DagBag from /home/airflow/.local/lib/python3.7/site-packages/airflow/example_dags/example_branch_day_of_week_operator.py
[2025-10-06T15:39:29.523+0000] {processor.py:753} INFO - DAG(s) dict_keys(['example_weekday_branch_operator']) retrieved from /home/airflow/.local/lib/python3.7/site-packages/airflow/example_dags/example_branch_day_of_week_operator.py
[2025-10-06T15:39:29.535+0000] {logging_mixin.py:137} INFO - [2025-10-06T15:39:29.535+0000] {dag.py:2690} INFO - Sync 1 DAGs
[2025-10-06T15:39:29.547+0000] {logging_mixin.py:137} INFO - [2025-10-06T15:39:29.547+0000] {dag.py:3441} INFO - Setting next_dagrun for example_weekday_branch_operator to 2025-10-05T00:00:00+00:00, run_after=2025-10-06T00:00:00+00:00
[2025-10-06T15:39:29.558+0000] {processor.py:175} INFO - Processing /home/airflow/.local/lib/python3.7/site-packages/airflow/example_dags/example_branch_day_of_week_operator.py took 0.044 seconds
[2025-10-06T15:39:59.798+0000] {processor.py:153} INFO - Started process (PID=1026) to work on /home/airflow/.local/lib/python3.7/site-packages/airflow/example_dags/example_branch_day_of_week_operator.py
[2025-10-06T15:39:59.798+0000] {processor.py:743} INFO - Processing file /home/airflow/.local/lib/python3.7/site-packages/airflow/example_dags/example_branch_day_of_week_operator.py for tasks to queue
[2025-10-06T15:39:59.799+0000] {logging_mixin.py:137} INFO - [2025-10-06T15:39:59.799+0000] {dagbag.py:538} INFO - Filling up the DagBag from /home/airflow/.local/lib/python3.7/site-packages/airflow/example_dags/example_branch_day_of_week_operator.py
[2025-10-06T15:39:59.805+0000] {processor.py:753} INFO - DAG(s) dict_keys(['example_weekday_branch_operator']) retrieved from /home/airflow/.local/lib/python3.7/site-packages/airflow/example_dags/example_branch_day_of_week_operator.py
[2025-10-06T15:39:59.816+0000] {logging_mixin.py:137} INFO - [2025-10-06T15:39:59.816+0000] {dag.py:2690} INFO - Sync 1 DAGs
[2025-10-06T15:39:59.827+0000] {logging_mixin.py:137} INFO - [2025-10-06T15:39:59.827+0000] {dag.py:3441} INFO - Setting next_dagrun for example_weekday_branch_operator to 2025-10-05T00:00:00+00:00, run_after=2025-10-06T00:00:00+00:00
[2025-10-06T15:39:59.834+0000] {processor.py:175} INFO - Processing /home/airflow/.local/lib/python3.7/site-packages/airflow/example_dags/example_branch_day_of_week_operator.py took 0.038 seconds
[2025-10-06T15:40:29.963+0000] {processor.py:153} INFO - Started process (PID=1105) to work on /home/airflow/.local/lib/python3.7/site-packages/airflow/example_dags/example_branch_day_of_week_operator.py
[2025-10-06T15:40:29.964+0000] {processor.py:743} INFO - Processing file /home/airflow/.local/lib/python3.7/site-packages/airflow/example_dags/example_branch_day_of_week_operator.py for tasks to queue
[2025-10-06T15:40:29.968+0000] {logging_mixin.py:137} INFO - [2025-10-06T15:40:29.968+0000] {dagbag.py:538} INFO - Filling up the DagBag from /home/airflow/.local/lib/python3.7/site-packages/airflow/example_dags/example_branch_day_of_week_operator.py
[2025-10-06T15:40:29.974+0000] {processor.py:753} INFO - DAG(s) dict_keys(['example_weekday_branch_operator']) retrieved from /home/airflow/.local/lib/python3.7/site-packages/airflow/example_dags/example_branch_day_of_week_operator.py
[2025-10-06T15:40:29.985+0000] {logging_mixin.py:137} INFO - [2025-10-06T15:40:29.985+0000] {dag.py:2690} INFO - Sync 1 DAGs
[2025-10-06T15:40:29.996+0000] {logging_mixin.py:137} INFO - [2025-10-06T15:40:29.995+0000] {dag.py:3441} INFO - Setting next_dagrun for example_weekday_branch_operator to 2025-10-05T00:00:00+00:00, run_after=2025-10-06T00:00:00+00:00
[2025-10-06T15:40:30.003+0000] {processor.py:175} INFO - Processing /home/airflow/.local/lib/python3.7/site-packages/airflow/example_dags/example_branch_day_of_week_operator.py took 0.041 seconds
[2025-10-06T15:41:00.278+0000] {processor.py:153} INFO - Started process (PID=1204) to work on /home/airflow/.local/lib/python3.7/site-packages/airflow/example_dags/example_branch_day_of_week_operator.py
[2025-10-06T15:41:00.279+0000] {processor.py:743} INFO - Processing file /home/airflow/.local/lib/python3.7/site-packages/airflow/example_dags/example_branch_day_of_week_operator.py for tasks to queue
[2025-10-06T15:41:00.279+0000] {logging_mixin.py:137} INFO - [2025-10-06T15:41:00.279+0000] {dagbag.py:538} INFO - Filling up the DagBag from /home/airflow/.local/lib/python3.7/site-packages/airflow/example_dags/example_branch_day_of_week_operator.py
[2025-10-06T15:41:00.286+0000] {processor.py:753} INFO - DAG(s) dict_keys(['example_weekday_branch_operator']) retrieved from /home/airflow/.local/lib/python3.7/site-packages/airflow/example_dags/example_branch_day_of_week_operator.py
[2025-10-06T15:41:00.297+0000] {logging_mixin.py:137} INFO - [2025-10-06T15:41:00.297+0000] {dag.py:2690} INFO - Sync 1 DAGs
[2025-10-06T15:41:00.309+0000] {logging_mixin.py:137} INFO - [2025-10-06T15:41:00.309+0000] {dag.py:3441} INFO - Setting next_dagrun for example_weekday_branch_operator to 2025-10-05T00:00:00+00:00, run_after=2025-10-06T00:00:00+00:00
[2025-10-06T15:41:00.316+0000] {processor.py:175} INFO - Processing /home/airflow/.local/lib/python3.7/site-packages/airflow/example_dags/example_branch_day_of_week_operator.py took 0.040 seconds
[2025-10-06T15:41:30.553+0000] {processor.py:153} INFO - Started process (PID=1303) to work on /home/airflow/.local/lib/python3.7/site-packages/airflow/example_dags/example_branch_day_of_week_operator.py
[2025-10-06T15:41:30.554+0000] {processor.py:743} INFO - Processing file /home/airflow/.local/lib/python3.7/site-packages/airflow/example_dags/example_branch_day_of_week_operator.py for tasks to queue
[2025-10-06T15:41:30.554+0000] {logging_mixin.py:137} INFO - [2025-10-06T15:41:30.554+0000] {dagbag.py:538} INFO - Filling up the DagBag from /home/airflow/.local/lib/python3.7/site-packages/airflow/example_dags/example_branch_day_of_week_operator.py
[2025-10-06T15:41:30.560+0000] {processor.py:753} INFO - DAG(s) dict_keys(['example_weekday_branch_operator']) retrieved from /home/airflow/.local/lib/python3.7/site-packages/airflow/example_dags/example_branch_day_of_week_operator.py
[2025-10-06T15:41:30.571+0000] {logging_mixin.py:137} INFO - [2025-10-06T15:41:30.571+0000] {dag.py:2690} INFO - Sync 1 DAGs
[2025-10-06T15:41:30.581+0000] {logging_mixin.py:137} INFO - [2025-10-06T15:41:30.581+0000] {dag.py:3441} INFO - Setting next_dagrun for example_weekday_branch_operator to 2025-10-05T00:00:00+00:00, run_after=2025-10-06T00:00:00+00:00
[2025-10-06T15:41:30.588+0000] {processor.py:175} INFO - Processing /home/airflow/.local/lib/python3.7/site-packages/airflow/example_dags/example_branch_day_of_week_operator.py took 0.037 seconds
[2025-10-06T15:42:00.905+0000] {processor.py:153} INFO - Started process (PID=1402) to work on /home/airflow/.local/lib/python3.7/site-packages/airflow/example_dags/example_branch_day_of_week_operator.py
[2025-10-06T15:42:00.909+0000] {processor.py:743} INFO - Processing file /home/airflow/.local/lib/python3.7/site-packages/airflow/example_dags/example_branch_day_of_week_operator.py for tasks to queue
[2025-10-06T15:42:00.909+0000] {logging_mixin.py:137} INFO - [2025-10-06T15:42:00.909+0000] {dagbag.py:538} INFO - Filling up the DagBag from /home/airflow/.local/lib/python3.7/site-packages/airflow/example_dags/example_branch_day_of_week_operator.py
[2025-10-06T15:42:00.915+0000] {processor.py:753} INFO - DAG(s) dict_keys(['example_weekday_branch_operator']) retrieved from /home/airflow/.local/lib/python3.7/site-packages/airflow/example_dags/example_branch_day_of_week_operator.py
[2025-10-06T15:42:00.928+0000] {logging_mixin.py:137} INFO - [2025-10-06T15:42:00.928+0000] {dag.py:2690} INFO - Sync 1 DAGs
[2025-10-06T15:42:00.940+0000] {logging_mixin.py:137} INFO - [2025-10-06T15:42:00.940+0000] {dag.py:3441} INFO - Setting next_dagrun for example_weekday_branch_operator to 2025-10-05T00:00:00+00:00, run_after=2025-10-06T00:00:00+00:00
[2025-10-06T15:42:00.946+0000] {processor.py:175} INFO - Processing /home/airflow/.local/lib/python3.7/site-packages/airflow/example_dags/example_branch_day_of_week_operator.py took 0.042 seconds
[2025-10-06T15:42:31.181+0000] {processor.py:153} INFO - Started process (PID=1481) to work on /home/airflow/.local/lib/python3.7/site-packages/airflow/example_dags/example_branch_day_of_week_operator.py
[2025-10-06T15:42:31.182+0000] {processor.py:743} INFO - Processing file /home/airflow/.local/lib/python3.7/site-packages/airflow/example_dags/example_branch_day_of_week_operator.py for tasks to queue
[2025-10-06T15:42:31.182+0000] {logging_mixin.py:137} INFO - [2025-10-06T15:42:31.182+0000] {dagbag.py:538} INFO - Filling up the DagBag from /home/airflow/.local/lib/python3.7/site-packages/airflow/example_dags/example_branch_day_of_week_operator.py
[2025-10-06T15:42:31.188+0000] {processor.py:753} INFO - DAG(s) dict_keys(['example_weekday_branch_operator']) retrieved from /home/airflow/.local/lib/python3.7/site-packages/airflow/example_dags/example_branch_day_of_week_operator.py
[2025-10-06T15:42:31.198+0000] {logging_mixin.py:137} INFO - [2025-10-06T15:42:31.198+0000] {dag.py:2690} INFO - Sync 1 DAGs
[2025-10-06T15:42:31.209+0000] {logging_mixin.py:137} INFO - [2025-10-06T15:42:31.208+0000] {dag.py:3441} INFO - Setting next_dagrun for example_weekday_branch_operator to 2025-10-05T00:00:00+00:00, run_after=2025-10-06T00:00:00+00:00
[2025-10-06T15:42:31.217+0000] {processor.py:175} INFO - Processing /home/airflow/.local/lib/python3.7/site-packages/airflow/example_dags/example_branch_day_of_week_operator.py took 0.037 seconds
[2025-10-06T15:43:01.415+0000] {processor.py:153} INFO - Started process (PID=1581) to work on /home/airflow/.local/lib/python3.7/site-packages/airflow/example_dags/example_branch_day_of_week_operator.py
[2025-10-06T15:43:01.415+0000] {processor.py:743} INFO - Processing file /home/airflow/.local/lib/python3.7/site-packages/airflow/example_dags/example_branch_day_of_week_operator.py for tasks to queue
[2025-10-06T15:43:01.415+0000] {logging_mixin.py:137} INFO - [2025-10-06T15:43:01.415+0000] {dagbag.py:538} INFO - Filling up the DagBag from /home/airflow/.local/lib/python3.7/site-packages/airflow/example_dags/example_branch_day_of_week_operator.py
[2025-10-06T15:43:01.422+0000] {processor.py:753} INFO - DAG(s) dict_keys(['example_weekday_branch_operator']) retrieved from /home/airflow/.local/lib/python3.7/site-packages/airflow/example_dags/example_branch_day_of_week_operator.py
[2025-10-06T15:43:01.432+0000] {logging_mixin.py:137} INFO - [2025-10-06T15:43:01.432+0000] {dag.py:2690} INFO - Sync 1 DAGs
[2025-10-06T15:43:01.444+0000] {logging_mixin.py:137} INFO - [2025-10-06T15:43:01.443+0000] {dag.py:3441} INFO - Setting next_dagrun for example_weekday_branch_operator to 2025-10-05T00:00:00+00:00, run_after=2025-10-06T00:00:00+00:00
[2025-10-06T15:43:01.450+0000] {processor.py:175} INFO - Processing /home/airflow/.local/lib/python3.7/site-packages/airflow/example_dags/example_branch_day_of_week_operator.py took 0.037 seconds
[2025-10-06T15:43:31.744+0000] {processor.py:153} INFO - Started process (PID=1680) to work on /home/airflow/.local/lib/python3.7/site-packages/airflow/example_dags/example_branch_day_of_week_operator.py
[2025-10-06T15:43:31.745+0000] {processor.py:743} INFO - Processing file /home/airflow/.local/lib/python3.7/site-packages/airflow/example_dags/example_branch_day_of_week_operator.py for tasks to queue
[2025-10-06T15:43:31.745+0000] {logging_mixin.py:137} INFO - [2025-10-06T15:43:31.745+0000] {dagbag.py:538} INFO - Filling up the DagBag from /home/airflow/.local/lib/python3.7/site-packages/airflow/example_dags/example_branch_day_of_week_operator.py
[2025-10-06T15:43:31.752+0000] {processor.py:753} INFO - DAG(s) dict_keys(['example_weekday_branch_operator']) retrieved from /home/airflow/.local/lib/python3.7/site-packages/airflow/example_dags/example_branch_day_of_week_operator.py
[2025-10-06T15:43:31.764+0000] {logging_mixin.py:137} INFO - [2025-10-06T15:43:31.763+0000] {dag.py:2690} INFO - Sync 1 DAGs
[2025-10-06T15:43:31.775+0000] {logging_mixin.py:137} INFO - [2025-10-06T15:43:31.775+0000] {dag.py:3441} INFO - Setting next_dagrun for example_weekday_branch_operator to 2025-10-05T00:00:00+00:00, run_after=2025-10-06T00:00:00+00:00
[2025-10-06T15:43:31.782+0000] {processor.py:175} INFO - Processing /home/airflow/.local/lib/python3.7/site-packages/airflow/example_dags/example_branch_day_of_week_operator.py took 0.039 seconds
[2025-10-06T15:44:02.171+0000] {processor.py:153} INFO - Started process (PID=1779) to work on /home/airflow/.local/lib/python3.7/site-packages/airflow/example_dags/example_branch_day_of_week_operator.py
[2025-10-06T15:44:02.172+0000] {processor.py:743} INFO - Processing file /home/airflow/.local/lib/python3.7/site-packages/airflow/example_dags/example_branch_day_of_week_operator.py for tasks to queue
[2025-10-06T15:44:02.172+0000] {logging_mixin.py:137} INFO - [2025-10-06T15:44:02.172+0000] {dagbag.py:538} INFO - Filling up the DagBag from /home/airflow/.local/lib/python3.7/site-packages/airflow/example_dags/example_branch_day_of_week_operator.py
[2025-10-06T15:44:02.179+0000] {processor.py:753} INFO - DAG(s) dict_keys(['example_weekday_branch_operator']) retrieved from /home/airflow/.local/lib/python3.7/site-packages/airflow/example_dags/example_branch_day_of_week_operator.py
[2025-10-06T15:44:02.190+0000] {logging_mixin.py:137} INFO - [2025-10-06T15:44:02.190+0000] {dag.py:2690} INFO - Sync 1 DAGs
[2025-10-06T15:44:02.202+0000] {logging_mixin.py:137} INFO - [2025-10-06T15:44:02.202+0000] {dag.py:3441} INFO - Setting next_dagrun for example_weekday_branch_operator to 2025-10-05T00:00:00+00:00, run_after=2025-10-06T00:00:00+00:00
[2025-10-06T15:44:02.209+0000] {processor.py:175} INFO - Processing /home/airflow/.local/lib/python3.7/site-packages/airflow/example_dags/example_branch_day_of_week_operator.py took 0.039 seconds
[2025-10-06T15:44:32.533+0000] {processor.py:153} INFO - Started process (PID=1858) to work on /home/airflow/.local/lib/python3.7/site-packages/airflow/example_dags/example_branch_day_of_week_operator.py
[2025-10-06T15:44:32.534+0000] {processor.py:743} INFO - Processing file /home/airflow/.local/lib/python3.7/site-packages/airflow/example_dags/example_branch_day_of_week_operator.py for tasks to queue
[2025-10-06T15:44:32.536+0000] {logging_mixin.py:137} INFO - [2025-10-06T15:44:32.536+0000] {dagbag.py:538} INFO - Filling up the DagBag from /home/airflow/.local/lib/python3.7/site-packages/airflow/example_dags/example_branch_day_of_week_operator.py
[2025-10-06T15:44:32.542+0000] {processor.py:753} INFO - DAG(s) dict_keys(['example_weekday_branch_operator']) retrieved from /home/airflow/.local/lib/python3.7/site-packages/airflow/example_dags/example_branch_day_of_week_operator.py
[2025-10-06T15:44:32.553+0000] {logging_mixin.py:137} INFO - [2025-10-06T15:44:32.553+0000] {dag.py:2690} INFO - Sync 1 DAGs
[2025-10-06T15:44:32.565+0000] {logging_mixin.py:137} INFO - [2025-10-06T15:44:32.565+0000] {dag.py:3441} INFO - Setting next_dagrun for example_weekday_branch_operator to 2025-10-05T00:00:00+00:00, run_after=2025-10-06T00:00:00+00:00
[2025-10-06T15:44:32.573+0000] {processor.py:175} INFO - Processing /home/airflow/.local/lib/python3.7/site-packages/airflow/example_dags/example_branch_day_of_week_operator.py took 0.041 seconds
[2025-10-06T15:45:02.892+0000] {processor.py:153} INFO - Started process (PID=1957) to work on /home/airflow/.local/lib/python3.7/site-packages/airflow/example_dags/example_branch_day_of_week_operator.py
[2025-10-06T15:45:02.894+0000] {processor.py:743} INFO - Processing file /home/airflow/.local/lib/python3.7/site-packages/airflow/example_dags/example_branch_day_of_week_operator.py for tasks to queue
[2025-10-06T15:45:02.894+0000] {logging_mixin.py:137} INFO - [2025-10-06T15:45:02.894+0000] {dagbag.py:538} INFO - Filling up the DagBag from /home/airflow/.local/lib/python3.7/site-packages/airflow/example_dags/example_branch_day_of_week_operator.py
[2025-10-06T15:45:02.901+0000] {processor.py:753} INFO - DAG(s) dict_keys(['example_weekday_branch_operator']) retrieved from /home/airflow/.local/lib/python3.7/site-packages/airflow/example_dags/example_branch_day_of_week_operator.py
[2025-10-06T15:45:02.912+0000] {logging_mixin.py:137} INFO - [2025-10-06T15:45:02.912+0000] {dag.py:2690} INFO - Sync 1 DAGs
[2025-10-06T15:45:02.923+0000] {logging_mixin.py:137} INFO - [2025-10-06T15:45:02.923+0000] {dag.py:3441} INFO - Setting next_dagrun for example_weekday_branch_operator to 2025-10-05T00:00:00+00:00, run_after=2025-10-06T00:00:00+00:00
[2025-10-06T15:45:02.931+0000] {processor.py:175} INFO - Processing /home/airflow/.local/lib/python3.7/site-packages/airflow/example_dags/example_branch_day_of_week_operator.py took 0.040 seconds
[2025-10-06T15:45:33.177+0000] {processor.py:153} INFO - Started process (PID=2056) to work on /home/airflow/.local/lib/python3.7/site-packages/airflow/example_dags/example_branch_day_of_week_operator.py
[2025-10-06T15:45:33.179+0000] {processor.py:743} INFO - Processing file /home/airflow/.local/lib/python3.7/site-packages/airflow/example_dags/example_branch_day_of_week_operator.py for tasks to queue
[2025-10-06T15:45:33.179+0000] {logging_mixin.py:137} INFO - [2025-10-06T15:45:33.179+0000] {dagbag.py:538} INFO - Filling up the DagBag from /home/airflow/.local/lib/python3.7/site-packages/airflow/example_dags/example_branch_day_of_week_operator.py
[2025-10-06T15:45:33.186+0000] {processor.py:753} INFO - DAG(s) dict_keys(['example_weekday_branch_operator']) retrieved from /home/airflow/.local/lib/python3.7/site-packages/airflow/example_dags/example_branch_day_of_week_operator.py
[2025-10-06T15:45:33.197+0000] {logging_mixin.py:137} INFO - [2025-10-06T15:45:33.197+0000] {dag.py:2690} INFO - Sync 1 DAGs
[2025-10-06T15:45:33.208+0000] {logging_mixin.py:137} INFO - [2025-10-06T15:45:33.208+0000] {dag.py:3441} INFO - Setting next_dagrun for example_weekday_branch_operator to 2025-10-05T00:00:00+00:00, run_after=2025-10-06T00:00:00+00:00
[2025-10-06T15:45:33.218+0000] {processor.py:175} INFO - Processing /home/airflow/.local/lib/python3.7/site-packages/airflow/example_dags/example_branch_day_of_week_operator.py took 0.043 seconds
[2025-10-06T15:46:03.797+0000] {processor.py:153} INFO - Started process (PID=2155) to work on /home/airflow/.local/lib/python3.7/site-packages/airflow/example_dags/example_branch_day_of_week_operator.py
[2025-10-06T15:46:03.797+0000] {processor.py:743} INFO - Processing file /home/airflow/.local/lib/python3.7/site-packages/airflow/example_dags/example_branch_day_of_week_operator.py for tasks to queue
[2025-10-06T15:46:03.798+0000] {logging_mixin.py:137} INFO - [2025-10-06T15:46:03.798+0000] {dagbag.py:538} INFO - Filling up the DagBag from /home/airflow/.local/lib/python3.7/site-packages/airflow/example_dags/example_branch_day_of_week_operator.py
[2025-10-06T15:46:03.806+0000] {processor.py:753} INFO - DAG(s) dict_keys(['example_weekday_branch_operator']) retrieved from /home/airflow/.local/lib/python3.7/site-packages/airflow/example_dags/example_branch_day_of_week_operator.py
[2025-10-06T15:46:03.818+0000] {logging_mixin.py:137} INFO - [2025-10-06T15:46:03.818+0000] {dag.py:2690} INFO - Sync 1 DAGs
[2025-10-06T15:46:03.829+0000] {logging_mixin.py:137} INFO - [2025-10-06T15:46:03.829+0000] {dag.py:3441} INFO - Setting next_dagrun for example_weekday_branch_operator to 2025-10-05T00:00:00+00:00, run_after=2025-10-06T00:00:00+00:00
[2025-10-06T15:46:03.837+0000] {processor.py:175} INFO - Processing /home/airflow/.local/lib/python3.7/site-packages/airflow/example_dags/example_branch_day_of_week_operator.py took 0.042 seconds
[2025-10-06T15:46:34.254+0000] {processor.py:153} INFO - Started process (PID=2234) to work on /home/airflow/.local/lib/python3.7/site-packages/airflow/example_dags/example_branch_day_of_week_operator.py
[2025-10-06T15:46:34.257+0000] {processor.py:743} INFO - Processing file /home/airflow/.local/lib/python3.7/site-packages/airflow/example_dags/example_branch_day_of_week_operator.py for tasks to queue
[2025-10-06T15:46:34.257+0000] {logging_mixin.py:137} INFO - [2025-10-06T15:46:34.257+0000] {dagbag.py:538} INFO - Filling up the DagBag from /home/airflow/.local/lib/python3.7/site-packages/airflow/example_dags/example_branch_day_of_week_operator.py
[2025-10-06T15:46:34.267+0000] {processor.py:753} INFO - DAG(s) dict_keys(['example_weekday_branch_operator']) retrieved from /home/airflow/.local/lib/python3.7/site-packages/airflow/example_dags/example_branch_day_of_week_operator.py
[2025-10-06T15:46:34.280+0000] {logging_mixin.py:137} INFO - [2025-10-06T15:46:34.280+0000] {dag.py:2690} INFO - Sync 1 DAGs
[2025-10-06T15:46:34.291+0000] {logging_mixin.py:137} INFO - [2025-10-06T15:46:34.291+0000] {dag.py:3441} INFO - Setting next_dagrun for example_weekday_branch_operator to 2025-10-05T00:00:00+00:00, run_after=2025-10-06T00:00:00+00:00
[2025-10-06T15:46:34.300+0000] {processor.py:175} INFO - Processing /home/airflow/.local/lib/python3.7/site-packages/airflow/example_dags/example_branch_day_of_week_operator.py took 0.048 seconds
