[2025-10-06T15:34:55.046+0000] {processor.py:153} INFO - Started process (PID=57) to work on /home/airflow/.local/lib/python3.7/site-packages/airflow/example_dags/example_xcom.py
[2025-10-06T15:34:55.047+0000] {processor.py:743} INFO - Processing file /home/airflow/.local/lib/python3.7/site-packages/airflow/example_dags/example_xcom.py for tasks to queue
[2025-10-06T15:34:55.047+0000] {logging_mixin.py:137} INFO - [2025-10-06T15:34:55.047+0000] {dagbag.py:538} INFO - Filling up the DagBag from /home/airflow/.local/lib/python3.7/site-packages/airflow/example_dags/example_xcom.py
[2025-10-06T15:34:55.069+0000] {processor.py:753} INFO - DAG(s) dict_keys(['example_xcom']) retrieved from /home/airflow/.local/lib/python3.7/site-packages/airflow/example_dags/example_xcom.py
[2025-10-06T15:34:55.075+0000] {logging_mixin.py:137} INFO - [2025-10-06T15:34:55.075+0000] {dag.py:2690} INFO - Sync 1 DAGs
[2025-10-06T15:34:55.087+0000] {logging_mixin.py:137} INFO - [2025-10-06T15:34:55.087+0000] {dag.py:3441} INFO - Setting next_dagrun for example_xcom to 2021-01-01T00:00:00+00:00, run_after=2021-01-01T00:00:00+00:00
[2025-10-06T15:34:55.096+0000] {processor.py:175} INFO - Processing /home/airflow/.local/lib/python3.7/site-packages/airflow/example_dags/example_xcom.py took 0.054 seconds
[2025-10-06T15:35:25.576+0000] {processor.py:153} INFO - Started process (PID=156) to work on /home/airflow/.local/lib/python3.7/site-packages/airflow/example_dags/example_xcom.py
[2025-10-06T15:35:25.577+0000] {processor.py:743} INFO - Processing file /home/airflow/.local/lib/python3.7/site-packages/airflow/example_dags/example_xcom.py for tasks to queue
[2025-10-06T15:35:25.579+0000] {logging_mixin.py:137} INFO - [2025-10-06T15:35:25.579+0000] {dagbag.py:538} INFO - Filling up the DagBag from /home/airflow/.local/lib/python3.7/site-packages/airflow/example_dags/example_xcom.py
[2025-10-06T15:35:25.589+0000] {processor.py:753} INFO - DAG(s) dict_keys(['example_xcom']) retrieved from /home/airflow/.local/lib/python3.7/site-packages/airflow/example_dags/example_xcom.py
[2025-10-06T15:35:25.601+0000] {logging_mixin.py:137} INFO - [2025-10-06T15:35:25.601+0000] {dag.py:2690} INFO - Sync 1 DAGs
[2025-10-06T15:35:25.612+0000] {logging_mixin.py:137} INFO - [2025-10-06T15:35:25.612+0000] {dag.py:3441} INFO - Setting next_dagrun for example_xcom to 2021-01-01T00:00:00+00:00, run_after=2021-01-01T00:00:00+00:00
[2025-10-06T15:35:25.621+0000] {processor.py:175} INFO - Processing /home/airflow/.local/lib/python3.7/site-packages/airflow/example_dags/example_xcom.py took 0.048 seconds
[2025-10-06T15:35:56.011+0000] {processor.py:153} INFO - Started process (PID=255) to work on /home/airflow/.local/lib/python3.7/site-packages/airflow/example_dags/example_xcom.py
[2025-10-06T15:35:56.012+0000] {processor.py:743} INFO - Processing file /home/airflow/.local/lib/python3.7/site-packages/airflow/example_dags/example_xcom.py for tasks to queue
[2025-10-06T15:35:56.012+0000] {logging_mixin.py:137} INFO - [2025-10-06T15:35:56.012+0000] {dagbag.py:538} INFO - Filling up the DagBag from /home/airflow/.local/lib/python3.7/site-packages/airflow/example_dags/example_xcom.py
[2025-10-06T15:35:56.022+0000] {processor.py:753} INFO - DAG(s) dict_keys(['example_xcom']) retrieved from /home/airflow/.local/lib/python3.7/site-packages/airflow/example_dags/example_xcom.py
[2025-10-06T15:35:56.035+0000] {logging_mixin.py:137} INFO - [2025-10-06T15:35:56.035+0000] {dag.py:2690} INFO - Sync 1 DAGs
[2025-10-06T15:35:56.047+0000] {logging_mixin.py:137} INFO - [2025-10-06T15:35:56.047+0000] {dag.py:3441} INFO - Setting next_dagrun for example_xcom to 2021-01-01T00:00:00+00:00, run_after=2021-01-01T00:00:00+00:00
[2025-10-06T15:35:56.056+0000] {processor.py:175} INFO - Processing /home/airflow/.local/lib/python3.7/site-packages/airflow/example_dags/example_xcom.py took 0.046 seconds
[2025-10-06T15:36:26.493+0000] {processor.py:153} INFO - Started process (PID=334) to work on /home/airflow/.local/lib/python3.7/site-packages/airflow/example_dags/example_xcom.py
[2025-10-06T15:36:26.494+0000] {processor.py:743} INFO - Processing file /home/airflow/.local/lib/python3.7/site-packages/airflow/example_dags/example_xcom.py for tasks to queue
[2025-10-06T15:36:26.494+0000] {logging_mixin.py:137} INFO - [2025-10-06T15:36:26.494+0000] {dagbag.py:538} INFO - Filling up the DagBag from /home/airflow/.local/lib/python3.7/site-packages/airflow/example_dags/example_xcom.py
[2025-10-06T15:36:26.503+0000] {processor.py:753} INFO - DAG(s) dict_keys(['example_xcom']) retrieved from /home/airflow/.local/lib/python3.7/site-packages/airflow/example_dags/example_xcom.py
[2025-10-06T15:36:26.513+0000] {logging_mixin.py:137} INFO - [2025-10-06T15:36:26.513+0000] {dag.py:2690} INFO - Sync 1 DAGs
[2025-10-06T15:36:26.522+0000] {logging_mixin.py:137} INFO - [2025-10-06T15:36:26.522+0000] {dag.py:3441} INFO - Setting next_dagrun for example_xcom to 2021-01-01T00:00:00+00:00, run_after=2021-01-01T00:00:00+00:00
[2025-10-06T15:36:26.528+0000] {processor.py:175} INFO - Processing /home/airflow/.local/lib/python3.7/site-packages/airflow/example_dags/example_xcom.py took 0.036 seconds
[2025-10-06T15:36:56.946+0000] {processor.py:153} INFO - Started process (PID=433) to work on /home/airflow/.local/lib/python3.7/site-packages/airflow/example_dags/example_xcom.py
[2025-10-06T15:36:56.946+0000] {processor.py:743} INFO - Processing file /home/airflow/.local/lib/python3.7/site-packages/airflow/example_dags/example_xcom.py for tasks to queue
[2025-10-06T15:36:56.946+0000] {logging_mixin.py:137} INFO - [2025-10-06T15:36:56.946+0000] {dagbag.py:538} INFO - Filling up the DagBag from /home/airflow/.local/lib/python3.7/site-packages/airflow/example_dags/example_xcom.py
[2025-10-06T15:36:56.955+0000] {processor.py:753} INFO - DAG(s) dict_keys(['example_xcom']) retrieved from /home/airflow/.local/lib/python3.7/site-packages/airflow/example_dags/example_xcom.py
[2025-10-06T15:36:56.964+0000] {logging_mixin.py:137} INFO - [2025-10-06T15:36:56.964+0000] {dag.py:2690} INFO - Sync 1 DAGs
[2025-10-06T15:36:56.973+0000] {logging_mixin.py:137} INFO - [2025-10-06T15:36:56.973+0000] {dag.py:3441} INFO - Setting next_dagrun for example_xcom to 2021-01-01T00:00:00+00:00, run_after=2021-01-01T00:00:00+00:00
[2025-10-06T15:36:56.979+0000] {processor.py:175} INFO - Processing /home/airflow/.local/lib/python3.7/site-packages/airflow/example_dags/example_xcom.py took 0.035 seconds
[2025-10-06T15:37:27.367+0000] {processor.py:153} INFO - Started process (PID=532) to work on /home/airflow/.local/lib/python3.7/site-packages/airflow/example_dags/example_xcom.py
[2025-10-06T15:37:27.367+0000] {processor.py:743} INFO - Processing file /home/airflow/.local/lib/python3.7/site-packages/airflow/example_dags/example_xcom.py for tasks to queue
[2025-10-06T15:37:27.368+0000] {logging_mixin.py:137} INFO - [2025-10-06T15:37:27.368+0000] {dagbag.py:538} INFO - Filling up the DagBag from /home/airflow/.local/lib/python3.7/site-packages/airflow/example_dags/example_xcom.py
[2025-10-06T15:37:27.377+0000] {processor.py:753} INFO - DAG(s) dict_keys(['example_xcom']) retrieved from /home/airflow/.local/lib/python3.7/site-packages/airflow/example_dags/example_xcom.py
[2025-10-06T15:37:27.387+0000] {logging_mixin.py:137} INFO - [2025-10-06T15:37:27.387+0000] {dag.py:2690} INFO - Sync 1 DAGs
[2025-10-06T15:37:27.399+0000] {logging_mixin.py:137} INFO - [2025-10-06T15:37:27.399+0000] {dag.py:3441} INFO - Setting next_dagrun for example_xcom to 2021-01-01T00:00:00+00:00, run_after=2021-01-01T00:00:00+00:00
[2025-10-06T15:37:27.407+0000] {processor.py:175} INFO - Processing /home/airflow/.local/lib/python3.7/site-packages/airflow/example_dags/example_xcom.py took 0.042 seconds
[2025-10-06T15:37:57.724+0000] {processor.py:153} INFO - Started process (PID=631) to work on /home/airflow/.local/lib/python3.7/site-packages/airflow/example_dags/example_xcom.py
[2025-10-06T15:37:57.724+0000] {processor.py:743} INFO - Processing file /home/airflow/.local/lib/python3.7/site-packages/airflow/example_dags/example_xcom.py for tasks to queue
[2025-10-06T15:37:57.725+0000] {logging_mixin.py:137} INFO - [2025-10-06T15:37:57.725+0000] {dagbag.py:538} INFO - Filling up the DagBag from /home/airflow/.local/lib/python3.7/site-packages/airflow/example_dags/example_xcom.py
[2025-10-06T15:37:57.737+0000] {processor.py:753} INFO - DAG(s) dict_keys(['example_xcom']) retrieved from /home/airflow/.local/lib/python3.7/site-packages/airflow/example_dags/example_xcom.py
[2025-10-06T15:37:57.750+0000] {logging_mixin.py:137} INFO - [2025-10-06T15:37:57.750+0000] {dag.py:2690} INFO - Sync 1 DAGs
[2025-10-06T15:37:57.762+0000] {logging_mixin.py:137} INFO - [2025-10-06T15:37:57.762+0000] {dag.py:3441} INFO - Setting next_dagrun for example_xcom to 2021-01-01T00:00:00+00:00, run_after=2021-01-01T00:00:00+00:00
[2025-10-06T15:37:57.773+0000] {processor.py:175} INFO - Processing /home/airflow/.local/lib/python3.7/site-packages/airflow/example_dags/example_xcom.py took 0.051 seconds
[2025-10-06T15:38:28.164+0000] {processor.py:153} INFO - Started process (PID=710) to work on /home/airflow/.local/lib/python3.7/site-packages/airflow/example_dags/example_xcom.py
[2025-10-06T15:38:28.164+0000] {processor.py:743} INFO - Processing file /home/airflow/.local/lib/python3.7/site-packages/airflow/example_dags/example_xcom.py for tasks to queue
[2025-10-06T15:38:28.164+0000] {logging_mixin.py:137} INFO - [2025-10-06T15:38:28.164+0000] {dagbag.py:538} INFO - Filling up the DagBag from /home/airflow/.local/lib/python3.7/site-packages/airflow/example_dags/example_xcom.py
[2025-10-06T15:38:28.174+0000] {processor.py:753} INFO - DAG(s) dict_keys(['example_xcom']) retrieved from /home/airflow/.local/lib/python3.7/site-packages/airflow/example_dags/example_xcom.py
[2025-10-06T15:38:28.185+0000] {logging_mixin.py:137} INFO - [2025-10-06T15:38:28.185+0000] {dag.py:2690} INFO - Sync 1 DAGs
[2025-10-06T15:38:28.196+0000] {logging_mixin.py:137} INFO - [2025-10-06T15:38:28.196+0000] {dag.py:3441} INFO - Setting next_dagrun for example_xcom to 2021-01-01T00:00:00+00:00, run_after=2021-01-01T00:00:00+00:00
[2025-10-06T15:38:28.207+0000] {processor.py:175} INFO - Processing /home/airflow/.local/lib/python3.7/site-packages/airflow/example_dags/example_xcom.py took 0.045 seconds
[2025-10-06T15:38:58.549+0000] {processor.py:153} INFO - Started process (PID=809) to work on /home/airflow/.local/lib/python3.7/site-packages/airflow/example_dags/example_xcom.py
[2025-10-06T15:38:58.552+0000] {processor.py:743} INFO - Processing file /home/airflow/.local/lib/python3.7/site-packages/airflow/example_dags/example_xcom.py for tasks to queue
[2025-10-06T15:38:58.552+0000] {logging_mixin.py:137} INFO - [2025-10-06T15:38:58.552+0000] {dagbag.py:538} INFO - Filling up the DagBag from /home/airflow/.local/lib/python3.7/site-packages/airflow/example_dags/example_xcom.py
[2025-10-06T15:38:58.562+0000] {processor.py:753} INFO - DAG(s) dict_keys(['example_xcom']) retrieved from /home/airflow/.local/lib/python3.7/site-packages/airflow/example_dags/example_xcom.py
[2025-10-06T15:38:58.574+0000] {logging_mixin.py:137} INFO - [2025-10-06T15:38:58.573+0000] {dag.py:2690} INFO - Sync 1 DAGs
[2025-10-06T15:38:58.584+0000] {logging_mixin.py:137} INFO - [2025-10-06T15:38:58.584+0000] {dag.py:3441} INFO - Setting next_dagrun for example_xcom to 2021-01-01T00:00:00+00:00, run_after=2021-01-01T00:00:00+00:00
[2025-10-06T15:38:58.596+0000] {processor.py:175} INFO - Processing /home/airflow/.local/lib/python3.7/site-packages/airflow/example_dags/example_xcom.py took 0.048 seconds
[2025-10-06T15:39:28.910+0000] {processor.py:153} INFO - Started process (PID=908) to work on /home/airflow/.local/lib/python3.7/site-packages/airflow/example_dags/example_xcom.py
[2025-10-06T15:39:28.911+0000] {processor.py:743} INFO - Processing file /home/airflow/.local/lib/python3.7/site-packages/airflow/example_dags/example_xcom.py for tasks to queue
[2025-10-06T15:39:28.911+0000] {logging_mixin.py:137} INFO - [2025-10-06T15:39:28.911+0000] {dagbag.py:538} INFO - Filling up the DagBag from /home/airflow/.local/lib/python3.7/site-packages/airflow/example_dags/example_xcom.py
[2025-10-06T15:39:28.920+0000] {processor.py:753} INFO - DAG(s) dict_keys(['example_xcom']) retrieved from /home/airflow/.local/lib/python3.7/site-packages/airflow/example_dags/example_xcom.py
[2025-10-06T15:39:28.931+0000] {logging_mixin.py:137} INFO - [2025-10-06T15:39:28.931+0000] {dag.py:2690} INFO - Sync 1 DAGs
[2025-10-06T15:39:28.941+0000] {logging_mixin.py:137} INFO - [2025-10-06T15:39:28.941+0000] {dag.py:3441} INFO - Setting next_dagrun for example_xcom to 2021-01-01T00:00:00+00:00, run_after=2021-01-01T00:00:00+00:00
[2025-10-06T15:39:28.949+0000] {processor.py:175} INFO - Processing /home/airflow/.local/lib/python3.7/site-packages/airflow/example_dags/example_xcom.py took 0.040 seconds
[2025-10-06T15:39:59.341+0000] {processor.py:153} INFO - Started process (PID=1007) to work on /home/airflow/.local/lib/python3.7/site-packages/airflow/example_dags/example_xcom.py
[2025-10-06T15:39:59.342+0000] {processor.py:743} INFO - Processing file /home/airflow/.local/lib/python3.7/site-packages/airflow/example_dags/example_xcom.py for tasks to queue
[2025-10-06T15:39:59.343+0000] {logging_mixin.py:137} INFO - [2025-10-06T15:39:59.342+0000] {dagbag.py:538} INFO - Filling up the DagBag from /home/airflow/.local/lib/python3.7/site-packages/airflow/example_dags/example_xcom.py
[2025-10-06T15:39:59.353+0000] {processor.py:753} INFO - DAG(s) dict_keys(['example_xcom']) retrieved from /home/airflow/.local/lib/python3.7/site-packages/airflow/example_dags/example_xcom.py
[2025-10-06T15:39:59.363+0000] {logging_mixin.py:137} INFO - [2025-10-06T15:39:59.363+0000] {dag.py:2690} INFO - Sync 1 DAGs
[2025-10-06T15:39:59.372+0000] {logging_mixin.py:137} INFO - [2025-10-06T15:39:59.372+0000] {dag.py:3441} INFO - Setting next_dagrun for example_xcom to 2021-01-01T00:00:00+00:00, run_after=2021-01-01T00:00:00+00:00
[2025-10-06T15:39:59.379+0000] {processor.py:175} INFO - Processing /home/airflow/.local/lib/python3.7/site-packages/airflow/example_dags/example_xcom.py took 0.039 seconds
[2025-10-06T15:40:29.521+0000] {processor.py:153} INFO - Started process (PID=1086) to work on /home/airflow/.local/lib/python3.7/site-packages/airflow/example_dags/example_xcom.py
[2025-10-06T15:40:29.521+0000] {processor.py:743} INFO - Processing file /home/airflow/.local/lib/python3.7/site-packages/airflow/example_dags/example_xcom.py for tasks to queue
[2025-10-06T15:40:29.522+0000] {logging_mixin.py:137} INFO - [2025-10-06T15:40:29.522+0000] {dagbag.py:538} INFO - Filling up the DagBag from /home/airflow/.local/lib/python3.7/site-packages/airflow/example_dags/example_xcom.py
[2025-10-06T15:40:29.532+0000] {processor.py:753} INFO - DAG(s) dict_keys(['example_xcom']) retrieved from /home/airflow/.local/lib/python3.7/site-packages/airflow/example_dags/example_xcom.py
[2025-10-06T15:40:29.542+0000] {logging_mixin.py:137} INFO - [2025-10-06T15:40:29.542+0000] {dag.py:2690} INFO - Sync 1 DAGs
[2025-10-06T15:40:29.552+0000] {logging_mixin.py:137} INFO - [2025-10-06T15:40:29.552+0000] {dag.py:3441} INFO - Setting next_dagrun for example_xcom to 2021-01-01T00:00:00+00:00, run_after=2021-01-01T00:00:00+00:00
[2025-10-06T15:40:29.559+0000] {processor.py:175} INFO - Processing /home/airflow/.local/lib/python3.7/site-packages/airflow/example_dags/example_xcom.py took 0.040 seconds
[2025-10-06T15:40:59.780+0000] {processor.py:153} INFO - Started process (PID=1185) to work on /home/airflow/.local/lib/python3.7/site-packages/airflow/example_dags/example_xcom.py
[2025-10-06T15:40:59.780+0000] {processor.py:743} INFO - Processing file /home/airflow/.local/lib/python3.7/site-packages/airflow/example_dags/example_xcom.py for tasks to queue
[2025-10-06T15:40:59.781+0000] {logging_mixin.py:137} INFO - [2025-10-06T15:40:59.781+0000] {dagbag.py:538} INFO - Filling up the DagBag from /home/airflow/.local/lib/python3.7/site-packages/airflow/example_dags/example_xcom.py
[2025-10-06T15:40:59.790+0000] {processor.py:753} INFO - DAG(s) dict_keys(['example_xcom']) retrieved from /home/airflow/.local/lib/python3.7/site-packages/airflow/example_dags/example_xcom.py
[2025-10-06T15:40:59.801+0000] {logging_mixin.py:137} INFO - [2025-10-06T15:40:59.801+0000] {dag.py:2690} INFO - Sync 1 DAGs
[2025-10-06T15:40:59.813+0000] {logging_mixin.py:137} INFO - [2025-10-06T15:40:59.813+0000] {dag.py:3441} INFO - Setting next_dagrun for example_xcom to 2021-01-01T00:00:00+00:00, run_after=2021-01-01T00:00:00+00:00
[2025-10-06T15:40:59.821+0000] {processor.py:175} INFO - Processing /home/airflow/.local/lib/python3.7/site-packages/airflow/example_dags/example_xcom.py took 0.043 seconds
[2025-10-06T15:41:30.060+0000] {processor.py:153} INFO - Started process (PID=1284) to work on /home/airflow/.local/lib/python3.7/site-packages/airflow/example_dags/example_xcom.py
[2025-10-06T15:41:30.062+0000] {processor.py:743} INFO - Processing file /home/airflow/.local/lib/python3.7/site-packages/airflow/example_dags/example_xcom.py for tasks to queue
[2025-10-06T15:41:30.062+0000] {logging_mixin.py:137} INFO - [2025-10-06T15:41:30.062+0000] {dagbag.py:538} INFO - Filling up the DagBag from /home/airflow/.local/lib/python3.7/site-packages/airflow/example_dags/example_xcom.py
[2025-10-06T15:41:30.073+0000] {processor.py:753} INFO - DAG(s) dict_keys(['example_xcom']) retrieved from /home/airflow/.local/lib/python3.7/site-packages/airflow/example_dags/example_xcom.py
[2025-10-06T15:41:30.084+0000] {logging_mixin.py:137} INFO - [2025-10-06T15:41:30.083+0000] {dag.py:2690} INFO - Sync 1 DAGs
[2025-10-06T15:41:30.097+0000] {logging_mixin.py:137} INFO - [2025-10-06T15:41:30.097+0000] {dag.py:3441} INFO - Setting next_dagrun for example_xcom to 2021-01-01T00:00:00+00:00, run_after=2021-01-01T00:00:00+00:00
[2025-10-06T15:41:30.104+0000] {processor.py:175} INFO - Processing /home/airflow/.local/lib/python3.7/site-packages/airflow/example_dags/example_xcom.py took 0.045 seconds
[2025-10-06T15:42:00.434+0000] {processor.py:153} INFO - Started process (PID=1383) to work on /home/airflow/.local/lib/python3.7/site-packages/airflow/example_dags/example_xcom.py
[2025-10-06T15:42:00.434+0000] {processor.py:743} INFO - Processing file /home/airflow/.local/lib/python3.7/site-packages/airflow/example_dags/example_xcom.py for tasks to queue
[2025-10-06T15:42:00.435+0000] {logging_mixin.py:137} INFO - [2025-10-06T15:42:00.435+0000] {dagbag.py:538} INFO - Filling up the DagBag from /home/airflow/.local/lib/python3.7/site-packages/airflow/example_dags/example_xcom.py
[2025-10-06T15:42:00.445+0000] {processor.py:753} INFO - DAG(s) dict_keys(['example_xcom']) retrieved from /home/airflow/.local/lib/python3.7/site-packages/airflow/example_dags/example_xcom.py
[2025-10-06T15:42:00.457+0000] {logging_mixin.py:137} INFO - [2025-10-06T15:42:00.457+0000] {dag.py:2690} INFO - Sync 1 DAGs
[2025-10-06T15:42:00.468+0000] {logging_mixin.py:137} INFO - [2025-10-06T15:42:00.467+0000] {dag.py:3441} INFO - Setting next_dagrun for example_xcom to 2021-01-01T00:00:00+00:00, run_after=2021-01-01T00:00:00+00:00
[2025-10-06T15:42:00.478+0000] {processor.py:175} INFO - Processing /home/airflow/.local/lib/python3.7/site-packages/airflow/example_dags/example_xcom.py took 0.045 seconds
[2025-10-06T15:42:30.722+0000] {processor.py:153} INFO - Started process (PID=1462) to work on /home/airflow/.local/lib/python3.7/site-packages/airflow/example_dags/example_xcom.py
[2025-10-06T15:42:30.723+0000] {processor.py:743} INFO - Processing file /home/airflow/.local/lib/python3.7/site-packages/airflow/example_dags/example_xcom.py for tasks to queue
[2025-10-06T15:42:30.723+0000] {logging_mixin.py:137} INFO - [2025-10-06T15:42:30.723+0000] {dagbag.py:538} INFO - Filling up the DagBag from /home/airflow/.local/lib/python3.7/site-packages/airflow/example_dags/example_xcom.py
[2025-10-06T15:42:30.734+0000] {processor.py:753} INFO - DAG(s) dict_keys(['example_xcom']) retrieved from /home/airflow/.local/lib/python3.7/site-packages/airflow/example_dags/example_xcom.py
[2025-10-06T15:42:30.746+0000] {logging_mixin.py:137} INFO - [2025-10-06T15:42:30.746+0000] {dag.py:2690} INFO - Sync 1 DAGs
[2025-10-06T15:42:30.756+0000] {logging_mixin.py:137} INFO - [2025-10-06T15:42:30.756+0000] {dag.py:3441} INFO - Setting next_dagrun for example_xcom to 2021-01-01T00:00:00+00:00, run_after=2021-01-01T00:00:00+00:00
[2025-10-06T15:42:30.763+0000] {processor.py:175} INFO - Processing /home/airflow/.local/lib/python3.7/site-packages/airflow/example_dags/example_xcom.py took 0.043 seconds
[2025-10-06T15:43:00.948+0000] {processor.py:153} INFO - Started process (PID=1562) to work on /home/airflow/.local/lib/python3.7/site-packages/airflow/example_dags/example_xcom.py
[2025-10-06T15:43:00.949+0000] {processor.py:743} INFO - Processing file /home/airflow/.local/lib/python3.7/site-packages/airflow/example_dags/example_xcom.py for tasks to queue
[2025-10-06T15:43:00.949+0000] {logging_mixin.py:137} INFO - [2025-10-06T15:43:00.949+0000] {dagbag.py:538} INFO - Filling up the DagBag from /home/airflow/.local/lib/python3.7/site-packages/airflow/example_dags/example_xcom.py
[2025-10-06T15:43:00.959+0000] {processor.py:753} INFO - DAG(s) dict_keys(['example_xcom']) retrieved from /home/airflow/.local/lib/python3.7/site-packages/airflow/example_dags/example_xcom.py
[2025-10-06T15:43:00.971+0000] {logging_mixin.py:137} INFO - [2025-10-06T15:43:00.971+0000] {dag.py:2690} INFO - Sync 1 DAGs
[2025-10-06T15:43:00.984+0000] {logging_mixin.py:137} INFO - [2025-10-06T15:43:00.984+0000] {dag.py:3441} INFO - Setting next_dagrun for example_xcom to 2021-01-01T00:00:00+00:00, run_after=2021-01-01T00:00:00+00:00
[2025-10-06T15:43:00.993+0000] {processor.py:175} INFO - Processing /home/airflow/.local/lib/python3.7/site-packages/airflow/example_dags/example_xcom.py took 0.047 seconds
[2025-10-06T15:43:31.246+0000] {processor.py:153} INFO - Started process (PID=1661) to work on /home/airflow/.local/lib/python3.7/site-packages/airflow/example_dags/example_xcom.py
[2025-10-06T15:43:31.246+0000] {processor.py:743} INFO - Processing file /home/airflow/.local/lib/python3.7/site-packages/airflow/example_dags/example_xcom.py for tasks to queue
[2025-10-06T15:43:31.246+0000] {logging_mixin.py:137} INFO - [2025-10-06T15:43:31.246+0000] {dagbag.py:538} INFO - Filling up the DagBag from /home/airflow/.local/lib/python3.7/site-packages/airflow/example_dags/example_xcom.py
[2025-10-06T15:43:31.256+0000] {processor.py:753} INFO - DAG(s) dict_keys(['example_xcom']) retrieved from /home/airflow/.local/lib/python3.7/site-packages/airflow/example_dags/example_xcom.py
[2025-10-06T15:43:31.268+0000] {logging_mixin.py:137} INFO - [2025-10-06T15:43:31.268+0000] {dag.py:2690} INFO - Sync 1 DAGs
[2025-10-06T15:43:31.282+0000] {logging_mixin.py:137} INFO - [2025-10-06T15:43:31.282+0000] {dag.py:3441} INFO - Setting next_dagrun for example_xcom to 2021-01-01T00:00:00+00:00, run_after=2021-01-01T00:00:00+00:00
[2025-10-06T15:43:31.291+0000] {processor.py:175} INFO - Processing /home/airflow/.local/lib/python3.7/site-packages/airflow/example_dags/example_xcom.py took 0.047 seconds
[2025-10-06T15:44:01.649+0000] {processor.py:153} INFO - Started process (PID=1760) to work on /home/airflow/.local/lib/python3.7/site-packages/airflow/example_dags/example_xcom.py
[2025-10-06T15:44:01.651+0000] {processor.py:743} INFO - Processing file /home/airflow/.local/lib/python3.7/site-packages/airflow/example_dags/example_xcom.py for tasks to queue
[2025-10-06T15:44:01.651+0000] {logging_mixin.py:137} INFO - [2025-10-06T15:44:01.651+0000] {dagbag.py:538} INFO - Filling up the DagBag from /home/airflow/.local/lib/python3.7/site-packages/airflow/example_dags/example_xcom.py
[2025-10-06T15:44:01.662+0000] {processor.py:753} INFO - DAG(s) dict_keys(['example_xcom']) retrieved from /home/airflow/.local/lib/python3.7/site-packages/airflow/example_dags/example_xcom.py
[2025-10-06T15:44:01.676+0000] {logging_mixin.py:137} INFO - [2025-10-06T15:44:01.676+0000] {dag.py:2690} INFO - Sync 1 DAGs
[2025-10-06T15:44:01.689+0000] {logging_mixin.py:137} INFO - [2025-10-06T15:44:01.689+0000] {dag.py:3441} INFO - Setting next_dagrun for example_xcom to 2021-01-01T00:00:00+00:00, run_after=2021-01-01T00:00:00+00:00
[2025-10-06T15:44:01.697+0000] {processor.py:175} INFO - Processing /home/airflow/.local/lib/python3.7/site-packages/airflow/example_dags/example_xcom.py took 0.049 seconds
[2025-10-06T15:44:32.038+0000] {processor.py:153} INFO - Started process (PID=1839) to work on /home/airflow/.local/lib/python3.7/site-packages/airflow/example_dags/example_xcom.py
[2025-10-06T15:44:32.038+0000] {processor.py:743} INFO - Processing file /home/airflow/.local/lib/python3.7/site-packages/airflow/example_dags/example_xcom.py for tasks to queue
[2025-10-06T15:44:32.038+0000] {logging_mixin.py:137} INFO - [2025-10-06T15:44:32.038+0000] {dagbag.py:538} INFO - Filling up the DagBag from /home/airflow/.local/lib/python3.7/site-packages/airflow/example_dags/example_xcom.py
[2025-10-06T15:44:32.048+0000] {processor.py:753} INFO - DAG(s) dict_keys(['example_xcom']) retrieved from /home/airflow/.local/lib/python3.7/site-packages/airflow/example_dags/example_xcom.py
[2025-10-06T15:44:32.058+0000] {logging_mixin.py:137} INFO - [2025-10-06T15:44:32.058+0000] {dag.py:2690} INFO - Sync 1 DAGs
[2025-10-06T15:44:32.072+0000] {logging_mixin.py:137} INFO - [2025-10-06T15:44:32.072+0000] {dag.py:3441} INFO - Setting next_dagrun for example_xcom to 2021-01-01T00:00:00+00:00, run_after=2021-01-01T00:00:00+00:00
[2025-10-06T15:44:32.079+0000] {processor.py:175} INFO - Processing /home/airflow/.local/lib/python3.7/site-packages/airflow/example_dags/example_xcom.py took 0.042 seconds
[2025-10-06T15:45:02.401+0000] {processor.py:153} INFO - Started process (PID=1938) to work on /home/airflow/.local/lib/python3.7/site-packages/airflow/example_dags/example_xcom.py
[2025-10-06T15:45:02.401+0000] {processor.py:743} INFO - Processing file /home/airflow/.local/lib/python3.7/site-packages/airflow/example_dags/example_xcom.py for tasks to queue
[2025-10-06T15:45:02.402+0000] {logging_mixin.py:137} INFO - [2025-10-06T15:45:02.402+0000] {dagbag.py:538} INFO - Filling up the DagBag from /home/airflow/.local/lib/python3.7/site-packages/airflow/example_dags/example_xcom.py
[2025-10-06T15:45:02.413+0000] {processor.py:753} INFO - DAG(s) dict_keys(['example_xcom']) retrieved from /home/airflow/.local/lib/python3.7/site-packages/airflow/example_dags/example_xcom.py
[2025-10-06T15:45:02.424+0000] {logging_mixin.py:137} INFO - [2025-10-06T15:45:02.423+0000] {dag.py:2690} INFO - Sync 1 DAGs
[2025-10-06T15:45:02.433+0000] {logging_mixin.py:137} INFO - [2025-10-06T15:45:02.433+0000] {dag.py:3441} INFO - Setting next_dagrun for example_xcom to 2021-01-01T00:00:00+00:00, run_after=2021-01-01T00:00:00+00:00
[2025-10-06T15:45:02.441+0000] {processor.py:175} INFO - Processing /home/airflow/.local/lib/python3.7/site-packages/airflow/example_dags/example_xcom.py took 0.042 seconds
[2025-10-06T15:45:32.696+0000] {processor.py:153} INFO - Started process (PID=2037) to work on /home/airflow/.local/lib/python3.7/site-packages/airflow/example_dags/example_xcom.py
[2025-10-06T15:45:32.698+0000] {processor.py:743} INFO - Processing file /home/airflow/.local/lib/python3.7/site-packages/airflow/example_dags/example_xcom.py for tasks to queue
[2025-10-06T15:45:32.699+0000] {logging_mixin.py:137} INFO - [2025-10-06T15:45:32.699+0000] {dagbag.py:538} INFO - Filling up the DagBag from /home/airflow/.local/lib/python3.7/site-packages/airflow/example_dags/example_xcom.py
[2025-10-06T15:45:32.709+0000] {processor.py:753} INFO - DAG(s) dict_keys(['example_xcom']) retrieved from /home/airflow/.local/lib/python3.7/site-packages/airflow/example_dags/example_xcom.py
[2025-10-06T15:45:32.719+0000] {logging_mixin.py:137} INFO - [2025-10-06T15:45:32.719+0000] {dag.py:2690} INFO - Sync 1 DAGs
[2025-10-06T15:45:32.731+0000] {logging_mixin.py:137} INFO - [2025-10-06T15:45:32.730+0000] {dag.py:3441} INFO - Setting next_dagrun for example_xcom to 2021-01-01T00:00:00+00:00, run_after=2021-01-01T00:00:00+00:00
[2025-10-06T15:45:32.737+0000] {processor.py:175} INFO - Processing /home/airflow/.local/lib/python3.7/site-packages/airflow/example_dags/example_xcom.py took 0.042 seconds
[2025-10-06T15:46:03.014+0000] {processor.py:153} INFO - Started process (PID=2125) to work on /home/airflow/.local/lib/python3.7/site-packages/airflow/example_dags/example_xcom.py
[2025-10-06T15:46:03.014+0000] {processor.py:743} INFO - Processing file /home/airflow/.local/lib/python3.7/site-packages/airflow/example_dags/example_xcom.py for tasks to queue
[2025-10-06T15:46:03.014+0000] {logging_mixin.py:137} INFO - [2025-10-06T15:46:03.014+0000] {dagbag.py:538} INFO - Filling up the DagBag from /home/airflow/.local/lib/python3.7/site-packages/airflow/example_dags/example_xcom.py
[2025-10-06T15:46:03.025+0000] {processor.py:753} INFO - DAG(s) dict_keys(['example_xcom']) retrieved from /home/airflow/.local/lib/python3.7/site-packages/airflow/example_dags/example_xcom.py
[2025-10-06T15:46:03.041+0000] {logging_mixin.py:137} INFO - [2025-10-06T15:46:03.041+0000] {dag.py:2690} INFO - Sync 1 DAGs
[2025-10-06T15:46:03.081+0000] {logging_mixin.py:137} INFO - [2025-10-06T15:46:03.081+0000] {dag.py:3441} INFO - Setting next_dagrun for example_xcom to 2021-01-01T00:00:00+00:00, run_after=2021-01-01T00:00:00+00:00
[2025-10-06T15:46:03.107+0000] {processor.py:175} INFO - Processing /home/airflow/.local/lib/python3.7/site-packages/airflow/example_dags/example_xcom.py took 0.095 seconds
[2025-10-06T15:46:33.741+0000] {processor.py:153} INFO - Started process (PID=2215) to work on /home/airflow/.local/lib/python3.7/site-packages/airflow/example_dags/example_xcom.py
[2025-10-06T15:46:33.741+0000] {processor.py:743} INFO - Processing file /home/airflow/.local/lib/python3.7/site-packages/airflow/example_dags/example_xcom.py for tasks to queue
[2025-10-06T15:46:33.741+0000] {logging_mixin.py:137} INFO - [2025-10-06T15:46:33.741+0000] {dagbag.py:538} INFO - Filling up the DagBag from /home/airflow/.local/lib/python3.7/site-packages/airflow/example_dags/example_xcom.py
[2025-10-06T15:46:33.753+0000] {processor.py:753} INFO - DAG(s) dict_keys(['example_xcom']) retrieved from /home/airflow/.local/lib/python3.7/site-packages/airflow/example_dags/example_xcom.py
[2025-10-06T15:46:33.769+0000] {logging_mixin.py:137} INFO - [2025-10-06T15:46:33.769+0000] {dag.py:2690} INFO - Sync 1 DAGs
[2025-10-06T15:46:33.782+0000] {logging_mixin.py:137} INFO - [2025-10-06T15:46:33.782+0000] {dag.py:3441} INFO - Setting next_dagrun for example_xcom to 2021-01-01T00:00:00+00:00, run_after=2021-01-01T00:00:00+00:00
[2025-10-06T15:46:33.789+0000] {processor.py:175} INFO - Processing /home/airflow/.local/lib/python3.7/site-packages/airflow/example_dags/example_xcom.py took 0.051 seconds
