[2025-10-06T15:34:54.659+0000] {processor.py:153} INFO - Started process (PID=45) to work on /home/airflow/.local/lib/python3.7/site-packages/airflow/example_dags/example_external_task_marker_dag.py
[2025-10-06T15:34:54.660+0000] {processor.py:743} INFO - Processing file /home/airflow/.local/lib/python3.7/site-packages/airflow/example_dags/example_external_task_marker_dag.py for tasks to queue
[2025-10-06T15:34:54.661+0000] {logging_mixin.py:137} INFO - [2025-10-06T15:34:54.660+0000] {dagbag.py:538} INFO - Filling up the DagBag from /home/airflow/.local/lib/python3.7/site-packages/airflow/example_dags/example_external_task_marker_dag.py
[2025-10-06T15:34:54.671+0000] {processor.py:753} INFO - DAG(s) dict_keys(['example_external_task_marker_child', 'example_external_task_marker_parent']) retrieved from /home/airflow/.local/lib/python3.7/site-packages/airflow/example_dags/example_external_task_marker_dag.py
[2025-10-06T15:34:54.678+0000] {logging_mixin.py:137} INFO - [2025-10-06T15:34:54.678+0000] {dag.py:2690} INFO - Sync 2 DAGs
[2025-10-06T15:34:54.695+0000] {logging_mixin.py:137} INFO - [2025-10-06T15:34:54.695+0000] {dag.py:3441} INFO - Setting next_dagrun for example_external_task_marker_child to None, run_after=None
[2025-10-06T15:34:54.697+0000] {logging_mixin.py:137} INFO - [2025-10-06T15:34:54.697+0000] {dag.py:3441} INFO - Setting next_dagrun for example_external_task_marker_parent to None, run_after=None
[2025-10-06T15:34:54.707+0000] {processor.py:175} INFO - Processing /home/airflow/.local/lib/python3.7/site-packages/airflow/example_dags/example_external_task_marker_dag.py took 0.050 seconds
[2025-10-06T15:35:25.238+0000] {processor.py:153} INFO - Started process (PID=144) to work on /home/airflow/.local/lib/python3.7/site-packages/airflow/example_dags/example_external_task_marker_dag.py
[2025-10-06T15:35:25.238+0000] {processor.py:743} INFO - Processing file /home/airflow/.local/lib/python3.7/site-packages/airflow/example_dags/example_external_task_marker_dag.py for tasks to queue
[2025-10-06T15:35:25.238+0000] {logging_mixin.py:137} INFO - [2025-10-06T15:35:25.238+0000] {dagbag.py:538} INFO - Filling up the DagBag from /home/airflow/.local/lib/python3.7/site-packages/airflow/example_dags/example_external_task_marker_dag.py
[2025-10-06T15:35:25.246+0000] {processor.py:753} INFO - DAG(s) dict_keys(['example_external_task_marker_child', 'example_external_task_marker_parent']) retrieved from /home/airflow/.local/lib/python3.7/site-packages/airflow/example_dags/example_external_task_marker_dag.py
[2025-10-06T15:35:25.257+0000] {logging_mixin.py:137} INFO - [2025-10-06T15:35:25.257+0000] {dag.py:2690} INFO - Sync 2 DAGs
[2025-10-06T15:35:25.267+0000] {logging_mixin.py:137} INFO - [2025-10-06T15:35:25.267+0000] {dag.py:3441} INFO - Setting next_dagrun for example_external_task_marker_child to None, run_after=None
[2025-10-06T15:35:25.268+0000] {logging_mixin.py:137} INFO - [2025-10-06T15:35:25.268+0000] {dag.py:3441} INFO - Setting next_dagrun for example_external_task_marker_parent to None, run_after=None
[2025-10-06T15:35:25.275+0000] {processor.py:175} INFO - Processing /home/airflow/.local/lib/python3.7/site-packages/airflow/example_dags/example_external_task_marker_dag.py took 0.039 seconds
[2025-10-06T15:35:55.579+0000] {processor.py:153} INFO - Started process (PID=232) to work on /home/airflow/.local/lib/python3.7/site-packages/airflow/example_dags/example_external_task_marker_dag.py
[2025-10-06T15:35:55.580+0000] {processor.py:743} INFO - Processing file /home/airflow/.local/lib/python3.7/site-packages/airflow/example_dags/example_external_task_marker_dag.py for tasks to queue
[2025-10-06T15:35:55.581+0000] {logging_mixin.py:137} INFO - [2025-10-06T15:35:55.581+0000] {dagbag.py:538} INFO - Filling up the DagBag from /home/airflow/.local/lib/python3.7/site-packages/airflow/example_dags/example_external_task_marker_dag.py
[2025-10-06T15:35:55.587+0000] {processor.py:753} INFO - DAG(s) dict_keys(['example_external_task_marker_child', 'example_external_task_marker_parent']) retrieved from /home/airflow/.local/lib/python3.7/site-packages/airflow/example_dags/example_external_task_marker_dag.py
[2025-10-06T15:35:55.599+0000] {logging_mixin.py:137} INFO - [2025-10-06T15:35:55.599+0000] {dag.py:2690} INFO - Sync 2 DAGs
[2025-10-06T15:35:55.610+0000] {logging_mixin.py:137} INFO - [2025-10-06T15:35:55.610+0000] {dag.py:3441} INFO - Setting next_dagrun for example_external_task_marker_child to None, run_after=None
[2025-10-06T15:35:55.611+0000] {logging_mixin.py:137} INFO - [2025-10-06T15:35:55.611+0000] {dag.py:3441} INFO - Setting next_dagrun for example_external_task_marker_parent to None, run_after=None
[2025-10-06T15:35:55.623+0000] {processor.py:175} INFO - Processing /home/airflow/.local/lib/python3.7/site-packages/airflow/example_dags/example_external_task_marker_dag.py took 0.045 seconds
[2025-10-06T15:36:26.142+0000] {processor.py:153} INFO - Started process (PID=322) to work on /home/airflow/.local/lib/python3.7/site-packages/airflow/example_dags/example_external_task_marker_dag.py
[2025-10-06T15:36:26.143+0000] {processor.py:743} INFO - Processing file /home/airflow/.local/lib/python3.7/site-packages/airflow/example_dags/example_external_task_marker_dag.py for tasks to queue
[2025-10-06T15:36:26.143+0000] {logging_mixin.py:137} INFO - [2025-10-06T15:36:26.143+0000] {dagbag.py:538} INFO - Filling up the DagBag from /home/airflow/.local/lib/python3.7/site-packages/airflow/example_dags/example_external_task_marker_dag.py
[2025-10-06T15:36:26.150+0000] {processor.py:753} INFO - DAG(s) dict_keys(['example_external_task_marker_child', 'example_external_task_marker_parent']) retrieved from /home/airflow/.local/lib/python3.7/site-packages/airflow/example_dags/example_external_task_marker_dag.py
[2025-10-06T15:36:26.163+0000] {logging_mixin.py:137} INFO - [2025-10-06T15:36:26.163+0000] {dag.py:2690} INFO - Sync 2 DAGs
[2025-10-06T15:36:26.176+0000] {logging_mixin.py:137} INFO - [2025-10-06T15:36:26.176+0000] {dag.py:3441} INFO - Setting next_dagrun for example_external_task_marker_child to None, run_after=None
[2025-10-06T15:36:26.178+0000] {logging_mixin.py:137} INFO - [2025-10-06T15:36:26.178+0000] {dag.py:3441} INFO - Setting next_dagrun for example_external_task_marker_parent to None, run_after=None
[2025-10-06T15:36:26.186+0000] {processor.py:175} INFO - Processing /home/airflow/.local/lib/python3.7/site-packages/airflow/example_dags/example_external_task_marker_dag.py took 0.046 seconds
[2025-10-06T15:36:56.608+0000] {processor.py:153} INFO - Started process (PID=421) to work on /home/airflow/.local/lib/python3.7/site-packages/airflow/example_dags/example_external_task_marker_dag.py
[2025-10-06T15:36:56.609+0000] {processor.py:743} INFO - Processing file /home/airflow/.local/lib/python3.7/site-packages/airflow/example_dags/example_external_task_marker_dag.py for tasks to queue
[2025-10-06T15:36:56.609+0000] {logging_mixin.py:137} INFO - [2025-10-06T15:36:56.609+0000] {dagbag.py:538} INFO - Filling up the DagBag from /home/airflow/.local/lib/python3.7/site-packages/airflow/example_dags/example_external_task_marker_dag.py
[2025-10-06T15:36:56.617+0000] {processor.py:753} INFO - DAG(s) dict_keys(['example_external_task_marker_child', 'example_external_task_marker_parent']) retrieved from /home/airflow/.local/lib/python3.7/site-packages/airflow/example_dags/example_external_task_marker_dag.py
[2025-10-06T15:36:56.630+0000] {logging_mixin.py:137} INFO - [2025-10-06T15:36:56.630+0000] {dag.py:2690} INFO - Sync 2 DAGs
[2025-10-06T15:36:56.642+0000] {logging_mixin.py:137} INFO - [2025-10-06T15:36:56.642+0000] {dag.py:3441} INFO - Setting next_dagrun for example_external_task_marker_child to None, run_after=None
[2025-10-06T15:36:56.644+0000] {logging_mixin.py:137} INFO - [2025-10-06T15:36:56.644+0000] {dag.py:3441} INFO - Setting next_dagrun for example_external_task_marker_parent to None, run_after=None
[2025-10-06T15:36:56.654+0000] {processor.py:175} INFO - Processing /home/airflow/.local/lib/python3.7/site-packages/airflow/example_dags/example_external_task_marker_dag.py took 0.047 seconds
[2025-10-06T15:37:26.982+0000] {processor.py:153} INFO - Started process (PID=520) to work on /home/airflow/.local/lib/python3.7/site-packages/airflow/example_dags/example_external_task_marker_dag.py
[2025-10-06T15:37:26.983+0000] {processor.py:743} INFO - Processing file /home/airflow/.local/lib/python3.7/site-packages/airflow/example_dags/example_external_task_marker_dag.py for tasks to queue
[2025-10-06T15:37:26.984+0000] {logging_mixin.py:137} INFO - [2025-10-06T15:37:26.984+0000] {dagbag.py:538} INFO - Filling up the DagBag from /home/airflow/.local/lib/python3.7/site-packages/airflow/example_dags/example_external_task_marker_dag.py
[2025-10-06T15:37:26.990+0000] {processor.py:753} INFO - DAG(s) dict_keys(['example_external_task_marker_child', 'example_external_task_marker_parent']) retrieved from /home/airflow/.local/lib/python3.7/site-packages/airflow/example_dags/example_external_task_marker_dag.py
[2025-10-06T15:37:27.002+0000] {logging_mixin.py:137} INFO - [2025-10-06T15:37:27.002+0000] {dag.py:2690} INFO - Sync 2 DAGs
[2025-10-06T15:37:27.012+0000] {logging_mixin.py:137} INFO - [2025-10-06T15:37:27.012+0000] {dag.py:3441} INFO - Setting next_dagrun for example_external_task_marker_child to None, run_after=None
[2025-10-06T15:37:27.014+0000] {logging_mixin.py:137} INFO - [2025-10-06T15:37:27.014+0000] {dag.py:3441} INFO - Setting next_dagrun for example_external_task_marker_parent to None, run_after=None
[2025-10-06T15:37:27.024+0000] {processor.py:175} INFO - Processing /home/airflow/.local/lib/python3.7/site-packages/airflow/example_dags/example_external_task_marker_dag.py took 0.043 seconds
[2025-10-06T15:37:57.318+0000] {processor.py:153} INFO - Started process (PID=619) to work on /home/airflow/.local/lib/python3.7/site-packages/airflow/example_dags/example_external_task_marker_dag.py
[2025-10-06T15:37:57.319+0000] {processor.py:743} INFO - Processing file /home/airflow/.local/lib/python3.7/site-packages/airflow/example_dags/example_external_task_marker_dag.py for tasks to queue
[2025-10-06T15:37:57.320+0000] {logging_mixin.py:137} INFO - [2025-10-06T15:37:57.320+0000] {dagbag.py:538} INFO - Filling up the DagBag from /home/airflow/.local/lib/python3.7/site-packages/airflow/example_dags/example_external_task_marker_dag.py
[2025-10-06T15:37:57.325+0000] {processor.py:753} INFO - DAG(s) dict_keys(['example_external_task_marker_parent', 'example_external_task_marker_child']) retrieved from /home/airflow/.local/lib/python3.7/site-packages/airflow/example_dags/example_external_task_marker_dag.py
[2025-10-06T15:37:57.340+0000] {logging_mixin.py:137} INFO - [2025-10-06T15:37:57.340+0000] {dag.py:2690} INFO - Sync 2 DAGs
[2025-10-06T15:37:57.353+0000] {logging_mixin.py:137} INFO - [2025-10-06T15:37:57.353+0000] {dag.py:3441} INFO - Setting next_dagrun for example_external_task_marker_child to None, run_after=None
[2025-10-06T15:37:57.355+0000] {logging_mixin.py:137} INFO - [2025-10-06T15:37:57.355+0000] {dag.py:3441} INFO - Setting next_dagrun for example_external_task_marker_parent to None, run_after=None
[2025-10-06T15:37:57.364+0000] {processor.py:175} INFO - Processing /home/airflow/.local/lib/python3.7/site-packages/airflow/example_dags/example_external_task_marker_dag.py took 0.048 seconds
[2025-10-06T15:38:27.813+0000] {processor.py:153} INFO - Started process (PID=698) to work on /home/airflow/.local/lib/python3.7/site-packages/airflow/example_dags/example_external_task_marker_dag.py
[2025-10-06T15:38:27.814+0000] {processor.py:743} INFO - Processing file /home/airflow/.local/lib/python3.7/site-packages/airflow/example_dags/example_external_task_marker_dag.py for tasks to queue
[2025-10-06T15:38:27.814+0000] {logging_mixin.py:137} INFO - [2025-10-06T15:38:27.814+0000] {dagbag.py:538} INFO - Filling up the DagBag from /home/airflow/.local/lib/python3.7/site-packages/airflow/example_dags/example_external_task_marker_dag.py
[2025-10-06T15:38:27.820+0000] {processor.py:753} INFO - DAG(s) dict_keys(['example_external_task_marker_child', 'example_external_task_marker_parent']) retrieved from /home/airflow/.local/lib/python3.7/site-packages/airflow/example_dags/example_external_task_marker_dag.py
[2025-10-06T15:38:27.832+0000] {logging_mixin.py:137} INFO - [2025-10-06T15:38:27.832+0000] {dag.py:2690} INFO - Sync 2 DAGs
[2025-10-06T15:38:27.843+0000] {logging_mixin.py:137} INFO - [2025-10-06T15:38:27.843+0000] {dag.py:3441} INFO - Setting next_dagrun for example_external_task_marker_child to None, run_after=None
[2025-10-06T15:38:27.846+0000] {logging_mixin.py:137} INFO - [2025-10-06T15:38:27.846+0000] {dag.py:3441} INFO - Setting next_dagrun for example_external_task_marker_parent to None, run_after=None
[2025-10-06T15:38:27.856+0000] {processor.py:175} INFO - Processing /home/airflow/.local/lib/python3.7/site-packages/airflow/example_dags/example_external_task_marker_dag.py took 0.044 seconds
[2025-10-06T15:38:58.198+0000] {processor.py:153} INFO - Started process (PID=797) to work on /home/airflow/.local/lib/python3.7/site-packages/airflow/example_dags/example_external_task_marker_dag.py
[2025-10-06T15:38:58.199+0000] {processor.py:743} INFO - Processing file /home/airflow/.local/lib/python3.7/site-packages/airflow/example_dags/example_external_task_marker_dag.py for tasks to queue
[2025-10-06T15:38:58.199+0000] {logging_mixin.py:137} INFO - [2025-10-06T15:38:58.199+0000] {dagbag.py:538} INFO - Filling up the DagBag from /home/airflow/.local/lib/python3.7/site-packages/airflow/example_dags/example_external_task_marker_dag.py
[2025-10-06T15:38:58.205+0000] {processor.py:753} INFO - DAG(s) dict_keys(['example_external_task_marker_child', 'example_external_task_marker_parent']) retrieved from /home/airflow/.local/lib/python3.7/site-packages/airflow/example_dags/example_external_task_marker_dag.py
[2025-10-06T15:38:58.220+0000] {logging_mixin.py:137} INFO - [2025-10-06T15:38:58.220+0000] {dag.py:2690} INFO - Sync 2 DAGs
[2025-10-06T15:38:58.231+0000] {logging_mixin.py:137} INFO - [2025-10-06T15:38:58.231+0000] {dag.py:3441} INFO - Setting next_dagrun for example_external_task_marker_child to None, run_after=None
[2025-10-06T15:38:58.233+0000] {logging_mixin.py:137} INFO - [2025-10-06T15:38:58.232+0000] {dag.py:3441} INFO - Setting next_dagrun for example_external_task_marker_parent to None, run_after=None
[2025-10-06T15:38:58.241+0000] {processor.py:175} INFO - Processing /home/airflow/.local/lib/python3.7/site-packages/airflow/example_dags/example_external_task_marker_dag.py took 0.045 seconds
[2025-10-06T15:39:28.591+0000] {processor.py:153} INFO - Started process (PID=896) to work on /home/airflow/.local/lib/python3.7/site-packages/airflow/example_dags/example_external_task_marker_dag.py
[2025-10-06T15:39:28.591+0000] {processor.py:743} INFO - Processing file /home/airflow/.local/lib/python3.7/site-packages/airflow/example_dags/example_external_task_marker_dag.py for tasks to queue
[2025-10-06T15:39:28.592+0000] {logging_mixin.py:137} INFO - [2025-10-06T15:39:28.592+0000] {dagbag.py:538} INFO - Filling up the DagBag from /home/airflow/.local/lib/python3.7/site-packages/airflow/example_dags/example_external_task_marker_dag.py
[2025-10-06T15:39:28.597+0000] {processor.py:753} INFO - DAG(s) dict_keys(['example_external_task_marker_child', 'example_external_task_marker_parent']) retrieved from /home/airflow/.local/lib/python3.7/site-packages/airflow/example_dags/example_external_task_marker_dag.py
[2025-10-06T15:39:28.608+0000] {logging_mixin.py:137} INFO - [2025-10-06T15:39:28.608+0000] {dag.py:2690} INFO - Sync 2 DAGs
[2025-10-06T15:39:28.621+0000] {logging_mixin.py:137} INFO - [2025-10-06T15:39:28.621+0000] {dag.py:3441} INFO - Setting next_dagrun for example_external_task_marker_child to None, run_after=None
[2025-10-06T15:39:28.622+0000] {logging_mixin.py:137} INFO - [2025-10-06T15:39:28.622+0000] {dag.py:3441} INFO - Setting next_dagrun for example_external_task_marker_parent to None, run_after=None
[2025-10-06T15:39:28.629+0000] {processor.py:175} INFO - Processing /home/airflow/.local/lib/python3.7/site-packages/airflow/example_dags/example_external_task_marker_dag.py took 0.040 seconds
[2025-10-06T15:39:59.008+0000] {processor.py:153} INFO - Started process (PID=995) to work on /home/airflow/.local/lib/python3.7/site-packages/airflow/example_dags/example_external_task_marker_dag.py
[2025-10-06T15:39:59.011+0000] {processor.py:743} INFO - Processing file /home/airflow/.local/lib/python3.7/site-packages/airflow/example_dags/example_external_task_marker_dag.py for tasks to queue
[2025-10-06T15:39:59.012+0000] {logging_mixin.py:137} INFO - [2025-10-06T15:39:59.012+0000] {dagbag.py:538} INFO - Filling up the DagBag from /home/airflow/.local/lib/python3.7/site-packages/airflow/example_dags/example_external_task_marker_dag.py
[2025-10-06T15:39:59.018+0000] {processor.py:753} INFO - DAG(s) dict_keys(['example_external_task_marker_parent', 'example_external_task_marker_child']) retrieved from /home/airflow/.local/lib/python3.7/site-packages/airflow/example_dags/example_external_task_marker_dag.py
[2025-10-06T15:39:59.036+0000] {logging_mixin.py:137} INFO - [2025-10-06T15:39:59.036+0000] {dag.py:2690} INFO - Sync 2 DAGs
[2025-10-06T15:39:59.048+0000] {logging_mixin.py:137} INFO - [2025-10-06T15:39:59.047+0000] {dag.py:3441} INFO - Setting next_dagrun for example_external_task_marker_child to None, run_after=None
[2025-10-06T15:39:59.049+0000] {logging_mixin.py:137} INFO - [2025-10-06T15:39:59.049+0000] {dag.py:3441} INFO - Setting next_dagrun for example_external_task_marker_parent to None, run_after=None
[2025-10-06T15:39:59.056+0000] {processor.py:175} INFO - Processing /home/airflow/.local/lib/python3.7/site-packages/airflow/example_dags/example_external_task_marker_dag.py took 0.049 seconds
[2025-10-06T15:40:29.205+0000] {processor.py:153} INFO - Started process (PID=1074) to work on /home/airflow/.local/lib/python3.7/site-packages/airflow/example_dags/example_external_task_marker_dag.py
[2025-10-06T15:40:29.206+0000] {processor.py:743} INFO - Processing file /home/airflow/.local/lib/python3.7/site-packages/airflow/example_dags/example_external_task_marker_dag.py for tasks to queue
[2025-10-06T15:40:29.206+0000] {logging_mixin.py:137} INFO - [2025-10-06T15:40:29.206+0000] {dagbag.py:538} INFO - Filling up the DagBag from /home/airflow/.local/lib/python3.7/site-packages/airflow/example_dags/example_external_task_marker_dag.py
[2025-10-06T15:40:29.212+0000] {processor.py:753} INFO - DAG(s) dict_keys(['example_external_task_marker_child', 'example_external_task_marker_parent']) retrieved from /home/airflow/.local/lib/python3.7/site-packages/airflow/example_dags/example_external_task_marker_dag.py
[2025-10-06T15:40:29.223+0000] {logging_mixin.py:137} INFO - [2025-10-06T15:40:29.223+0000] {dag.py:2690} INFO - Sync 2 DAGs
[2025-10-06T15:40:29.232+0000] {logging_mixin.py:137} INFO - [2025-10-06T15:40:29.232+0000] {dag.py:3441} INFO - Setting next_dagrun for example_external_task_marker_child to None, run_after=None
[2025-10-06T15:40:29.233+0000] {logging_mixin.py:137} INFO - [2025-10-06T15:40:29.233+0000] {dag.py:3441} INFO - Setting next_dagrun for example_external_task_marker_parent to None, run_after=None
[2025-10-06T15:40:29.240+0000] {processor.py:175} INFO - Processing /home/airflow/.local/lib/python3.7/site-packages/airflow/example_dags/example_external_task_marker_dag.py took 0.036 seconds
[2025-10-06T15:40:59.427+0000] {processor.py:153} INFO - Started process (PID=1173) to work on /home/airflow/.local/lib/python3.7/site-packages/airflow/example_dags/example_external_task_marker_dag.py
[2025-10-06T15:40:59.427+0000] {processor.py:743} INFO - Processing file /home/airflow/.local/lib/python3.7/site-packages/airflow/example_dags/example_external_task_marker_dag.py for tasks to queue
[2025-10-06T15:40:59.427+0000] {logging_mixin.py:137} INFO - [2025-10-06T15:40:59.427+0000] {dagbag.py:538} INFO - Filling up the DagBag from /home/airflow/.local/lib/python3.7/site-packages/airflow/example_dags/example_external_task_marker_dag.py
[2025-10-06T15:40:59.434+0000] {processor.py:753} INFO - DAG(s) dict_keys(['example_external_task_marker_parent', 'example_external_task_marker_child']) retrieved from /home/airflow/.local/lib/python3.7/site-packages/airflow/example_dags/example_external_task_marker_dag.py
[2025-10-06T15:40:59.446+0000] {logging_mixin.py:137} INFO - [2025-10-06T15:40:59.446+0000] {dag.py:2690} INFO - Sync 2 DAGs
[2025-10-06T15:40:59.457+0000] {logging_mixin.py:137} INFO - [2025-10-06T15:40:59.457+0000] {dag.py:3441} INFO - Setting next_dagrun for example_external_task_marker_child to None, run_after=None
[2025-10-06T15:40:59.458+0000] {logging_mixin.py:137} INFO - [2025-10-06T15:40:59.458+0000] {dag.py:3441} INFO - Setting next_dagrun for example_external_task_marker_parent to None, run_after=None
[2025-10-06T15:40:59.467+0000] {processor.py:175} INFO - Processing /home/airflow/.local/lib/python3.7/site-packages/airflow/example_dags/example_external_task_marker_dag.py took 0.042 seconds
[2025-10-06T15:41:29.741+0000] {processor.py:153} INFO - Started process (PID=1272) to work on /home/airflow/.local/lib/python3.7/site-packages/airflow/example_dags/example_external_task_marker_dag.py
[2025-10-06T15:41:29.741+0000] {processor.py:743} INFO - Processing file /home/airflow/.local/lib/python3.7/site-packages/airflow/example_dags/example_external_task_marker_dag.py for tasks to queue
[2025-10-06T15:41:29.741+0000] {logging_mixin.py:137} INFO - [2025-10-06T15:41:29.741+0000] {dagbag.py:538} INFO - Filling up the DagBag from /home/airflow/.local/lib/python3.7/site-packages/airflow/example_dags/example_external_task_marker_dag.py
[2025-10-06T15:41:29.747+0000] {processor.py:753} INFO - DAG(s) dict_keys(['example_external_task_marker_child', 'example_external_task_marker_parent']) retrieved from /home/airflow/.local/lib/python3.7/site-packages/airflow/example_dags/example_external_task_marker_dag.py
[2025-10-06T15:41:29.760+0000] {logging_mixin.py:137} INFO - [2025-10-06T15:41:29.760+0000] {dag.py:2690} INFO - Sync 2 DAGs
[2025-10-06T15:41:29.771+0000] {logging_mixin.py:137} INFO - [2025-10-06T15:41:29.771+0000] {dag.py:3441} INFO - Setting next_dagrun for example_external_task_marker_child to None, run_after=None
[2025-10-06T15:41:29.772+0000] {logging_mixin.py:137} INFO - [2025-10-06T15:41:29.772+0000] {dag.py:3441} INFO - Setting next_dagrun for example_external_task_marker_parent to None, run_after=None
[2025-10-06T15:41:29.780+0000] {processor.py:175} INFO - Processing /home/airflow/.local/lib/python3.7/site-packages/airflow/example_dags/example_external_task_marker_dag.py took 0.041 seconds
[2025-10-06T15:42:00.036+0000] {processor.py:153} INFO - Started process (PID=1371) to work on /home/airflow/.local/lib/python3.7/site-packages/airflow/example_dags/example_external_task_marker_dag.py
[2025-10-06T15:42:00.037+0000] {processor.py:743} INFO - Processing file /home/airflow/.local/lib/python3.7/site-packages/airflow/example_dags/example_external_task_marker_dag.py for tasks to queue
[2025-10-06T15:42:00.037+0000] {logging_mixin.py:137} INFO - [2025-10-06T15:42:00.037+0000] {dagbag.py:538} INFO - Filling up the DagBag from /home/airflow/.local/lib/python3.7/site-packages/airflow/example_dags/example_external_task_marker_dag.py
[2025-10-06T15:42:00.047+0000] {processor.py:753} INFO - DAG(s) dict_keys(['example_external_task_marker_parent', 'example_external_task_marker_child']) retrieved from /home/airflow/.local/lib/python3.7/site-packages/airflow/example_dags/example_external_task_marker_dag.py
[2025-10-06T15:42:00.060+0000] {logging_mixin.py:137} INFO - [2025-10-06T15:42:00.060+0000] {dag.py:2690} INFO - Sync 2 DAGs
[2025-10-06T15:42:00.070+0000] {logging_mixin.py:137} INFO - [2025-10-06T15:42:00.070+0000] {dag.py:3441} INFO - Setting next_dagrun for example_external_task_marker_child to None, run_after=None
[2025-10-06T15:42:00.072+0000] {logging_mixin.py:137} INFO - [2025-10-06T15:42:00.072+0000] {dag.py:3441} INFO - Setting next_dagrun for example_external_task_marker_parent to None, run_after=None
[2025-10-06T15:42:00.079+0000] {processor.py:175} INFO - Processing /home/airflow/.local/lib/python3.7/site-packages/airflow/example_dags/example_external_task_marker_dag.py took 0.045 seconds
[2025-10-06T15:42:30.392+0000] {processor.py:153} INFO - Started process (PID=1450) to work on /home/airflow/.local/lib/python3.7/site-packages/airflow/example_dags/example_external_task_marker_dag.py
[2025-10-06T15:42:30.392+0000] {processor.py:743} INFO - Processing file /home/airflow/.local/lib/python3.7/site-packages/airflow/example_dags/example_external_task_marker_dag.py for tasks to queue
[2025-10-06T15:42:30.393+0000] {logging_mixin.py:137} INFO - [2025-10-06T15:42:30.393+0000] {dagbag.py:538} INFO - Filling up the DagBag from /home/airflow/.local/lib/python3.7/site-packages/airflow/example_dags/example_external_task_marker_dag.py
[2025-10-06T15:42:30.399+0000] {processor.py:753} INFO - DAG(s) dict_keys(['example_external_task_marker_parent', 'example_external_task_marker_child']) retrieved from /home/airflow/.local/lib/python3.7/site-packages/airflow/example_dags/example_external_task_marker_dag.py
[2025-10-06T15:42:30.412+0000] {logging_mixin.py:137} INFO - [2025-10-06T15:42:30.411+0000] {dag.py:2690} INFO - Sync 2 DAGs
[2025-10-06T15:42:30.422+0000] {logging_mixin.py:137} INFO - [2025-10-06T15:42:30.422+0000] {dag.py:3441} INFO - Setting next_dagrun for example_external_task_marker_child to None, run_after=None
[2025-10-06T15:42:30.425+0000] {logging_mixin.py:137} INFO - [2025-10-06T15:42:30.425+0000] {dag.py:3441} INFO - Setting next_dagrun for example_external_task_marker_parent to None, run_after=None
[2025-10-06T15:42:30.431+0000] {processor.py:175} INFO - Processing /home/airflow/.local/lib/python3.7/site-packages/airflow/example_dags/example_external_task_marker_dag.py took 0.041 seconds
[2025-10-06T15:43:00.632+0000] {processor.py:153} INFO - Started process (PID=1550) to work on /home/airflow/.local/lib/python3.7/site-packages/airflow/example_dags/example_external_task_marker_dag.py
[2025-10-06T15:43:00.632+0000] {processor.py:743} INFO - Processing file /home/airflow/.local/lib/python3.7/site-packages/airflow/example_dags/example_external_task_marker_dag.py for tasks to queue
[2025-10-06T15:43:00.632+0000] {logging_mixin.py:137} INFO - [2025-10-06T15:43:00.632+0000] {dagbag.py:538} INFO - Filling up the DagBag from /home/airflow/.local/lib/python3.7/site-packages/airflow/example_dags/example_external_task_marker_dag.py
[2025-10-06T15:43:00.638+0000] {processor.py:753} INFO - DAG(s) dict_keys(['example_external_task_marker_parent', 'example_external_task_marker_child']) retrieved from /home/airflow/.local/lib/python3.7/site-packages/airflow/example_dags/example_external_task_marker_dag.py
[2025-10-06T15:43:00.649+0000] {logging_mixin.py:137} INFO - [2025-10-06T15:43:00.649+0000] {dag.py:2690} INFO - Sync 2 DAGs
[2025-10-06T15:43:00.663+0000] {logging_mixin.py:137} INFO - [2025-10-06T15:43:00.663+0000] {dag.py:3441} INFO - Setting next_dagrun for example_external_task_marker_child to None, run_after=None
[2025-10-06T15:43:00.664+0000] {logging_mixin.py:137} INFO - [2025-10-06T15:43:00.664+0000] {dag.py:3441} INFO - Setting next_dagrun for example_external_task_marker_parent to None, run_after=None
[2025-10-06T15:43:00.670+0000] {processor.py:175} INFO - Processing /home/airflow/.local/lib/python3.7/site-packages/airflow/example_dags/example_external_task_marker_dag.py took 0.040 seconds
[2025-10-06T15:43:30.860+0000] {processor.py:153} INFO - Started process (PID=1649) to work on /home/airflow/.local/lib/python3.7/site-packages/airflow/example_dags/example_external_task_marker_dag.py
[2025-10-06T15:43:30.860+0000] {processor.py:743} INFO - Processing file /home/airflow/.local/lib/python3.7/site-packages/airflow/example_dags/example_external_task_marker_dag.py for tasks to queue
[2025-10-06T15:43:30.860+0000] {logging_mixin.py:137} INFO - [2025-10-06T15:43:30.860+0000] {dagbag.py:538} INFO - Filling up the DagBag from /home/airflow/.local/lib/python3.7/site-packages/airflow/example_dags/example_external_task_marker_dag.py
[2025-10-06T15:43:30.867+0000] {processor.py:753} INFO - DAG(s) dict_keys(['example_external_task_marker_parent', 'example_external_task_marker_child']) retrieved from /home/airflow/.local/lib/python3.7/site-packages/airflow/example_dags/example_external_task_marker_dag.py
[2025-10-06T15:43:30.878+0000] {logging_mixin.py:137} INFO - [2025-10-06T15:43:30.878+0000] {dag.py:2690} INFO - Sync 2 DAGs
[2025-10-06T15:43:30.890+0000] {logging_mixin.py:137} INFO - [2025-10-06T15:43:30.890+0000] {dag.py:3441} INFO - Setting next_dagrun for example_external_task_marker_child to None, run_after=None
[2025-10-06T15:43:30.891+0000] {logging_mixin.py:137} INFO - [2025-10-06T15:43:30.891+0000] {dag.py:3441} INFO - Setting next_dagrun for example_external_task_marker_parent to None, run_after=None
[2025-10-06T15:43:30.899+0000] {processor.py:175} INFO - Processing /home/airflow/.local/lib/python3.7/site-packages/airflow/example_dags/example_external_task_marker_dag.py took 0.041 seconds
[2025-10-06T15:44:01.198+0000] {processor.py:153} INFO - Started process (PID=1737) to work on /home/airflow/.local/lib/python3.7/site-packages/airflow/example_dags/example_external_task_marker_dag.py
[2025-10-06T15:44:01.201+0000] {processor.py:743} INFO - Processing file /home/airflow/.local/lib/python3.7/site-packages/airflow/example_dags/example_external_task_marker_dag.py for tasks to queue
[2025-10-06T15:44:01.201+0000] {logging_mixin.py:137} INFO - [2025-10-06T15:44:01.201+0000] {dagbag.py:538} INFO - Filling up the DagBag from /home/airflow/.local/lib/python3.7/site-packages/airflow/example_dags/example_external_task_marker_dag.py
[2025-10-06T15:44:01.207+0000] {processor.py:753} INFO - DAG(s) dict_keys(['example_external_task_marker_parent', 'example_external_task_marker_child']) retrieved from /home/airflow/.local/lib/python3.7/site-packages/airflow/example_dags/example_external_task_marker_dag.py
[2025-10-06T15:44:01.222+0000] {logging_mixin.py:137} INFO - [2025-10-06T15:44:01.222+0000] {dag.py:2690} INFO - Sync 2 DAGs
[2025-10-06T15:44:01.234+0000] {logging_mixin.py:137} INFO - [2025-10-06T15:44:01.234+0000] {dag.py:3441} INFO - Setting next_dagrun for example_external_task_marker_child to None, run_after=None
[2025-10-06T15:44:01.237+0000] {logging_mixin.py:137} INFO - [2025-10-06T15:44:01.237+0000] {dag.py:3441} INFO - Setting next_dagrun for example_external_task_marker_parent to None, run_after=None
[2025-10-06T15:44:01.244+0000] {processor.py:175} INFO - Processing /home/airflow/.local/lib/python3.7/site-packages/airflow/example_dags/example_external_task_marker_dag.py took 0.047 seconds
[2025-10-06T15:44:31.690+0000] {processor.py:153} INFO - Started process (PID=1827) to work on /home/airflow/.local/lib/python3.7/site-packages/airflow/example_dags/example_external_task_marker_dag.py
[2025-10-06T15:44:31.694+0000] {processor.py:743} INFO - Processing file /home/airflow/.local/lib/python3.7/site-packages/airflow/example_dags/example_external_task_marker_dag.py for tasks to queue
[2025-10-06T15:44:31.694+0000] {logging_mixin.py:137} INFO - [2025-10-06T15:44:31.694+0000] {dagbag.py:538} INFO - Filling up the DagBag from /home/airflow/.local/lib/python3.7/site-packages/airflow/example_dags/example_external_task_marker_dag.py
[2025-10-06T15:44:31.700+0000] {processor.py:753} INFO - DAG(s) dict_keys(['example_external_task_marker_child', 'example_external_task_marker_parent']) retrieved from /home/airflow/.local/lib/python3.7/site-packages/airflow/example_dags/example_external_task_marker_dag.py
[2025-10-06T15:44:31.713+0000] {logging_mixin.py:137} INFO - [2025-10-06T15:44:31.713+0000] {dag.py:2690} INFO - Sync 2 DAGs
[2025-10-06T15:44:31.723+0000] {logging_mixin.py:137} INFO - [2025-10-06T15:44:31.723+0000] {dag.py:3441} INFO - Setting next_dagrun for example_external_task_marker_child to None, run_after=None
[2025-10-06T15:44:31.724+0000] {logging_mixin.py:137} INFO - [2025-10-06T15:44:31.724+0000] {dag.py:3441} INFO - Setting next_dagrun for example_external_task_marker_parent to None, run_after=None
[2025-10-06T15:44:31.733+0000] {processor.py:175} INFO - Processing /home/airflow/.local/lib/python3.7/site-packages/airflow/example_dags/example_external_task_marker_dag.py took 0.044 seconds
[2025-10-06T15:45:02.047+0000] {processor.py:153} INFO - Started process (PID=1926) to work on /home/airflow/.local/lib/python3.7/site-packages/airflow/example_dags/example_external_task_marker_dag.py
[2025-10-06T15:45:02.050+0000] {processor.py:743} INFO - Processing file /home/airflow/.local/lib/python3.7/site-packages/airflow/example_dags/example_external_task_marker_dag.py for tasks to queue
[2025-10-06T15:45:02.050+0000] {logging_mixin.py:137} INFO - [2025-10-06T15:45:02.050+0000] {dagbag.py:538} INFO - Filling up the DagBag from /home/airflow/.local/lib/python3.7/site-packages/airflow/example_dags/example_external_task_marker_dag.py
[2025-10-06T15:45:02.059+0000] {processor.py:753} INFO - DAG(s) dict_keys(['example_external_task_marker_parent', 'example_external_task_marker_child']) retrieved from /home/airflow/.local/lib/python3.7/site-packages/airflow/example_dags/example_external_task_marker_dag.py
[2025-10-06T15:45:02.074+0000] {logging_mixin.py:137} INFO - [2025-10-06T15:45:02.074+0000] {dag.py:2690} INFO - Sync 2 DAGs
[2025-10-06T15:45:02.085+0000] {logging_mixin.py:137} INFO - [2025-10-06T15:45:02.085+0000] {dag.py:3441} INFO - Setting next_dagrun for example_external_task_marker_child to None, run_after=None
[2025-10-06T15:45:02.088+0000] {logging_mixin.py:137} INFO - [2025-10-06T15:45:02.088+0000] {dag.py:3441} INFO - Setting next_dagrun for example_external_task_marker_parent to None, run_after=None
[2025-10-06T15:45:02.095+0000] {processor.py:175} INFO - Processing /home/airflow/.local/lib/python3.7/site-packages/airflow/example_dags/example_external_task_marker_dag.py took 0.049 seconds
[2025-10-06T15:45:32.376+0000] {processor.py:153} INFO - Started process (PID=2025) to work on /home/airflow/.local/lib/python3.7/site-packages/airflow/example_dags/example_external_task_marker_dag.py
[2025-10-06T15:45:32.377+0000] {processor.py:743} INFO - Processing file /home/airflow/.local/lib/python3.7/site-packages/airflow/example_dags/example_external_task_marker_dag.py for tasks to queue
[2025-10-06T15:45:32.377+0000] {logging_mixin.py:137} INFO - [2025-10-06T15:45:32.377+0000] {dagbag.py:538} INFO - Filling up the DagBag from /home/airflow/.local/lib/python3.7/site-packages/airflow/example_dags/example_external_task_marker_dag.py
[2025-10-06T15:45:32.382+0000] {processor.py:753} INFO - DAG(s) dict_keys(['example_external_task_marker_child', 'example_external_task_marker_parent']) retrieved from /home/airflow/.local/lib/python3.7/site-packages/airflow/example_dags/example_external_task_marker_dag.py
[2025-10-06T15:45:32.394+0000] {logging_mixin.py:137} INFO - [2025-10-06T15:45:32.394+0000] {dag.py:2690} INFO - Sync 2 DAGs
[2025-10-06T15:45:32.403+0000] {logging_mixin.py:137} INFO - [2025-10-06T15:45:32.403+0000] {dag.py:3441} INFO - Setting next_dagrun for example_external_task_marker_child to None, run_after=None
[2025-10-06T15:45:32.406+0000] {logging_mixin.py:137} INFO - [2025-10-06T15:45:32.406+0000] {dag.py:3441} INFO - Setting next_dagrun for example_external_task_marker_parent to None, run_after=None
[2025-10-06T15:45:32.412+0000] {processor.py:175} INFO - Processing /home/airflow/.local/lib/python3.7/site-packages/airflow/example_dags/example_external_task_marker_dag.py took 0.038 seconds
[2025-10-06T15:46:02.622+0000] {processor.py:153} INFO - Started process (PID=2111) to work on /home/airflow/.local/lib/python3.7/site-packages/airflow/example_dags/example_external_task_marker_dag.py
[2025-10-06T15:46:02.625+0000] {processor.py:743} INFO - Processing file /home/airflow/.local/lib/python3.7/site-packages/airflow/example_dags/example_external_task_marker_dag.py for tasks to queue
[2025-10-06T15:46:02.625+0000] {logging_mixin.py:137} INFO - [2025-10-06T15:46:02.625+0000] {dagbag.py:538} INFO - Filling up the DagBag from /home/airflow/.local/lib/python3.7/site-packages/airflow/example_dags/example_external_task_marker_dag.py
[2025-10-06T15:46:02.632+0000] {processor.py:753} INFO - DAG(s) dict_keys(['example_external_task_marker_child', 'example_external_task_marker_parent']) retrieved from /home/airflow/.local/lib/python3.7/site-packages/airflow/example_dags/example_external_task_marker_dag.py
[2025-10-06T15:46:02.648+0000] {logging_mixin.py:137} INFO - [2025-10-06T15:46:02.648+0000] {dag.py:2690} INFO - Sync 2 DAGs
[2025-10-06T15:46:02.660+0000] {logging_mixin.py:137} INFO - [2025-10-06T15:46:02.660+0000] {dag.py:3441} INFO - Setting next_dagrun for example_external_task_marker_child to None, run_after=None
[2025-10-06T15:46:02.663+0000] {logging_mixin.py:137} INFO - [2025-10-06T15:46:02.663+0000] {dag.py:3441} INFO - Setting next_dagrun for example_external_task_marker_parent to None, run_after=None
[2025-10-06T15:46:02.670+0000] {processor.py:175} INFO - Processing /home/airflow/.local/lib/python3.7/site-packages/airflow/example_dags/example_external_task_marker_dag.py took 0.050 seconds
[2025-10-06T15:46:33.353+0000] {processor.py:153} INFO - Started process (PID=2203) to work on /home/airflow/.local/lib/python3.7/site-packages/airflow/example_dags/example_external_task_marker_dag.py
[2025-10-06T15:46:33.353+0000] {processor.py:743} INFO - Processing file /home/airflow/.local/lib/python3.7/site-packages/airflow/example_dags/example_external_task_marker_dag.py for tasks to queue
[2025-10-06T15:46:33.354+0000] {logging_mixin.py:137} INFO - [2025-10-06T15:46:33.354+0000] {dagbag.py:538} INFO - Filling up the DagBag from /home/airflow/.local/lib/python3.7/site-packages/airflow/example_dags/example_external_task_marker_dag.py
[2025-10-06T15:46:33.362+0000] {processor.py:753} INFO - DAG(s) dict_keys(['example_external_task_marker_child', 'example_external_task_marker_parent']) retrieved from /home/airflow/.local/lib/python3.7/site-packages/airflow/example_dags/example_external_task_marker_dag.py
[2025-10-06T15:46:33.379+0000] {logging_mixin.py:137} INFO - [2025-10-06T15:46:33.379+0000] {dag.py:2690} INFO - Sync 2 DAGs
[2025-10-06T15:46:33.393+0000] {logging_mixin.py:137} INFO - [2025-10-06T15:46:33.393+0000] {dag.py:3441} INFO - Setting next_dagrun for example_external_task_marker_child to None, run_after=None
[2025-10-06T15:46:33.395+0000] {logging_mixin.py:137} INFO - [2025-10-06T15:46:33.395+0000] {dag.py:3441} INFO - Setting next_dagrun for example_external_task_marker_parent to None, run_after=None
[2025-10-06T15:46:33.402+0000] {processor.py:175} INFO - Processing /home/airflow/.local/lib/python3.7/site-packages/airflow/example_dags/example_external_task_marker_dag.py took 0.053 seconds
