[2025-10-06T15:34:55.209+0000] {processor.py:153} INFO - Started process (PID=63) to work on /home/airflow/.local/lib/python3.7/site-packages/airflow/example_dags/example_sensor_decorator.py
[2025-10-06T15:34:55.210+0000] {processor.py:743} INFO - Processing file /home/airflow/.local/lib/python3.7/site-packages/airflow/example_dags/example_sensor_decorator.py for tasks to queue
[2025-10-06T15:34:55.211+0000] {logging_mixin.py:137} INFO - [2025-10-06T15:34:55.211+0000] {dagbag.py:538} INFO - Filling up the DagBag from /home/airflow/.local/lib/python3.7/site-packages/airflow/example_dags/example_sensor_decorator.py
[2025-10-06T15:34:55.224+0000] {processor.py:753} INFO - DAG(s) dict_keys(['example_sensor_decorator']) retrieved from /home/airflow/.local/lib/python3.7/site-packages/airflow/example_dags/example_sensor_decorator.py
[2025-10-06T15:34:55.231+0000] {logging_mixin.py:137} INFO - [2025-10-06T15:34:55.231+0000] {dag.py:2690} INFO - Sync 1 DAGs
[2025-10-06T15:34:55.244+0000] {logging_mixin.py:137} INFO - [2025-10-06T15:34:55.244+0000] {dag.py:3441} INFO - Setting next_dagrun for example_sensor_decorator to None, run_after=None
[2025-10-06T15:34:55.252+0000] {processor.py:175} INFO - Processing /home/airflow/.local/lib/python3.7/site-packages/airflow/example_dags/example_sensor_decorator.py took 0.045 seconds
[2025-10-06T15:35:25.727+0000] {processor.py:153} INFO - Started process (PID=162) to work on /home/airflow/.local/lib/python3.7/site-packages/airflow/example_dags/example_sensor_decorator.py
[2025-10-06T15:35:25.729+0000] {processor.py:743} INFO - Processing file /home/airflow/.local/lib/python3.7/site-packages/airflow/example_dags/example_sensor_decorator.py for tasks to queue
[2025-10-06T15:35:25.731+0000] {logging_mixin.py:137} INFO - [2025-10-06T15:35:25.731+0000] {dagbag.py:538} INFO - Filling up the DagBag from /home/airflow/.local/lib/python3.7/site-packages/airflow/example_dags/example_sensor_decorator.py
[2025-10-06T15:35:25.740+0000] {processor.py:753} INFO - DAG(s) dict_keys(['example_sensor_decorator']) retrieved from /home/airflow/.local/lib/python3.7/site-packages/airflow/example_dags/example_sensor_decorator.py
[2025-10-06T15:35:25.749+0000] {logging_mixin.py:137} INFO - [2025-10-06T15:35:25.749+0000] {dag.py:2690} INFO - Sync 1 DAGs
[2025-10-06T15:35:25.760+0000] {logging_mixin.py:137} INFO - [2025-10-06T15:35:25.760+0000] {dag.py:3441} INFO - Setting next_dagrun for example_sensor_decorator to None, run_after=None
[2025-10-06T15:35:25.766+0000] {processor.py:175} INFO - Processing /home/airflow/.local/lib/python3.7/site-packages/airflow/example_dags/example_sensor_decorator.py took 0.041 seconds
[2025-10-06T15:35:56.172+0000] {processor.py:153} INFO - Started process (PID=261) to work on /home/airflow/.local/lib/python3.7/site-packages/airflow/example_dags/example_sensor_decorator.py
[2025-10-06T15:35:56.172+0000] {processor.py:743} INFO - Processing file /home/airflow/.local/lib/python3.7/site-packages/airflow/example_dags/example_sensor_decorator.py for tasks to queue
[2025-10-06T15:35:56.174+0000] {logging_mixin.py:137} INFO - [2025-10-06T15:35:56.174+0000] {dagbag.py:538} INFO - Filling up the DagBag from /home/airflow/.local/lib/python3.7/site-packages/airflow/example_dags/example_sensor_decorator.py
[2025-10-06T15:35:56.185+0000] {processor.py:753} INFO - DAG(s) dict_keys(['example_sensor_decorator']) retrieved from /home/airflow/.local/lib/python3.7/site-packages/airflow/example_dags/example_sensor_decorator.py
[2025-10-06T15:35:56.197+0000] {logging_mixin.py:137} INFO - [2025-10-06T15:35:56.197+0000] {dag.py:2690} INFO - Sync 1 DAGs
[2025-10-06T15:35:56.212+0000] {logging_mixin.py:137} INFO - [2025-10-06T15:35:56.212+0000] {dag.py:3441} INFO - Setting next_dagrun for example_sensor_decorator to None, run_after=None
[2025-10-06T15:35:56.219+0000] {processor.py:175} INFO - Processing /home/airflow/.local/lib/python3.7/site-packages/airflow/example_dags/example_sensor_decorator.py took 0.049 seconds
[2025-10-06T15:36:26.686+0000] {processor.py:153} INFO - Started process (PID=340) to work on /home/airflow/.local/lib/python3.7/site-packages/airflow/example_dags/example_sensor_decorator.py
[2025-10-06T15:36:26.686+0000] {processor.py:743} INFO - Processing file /home/airflow/.local/lib/python3.7/site-packages/airflow/example_dags/example_sensor_decorator.py for tasks to queue
[2025-10-06T15:36:26.686+0000] {logging_mixin.py:137} INFO - [2025-10-06T15:36:26.686+0000] {dagbag.py:538} INFO - Filling up the DagBag from /home/airflow/.local/lib/python3.7/site-packages/airflow/example_dags/example_sensor_decorator.py
[2025-10-06T15:36:26.696+0000] {processor.py:753} INFO - DAG(s) dict_keys(['example_sensor_decorator']) retrieved from /home/airflow/.local/lib/python3.7/site-packages/airflow/example_dags/example_sensor_decorator.py
[2025-10-06T15:36:26.707+0000] {logging_mixin.py:137} INFO - [2025-10-06T15:36:26.707+0000] {dag.py:2690} INFO - Sync 1 DAGs
[2025-10-06T15:36:26.717+0000] {logging_mixin.py:137} INFO - [2025-10-06T15:36:26.717+0000] {dag.py:3441} INFO - Setting next_dagrun for example_sensor_decorator to None, run_after=None
[2025-10-06T15:36:26.726+0000] {processor.py:175} INFO - Processing /home/airflow/.local/lib/python3.7/site-packages/airflow/example_dags/example_sensor_decorator.py took 0.041 seconds
[2025-10-06T15:36:57.096+0000] {processor.py:153} INFO - Started process (PID=439) to work on /home/airflow/.local/lib/python3.7/site-packages/airflow/example_dags/example_sensor_decorator.py
[2025-10-06T15:36:57.096+0000] {processor.py:743} INFO - Processing file /home/airflow/.local/lib/python3.7/site-packages/airflow/example_dags/example_sensor_decorator.py for tasks to queue
[2025-10-06T15:36:57.096+0000] {logging_mixin.py:137} INFO - [2025-10-06T15:36:57.096+0000] {dagbag.py:538} INFO - Filling up the DagBag from /home/airflow/.local/lib/python3.7/site-packages/airflow/example_dags/example_sensor_decorator.py
[2025-10-06T15:36:57.106+0000] {processor.py:753} INFO - DAG(s) dict_keys(['example_sensor_decorator']) retrieved from /home/airflow/.local/lib/python3.7/site-packages/airflow/example_dags/example_sensor_decorator.py
[2025-10-06T15:36:57.117+0000] {logging_mixin.py:137} INFO - [2025-10-06T15:36:57.117+0000] {dag.py:2690} INFO - Sync 1 DAGs
[2025-10-06T15:36:57.128+0000] {logging_mixin.py:137} INFO - [2025-10-06T15:36:57.128+0000] {dag.py:3441} INFO - Setting next_dagrun for example_sensor_decorator to None, run_after=None
[2025-10-06T15:36:57.140+0000] {processor.py:175} INFO - Processing /home/airflow/.local/lib/python3.7/site-packages/airflow/example_dags/example_sensor_decorator.py took 0.046 seconds
[2025-10-06T15:37:27.520+0000] {processor.py:153} INFO - Started process (PID=538) to work on /home/airflow/.local/lib/python3.7/site-packages/airflow/example_dags/example_sensor_decorator.py
[2025-10-06T15:37:27.520+0000] {processor.py:743} INFO - Processing file /home/airflow/.local/lib/python3.7/site-packages/airflow/example_dags/example_sensor_decorator.py for tasks to queue
[2025-10-06T15:37:27.520+0000] {logging_mixin.py:137} INFO - [2025-10-06T15:37:27.520+0000] {dagbag.py:538} INFO - Filling up the DagBag from /home/airflow/.local/lib/python3.7/site-packages/airflow/example_dags/example_sensor_decorator.py
[2025-10-06T15:37:27.530+0000] {processor.py:753} INFO - DAG(s) dict_keys(['example_sensor_decorator']) retrieved from /home/airflow/.local/lib/python3.7/site-packages/airflow/example_dags/example_sensor_decorator.py
[2025-10-06T15:37:27.539+0000] {logging_mixin.py:137} INFO - [2025-10-06T15:37:27.539+0000] {dag.py:2690} INFO - Sync 1 DAGs
[2025-10-06T15:37:27.550+0000] {logging_mixin.py:137} INFO - [2025-10-06T15:37:27.550+0000] {dag.py:3441} INFO - Setting next_dagrun for example_sensor_decorator to None, run_after=None
[2025-10-06T15:37:27.559+0000] {processor.py:175} INFO - Processing /home/airflow/.local/lib/python3.7/site-packages/airflow/example_dags/example_sensor_decorator.py took 0.041 seconds
[2025-10-06T15:37:57.893+0000] {processor.py:153} INFO - Started process (PID=637) to work on /home/airflow/.local/lib/python3.7/site-packages/airflow/example_dags/example_sensor_decorator.py
[2025-10-06T15:37:57.895+0000] {processor.py:743} INFO - Processing file /home/airflow/.local/lib/python3.7/site-packages/airflow/example_dags/example_sensor_decorator.py for tasks to queue
[2025-10-06T15:37:57.895+0000] {logging_mixin.py:137} INFO - [2025-10-06T15:37:57.895+0000] {dagbag.py:538} INFO - Filling up the DagBag from /home/airflow/.local/lib/python3.7/site-packages/airflow/example_dags/example_sensor_decorator.py
[2025-10-06T15:37:57.904+0000] {processor.py:753} INFO - DAG(s) dict_keys(['example_sensor_decorator']) retrieved from /home/airflow/.local/lib/python3.7/site-packages/airflow/example_dags/example_sensor_decorator.py
[2025-10-06T15:37:57.914+0000] {logging_mixin.py:137} INFO - [2025-10-06T15:37:57.914+0000] {dag.py:2690} INFO - Sync 1 DAGs
[2025-10-06T15:37:57.925+0000] {logging_mixin.py:137} INFO - [2025-10-06T15:37:57.925+0000] {dag.py:3441} INFO - Setting next_dagrun for example_sensor_decorator to None, run_after=None
[2025-10-06T15:37:57.934+0000] {processor.py:175} INFO - Processing /home/airflow/.local/lib/python3.7/site-packages/airflow/example_dags/example_sensor_decorator.py took 0.043 seconds
[2025-10-06T15:38:28.316+0000] {processor.py:153} INFO - Started process (PID=716) to work on /home/airflow/.local/lib/python3.7/site-packages/airflow/example_dags/example_sensor_decorator.py
[2025-10-06T15:38:28.317+0000] {processor.py:743} INFO - Processing file /home/airflow/.local/lib/python3.7/site-packages/airflow/example_dags/example_sensor_decorator.py for tasks to queue
[2025-10-06T15:38:28.317+0000] {logging_mixin.py:137} INFO - [2025-10-06T15:38:28.317+0000] {dagbag.py:538} INFO - Filling up the DagBag from /home/airflow/.local/lib/python3.7/site-packages/airflow/example_dags/example_sensor_decorator.py
[2025-10-06T15:38:28.326+0000] {processor.py:753} INFO - DAG(s) dict_keys(['example_sensor_decorator']) retrieved from /home/airflow/.local/lib/python3.7/site-packages/airflow/example_dags/example_sensor_decorator.py
[2025-10-06T15:38:28.336+0000] {logging_mixin.py:137} INFO - [2025-10-06T15:38:28.336+0000] {dag.py:2690} INFO - Sync 1 DAGs
[2025-10-06T15:38:28.346+0000] {logging_mixin.py:137} INFO - [2025-10-06T15:38:28.346+0000] {dag.py:3441} INFO - Setting next_dagrun for example_sensor_decorator to None, run_after=None
[2025-10-06T15:38:28.357+0000] {processor.py:175} INFO - Processing /home/airflow/.local/lib/python3.7/site-packages/airflow/example_dags/example_sensor_decorator.py took 0.042 seconds
[2025-10-06T15:38:58.716+0000] {processor.py:153} INFO - Started process (PID=815) to work on /home/airflow/.local/lib/python3.7/site-packages/airflow/example_dags/example_sensor_decorator.py
[2025-10-06T15:38:58.717+0000] {processor.py:743} INFO - Processing file /home/airflow/.local/lib/python3.7/site-packages/airflow/example_dags/example_sensor_decorator.py for tasks to queue
[2025-10-06T15:38:58.719+0000] {logging_mixin.py:137} INFO - [2025-10-06T15:38:58.719+0000] {dagbag.py:538} INFO - Filling up the DagBag from /home/airflow/.local/lib/python3.7/site-packages/airflow/example_dags/example_sensor_decorator.py
[2025-10-06T15:38:58.730+0000] {processor.py:753} INFO - DAG(s) dict_keys(['example_sensor_decorator']) retrieved from /home/airflow/.local/lib/python3.7/site-packages/airflow/example_dags/example_sensor_decorator.py
[2025-10-06T15:38:58.739+0000] {logging_mixin.py:137} INFO - [2025-10-06T15:38:58.739+0000] {dag.py:2690} INFO - Sync 1 DAGs
[2025-10-06T15:38:58.753+0000] {logging_mixin.py:137} INFO - [2025-10-06T15:38:58.753+0000] {dag.py:3441} INFO - Setting next_dagrun for example_sensor_decorator to None, run_after=None
[2025-10-06T15:38:58.761+0000] {processor.py:175} INFO - Processing /home/airflow/.local/lib/python3.7/site-packages/airflow/example_dags/example_sensor_decorator.py took 0.046 seconds
[2025-10-06T15:39:29.091+0000] {processor.py:153} INFO - Started process (PID=914) to work on /home/airflow/.local/lib/python3.7/site-packages/airflow/example_dags/example_sensor_decorator.py
[2025-10-06T15:39:29.091+0000] {processor.py:743} INFO - Processing file /home/airflow/.local/lib/python3.7/site-packages/airflow/example_dags/example_sensor_decorator.py for tasks to queue
[2025-10-06T15:39:29.091+0000] {logging_mixin.py:137} INFO - [2025-10-06T15:39:29.091+0000] {dagbag.py:538} INFO - Filling up the DagBag from /home/airflow/.local/lib/python3.7/site-packages/airflow/example_dags/example_sensor_decorator.py
[2025-10-06T15:39:29.102+0000] {processor.py:753} INFO - DAG(s) dict_keys(['example_sensor_decorator']) retrieved from /home/airflow/.local/lib/python3.7/site-packages/airflow/example_dags/example_sensor_decorator.py
[2025-10-06T15:39:29.113+0000] {logging_mixin.py:137} INFO - [2025-10-06T15:39:29.113+0000] {dag.py:2690} INFO - Sync 1 DAGs
[2025-10-06T15:39:29.124+0000] {logging_mixin.py:137} INFO - [2025-10-06T15:39:29.124+0000] {dag.py:3441} INFO - Setting next_dagrun for example_sensor_decorator to None, run_after=None
[2025-10-06T15:39:29.137+0000] {processor.py:175} INFO - Processing /home/airflow/.local/lib/python3.7/site-packages/airflow/example_dags/example_sensor_decorator.py took 0.048 seconds
[2025-10-06T15:39:59.476+0000] {processor.py:153} INFO - Started process (PID=1013) to work on /home/airflow/.local/lib/python3.7/site-packages/airflow/example_dags/example_sensor_decorator.py
[2025-10-06T15:39:59.476+0000] {processor.py:743} INFO - Processing file /home/airflow/.local/lib/python3.7/site-packages/airflow/example_dags/example_sensor_decorator.py for tasks to queue
[2025-10-06T15:39:59.476+0000] {logging_mixin.py:137} INFO - [2025-10-06T15:39:59.476+0000] {dagbag.py:538} INFO - Filling up the DagBag from /home/airflow/.local/lib/python3.7/site-packages/airflow/example_dags/example_sensor_decorator.py
[2025-10-06T15:39:59.486+0000] {processor.py:753} INFO - DAG(s) dict_keys(['example_sensor_decorator']) retrieved from /home/airflow/.local/lib/python3.7/site-packages/airflow/example_dags/example_sensor_decorator.py
[2025-10-06T15:39:59.496+0000] {logging_mixin.py:137} INFO - [2025-10-06T15:39:59.496+0000] {dag.py:2690} INFO - Sync 1 DAGs
[2025-10-06T15:39:59.506+0000] {logging_mixin.py:137} INFO - [2025-10-06T15:39:59.506+0000] {dag.py:3441} INFO - Setting next_dagrun for example_sensor_decorator to None, run_after=None
[2025-10-06T15:39:59.513+0000] {processor.py:175} INFO - Processing /home/airflow/.local/lib/python3.7/site-packages/airflow/example_dags/example_sensor_decorator.py took 0.038 seconds
[2025-10-06T15:40:29.656+0000] {processor.py:153} INFO - Started process (PID=1092) to work on /home/airflow/.local/lib/python3.7/site-packages/airflow/example_dags/example_sensor_decorator.py
[2025-10-06T15:40:29.656+0000] {processor.py:743} INFO - Processing file /home/airflow/.local/lib/python3.7/site-packages/airflow/example_dags/example_sensor_decorator.py for tasks to queue
[2025-10-06T15:40:29.656+0000] {logging_mixin.py:137} INFO - [2025-10-06T15:40:29.656+0000] {dagbag.py:538} INFO - Filling up the DagBag from /home/airflow/.local/lib/python3.7/site-packages/airflow/example_dags/example_sensor_decorator.py
[2025-10-06T15:40:29.667+0000] {processor.py:753} INFO - DAG(s) dict_keys(['example_sensor_decorator']) retrieved from /home/airflow/.local/lib/python3.7/site-packages/airflow/example_dags/example_sensor_decorator.py
[2025-10-06T15:40:29.676+0000] {logging_mixin.py:137} INFO - [2025-10-06T15:40:29.676+0000] {dag.py:2690} INFO - Sync 1 DAGs
[2025-10-06T15:40:29.686+0000] {logging_mixin.py:137} INFO - [2025-10-06T15:40:29.686+0000] {dag.py:3441} INFO - Setting next_dagrun for example_sensor_decorator to None, run_after=None
[2025-10-06T15:40:29.694+0000] {processor.py:175} INFO - Processing /home/airflow/.local/lib/python3.7/site-packages/airflow/example_dags/example_sensor_decorator.py took 0.040 seconds
[2025-10-06T15:40:59.923+0000] {processor.py:153} INFO - Started process (PID=1191) to work on /home/airflow/.local/lib/python3.7/site-packages/airflow/example_dags/example_sensor_decorator.py
[2025-10-06T15:40:59.925+0000] {processor.py:743} INFO - Processing file /home/airflow/.local/lib/python3.7/site-packages/airflow/example_dags/example_sensor_decorator.py for tasks to queue
[2025-10-06T15:40:59.925+0000] {logging_mixin.py:137} INFO - [2025-10-06T15:40:59.925+0000] {dagbag.py:538} INFO - Filling up the DagBag from /home/airflow/.local/lib/python3.7/site-packages/airflow/example_dags/example_sensor_decorator.py
[2025-10-06T15:40:59.934+0000] {processor.py:753} INFO - DAG(s) dict_keys(['example_sensor_decorator']) retrieved from /home/airflow/.local/lib/python3.7/site-packages/airflow/example_dags/example_sensor_decorator.py
[2025-10-06T15:40:59.945+0000] {logging_mixin.py:137} INFO - [2025-10-06T15:40:59.944+0000] {dag.py:2690} INFO - Sync 1 DAGs
[2025-10-06T15:40:59.957+0000] {logging_mixin.py:137} INFO - [2025-10-06T15:40:59.957+0000] {dag.py:3441} INFO - Setting next_dagrun for example_sensor_decorator to None, run_after=None
[2025-10-06T15:40:59.967+0000] {processor.py:175} INFO - Processing /home/airflow/.local/lib/python3.7/site-packages/airflow/example_dags/example_sensor_decorator.py took 0.045 seconds
[2025-10-06T15:41:30.202+0000] {processor.py:153} INFO - Started process (PID=1290) to work on /home/airflow/.local/lib/python3.7/site-packages/airflow/example_dags/example_sensor_decorator.py
[2025-10-06T15:41:30.202+0000] {processor.py:743} INFO - Processing file /home/airflow/.local/lib/python3.7/site-packages/airflow/example_dags/example_sensor_decorator.py for tasks to queue
[2025-10-06T15:41:30.202+0000] {logging_mixin.py:137} INFO - [2025-10-06T15:41:30.202+0000] {dagbag.py:538} INFO - Filling up the DagBag from /home/airflow/.local/lib/python3.7/site-packages/airflow/example_dags/example_sensor_decorator.py
[2025-10-06T15:41:30.211+0000] {processor.py:753} INFO - DAG(s) dict_keys(['example_sensor_decorator']) retrieved from /home/airflow/.local/lib/python3.7/site-packages/airflow/example_dags/example_sensor_decorator.py
[2025-10-06T15:41:30.221+0000] {logging_mixin.py:137} INFO - [2025-10-06T15:41:30.221+0000] {dag.py:2690} INFO - Sync 1 DAGs
[2025-10-06T15:41:30.231+0000] {logging_mixin.py:137} INFO - [2025-10-06T15:41:30.231+0000] {dag.py:3441} INFO - Setting next_dagrun for example_sensor_decorator to None, run_after=None
[2025-10-06T15:41:30.237+0000] {processor.py:175} INFO - Processing /home/airflow/.local/lib/python3.7/site-packages/airflow/example_dags/example_sensor_decorator.py took 0.037 seconds
[2025-10-06T15:42:00.587+0000] {processor.py:153} INFO - Started process (PID=1389) to work on /home/airflow/.local/lib/python3.7/site-packages/airflow/example_dags/example_sensor_decorator.py
[2025-10-06T15:42:00.589+0000] {processor.py:743} INFO - Processing file /home/airflow/.local/lib/python3.7/site-packages/airflow/example_dags/example_sensor_decorator.py for tasks to queue
[2025-10-06T15:42:00.589+0000] {logging_mixin.py:137} INFO - [2025-10-06T15:42:00.589+0000] {dagbag.py:538} INFO - Filling up the DagBag from /home/airflow/.local/lib/python3.7/site-packages/airflow/example_dags/example_sensor_decorator.py
[2025-10-06T15:42:00.600+0000] {processor.py:753} INFO - DAG(s) dict_keys(['example_sensor_decorator']) retrieved from /home/airflow/.local/lib/python3.7/site-packages/airflow/example_dags/example_sensor_decorator.py
[2025-10-06T15:42:00.610+0000] {logging_mixin.py:137} INFO - [2025-10-06T15:42:00.610+0000] {dag.py:2690} INFO - Sync 1 DAGs
[2025-10-06T15:42:00.621+0000] {logging_mixin.py:137} INFO - [2025-10-06T15:42:00.621+0000] {dag.py:3441} INFO - Setting next_dagrun for example_sensor_decorator to None, run_after=None
[2025-10-06T15:42:00.628+0000] {processor.py:175} INFO - Processing /home/airflow/.local/lib/python3.7/site-packages/airflow/example_dags/example_sensor_decorator.py took 0.043 seconds
[2025-10-06T15:42:30.863+0000] {processor.py:153} INFO - Started process (PID=1468) to work on /home/airflow/.local/lib/python3.7/site-packages/airflow/example_dags/example_sensor_decorator.py
[2025-10-06T15:42:30.867+0000] {processor.py:743} INFO - Processing file /home/airflow/.local/lib/python3.7/site-packages/airflow/example_dags/example_sensor_decorator.py for tasks to queue
[2025-10-06T15:42:30.867+0000] {logging_mixin.py:137} INFO - [2025-10-06T15:42:30.867+0000] {dagbag.py:538} INFO - Filling up the DagBag from /home/airflow/.local/lib/python3.7/site-packages/airflow/example_dags/example_sensor_decorator.py
[2025-10-06T15:42:30.876+0000] {processor.py:753} INFO - DAG(s) dict_keys(['example_sensor_decorator']) retrieved from /home/airflow/.local/lib/python3.7/site-packages/airflow/example_dags/example_sensor_decorator.py
[2025-10-06T15:42:30.886+0000] {logging_mixin.py:137} INFO - [2025-10-06T15:42:30.886+0000] {dag.py:2690} INFO - Sync 1 DAGs
[2025-10-06T15:42:30.896+0000] {logging_mixin.py:137} INFO - [2025-10-06T15:42:30.896+0000] {dag.py:3441} INFO - Setting next_dagrun for example_sensor_decorator to None, run_after=None
[2025-10-06T15:42:30.903+0000] {processor.py:175} INFO - Processing /home/airflow/.local/lib/python3.7/site-packages/airflow/example_dags/example_sensor_decorator.py took 0.042 seconds
[2025-10-06T15:43:01.095+0000] {processor.py:153} INFO - Started process (PID=1568) to work on /home/airflow/.local/lib/python3.7/site-packages/airflow/example_dags/example_sensor_decorator.py
[2025-10-06T15:43:01.095+0000] {processor.py:743} INFO - Processing file /home/airflow/.local/lib/python3.7/site-packages/airflow/example_dags/example_sensor_decorator.py for tasks to queue
[2025-10-06T15:43:01.095+0000] {logging_mixin.py:137} INFO - [2025-10-06T15:43:01.095+0000] {dagbag.py:538} INFO - Filling up the DagBag from /home/airflow/.local/lib/python3.7/site-packages/airflow/example_dags/example_sensor_decorator.py
[2025-10-06T15:43:01.105+0000] {processor.py:753} INFO - DAG(s) dict_keys(['example_sensor_decorator']) retrieved from /home/airflow/.local/lib/python3.7/site-packages/airflow/example_dags/example_sensor_decorator.py
[2025-10-06T15:43:01.115+0000] {logging_mixin.py:137} INFO - [2025-10-06T15:43:01.115+0000] {dag.py:2690} INFO - Sync 1 DAGs
[2025-10-06T15:43:01.125+0000] {logging_mixin.py:137} INFO - [2025-10-06T15:43:01.125+0000] {dag.py:3441} INFO - Setting next_dagrun for example_sensor_decorator to None, run_after=None
[2025-10-06T15:43:01.132+0000] {processor.py:175} INFO - Processing /home/airflow/.local/lib/python3.7/site-packages/airflow/example_dags/example_sensor_decorator.py took 0.039 seconds
[2025-10-06T15:43:31.404+0000] {processor.py:153} INFO - Started process (PID=1667) to work on /home/airflow/.local/lib/python3.7/site-packages/airflow/example_dags/example_sensor_decorator.py
[2025-10-06T15:43:31.406+0000] {processor.py:743} INFO - Processing file /home/airflow/.local/lib/python3.7/site-packages/airflow/example_dags/example_sensor_decorator.py for tasks to queue
[2025-10-06T15:43:31.406+0000] {logging_mixin.py:137} INFO - [2025-10-06T15:43:31.406+0000] {dagbag.py:538} INFO - Filling up the DagBag from /home/airflow/.local/lib/python3.7/site-packages/airflow/example_dags/example_sensor_decorator.py
[2025-10-06T15:43:31.417+0000] {processor.py:753} INFO - DAG(s) dict_keys(['example_sensor_decorator']) retrieved from /home/airflow/.local/lib/python3.7/site-packages/airflow/example_dags/example_sensor_decorator.py
[2025-10-06T15:43:31.433+0000] {logging_mixin.py:137} INFO - [2025-10-06T15:43:31.433+0000] {dag.py:2690} INFO - Sync 1 DAGs
[2025-10-06T15:43:31.445+0000] {logging_mixin.py:137} INFO - [2025-10-06T15:43:31.445+0000] {dag.py:3441} INFO - Setting next_dagrun for example_sensor_decorator to None, run_after=None
[2025-10-06T15:43:31.453+0000] {processor.py:175} INFO - Processing /home/airflow/.local/lib/python3.7/site-packages/airflow/example_dags/example_sensor_decorator.py took 0.050 seconds
[2025-10-06T15:44:01.834+0000] {processor.py:153} INFO - Started process (PID=1766) to work on /home/airflow/.local/lib/python3.7/site-packages/airflow/example_dags/example_sensor_decorator.py
[2025-10-06T15:44:01.834+0000] {processor.py:743} INFO - Processing file /home/airflow/.local/lib/python3.7/site-packages/airflow/example_dags/example_sensor_decorator.py for tasks to queue
[2025-10-06T15:44:01.834+0000] {logging_mixin.py:137} INFO - [2025-10-06T15:44:01.834+0000] {dagbag.py:538} INFO - Filling up the DagBag from /home/airflow/.local/lib/python3.7/site-packages/airflow/example_dags/example_sensor_decorator.py
[2025-10-06T15:44:01.845+0000] {processor.py:753} INFO - DAG(s) dict_keys(['example_sensor_decorator']) retrieved from /home/airflow/.local/lib/python3.7/site-packages/airflow/example_dags/example_sensor_decorator.py
[2025-10-06T15:44:01.859+0000] {logging_mixin.py:137} INFO - [2025-10-06T15:44:01.859+0000] {dag.py:2690} INFO - Sync 1 DAGs
[2025-10-06T15:44:01.871+0000] {logging_mixin.py:137} INFO - [2025-10-06T15:44:01.871+0000] {dag.py:3441} INFO - Setting next_dagrun for example_sensor_decorator to None, run_after=None
[2025-10-06T15:44:01.879+0000] {processor.py:175} INFO - Processing /home/airflow/.local/lib/python3.7/site-packages/airflow/example_dags/example_sensor_decorator.py took 0.048 seconds
[2025-10-06T15:44:32.196+0000] {processor.py:153} INFO - Started process (PID=1845) to work on /home/airflow/.local/lib/python3.7/site-packages/airflow/example_dags/example_sensor_decorator.py
[2025-10-06T15:44:32.199+0000] {processor.py:743} INFO - Processing file /home/airflow/.local/lib/python3.7/site-packages/airflow/example_dags/example_sensor_decorator.py for tasks to queue
[2025-10-06T15:44:32.199+0000] {logging_mixin.py:137} INFO - [2025-10-06T15:44:32.199+0000] {dagbag.py:538} INFO - Filling up the DagBag from /home/airflow/.local/lib/python3.7/site-packages/airflow/example_dags/example_sensor_decorator.py
[2025-10-06T15:44:32.208+0000] {processor.py:753} INFO - DAG(s) dict_keys(['example_sensor_decorator']) retrieved from /home/airflow/.local/lib/python3.7/site-packages/airflow/example_dags/example_sensor_decorator.py
[2025-10-06T15:44:32.219+0000] {logging_mixin.py:137} INFO - [2025-10-06T15:44:32.218+0000] {dag.py:2690} INFO - Sync 1 DAGs
[2025-10-06T15:44:32.232+0000] {logging_mixin.py:137} INFO - [2025-10-06T15:44:32.232+0000] {dag.py:3441} INFO - Setting next_dagrun for example_sensor_decorator to None, run_after=None
[2025-10-06T15:44:32.240+0000] {processor.py:175} INFO - Processing /home/airflow/.local/lib/python3.7/site-packages/airflow/example_dags/example_sensor_decorator.py took 0.046 seconds
[2025-10-06T15:45:02.549+0000] {processor.py:153} INFO - Started process (PID=1944) to work on /home/airflow/.local/lib/python3.7/site-packages/airflow/example_dags/example_sensor_decorator.py
[2025-10-06T15:45:02.549+0000] {processor.py:743} INFO - Processing file /home/airflow/.local/lib/python3.7/site-packages/airflow/example_dags/example_sensor_decorator.py for tasks to queue
[2025-10-06T15:45:02.549+0000] {logging_mixin.py:137} INFO - [2025-10-06T15:45:02.549+0000] {dagbag.py:538} INFO - Filling up the DagBag from /home/airflow/.local/lib/python3.7/site-packages/airflow/example_dags/example_sensor_decorator.py
[2025-10-06T15:45:02.560+0000] {processor.py:753} INFO - DAG(s) dict_keys(['example_sensor_decorator']) retrieved from /home/airflow/.local/lib/python3.7/site-packages/airflow/example_dags/example_sensor_decorator.py
[2025-10-06T15:45:02.571+0000] {logging_mixin.py:137} INFO - [2025-10-06T15:45:02.571+0000] {dag.py:2690} INFO - Sync 1 DAGs
[2025-10-06T15:45:02.583+0000] {logging_mixin.py:137} INFO - [2025-10-06T15:45:02.582+0000] {dag.py:3441} INFO - Setting next_dagrun for example_sensor_decorator to None, run_after=None
[2025-10-06T15:45:02.593+0000] {processor.py:175} INFO - Processing /home/airflow/.local/lib/python3.7/site-packages/airflow/example_dags/example_sensor_decorator.py took 0.047 seconds
[2025-10-06T15:45:32.836+0000] {processor.py:153} INFO - Started process (PID=2043) to work on /home/airflow/.local/lib/python3.7/site-packages/airflow/example_dags/example_sensor_decorator.py
[2025-10-06T15:45:32.837+0000] {processor.py:743} INFO - Processing file /home/airflow/.local/lib/python3.7/site-packages/airflow/example_dags/example_sensor_decorator.py for tasks to queue
[2025-10-06T15:45:32.837+0000] {logging_mixin.py:137} INFO - [2025-10-06T15:45:32.837+0000] {dagbag.py:538} INFO - Filling up the DagBag from /home/airflow/.local/lib/python3.7/site-packages/airflow/example_dags/example_sensor_decorator.py
[2025-10-06T15:45:32.846+0000] {processor.py:753} INFO - DAG(s) dict_keys(['example_sensor_decorator']) retrieved from /home/airflow/.local/lib/python3.7/site-packages/airflow/example_dags/example_sensor_decorator.py
[2025-10-06T15:45:32.857+0000] {logging_mixin.py:137} INFO - [2025-10-06T15:45:32.857+0000] {dag.py:2690} INFO - Sync 1 DAGs
[2025-10-06T15:45:32.867+0000] {logging_mixin.py:137} INFO - [2025-10-06T15:45:32.867+0000] {dag.py:3441} INFO - Setting next_dagrun for example_sensor_decorator to None, run_after=None
[2025-10-06T15:45:32.874+0000] {processor.py:175} INFO - Processing /home/airflow/.local/lib/python3.7/site-packages/airflow/example_dags/example_sensor_decorator.py took 0.040 seconds
[2025-10-06T15:46:03.289+0000] {processor.py:153} INFO - Started process (PID=2142) to work on /home/airflow/.local/lib/python3.7/site-packages/airflow/example_dags/example_sensor_decorator.py
[2025-10-06T15:46:03.289+0000] {processor.py:743} INFO - Processing file /home/airflow/.local/lib/python3.7/site-packages/airflow/example_dags/example_sensor_decorator.py for tasks to queue
[2025-10-06T15:46:03.290+0000] {logging_mixin.py:137} INFO - [2025-10-06T15:46:03.290+0000] {dagbag.py:538} INFO - Filling up the DagBag from /home/airflow/.local/lib/python3.7/site-packages/airflow/example_dags/example_sensor_decorator.py
[2025-10-06T15:46:03.303+0000] {processor.py:753} INFO - DAG(s) dict_keys(['example_sensor_decorator']) retrieved from /home/airflow/.local/lib/python3.7/site-packages/airflow/example_dags/example_sensor_decorator.py
[2025-10-06T15:46:03.314+0000] {logging_mixin.py:137} INFO - [2025-10-06T15:46:03.313+0000] {dag.py:2690} INFO - Sync 1 DAGs
[2025-10-06T15:46:03.325+0000] {logging_mixin.py:137} INFO - [2025-10-06T15:46:03.325+0000] {dag.py:3441} INFO - Setting next_dagrun for example_sensor_decorator to None, run_after=None
[2025-10-06T15:46:03.357+0000] {processor.py:175} INFO - Processing /home/airflow/.local/lib/python3.7/site-packages/airflow/example_dags/example_sensor_decorator.py took 0.070 seconds
[2025-10-06T15:46:33.905+0000] {processor.py:153} INFO - Started process (PID=2221) to work on /home/airflow/.local/lib/python3.7/site-packages/airflow/example_dags/example_sensor_decorator.py
[2025-10-06T15:46:33.906+0000] {processor.py:743} INFO - Processing file /home/airflow/.local/lib/python3.7/site-packages/airflow/example_dags/example_sensor_decorator.py for tasks to queue
[2025-10-06T15:46:33.906+0000] {logging_mixin.py:137} INFO - [2025-10-06T15:46:33.906+0000] {dagbag.py:538} INFO - Filling up the DagBag from /home/airflow/.local/lib/python3.7/site-packages/airflow/example_dags/example_sensor_decorator.py
[2025-10-06T15:46:33.916+0000] {processor.py:753} INFO - DAG(s) dict_keys(['example_sensor_decorator']) retrieved from /home/airflow/.local/lib/python3.7/site-packages/airflow/example_dags/example_sensor_decorator.py
[2025-10-06T15:46:33.926+0000] {logging_mixin.py:137} INFO - [2025-10-06T15:46:33.926+0000] {dag.py:2690} INFO - Sync 1 DAGs
[2025-10-06T15:46:33.936+0000] {logging_mixin.py:137} INFO - [2025-10-06T15:46:33.936+0000] {dag.py:3441} INFO - Setting next_dagrun for example_sensor_decorator to None, run_after=None
[2025-10-06T15:46:33.945+0000] {processor.py:175} INFO - Processing /home/airflow/.local/lib/python3.7/site-packages/airflow/example_dags/example_sensor_decorator.py took 0.041 seconds
