[2025-10-06T15:34:54.764+0000] {processor.py:153} INFO - Started process (PID=49) to work on /home/airflow/.local/lib/python3.7/site-packages/airflow/example_dags/example_subdag_operator.py
[2025-10-06T15:34:54.766+0000] {processor.py:743} INFO - Processing file /home/airflow/.local/lib/python3.7/site-packages/airflow/example_dags/example_subdag_operator.py for tasks to queue
[2025-10-06T15:34:54.767+0000] {logging_mixin.py:137} INFO - [2025-10-06T15:34:54.767+0000] {dagbag.py:538} INFO - Filling up the DagBag from /home/airflow/.local/lib/python3.7/site-packages/airflow/example_dags/example_subdag_operator.py
[2025-10-06T15:34:54.784+0000] {processor.py:753} INFO - DAG(s) dict_keys(['example_subdag_operator.section-1', 'example_subdag_operator.section-2', 'example_subdag_operator']) retrieved from /home/airflow/.local/lib/python3.7/site-packages/airflow/example_dags/example_subdag_operator.py
[2025-10-06T15:34:54.786+0000] {logging_mixin.py:137} INFO - [2025-10-06T15:34:54.786+0000] {dag.py:2690} INFO - Sync 3 DAGs
[2025-10-06T15:34:54.801+0000] {logging_mixin.py:137} INFO - [2025-10-06T15:34:54.801+0000] {dag.py:3441} INFO - Setting next_dagrun for example_subdag_operator to 2022-01-01T00:00:00+00:00, run_after=2022-01-01T00:00:00+00:00
[2025-10-06T15:34:54.803+0000] {logging_mixin.py:137} INFO - [2025-10-06T15:34:54.803+0000] {dag.py:3441} INFO - Setting next_dagrun for example_subdag_operator.section-1 to None, run_after=None
[2025-10-06T15:34:54.804+0000] {logging_mixin.py:137} INFO - [2025-10-06T15:34:54.804+0000] {dag.py:3441} INFO - Setting next_dagrun for example_subdag_operator.section-2 to None, run_after=None
[2025-10-06T15:34:54.808+0000] {logging_mixin.py:137} INFO - [2025-10-06T15:34:54.808+0000] {dag.py:2690} INFO - Sync 2 DAGs
[2025-10-06T15:34:54.810+0000] {logging_mixin.py:137} INFO - [2025-10-06T15:34:54.810+0000] {dag.py:3441} INFO - Setting next_dagrun for example_subdag_operator.section-1 to None, run_after=None
[2025-10-06T15:34:54.811+0000] {logging_mixin.py:137} INFO - [2025-10-06T15:34:54.811+0000] {dag.py:3441} INFO - Setting next_dagrun for example_subdag_operator.section-2 to None, run_after=None
[2025-10-06T15:34:54.819+0000] {processor.py:175} INFO - Processing /home/airflow/.local/lib/python3.7/site-packages/airflow/example_dags/example_subdag_operator.py took 0.057 seconds
[2025-10-06T15:35:25.335+0000] {processor.py:153} INFO - Started process (PID=148) to work on /home/airflow/.local/lib/python3.7/site-packages/airflow/example_dags/example_subdag_operator.py
[2025-10-06T15:35:25.336+0000] {processor.py:743} INFO - Processing file /home/airflow/.local/lib/python3.7/site-packages/airflow/example_dags/example_subdag_operator.py for tasks to queue
[2025-10-06T15:35:25.336+0000] {logging_mixin.py:137} INFO - [2025-10-06T15:35:25.336+0000] {dagbag.py:538} INFO - Filling up the DagBag from /home/airflow/.local/lib/python3.7/site-packages/airflow/example_dags/example_subdag_operator.py
[2025-10-06T15:35:25.350+0000] {processor.py:753} INFO - DAG(s) dict_keys(['example_subdag_operator.section-1', 'example_subdag_operator.section-2', 'example_subdag_operator']) retrieved from /home/airflow/.local/lib/python3.7/site-packages/airflow/example_dags/example_subdag_operator.py
[2025-10-06T15:35:25.359+0000] {logging_mixin.py:137} INFO - [2025-10-06T15:35:25.359+0000] {dag.py:2690} INFO - Sync 3 DAGs
[2025-10-06T15:35:25.370+0000] {logging_mixin.py:137} INFO - [2025-10-06T15:35:25.370+0000] {dag.py:3441} INFO - Setting next_dagrun for example_subdag_operator to 2022-01-01T00:00:00+00:00, run_after=2022-01-01T00:00:00+00:00
[2025-10-06T15:35:25.373+0000] {logging_mixin.py:137} INFO - [2025-10-06T15:35:25.373+0000] {dag.py:3441} INFO - Setting next_dagrun for example_subdag_operator.section-1 to None, run_after=None
[2025-10-06T15:35:25.374+0000] {logging_mixin.py:137} INFO - [2025-10-06T15:35:25.374+0000] {dag.py:3441} INFO - Setting next_dagrun for example_subdag_operator.section-2 to None, run_after=None
[2025-10-06T15:35:25.379+0000] {logging_mixin.py:137} INFO - [2025-10-06T15:35:25.379+0000] {dag.py:2690} INFO - Sync 2 DAGs
[2025-10-06T15:35:25.382+0000] {logging_mixin.py:137} INFO - [2025-10-06T15:35:25.382+0000] {dag.py:3441} INFO - Setting next_dagrun for example_subdag_operator.section-1 to None, run_after=None
[2025-10-06T15:35:25.382+0000] {logging_mixin.py:137} INFO - [2025-10-06T15:35:25.382+0000] {dag.py:3441} INFO - Setting next_dagrun for example_subdag_operator.section-2 to None, run_after=None
[2025-10-06T15:35:25.387+0000] {processor.py:175} INFO - Processing /home/airflow/.local/lib/python3.7/site-packages/airflow/example_dags/example_subdag_operator.py took 0.053 seconds
[2025-10-06T15:35:55.694+0000] {processor.py:153} INFO - Started process (PID=236) to work on /home/airflow/.local/lib/python3.7/site-packages/airflow/example_dags/example_subdag_operator.py
[2025-10-06T15:35:55.694+0000] {processor.py:743} INFO - Processing file /home/airflow/.local/lib/python3.7/site-packages/airflow/example_dags/example_subdag_operator.py for tasks to queue
[2025-10-06T15:35:55.696+0000] {logging_mixin.py:137} INFO - [2025-10-06T15:35:55.696+0000] {dagbag.py:538} INFO - Filling up the DagBag from /home/airflow/.local/lib/python3.7/site-packages/airflow/example_dags/example_subdag_operator.py
[2025-10-06T15:35:55.710+0000] {processor.py:753} INFO - DAG(s) dict_keys(['example_subdag_operator.section-1', 'example_subdag_operator.section-2', 'example_subdag_operator']) retrieved from /home/airflow/.local/lib/python3.7/site-packages/airflow/example_dags/example_subdag_operator.py
[2025-10-06T15:35:55.718+0000] {logging_mixin.py:137} INFO - [2025-10-06T15:35:55.718+0000] {dag.py:2690} INFO - Sync 3 DAGs
[2025-10-06T15:35:55.730+0000] {logging_mixin.py:137} INFO - [2025-10-06T15:35:55.730+0000] {dag.py:3441} INFO - Setting next_dagrun for example_subdag_operator to 2022-01-01T00:00:00+00:00, run_after=2022-01-01T00:00:00+00:00
[2025-10-06T15:35:55.731+0000] {logging_mixin.py:137} INFO - [2025-10-06T15:35:55.731+0000] {dag.py:3441} INFO - Setting next_dagrun for example_subdag_operator.section-1 to None, run_after=None
[2025-10-06T15:35:55.732+0000] {logging_mixin.py:137} INFO - [2025-10-06T15:35:55.732+0000] {dag.py:3441} INFO - Setting next_dagrun for example_subdag_operator.section-2 to None, run_after=None
[2025-10-06T15:35:55.737+0000] {logging_mixin.py:137} INFO - [2025-10-06T15:35:55.737+0000] {dag.py:2690} INFO - Sync 2 DAGs
[2025-10-06T15:35:55.742+0000] {logging_mixin.py:137} INFO - [2025-10-06T15:35:55.742+0000] {dag.py:3441} INFO - Setting next_dagrun for example_subdag_operator.section-1 to None, run_after=None
[2025-10-06T15:35:55.749+0000] {logging_mixin.py:137} INFO - [2025-10-06T15:35:55.749+0000] {dag.py:3441} INFO - Setting next_dagrun for example_subdag_operator.section-2 to None, run_after=None
[2025-10-06T15:35:55.765+0000] {processor.py:175} INFO - Processing /home/airflow/.local/lib/python3.7/site-packages/airflow/example_dags/example_subdag_operator.py took 0.073 seconds
[2025-10-06T15:36:26.244+0000] {processor.py:153} INFO - Started process (PID=326) to work on /home/airflow/.local/lib/python3.7/site-packages/airflow/example_dags/example_subdag_operator.py
[2025-10-06T15:36:26.244+0000] {processor.py:743} INFO - Processing file /home/airflow/.local/lib/python3.7/site-packages/airflow/example_dags/example_subdag_operator.py for tasks to queue
[2025-10-06T15:36:26.244+0000] {logging_mixin.py:137} INFO - [2025-10-06T15:36:26.244+0000] {dagbag.py:538} INFO - Filling up the DagBag from /home/airflow/.local/lib/python3.7/site-packages/airflow/example_dags/example_subdag_operator.py
[2025-10-06T15:36:26.258+0000] {processor.py:753} INFO - DAG(s) dict_keys(['example_subdag_operator.section-1', 'example_subdag_operator.section-2', 'example_subdag_operator']) retrieved from /home/airflow/.local/lib/python3.7/site-packages/airflow/example_dags/example_subdag_operator.py
[2025-10-06T15:36:26.269+0000] {logging_mixin.py:137} INFO - [2025-10-06T15:36:26.269+0000] {dag.py:2690} INFO - Sync 3 DAGs
[2025-10-06T15:36:26.282+0000] {logging_mixin.py:137} INFO - [2025-10-06T15:36:26.282+0000] {dag.py:3441} INFO - Setting next_dagrun for example_subdag_operator to 2022-01-01T00:00:00+00:00, run_after=2022-01-01T00:00:00+00:00
[2025-10-06T15:36:26.284+0000] {logging_mixin.py:137} INFO - [2025-10-06T15:36:26.284+0000] {dag.py:3441} INFO - Setting next_dagrun for example_subdag_operator.section-1 to None, run_after=None
[2025-10-06T15:36:26.284+0000] {logging_mixin.py:137} INFO - [2025-10-06T15:36:26.284+0000] {dag.py:3441} INFO - Setting next_dagrun for example_subdag_operator.section-2 to None, run_after=None
[2025-10-06T15:36:26.288+0000] {logging_mixin.py:137} INFO - [2025-10-06T15:36:26.288+0000] {dag.py:2690} INFO - Sync 2 DAGs
[2025-10-06T15:36:26.291+0000] {logging_mixin.py:137} INFO - [2025-10-06T15:36:26.291+0000] {dag.py:3441} INFO - Setting next_dagrun for example_subdag_operator.section-1 to None, run_after=None
[2025-10-06T15:36:26.291+0000] {logging_mixin.py:137} INFO - [2025-10-06T15:36:26.291+0000] {dag.py:3441} INFO - Setting next_dagrun for example_subdag_operator.section-2 to None, run_after=None
[2025-10-06T15:36:26.297+0000] {processor.py:175} INFO - Processing /home/airflow/.local/lib/python3.7/site-packages/airflow/example_dags/example_subdag_operator.py took 0.055 seconds
[2025-10-06T15:36:56.701+0000] {processor.py:153} INFO - Started process (PID=425) to work on /home/airflow/.local/lib/python3.7/site-packages/airflow/example_dags/example_subdag_operator.py
[2025-10-06T15:36:56.701+0000] {processor.py:743} INFO - Processing file /home/airflow/.local/lib/python3.7/site-packages/airflow/example_dags/example_subdag_operator.py for tasks to queue
[2025-10-06T15:36:56.702+0000] {logging_mixin.py:137} INFO - [2025-10-06T15:36:56.702+0000] {dagbag.py:538} INFO - Filling up the DagBag from /home/airflow/.local/lib/python3.7/site-packages/airflow/example_dags/example_subdag_operator.py
[2025-10-06T15:36:56.716+0000] {processor.py:753} INFO - DAG(s) dict_keys(['example_subdag_operator.section-1', 'example_subdag_operator.section-2', 'example_subdag_operator']) retrieved from /home/airflow/.local/lib/python3.7/site-packages/airflow/example_dags/example_subdag_operator.py
[2025-10-06T15:36:56.723+0000] {logging_mixin.py:137} INFO - [2025-10-06T15:36:56.723+0000] {dag.py:2690} INFO - Sync 3 DAGs
[2025-10-06T15:36:56.733+0000] {logging_mixin.py:137} INFO - [2025-10-06T15:36:56.732+0000] {dag.py:3441} INFO - Setting next_dagrun for example_subdag_operator to 2022-01-01T00:00:00+00:00, run_after=2022-01-01T00:00:00+00:00
[2025-10-06T15:36:56.734+0000] {logging_mixin.py:137} INFO - [2025-10-06T15:36:56.734+0000] {dag.py:3441} INFO - Setting next_dagrun for example_subdag_operator.section-1 to None, run_after=None
[2025-10-06T15:36:56.734+0000] {logging_mixin.py:137} INFO - [2025-10-06T15:36:56.734+0000] {dag.py:3441} INFO - Setting next_dagrun for example_subdag_operator.section-2 to None, run_after=None
[2025-10-06T15:36:56.737+0000] {logging_mixin.py:137} INFO - [2025-10-06T15:36:56.737+0000] {dag.py:2690} INFO - Sync 2 DAGs
[2025-10-06T15:36:56.740+0000] {logging_mixin.py:137} INFO - [2025-10-06T15:36:56.740+0000] {dag.py:3441} INFO - Setting next_dagrun for example_subdag_operator.section-1 to None, run_after=None
[2025-10-06T15:36:56.740+0000] {logging_mixin.py:137} INFO - [2025-10-06T15:36:56.740+0000] {dag.py:3441} INFO - Setting next_dagrun for example_subdag_operator.section-2 to None, run_after=None
[2025-10-06T15:36:56.747+0000] {processor.py:175} INFO - Processing /home/airflow/.local/lib/python3.7/site-packages/airflow/example_dags/example_subdag_operator.py took 0.047 seconds
[2025-10-06T15:37:27.105+0000] {processor.py:153} INFO - Started process (PID=524) to work on /home/airflow/.local/lib/python3.7/site-packages/airflow/example_dags/example_subdag_operator.py
[2025-10-06T15:37:27.106+0000] {processor.py:743} INFO - Processing file /home/airflow/.local/lib/python3.7/site-packages/airflow/example_dags/example_subdag_operator.py for tasks to queue
[2025-10-06T15:37:27.107+0000] {logging_mixin.py:137} INFO - [2025-10-06T15:37:27.107+0000] {dagbag.py:538} INFO - Filling up the DagBag from /home/airflow/.local/lib/python3.7/site-packages/airflow/example_dags/example_subdag_operator.py
[2025-10-06T15:37:27.124+0000] {processor.py:753} INFO - DAG(s) dict_keys(['example_subdag_operator.section-1', 'example_subdag_operator.section-2', 'example_subdag_operator']) retrieved from /home/airflow/.local/lib/python3.7/site-packages/airflow/example_dags/example_subdag_operator.py
[2025-10-06T15:37:27.133+0000] {logging_mixin.py:137} INFO - [2025-10-06T15:37:27.133+0000] {dag.py:2690} INFO - Sync 3 DAGs
[2025-10-06T15:37:27.146+0000] {logging_mixin.py:137} INFO - [2025-10-06T15:37:27.146+0000] {dag.py:3441} INFO - Setting next_dagrun for example_subdag_operator to 2022-01-01T00:00:00+00:00, run_after=2022-01-01T00:00:00+00:00
[2025-10-06T15:37:27.149+0000] {logging_mixin.py:137} INFO - [2025-10-06T15:37:27.149+0000] {dag.py:3441} INFO - Setting next_dagrun for example_subdag_operator.section-1 to None, run_after=None
[2025-10-06T15:37:27.150+0000] {logging_mixin.py:137} INFO - [2025-10-06T15:37:27.150+0000] {dag.py:3441} INFO - Setting next_dagrun for example_subdag_operator.section-2 to None, run_after=None
[2025-10-06T15:37:27.154+0000] {logging_mixin.py:137} INFO - [2025-10-06T15:37:27.154+0000] {dag.py:2690} INFO - Sync 2 DAGs
[2025-10-06T15:37:27.157+0000] {logging_mixin.py:137} INFO - [2025-10-06T15:37:27.157+0000] {dag.py:3441} INFO - Setting next_dagrun for example_subdag_operator.section-1 to None, run_after=None
[2025-10-06T15:37:27.161+0000] {logging_mixin.py:137} INFO - [2025-10-06T15:37:27.161+0000] {dag.py:3441} INFO - Setting next_dagrun for example_subdag_operator.section-2 to None, run_after=None
[2025-10-06T15:37:27.166+0000] {processor.py:175} INFO - Processing /home/airflow/.local/lib/python3.7/site-packages/airflow/example_dags/example_subdag_operator.py took 0.062 seconds
[2025-10-06T15:37:57.454+0000] {processor.py:153} INFO - Started process (PID=623) to work on /home/airflow/.local/lib/python3.7/site-packages/airflow/example_dags/example_subdag_operator.py
[2025-10-06T15:37:57.456+0000] {processor.py:743} INFO - Processing file /home/airflow/.local/lib/python3.7/site-packages/airflow/example_dags/example_subdag_operator.py for tasks to queue
[2025-10-06T15:37:57.457+0000] {logging_mixin.py:137} INFO - [2025-10-06T15:37:57.457+0000] {dagbag.py:538} INFO - Filling up the DagBag from /home/airflow/.local/lib/python3.7/site-packages/airflow/example_dags/example_subdag_operator.py
[2025-10-06T15:37:57.474+0000] {processor.py:753} INFO - DAG(s) dict_keys(['example_subdag_operator.section-1', 'example_subdag_operator.section-2', 'example_subdag_operator']) retrieved from /home/airflow/.local/lib/python3.7/site-packages/airflow/example_dags/example_subdag_operator.py
[2025-10-06T15:37:57.483+0000] {logging_mixin.py:137} INFO - [2025-10-06T15:37:57.483+0000] {dag.py:2690} INFO - Sync 3 DAGs
[2025-10-06T15:37:57.498+0000] {logging_mixin.py:137} INFO - [2025-10-06T15:37:57.498+0000] {dag.py:3441} INFO - Setting next_dagrun for example_subdag_operator to 2022-01-01T00:00:00+00:00, run_after=2022-01-01T00:00:00+00:00
[2025-10-06T15:37:57.500+0000] {logging_mixin.py:137} INFO - [2025-10-06T15:37:57.500+0000] {dag.py:3441} INFO - Setting next_dagrun for example_subdag_operator.section-1 to None, run_after=None
[2025-10-06T15:37:57.501+0000] {logging_mixin.py:137} INFO - [2025-10-06T15:37:57.501+0000] {dag.py:3441} INFO - Setting next_dagrun for example_subdag_operator.section-2 to None, run_after=None
[2025-10-06T15:37:57.505+0000] {logging_mixin.py:137} INFO - [2025-10-06T15:37:57.505+0000] {dag.py:2690} INFO - Sync 2 DAGs
[2025-10-06T15:37:57.509+0000] {logging_mixin.py:137} INFO - [2025-10-06T15:37:57.509+0000] {dag.py:3441} INFO - Setting next_dagrun for example_subdag_operator.section-1 to None, run_after=None
[2025-10-06T15:37:57.509+0000] {logging_mixin.py:137} INFO - [2025-10-06T15:37:57.509+0000] {dag.py:3441} INFO - Setting next_dagrun for example_subdag_operator.section-2 to None, run_after=None
[2025-10-06T15:37:57.517+0000] {processor.py:175} INFO - Processing /home/airflow/.local/lib/python3.7/site-packages/airflow/example_dags/example_subdag_operator.py took 0.065 seconds
[2025-10-06T15:38:27.913+0000] {processor.py:153} INFO - Started process (PID=702) to work on /home/airflow/.local/lib/python3.7/site-packages/airflow/example_dags/example_subdag_operator.py
[2025-10-06T15:38:27.913+0000] {processor.py:743} INFO - Processing file /home/airflow/.local/lib/python3.7/site-packages/airflow/example_dags/example_subdag_operator.py for tasks to queue
[2025-10-06T15:38:27.914+0000] {logging_mixin.py:137} INFO - [2025-10-06T15:38:27.914+0000] {dagbag.py:538} INFO - Filling up the DagBag from /home/airflow/.local/lib/python3.7/site-packages/airflow/example_dags/example_subdag_operator.py
[2025-10-06T15:38:27.927+0000] {processor.py:753} INFO - DAG(s) dict_keys(['example_subdag_operator.section-1', 'example_subdag_operator.section-2', 'example_subdag_operator']) retrieved from /home/airflow/.local/lib/python3.7/site-packages/airflow/example_dags/example_subdag_operator.py
[2025-10-06T15:38:27.936+0000] {logging_mixin.py:137} INFO - [2025-10-06T15:38:27.936+0000] {dag.py:2690} INFO - Sync 3 DAGs
[2025-10-06T15:38:27.947+0000] {logging_mixin.py:137} INFO - [2025-10-06T15:38:27.947+0000] {dag.py:3441} INFO - Setting next_dagrun for example_subdag_operator to 2022-01-01T00:00:00+00:00, run_after=2022-01-01T00:00:00+00:00
[2025-10-06T15:38:27.949+0000] {logging_mixin.py:137} INFO - [2025-10-06T15:38:27.949+0000] {dag.py:3441} INFO - Setting next_dagrun for example_subdag_operator.section-1 to None, run_after=None
[2025-10-06T15:38:27.950+0000] {logging_mixin.py:137} INFO - [2025-10-06T15:38:27.950+0000] {dag.py:3441} INFO - Setting next_dagrun for example_subdag_operator.section-2 to None, run_after=None
[2025-10-06T15:38:27.954+0000] {logging_mixin.py:137} INFO - [2025-10-06T15:38:27.954+0000] {dag.py:2690} INFO - Sync 2 DAGs
[2025-10-06T15:38:27.958+0000] {logging_mixin.py:137} INFO - [2025-10-06T15:38:27.958+0000] {dag.py:3441} INFO - Setting next_dagrun for example_subdag_operator.section-1 to None, run_after=None
[2025-10-06T15:38:27.959+0000] {logging_mixin.py:137} INFO - [2025-10-06T15:38:27.959+0000] {dag.py:3441} INFO - Setting next_dagrun for example_subdag_operator.section-2 to None, run_after=None
[2025-10-06T15:38:27.965+0000] {processor.py:175} INFO - Processing /home/airflow/.local/lib/python3.7/site-packages/airflow/example_dags/example_subdag_operator.py took 0.053 seconds
[2025-10-06T15:38:58.319+0000] {processor.py:153} INFO - Started process (PID=801) to work on /home/airflow/.local/lib/python3.7/site-packages/airflow/example_dags/example_subdag_operator.py
[2025-10-06T15:38:58.320+0000] {processor.py:743} INFO - Processing file /home/airflow/.local/lib/python3.7/site-packages/airflow/example_dags/example_subdag_operator.py for tasks to queue
[2025-10-06T15:38:58.321+0000] {logging_mixin.py:137} INFO - [2025-10-06T15:38:58.321+0000] {dagbag.py:538} INFO - Filling up the DagBag from /home/airflow/.local/lib/python3.7/site-packages/airflow/example_dags/example_subdag_operator.py
[2025-10-06T15:38:58.335+0000] {processor.py:753} INFO - DAG(s) dict_keys(['example_subdag_operator.section-1', 'example_subdag_operator.section-2', 'example_subdag_operator']) retrieved from /home/airflow/.local/lib/python3.7/site-packages/airflow/example_dags/example_subdag_operator.py
[2025-10-06T15:38:58.344+0000] {logging_mixin.py:137} INFO - [2025-10-06T15:38:58.344+0000] {dag.py:2690} INFO - Sync 3 DAGs
[2025-10-06T15:38:58.354+0000] {logging_mixin.py:137} INFO - [2025-10-06T15:38:58.354+0000] {dag.py:3441} INFO - Setting next_dagrun for example_subdag_operator to 2022-01-01T00:00:00+00:00, run_after=2022-01-01T00:00:00+00:00
[2025-10-06T15:38:58.357+0000] {logging_mixin.py:137} INFO - [2025-10-06T15:38:58.357+0000] {dag.py:3441} INFO - Setting next_dagrun for example_subdag_operator.section-1 to None, run_after=None
[2025-10-06T15:38:58.358+0000] {logging_mixin.py:137} INFO - [2025-10-06T15:38:58.358+0000] {dag.py:3441} INFO - Setting next_dagrun for example_subdag_operator.section-2 to None, run_after=None
[2025-10-06T15:38:58.361+0000] {logging_mixin.py:137} INFO - [2025-10-06T15:38:58.361+0000] {dag.py:2690} INFO - Sync 2 DAGs
[2025-10-06T15:38:58.364+0000] {logging_mixin.py:137} INFO - [2025-10-06T15:38:58.364+0000] {dag.py:3441} INFO - Setting next_dagrun for example_subdag_operator.section-1 to None, run_after=None
[2025-10-06T15:38:58.364+0000] {logging_mixin.py:137} INFO - [2025-10-06T15:38:58.364+0000] {dag.py:3441} INFO - Setting next_dagrun for example_subdag_operator.section-2 to None, run_after=None
[2025-10-06T15:38:58.368+0000] {processor.py:175} INFO - Processing /home/airflow/.local/lib/python3.7/site-packages/airflow/example_dags/example_subdag_operator.py took 0.051 seconds
[2025-10-06T15:39:28.697+0000] {processor.py:153} INFO - Started process (PID=900) to work on /home/airflow/.local/lib/python3.7/site-packages/airflow/example_dags/example_subdag_operator.py
[2025-10-06T15:39:28.697+0000] {processor.py:743} INFO - Processing file /home/airflow/.local/lib/python3.7/site-packages/airflow/example_dags/example_subdag_operator.py for tasks to queue
[2025-10-06T15:39:28.698+0000] {logging_mixin.py:137} INFO - [2025-10-06T15:39:28.698+0000] {dagbag.py:538} INFO - Filling up the DagBag from /home/airflow/.local/lib/python3.7/site-packages/airflow/example_dags/example_subdag_operator.py
[2025-10-06T15:39:28.711+0000] {processor.py:753} INFO - DAG(s) dict_keys(['example_subdag_operator.section-1', 'example_subdag_operator.section-2', 'example_subdag_operator']) retrieved from /home/airflow/.local/lib/python3.7/site-packages/airflow/example_dags/example_subdag_operator.py
[2025-10-06T15:39:28.722+0000] {logging_mixin.py:137} INFO - [2025-10-06T15:39:28.722+0000] {dag.py:2690} INFO - Sync 3 DAGs
[2025-10-06T15:39:28.732+0000] {logging_mixin.py:137} INFO - [2025-10-06T15:39:28.732+0000] {dag.py:3441} INFO - Setting next_dagrun for example_subdag_operator to 2022-01-01T00:00:00+00:00, run_after=2022-01-01T00:00:00+00:00
[2025-10-06T15:39:28.734+0000] {logging_mixin.py:137} INFO - [2025-10-06T15:39:28.734+0000] {dag.py:3441} INFO - Setting next_dagrun for example_subdag_operator.section-1 to None, run_after=None
[2025-10-06T15:39:28.735+0000] {logging_mixin.py:137} INFO - [2025-10-06T15:39:28.735+0000] {dag.py:3441} INFO - Setting next_dagrun for example_subdag_operator.section-2 to None, run_after=None
[2025-10-06T15:39:28.738+0000] {logging_mixin.py:137} INFO - [2025-10-06T15:39:28.738+0000] {dag.py:2690} INFO - Sync 2 DAGs
[2025-10-06T15:39:28.742+0000] {logging_mixin.py:137} INFO - [2025-10-06T15:39:28.742+0000] {dag.py:3441} INFO - Setting next_dagrun for example_subdag_operator.section-1 to None, run_after=None
[2025-10-06T15:39:28.742+0000] {logging_mixin.py:137} INFO - [2025-10-06T15:39:28.742+0000] {dag.py:3441} INFO - Setting next_dagrun for example_subdag_operator.section-2 to None, run_after=None
[2025-10-06T15:39:28.746+0000] {processor.py:175} INFO - Processing /home/airflow/.local/lib/python3.7/site-packages/airflow/example_dags/example_subdag_operator.py took 0.051 seconds
[2025-10-06T15:39:59.129+0000] {processor.py:153} INFO - Started process (PID=999) to work on /home/airflow/.local/lib/python3.7/site-packages/airflow/example_dags/example_subdag_operator.py
[2025-10-06T15:39:59.130+0000] {processor.py:743} INFO - Processing file /home/airflow/.local/lib/python3.7/site-packages/airflow/example_dags/example_subdag_operator.py for tasks to queue
[2025-10-06T15:39:59.130+0000] {logging_mixin.py:137} INFO - [2025-10-06T15:39:59.130+0000] {dagbag.py:538} INFO - Filling up the DagBag from /home/airflow/.local/lib/python3.7/site-packages/airflow/example_dags/example_subdag_operator.py
[2025-10-06T15:39:59.142+0000] {processor.py:753} INFO - DAG(s) dict_keys(['example_subdag_operator.section-1', 'example_subdag_operator.section-2', 'example_subdag_operator']) retrieved from /home/airflow/.local/lib/python3.7/site-packages/airflow/example_dags/example_subdag_operator.py
[2025-10-06T15:39:59.151+0000] {logging_mixin.py:137} INFO - [2025-10-06T15:39:59.151+0000] {dag.py:2690} INFO - Sync 3 DAGs
[2025-10-06T15:39:59.161+0000] {logging_mixin.py:137} INFO - [2025-10-06T15:39:59.161+0000] {dag.py:3441} INFO - Setting next_dagrun for example_subdag_operator to 2022-01-01T00:00:00+00:00, run_after=2022-01-01T00:00:00+00:00
[2025-10-06T15:39:59.163+0000] {logging_mixin.py:137} INFO - [2025-10-06T15:39:59.163+0000] {dag.py:3441} INFO - Setting next_dagrun for example_subdag_operator.section-1 to None, run_after=None
[2025-10-06T15:39:59.164+0000] {logging_mixin.py:137} INFO - [2025-10-06T15:39:59.164+0000] {dag.py:3441} INFO - Setting next_dagrun for example_subdag_operator.section-2 to None, run_after=None
[2025-10-06T15:39:59.166+0000] {logging_mixin.py:137} INFO - [2025-10-06T15:39:59.166+0000] {dag.py:2690} INFO - Sync 2 DAGs
[2025-10-06T15:39:59.168+0000] {logging_mixin.py:137} INFO - [2025-10-06T15:39:59.168+0000] {dag.py:3441} INFO - Setting next_dagrun for example_subdag_operator.section-1 to None, run_after=None
[2025-10-06T15:39:59.169+0000] {logging_mixin.py:137} INFO - [2025-10-06T15:39:59.169+0000] {dag.py:3441} INFO - Setting next_dagrun for example_subdag_operator.section-2 to None, run_after=None
[2025-10-06T15:39:59.173+0000] {processor.py:175} INFO - Processing /home/airflow/.local/lib/python3.7/site-packages/airflow/example_dags/example_subdag_operator.py took 0.045 seconds
[2025-10-06T15:40:29.310+0000] {processor.py:153} INFO - Started process (PID=1078) to work on /home/airflow/.local/lib/python3.7/site-packages/airflow/example_dags/example_subdag_operator.py
[2025-10-06T15:40:29.311+0000] {processor.py:743} INFO - Processing file /home/airflow/.local/lib/python3.7/site-packages/airflow/example_dags/example_subdag_operator.py for tasks to queue
[2025-10-06T15:40:29.311+0000] {logging_mixin.py:137} INFO - [2025-10-06T15:40:29.311+0000] {dagbag.py:538} INFO - Filling up the DagBag from /home/airflow/.local/lib/python3.7/site-packages/airflow/example_dags/example_subdag_operator.py
[2025-10-06T15:40:29.324+0000] {processor.py:753} INFO - DAG(s) dict_keys(['example_subdag_operator.section-1', 'example_subdag_operator.section-2', 'example_subdag_operator']) retrieved from /home/airflow/.local/lib/python3.7/site-packages/airflow/example_dags/example_subdag_operator.py
[2025-10-06T15:40:29.332+0000] {logging_mixin.py:137} INFO - [2025-10-06T15:40:29.332+0000] {dag.py:2690} INFO - Sync 3 DAGs
[2025-10-06T15:40:29.342+0000] {logging_mixin.py:137} INFO - [2025-10-06T15:40:29.342+0000] {dag.py:3441} INFO - Setting next_dagrun for example_subdag_operator to 2022-01-01T00:00:00+00:00, run_after=2022-01-01T00:00:00+00:00
[2025-10-06T15:40:29.343+0000] {logging_mixin.py:137} INFO - [2025-10-06T15:40:29.343+0000] {dag.py:3441} INFO - Setting next_dagrun for example_subdag_operator.section-1 to None, run_after=None
[2025-10-06T15:40:29.344+0000] {logging_mixin.py:137} INFO - [2025-10-06T15:40:29.344+0000] {dag.py:3441} INFO - Setting next_dagrun for example_subdag_operator.section-2 to None, run_after=None
[2025-10-06T15:40:29.347+0000] {logging_mixin.py:137} INFO - [2025-10-06T15:40:29.347+0000] {dag.py:2690} INFO - Sync 2 DAGs
[2025-10-06T15:40:29.349+0000] {logging_mixin.py:137} INFO - [2025-10-06T15:40:29.349+0000] {dag.py:3441} INFO - Setting next_dagrun for example_subdag_operator.section-1 to None, run_after=None
[2025-10-06T15:40:29.349+0000] {logging_mixin.py:137} INFO - [2025-10-06T15:40:29.349+0000] {dag.py:3441} INFO - Setting next_dagrun for example_subdag_operator.section-2 to None, run_after=None
[2025-10-06T15:40:29.353+0000] {processor.py:175} INFO - Processing /home/airflow/.local/lib/python3.7/site-packages/airflow/example_dags/example_subdag_operator.py took 0.044 seconds
[2025-10-06T15:40:59.585+0000] {processor.py:153} INFO - Started process (PID=1177) to work on /home/airflow/.local/lib/python3.7/site-packages/airflow/example_dags/example_subdag_operator.py
[2025-10-06T15:40:59.585+0000] {processor.py:743} INFO - Processing file /home/airflow/.local/lib/python3.7/site-packages/airflow/example_dags/example_subdag_operator.py for tasks to queue
[2025-10-06T15:40:59.585+0000] {logging_mixin.py:137} INFO - [2025-10-06T15:40:59.585+0000] {dagbag.py:538} INFO - Filling up the DagBag from /home/airflow/.local/lib/python3.7/site-packages/airflow/example_dags/example_subdag_operator.py
[2025-10-06T15:40:59.599+0000] {processor.py:753} INFO - DAG(s) dict_keys(['example_subdag_operator.section-1', 'example_subdag_operator.section-2', 'example_subdag_operator']) retrieved from /home/airflow/.local/lib/python3.7/site-packages/airflow/example_dags/example_subdag_operator.py
[2025-10-06T15:40:59.606+0000] {logging_mixin.py:137} INFO - [2025-10-06T15:40:59.606+0000] {dag.py:2690} INFO - Sync 3 DAGs
[2025-10-06T15:40:59.616+0000] {logging_mixin.py:137} INFO - [2025-10-06T15:40:59.616+0000] {dag.py:3441} INFO - Setting next_dagrun for example_subdag_operator to 2022-01-01T00:00:00+00:00, run_after=2022-01-01T00:00:00+00:00
[2025-10-06T15:40:59.618+0000] {logging_mixin.py:137} INFO - [2025-10-06T15:40:59.618+0000] {dag.py:3441} INFO - Setting next_dagrun for example_subdag_operator.section-1 to None, run_after=None
[2025-10-06T15:40:59.618+0000] {logging_mixin.py:137} INFO - [2025-10-06T15:40:59.618+0000] {dag.py:3441} INFO - Setting next_dagrun for example_subdag_operator.section-2 to None, run_after=None
[2025-10-06T15:40:59.621+0000] {logging_mixin.py:137} INFO - [2025-10-06T15:40:59.621+0000] {dag.py:2690} INFO - Sync 2 DAGs
[2025-10-06T15:40:59.623+0000] {logging_mixin.py:137} INFO - [2025-10-06T15:40:59.623+0000] {dag.py:3441} INFO - Setting next_dagrun for example_subdag_operator.section-1 to None, run_after=None
[2025-10-06T15:40:59.623+0000] {logging_mixin.py:137} INFO - [2025-10-06T15:40:59.623+0000] {dag.py:3441} INFO - Setting next_dagrun for example_subdag_operator.section-2 to None, run_after=None
[2025-10-06T15:40:59.628+0000] {processor.py:175} INFO - Processing /home/airflow/.local/lib/python3.7/site-packages/airflow/example_dags/example_subdag_operator.py took 0.046 seconds
[2025-10-06T15:41:29.852+0000] {processor.py:153} INFO - Started process (PID=1276) to work on /home/airflow/.local/lib/python3.7/site-packages/airflow/example_dags/example_subdag_operator.py
[2025-10-06T15:41:29.852+0000] {processor.py:743} INFO - Processing file /home/airflow/.local/lib/python3.7/site-packages/airflow/example_dags/example_subdag_operator.py for tasks to queue
[2025-10-06T15:41:29.852+0000] {logging_mixin.py:137} INFO - [2025-10-06T15:41:29.852+0000] {dagbag.py:538} INFO - Filling up the DagBag from /home/airflow/.local/lib/python3.7/site-packages/airflow/example_dags/example_subdag_operator.py
[2025-10-06T15:41:29.865+0000] {processor.py:753} INFO - DAG(s) dict_keys(['example_subdag_operator.section-1', 'example_subdag_operator.section-2', 'example_subdag_operator']) retrieved from /home/airflow/.local/lib/python3.7/site-packages/airflow/example_dags/example_subdag_operator.py
[2025-10-06T15:41:29.873+0000] {logging_mixin.py:137} INFO - [2025-10-06T15:41:29.873+0000] {dag.py:2690} INFO - Sync 3 DAGs
[2025-10-06T15:41:29.884+0000] {logging_mixin.py:137} INFO - [2025-10-06T15:41:29.884+0000] {dag.py:3441} INFO - Setting next_dagrun for example_subdag_operator to 2022-01-01T00:00:00+00:00, run_after=2022-01-01T00:00:00+00:00
[2025-10-06T15:41:29.886+0000] {logging_mixin.py:137} INFO - [2025-10-06T15:41:29.886+0000] {dag.py:3441} INFO - Setting next_dagrun for example_subdag_operator.section-1 to None, run_after=None
[2025-10-06T15:41:29.887+0000] {logging_mixin.py:137} INFO - [2025-10-06T15:41:29.887+0000] {dag.py:3441} INFO - Setting next_dagrun for example_subdag_operator.section-2 to None, run_after=None
[2025-10-06T15:41:29.890+0000] {logging_mixin.py:137} INFO - [2025-10-06T15:41:29.890+0000] {dag.py:2690} INFO - Sync 2 DAGs
[2025-10-06T15:41:29.893+0000] {logging_mixin.py:137} INFO - [2025-10-06T15:41:29.893+0000] {dag.py:3441} INFO - Setting next_dagrun for example_subdag_operator.section-1 to None, run_after=None
[2025-10-06T15:41:29.893+0000] {logging_mixin.py:137} INFO - [2025-10-06T15:41:29.893+0000] {dag.py:3441} INFO - Setting next_dagrun for example_subdag_operator.section-2 to None, run_after=None
[2025-10-06T15:41:29.897+0000] {processor.py:175} INFO - Processing /home/airflow/.local/lib/python3.7/site-packages/airflow/example_dags/example_subdag_operator.py took 0.047 seconds
[2025-10-06T15:42:00.185+0000] {processor.py:153} INFO - Started process (PID=1375) to work on /home/airflow/.local/lib/python3.7/site-packages/airflow/example_dags/example_subdag_operator.py
[2025-10-06T15:42:00.185+0000] {processor.py:743} INFO - Processing file /home/airflow/.local/lib/python3.7/site-packages/airflow/example_dags/example_subdag_operator.py for tasks to queue
[2025-10-06T15:42:00.186+0000] {logging_mixin.py:137} INFO - [2025-10-06T15:42:00.186+0000] {dagbag.py:538} INFO - Filling up the DagBag from /home/airflow/.local/lib/python3.7/site-packages/airflow/example_dags/example_subdag_operator.py
[2025-10-06T15:42:00.203+0000] {processor.py:753} INFO - DAG(s) dict_keys(['example_subdag_operator.section-1', 'example_subdag_operator.section-2', 'example_subdag_operator']) retrieved from /home/airflow/.local/lib/python3.7/site-packages/airflow/example_dags/example_subdag_operator.py
[2025-10-06T15:42:00.212+0000] {logging_mixin.py:137} INFO - [2025-10-06T15:42:00.212+0000] {dag.py:2690} INFO - Sync 3 DAGs
[2025-10-06T15:42:00.225+0000] {logging_mixin.py:137} INFO - [2025-10-06T15:42:00.225+0000] {dag.py:3441} INFO - Setting next_dagrun for example_subdag_operator to 2022-01-01T00:00:00+00:00, run_after=2022-01-01T00:00:00+00:00
[2025-10-06T15:42:00.226+0000] {logging_mixin.py:137} INFO - [2025-10-06T15:42:00.226+0000] {dag.py:3441} INFO - Setting next_dagrun for example_subdag_operator.section-1 to None, run_after=None
[2025-10-06T15:42:00.227+0000] {logging_mixin.py:137} INFO - [2025-10-06T15:42:00.227+0000] {dag.py:3441} INFO - Setting next_dagrun for example_subdag_operator.section-2 to None, run_after=None
[2025-10-06T15:42:00.231+0000] {logging_mixin.py:137} INFO - [2025-10-06T15:42:00.231+0000] {dag.py:2690} INFO - Sync 2 DAGs
[2025-10-06T15:42:00.234+0000] {logging_mixin.py:137} INFO - [2025-10-06T15:42:00.233+0000] {dag.py:3441} INFO - Setting next_dagrun for example_subdag_operator.section-1 to None, run_after=None
[2025-10-06T15:42:00.234+0000] {logging_mixin.py:137} INFO - [2025-10-06T15:42:00.234+0000] {dag.py:3441} INFO - Setting next_dagrun for example_subdag_operator.section-2 to None, run_after=None
[2025-10-06T15:42:00.239+0000] {processor.py:175} INFO - Processing /home/airflow/.local/lib/python3.7/site-packages/airflow/example_dags/example_subdag_operator.py took 0.055 seconds
[2025-10-06T15:42:30.507+0000] {processor.py:153} INFO - Started process (PID=1454) to work on /home/airflow/.local/lib/python3.7/site-packages/airflow/example_dags/example_subdag_operator.py
[2025-10-06T15:42:30.507+0000] {processor.py:743} INFO - Processing file /home/airflow/.local/lib/python3.7/site-packages/airflow/example_dags/example_subdag_operator.py for tasks to queue
[2025-10-06T15:42:30.507+0000] {logging_mixin.py:137} INFO - [2025-10-06T15:42:30.507+0000] {dagbag.py:538} INFO - Filling up the DagBag from /home/airflow/.local/lib/python3.7/site-packages/airflow/example_dags/example_subdag_operator.py
[2025-10-06T15:42:30.521+0000] {processor.py:753} INFO - DAG(s) dict_keys(['example_subdag_operator.section-1', 'example_subdag_operator.section-2', 'example_subdag_operator']) retrieved from /home/airflow/.local/lib/python3.7/site-packages/airflow/example_dags/example_subdag_operator.py
[2025-10-06T15:42:30.529+0000] {logging_mixin.py:137} INFO - [2025-10-06T15:42:30.528+0000] {dag.py:2690} INFO - Sync 3 DAGs
[2025-10-06T15:42:30.539+0000] {logging_mixin.py:137} INFO - [2025-10-06T15:42:30.539+0000] {dag.py:3441} INFO - Setting next_dagrun for example_subdag_operator to 2022-01-01T00:00:00+00:00, run_after=2022-01-01T00:00:00+00:00
[2025-10-06T15:42:30.541+0000] {logging_mixin.py:137} INFO - [2025-10-06T15:42:30.541+0000] {dag.py:3441} INFO - Setting next_dagrun for example_subdag_operator.section-1 to None, run_after=None
[2025-10-06T15:42:30.542+0000] {logging_mixin.py:137} INFO - [2025-10-06T15:42:30.542+0000] {dag.py:3441} INFO - Setting next_dagrun for example_subdag_operator.section-2 to None, run_after=None
[2025-10-06T15:42:30.546+0000] {logging_mixin.py:137} INFO - [2025-10-06T15:42:30.546+0000] {dag.py:2690} INFO - Sync 2 DAGs
[2025-10-06T15:42:30.548+0000] {logging_mixin.py:137} INFO - [2025-10-06T15:42:30.548+0000] {dag.py:3441} INFO - Setting next_dagrun for example_subdag_operator.section-1 to None, run_after=None
[2025-10-06T15:42:30.548+0000] {logging_mixin.py:137} INFO - [2025-10-06T15:42:30.548+0000] {dag.py:3441} INFO - Setting next_dagrun for example_subdag_operator.section-2 to None, run_after=None
[2025-10-06T15:42:30.552+0000] {processor.py:175} INFO - Processing /home/airflow/.local/lib/python3.7/site-packages/airflow/example_dags/example_subdag_operator.py took 0.047 seconds
[2025-10-06T15:43:00.739+0000] {processor.py:153} INFO - Started process (PID=1554) to work on /home/airflow/.local/lib/python3.7/site-packages/airflow/example_dags/example_subdag_operator.py
[2025-10-06T15:43:00.740+0000] {processor.py:743} INFO - Processing file /home/airflow/.local/lib/python3.7/site-packages/airflow/example_dags/example_subdag_operator.py for tasks to queue
[2025-10-06T15:43:00.740+0000] {logging_mixin.py:137} INFO - [2025-10-06T15:43:00.740+0000] {dagbag.py:538} INFO - Filling up the DagBag from /home/airflow/.local/lib/python3.7/site-packages/airflow/example_dags/example_subdag_operator.py
[2025-10-06T15:43:00.753+0000] {processor.py:753} INFO - DAG(s) dict_keys(['example_subdag_operator.section-1', 'example_subdag_operator.section-2', 'example_subdag_operator']) retrieved from /home/airflow/.local/lib/python3.7/site-packages/airflow/example_dags/example_subdag_operator.py
[2025-10-06T15:43:00.761+0000] {logging_mixin.py:137} INFO - [2025-10-06T15:43:00.761+0000] {dag.py:2690} INFO - Sync 3 DAGs
[2025-10-06T15:43:00.772+0000] {logging_mixin.py:137} INFO - [2025-10-06T15:43:00.772+0000] {dag.py:3441} INFO - Setting next_dagrun for example_subdag_operator to 2022-01-01T00:00:00+00:00, run_after=2022-01-01T00:00:00+00:00
[2025-10-06T15:43:00.774+0000] {logging_mixin.py:137} INFO - [2025-10-06T15:43:00.774+0000] {dag.py:3441} INFO - Setting next_dagrun for example_subdag_operator.section-1 to None, run_after=None
[2025-10-06T15:43:00.775+0000] {logging_mixin.py:137} INFO - [2025-10-06T15:43:00.775+0000] {dag.py:3441} INFO - Setting next_dagrun for example_subdag_operator.section-2 to None, run_after=None
[2025-10-06T15:43:00.778+0000] {logging_mixin.py:137} INFO - [2025-10-06T15:43:00.778+0000] {dag.py:2690} INFO - Sync 2 DAGs
[2025-10-06T15:43:00.781+0000] {logging_mixin.py:137} INFO - [2025-10-06T15:43:00.781+0000] {dag.py:3441} INFO - Setting next_dagrun for example_subdag_operator.section-1 to None, run_after=None
[2025-10-06T15:43:00.781+0000] {logging_mixin.py:137} INFO - [2025-10-06T15:43:00.781+0000] {dag.py:3441} INFO - Setting next_dagrun for example_subdag_operator.section-2 to None, run_after=None
[2025-10-06T15:43:00.785+0000] {processor.py:175} INFO - Processing /home/airflow/.local/lib/python3.7/site-packages/airflow/example_dags/example_subdag_operator.py took 0.047 seconds
[2025-10-06T15:43:30.974+0000] {processor.py:153} INFO - Started process (PID=1653) to work on /home/airflow/.local/lib/python3.7/site-packages/airflow/example_dags/example_subdag_operator.py
[2025-10-06T15:43:30.974+0000] {processor.py:743} INFO - Processing file /home/airflow/.local/lib/python3.7/site-packages/airflow/example_dags/example_subdag_operator.py for tasks to queue
[2025-10-06T15:43:30.975+0000] {logging_mixin.py:137} INFO - [2025-10-06T15:43:30.975+0000] {dagbag.py:538} INFO - Filling up the DagBag from /home/airflow/.local/lib/python3.7/site-packages/airflow/example_dags/example_subdag_operator.py
[2025-10-06T15:43:30.989+0000] {processor.py:753} INFO - DAG(s) dict_keys(['example_subdag_operator.section-1', 'example_subdag_operator.section-2', 'example_subdag_operator']) retrieved from /home/airflow/.local/lib/python3.7/site-packages/airflow/example_dags/example_subdag_operator.py
[2025-10-06T15:43:30.999+0000] {logging_mixin.py:137} INFO - [2025-10-06T15:43:30.999+0000] {dag.py:2690} INFO - Sync 3 DAGs
[2025-10-06T15:43:31.010+0000] {logging_mixin.py:137} INFO - [2025-10-06T15:43:31.010+0000] {dag.py:3441} INFO - Setting next_dagrun for example_subdag_operator to 2022-01-01T00:00:00+00:00, run_after=2022-01-01T00:00:00+00:00
[2025-10-06T15:43:31.012+0000] {logging_mixin.py:137} INFO - [2025-10-06T15:43:31.012+0000] {dag.py:3441} INFO - Setting next_dagrun for example_subdag_operator.section-1 to None, run_after=None
[2025-10-06T15:43:31.014+0000] {logging_mixin.py:137} INFO - [2025-10-06T15:43:31.014+0000] {dag.py:3441} INFO - Setting next_dagrun for example_subdag_operator.section-2 to None, run_after=None
[2025-10-06T15:43:31.019+0000] {logging_mixin.py:137} INFO - [2025-10-06T15:43:31.018+0000] {dag.py:2690} INFO - Sync 2 DAGs
[2025-10-06T15:43:31.021+0000] {logging_mixin.py:137} INFO - [2025-10-06T15:43:31.021+0000] {dag.py:3441} INFO - Setting next_dagrun for example_subdag_operator.section-1 to None, run_after=None
[2025-10-06T15:43:31.021+0000] {logging_mixin.py:137} INFO - [2025-10-06T15:43:31.021+0000] {dag.py:3441} INFO - Setting next_dagrun for example_subdag_operator.section-2 to None, run_after=None
[2025-10-06T15:43:31.025+0000] {processor.py:175} INFO - Processing /home/airflow/.local/lib/python3.7/site-packages/airflow/example_dags/example_subdag_operator.py took 0.053 seconds
[2025-10-06T15:44:01.384+0000] {processor.py:153} INFO - Started process (PID=1752) to work on /home/airflow/.local/lib/python3.7/site-packages/airflow/example_dags/example_subdag_operator.py
[2025-10-06T15:44:01.385+0000] {processor.py:743} INFO - Processing file /home/airflow/.local/lib/python3.7/site-packages/airflow/example_dags/example_subdag_operator.py for tasks to queue
[2025-10-06T15:44:01.385+0000] {logging_mixin.py:137} INFO - [2025-10-06T15:44:01.385+0000] {dagbag.py:538} INFO - Filling up the DagBag from /home/airflow/.local/lib/python3.7/site-packages/airflow/example_dags/example_subdag_operator.py
[2025-10-06T15:44:01.399+0000] {processor.py:753} INFO - DAG(s) dict_keys(['example_subdag_operator.section-1', 'example_subdag_operator.section-2', 'example_subdag_operator']) retrieved from /home/airflow/.local/lib/python3.7/site-packages/airflow/example_dags/example_subdag_operator.py
[2025-10-06T15:44:01.407+0000] {logging_mixin.py:137} INFO - [2025-10-06T15:44:01.407+0000] {dag.py:2690} INFO - Sync 3 DAGs
[2025-10-06T15:44:01.418+0000] {logging_mixin.py:137} INFO - [2025-10-06T15:44:01.418+0000] {dag.py:3441} INFO - Setting next_dagrun for example_subdag_operator to 2022-01-01T00:00:00+00:00, run_after=2022-01-01T00:00:00+00:00
[2025-10-06T15:44:01.419+0000] {logging_mixin.py:137} INFO - [2025-10-06T15:44:01.419+0000] {dag.py:3441} INFO - Setting next_dagrun for example_subdag_operator.section-1 to None, run_after=None
[2025-10-06T15:44:01.420+0000] {logging_mixin.py:137} INFO - [2025-10-06T15:44:01.420+0000] {dag.py:3441} INFO - Setting next_dagrun for example_subdag_operator.section-2 to None, run_after=None
[2025-10-06T15:44:01.423+0000] {logging_mixin.py:137} INFO - [2025-10-06T15:44:01.423+0000] {dag.py:2690} INFO - Sync 2 DAGs
[2025-10-06T15:44:01.425+0000] {logging_mixin.py:137} INFO - [2025-10-06T15:44:01.425+0000] {dag.py:3441} INFO - Setting next_dagrun for example_subdag_operator.section-1 to None, run_after=None
[2025-10-06T15:44:01.425+0000] {logging_mixin.py:137} INFO - [2025-10-06T15:44:01.425+0000] {dag.py:3441} INFO - Setting next_dagrun for example_subdag_operator.section-2 to None, run_after=None
[2025-10-06T15:44:01.430+0000] {processor.py:175} INFO - Processing /home/airflow/.local/lib/python3.7/site-packages/airflow/example_dags/example_subdag_operator.py took 0.048 seconds
[2025-10-06T15:44:31.828+0000] {processor.py:153} INFO - Started process (PID=1831) to work on /home/airflow/.local/lib/python3.7/site-packages/airflow/example_dags/example_subdag_operator.py
[2025-10-06T15:44:31.828+0000] {processor.py:743} INFO - Processing file /home/airflow/.local/lib/python3.7/site-packages/airflow/example_dags/example_subdag_operator.py for tasks to queue
[2025-10-06T15:44:31.828+0000] {logging_mixin.py:137} INFO - [2025-10-06T15:44:31.828+0000] {dagbag.py:538} INFO - Filling up the DagBag from /home/airflow/.local/lib/python3.7/site-packages/airflow/example_dags/example_subdag_operator.py
[2025-10-06T15:44:31.842+0000] {processor.py:753} INFO - DAG(s) dict_keys(['example_subdag_operator.section-1', 'example_subdag_operator.section-2', 'example_subdag_operator']) retrieved from /home/airflow/.local/lib/python3.7/site-packages/airflow/example_dags/example_subdag_operator.py
[2025-10-06T15:44:31.850+0000] {logging_mixin.py:137} INFO - [2025-10-06T15:44:31.849+0000] {dag.py:2690} INFO - Sync 3 DAGs
[2025-10-06T15:44:31.860+0000] {logging_mixin.py:137} INFO - [2025-10-06T15:44:31.860+0000] {dag.py:3441} INFO - Setting next_dagrun for example_subdag_operator to 2022-01-01T00:00:00+00:00, run_after=2022-01-01T00:00:00+00:00
[2025-10-06T15:44:31.862+0000] {logging_mixin.py:137} INFO - [2025-10-06T15:44:31.862+0000] {dag.py:3441} INFO - Setting next_dagrun for example_subdag_operator.section-1 to None, run_after=None
[2025-10-06T15:44:31.863+0000] {logging_mixin.py:137} INFO - [2025-10-06T15:44:31.863+0000] {dag.py:3441} INFO - Setting next_dagrun for example_subdag_operator.section-2 to None, run_after=None
[2025-10-06T15:44:31.866+0000] {logging_mixin.py:137} INFO - [2025-10-06T15:44:31.866+0000] {dag.py:2690} INFO - Sync 2 DAGs
[2025-10-06T15:44:31.868+0000] {logging_mixin.py:137} INFO - [2025-10-06T15:44:31.868+0000] {dag.py:3441} INFO - Setting next_dagrun for example_subdag_operator.section-1 to None, run_after=None
[2025-10-06T15:44:31.870+0000] {logging_mixin.py:137} INFO - [2025-10-06T15:44:31.870+0000] {dag.py:3441} INFO - Setting next_dagrun for example_subdag_operator.section-2 to None, run_after=None
[2025-10-06T15:44:31.874+0000] {processor.py:175} INFO - Processing /home/airflow/.local/lib/python3.7/site-packages/airflow/example_dags/example_subdag_operator.py took 0.048 seconds
[2025-10-06T15:45:02.171+0000] {processor.py:153} INFO - Started process (PID=1930) to work on /home/airflow/.local/lib/python3.7/site-packages/airflow/example_dags/example_subdag_operator.py
[2025-10-06T15:45:02.172+0000] {processor.py:743} INFO - Processing file /home/airflow/.local/lib/python3.7/site-packages/airflow/example_dags/example_subdag_operator.py for tasks to queue
[2025-10-06T15:45:02.172+0000] {logging_mixin.py:137} INFO - [2025-10-06T15:45:02.172+0000] {dagbag.py:538} INFO - Filling up the DagBag from /home/airflow/.local/lib/python3.7/site-packages/airflow/example_dags/example_subdag_operator.py
[2025-10-06T15:45:02.190+0000] {processor.py:753} INFO - DAG(s) dict_keys(['example_subdag_operator.section-1', 'example_subdag_operator.section-2', 'example_subdag_operator']) retrieved from /home/airflow/.local/lib/python3.7/site-packages/airflow/example_dags/example_subdag_operator.py
[2025-10-06T15:45:02.200+0000] {logging_mixin.py:137} INFO - [2025-10-06T15:45:02.200+0000] {dag.py:2690} INFO - Sync 3 DAGs
[2025-10-06T15:45:02.214+0000] {logging_mixin.py:137} INFO - [2025-10-06T15:45:02.214+0000] {dag.py:3441} INFO - Setting next_dagrun for example_subdag_operator to 2022-01-01T00:00:00+00:00, run_after=2022-01-01T00:00:00+00:00
[2025-10-06T15:45:02.215+0000] {logging_mixin.py:137} INFO - [2025-10-06T15:45:02.215+0000] {dag.py:3441} INFO - Setting next_dagrun for example_subdag_operator.section-1 to None, run_after=None
[2025-10-06T15:45:02.216+0000] {logging_mixin.py:137} INFO - [2025-10-06T15:45:02.216+0000] {dag.py:3441} INFO - Setting next_dagrun for example_subdag_operator.section-2 to None, run_after=None
[2025-10-06T15:45:02.219+0000] {logging_mixin.py:137} INFO - [2025-10-06T15:45:02.218+0000] {dag.py:2690} INFO - Sync 2 DAGs
[2025-10-06T15:45:02.221+0000] {logging_mixin.py:137} INFO - [2025-10-06T15:45:02.221+0000] {dag.py:3441} INFO - Setting next_dagrun for example_subdag_operator.section-1 to None, run_after=None
[2025-10-06T15:45:02.221+0000] {logging_mixin.py:137} INFO - [2025-10-06T15:45:02.221+0000] {dag.py:3441} INFO - Setting next_dagrun for example_subdag_operator.section-2 to None, run_after=None
[2025-10-06T15:45:02.229+0000] {processor.py:175} INFO - Processing /home/airflow/.local/lib/python3.7/site-packages/airflow/example_dags/example_subdag_operator.py took 0.060 seconds
[2025-10-06T15:45:32.484+0000] {processor.py:153} INFO - Started process (PID=2029) to work on /home/airflow/.local/lib/python3.7/site-packages/airflow/example_dags/example_subdag_operator.py
[2025-10-06T15:45:32.485+0000] {processor.py:743} INFO - Processing file /home/airflow/.local/lib/python3.7/site-packages/airflow/example_dags/example_subdag_operator.py for tasks to queue
[2025-10-06T15:45:32.486+0000] {logging_mixin.py:137} INFO - [2025-10-06T15:45:32.485+0000] {dagbag.py:538} INFO - Filling up the DagBag from /home/airflow/.local/lib/python3.7/site-packages/airflow/example_dags/example_subdag_operator.py
[2025-10-06T15:45:32.501+0000] {processor.py:753} INFO - DAG(s) dict_keys(['example_subdag_operator.section-1', 'example_subdag_operator.section-2', 'example_subdag_operator']) retrieved from /home/airflow/.local/lib/python3.7/site-packages/airflow/example_dags/example_subdag_operator.py
[2025-10-06T15:45:32.509+0000] {logging_mixin.py:137} INFO - [2025-10-06T15:45:32.509+0000] {dag.py:2690} INFO - Sync 3 DAGs
[2025-10-06T15:45:32.519+0000] {logging_mixin.py:137} INFO - [2025-10-06T15:45:32.519+0000] {dag.py:3441} INFO - Setting next_dagrun for example_subdag_operator to 2022-01-01T00:00:00+00:00, run_after=2022-01-01T00:00:00+00:00
[2025-10-06T15:45:32.524+0000] {logging_mixin.py:137} INFO - [2025-10-06T15:45:32.524+0000] {dag.py:3441} INFO - Setting next_dagrun for example_subdag_operator.section-1 to None, run_after=None
[2025-10-06T15:45:32.525+0000] {logging_mixin.py:137} INFO - [2025-10-06T15:45:32.525+0000] {dag.py:3441} INFO - Setting next_dagrun for example_subdag_operator.section-2 to None, run_after=None
[2025-10-06T15:45:32.528+0000] {logging_mixin.py:137} INFO - [2025-10-06T15:45:32.528+0000] {dag.py:2690} INFO - Sync 2 DAGs
[2025-10-06T15:45:32.530+0000] {logging_mixin.py:137} INFO - [2025-10-06T15:45:32.530+0000] {dag.py:3441} INFO - Setting next_dagrun for example_subdag_operator.section-1 to None, run_after=None
[2025-10-06T15:45:32.530+0000] {logging_mixin.py:137} INFO - [2025-10-06T15:45:32.530+0000] {dag.py:3441} INFO - Setting next_dagrun for example_subdag_operator.section-2 to None, run_after=None
[2025-10-06T15:45:32.534+0000] {processor.py:175} INFO - Processing /home/airflow/.local/lib/python3.7/site-packages/airflow/example_dags/example_subdag_operator.py took 0.052 seconds
[2025-10-06T15:46:02.750+0000] {processor.py:153} INFO - Started process (PID=2117) to work on /home/airflow/.local/lib/python3.7/site-packages/airflow/example_dags/example_subdag_operator.py
[2025-10-06T15:46:02.750+0000] {processor.py:743} INFO - Processing file /home/airflow/.local/lib/python3.7/site-packages/airflow/example_dags/example_subdag_operator.py for tasks to queue
[2025-10-06T15:46:02.751+0000] {logging_mixin.py:137} INFO - [2025-10-06T15:46:02.751+0000] {dagbag.py:538} INFO - Filling up the DagBag from /home/airflow/.local/lib/python3.7/site-packages/airflow/example_dags/example_subdag_operator.py
[2025-10-06T15:46:02.767+0000] {processor.py:753} INFO - DAG(s) dict_keys(['example_subdag_operator.section-1', 'example_subdag_operator.section-2', 'example_subdag_operator']) retrieved from /home/airflow/.local/lib/python3.7/site-packages/airflow/example_dags/example_subdag_operator.py
[2025-10-06T15:46:02.778+0000] {logging_mixin.py:137} INFO - [2025-10-06T15:46:02.778+0000] {dag.py:2690} INFO - Sync 3 DAGs
[2025-10-06T15:46:02.790+0000] {logging_mixin.py:137} INFO - [2025-10-06T15:46:02.790+0000] {dag.py:3441} INFO - Setting next_dagrun for example_subdag_operator to 2022-01-01T00:00:00+00:00, run_after=2022-01-01T00:00:00+00:00
[2025-10-06T15:46:02.792+0000] {logging_mixin.py:137} INFO - [2025-10-06T15:46:02.792+0000] {dag.py:3441} INFO - Setting next_dagrun for example_subdag_operator.section-1 to None, run_after=None
[2025-10-06T15:46:02.792+0000] {logging_mixin.py:137} INFO - [2025-10-06T15:46:02.792+0000] {dag.py:3441} INFO - Setting next_dagrun for example_subdag_operator.section-2 to None, run_after=None
[2025-10-06T15:46:02.796+0000] {logging_mixin.py:137} INFO - [2025-10-06T15:46:02.796+0000] {dag.py:2690} INFO - Sync 2 DAGs
[2025-10-06T15:46:02.801+0000] {logging_mixin.py:137} INFO - [2025-10-06T15:46:02.801+0000] {dag.py:3441} INFO - Setting next_dagrun for example_subdag_operator.section-1 to None, run_after=None
[2025-10-06T15:46:02.801+0000] {logging_mixin.py:137} INFO - [2025-10-06T15:46:02.801+0000] {dag.py:3441} INFO - Setting next_dagrun for example_subdag_operator.section-2 to None, run_after=None
[2025-10-06T15:46:02.806+0000] {processor.py:175} INFO - Processing /home/airflow/.local/lib/python3.7/site-packages/airflow/example_dags/example_subdag_operator.py took 0.058 seconds
[2025-10-06T15:46:33.510+0000] {processor.py:153} INFO - Started process (PID=2207) to work on /home/airflow/.local/lib/python3.7/site-packages/airflow/example_dags/example_subdag_operator.py
[2025-10-06T15:46:33.510+0000] {processor.py:743} INFO - Processing file /home/airflow/.local/lib/python3.7/site-packages/airflow/example_dags/example_subdag_operator.py for tasks to queue
[2025-10-06T15:46:33.511+0000] {logging_mixin.py:137} INFO - [2025-10-06T15:46:33.510+0000] {dagbag.py:538} INFO - Filling up the DagBag from /home/airflow/.local/lib/python3.7/site-packages/airflow/example_dags/example_subdag_operator.py
[2025-10-06T15:46:33.525+0000] {processor.py:753} INFO - DAG(s) dict_keys(['example_subdag_operator.section-1', 'example_subdag_operator.section-2', 'example_subdag_operator']) retrieved from /home/airflow/.local/lib/python3.7/site-packages/airflow/example_dags/example_subdag_operator.py
[2025-10-06T15:46:33.532+0000] {logging_mixin.py:137} INFO - [2025-10-06T15:46:33.532+0000] {dag.py:2690} INFO - Sync 3 DAGs
[2025-10-06T15:46:33.542+0000] {logging_mixin.py:137} INFO - [2025-10-06T15:46:33.542+0000] {dag.py:3441} INFO - Setting next_dagrun for example_subdag_operator to 2022-01-01T00:00:00+00:00, run_after=2022-01-01T00:00:00+00:00
[2025-10-06T15:46:33.544+0000] {logging_mixin.py:137} INFO - [2025-10-06T15:46:33.544+0000] {dag.py:3441} INFO - Setting next_dagrun for example_subdag_operator.section-1 to None, run_after=None
[2025-10-06T15:46:33.544+0000] {logging_mixin.py:137} INFO - [2025-10-06T15:46:33.544+0000] {dag.py:3441} INFO - Setting next_dagrun for example_subdag_operator.section-2 to None, run_after=None
[2025-10-06T15:46:33.547+0000] {logging_mixin.py:137} INFO - [2025-10-06T15:46:33.547+0000] {dag.py:2690} INFO - Sync 2 DAGs
[2025-10-06T15:46:33.549+0000] {logging_mixin.py:137} INFO - [2025-10-06T15:46:33.549+0000] {dag.py:3441} INFO - Setting next_dagrun for example_subdag_operator.section-1 to None, run_after=None
[2025-10-06T15:46:33.550+0000] {logging_mixin.py:137} INFO - [2025-10-06T15:46:33.550+0000] {dag.py:3441} INFO - Setting next_dagrun for example_subdag_operator.section-2 to None, run_after=None
[2025-10-06T15:46:33.554+0000] {processor.py:175} INFO - Processing /home/airflow/.local/lib/python3.7/site-packages/airflow/example_dags/example_subdag_operator.py took 0.046 seconds
