[2025-10-06T15:34:55.184+0000] {processor.py:153} INFO - Started process (PID=62) to work on /home/airflow/.local/lib/python3.7/site-packages/airflow/example_dags/example_task_group.py
[2025-10-06T15:34:55.185+0000] {processor.py:743} INFO - Processing file /home/airflow/.local/lib/python3.7/site-packages/airflow/example_dags/example_task_group.py for tasks to queue
[2025-10-06T15:34:55.185+0000] {logging_mixin.py:137} INFO - [2025-10-06T15:34:55.185+0000] {dagbag.py:538} INFO - Filling up the DagBag from /home/airflow/.local/lib/python3.7/site-packages/airflow/example_dags/example_task_group.py
[2025-10-06T15:34:55.194+0000] {processor.py:753} INFO - DAG(s) dict_keys(['example_task_group']) retrieved from /home/airflow/.local/lib/python3.7/site-packages/airflow/example_dags/example_task_group.py
[2025-10-06T15:34:55.202+0000] {logging_mixin.py:137} INFO - [2025-10-06T15:34:55.202+0000] {dag.py:2690} INFO - Sync 1 DAGs
[2025-10-06T15:34:55.215+0000] {logging_mixin.py:137} INFO - [2025-10-06T15:34:55.215+0000] {dag.py:3441} INFO - Setting next_dagrun for example_task_group to 2025-10-05T15:34:55.215509+00:00, run_after=2025-10-06T15:34:55.215509+00:00
[2025-10-06T15:34:55.224+0000] {processor.py:175} INFO - Processing /home/airflow/.local/lib/python3.7/site-packages/airflow/example_dags/example_task_group.py took 0.042 seconds
[2025-10-06T15:35:25.713+0000] {processor.py:153} INFO - Started process (PID=161) to work on /home/airflow/.local/lib/python3.7/site-packages/airflow/example_dags/example_task_group.py
[2025-10-06T15:35:25.713+0000] {processor.py:743} INFO - Processing file /home/airflow/.local/lib/python3.7/site-packages/airflow/example_dags/example_task_group.py for tasks to queue
[2025-10-06T15:35:25.714+0000] {logging_mixin.py:137} INFO - [2025-10-06T15:35:25.714+0000] {dagbag.py:538} INFO - Filling up the DagBag from /home/airflow/.local/lib/python3.7/site-packages/airflow/example_dags/example_task_group.py
[2025-10-06T15:35:25.721+0000] {processor.py:753} INFO - DAG(s) dict_keys(['example_task_group']) retrieved from /home/airflow/.local/lib/python3.7/site-packages/airflow/example_dags/example_task_group.py
[2025-10-06T15:35:25.731+0000] {logging_mixin.py:137} INFO - [2025-10-06T15:35:25.731+0000] {dag.py:2690} INFO - Sync 1 DAGs
[2025-10-06T15:35:25.745+0000] {logging_mixin.py:137} INFO - [2025-10-06T15:35:25.744+0000] {dag.py:3441} INFO - Setting next_dagrun for example_task_group to 2025-10-05T15:35:25.744852+00:00, run_after=2025-10-06T15:35:25.744852+00:00
[2025-10-06T15:35:25.757+0000] {processor.py:175} INFO - Processing /home/airflow/.local/lib/python3.7/site-packages/airflow/example_dags/example_task_group.py took 0.046 seconds
[2025-10-06T15:35:56.165+0000] {processor.py:153} INFO - Started process (PID=260) to work on /home/airflow/.local/lib/python3.7/site-packages/airflow/example_dags/example_task_group.py
[2025-10-06T15:35:56.165+0000] {processor.py:743} INFO - Processing file /home/airflow/.local/lib/python3.7/site-packages/airflow/example_dags/example_task_group.py for tasks to queue
[2025-10-06T15:35:56.165+0000] {logging_mixin.py:137} INFO - [2025-10-06T15:35:56.165+0000] {dagbag.py:538} INFO - Filling up the DagBag from /home/airflow/.local/lib/python3.7/site-packages/airflow/example_dags/example_task_group.py
[2025-10-06T15:35:56.174+0000] {processor.py:753} INFO - DAG(s) dict_keys(['example_task_group']) retrieved from /home/airflow/.local/lib/python3.7/site-packages/airflow/example_dags/example_task_group.py
[2025-10-06T15:35:56.187+0000] {logging_mixin.py:137} INFO - [2025-10-06T15:35:56.187+0000] {dag.py:2690} INFO - Sync 1 DAGs
[2025-10-06T15:35:56.200+0000] {logging_mixin.py:137} INFO - [2025-10-06T15:35:56.200+0000] {dag.py:3441} INFO - Setting next_dagrun for example_task_group to 2025-10-05T15:35:56.200352+00:00, run_after=2025-10-06T15:35:56.200352+00:00
[2025-10-06T15:35:56.209+0000] {processor.py:175} INFO - Processing /home/airflow/.local/lib/python3.7/site-packages/airflow/example_dags/example_task_group.py took 0.046 seconds
[2025-10-06T15:36:26.635+0000] {processor.py:153} INFO - Started process (PID=339) to work on /home/airflow/.local/lib/python3.7/site-packages/airflow/example_dags/example_task_group.py
[2025-10-06T15:36:26.636+0000] {processor.py:743} INFO - Processing file /home/airflow/.local/lib/python3.7/site-packages/airflow/example_dags/example_task_group.py for tasks to queue
[2025-10-06T15:36:26.636+0000] {logging_mixin.py:137} INFO - [2025-10-06T15:36:26.636+0000] {dagbag.py:538} INFO - Filling up the DagBag from /home/airflow/.local/lib/python3.7/site-packages/airflow/example_dags/example_task_group.py
[2025-10-06T15:36:26.645+0000] {processor.py:753} INFO - DAG(s) dict_keys(['example_task_group']) retrieved from /home/airflow/.local/lib/python3.7/site-packages/airflow/example_dags/example_task_group.py
[2025-10-06T15:36:26.659+0000] {logging_mixin.py:137} INFO - [2025-10-06T15:36:26.659+0000] {dag.py:2690} INFO - Sync 1 DAGs
[2025-10-06T15:36:26.671+0000] {logging_mixin.py:137} INFO - [2025-10-06T15:36:26.671+0000] {dag.py:3441} INFO - Setting next_dagrun for example_task_group to 2025-10-05T15:36:26.671464+00:00, run_after=2025-10-06T15:36:26.671464+00:00
[2025-10-06T15:36:26.682+0000] {processor.py:175} INFO - Processing /home/airflow/.local/lib/python3.7/site-packages/airflow/example_dags/example_task_group.py took 0.048 seconds
[2025-10-06T15:36:57.088+0000] {processor.py:153} INFO - Started process (PID=438) to work on /home/airflow/.local/lib/python3.7/site-packages/airflow/example_dags/example_task_group.py
[2025-10-06T15:36:57.088+0000] {processor.py:743} INFO - Processing file /home/airflow/.local/lib/python3.7/site-packages/airflow/example_dags/example_task_group.py for tasks to queue
[2025-10-06T15:36:57.089+0000] {logging_mixin.py:137} INFO - [2025-10-06T15:36:57.089+0000] {dagbag.py:538} INFO - Filling up the DagBag from /home/airflow/.local/lib/python3.7/site-packages/airflow/example_dags/example_task_group.py
[2025-10-06T15:36:57.097+0000] {processor.py:753} INFO - DAG(s) dict_keys(['example_task_group']) retrieved from /home/airflow/.local/lib/python3.7/site-packages/airflow/example_dags/example_task_group.py
[2025-10-06T15:36:57.112+0000] {logging_mixin.py:137} INFO - [2025-10-06T15:36:57.112+0000] {dag.py:2690} INFO - Sync 1 DAGs
[2025-10-06T15:36:57.123+0000] {logging_mixin.py:137} INFO - [2025-10-06T15:36:57.123+0000] {dag.py:3441} INFO - Setting next_dagrun for example_task_group to 2025-10-05T15:36:57.123025+00:00, run_after=2025-10-06T15:36:57.123025+00:00
[2025-10-06T15:36:57.139+0000] {processor.py:175} INFO - Processing /home/airflow/.local/lib/python3.7/site-packages/airflow/example_dags/example_task_group.py took 0.053 seconds
[2025-10-06T15:37:27.476+0000] {processor.py:153} INFO - Started process (PID=537) to work on /home/airflow/.local/lib/python3.7/site-packages/airflow/example_dags/example_task_group.py
[2025-10-06T15:37:27.476+0000] {processor.py:743} INFO - Processing file /home/airflow/.local/lib/python3.7/site-packages/airflow/example_dags/example_task_group.py for tasks to queue
[2025-10-06T15:37:27.476+0000] {logging_mixin.py:137} INFO - [2025-10-06T15:37:27.476+0000] {dagbag.py:538} INFO - Filling up the DagBag from /home/airflow/.local/lib/python3.7/site-packages/airflow/example_dags/example_task_group.py
[2025-10-06T15:37:27.484+0000] {processor.py:753} INFO - DAG(s) dict_keys(['example_task_group']) retrieved from /home/airflow/.local/lib/python3.7/site-packages/airflow/example_dags/example_task_group.py
[2025-10-06T15:37:27.495+0000] {logging_mixin.py:137} INFO - [2025-10-06T15:37:27.495+0000] {dag.py:2690} INFO - Sync 1 DAGs
[2025-10-06T15:37:27.509+0000] {logging_mixin.py:137} INFO - [2025-10-06T15:37:27.509+0000] {dag.py:3441} INFO - Setting next_dagrun for example_task_group to 2025-10-05T15:37:27.509022+00:00, run_after=2025-10-06T15:37:27.509022+00:00
[2025-10-06T15:37:27.517+0000] {processor.py:175} INFO - Processing /home/airflow/.local/lib/python3.7/site-packages/airflow/example_dags/example_task_group.py took 0.043 seconds
[2025-10-06T15:37:57.860+0000] {processor.py:153} INFO - Started process (PID=636) to work on /home/airflow/.local/lib/python3.7/site-packages/airflow/example_dags/example_task_group.py
[2025-10-06T15:37:57.864+0000] {processor.py:743} INFO - Processing file /home/airflow/.local/lib/python3.7/site-packages/airflow/example_dags/example_task_group.py for tasks to queue
[2025-10-06T15:37:57.865+0000] {logging_mixin.py:137} INFO - [2025-10-06T15:37:57.865+0000] {dagbag.py:538} INFO - Filling up the DagBag from /home/airflow/.local/lib/python3.7/site-packages/airflow/example_dags/example_task_group.py
[2025-10-06T15:37:57.871+0000] {processor.py:753} INFO - DAG(s) dict_keys(['example_task_group']) retrieved from /home/airflow/.local/lib/python3.7/site-packages/airflow/example_dags/example_task_group.py
[2025-10-06T15:37:57.883+0000] {logging_mixin.py:137} INFO - [2025-10-06T15:37:57.883+0000] {dag.py:2690} INFO - Sync 1 DAGs
[2025-10-06T15:37:57.893+0000] {logging_mixin.py:137} INFO - [2025-10-06T15:37:57.893+0000] {dag.py:3441} INFO - Setting next_dagrun for example_task_group to 2025-10-05T15:37:57.893546+00:00, run_after=2025-10-06T15:37:57.893546+00:00
[2025-10-06T15:37:57.900+0000] {processor.py:175} INFO - Processing /home/airflow/.local/lib/python3.7/site-packages/airflow/example_dags/example_task_group.py took 0.042 seconds
[2025-10-06T15:38:28.277+0000] {processor.py:153} INFO - Started process (PID=715) to work on /home/airflow/.local/lib/python3.7/site-packages/airflow/example_dags/example_task_group.py
[2025-10-06T15:38:28.278+0000] {processor.py:743} INFO - Processing file /home/airflow/.local/lib/python3.7/site-packages/airflow/example_dags/example_task_group.py for tasks to queue
[2025-10-06T15:38:28.278+0000] {logging_mixin.py:137} INFO - [2025-10-06T15:38:28.278+0000] {dagbag.py:538} INFO - Filling up the DagBag from /home/airflow/.local/lib/python3.7/site-packages/airflow/example_dags/example_task_group.py
[2025-10-06T15:38:28.284+0000] {processor.py:753} INFO - DAG(s) dict_keys(['example_task_group']) retrieved from /home/airflow/.local/lib/python3.7/site-packages/airflow/example_dags/example_task_group.py
[2025-10-06T15:38:28.294+0000] {logging_mixin.py:137} INFO - [2025-10-06T15:38:28.294+0000] {dag.py:2690} INFO - Sync 1 DAGs
[2025-10-06T15:38:28.304+0000] {logging_mixin.py:137} INFO - [2025-10-06T15:38:28.304+0000] {dag.py:3441} INFO - Setting next_dagrun for example_task_group to 2025-10-05T15:38:28.304231+00:00, run_after=2025-10-06T15:38:28.304231+00:00
[2025-10-06T15:38:28.312+0000] {processor.py:175} INFO - Processing /home/airflow/.local/lib/python3.7/site-packages/airflow/example_dags/example_task_group.py took 0.037 seconds
[2025-10-06T15:38:58.686+0000] {processor.py:153} INFO - Started process (PID=814) to work on /home/airflow/.local/lib/python3.7/site-packages/airflow/example_dags/example_task_group.py
[2025-10-06T15:38:58.687+0000] {processor.py:743} INFO - Processing file /home/airflow/.local/lib/python3.7/site-packages/airflow/example_dags/example_task_group.py for tasks to queue
[2025-10-06T15:38:58.687+0000] {logging_mixin.py:137} INFO - [2025-10-06T15:38:58.687+0000] {dagbag.py:538} INFO - Filling up the DagBag from /home/airflow/.local/lib/python3.7/site-packages/airflow/example_dags/example_task_group.py
[2025-10-06T15:38:58.693+0000] {processor.py:753} INFO - DAG(s) dict_keys(['example_task_group']) retrieved from /home/airflow/.local/lib/python3.7/site-packages/airflow/example_dags/example_task_group.py
[2025-10-06T15:38:58.705+0000] {logging_mixin.py:137} INFO - [2025-10-06T15:38:58.705+0000] {dag.py:2690} INFO - Sync 1 DAGs
[2025-10-06T15:38:58.715+0000] {logging_mixin.py:137} INFO - [2025-10-06T15:38:58.715+0000] {dag.py:3441} INFO - Setting next_dagrun for example_task_group to 2025-10-05T15:38:58.715447+00:00, run_after=2025-10-06T15:38:58.715447+00:00
[2025-10-06T15:38:58.725+0000] {processor.py:175} INFO - Processing /home/airflow/.local/lib/python3.7/site-packages/airflow/example_dags/example_task_group.py took 0.041 seconds
[2025-10-06T15:39:29.051+0000] {processor.py:153} INFO - Started process (PID=913) to work on /home/airflow/.local/lib/python3.7/site-packages/airflow/example_dags/example_task_group.py
[2025-10-06T15:39:29.052+0000] {processor.py:743} INFO - Processing file /home/airflow/.local/lib/python3.7/site-packages/airflow/example_dags/example_task_group.py for tasks to queue
[2025-10-06T15:39:29.052+0000] {logging_mixin.py:137} INFO - [2025-10-06T15:39:29.052+0000] {dagbag.py:538} INFO - Filling up the DagBag from /home/airflow/.local/lib/python3.7/site-packages/airflow/example_dags/example_task_group.py
[2025-10-06T15:39:29.058+0000] {processor.py:753} INFO - DAG(s) dict_keys(['example_task_group']) retrieved from /home/airflow/.local/lib/python3.7/site-packages/airflow/example_dags/example_task_group.py
[2025-10-06T15:39:29.068+0000] {logging_mixin.py:137} INFO - [2025-10-06T15:39:29.067+0000] {dag.py:2690} INFO - Sync 1 DAGs
[2025-10-06T15:39:29.077+0000] {logging_mixin.py:137} INFO - [2025-10-06T15:39:29.077+0000] {dag.py:3441} INFO - Setting next_dagrun for example_task_group to 2025-10-05T15:39:29.077242+00:00, run_after=2025-10-06T15:39:29.077242+00:00
[2025-10-06T15:39:29.083+0000] {processor.py:175} INFO - Processing /home/airflow/.local/lib/python3.7/site-packages/airflow/example_dags/example_task_group.py took 0.033 seconds
[2025-10-06T15:39:59.458+0000] {processor.py:153} INFO - Started process (PID=1012) to work on /home/airflow/.local/lib/python3.7/site-packages/airflow/example_dags/example_task_group.py
[2025-10-06T15:39:59.458+0000] {processor.py:743} INFO - Processing file /home/airflow/.local/lib/python3.7/site-packages/airflow/example_dags/example_task_group.py for tasks to queue
[2025-10-06T15:39:59.458+0000] {logging_mixin.py:137} INFO - [2025-10-06T15:39:59.458+0000] {dagbag.py:538} INFO - Filling up the DagBag from /home/airflow/.local/lib/python3.7/site-packages/airflow/example_dags/example_task_group.py
[2025-10-06T15:39:59.465+0000] {processor.py:753} INFO - DAG(s) dict_keys(['example_task_group']) retrieved from /home/airflow/.local/lib/python3.7/site-packages/airflow/example_dags/example_task_group.py
[2025-10-06T15:39:59.476+0000] {logging_mixin.py:137} INFO - [2025-10-06T15:39:59.476+0000] {dag.py:2690} INFO - Sync 1 DAGs
[2025-10-06T15:39:59.486+0000] {logging_mixin.py:137} INFO - [2025-10-06T15:39:59.486+0000] {dag.py:3441} INFO - Setting next_dagrun for example_task_group to 2025-10-05T15:39:59.486635+00:00, run_after=2025-10-06T15:39:59.486635+00:00
[2025-10-06T15:39:59.494+0000] {processor.py:175} INFO - Processing /home/airflow/.local/lib/python3.7/site-packages/airflow/example_dags/example_task_group.py took 0.038 seconds
[2025-10-06T15:40:29.627+0000] {processor.py:153} INFO - Started process (PID=1091) to work on /home/airflow/.local/lib/python3.7/site-packages/airflow/example_dags/example_task_group.py
[2025-10-06T15:40:29.627+0000] {processor.py:743} INFO - Processing file /home/airflow/.local/lib/python3.7/site-packages/airflow/example_dags/example_task_group.py for tasks to queue
[2025-10-06T15:40:29.629+0000] {logging_mixin.py:137} INFO - [2025-10-06T15:40:29.629+0000] {dagbag.py:538} INFO - Filling up the DagBag from /home/airflow/.local/lib/python3.7/site-packages/airflow/example_dags/example_task_group.py
[2025-10-06T15:40:29.636+0000] {processor.py:753} INFO - DAG(s) dict_keys(['example_task_group']) retrieved from /home/airflow/.local/lib/python3.7/site-packages/airflow/example_dags/example_task_group.py
[2025-10-06T15:40:29.646+0000] {logging_mixin.py:137} INFO - [2025-10-06T15:40:29.646+0000] {dag.py:2690} INFO - Sync 1 DAGs
[2025-10-06T15:40:29.656+0000] {logging_mixin.py:137} INFO - [2025-10-06T15:40:29.656+0000] {dag.py:3441} INFO - Setting next_dagrun for example_task_group to 2025-10-05T15:40:29.656645+00:00, run_after=2025-10-06T15:40:29.656645+00:00
[2025-10-06T15:40:29.663+0000] {processor.py:175} INFO - Processing /home/airflow/.local/lib/python3.7/site-packages/airflow/example_dags/example_task_group.py took 0.038 seconds
[2025-10-06T15:40:59.907+0000] {processor.py:153} INFO - Started process (PID=1190) to work on /home/airflow/.local/lib/python3.7/site-packages/airflow/example_dags/example_task_group.py
[2025-10-06T15:40:59.908+0000] {processor.py:743} INFO - Processing file /home/airflow/.local/lib/python3.7/site-packages/airflow/example_dags/example_task_group.py for tasks to queue
[2025-10-06T15:40:59.909+0000] {logging_mixin.py:137} INFO - [2025-10-06T15:40:59.909+0000] {dagbag.py:538} INFO - Filling up the DagBag from /home/airflow/.local/lib/python3.7/site-packages/airflow/example_dags/example_task_group.py
[2025-10-06T15:40:59.915+0000] {processor.py:753} INFO - DAG(s) dict_keys(['example_task_group']) retrieved from /home/airflow/.local/lib/python3.7/site-packages/airflow/example_dags/example_task_group.py
[2025-10-06T15:40:59.927+0000] {logging_mixin.py:137} INFO - [2025-10-06T15:40:59.927+0000] {dag.py:2690} INFO - Sync 1 DAGs
[2025-10-06T15:40:59.937+0000] {logging_mixin.py:137} INFO - [2025-10-06T15:40:59.937+0000] {dag.py:3441} INFO - Setting next_dagrun for example_task_group to 2025-10-05T15:40:59.937703+00:00, run_after=2025-10-06T15:40:59.937703+00:00
[2025-10-06T15:40:59.944+0000] {processor.py:175} INFO - Processing /home/airflow/.local/lib/python3.7/site-packages/airflow/example_dags/example_task_group.py took 0.039 seconds
[2025-10-06T15:41:30.180+0000] {processor.py:153} INFO - Started process (PID=1289) to work on /home/airflow/.local/lib/python3.7/site-packages/airflow/example_dags/example_task_group.py
[2025-10-06T15:41:30.180+0000] {processor.py:743} INFO - Processing file /home/airflow/.local/lib/python3.7/site-packages/airflow/example_dags/example_task_group.py for tasks to queue
[2025-10-06T15:41:30.180+0000] {logging_mixin.py:137} INFO - [2025-10-06T15:41:30.180+0000] {dagbag.py:538} INFO - Filling up the DagBag from /home/airflow/.local/lib/python3.7/site-packages/airflow/example_dags/example_task_group.py
[2025-10-06T15:41:30.187+0000] {processor.py:753} INFO - DAG(s) dict_keys(['example_task_group']) retrieved from /home/airflow/.local/lib/python3.7/site-packages/airflow/example_dags/example_task_group.py
[2025-10-06T15:41:30.198+0000] {logging_mixin.py:137} INFO - [2025-10-06T15:41:30.198+0000] {dag.py:2690} INFO - Sync 1 DAGs
[2025-10-06T15:41:30.209+0000] {logging_mixin.py:137} INFO - [2025-10-06T15:41:30.209+0000] {dag.py:3441} INFO - Setting next_dagrun for example_task_group to 2025-10-05T15:41:30.209073+00:00, run_after=2025-10-06T15:41:30.209073+00:00
[2025-10-06T15:41:30.217+0000] {processor.py:175} INFO - Processing /home/airflow/.local/lib/python3.7/site-packages/airflow/example_dags/example_task_group.py took 0.039 seconds
[2025-10-06T15:42:00.560+0000] {processor.py:153} INFO - Started process (PID=1388) to work on /home/airflow/.local/lib/python3.7/site-packages/airflow/example_dags/example_task_group.py
[2025-10-06T15:42:00.561+0000] {processor.py:743} INFO - Processing file /home/airflow/.local/lib/python3.7/site-packages/airflow/example_dags/example_task_group.py for tasks to queue
[2025-10-06T15:42:00.562+0000] {logging_mixin.py:137} INFO - [2025-10-06T15:42:00.562+0000] {dagbag.py:538} INFO - Filling up the DagBag from /home/airflow/.local/lib/python3.7/site-packages/airflow/example_dags/example_task_group.py
[2025-10-06T15:42:00.569+0000] {processor.py:753} INFO - DAG(s) dict_keys(['example_task_group']) retrieved from /home/airflow/.local/lib/python3.7/site-packages/airflow/example_dags/example_task_group.py
[2025-10-06T15:42:00.581+0000] {logging_mixin.py:137} INFO - [2025-10-06T15:42:00.581+0000] {dag.py:2690} INFO - Sync 1 DAGs
[2025-10-06T15:42:00.591+0000] {logging_mixin.py:137} INFO - [2025-10-06T15:42:00.590+0000] {dag.py:3441} INFO - Setting next_dagrun for example_task_group to 2025-10-05T15:42:00.590872+00:00, run_after=2025-10-06T15:42:00.590872+00:00
[2025-10-06T15:42:00.598+0000] {processor.py:175} INFO - Processing /home/airflow/.local/lib/python3.7/site-packages/airflow/example_dags/example_task_group.py took 0.039 seconds
[2025-10-06T15:42:30.843+0000] {processor.py:153} INFO - Started process (PID=1467) to work on /home/airflow/.local/lib/python3.7/site-packages/airflow/example_dags/example_task_group.py
[2025-10-06T15:42:30.844+0000] {processor.py:743} INFO - Processing file /home/airflow/.local/lib/python3.7/site-packages/airflow/example_dags/example_task_group.py for tasks to queue
[2025-10-06T15:42:30.845+0000] {logging_mixin.py:137} INFO - [2025-10-06T15:42:30.845+0000] {dagbag.py:538} INFO - Filling up the DagBag from /home/airflow/.local/lib/python3.7/site-packages/airflow/example_dags/example_task_group.py
[2025-10-06T15:42:30.852+0000] {processor.py:753} INFO - DAG(s) dict_keys(['example_task_group']) retrieved from /home/airflow/.local/lib/python3.7/site-packages/airflow/example_dags/example_task_group.py
[2025-10-06T15:42:30.863+0000] {logging_mixin.py:137} INFO - [2025-10-06T15:42:30.863+0000] {dag.py:2690} INFO - Sync 1 DAGs
[2025-10-06T15:42:30.872+0000] {logging_mixin.py:137} INFO - [2025-10-06T15:42:30.872+0000] {dag.py:3441} INFO - Setting next_dagrun for example_task_group to 2025-10-05T15:42:30.872776+00:00, run_after=2025-10-06T15:42:30.872776+00:00
[2025-10-06T15:42:30.880+0000] {processor.py:175} INFO - Processing /home/airflow/.local/lib/python3.7/site-packages/airflow/example_dags/example_task_group.py took 0.039 seconds
[2025-10-06T15:43:01.064+0000] {processor.py:153} INFO - Started process (PID=1567) to work on /home/airflow/.local/lib/python3.7/site-packages/airflow/example_dags/example_task_group.py
[2025-10-06T15:43:01.064+0000] {processor.py:743} INFO - Processing file /home/airflow/.local/lib/python3.7/site-packages/airflow/example_dags/example_task_group.py for tasks to queue
[2025-10-06T15:43:01.066+0000] {logging_mixin.py:137} INFO - [2025-10-06T15:43:01.066+0000] {dagbag.py:538} INFO - Filling up the DagBag from /home/airflow/.local/lib/python3.7/site-packages/airflow/example_dags/example_task_group.py
[2025-10-06T15:43:01.074+0000] {processor.py:753} INFO - DAG(s) dict_keys(['example_task_group']) retrieved from /home/airflow/.local/lib/python3.7/site-packages/airflow/example_dags/example_task_group.py
[2025-10-06T15:43:01.087+0000] {logging_mixin.py:137} INFO - [2025-10-06T15:43:01.087+0000] {dag.py:2690} INFO - Sync 1 DAGs
[2025-10-06T15:43:01.099+0000] {logging_mixin.py:137} INFO - [2025-10-06T15:43:01.099+0000] {dag.py:3441} INFO - Setting next_dagrun for example_task_group to 2025-10-05T15:43:01.099326+00:00, run_after=2025-10-06T15:43:01.099326+00:00
[2025-10-06T15:43:01.108+0000] {processor.py:175} INFO - Processing /home/airflow/.local/lib/python3.7/site-packages/airflow/example_dags/example_task_group.py took 0.045 seconds
[2025-10-06T15:43:31.376+0000] {processor.py:153} INFO - Started process (PID=1666) to work on /home/airflow/.local/lib/python3.7/site-packages/airflow/example_dags/example_task_group.py
[2025-10-06T15:43:31.380+0000] {processor.py:743} INFO - Processing file /home/airflow/.local/lib/python3.7/site-packages/airflow/example_dags/example_task_group.py for tasks to queue
[2025-10-06T15:43:31.380+0000] {logging_mixin.py:137} INFO - [2025-10-06T15:43:31.380+0000] {dagbag.py:538} INFO - Filling up the DagBag from /home/airflow/.local/lib/python3.7/site-packages/airflow/example_dags/example_task_group.py
[2025-10-06T15:43:31.388+0000] {processor.py:753} INFO - DAG(s) dict_keys(['example_task_group']) retrieved from /home/airflow/.local/lib/python3.7/site-packages/airflow/example_dags/example_task_group.py
[2025-10-06T15:43:31.400+0000] {logging_mixin.py:137} INFO - [2025-10-06T15:43:31.400+0000] {dag.py:2690} INFO - Sync 1 DAGs
[2025-10-06T15:43:31.412+0000] {logging_mixin.py:137} INFO - [2025-10-06T15:43:31.412+0000] {dag.py:3441} INFO - Setting next_dagrun for example_task_group to 2025-10-05T15:43:31.412720+00:00, run_after=2025-10-06T15:43:31.412720+00:00
[2025-10-06T15:43:31.420+0000] {processor.py:175} INFO - Processing /home/airflow/.local/lib/python3.7/site-packages/airflow/example_dags/example_task_group.py took 0.045 seconds
[2025-10-06T15:44:01.802+0000] {processor.py:153} INFO - Started process (PID=1765) to work on /home/airflow/.local/lib/python3.7/site-packages/airflow/example_dags/example_task_group.py
[2025-10-06T15:44:01.803+0000] {processor.py:743} INFO - Processing file /home/airflow/.local/lib/python3.7/site-packages/airflow/example_dags/example_task_group.py for tasks to queue
[2025-10-06T15:44:01.803+0000] {logging_mixin.py:137} INFO - [2025-10-06T15:44:01.803+0000] {dagbag.py:538} INFO - Filling up the DagBag from /home/airflow/.local/lib/python3.7/site-packages/airflow/example_dags/example_task_group.py
[2025-10-06T15:44:01.812+0000] {processor.py:753} INFO - DAG(s) dict_keys(['example_task_group']) retrieved from /home/airflow/.local/lib/python3.7/site-packages/airflow/example_dags/example_task_group.py
[2025-10-06T15:44:01.827+0000] {logging_mixin.py:137} INFO - [2025-10-06T15:44:01.827+0000] {dag.py:2690} INFO - Sync 1 DAGs
[2025-10-06T15:44:01.840+0000] {logging_mixin.py:137} INFO - [2025-10-06T15:44:01.840+0000] {dag.py:3441} INFO - Setting next_dagrun for example_task_group to 2025-10-05T15:44:01.840354+00:00, run_after=2025-10-06T15:44:01.840354+00:00
[2025-10-06T15:44:01.850+0000] {processor.py:175} INFO - Processing /home/airflow/.local/lib/python3.7/site-packages/airflow/example_dags/example_task_group.py took 0.050 seconds
[2025-10-06T15:44:32.177+0000] {processor.py:153} INFO - Started process (PID=1844) to work on /home/airflow/.local/lib/python3.7/site-packages/airflow/example_dags/example_task_group.py
[2025-10-06T15:44:32.178+0000] {processor.py:743} INFO - Processing file /home/airflow/.local/lib/python3.7/site-packages/airflow/example_dags/example_task_group.py for tasks to queue
[2025-10-06T15:44:32.178+0000] {logging_mixin.py:137} INFO - [2025-10-06T15:44:32.178+0000] {dagbag.py:538} INFO - Filling up the DagBag from /home/airflow/.local/lib/python3.7/site-packages/airflow/example_dags/example_task_group.py
[2025-10-06T15:44:32.185+0000] {processor.py:753} INFO - DAG(s) dict_keys(['example_task_group']) retrieved from /home/airflow/.local/lib/python3.7/site-packages/airflow/example_dags/example_task_group.py
[2025-10-06T15:44:32.195+0000] {logging_mixin.py:137} INFO - [2025-10-06T15:44:32.195+0000] {dag.py:2690} INFO - Sync 1 DAGs
[2025-10-06T15:44:32.205+0000] {logging_mixin.py:137} INFO - [2025-10-06T15:44:32.205+0000] {dag.py:3441} INFO - Setting next_dagrun for example_task_group to 2025-10-05T15:44:32.205266+00:00, run_after=2025-10-06T15:44:32.205266+00:00
[2025-10-06T15:44:32.213+0000] {processor.py:175} INFO - Processing /home/airflow/.local/lib/python3.7/site-packages/airflow/example_dags/example_task_group.py took 0.037 seconds
[2025-10-06T15:45:02.529+0000] {processor.py:153} INFO - Started process (PID=1943) to work on /home/airflow/.local/lib/python3.7/site-packages/airflow/example_dags/example_task_group.py
[2025-10-06T15:45:02.530+0000] {processor.py:743} INFO - Processing file /home/airflow/.local/lib/python3.7/site-packages/airflow/example_dags/example_task_group.py for tasks to queue
[2025-10-06T15:45:02.531+0000] {logging_mixin.py:137} INFO - [2025-10-06T15:45:02.531+0000] {dagbag.py:538} INFO - Filling up the DagBag from /home/airflow/.local/lib/python3.7/site-packages/airflow/example_dags/example_task_group.py
[2025-10-06T15:45:02.540+0000] {processor.py:753} INFO - DAG(s) dict_keys(['example_task_group']) retrieved from /home/airflow/.local/lib/python3.7/site-packages/airflow/example_dags/example_task_group.py
[2025-10-06T15:45:02.554+0000] {logging_mixin.py:137} INFO - [2025-10-06T15:45:02.554+0000] {dag.py:2690} INFO - Sync 1 DAGs
[2025-10-06T15:45:02.566+0000] {logging_mixin.py:137} INFO - [2025-10-06T15:45:02.566+0000] {dag.py:3441} INFO - Setting next_dagrun for example_task_group to 2025-10-05T15:45:02.566447+00:00, run_after=2025-10-06T15:45:02.566447+00:00
[2025-10-06T15:45:02.577+0000] {processor.py:175} INFO - Processing /home/airflow/.local/lib/python3.7/site-packages/airflow/example_dags/example_task_group.py took 0.049 seconds
[2025-10-06T15:45:32.829+0000] {processor.py:153} INFO - Started process (PID=2042) to work on /home/airflow/.local/lib/python3.7/site-packages/airflow/example_dags/example_task_group.py
[2025-10-06T15:45:32.830+0000] {processor.py:743} INFO - Processing file /home/airflow/.local/lib/python3.7/site-packages/airflow/example_dags/example_task_group.py for tasks to queue
[2025-10-06T15:45:32.831+0000] {logging_mixin.py:137} INFO - [2025-10-06T15:45:32.830+0000] {dagbag.py:538} INFO - Filling up the DagBag from /home/airflow/.local/lib/python3.7/site-packages/airflow/example_dags/example_task_group.py
[2025-10-06T15:45:32.837+0000] {processor.py:753} INFO - DAG(s) dict_keys(['example_task_group']) retrieved from /home/airflow/.local/lib/python3.7/site-packages/airflow/example_dags/example_task_group.py
[2025-10-06T15:45:32.847+0000] {logging_mixin.py:137} INFO - [2025-10-06T15:45:32.847+0000] {dag.py:2690} INFO - Sync 1 DAGs
[2025-10-06T15:45:32.857+0000] {logging_mixin.py:137} INFO - [2025-10-06T15:45:32.857+0000] {dag.py:3441} INFO - Setting next_dagrun for example_task_group to 2025-10-05T15:45:32.857539+00:00, run_after=2025-10-06T15:45:32.857539+00:00
[2025-10-06T15:45:32.864+0000] {processor.py:175} INFO - Processing /home/airflow/.local/lib/python3.7/site-packages/airflow/example_dags/example_task_group.py took 0.037 seconds
[2025-10-06T15:46:03.237+0000] {processor.py:153} INFO - Started process (PID=2141) to work on /home/airflow/.local/lib/python3.7/site-packages/airflow/example_dags/example_task_group.py
[2025-10-06T15:46:03.240+0000] {processor.py:743} INFO - Processing file /home/airflow/.local/lib/python3.7/site-packages/airflow/example_dags/example_task_group.py for tasks to queue
[2025-10-06T15:46:03.240+0000] {logging_mixin.py:137} INFO - [2025-10-06T15:46:03.240+0000] {dagbag.py:538} INFO - Filling up the DagBag from /home/airflow/.local/lib/python3.7/site-packages/airflow/example_dags/example_task_group.py
[2025-10-06T15:46:03.249+0000] {processor.py:753} INFO - DAG(s) dict_keys(['example_task_group']) retrieved from /home/airflow/.local/lib/python3.7/site-packages/airflow/example_dags/example_task_group.py
[2025-10-06T15:46:03.264+0000] {logging_mixin.py:137} INFO - [2025-10-06T15:46:03.264+0000] {dag.py:2690} INFO - Sync 1 DAGs
[2025-10-06T15:46:03.275+0000] {logging_mixin.py:137} INFO - [2025-10-06T15:46:03.275+0000] {dag.py:3441} INFO - Setting next_dagrun for example_task_group to 2025-10-05T15:46:03.275465+00:00, run_after=2025-10-06T15:46:03.275465+00:00
[2025-10-06T15:46:03.284+0000] {processor.py:175} INFO - Processing /home/airflow/.local/lib/python3.7/site-packages/airflow/example_dags/example_task_group.py took 0.050 seconds
[2025-10-06T15:46:33.886+0000] {processor.py:153} INFO - Started process (PID=2220) to work on /home/airflow/.local/lib/python3.7/site-packages/airflow/example_dags/example_task_group.py
[2025-10-06T15:46:33.887+0000] {processor.py:743} INFO - Processing file /home/airflow/.local/lib/python3.7/site-packages/airflow/example_dags/example_task_group.py for tasks to queue
[2025-10-06T15:46:33.888+0000] {logging_mixin.py:137} INFO - [2025-10-06T15:46:33.888+0000] {dagbag.py:538} INFO - Filling up the DagBag from /home/airflow/.local/lib/python3.7/site-packages/airflow/example_dags/example_task_group.py
[2025-10-06T15:46:33.896+0000] {processor.py:753} INFO - DAG(s) dict_keys(['example_task_group']) retrieved from /home/airflow/.local/lib/python3.7/site-packages/airflow/example_dags/example_task_group.py
[2025-10-06T15:46:33.908+0000] {logging_mixin.py:137} INFO - [2025-10-06T15:46:33.908+0000] {dag.py:2690} INFO - Sync 1 DAGs
[2025-10-06T15:46:33.921+0000] {logging_mixin.py:137} INFO - [2025-10-06T15:46:33.921+0000] {dag.py:3441} INFO - Setting next_dagrun for example_task_group to 2025-10-05T15:46:33.921505+00:00, run_after=2025-10-06T15:46:33.921505+00:00
[2025-10-06T15:46:33.932+0000] {processor.py:175} INFO - Processing /home/airflow/.local/lib/python3.7/site-packages/airflow/example_dags/example_task_group.py took 0.048 seconds
