[2025-10-06T15:34:55.265+0000] {processor.py:153} INFO - Started process (PID=65) to work on /home/airflow/.local/lib/python3.7/site-packages/airflow/example_dags/example_complex.py
[2025-10-06T15:34:55.266+0000] {processor.py:743} INFO - Processing file /home/airflow/.local/lib/python3.7/site-packages/airflow/example_dags/example_complex.py for tasks to queue
[2025-10-06T15:34:55.266+0000] {logging_mixin.py:137} INFO - [2025-10-06T15:34:55.266+0000] {dagbag.py:538} INFO - Filling up the DagBag from /home/airflow/.local/lib/python3.7/site-packages/airflow/example_dags/example_complex.py
[2025-10-06T15:34:55.273+0000] {logging_mixin.py:137} INFO - [2025-10-06T15:34:55.273+0000] {taskmixin.py:205} WARNING - Dependency <Task(BashOperator): create_entry_group>, delete_entry_group already registered for DAG: example_complex
[2025-10-06T15:34:55.273+0000] {logging_mixin.py:137} INFO - [2025-10-06T15:34:55.273+0000] {taskmixin.py:205} WARNING - Dependency <Task(BashOperator): delete_entry_group>, create_entry_group already registered for DAG: example_complex
[2025-10-06T15:34:55.273+0000] {logging_mixin.py:137} INFO - [2025-10-06T15:34:55.273+0000] {taskmixin.py:205} WARNING - Dependency <Task(BashOperator): create_entry_gcs>, delete_entry already registered for DAG: example_complex
[2025-10-06T15:34:55.273+0000] {logging_mixin.py:137} INFO - [2025-10-06T15:34:55.273+0000] {taskmixin.py:205} WARNING - Dependency <Task(BashOperator): delete_entry>, create_entry_gcs already registered for DAG: example_complex
[2025-10-06T15:34:55.273+0000] {logging_mixin.py:137} INFO - [2025-10-06T15:34:55.273+0000] {taskmixin.py:205} WARNING - Dependency <Task(BashOperator): create_tag>, delete_tag already registered for DAG: example_complex
[2025-10-06T15:34:55.274+0000] {logging_mixin.py:137} INFO - [2025-10-06T15:34:55.274+0000] {taskmixin.py:205} WARNING - Dependency <Task(BashOperator): delete_tag>, create_tag already registered for DAG: example_complex
[2025-10-06T15:34:55.278+0000] {processor.py:753} INFO - DAG(s) dict_keys(['example_complex']) retrieved from /home/airflow/.local/lib/python3.7/site-packages/airflow/example_dags/example_complex.py
[2025-10-06T15:34:55.286+0000] {logging_mixin.py:137} INFO - [2025-10-06T15:34:55.286+0000] {dag.py:2690} INFO - Sync 1 DAGs
[2025-10-06T15:34:55.300+0000] {logging_mixin.py:137} INFO - [2025-10-06T15:34:55.300+0000] {dag.py:3441} INFO - Setting next_dagrun for example_complex to None, run_after=None
[2025-10-06T15:34:55.310+0000] {processor.py:175} INFO - Processing /home/airflow/.local/lib/python3.7/site-packages/airflow/example_dags/example_complex.py took 0.047 seconds
[2025-10-06T15:35:25.776+0000] {processor.py:153} INFO - Started process (PID=164) to work on /home/airflow/.local/lib/python3.7/site-packages/airflow/example_dags/example_complex.py
[2025-10-06T15:35:25.777+0000] {processor.py:743} INFO - Processing file /home/airflow/.local/lib/python3.7/site-packages/airflow/example_dags/example_complex.py for tasks to queue
[2025-10-06T15:35:25.778+0000] {logging_mixin.py:137} INFO - [2025-10-06T15:35:25.777+0000] {dagbag.py:538} INFO - Filling up the DagBag from /home/airflow/.local/lib/python3.7/site-packages/airflow/example_dags/example_complex.py
[2025-10-06T15:35:25.783+0000] {logging_mixin.py:137} INFO - [2025-10-06T15:35:25.783+0000] {taskmixin.py:205} WARNING - Dependency <Task(BashOperator): create_entry_group>, delete_entry_group already registered for DAG: example_complex
[2025-10-06T15:35:25.783+0000] {logging_mixin.py:137} INFO - [2025-10-06T15:35:25.783+0000] {taskmixin.py:205} WARNING - Dependency <Task(BashOperator): delete_entry_group>, create_entry_group already registered for DAG: example_complex
[2025-10-06T15:35:25.787+0000] {logging_mixin.py:137} INFO - [2025-10-06T15:35:25.787+0000] {taskmixin.py:205} WARNING - Dependency <Task(BashOperator): create_entry_gcs>, delete_entry already registered for DAG: example_complex
[2025-10-06T15:35:25.788+0000] {logging_mixin.py:137} INFO - [2025-10-06T15:35:25.787+0000] {taskmixin.py:205} WARNING - Dependency <Task(BashOperator): delete_entry>, create_entry_gcs already registered for DAG: example_complex
[2025-10-06T15:35:25.788+0000] {logging_mixin.py:137} INFO - [2025-10-06T15:35:25.788+0000] {taskmixin.py:205} WARNING - Dependency <Task(BashOperator): create_tag>, delete_tag already registered for DAG: example_complex
[2025-10-06T15:35:25.789+0000] {logging_mixin.py:137} INFO - [2025-10-06T15:35:25.788+0000] {taskmixin.py:205} WARNING - Dependency <Task(BashOperator): delete_tag>, create_tag already registered for DAG: example_complex
[2025-10-06T15:35:25.794+0000] {processor.py:753} INFO - DAG(s) dict_keys(['example_complex']) retrieved from /home/airflow/.local/lib/python3.7/site-packages/airflow/example_dags/example_complex.py
[2025-10-06T15:35:25.811+0000] {logging_mixin.py:137} INFO - [2025-10-06T15:35:25.811+0000] {dag.py:2690} INFO - Sync 1 DAGs
[2025-10-06T15:35:25.823+0000] {logging_mixin.py:137} INFO - [2025-10-06T15:35:25.823+0000] {dag.py:3441} INFO - Setting next_dagrun for example_complex to None, run_after=None
[2025-10-06T15:35:25.831+0000] {processor.py:175} INFO - Processing /home/airflow/.local/lib/python3.7/site-packages/airflow/example_dags/example_complex.py took 0.057 seconds
[2025-10-06T15:35:56.229+0000] {processor.py:153} INFO - Started process (PID=263) to work on /home/airflow/.local/lib/python3.7/site-packages/airflow/example_dags/example_complex.py
[2025-10-06T15:35:56.230+0000] {processor.py:743} INFO - Processing file /home/airflow/.local/lib/python3.7/site-packages/airflow/example_dags/example_complex.py for tasks to queue
[2025-10-06T15:35:56.230+0000] {logging_mixin.py:137} INFO - [2025-10-06T15:35:56.230+0000] {dagbag.py:538} INFO - Filling up the DagBag from /home/airflow/.local/lib/python3.7/site-packages/airflow/example_dags/example_complex.py
[2025-10-06T15:35:56.235+0000] {logging_mixin.py:137} INFO - [2025-10-06T15:35:56.235+0000] {taskmixin.py:205} WARNING - Dependency <Task(BashOperator): create_entry_group>, delete_entry_group already registered for DAG: example_complex
[2025-10-06T15:35:56.235+0000] {logging_mixin.py:137} INFO - [2025-10-06T15:35:56.235+0000] {taskmixin.py:205} WARNING - Dependency <Task(BashOperator): delete_entry_group>, create_entry_group already registered for DAG: example_complex
[2025-10-06T15:35:56.236+0000] {logging_mixin.py:137} INFO - [2025-10-06T15:35:56.235+0000] {taskmixin.py:205} WARNING - Dependency <Task(BashOperator): create_entry_gcs>, delete_entry already registered for DAG: example_complex
[2025-10-06T15:35:56.236+0000] {logging_mixin.py:137} INFO - [2025-10-06T15:35:56.236+0000] {taskmixin.py:205} WARNING - Dependency <Task(BashOperator): delete_entry>, create_entry_gcs already registered for DAG: example_complex
[2025-10-06T15:35:56.236+0000] {logging_mixin.py:137} INFO - [2025-10-06T15:35:56.236+0000] {taskmixin.py:205} WARNING - Dependency <Task(BashOperator): create_tag>, delete_tag already registered for DAG: example_complex
[2025-10-06T15:35:56.236+0000] {logging_mixin.py:137} INFO - [2025-10-06T15:35:56.236+0000] {taskmixin.py:205} WARNING - Dependency <Task(BashOperator): delete_tag>, create_tag already registered for DAG: example_complex
[2025-10-06T15:35:56.239+0000] {processor.py:753} INFO - DAG(s) dict_keys(['example_complex']) retrieved from /home/airflow/.local/lib/python3.7/site-packages/airflow/example_dags/example_complex.py
[2025-10-06T15:35:56.255+0000] {logging_mixin.py:137} INFO - [2025-10-06T15:35:56.255+0000] {dag.py:2690} INFO - Sync 1 DAGs
[2025-10-06T15:35:56.268+0000] {logging_mixin.py:137} INFO - [2025-10-06T15:35:56.268+0000] {dag.py:3441} INFO - Setting next_dagrun for example_complex to None, run_after=None
[2025-10-06T15:35:56.279+0000] {processor.py:175} INFO - Processing /home/airflow/.local/lib/python3.7/site-packages/airflow/example_dags/example_complex.py took 0.051 seconds
[2025-10-06T15:36:26.736+0000] {processor.py:153} INFO - Started process (PID=342) to work on /home/airflow/.local/lib/python3.7/site-packages/airflow/example_dags/example_complex.py
[2025-10-06T15:36:26.737+0000] {processor.py:743} INFO - Processing file /home/airflow/.local/lib/python3.7/site-packages/airflow/example_dags/example_complex.py for tasks to queue
[2025-10-06T15:36:26.737+0000] {logging_mixin.py:137} INFO - [2025-10-06T15:36:26.737+0000] {dagbag.py:538} INFO - Filling up the DagBag from /home/airflow/.local/lib/python3.7/site-packages/airflow/example_dags/example_complex.py
[2025-10-06T15:36:26.743+0000] {logging_mixin.py:137} INFO - [2025-10-06T15:36:26.743+0000] {taskmixin.py:205} WARNING - Dependency <Task(BashOperator): create_entry_group>, delete_entry_group already registered for DAG: example_complex
[2025-10-06T15:36:26.743+0000] {logging_mixin.py:137} INFO - [2025-10-06T15:36:26.743+0000] {taskmixin.py:205} WARNING - Dependency <Task(BashOperator): delete_entry_group>, create_entry_group already registered for DAG: example_complex
[2025-10-06T15:36:26.744+0000] {logging_mixin.py:137} INFO - [2025-10-06T15:36:26.744+0000] {taskmixin.py:205} WARNING - Dependency <Task(BashOperator): create_entry_gcs>, delete_entry already registered for DAG: example_complex
[2025-10-06T15:36:26.744+0000] {logging_mixin.py:137} INFO - [2025-10-06T15:36:26.744+0000] {taskmixin.py:205} WARNING - Dependency <Task(BashOperator): delete_entry>, create_entry_gcs already registered for DAG: example_complex
[2025-10-06T15:36:26.744+0000] {logging_mixin.py:137} INFO - [2025-10-06T15:36:26.744+0000] {taskmixin.py:205} WARNING - Dependency <Task(BashOperator): create_tag>, delete_tag already registered for DAG: example_complex
[2025-10-06T15:36:26.744+0000] {logging_mixin.py:137} INFO - [2025-10-06T15:36:26.744+0000] {taskmixin.py:205} WARNING - Dependency <Task(BashOperator): delete_tag>, create_tag already registered for DAG: example_complex
[2025-10-06T15:36:26.747+0000] {processor.py:753} INFO - DAG(s) dict_keys(['example_complex']) retrieved from /home/airflow/.local/lib/python3.7/site-packages/airflow/example_dags/example_complex.py
[2025-10-06T15:36:26.761+0000] {logging_mixin.py:137} INFO - [2025-10-06T15:36:26.760+0000] {dag.py:2690} INFO - Sync 1 DAGs
[2025-10-06T15:36:26.772+0000] {logging_mixin.py:137} INFO - [2025-10-06T15:36:26.772+0000] {dag.py:3441} INFO - Setting next_dagrun for example_complex to None, run_after=None
[2025-10-06T15:36:26.780+0000] {processor.py:175} INFO - Processing /home/airflow/.local/lib/python3.7/site-packages/airflow/example_dags/example_complex.py took 0.045 seconds
[2025-10-06T15:36:57.191+0000] {processor.py:153} INFO - Started process (PID=441) to work on /home/airflow/.local/lib/python3.7/site-packages/airflow/example_dags/example_complex.py
[2025-10-06T15:36:57.192+0000] {processor.py:743} INFO - Processing file /home/airflow/.local/lib/python3.7/site-packages/airflow/example_dags/example_complex.py for tasks to queue
[2025-10-06T15:36:57.192+0000] {logging_mixin.py:137} INFO - [2025-10-06T15:36:57.192+0000] {dagbag.py:538} INFO - Filling up the DagBag from /home/airflow/.local/lib/python3.7/site-packages/airflow/example_dags/example_complex.py
[2025-10-06T15:36:57.196+0000] {logging_mixin.py:137} INFO - [2025-10-06T15:36:57.196+0000] {taskmixin.py:205} WARNING - Dependency <Task(BashOperator): create_entry_group>, delete_entry_group already registered for DAG: example_complex
[2025-10-06T15:36:57.198+0000] {logging_mixin.py:137} INFO - [2025-10-06T15:36:57.198+0000] {taskmixin.py:205} WARNING - Dependency <Task(BashOperator): delete_entry_group>, create_entry_group already registered for DAG: example_complex
[2025-10-06T15:36:57.198+0000] {logging_mixin.py:137} INFO - [2025-10-06T15:36:57.198+0000] {taskmixin.py:205} WARNING - Dependency <Task(BashOperator): create_entry_gcs>, delete_entry already registered for DAG: example_complex
[2025-10-06T15:36:57.198+0000] {logging_mixin.py:137} INFO - [2025-10-06T15:36:57.198+0000] {taskmixin.py:205} WARNING - Dependency <Task(BashOperator): delete_entry>, create_entry_gcs already registered for DAG: example_complex
[2025-10-06T15:36:57.199+0000] {logging_mixin.py:137} INFO - [2025-10-06T15:36:57.199+0000] {taskmixin.py:205} WARNING - Dependency <Task(BashOperator): create_tag>, delete_tag already registered for DAG: example_complex
[2025-10-06T15:36:57.200+0000] {logging_mixin.py:137} INFO - [2025-10-06T15:36:57.200+0000] {taskmixin.py:205} WARNING - Dependency <Task(BashOperator): delete_tag>, create_tag already registered for DAG: example_complex
[2025-10-06T15:36:57.204+0000] {processor.py:753} INFO - DAG(s) dict_keys(['example_complex']) retrieved from /home/airflow/.local/lib/python3.7/site-packages/airflow/example_dags/example_complex.py
[2025-10-06T15:36:57.218+0000] {logging_mixin.py:137} INFO - [2025-10-06T15:36:57.218+0000] {dag.py:2690} INFO - Sync 1 DAGs
[2025-10-06T15:36:57.231+0000] {logging_mixin.py:137} INFO - [2025-10-06T15:36:57.231+0000] {dag.py:3441} INFO - Setting next_dagrun for example_complex to None, run_after=None
[2025-10-06T15:36:57.243+0000] {processor.py:175} INFO - Processing /home/airflow/.local/lib/python3.7/site-packages/airflow/example_dags/example_complex.py took 0.053 seconds
[2025-10-06T15:37:27.569+0000] {processor.py:153} INFO - Started process (PID=540) to work on /home/airflow/.local/lib/python3.7/site-packages/airflow/example_dags/example_complex.py
[2025-10-06T15:37:27.570+0000] {processor.py:743} INFO - Processing file /home/airflow/.local/lib/python3.7/site-packages/airflow/example_dags/example_complex.py for tasks to queue
[2025-10-06T15:37:27.570+0000] {logging_mixin.py:137} INFO - [2025-10-06T15:37:27.570+0000] {dagbag.py:538} INFO - Filling up the DagBag from /home/airflow/.local/lib/python3.7/site-packages/airflow/example_dags/example_complex.py
[2025-10-06T15:37:27.575+0000] {logging_mixin.py:137} INFO - [2025-10-06T15:37:27.575+0000] {taskmixin.py:205} WARNING - Dependency <Task(BashOperator): create_entry_group>, delete_entry_group already registered for DAG: example_complex
[2025-10-06T15:37:27.575+0000] {logging_mixin.py:137} INFO - [2025-10-06T15:37:27.575+0000] {taskmixin.py:205} WARNING - Dependency <Task(BashOperator): delete_entry_group>, create_entry_group already registered for DAG: example_complex
[2025-10-06T15:37:27.575+0000] {logging_mixin.py:137} INFO - [2025-10-06T15:37:27.575+0000] {taskmixin.py:205} WARNING - Dependency <Task(BashOperator): create_entry_gcs>, delete_entry already registered for DAG: example_complex
[2025-10-06T15:37:27.575+0000] {logging_mixin.py:137} INFO - [2025-10-06T15:37:27.575+0000] {taskmixin.py:205} WARNING - Dependency <Task(BashOperator): delete_entry>, create_entry_gcs already registered for DAG: example_complex
[2025-10-06T15:37:27.576+0000] {logging_mixin.py:137} INFO - [2025-10-06T15:37:27.576+0000] {taskmixin.py:205} WARNING - Dependency <Task(BashOperator): create_tag>, delete_tag already registered for DAG: example_complex
[2025-10-06T15:37:27.576+0000] {logging_mixin.py:137} INFO - [2025-10-06T15:37:27.576+0000] {taskmixin.py:205} WARNING - Dependency <Task(BashOperator): delete_tag>, create_tag already registered for DAG: example_complex
[2025-10-06T15:37:27.579+0000] {processor.py:753} INFO - DAG(s) dict_keys(['example_complex']) retrieved from /home/airflow/.local/lib/python3.7/site-packages/airflow/example_dags/example_complex.py
[2025-10-06T15:37:27.591+0000] {logging_mixin.py:137} INFO - [2025-10-06T15:37:27.591+0000] {dag.py:2690} INFO - Sync 1 DAGs
[2025-10-06T15:37:27.602+0000] {logging_mixin.py:137} INFO - [2025-10-06T15:37:27.602+0000] {dag.py:3441} INFO - Setting next_dagrun for example_complex to None, run_after=None
[2025-10-06T15:37:27.614+0000] {processor.py:175} INFO - Processing /home/airflow/.local/lib/python3.7/site-packages/airflow/example_dags/example_complex.py took 0.047 seconds
[2025-10-06T15:37:57.945+0000] {processor.py:153} INFO - Started process (PID=639) to work on /home/airflow/.local/lib/python3.7/site-packages/airflow/example_dags/example_complex.py
[2025-10-06T15:37:57.946+0000] {processor.py:743} INFO - Processing file /home/airflow/.local/lib/python3.7/site-packages/airflow/example_dags/example_complex.py for tasks to queue
[2025-10-06T15:37:57.946+0000] {logging_mixin.py:137} INFO - [2025-10-06T15:37:57.946+0000] {dagbag.py:538} INFO - Filling up the DagBag from /home/airflow/.local/lib/python3.7/site-packages/airflow/example_dags/example_complex.py
[2025-10-06T15:37:57.951+0000] {logging_mixin.py:137} INFO - [2025-10-06T15:37:57.951+0000] {taskmixin.py:205} WARNING - Dependency <Task(BashOperator): create_entry_group>, delete_entry_group already registered for DAG: example_complex
[2025-10-06T15:37:57.951+0000] {logging_mixin.py:137} INFO - [2025-10-06T15:37:57.951+0000] {taskmixin.py:205} WARNING - Dependency <Task(BashOperator): delete_entry_group>, create_entry_group already registered for DAG: example_complex
[2025-10-06T15:37:57.951+0000] {logging_mixin.py:137} INFO - [2025-10-06T15:37:57.951+0000] {taskmixin.py:205} WARNING - Dependency <Task(BashOperator): create_entry_gcs>, delete_entry already registered for DAG: example_complex
[2025-10-06T15:37:57.951+0000] {logging_mixin.py:137} INFO - [2025-10-06T15:37:57.951+0000] {taskmixin.py:205} WARNING - Dependency <Task(BashOperator): delete_entry>, create_entry_gcs already registered for DAG: example_complex
[2025-10-06T15:37:57.952+0000] {logging_mixin.py:137} INFO - [2025-10-06T15:37:57.952+0000] {taskmixin.py:205} WARNING - Dependency <Task(BashOperator): create_tag>, delete_tag already registered for DAG: example_complex
[2025-10-06T15:37:57.952+0000] {logging_mixin.py:137} INFO - [2025-10-06T15:37:57.952+0000] {taskmixin.py:205} WARNING - Dependency <Task(BashOperator): delete_tag>, create_tag already registered for DAG: example_complex
[2025-10-06T15:37:57.955+0000] {processor.py:753} INFO - DAG(s) dict_keys(['example_complex']) retrieved from /home/airflow/.local/lib/python3.7/site-packages/airflow/example_dags/example_complex.py
[2025-10-06T15:37:57.969+0000] {logging_mixin.py:137} INFO - [2025-10-06T15:37:57.969+0000] {dag.py:2690} INFO - Sync 1 DAGs
[2025-10-06T15:37:57.979+0000] {logging_mixin.py:137} INFO - [2025-10-06T15:37:57.979+0000] {dag.py:3441} INFO - Setting next_dagrun for example_complex to None, run_after=None
[2025-10-06T15:37:57.986+0000] {processor.py:175} INFO - Processing /home/airflow/.local/lib/python3.7/site-packages/airflow/example_dags/example_complex.py took 0.043 seconds
[2025-10-06T15:38:28.366+0000] {processor.py:153} INFO - Started process (PID=718) to work on /home/airflow/.local/lib/python3.7/site-packages/airflow/example_dags/example_complex.py
[2025-10-06T15:38:28.367+0000] {processor.py:743} INFO - Processing file /home/airflow/.local/lib/python3.7/site-packages/airflow/example_dags/example_complex.py for tasks to queue
[2025-10-06T15:38:28.367+0000] {logging_mixin.py:137} INFO - [2025-10-06T15:38:28.367+0000] {dagbag.py:538} INFO - Filling up the DagBag from /home/airflow/.local/lib/python3.7/site-packages/airflow/example_dags/example_complex.py
[2025-10-06T15:38:28.372+0000] {logging_mixin.py:137} INFO - [2025-10-06T15:38:28.372+0000] {taskmixin.py:205} WARNING - Dependency <Task(BashOperator): create_entry_group>, delete_entry_group already registered for DAG: example_complex
[2025-10-06T15:38:28.372+0000] {logging_mixin.py:137} INFO - [2025-10-06T15:38:28.372+0000] {taskmixin.py:205} WARNING - Dependency <Task(BashOperator): delete_entry_group>, create_entry_group already registered for DAG: example_complex
[2025-10-06T15:38:28.372+0000] {logging_mixin.py:137} INFO - [2025-10-06T15:38:28.372+0000] {taskmixin.py:205} WARNING - Dependency <Task(BashOperator): create_entry_gcs>, delete_entry already registered for DAG: example_complex
[2025-10-06T15:38:28.374+0000] {logging_mixin.py:137} INFO - [2025-10-06T15:38:28.374+0000] {taskmixin.py:205} WARNING - Dependency <Task(BashOperator): delete_entry>, create_entry_gcs already registered for DAG: example_complex
[2025-10-06T15:38:28.374+0000] {logging_mixin.py:137} INFO - [2025-10-06T15:38:28.374+0000] {taskmixin.py:205} WARNING - Dependency <Task(BashOperator): create_tag>, delete_tag already registered for DAG: example_complex
[2025-10-06T15:38:28.374+0000] {logging_mixin.py:137} INFO - [2025-10-06T15:38:28.374+0000] {taskmixin.py:205} WARNING - Dependency <Task(BashOperator): delete_tag>, create_tag already registered for DAG: example_complex
[2025-10-06T15:38:28.378+0000] {processor.py:753} INFO - DAG(s) dict_keys(['example_complex']) retrieved from /home/airflow/.local/lib/python3.7/site-packages/airflow/example_dags/example_complex.py
[2025-10-06T15:38:28.390+0000] {logging_mixin.py:137} INFO - [2025-10-06T15:38:28.390+0000] {dag.py:2690} INFO - Sync 1 DAGs
[2025-10-06T15:38:28.401+0000] {logging_mixin.py:137} INFO - [2025-10-06T15:38:28.401+0000] {dag.py:3441} INFO - Setting next_dagrun for example_complex to None, run_after=None
[2025-10-06T15:38:28.408+0000] {processor.py:175} INFO - Processing /home/airflow/.local/lib/python3.7/site-packages/airflow/example_dags/example_complex.py took 0.044 seconds
[2025-10-06T15:38:58.770+0000] {processor.py:153} INFO - Started process (PID=817) to work on /home/airflow/.local/lib/python3.7/site-packages/airflow/example_dags/example_complex.py
[2025-10-06T15:38:58.772+0000] {processor.py:743} INFO - Processing file /home/airflow/.local/lib/python3.7/site-packages/airflow/example_dags/example_complex.py for tasks to queue
[2025-10-06T15:38:58.772+0000] {logging_mixin.py:137} INFO - [2025-10-06T15:38:58.772+0000] {dagbag.py:538} INFO - Filling up the DagBag from /home/airflow/.local/lib/python3.7/site-packages/airflow/example_dags/example_complex.py
[2025-10-06T15:38:58.777+0000] {logging_mixin.py:137} INFO - [2025-10-06T15:38:58.777+0000] {taskmixin.py:205} WARNING - Dependency <Task(BashOperator): create_entry_group>, delete_entry_group already registered for DAG: example_complex
[2025-10-06T15:38:58.777+0000] {logging_mixin.py:137} INFO - [2025-10-06T15:38:58.777+0000] {taskmixin.py:205} WARNING - Dependency <Task(BashOperator): delete_entry_group>, create_entry_group already registered for DAG: example_complex
[2025-10-06T15:38:58.778+0000] {logging_mixin.py:137} INFO - [2025-10-06T15:38:58.778+0000] {taskmixin.py:205} WARNING - Dependency <Task(BashOperator): create_entry_gcs>, delete_entry already registered for DAG: example_complex
[2025-10-06T15:38:58.779+0000] {logging_mixin.py:137} INFO - [2025-10-06T15:38:58.778+0000] {taskmixin.py:205} WARNING - Dependency <Task(BashOperator): delete_entry>, create_entry_gcs already registered for DAG: example_complex
[2025-10-06T15:38:58.779+0000] {logging_mixin.py:137} INFO - [2025-10-06T15:38:58.779+0000] {taskmixin.py:205} WARNING - Dependency <Task(BashOperator): create_tag>, delete_tag already registered for DAG: example_complex
[2025-10-06T15:38:58.779+0000] {logging_mixin.py:137} INFO - [2025-10-06T15:38:58.779+0000] {taskmixin.py:205} WARNING - Dependency <Task(BashOperator): delete_tag>, create_tag already registered for DAG: example_complex
[2025-10-06T15:38:58.782+0000] {processor.py:753} INFO - DAG(s) dict_keys(['example_complex']) retrieved from /home/airflow/.local/lib/python3.7/site-packages/airflow/example_dags/example_complex.py
[2025-10-06T15:38:58.796+0000] {logging_mixin.py:137} INFO - [2025-10-06T15:38:58.796+0000] {dag.py:2690} INFO - Sync 1 DAGs
[2025-10-06T15:38:58.810+0000] {logging_mixin.py:137} INFO - [2025-10-06T15:38:58.810+0000] {dag.py:3441} INFO - Setting next_dagrun for example_complex to None, run_after=None
[2025-10-06T15:38:58.823+0000] {processor.py:175} INFO - Processing /home/airflow/.local/lib/python3.7/site-packages/airflow/example_dags/example_complex.py took 0.054 seconds
[2025-10-06T15:39:29.145+0000] {processor.py:153} INFO - Started process (PID=916) to work on /home/airflow/.local/lib/python3.7/site-packages/airflow/example_dags/example_complex.py
[2025-10-06T15:39:29.145+0000] {processor.py:743} INFO - Processing file /home/airflow/.local/lib/python3.7/site-packages/airflow/example_dags/example_complex.py for tasks to queue
[2025-10-06T15:39:29.145+0000] {logging_mixin.py:137} INFO - [2025-10-06T15:39:29.145+0000] {dagbag.py:538} INFO - Filling up the DagBag from /home/airflow/.local/lib/python3.7/site-packages/airflow/example_dags/example_complex.py
[2025-10-06T15:39:29.150+0000] {logging_mixin.py:137} INFO - [2025-10-06T15:39:29.150+0000] {taskmixin.py:205} WARNING - Dependency <Task(BashOperator): create_entry_group>, delete_entry_group already registered for DAG: example_complex
[2025-10-06T15:39:29.150+0000] {logging_mixin.py:137} INFO - [2025-10-06T15:39:29.150+0000] {taskmixin.py:205} WARNING - Dependency <Task(BashOperator): delete_entry_group>, create_entry_group already registered for DAG: example_complex
[2025-10-06T15:39:29.150+0000] {logging_mixin.py:137} INFO - [2025-10-06T15:39:29.150+0000] {taskmixin.py:205} WARNING - Dependency <Task(BashOperator): create_entry_gcs>, delete_entry already registered for DAG: example_complex
[2025-10-06T15:39:29.150+0000] {logging_mixin.py:137} INFO - [2025-10-06T15:39:29.150+0000] {taskmixin.py:205} WARNING - Dependency <Task(BashOperator): delete_entry>, create_entry_gcs already registered for DAG: example_complex
[2025-10-06T15:39:29.150+0000] {logging_mixin.py:137} INFO - [2025-10-06T15:39:29.150+0000] {taskmixin.py:205} WARNING - Dependency <Task(BashOperator): create_tag>, delete_tag already registered for DAG: example_complex
[2025-10-06T15:39:29.150+0000] {logging_mixin.py:137} INFO - [2025-10-06T15:39:29.150+0000] {taskmixin.py:205} WARNING - Dependency <Task(BashOperator): delete_tag>, create_tag already registered for DAG: example_complex
[2025-10-06T15:39:29.153+0000] {processor.py:753} INFO - DAG(s) dict_keys(['example_complex']) retrieved from /home/airflow/.local/lib/python3.7/site-packages/airflow/example_dags/example_complex.py
[2025-10-06T15:39:29.165+0000] {logging_mixin.py:137} INFO - [2025-10-06T15:39:29.165+0000] {dag.py:2690} INFO - Sync 1 DAGs
[2025-10-06T15:39:29.174+0000] {logging_mixin.py:137} INFO - [2025-10-06T15:39:29.174+0000] {dag.py:3441} INFO - Setting next_dagrun for example_complex to None, run_after=None
[2025-10-06T15:39:29.181+0000] {processor.py:175} INFO - Processing /home/airflow/.local/lib/python3.7/site-packages/airflow/example_dags/example_complex.py took 0.037 seconds
[2025-10-06T15:39:59.523+0000] {processor.py:153} INFO - Started process (PID=1015) to work on /home/airflow/.local/lib/python3.7/site-packages/airflow/example_dags/example_complex.py
[2025-10-06T15:39:59.525+0000] {processor.py:743} INFO - Processing file /home/airflow/.local/lib/python3.7/site-packages/airflow/example_dags/example_complex.py for tasks to queue
[2025-10-06T15:39:59.525+0000] {logging_mixin.py:137} INFO - [2025-10-06T15:39:59.525+0000] {dagbag.py:538} INFO - Filling up the DagBag from /home/airflow/.local/lib/python3.7/site-packages/airflow/example_dags/example_complex.py
[2025-10-06T15:39:59.530+0000] {logging_mixin.py:137} INFO - [2025-10-06T15:39:59.530+0000] {taskmixin.py:205} WARNING - Dependency <Task(BashOperator): create_entry_group>, delete_entry_group already registered for DAG: example_complex
[2025-10-06T15:39:59.530+0000] {logging_mixin.py:137} INFO - [2025-10-06T15:39:59.530+0000] {taskmixin.py:205} WARNING - Dependency <Task(BashOperator): delete_entry_group>, create_entry_group already registered for DAG: example_complex
[2025-10-06T15:39:59.530+0000] {logging_mixin.py:137} INFO - [2025-10-06T15:39:59.530+0000] {taskmixin.py:205} WARNING - Dependency <Task(BashOperator): create_entry_gcs>, delete_entry already registered for DAG: example_complex
[2025-10-06T15:39:59.531+0000] {logging_mixin.py:137} INFO - [2025-10-06T15:39:59.531+0000] {taskmixin.py:205} WARNING - Dependency <Task(BashOperator): delete_entry>, create_entry_gcs already registered for DAG: example_complex
[2025-10-06T15:39:59.531+0000] {logging_mixin.py:137} INFO - [2025-10-06T15:39:59.531+0000] {taskmixin.py:205} WARNING - Dependency <Task(BashOperator): create_tag>, delete_tag already registered for DAG: example_complex
[2025-10-06T15:39:59.531+0000] {logging_mixin.py:137} INFO - [2025-10-06T15:39:59.531+0000] {taskmixin.py:205} WARNING - Dependency <Task(BashOperator): delete_tag>, create_tag already registered for DAG: example_complex
[2025-10-06T15:39:59.534+0000] {processor.py:753} INFO - DAG(s) dict_keys(['example_complex']) retrieved from /home/airflow/.local/lib/python3.7/site-packages/airflow/example_dags/example_complex.py
[2025-10-06T15:39:59.547+0000] {logging_mixin.py:137} INFO - [2025-10-06T15:39:59.547+0000] {dag.py:2690} INFO - Sync 1 DAGs
[2025-10-06T15:39:59.557+0000] {logging_mixin.py:137} INFO - [2025-10-06T15:39:59.557+0000] {dag.py:3441} INFO - Setting next_dagrun for example_complex to None, run_after=None
[2025-10-06T15:39:59.564+0000] {processor.py:175} INFO - Processing /home/airflow/.local/lib/python3.7/site-packages/airflow/example_dags/example_complex.py took 0.043 seconds
[2025-10-06T15:40:29.702+0000] {processor.py:153} INFO - Started process (PID=1094) to work on /home/airflow/.local/lib/python3.7/site-packages/airflow/example_dags/example_complex.py
[2025-10-06T15:40:29.703+0000] {processor.py:743} INFO - Processing file /home/airflow/.local/lib/python3.7/site-packages/airflow/example_dags/example_complex.py for tasks to queue
[2025-10-06T15:40:29.703+0000] {logging_mixin.py:137} INFO - [2025-10-06T15:40:29.703+0000] {dagbag.py:538} INFO - Filling up the DagBag from /home/airflow/.local/lib/python3.7/site-packages/airflow/example_dags/example_complex.py
[2025-10-06T15:40:29.708+0000] {logging_mixin.py:137} INFO - [2025-10-06T15:40:29.708+0000] {taskmixin.py:205} WARNING - Dependency <Task(BashOperator): create_entry_group>, delete_entry_group already registered for DAG: example_complex
[2025-10-06T15:40:29.708+0000] {logging_mixin.py:137} INFO - [2025-10-06T15:40:29.708+0000] {taskmixin.py:205} WARNING - Dependency <Task(BashOperator): delete_entry_group>, create_entry_group already registered for DAG: example_complex
[2025-10-06T15:40:29.708+0000] {logging_mixin.py:137} INFO - [2025-10-06T15:40:29.708+0000] {taskmixin.py:205} WARNING - Dependency <Task(BashOperator): create_entry_gcs>, delete_entry already registered for DAG: example_complex
[2025-10-06T15:40:29.708+0000] {logging_mixin.py:137} INFO - [2025-10-06T15:40:29.708+0000] {taskmixin.py:205} WARNING - Dependency <Task(BashOperator): delete_entry>, create_entry_gcs already registered for DAG: example_complex
[2025-10-06T15:40:29.708+0000] {logging_mixin.py:137} INFO - [2025-10-06T15:40:29.708+0000] {taskmixin.py:205} WARNING - Dependency <Task(BashOperator): create_tag>, delete_tag already registered for DAG: example_complex
[2025-10-06T15:40:29.709+0000] {logging_mixin.py:137} INFO - [2025-10-06T15:40:29.708+0000] {taskmixin.py:205} WARNING - Dependency <Task(BashOperator): delete_tag>, create_tag already registered for DAG: example_complex
[2025-10-06T15:40:29.711+0000] {processor.py:753} INFO - DAG(s) dict_keys(['example_complex']) retrieved from /home/airflow/.local/lib/python3.7/site-packages/airflow/example_dags/example_complex.py
[2025-10-06T15:40:29.724+0000] {logging_mixin.py:137} INFO - [2025-10-06T15:40:29.724+0000] {dag.py:2690} INFO - Sync 1 DAGs
[2025-10-06T15:40:29.734+0000] {logging_mixin.py:137} INFO - [2025-10-06T15:40:29.734+0000] {dag.py:3441} INFO - Setting next_dagrun for example_complex to None, run_after=None
[2025-10-06T15:40:29.741+0000] {processor.py:175} INFO - Processing /home/airflow/.local/lib/python3.7/site-packages/airflow/example_dags/example_complex.py took 0.041 seconds
[2025-10-06T15:40:59.979+0000] {processor.py:153} INFO - Started process (PID=1193) to work on /home/airflow/.local/lib/python3.7/site-packages/airflow/example_dags/example_complex.py
[2025-10-06T15:40:59.979+0000] {processor.py:743} INFO - Processing file /home/airflow/.local/lib/python3.7/site-packages/airflow/example_dags/example_complex.py for tasks to queue
[2025-10-06T15:40:59.979+0000] {logging_mixin.py:137} INFO - [2025-10-06T15:40:59.979+0000] {dagbag.py:538} INFO - Filling up the DagBag from /home/airflow/.local/lib/python3.7/site-packages/airflow/example_dags/example_complex.py
[2025-10-06T15:40:59.987+0000] {logging_mixin.py:137} INFO - [2025-10-06T15:40:59.987+0000] {taskmixin.py:205} WARNING - Dependency <Task(BashOperator): create_entry_group>, delete_entry_group already registered for DAG: example_complex
[2025-10-06T15:40:59.987+0000] {logging_mixin.py:137} INFO - [2025-10-06T15:40:59.987+0000] {taskmixin.py:205} WARNING - Dependency <Task(BashOperator): delete_entry_group>, create_entry_group already registered for DAG: example_complex
[2025-10-06T15:40:59.988+0000] {logging_mixin.py:137} INFO - [2025-10-06T15:40:59.988+0000] {taskmixin.py:205} WARNING - Dependency <Task(BashOperator): create_entry_gcs>, delete_entry already registered for DAG: example_complex
[2025-10-06T15:40:59.988+0000] {logging_mixin.py:137} INFO - [2025-10-06T15:40:59.988+0000] {taskmixin.py:205} WARNING - Dependency <Task(BashOperator): delete_entry>, create_entry_gcs already registered for DAG: example_complex
[2025-10-06T15:40:59.988+0000] {logging_mixin.py:137} INFO - [2025-10-06T15:40:59.988+0000] {taskmixin.py:205} WARNING - Dependency <Task(BashOperator): create_tag>, delete_tag already registered for DAG: example_complex
[2025-10-06T15:40:59.989+0000] {logging_mixin.py:137} INFO - [2025-10-06T15:40:59.989+0000] {taskmixin.py:205} WARNING - Dependency <Task(BashOperator): delete_tag>, create_tag already registered for DAG: example_complex
[2025-10-06T15:40:59.992+0000] {processor.py:753} INFO - DAG(s) dict_keys(['example_complex']) retrieved from /home/airflow/.local/lib/python3.7/site-packages/airflow/example_dags/example_complex.py
[2025-10-06T15:41:00.006+0000] {logging_mixin.py:137} INFO - [2025-10-06T15:41:00.006+0000] {dag.py:2690} INFO - Sync 1 DAGs
[2025-10-06T15:41:00.019+0000] {logging_mixin.py:137} INFO - [2025-10-06T15:41:00.018+0000] {dag.py:3441} INFO - Setting next_dagrun for example_complex to None, run_after=None
[2025-10-06T15:41:00.027+0000] {processor.py:175} INFO - Processing /home/airflow/.local/lib/python3.7/site-packages/airflow/example_dags/example_complex.py took 0.049 seconds
[2025-10-06T15:41:30.246+0000] {processor.py:153} INFO - Started process (PID=1292) to work on /home/airflow/.local/lib/python3.7/site-packages/airflow/example_dags/example_complex.py
[2025-10-06T15:41:30.247+0000] {processor.py:743} INFO - Processing file /home/airflow/.local/lib/python3.7/site-packages/airflow/example_dags/example_complex.py for tasks to queue
[2025-10-06T15:41:30.247+0000] {logging_mixin.py:137} INFO - [2025-10-06T15:41:30.247+0000] {dagbag.py:538} INFO - Filling up the DagBag from /home/airflow/.local/lib/python3.7/site-packages/airflow/example_dags/example_complex.py
[2025-10-06T15:41:30.252+0000] {logging_mixin.py:137} INFO - [2025-10-06T15:41:30.252+0000] {taskmixin.py:205} WARNING - Dependency <Task(BashOperator): create_entry_group>, delete_entry_group already registered for DAG: example_complex
[2025-10-06T15:41:30.254+0000] {logging_mixin.py:137} INFO - [2025-10-06T15:41:30.254+0000] {taskmixin.py:205} WARNING - Dependency <Task(BashOperator): delete_entry_group>, create_entry_group already registered for DAG: example_complex
[2025-10-06T15:41:30.254+0000] {logging_mixin.py:137} INFO - [2025-10-06T15:41:30.254+0000] {taskmixin.py:205} WARNING - Dependency <Task(BashOperator): create_entry_gcs>, delete_entry already registered for DAG: example_complex
[2025-10-06T15:41:30.254+0000] {logging_mixin.py:137} INFO - [2025-10-06T15:41:30.254+0000] {taskmixin.py:205} WARNING - Dependency <Task(BashOperator): delete_entry>, create_entry_gcs already registered for DAG: example_complex
[2025-10-06T15:41:30.255+0000] {logging_mixin.py:137} INFO - [2025-10-06T15:41:30.254+0000] {taskmixin.py:205} WARNING - Dependency <Task(BashOperator): create_tag>, delete_tag already registered for DAG: example_complex
[2025-10-06T15:41:30.255+0000] {logging_mixin.py:137} INFO - [2025-10-06T15:41:30.255+0000] {taskmixin.py:205} WARNING - Dependency <Task(BashOperator): delete_tag>, create_tag already registered for DAG: example_complex
[2025-10-06T15:41:30.258+0000] {processor.py:753} INFO - DAG(s) dict_keys(['example_complex']) retrieved from /home/airflow/.local/lib/python3.7/site-packages/airflow/example_dags/example_complex.py
[2025-10-06T15:41:30.273+0000] {logging_mixin.py:137} INFO - [2025-10-06T15:41:30.273+0000] {dag.py:2690} INFO - Sync 1 DAGs
[2025-10-06T15:41:30.284+0000] {logging_mixin.py:137} INFO - [2025-10-06T15:41:30.284+0000] {dag.py:3441} INFO - Setting next_dagrun for example_complex to None, run_after=None
[2025-10-06T15:41:30.294+0000] {processor.py:175} INFO - Processing /home/airflow/.local/lib/python3.7/site-packages/airflow/example_dags/example_complex.py took 0.050 seconds
[2025-10-06T15:42:00.639+0000] {processor.py:153} INFO - Started process (PID=1391) to work on /home/airflow/.local/lib/python3.7/site-packages/airflow/example_dags/example_complex.py
[2025-10-06T15:42:00.640+0000] {processor.py:743} INFO - Processing file /home/airflow/.local/lib/python3.7/site-packages/airflow/example_dags/example_complex.py for tasks to queue
[2025-10-06T15:42:00.641+0000] {logging_mixin.py:137} INFO - [2025-10-06T15:42:00.641+0000] {dagbag.py:538} INFO - Filling up the DagBag from /home/airflow/.local/lib/python3.7/site-packages/airflow/example_dags/example_complex.py
[2025-10-06T15:42:00.647+0000] {logging_mixin.py:137} INFO - [2025-10-06T15:42:00.647+0000] {taskmixin.py:205} WARNING - Dependency <Task(BashOperator): create_entry_group>, delete_entry_group already registered for DAG: example_complex
[2025-10-06T15:42:00.647+0000] {logging_mixin.py:137} INFO - [2025-10-06T15:42:00.647+0000] {taskmixin.py:205} WARNING - Dependency <Task(BashOperator): delete_entry_group>, create_entry_group already registered for DAG: example_complex
[2025-10-06T15:42:00.647+0000] {logging_mixin.py:137} INFO - [2025-10-06T15:42:00.647+0000] {taskmixin.py:205} WARNING - Dependency <Task(BashOperator): create_entry_gcs>, delete_entry already registered for DAG: example_complex
[2025-10-06T15:42:00.647+0000] {logging_mixin.py:137} INFO - [2025-10-06T15:42:00.647+0000] {taskmixin.py:205} WARNING - Dependency <Task(BashOperator): delete_entry>, create_entry_gcs already registered for DAG: example_complex
[2025-10-06T15:42:00.648+0000] {logging_mixin.py:137} INFO - [2025-10-06T15:42:00.648+0000] {taskmixin.py:205} WARNING - Dependency <Task(BashOperator): create_tag>, delete_tag already registered for DAG: example_complex
[2025-10-06T15:42:00.648+0000] {logging_mixin.py:137} INFO - [2025-10-06T15:42:00.648+0000] {taskmixin.py:205} WARNING - Dependency <Task(BashOperator): delete_tag>, create_tag already registered for DAG: example_complex
[2025-10-06T15:42:00.651+0000] {processor.py:753} INFO - DAG(s) dict_keys(['example_complex']) retrieved from /home/airflow/.local/lib/python3.7/site-packages/airflow/example_dags/example_complex.py
[2025-10-06T15:42:00.664+0000] {logging_mixin.py:137} INFO - [2025-10-06T15:42:00.664+0000] {dag.py:2690} INFO - Sync 1 DAGs
[2025-10-06T15:42:00.674+0000] {logging_mixin.py:137} INFO - [2025-10-06T15:42:00.673+0000] {dag.py:3441} INFO - Setting next_dagrun for example_complex to None, run_after=None
[2025-10-06T15:42:00.681+0000] {processor.py:175} INFO - Processing /home/airflow/.local/lib/python3.7/site-packages/airflow/example_dags/example_complex.py took 0.043 seconds
[2025-10-06T15:42:30.911+0000] {processor.py:153} INFO - Started process (PID=1470) to work on /home/airflow/.local/lib/python3.7/site-packages/airflow/example_dags/example_complex.py
[2025-10-06T15:42:30.912+0000] {processor.py:743} INFO - Processing file /home/airflow/.local/lib/python3.7/site-packages/airflow/example_dags/example_complex.py for tasks to queue
[2025-10-06T15:42:30.912+0000] {logging_mixin.py:137} INFO - [2025-10-06T15:42:30.912+0000] {dagbag.py:538} INFO - Filling up the DagBag from /home/airflow/.local/lib/python3.7/site-packages/airflow/example_dags/example_complex.py
[2025-10-06T15:42:30.916+0000] {logging_mixin.py:137} INFO - [2025-10-06T15:42:30.916+0000] {taskmixin.py:205} WARNING - Dependency <Task(BashOperator): create_entry_group>, delete_entry_group already registered for DAG: example_complex
[2025-10-06T15:42:30.917+0000] {logging_mixin.py:137} INFO - [2025-10-06T15:42:30.917+0000] {taskmixin.py:205} WARNING - Dependency <Task(BashOperator): delete_entry_group>, create_entry_group already registered for DAG: example_complex
[2025-10-06T15:42:30.917+0000] {logging_mixin.py:137} INFO - [2025-10-06T15:42:30.917+0000] {taskmixin.py:205} WARNING - Dependency <Task(BashOperator): create_entry_gcs>, delete_entry already registered for DAG: example_complex
[2025-10-06T15:42:30.917+0000] {logging_mixin.py:137} INFO - [2025-10-06T15:42:30.917+0000] {taskmixin.py:205} WARNING - Dependency <Task(BashOperator): delete_entry>, create_entry_gcs already registered for DAG: example_complex
[2025-10-06T15:42:30.917+0000] {logging_mixin.py:137} INFO - [2025-10-06T15:42:30.917+0000] {taskmixin.py:205} WARNING - Dependency <Task(BashOperator): create_tag>, delete_tag already registered for DAG: example_complex
[2025-10-06T15:42:30.917+0000] {logging_mixin.py:137} INFO - [2025-10-06T15:42:30.917+0000] {taskmixin.py:205} WARNING - Dependency <Task(BashOperator): delete_tag>, create_tag already registered for DAG: example_complex
[2025-10-06T15:42:30.920+0000] {processor.py:753} INFO - DAG(s) dict_keys(['example_complex']) retrieved from /home/airflow/.local/lib/python3.7/site-packages/airflow/example_dags/example_complex.py
[2025-10-06T15:42:30.933+0000] {logging_mixin.py:137} INFO - [2025-10-06T15:42:30.932+0000] {dag.py:2690} INFO - Sync 1 DAGs
[2025-10-06T15:42:30.943+0000] {logging_mixin.py:137} INFO - [2025-10-06T15:42:30.943+0000] {dag.py:3441} INFO - Setting next_dagrun for example_complex to None, run_after=None
[2025-10-06T15:42:30.950+0000] {processor.py:175} INFO - Processing /home/airflow/.local/lib/python3.7/site-packages/airflow/example_dags/example_complex.py took 0.040 seconds
[2025-10-06T15:43:01.141+0000] {processor.py:153} INFO - Started process (PID=1570) to work on /home/airflow/.local/lib/python3.7/site-packages/airflow/example_dags/example_complex.py
[2025-10-06T15:43:01.143+0000] {processor.py:743} INFO - Processing file /home/airflow/.local/lib/python3.7/site-packages/airflow/example_dags/example_complex.py for tasks to queue
[2025-10-06T15:43:01.144+0000] {logging_mixin.py:137} INFO - [2025-10-06T15:43:01.144+0000] {dagbag.py:538} INFO - Filling up the DagBag from /home/airflow/.local/lib/python3.7/site-packages/airflow/example_dags/example_complex.py
[2025-10-06T15:43:01.149+0000] {logging_mixin.py:137} INFO - [2025-10-06T15:43:01.149+0000] {taskmixin.py:205} WARNING - Dependency <Task(BashOperator): create_entry_group>, delete_entry_group already registered for DAG: example_complex
[2025-10-06T15:43:01.150+0000] {logging_mixin.py:137} INFO - [2025-10-06T15:43:01.150+0000] {taskmixin.py:205} WARNING - Dependency <Task(BashOperator): delete_entry_group>, create_entry_group already registered for DAG: example_complex
[2025-10-06T15:43:01.150+0000] {logging_mixin.py:137} INFO - [2025-10-06T15:43:01.150+0000] {taskmixin.py:205} WARNING - Dependency <Task(BashOperator): create_entry_gcs>, delete_entry already registered for DAG: example_complex
[2025-10-06T15:43:01.150+0000] {logging_mixin.py:137} INFO - [2025-10-06T15:43:01.150+0000] {taskmixin.py:205} WARNING - Dependency <Task(BashOperator): delete_entry>, create_entry_gcs already registered for DAG: example_complex
[2025-10-06T15:43:01.150+0000] {logging_mixin.py:137} INFO - [2025-10-06T15:43:01.150+0000] {taskmixin.py:205} WARNING - Dependency <Task(BashOperator): create_tag>, delete_tag already registered for DAG: example_complex
[2025-10-06T15:43:01.150+0000] {logging_mixin.py:137} INFO - [2025-10-06T15:43:01.150+0000] {taskmixin.py:205} WARNING - Dependency <Task(BashOperator): delete_tag>, create_tag already registered for DAG: example_complex
[2025-10-06T15:43:01.153+0000] {processor.py:753} INFO - DAG(s) dict_keys(['example_complex']) retrieved from /home/airflow/.local/lib/python3.7/site-packages/airflow/example_dags/example_complex.py
[2025-10-06T15:43:01.166+0000] {logging_mixin.py:137} INFO - [2025-10-06T15:43:01.166+0000] {dag.py:2690} INFO - Sync 1 DAGs
[2025-10-06T15:43:01.177+0000] {logging_mixin.py:137} INFO - [2025-10-06T15:43:01.176+0000] {dag.py:3441} INFO - Setting next_dagrun for example_complex to None, run_after=None
[2025-10-06T15:43:01.184+0000] {processor.py:175} INFO - Processing /home/airflow/.local/lib/python3.7/site-packages/airflow/example_dags/example_complex.py took 0.044 seconds
[2025-10-06T15:43:31.462+0000] {processor.py:153} INFO - Started process (PID=1669) to work on /home/airflow/.local/lib/python3.7/site-packages/airflow/example_dags/example_complex.py
[2025-10-06T15:43:31.466+0000] {processor.py:743} INFO - Processing file /home/airflow/.local/lib/python3.7/site-packages/airflow/example_dags/example_complex.py for tasks to queue
[2025-10-06T15:43:31.466+0000] {logging_mixin.py:137} INFO - [2025-10-06T15:43:31.466+0000] {dagbag.py:538} INFO - Filling up the DagBag from /home/airflow/.local/lib/python3.7/site-packages/airflow/example_dags/example_complex.py
[2025-10-06T15:43:31.472+0000] {logging_mixin.py:137} INFO - [2025-10-06T15:43:31.472+0000] {taskmixin.py:205} WARNING - Dependency <Task(BashOperator): create_entry_group>, delete_entry_group already registered for DAG: example_complex
[2025-10-06T15:43:31.473+0000] {logging_mixin.py:137} INFO - [2025-10-06T15:43:31.473+0000] {taskmixin.py:205} WARNING - Dependency <Task(BashOperator): delete_entry_group>, create_entry_group already registered for DAG: example_complex
[2025-10-06T15:43:31.473+0000] {logging_mixin.py:137} INFO - [2025-10-06T15:43:31.473+0000] {taskmixin.py:205} WARNING - Dependency <Task(BashOperator): create_entry_gcs>, delete_entry already registered for DAG: example_complex
[2025-10-06T15:43:31.473+0000] {logging_mixin.py:137} INFO - [2025-10-06T15:43:31.473+0000] {taskmixin.py:205} WARNING - Dependency <Task(BashOperator): delete_entry>, create_entry_gcs already registered for DAG: example_complex
[2025-10-06T15:43:31.473+0000] {logging_mixin.py:137} INFO - [2025-10-06T15:43:31.473+0000] {taskmixin.py:205} WARNING - Dependency <Task(BashOperator): create_tag>, delete_tag already registered for DAG: example_complex
[2025-10-06T15:43:31.473+0000] {logging_mixin.py:137} INFO - [2025-10-06T15:43:31.473+0000] {taskmixin.py:205} WARNING - Dependency <Task(BashOperator): delete_tag>, create_tag already registered for DAG: example_complex
[2025-10-06T15:43:31.476+0000] {processor.py:753} INFO - DAG(s) dict_keys(['example_complex']) retrieved from /home/airflow/.local/lib/python3.7/site-packages/airflow/example_dags/example_complex.py
[2025-10-06T15:43:31.492+0000] {logging_mixin.py:137} INFO - [2025-10-06T15:43:31.492+0000] {dag.py:2690} INFO - Sync 1 DAGs
[2025-10-06T15:43:31.503+0000] {logging_mixin.py:137} INFO - [2025-10-06T15:43:31.503+0000] {dag.py:3441} INFO - Setting next_dagrun for example_complex to None, run_after=None
[2025-10-06T15:43:31.510+0000] {processor.py:175} INFO - Processing /home/airflow/.local/lib/python3.7/site-packages/airflow/example_dags/example_complex.py took 0.049 seconds
[2025-10-06T15:44:01.892+0000] {processor.py:153} INFO - Started process (PID=1768) to work on /home/airflow/.local/lib/python3.7/site-packages/airflow/example_dags/example_complex.py
[2025-10-06T15:44:01.892+0000] {processor.py:743} INFO - Processing file /home/airflow/.local/lib/python3.7/site-packages/airflow/example_dags/example_complex.py for tasks to queue
[2025-10-06T15:44:01.894+0000] {logging_mixin.py:137} INFO - [2025-10-06T15:44:01.894+0000] {dagbag.py:538} INFO - Filling up the DagBag from /home/airflow/.local/lib/python3.7/site-packages/airflow/example_dags/example_complex.py
[2025-10-06T15:44:01.899+0000] {logging_mixin.py:137} INFO - [2025-10-06T15:44:01.899+0000] {taskmixin.py:205} WARNING - Dependency <Task(BashOperator): create_entry_group>, delete_entry_group already registered for DAG: example_complex
[2025-10-06T15:44:01.901+0000] {logging_mixin.py:137} INFO - [2025-10-06T15:44:01.901+0000] {taskmixin.py:205} WARNING - Dependency <Task(BashOperator): delete_entry_group>, create_entry_group already registered for DAG: example_complex
[2025-10-06T15:44:01.901+0000] {logging_mixin.py:137} INFO - [2025-10-06T15:44:01.901+0000] {taskmixin.py:205} WARNING - Dependency <Task(BashOperator): create_entry_gcs>, delete_entry already registered for DAG: example_complex
[2025-10-06T15:44:01.901+0000] {logging_mixin.py:137} INFO - [2025-10-06T15:44:01.901+0000] {taskmixin.py:205} WARNING - Dependency <Task(BashOperator): delete_entry>, create_entry_gcs already registered for DAG: example_complex
[2025-10-06T15:44:01.901+0000] {logging_mixin.py:137} INFO - [2025-10-06T15:44:01.901+0000] {taskmixin.py:205} WARNING - Dependency <Task(BashOperator): create_tag>, delete_tag already registered for DAG: example_complex
[2025-10-06T15:44:01.901+0000] {logging_mixin.py:137} INFO - [2025-10-06T15:44:01.901+0000] {taskmixin.py:205} WARNING - Dependency <Task(BashOperator): delete_tag>, create_tag already registered for DAG: example_complex
[2025-10-06T15:44:01.905+0000] {processor.py:753} INFO - DAG(s) dict_keys(['example_complex']) retrieved from /home/airflow/.local/lib/python3.7/site-packages/airflow/example_dags/example_complex.py
[2025-10-06T15:44:01.921+0000] {logging_mixin.py:137} INFO - [2025-10-06T15:44:01.921+0000] {dag.py:2690} INFO - Sync 1 DAGs
[2025-10-06T15:44:01.931+0000] {logging_mixin.py:137} INFO - [2025-10-06T15:44:01.931+0000] {dag.py:3441} INFO - Setting next_dagrun for example_complex to None, run_after=None
[2025-10-06T15:44:01.942+0000] {processor.py:175} INFO - Processing /home/airflow/.local/lib/python3.7/site-packages/airflow/example_dags/example_complex.py took 0.052 seconds
[2025-10-06T15:44:32.252+0000] {processor.py:153} INFO - Started process (PID=1847) to work on /home/airflow/.local/lib/python3.7/site-packages/airflow/example_dags/example_complex.py
[2025-10-06T15:44:32.252+0000] {processor.py:743} INFO - Processing file /home/airflow/.local/lib/python3.7/site-packages/airflow/example_dags/example_complex.py for tasks to queue
[2025-10-06T15:44:32.253+0000] {logging_mixin.py:137} INFO - [2025-10-06T15:44:32.253+0000] {dagbag.py:538} INFO - Filling up the DagBag from /home/airflow/.local/lib/python3.7/site-packages/airflow/example_dags/example_complex.py
[2025-10-06T15:44:32.258+0000] {logging_mixin.py:137} INFO - [2025-10-06T15:44:32.258+0000] {taskmixin.py:205} WARNING - Dependency <Task(BashOperator): create_entry_group>, delete_entry_group already registered for DAG: example_complex
[2025-10-06T15:44:32.258+0000] {logging_mixin.py:137} INFO - [2025-10-06T15:44:32.258+0000] {taskmixin.py:205} WARNING - Dependency <Task(BashOperator): delete_entry_group>, create_entry_group already registered for DAG: example_complex
[2025-10-06T15:44:32.258+0000] {logging_mixin.py:137} INFO - [2025-10-06T15:44:32.258+0000] {taskmixin.py:205} WARNING - Dependency <Task(BashOperator): create_entry_gcs>, delete_entry already registered for DAG: example_complex
[2025-10-06T15:44:32.258+0000] {logging_mixin.py:137} INFO - [2025-10-06T15:44:32.258+0000] {taskmixin.py:205} WARNING - Dependency <Task(BashOperator): delete_entry>, create_entry_gcs already registered for DAG: example_complex
[2025-10-06T15:44:32.258+0000] {logging_mixin.py:137} INFO - [2025-10-06T15:44:32.258+0000] {taskmixin.py:205} WARNING - Dependency <Task(BashOperator): create_tag>, delete_tag already registered for DAG: example_complex
[2025-10-06T15:44:32.258+0000] {logging_mixin.py:137} INFO - [2025-10-06T15:44:32.258+0000] {taskmixin.py:205} WARNING - Dependency <Task(BashOperator): delete_tag>, create_tag already registered for DAG: example_complex
[2025-10-06T15:44:32.261+0000] {processor.py:753} INFO - DAG(s) dict_keys(['example_complex']) retrieved from /home/airflow/.local/lib/python3.7/site-packages/airflow/example_dags/example_complex.py
[2025-10-06T15:44:32.278+0000] {logging_mixin.py:137} INFO - [2025-10-06T15:44:32.277+0000] {dag.py:2690} INFO - Sync 1 DAGs
[2025-10-06T15:44:32.288+0000] {logging_mixin.py:137} INFO - [2025-10-06T15:44:32.288+0000] {dag.py:3441} INFO - Setting next_dagrun for example_complex to None, run_after=None
[2025-10-06T15:44:32.296+0000] {processor.py:175} INFO - Processing /home/airflow/.local/lib/python3.7/site-packages/airflow/example_dags/example_complex.py took 0.046 seconds
[2025-10-06T15:45:02.603+0000] {processor.py:153} INFO - Started process (PID=1946) to work on /home/airflow/.local/lib/python3.7/site-packages/airflow/example_dags/example_complex.py
[2025-10-06T15:45:02.604+0000] {processor.py:743} INFO - Processing file /home/airflow/.local/lib/python3.7/site-packages/airflow/example_dags/example_complex.py for tasks to queue
[2025-10-06T15:45:02.604+0000] {logging_mixin.py:137} INFO - [2025-10-06T15:45:02.604+0000] {dagbag.py:538} INFO - Filling up the DagBag from /home/airflow/.local/lib/python3.7/site-packages/airflow/example_dags/example_complex.py
[2025-10-06T15:45:02.609+0000] {logging_mixin.py:137} INFO - [2025-10-06T15:45:02.609+0000] {taskmixin.py:205} WARNING - Dependency <Task(BashOperator): create_entry_group>, delete_entry_group already registered for DAG: example_complex
[2025-10-06T15:45:02.610+0000] {logging_mixin.py:137} INFO - [2025-10-06T15:45:02.609+0000] {taskmixin.py:205} WARNING - Dependency <Task(BashOperator): delete_entry_group>, create_entry_group already registered for DAG: example_complex
[2025-10-06T15:45:02.610+0000] {logging_mixin.py:137} INFO - [2025-10-06T15:45:02.610+0000] {taskmixin.py:205} WARNING - Dependency <Task(BashOperator): create_entry_gcs>, delete_entry already registered for DAG: example_complex
[2025-10-06T15:45:02.610+0000] {logging_mixin.py:137} INFO - [2025-10-06T15:45:02.610+0000] {taskmixin.py:205} WARNING - Dependency <Task(BashOperator): delete_entry>, create_entry_gcs already registered for DAG: example_complex
[2025-10-06T15:45:02.610+0000] {logging_mixin.py:137} INFO - [2025-10-06T15:45:02.610+0000] {taskmixin.py:205} WARNING - Dependency <Task(BashOperator): create_tag>, delete_tag already registered for DAG: example_complex
[2025-10-06T15:45:02.610+0000] {logging_mixin.py:137} INFO - [2025-10-06T15:45:02.610+0000] {taskmixin.py:205} WARNING - Dependency <Task(BashOperator): delete_tag>, create_tag already registered for DAG: example_complex
[2025-10-06T15:45:02.613+0000] {processor.py:753} INFO - DAG(s) dict_keys(['example_complex']) retrieved from /home/airflow/.local/lib/python3.7/site-packages/airflow/example_dags/example_complex.py
[2025-10-06T15:45:02.628+0000] {logging_mixin.py:137} INFO - [2025-10-06T15:45:02.628+0000] {dag.py:2690} INFO - Sync 1 DAGs
[2025-10-06T15:45:02.639+0000] {logging_mixin.py:137} INFO - [2025-10-06T15:45:02.639+0000] {dag.py:3441} INFO - Setting next_dagrun for example_complex to None, run_after=None
[2025-10-06T15:45:02.649+0000] {processor.py:175} INFO - Processing /home/airflow/.local/lib/python3.7/site-packages/airflow/example_dags/example_complex.py took 0.048 seconds
[2025-10-06T15:45:32.890+0000] {processor.py:153} INFO - Started process (PID=2045) to work on /home/airflow/.local/lib/python3.7/site-packages/airflow/example_dags/example_complex.py
[2025-10-06T15:45:32.891+0000] {processor.py:743} INFO - Processing file /home/airflow/.local/lib/python3.7/site-packages/airflow/example_dags/example_complex.py for tasks to queue
[2025-10-06T15:45:32.891+0000] {logging_mixin.py:137} INFO - [2025-10-06T15:45:32.891+0000] {dagbag.py:538} INFO - Filling up the DagBag from /home/airflow/.local/lib/python3.7/site-packages/airflow/example_dags/example_complex.py
[2025-10-06T15:45:32.899+0000] {logging_mixin.py:137} INFO - [2025-10-06T15:45:32.899+0000] {taskmixin.py:205} WARNING - Dependency <Task(BashOperator): create_entry_group>, delete_entry_group already registered for DAG: example_complex
[2025-10-06T15:45:32.900+0000] {logging_mixin.py:137} INFO - [2025-10-06T15:45:32.900+0000] {taskmixin.py:205} WARNING - Dependency <Task(BashOperator): delete_entry_group>, create_entry_group already registered for DAG: example_complex
[2025-10-06T15:45:32.900+0000] {logging_mixin.py:137} INFO - [2025-10-06T15:45:32.900+0000] {taskmixin.py:205} WARNING - Dependency <Task(BashOperator): create_entry_gcs>, delete_entry already registered for DAG: example_complex
[2025-10-06T15:45:32.900+0000] {logging_mixin.py:137} INFO - [2025-10-06T15:45:32.900+0000] {taskmixin.py:205} WARNING - Dependency <Task(BashOperator): delete_entry>, create_entry_gcs already registered for DAG: example_complex
[2025-10-06T15:45:32.900+0000] {logging_mixin.py:137} INFO - [2025-10-06T15:45:32.900+0000] {taskmixin.py:205} WARNING - Dependency <Task(BashOperator): create_tag>, delete_tag already registered for DAG: example_complex
[2025-10-06T15:45:32.900+0000] {logging_mixin.py:137} INFO - [2025-10-06T15:45:32.900+0000] {taskmixin.py:205} WARNING - Dependency <Task(BashOperator): delete_tag>, create_tag already registered for DAG: example_complex
[2025-10-06T15:45:32.903+0000] {processor.py:753} INFO - DAG(s) dict_keys(['example_complex']) retrieved from /home/airflow/.local/lib/python3.7/site-packages/airflow/example_dags/example_complex.py
[2025-10-06T15:45:32.917+0000] {logging_mixin.py:137} INFO - [2025-10-06T15:45:32.917+0000] {dag.py:2690} INFO - Sync 1 DAGs
[2025-10-06T15:45:32.927+0000] {logging_mixin.py:137} INFO - [2025-10-06T15:45:32.927+0000] {dag.py:3441} INFO - Setting next_dagrun for example_complex to None, run_after=None
[2025-10-06T15:45:32.936+0000] {processor.py:175} INFO - Processing /home/airflow/.local/lib/python3.7/site-packages/airflow/example_dags/example_complex.py took 0.048 seconds
[2025-10-06T15:46:03.387+0000] {processor.py:153} INFO - Started process (PID=2144) to work on /home/airflow/.local/lib/python3.7/site-packages/airflow/example_dags/example_complex.py
[2025-10-06T15:46:03.392+0000] {processor.py:743} INFO - Processing file /home/airflow/.local/lib/python3.7/site-packages/airflow/example_dags/example_complex.py for tasks to queue
[2025-10-06T15:46:03.392+0000] {logging_mixin.py:137} INFO - [2025-10-06T15:46:03.392+0000] {dagbag.py:538} INFO - Filling up the DagBag from /home/airflow/.local/lib/python3.7/site-packages/airflow/example_dags/example_complex.py
[2025-10-06T15:46:03.409+0000] {logging_mixin.py:137} INFO - [2025-10-06T15:46:03.406+0000] {taskmixin.py:205} WARNING - Dependency <Task(BashOperator): create_entry_group>, delete_entry_group already registered for DAG: example_complex
[2025-10-06T15:46:03.409+0000] {logging_mixin.py:137} INFO - [2025-10-06T15:46:03.409+0000] {taskmixin.py:205} WARNING - Dependency <Task(BashOperator): delete_entry_group>, create_entry_group already registered for DAG: example_complex
[2025-10-06T15:46:03.409+0000] {logging_mixin.py:137} INFO - [2025-10-06T15:46:03.409+0000] {taskmixin.py:205} WARNING - Dependency <Task(BashOperator): create_entry_gcs>, delete_entry already registered for DAG: example_complex
[2025-10-06T15:46:03.411+0000] {logging_mixin.py:137} INFO - [2025-10-06T15:46:03.411+0000] {taskmixin.py:205} WARNING - Dependency <Task(BashOperator): delete_entry>, create_entry_gcs already registered for DAG: example_complex
[2025-10-06T15:46:03.411+0000] {logging_mixin.py:137} INFO - [2025-10-06T15:46:03.411+0000] {taskmixin.py:205} WARNING - Dependency <Task(BashOperator): create_tag>, delete_tag already registered for DAG: example_complex
[2025-10-06T15:46:03.412+0000] {logging_mixin.py:137} INFO - [2025-10-06T15:46:03.412+0000] {taskmixin.py:205} WARNING - Dependency <Task(BashOperator): delete_tag>, create_tag already registered for DAG: example_complex
[2025-10-06T15:46:03.417+0000] {processor.py:753} INFO - DAG(s) dict_keys(['example_complex']) retrieved from /home/airflow/.local/lib/python3.7/site-packages/airflow/example_dags/example_complex.py
[2025-10-06T15:46:03.436+0000] {logging_mixin.py:137} INFO - [2025-10-06T15:46:03.435+0000] {dag.py:2690} INFO - Sync 1 DAGs
[2025-10-06T15:46:03.449+0000] {logging_mixin.py:137} INFO - [2025-10-06T15:46:03.449+0000] {dag.py:3441} INFO - Setting next_dagrun for example_complex to None, run_after=None
[2025-10-06T15:46:03.460+0000] {processor.py:175} INFO - Processing /home/airflow/.local/lib/python3.7/site-packages/airflow/example_dags/example_complex.py took 0.076 seconds
[2025-10-06T15:46:33.954+0000] {processor.py:153} INFO - Started process (PID=2223) to work on /home/airflow/.local/lib/python3.7/site-packages/airflow/example_dags/example_complex.py
[2025-10-06T15:46:33.954+0000] {processor.py:743} INFO - Processing file /home/airflow/.local/lib/python3.7/site-packages/airflow/example_dags/example_complex.py for tasks to queue
[2025-10-06T15:46:33.955+0000] {logging_mixin.py:137} INFO - [2025-10-06T15:46:33.955+0000] {dagbag.py:538} INFO - Filling up the DagBag from /home/airflow/.local/lib/python3.7/site-packages/airflow/example_dags/example_complex.py
[2025-10-06T15:46:33.959+0000] {logging_mixin.py:137} INFO - [2025-10-06T15:46:33.959+0000] {taskmixin.py:205} WARNING - Dependency <Task(BashOperator): create_entry_group>, delete_entry_group already registered for DAG: example_complex
[2025-10-06T15:46:33.960+0000] {logging_mixin.py:137} INFO - [2025-10-06T15:46:33.960+0000] {taskmixin.py:205} WARNING - Dependency <Task(BashOperator): delete_entry_group>, create_entry_group already registered for DAG: example_complex
[2025-10-06T15:46:33.961+0000] {logging_mixin.py:137} INFO - [2025-10-06T15:46:33.961+0000] {taskmixin.py:205} WARNING - Dependency <Task(BashOperator): create_entry_gcs>, delete_entry already registered for DAG: example_complex
[2025-10-06T15:46:33.961+0000] {logging_mixin.py:137} INFO - [2025-10-06T15:46:33.961+0000] {taskmixin.py:205} WARNING - Dependency <Task(BashOperator): delete_entry>, create_entry_gcs already registered for DAG: example_complex
[2025-10-06T15:46:33.961+0000] {logging_mixin.py:137} INFO - [2025-10-06T15:46:33.961+0000] {taskmixin.py:205} WARNING - Dependency <Task(BashOperator): create_tag>, delete_tag already registered for DAG: example_complex
[2025-10-06T15:46:33.961+0000] {logging_mixin.py:137} INFO - [2025-10-06T15:46:33.961+0000] {taskmixin.py:205} WARNING - Dependency <Task(BashOperator): delete_tag>, create_tag already registered for DAG: example_complex
[2025-10-06T15:46:33.964+0000] {processor.py:753} INFO - DAG(s) dict_keys(['example_complex']) retrieved from /home/airflow/.local/lib/python3.7/site-packages/airflow/example_dags/example_complex.py
[2025-10-06T15:46:33.978+0000] {logging_mixin.py:137} INFO - [2025-10-06T15:46:33.978+0000] {dag.py:2690} INFO - Sync 1 DAGs
[2025-10-06T15:46:33.991+0000] {logging_mixin.py:137} INFO - [2025-10-06T15:46:33.991+0000] {dag.py:3441} INFO - Setting next_dagrun for example_complex to None, run_after=None
[2025-10-06T15:46:34.001+0000] {processor.py:175} INFO - Processing /home/airflow/.local/lib/python3.7/site-packages/airflow/example_dags/example_complex.py took 0.049 seconds
