[2025-10-06T15:34:55.691+0000] {processor.py:153} INFO - Started process (PID=77) to work on /home/airflow/.local/lib/python3.7/site-packages/airflow/example_dags/example_python_operator.py
[2025-10-06T15:34:55.693+0000] {processor.py:743} INFO - Processing file /home/airflow/.local/lib/python3.7/site-packages/airflow/example_dags/example_python_operator.py for tasks to queue
[2025-10-06T15:34:55.694+0000] {logging_mixin.py:137} INFO - [2025-10-06T15:34:55.693+0000] {dagbag.py:538} INFO - Filling up the DagBag from /home/airflow/.local/lib/python3.7/site-packages/airflow/example_dags/example_python_operator.py
[2025-10-06T15:34:55.711+0000] {logging_mixin.py:137} INFO - [2025-10-06T15:34:55.711+0000] {taskmixin.py:205} WARNING - Dependency <Task(_PythonDecoratedOperator): print_the_context>, log_sql_query already registered for DAG: example_python_operator
[2025-10-06T15:34:55.712+0000] {logging_mixin.py:137} INFO - [2025-10-06T15:34:55.712+0000] {taskmixin.py:205} WARNING - Dependency <Task(_PythonDecoratedOperator): log_sql_query>, print_the_context already registered for DAG: example_python_operator
[2025-10-06T15:34:55.712+0000] {logging_mixin.py:137} INFO - [2025-10-06T15:34:55.712+0000] {taskmixin.py:205} WARNING - Dependency <Task(_PythonDecoratedOperator): print_the_context>, log_sql_query already registered for DAG: example_python_operator
[2025-10-06T15:34:55.712+0000] {logging_mixin.py:137} INFO - [2025-10-06T15:34:55.712+0000] {taskmixin.py:205} WARNING - Dependency <Task(_PythonDecoratedOperator): log_sql_query>, print_the_context already registered for DAG: example_python_operator
[2025-10-06T15:34:55.713+0000] {logging_mixin.py:137} INFO - [2025-10-06T15:34:55.713+0000] {taskmixin.py:205} WARNING - Dependency <Task(_PythonDecoratedOperator): print_the_context>, log_sql_query already registered for DAG: example_python_operator
[2025-10-06T15:34:55.713+0000] {logging_mixin.py:137} INFO - [2025-10-06T15:34:55.713+0000] {taskmixin.py:205} WARNING - Dependency <Task(_PythonDecoratedOperator): log_sql_query>, print_the_context already registered for DAG: example_python_operator
[2025-10-06T15:34:55.713+0000] {logging_mixin.py:137} INFO - [2025-10-06T15:34:55.713+0000] {taskmixin.py:205} WARNING - Dependency <Task(_PythonDecoratedOperator): print_the_context>, log_sql_query already registered for DAG: example_python_operator
[2025-10-06T15:34:55.713+0000] {logging_mixin.py:137} INFO - [2025-10-06T15:34:55.713+0000] {taskmixin.py:205} WARNING - Dependency <Task(_PythonDecoratedOperator): log_sql_query>, print_the_context already registered for DAG: example_python_operator
[2025-10-06T15:34:55.717+0000] {processor.py:753} INFO - DAG(s) dict_keys(['example_python_operator']) retrieved from /home/airflow/.local/lib/python3.7/site-packages/airflow/example_dags/example_python_operator.py
[2025-10-06T15:34:55.727+0000] {logging_mixin.py:137} INFO - [2025-10-06T15:34:55.727+0000] {dag.py:2690} INFO - Sync 1 DAGs
[2025-10-06T15:34:55.742+0000] {logging_mixin.py:137} INFO - [2025-10-06T15:34:55.742+0000] {dag.py:3441} INFO - Setting next_dagrun for example_python_operator to None, run_after=None
[2025-10-06T15:34:55.754+0000] {processor.py:175} INFO - Processing /home/airflow/.local/lib/python3.7/site-packages/airflow/example_dags/example_python_operator.py took 0.066 seconds
[2025-10-06T15:35:26.109+0000] {processor.py:153} INFO - Started process (PID=176) to work on /home/airflow/.local/lib/python3.7/site-packages/airflow/example_dags/example_python_operator.py
[2025-10-06T15:35:26.110+0000] {processor.py:743} INFO - Processing file /home/airflow/.local/lib/python3.7/site-packages/airflow/example_dags/example_python_operator.py for tasks to queue
[2025-10-06T15:35:26.111+0000] {logging_mixin.py:137} INFO - [2025-10-06T15:35:26.111+0000] {dagbag.py:538} INFO - Filling up the DagBag from /home/airflow/.local/lib/python3.7/site-packages/airflow/example_dags/example_python_operator.py
[2025-10-06T15:35:26.119+0000] {logging_mixin.py:137} INFO - [2025-10-06T15:35:26.119+0000] {taskmixin.py:205} WARNING - Dependency <Task(_PythonDecoratedOperator): print_the_context>, log_sql_query already registered for DAG: example_python_operator
[2025-10-06T15:35:26.119+0000] {logging_mixin.py:137} INFO - [2025-10-06T15:35:26.119+0000] {taskmixin.py:205} WARNING - Dependency <Task(_PythonDecoratedOperator): log_sql_query>, print_the_context already registered for DAG: example_python_operator
[2025-10-06T15:35:26.119+0000] {logging_mixin.py:137} INFO - [2025-10-06T15:35:26.119+0000] {taskmixin.py:205} WARNING - Dependency <Task(_PythonDecoratedOperator): print_the_context>, log_sql_query already registered for DAG: example_python_operator
[2025-10-06T15:35:26.120+0000] {logging_mixin.py:137} INFO - [2025-10-06T15:35:26.120+0000] {taskmixin.py:205} WARNING - Dependency <Task(_PythonDecoratedOperator): log_sql_query>, print_the_context already registered for DAG: example_python_operator
[2025-10-06T15:35:26.120+0000] {logging_mixin.py:137} INFO - [2025-10-06T15:35:26.120+0000] {taskmixin.py:205} WARNING - Dependency <Task(_PythonDecoratedOperator): print_the_context>, log_sql_query already registered for DAG: example_python_operator
[2025-10-06T15:35:26.120+0000] {logging_mixin.py:137} INFO - [2025-10-06T15:35:26.120+0000] {taskmixin.py:205} WARNING - Dependency <Task(_PythonDecoratedOperator): log_sql_query>, print_the_context already registered for DAG: example_python_operator
[2025-10-06T15:35:26.120+0000] {logging_mixin.py:137} INFO - [2025-10-06T15:35:26.120+0000] {taskmixin.py:205} WARNING - Dependency <Task(_PythonDecoratedOperator): print_the_context>, log_sql_query already registered for DAG: example_python_operator
[2025-10-06T15:35:26.120+0000] {logging_mixin.py:137} INFO - [2025-10-06T15:35:26.120+0000] {taskmixin.py:205} WARNING - Dependency <Task(_PythonDecoratedOperator): log_sql_query>, print_the_context already registered for DAG: example_python_operator
[2025-10-06T15:35:26.123+0000] {processor.py:753} INFO - DAG(s) dict_keys(['example_python_operator']) retrieved from /home/airflow/.local/lib/python3.7/site-packages/airflow/example_dags/example_python_operator.py
[2025-10-06T15:35:26.149+0000] {logging_mixin.py:137} INFO - [2025-10-06T15:35:26.149+0000] {dag.py:2690} INFO - Sync 1 DAGs
[2025-10-06T15:35:26.158+0000] {logging_mixin.py:137} INFO - [2025-10-06T15:35:26.158+0000] {dag.py:3441} INFO - Setting next_dagrun for example_python_operator to None, run_after=None
[2025-10-06T15:35:26.165+0000] {processor.py:175} INFO - Processing /home/airflow/.local/lib/python3.7/site-packages/airflow/example_dags/example_python_operator.py took 0.057 seconds
[2025-10-06T15:35:56.571+0000] {processor.py:153} INFO - Started process (PID=275) to work on /home/airflow/.local/lib/python3.7/site-packages/airflow/example_dags/example_python_operator.py
[2025-10-06T15:35:56.575+0000] {processor.py:743} INFO - Processing file /home/airflow/.local/lib/python3.7/site-packages/airflow/example_dags/example_python_operator.py for tasks to queue
[2025-10-06T15:35:56.576+0000] {logging_mixin.py:137} INFO - [2025-10-06T15:35:56.576+0000] {dagbag.py:538} INFO - Filling up the DagBag from /home/airflow/.local/lib/python3.7/site-packages/airflow/example_dags/example_python_operator.py
[2025-10-06T15:35:56.583+0000] {logging_mixin.py:137} INFO - [2025-10-06T15:35:56.583+0000] {taskmixin.py:205} WARNING - Dependency <Task(_PythonDecoratedOperator): print_the_context>, log_sql_query already registered for DAG: example_python_operator
[2025-10-06T15:35:56.583+0000] {logging_mixin.py:137} INFO - [2025-10-06T15:35:56.583+0000] {taskmixin.py:205} WARNING - Dependency <Task(_PythonDecoratedOperator): log_sql_query>, print_the_context already registered for DAG: example_python_operator
[2025-10-06T15:35:56.583+0000] {logging_mixin.py:137} INFO - [2025-10-06T15:35:56.583+0000] {taskmixin.py:205} WARNING - Dependency <Task(_PythonDecoratedOperator): print_the_context>, log_sql_query already registered for DAG: example_python_operator
[2025-10-06T15:35:56.583+0000] {logging_mixin.py:137} INFO - [2025-10-06T15:35:56.583+0000] {taskmixin.py:205} WARNING - Dependency <Task(_PythonDecoratedOperator): log_sql_query>, print_the_context already registered for DAG: example_python_operator
[2025-10-06T15:35:56.584+0000] {logging_mixin.py:137} INFO - [2025-10-06T15:35:56.584+0000] {taskmixin.py:205} WARNING - Dependency <Task(_PythonDecoratedOperator): print_the_context>, log_sql_query already registered for DAG: example_python_operator
[2025-10-06T15:35:56.584+0000] {logging_mixin.py:137} INFO - [2025-10-06T15:35:56.584+0000] {taskmixin.py:205} WARNING - Dependency <Task(_PythonDecoratedOperator): log_sql_query>, print_the_context already registered for DAG: example_python_operator
[2025-10-06T15:35:56.584+0000] {logging_mixin.py:137} INFO - [2025-10-06T15:35:56.584+0000] {taskmixin.py:205} WARNING - Dependency <Task(_PythonDecoratedOperator): print_the_context>, log_sql_query already registered for DAG: example_python_operator
[2025-10-06T15:35:56.584+0000] {logging_mixin.py:137} INFO - [2025-10-06T15:35:56.584+0000] {taskmixin.py:205} WARNING - Dependency <Task(_PythonDecoratedOperator): log_sql_query>, print_the_context already registered for DAG: example_python_operator
[2025-10-06T15:35:56.587+0000] {processor.py:753} INFO - DAG(s) dict_keys(['example_python_operator']) retrieved from /home/airflow/.local/lib/python3.7/site-packages/airflow/example_dags/example_python_operator.py
[2025-10-06T15:35:56.603+0000] {logging_mixin.py:137} INFO - [2025-10-06T15:35:56.603+0000] {dag.py:2690} INFO - Sync 1 DAGs
[2025-10-06T15:35:56.615+0000] {logging_mixin.py:137} INFO - [2025-10-06T15:35:56.614+0000] {dag.py:3441} INFO - Setting next_dagrun for example_python_operator to None, run_after=None
[2025-10-06T15:35:56.622+0000] {processor.py:175} INFO - Processing /home/airflow/.local/lib/python3.7/site-packages/airflow/example_dags/example_python_operator.py took 0.052 seconds
[2025-10-06T15:36:27.051+0000] {processor.py:153} INFO - Started process (PID=354) to work on /home/airflow/.local/lib/python3.7/site-packages/airflow/example_dags/example_python_operator.py
[2025-10-06T15:36:27.051+0000] {processor.py:743} INFO - Processing file /home/airflow/.local/lib/python3.7/site-packages/airflow/example_dags/example_python_operator.py for tasks to queue
[2025-10-06T15:36:27.051+0000] {logging_mixin.py:137} INFO - [2025-10-06T15:36:27.051+0000] {dagbag.py:538} INFO - Filling up the DagBag from /home/airflow/.local/lib/python3.7/site-packages/airflow/example_dags/example_python_operator.py
[2025-10-06T15:36:27.058+0000] {logging_mixin.py:137} INFO - [2025-10-06T15:36:27.058+0000] {taskmixin.py:205} WARNING - Dependency <Task(_PythonDecoratedOperator): print_the_context>, log_sql_query already registered for DAG: example_python_operator
[2025-10-06T15:36:27.058+0000] {logging_mixin.py:137} INFO - [2025-10-06T15:36:27.058+0000] {taskmixin.py:205} WARNING - Dependency <Task(_PythonDecoratedOperator): log_sql_query>, print_the_context already registered for DAG: example_python_operator
[2025-10-06T15:36:27.059+0000] {logging_mixin.py:137} INFO - [2025-10-06T15:36:27.059+0000] {taskmixin.py:205} WARNING - Dependency <Task(_PythonDecoratedOperator): print_the_context>, log_sql_query already registered for DAG: example_python_operator
[2025-10-06T15:36:27.059+0000] {logging_mixin.py:137} INFO - [2025-10-06T15:36:27.059+0000] {taskmixin.py:205} WARNING - Dependency <Task(_PythonDecoratedOperator): log_sql_query>, print_the_context already registered for DAG: example_python_operator
[2025-10-06T15:36:27.059+0000] {logging_mixin.py:137} INFO - [2025-10-06T15:36:27.059+0000] {taskmixin.py:205} WARNING - Dependency <Task(_PythonDecoratedOperator): print_the_context>, log_sql_query already registered for DAG: example_python_operator
[2025-10-06T15:36:27.059+0000] {logging_mixin.py:137} INFO - [2025-10-06T15:36:27.059+0000] {taskmixin.py:205} WARNING - Dependency <Task(_PythonDecoratedOperator): log_sql_query>, print_the_context already registered for DAG: example_python_operator
[2025-10-06T15:36:27.059+0000] {logging_mixin.py:137} INFO - [2025-10-06T15:36:27.059+0000] {taskmixin.py:205} WARNING - Dependency <Task(_PythonDecoratedOperator): print_the_context>, log_sql_query already registered for DAG: example_python_operator
[2025-10-06T15:36:27.060+0000] {logging_mixin.py:137} INFO - [2025-10-06T15:36:27.060+0000] {taskmixin.py:205} WARNING - Dependency <Task(_PythonDecoratedOperator): log_sql_query>, print_the_context already registered for DAG: example_python_operator
[2025-10-06T15:36:27.062+0000] {processor.py:753} INFO - DAG(s) dict_keys(['example_python_operator']) retrieved from /home/airflow/.local/lib/python3.7/site-packages/airflow/example_dags/example_python_operator.py
[2025-10-06T15:36:27.072+0000] {logging_mixin.py:137} INFO - [2025-10-06T15:36:27.072+0000] {dag.py:2690} INFO - Sync 1 DAGs
[2025-10-06T15:36:27.081+0000] {logging_mixin.py:137} INFO - [2025-10-06T15:36:27.081+0000] {dag.py:3441} INFO - Setting next_dagrun for example_python_operator to None, run_after=None
[2025-10-06T15:36:27.088+0000] {processor.py:175} INFO - Processing /home/airflow/.local/lib/python3.7/site-packages/airflow/example_dags/example_python_operator.py took 0.038 seconds
[2025-10-06T15:36:57.520+0000] {processor.py:153} INFO - Started process (PID=453) to work on /home/airflow/.local/lib/python3.7/site-packages/airflow/example_dags/example_python_operator.py
[2025-10-06T15:36:57.521+0000] {processor.py:743} INFO - Processing file /home/airflow/.local/lib/python3.7/site-packages/airflow/example_dags/example_python_operator.py for tasks to queue
[2025-10-06T15:36:57.522+0000] {logging_mixin.py:137} INFO - [2025-10-06T15:36:57.522+0000] {dagbag.py:538} INFO - Filling up the DagBag from /home/airflow/.local/lib/python3.7/site-packages/airflow/example_dags/example_python_operator.py
[2025-10-06T15:36:57.530+0000] {logging_mixin.py:137} INFO - [2025-10-06T15:36:57.530+0000] {taskmixin.py:205} WARNING - Dependency <Task(_PythonDecoratedOperator): print_the_context>, log_sql_query already registered for DAG: example_python_operator
[2025-10-06T15:36:57.530+0000] {logging_mixin.py:137} INFO - [2025-10-06T15:36:57.530+0000] {taskmixin.py:205} WARNING - Dependency <Task(_PythonDecoratedOperator): log_sql_query>, print_the_context already registered for DAG: example_python_operator
[2025-10-06T15:36:57.531+0000] {logging_mixin.py:137} INFO - [2025-10-06T15:36:57.531+0000] {taskmixin.py:205} WARNING - Dependency <Task(_PythonDecoratedOperator): print_the_context>, log_sql_query already registered for DAG: example_python_operator
[2025-10-06T15:36:57.531+0000] {logging_mixin.py:137} INFO - [2025-10-06T15:36:57.531+0000] {taskmixin.py:205} WARNING - Dependency <Task(_PythonDecoratedOperator): log_sql_query>, print_the_context already registered for DAG: example_python_operator
[2025-10-06T15:36:57.531+0000] {logging_mixin.py:137} INFO - [2025-10-06T15:36:57.531+0000] {taskmixin.py:205} WARNING - Dependency <Task(_PythonDecoratedOperator): print_the_context>, log_sql_query already registered for DAG: example_python_operator
[2025-10-06T15:36:57.531+0000] {logging_mixin.py:137} INFO - [2025-10-06T15:36:57.531+0000] {taskmixin.py:205} WARNING - Dependency <Task(_PythonDecoratedOperator): log_sql_query>, print_the_context already registered for DAG: example_python_operator
[2025-10-06T15:36:57.531+0000] {logging_mixin.py:137} INFO - [2025-10-06T15:36:57.531+0000] {taskmixin.py:205} WARNING - Dependency <Task(_PythonDecoratedOperator): print_the_context>, log_sql_query already registered for DAG: example_python_operator
[2025-10-06T15:36:57.532+0000] {logging_mixin.py:137} INFO - [2025-10-06T15:36:57.532+0000] {taskmixin.py:205} WARNING - Dependency <Task(_PythonDecoratedOperator): log_sql_query>, print_the_context already registered for DAG: example_python_operator
[2025-10-06T15:36:57.534+0000] {processor.py:753} INFO - DAG(s) dict_keys(['example_python_operator']) retrieved from /home/airflow/.local/lib/python3.7/site-packages/airflow/example_dags/example_python_operator.py
[2025-10-06T15:36:57.548+0000] {logging_mixin.py:137} INFO - [2025-10-06T15:36:57.548+0000] {dag.py:2690} INFO - Sync 1 DAGs
[2025-10-06T15:36:57.560+0000] {logging_mixin.py:137} INFO - [2025-10-06T15:36:57.560+0000] {dag.py:3441} INFO - Setting next_dagrun for example_python_operator to None, run_after=None
[2025-10-06T15:36:57.573+0000] {processor.py:175} INFO - Processing /home/airflow/.local/lib/python3.7/site-packages/airflow/example_dags/example_python_operator.py took 0.054 seconds
[2025-10-06T15:37:27.899+0000] {processor.py:153} INFO - Started process (PID=552) to work on /home/airflow/.local/lib/python3.7/site-packages/airflow/example_dags/example_python_operator.py
[2025-10-06T15:37:27.899+0000] {processor.py:743} INFO - Processing file /home/airflow/.local/lib/python3.7/site-packages/airflow/example_dags/example_python_operator.py for tasks to queue
[2025-10-06T15:37:27.900+0000] {logging_mixin.py:137} INFO - [2025-10-06T15:37:27.900+0000] {dagbag.py:538} INFO - Filling up the DagBag from /home/airflow/.local/lib/python3.7/site-packages/airflow/example_dags/example_python_operator.py
[2025-10-06T15:37:27.907+0000] {logging_mixin.py:137} INFO - [2025-10-06T15:37:27.907+0000] {taskmixin.py:205} WARNING - Dependency <Task(_PythonDecoratedOperator): print_the_context>, log_sql_query already registered for DAG: example_python_operator
[2025-10-06T15:37:27.907+0000] {logging_mixin.py:137} INFO - [2025-10-06T15:37:27.907+0000] {taskmixin.py:205} WARNING - Dependency <Task(_PythonDecoratedOperator): log_sql_query>, print_the_context already registered for DAG: example_python_operator
[2025-10-06T15:37:27.908+0000] {logging_mixin.py:137} INFO - [2025-10-06T15:37:27.908+0000] {taskmixin.py:205} WARNING - Dependency <Task(_PythonDecoratedOperator): print_the_context>, log_sql_query already registered for DAG: example_python_operator
[2025-10-06T15:37:27.908+0000] {logging_mixin.py:137} INFO - [2025-10-06T15:37:27.908+0000] {taskmixin.py:205} WARNING - Dependency <Task(_PythonDecoratedOperator): log_sql_query>, print_the_context already registered for DAG: example_python_operator
[2025-10-06T15:37:27.908+0000] {logging_mixin.py:137} INFO - [2025-10-06T15:37:27.908+0000] {taskmixin.py:205} WARNING - Dependency <Task(_PythonDecoratedOperator): print_the_context>, log_sql_query already registered for DAG: example_python_operator
[2025-10-06T15:37:27.908+0000] {logging_mixin.py:137} INFO - [2025-10-06T15:37:27.908+0000] {taskmixin.py:205} WARNING - Dependency <Task(_PythonDecoratedOperator): log_sql_query>, print_the_context already registered for DAG: example_python_operator
[2025-10-06T15:37:27.908+0000] {logging_mixin.py:137} INFO - [2025-10-06T15:37:27.908+0000] {taskmixin.py:205} WARNING - Dependency <Task(_PythonDecoratedOperator): print_the_context>, log_sql_query already registered for DAG: example_python_operator
[2025-10-06T15:37:27.908+0000] {logging_mixin.py:137} INFO - [2025-10-06T15:37:27.908+0000] {taskmixin.py:205} WARNING - Dependency <Task(_PythonDecoratedOperator): log_sql_query>, print_the_context already registered for DAG: example_python_operator
[2025-10-06T15:37:27.911+0000] {processor.py:753} INFO - DAG(s) dict_keys(['example_python_operator']) retrieved from /home/airflow/.local/lib/python3.7/site-packages/airflow/example_dags/example_python_operator.py
[2025-10-06T15:37:27.923+0000] {logging_mixin.py:137} INFO - [2025-10-06T15:37:27.923+0000] {dag.py:2690} INFO - Sync 1 DAGs
[2025-10-06T15:37:27.936+0000] {logging_mixin.py:137} INFO - [2025-10-06T15:37:27.936+0000] {dag.py:3441} INFO - Setting next_dagrun for example_python_operator to None, run_after=None
[2025-10-06T15:37:27.943+0000] {processor.py:175} INFO - Processing /home/airflow/.local/lib/python3.7/site-packages/airflow/example_dags/example_python_operator.py took 0.045 seconds
[2025-10-06T15:37:58.270+0000] {processor.py:153} INFO - Started process (PID=651) to work on /home/airflow/.local/lib/python3.7/site-packages/airflow/example_dags/example_python_operator.py
[2025-10-06T15:37:58.271+0000] {processor.py:743} INFO - Processing file /home/airflow/.local/lib/python3.7/site-packages/airflow/example_dags/example_python_operator.py for tasks to queue
[2025-10-06T15:37:58.272+0000] {logging_mixin.py:137} INFO - [2025-10-06T15:37:58.272+0000] {dagbag.py:538} INFO - Filling up the DagBag from /home/airflow/.local/lib/python3.7/site-packages/airflow/example_dags/example_python_operator.py
[2025-10-06T15:37:58.280+0000] {logging_mixin.py:137} INFO - [2025-10-06T15:37:58.280+0000] {taskmixin.py:205} WARNING - Dependency <Task(_PythonDecoratedOperator): print_the_context>, log_sql_query already registered for DAG: example_python_operator
[2025-10-06T15:37:58.281+0000] {logging_mixin.py:137} INFO - [2025-10-06T15:37:58.281+0000] {taskmixin.py:205} WARNING - Dependency <Task(_PythonDecoratedOperator): log_sql_query>, print_the_context already registered for DAG: example_python_operator
[2025-10-06T15:37:58.281+0000] {logging_mixin.py:137} INFO - [2025-10-06T15:37:58.281+0000] {taskmixin.py:205} WARNING - Dependency <Task(_PythonDecoratedOperator): print_the_context>, log_sql_query already registered for DAG: example_python_operator
[2025-10-06T15:37:58.282+0000] {logging_mixin.py:137} INFO - [2025-10-06T15:37:58.281+0000] {taskmixin.py:205} WARNING - Dependency <Task(_PythonDecoratedOperator): log_sql_query>, print_the_context already registered for DAG: example_python_operator
[2025-10-06T15:37:58.282+0000] {logging_mixin.py:137} INFO - [2025-10-06T15:37:58.282+0000] {taskmixin.py:205} WARNING - Dependency <Task(_PythonDecoratedOperator): print_the_context>, log_sql_query already registered for DAG: example_python_operator
[2025-10-06T15:37:58.282+0000] {logging_mixin.py:137} INFO - [2025-10-06T15:37:58.282+0000] {taskmixin.py:205} WARNING - Dependency <Task(_PythonDecoratedOperator): log_sql_query>, print_the_context already registered for DAG: example_python_operator
[2025-10-06T15:37:58.282+0000] {logging_mixin.py:137} INFO - [2025-10-06T15:37:58.282+0000] {taskmixin.py:205} WARNING - Dependency <Task(_PythonDecoratedOperator): print_the_context>, log_sql_query already registered for DAG: example_python_operator
[2025-10-06T15:37:58.283+0000] {logging_mixin.py:137} INFO - [2025-10-06T15:37:58.283+0000] {taskmixin.py:205} WARNING - Dependency <Task(_PythonDecoratedOperator): log_sql_query>, print_the_context already registered for DAG: example_python_operator
[2025-10-06T15:37:58.286+0000] {processor.py:753} INFO - DAG(s) dict_keys(['example_python_operator']) retrieved from /home/airflow/.local/lib/python3.7/site-packages/airflow/example_dags/example_python_operator.py
[2025-10-06T15:37:58.298+0000] {logging_mixin.py:137} INFO - [2025-10-06T15:37:58.298+0000] {dag.py:2690} INFO - Sync 1 DAGs
[2025-10-06T15:37:58.309+0000] {logging_mixin.py:137} INFO - [2025-10-06T15:37:58.309+0000] {dag.py:3441} INFO - Setting next_dagrun for example_python_operator to None, run_after=None
[2025-10-06T15:37:58.318+0000] {processor.py:175} INFO - Processing /home/airflow/.local/lib/python3.7/site-packages/airflow/example_dags/example_python_operator.py took 0.050 seconds
[2025-10-06T15:38:28.689+0000] {processor.py:153} INFO - Started process (PID=730) to work on /home/airflow/.local/lib/python3.7/site-packages/airflow/example_dags/example_python_operator.py
[2025-10-06T15:38:28.689+0000] {processor.py:743} INFO - Processing file /home/airflow/.local/lib/python3.7/site-packages/airflow/example_dags/example_python_operator.py for tasks to queue
[2025-10-06T15:38:28.690+0000] {logging_mixin.py:137} INFO - [2025-10-06T15:38:28.690+0000] {dagbag.py:538} INFO - Filling up the DagBag from /home/airflow/.local/lib/python3.7/site-packages/airflow/example_dags/example_python_operator.py
[2025-10-06T15:38:28.698+0000] {logging_mixin.py:137} INFO - [2025-10-06T15:38:28.698+0000] {taskmixin.py:205} WARNING - Dependency <Task(_PythonDecoratedOperator): print_the_context>, log_sql_query already registered for DAG: example_python_operator
[2025-10-06T15:38:28.698+0000] {logging_mixin.py:137} INFO - [2025-10-06T15:38:28.698+0000] {taskmixin.py:205} WARNING - Dependency <Task(_PythonDecoratedOperator): log_sql_query>, print_the_context already registered for DAG: example_python_operator
[2025-10-06T15:38:28.698+0000] {logging_mixin.py:137} INFO - [2025-10-06T15:38:28.698+0000] {taskmixin.py:205} WARNING - Dependency <Task(_PythonDecoratedOperator): print_the_context>, log_sql_query already registered for DAG: example_python_operator
[2025-10-06T15:38:28.700+0000] {logging_mixin.py:137} INFO - [2025-10-06T15:38:28.700+0000] {taskmixin.py:205} WARNING - Dependency <Task(_PythonDecoratedOperator): log_sql_query>, print_the_context already registered for DAG: example_python_operator
[2025-10-06T15:38:28.701+0000] {logging_mixin.py:137} INFO - [2025-10-06T15:38:28.701+0000] {taskmixin.py:205} WARNING - Dependency <Task(_PythonDecoratedOperator): print_the_context>, log_sql_query already registered for DAG: example_python_operator
[2025-10-06T15:38:28.702+0000] {logging_mixin.py:137} INFO - [2025-10-06T15:38:28.702+0000] {taskmixin.py:205} WARNING - Dependency <Task(_PythonDecoratedOperator): log_sql_query>, print_the_context already registered for DAG: example_python_operator
[2025-10-06T15:38:28.702+0000] {logging_mixin.py:137} INFO - [2025-10-06T15:38:28.702+0000] {taskmixin.py:205} WARNING - Dependency <Task(_PythonDecoratedOperator): print_the_context>, log_sql_query already registered for DAG: example_python_operator
[2025-10-06T15:38:28.702+0000] {logging_mixin.py:137} INFO - [2025-10-06T15:38:28.702+0000] {taskmixin.py:205} WARNING - Dependency <Task(_PythonDecoratedOperator): log_sql_query>, print_the_context already registered for DAG: example_python_operator
[2025-10-06T15:38:28.705+0000] {processor.py:753} INFO - DAG(s) dict_keys(['example_python_operator']) retrieved from /home/airflow/.local/lib/python3.7/site-packages/airflow/example_dags/example_python_operator.py
[2025-10-06T15:38:28.718+0000] {logging_mixin.py:137} INFO - [2025-10-06T15:38:28.718+0000] {dag.py:2690} INFO - Sync 1 DAGs
[2025-10-06T15:38:28.728+0000] {logging_mixin.py:137} INFO - [2025-10-06T15:38:28.728+0000] {dag.py:3441} INFO - Setting next_dagrun for example_python_operator to None, run_after=None
[2025-10-06T15:38:28.738+0000] {processor.py:175} INFO - Processing /home/airflow/.local/lib/python3.7/site-packages/airflow/example_dags/example_python_operator.py took 0.051 seconds
[2025-10-06T15:38:59.094+0000] {processor.py:153} INFO - Started process (PID=829) to work on /home/airflow/.local/lib/python3.7/site-packages/airflow/example_dags/example_python_operator.py
[2025-10-06T15:38:59.094+0000] {processor.py:743} INFO - Processing file /home/airflow/.local/lib/python3.7/site-packages/airflow/example_dags/example_python_operator.py for tasks to queue
[2025-10-06T15:38:59.095+0000] {logging_mixin.py:137} INFO - [2025-10-06T15:38:59.094+0000] {dagbag.py:538} INFO - Filling up the DagBag from /home/airflow/.local/lib/python3.7/site-packages/airflow/example_dags/example_python_operator.py
[2025-10-06T15:38:59.102+0000] {logging_mixin.py:137} INFO - [2025-10-06T15:38:59.102+0000] {taskmixin.py:205} WARNING - Dependency <Task(_PythonDecoratedOperator): print_the_context>, log_sql_query already registered for DAG: example_python_operator
[2025-10-06T15:38:59.102+0000] {logging_mixin.py:137} INFO - [2025-10-06T15:38:59.102+0000] {taskmixin.py:205} WARNING - Dependency <Task(_PythonDecoratedOperator): log_sql_query>, print_the_context already registered for DAG: example_python_operator
[2025-10-06T15:38:59.102+0000] {logging_mixin.py:137} INFO - [2025-10-06T15:38:59.102+0000] {taskmixin.py:205} WARNING - Dependency <Task(_PythonDecoratedOperator): print_the_context>, log_sql_query already registered for DAG: example_python_operator
[2025-10-06T15:38:59.102+0000] {logging_mixin.py:137} INFO - [2025-10-06T15:38:59.102+0000] {taskmixin.py:205} WARNING - Dependency <Task(_PythonDecoratedOperator): log_sql_query>, print_the_context already registered for DAG: example_python_operator
[2025-10-06T15:38:59.103+0000] {logging_mixin.py:137} INFO - [2025-10-06T15:38:59.103+0000] {taskmixin.py:205} WARNING - Dependency <Task(_PythonDecoratedOperator): print_the_context>, log_sql_query already registered for DAG: example_python_operator
[2025-10-06T15:38:59.103+0000] {logging_mixin.py:137} INFO - [2025-10-06T15:38:59.103+0000] {taskmixin.py:205} WARNING - Dependency <Task(_PythonDecoratedOperator): log_sql_query>, print_the_context already registered for DAG: example_python_operator
[2025-10-06T15:38:59.103+0000] {logging_mixin.py:137} INFO - [2025-10-06T15:38:59.103+0000] {taskmixin.py:205} WARNING - Dependency <Task(_PythonDecoratedOperator): print_the_context>, log_sql_query already registered for DAG: example_python_operator
[2025-10-06T15:38:59.103+0000] {logging_mixin.py:137} INFO - [2025-10-06T15:38:59.103+0000] {taskmixin.py:205} WARNING - Dependency <Task(_PythonDecoratedOperator): log_sql_query>, print_the_context already registered for DAG: example_python_operator
[2025-10-06T15:38:59.106+0000] {processor.py:753} INFO - DAG(s) dict_keys(['example_python_operator']) retrieved from /home/airflow/.local/lib/python3.7/site-packages/airflow/example_dags/example_python_operator.py
[2025-10-06T15:38:59.118+0000] {logging_mixin.py:137} INFO - [2025-10-06T15:38:59.118+0000] {dag.py:2690} INFO - Sync 1 DAGs
[2025-10-06T15:38:59.128+0000] {logging_mixin.py:137} INFO - [2025-10-06T15:38:59.128+0000] {dag.py:3441} INFO - Setting next_dagrun for example_python_operator to None, run_after=None
[2025-10-06T15:38:59.138+0000] {processor.py:175} INFO - Processing /home/airflow/.local/lib/python3.7/site-packages/airflow/example_dags/example_python_operator.py took 0.046 seconds
[2025-10-06T15:39:29.515+0000] {processor.py:153} INFO - Started process (PID=928) to work on /home/airflow/.local/lib/python3.7/site-packages/airflow/example_dags/example_python_operator.py
[2025-10-06T15:39:29.516+0000] {processor.py:743} INFO - Processing file /home/airflow/.local/lib/python3.7/site-packages/airflow/example_dags/example_python_operator.py for tasks to queue
[2025-10-06T15:39:29.516+0000] {logging_mixin.py:137} INFO - [2025-10-06T15:39:29.516+0000] {dagbag.py:538} INFO - Filling up the DagBag from /home/airflow/.local/lib/python3.7/site-packages/airflow/example_dags/example_python_operator.py
[2025-10-06T15:39:29.524+0000] {logging_mixin.py:137} INFO - [2025-10-06T15:39:29.523+0000] {taskmixin.py:205} WARNING - Dependency <Task(_PythonDecoratedOperator): print_the_context>, log_sql_query already registered for DAG: example_python_operator
[2025-10-06T15:39:29.524+0000] {logging_mixin.py:137} INFO - [2025-10-06T15:39:29.524+0000] {taskmixin.py:205} WARNING - Dependency <Task(_PythonDecoratedOperator): log_sql_query>, print_the_context already registered for DAG: example_python_operator
[2025-10-06T15:39:29.525+0000] {logging_mixin.py:137} INFO - [2025-10-06T15:39:29.525+0000] {taskmixin.py:205} WARNING - Dependency <Task(_PythonDecoratedOperator): print_the_context>, log_sql_query already registered for DAG: example_python_operator
[2025-10-06T15:39:29.525+0000] {logging_mixin.py:137} INFO - [2025-10-06T15:39:29.525+0000] {taskmixin.py:205} WARNING - Dependency <Task(_PythonDecoratedOperator): log_sql_query>, print_the_context already registered for DAG: example_python_operator
[2025-10-06T15:39:29.526+0000] {logging_mixin.py:137} INFO - [2025-10-06T15:39:29.526+0000] {taskmixin.py:205} WARNING - Dependency <Task(_PythonDecoratedOperator): print_the_context>, log_sql_query already registered for DAG: example_python_operator
[2025-10-06T15:39:29.526+0000] {logging_mixin.py:137} INFO - [2025-10-06T15:39:29.526+0000] {taskmixin.py:205} WARNING - Dependency <Task(_PythonDecoratedOperator): log_sql_query>, print_the_context already registered for DAG: example_python_operator
[2025-10-06T15:39:29.526+0000] {logging_mixin.py:137} INFO - [2025-10-06T15:39:29.526+0000] {taskmixin.py:205} WARNING - Dependency <Task(_PythonDecoratedOperator): print_the_context>, log_sql_query already registered for DAG: example_python_operator
[2025-10-06T15:39:29.526+0000] {logging_mixin.py:137} INFO - [2025-10-06T15:39:29.526+0000] {taskmixin.py:205} WARNING - Dependency <Task(_PythonDecoratedOperator): log_sql_query>, print_the_context already registered for DAG: example_python_operator
[2025-10-06T15:39:29.529+0000] {processor.py:753} INFO - DAG(s) dict_keys(['example_python_operator']) retrieved from /home/airflow/.local/lib/python3.7/site-packages/airflow/example_dags/example_python_operator.py
[2025-10-06T15:39:29.539+0000] {logging_mixin.py:137} INFO - [2025-10-06T15:39:29.539+0000] {dag.py:2690} INFO - Sync 1 DAGs
[2025-10-06T15:39:29.549+0000] {logging_mixin.py:137} INFO - [2025-10-06T15:39:29.549+0000] {dag.py:3441} INFO - Setting next_dagrun for example_python_operator to None, run_after=None
[2025-10-06T15:39:29.558+0000] {processor.py:175} INFO - Processing /home/airflow/.local/lib/python3.7/site-packages/airflow/example_dags/example_python_operator.py took 0.044 seconds
[2025-10-06T15:39:59.829+0000] {processor.py:153} INFO - Started process (PID=1027) to work on /home/airflow/.local/lib/python3.7/site-packages/airflow/example_dags/example_python_operator.py
[2025-10-06T15:39:59.829+0000] {processor.py:743} INFO - Processing file /home/airflow/.local/lib/python3.7/site-packages/airflow/example_dags/example_python_operator.py for tasks to queue
[2025-10-06T15:39:59.831+0000] {logging_mixin.py:137} INFO - [2025-10-06T15:39:59.830+0000] {dagbag.py:538} INFO - Filling up the DagBag from /home/airflow/.local/lib/python3.7/site-packages/airflow/example_dags/example_python_operator.py
[2025-10-06T15:39:59.838+0000] {logging_mixin.py:137} INFO - [2025-10-06T15:39:59.838+0000] {taskmixin.py:205} WARNING - Dependency <Task(_PythonDecoratedOperator): print_the_context>, log_sql_query already registered for DAG: example_python_operator
[2025-10-06T15:39:59.838+0000] {logging_mixin.py:137} INFO - [2025-10-06T15:39:59.838+0000] {taskmixin.py:205} WARNING - Dependency <Task(_PythonDecoratedOperator): log_sql_query>, print_the_context already registered for DAG: example_python_operator
[2025-10-06T15:39:59.838+0000] {logging_mixin.py:137} INFO - [2025-10-06T15:39:59.838+0000] {taskmixin.py:205} WARNING - Dependency <Task(_PythonDecoratedOperator): print_the_context>, log_sql_query already registered for DAG: example_python_operator
[2025-10-06T15:39:59.838+0000] {logging_mixin.py:137} INFO - [2025-10-06T15:39:59.838+0000] {taskmixin.py:205} WARNING - Dependency <Task(_PythonDecoratedOperator): log_sql_query>, print_the_context already registered for DAG: example_python_operator
[2025-10-06T15:39:59.839+0000] {logging_mixin.py:137} INFO - [2025-10-06T15:39:59.839+0000] {taskmixin.py:205} WARNING - Dependency <Task(_PythonDecoratedOperator): print_the_context>, log_sql_query already registered for DAG: example_python_operator
[2025-10-06T15:39:59.839+0000] {logging_mixin.py:137} INFO - [2025-10-06T15:39:59.839+0000] {taskmixin.py:205} WARNING - Dependency <Task(_PythonDecoratedOperator): log_sql_query>, print_the_context already registered for DAG: example_python_operator
[2025-10-06T15:39:59.839+0000] {logging_mixin.py:137} INFO - [2025-10-06T15:39:59.839+0000] {taskmixin.py:205} WARNING - Dependency <Task(_PythonDecoratedOperator): print_the_context>, log_sql_query already registered for DAG: example_python_operator
[2025-10-06T15:39:59.839+0000] {logging_mixin.py:137} INFO - [2025-10-06T15:39:59.839+0000] {taskmixin.py:205} WARNING - Dependency <Task(_PythonDecoratedOperator): log_sql_query>, print_the_context already registered for DAG: example_python_operator
[2025-10-06T15:39:59.842+0000] {processor.py:753} INFO - DAG(s) dict_keys(['example_python_operator']) retrieved from /home/airflow/.local/lib/python3.7/site-packages/airflow/example_dags/example_python_operator.py
[2025-10-06T15:39:59.854+0000] {logging_mixin.py:137} INFO - [2025-10-06T15:39:59.854+0000] {dag.py:2690} INFO - Sync 1 DAGs
[2025-10-06T15:39:59.864+0000] {logging_mixin.py:137} INFO - [2025-10-06T15:39:59.864+0000] {dag.py:3441} INFO - Setting next_dagrun for example_python_operator to None, run_after=None
[2025-10-06T15:39:59.871+0000] {processor.py:175} INFO - Processing /home/airflow/.local/lib/python3.7/site-packages/airflow/example_dags/example_python_operator.py took 0.043 seconds
[2025-10-06T15:40:30.001+0000] {processor.py:153} INFO - Started process (PID=1106) to work on /home/airflow/.local/lib/python3.7/site-packages/airflow/example_dags/example_python_operator.py
[2025-10-06T15:40:30.001+0000] {processor.py:743} INFO - Processing file /home/airflow/.local/lib/python3.7/site-packages/airflow/example_dags/example_python_operator.py for tasks to queue
[2025-10-06T15:40:30.002+0000] {logging_mixin.py:137} INFO - [2025-10-06T15:40:30.002+0000] {dagbag.py:538} INFO - Filling up the DagBag from /home/airflow/.local/lib/python3.7/site-packages/airflow/example_dags/example_python_operator.py
[2025-10-06T15:40:30.010+0000] {logging_mixin.py:137} INFO - [2025-10-06T15:40:30.010+0000] {taskmixin.py:205} WARNING - Dependency <Task(_PythonDecoratedOperator): print_the_context>, log_sql_query already registered for DAG: example_python_operator
[2025-10-06T15:40:30.010+0000] {logging_mixin.py:137} INFO - [2025-10-06T15:40:30.010+0000] {taskmixin.py:205} WARNING - Dependency <Task(_PythonDecoratedOperator): log_sql_query>, print_the_context already registered for DAG: example_python_operator
[2025-10-06T15:40:30.010+0000] {logging_mixin.py:137} INFO - [2025-10-06T15:40:30.010+0000] {taskmixin.py:205} WARNING - Dependency <Task(_PythonDecoratedOperator): print_the_context>, log_sql_query already registered for DAG: example_python_operator
[2025-10-06T15:40:30.010+0000] {logging_mixin.py:137} INFO - [2025-10-06T15:40:30.010+0000] {taskmixin.py:205} WARNING - Dependency <Task(_PythonDecoratedOperator): log_sql_query>, print_the_context already registered for DAG: example_python_operator
[2025-10-06T15:40:30.010+0000] {logging_mixin.py:137} INFO - [2025-10-06T15:40:30.010+0000] {taskmixin.py:205} WARNING - Dependency <Task(_PythonDecoratedOperator): print_the_context>, log_sql_query already registered for DAG: example_python_operator
[2025-10-06T15:40:30.011+0000] {logging_mixin.py:137} INFO - [2025-10-06T15:40:30.010+0000] {taskmixin.py:205} WARNING - Dependency <Task(_PythonDecoratedOperator): log_sql_query>, print_the_context already registered for DAG: example_python_operator
[2025-10-06T15:40:30.011+0000] {logging_mixin.py:137} INFO - [2025-10-06T15:40:30.011+0000] {taskmixin.py:205} WARNING - Dependency <Task(_PythonDecoratedOperator): print_the_context>, log_sql_query already registered for DAG: example_python_operator
[2025-10-06T15:40:30.011+0000] {logging_mixin.py:137} INFO - [2025-10-06T15:40:30.011+0000] {taskmixin.py:205} WARNING - Dependency <Task(_PythonDecoratedOperator): log_sql_query>, print_the_context already registered for DAG: example_python_operator
[2025-10-06T15:40:30.013+0000] {processor.py:753} INFO - DAG(s) dict_keys(['example_python_operator']) retrieved from /home/airflow/.local/lib/python3.7/site-packages/airflow/example_dags/example_python_operator.py
[2025-10-06T15:40:30.025+0000] {logging_mixin.py:137} INFO - [2025-10-06T15:40:30.025+0000] {dag.py:2690} INFO - Sync 1 DAGs
[2025-10-06T15:40:30.035+0000] {logging_mixin.py:137} INFO - [2025-10-06T15:40:30.035+0000] {dag.py:3441} INFO - Setting next_dagrun for example_python_operator to None, run_after=None
[2025-10-06T15:40:30.042+0000] {processor.py:175} INFO - Processing /home/airflow/.local/lib/python3.7/site-packages/airflow/example_dags/example_python_operator.py took 0.043 seconds
[2025-10-06T15:41:00.304+0000] {processor.py:153} INFO - Started process (PID=1205) to work on /home/airflow/.local/lib/python3.7/site-packages/airflow/example_dags/example_python_operator.py
[2025-10-06T15:41:00.305+0000] {processor.py:743} INFO - Processing file /home/airflow/.local/lib/python3.7/site-packages/airflow/example_dags/example_python_operator.py for tasks to queue
[2025-10-06T15:41:00.307+0000] {logging_mixin.py:137} INFO - [2025-10-06T15:41:00.307+0000] {dagbag.py:538} INFO - Filling up the DagBag from /home/airflow/.local/lib/python3.7/site-packages/airflow/example_dags/example_python_operator.py
[2025-10-06T15:41:00.315+0000] {logging_mixin.py:137} INFO - [2025-10-06T15:41:00.315+0000] {taskmixin.py:205} WARNING - Dependency <Task(_PythonDecoratedOperator): print_the_context>, log_sql_query already registered for DAG: example_python_operator
[2025-10-06T15:41:00.315+0000] {logging_mixin.py:137} INFO - [2025-10-06T15:41:00.315+0000] {taskmixin.py:205} WARNING - Dependency <Task(_PythonDecoratedOperator): log_sql_query>, print_the_context already registered for DAG: example_python_operator
[2025-10-06T15:41:00.315+0000] {logging_mixin.py:137} INFO - [2025-10-06T15:41:00.315+0000] {taskmixin.py:205} WARNING - Dependency <Task(_PythonDecoratedOperator): print_the_context>, log_sql_query already registered for DAG: example_python_operator
[2025-10-06T15:41:00.316+0000] {logging_mixin.py:137} INFO - [2025-10-06T15:41:00.316+0000] {taskmixin.py:205} WARNING - Dependency <Task(_PythonDecoratedOperator): log_sql_query>, print_the_context already registered for DAG: example_python_operator
[2025-10-06T15:41:00.316+0000] {logging_mixin.py:137} INFO - [2025-10-06T15:41:00.316+0000] {taskmixin.py:205} WARNING - Dependency <Task(_PythonDecoratedOperator): print_the_context>, log_sql_query already registered for DAG: example_python_operator
[2025-10-06T15:41:00.316+0000] {logging_mixin.py:137} INFO - [2025-10-06T15:41:00.316+0000] {taskmixin.py:205} WARNING - Dependency <Task(_PythonDecoratedOperator): log_sql_query>, print_the_context already registered for DAG: example_python_operator
[2025-10-06T15:41:00.317+0000] {logging_mixin.py:137} INFO - [2025-10-06T15:41:00.317+0000] {taskmixin.py:205} WARNING - Dependency <Task(_PythonDecoratedOperator): print_the_context>, log_sql_query already registered for DAG: example_python_operator
[2025-10-06T15:41:00.317+0000] {logging_mixin.py:137} INFO - [2025-10-06T15:41:00.317+0000] {taskmixin.py:205} WARNING - Dependency <Task(_PythonDecoratedOperator): log_sql_query>, print_the_context already registered for DAG: example_python_operator
[2025-10-06T15:41:00.320+0000] {processor.py:753} INFO - DAG(s) dict_keys(['example_python_operator']) retrieved from /home/airflow/.local/lib/python3.7/site-packages/airflow/example_dags/example_python_operator.py
[2025-10-06T15:41:00.332+0000] {logging_mixin.py:137} INFO - [2025-10-06T15:41:00.332+0000] {dag.py:2690} INFO - Sync 1 DAGs
[2025-10-06T15:41:00.343+0000] {logging_mixin.py:137} INFO - [2025-10-06T15:41:00.343+0000] {dag.py:3441} INFO - Setting next_dagrun for example_python_operator to None, run_after=None
[2025-10-06T15:41:00.350+0000] {processor.py:175} INFO - Processing /home/airflow/.local/lib/python3.7/site-packages/airflow/example_dags/example_python_operator.py took 0.047 seconds
[2025-10-06T15:41:30.554+0000] {processor.py:153} INFO - Started process (PID=1304) to work on /home/airflow/.local/lib/python3.7/site-packages/airflow/example_dags/example_python_operator.py
[2025-10-06T15:41:30.557+0000] {processor.py:743} INFO - Processing file /home/airflow/.local/lib/python3.7/site-packages/airflow/example_dags/example_python_operator.py for tasks to queue
[2025-10-06T15:41:30.558+0000] {logging_mixin.py:137} INFO - [2025-10-06T15:41:30.557+0000] {dagbag.py:538} INFO - Filling up the DagBag from /home/airflow/.local/lib/python3.7/site-packages/airflow/example_dags/example_python_operator.py
[2025-10-06T15:41:30.565+0000] {logging_mixin.py:137} INFO - [2025-10-06T15:41:30.565+0000] {taskmixin.py:205} WARNING - Dependency <Task(_PythonDecoratedOperator): print_the_context>, log_sql_query already registered for DAG: example_python_operator
[2025-10-06T15:41:30.565+0000] {logging_mixin.py:137} INFO - [2025-10-06T15:41:30.565+0000] {taskmixin.py:205} WARNING - Dependency <Task(_PythonDecoratedOperator): log_sql_query>, print_the_context already registered for DAG: example_python_operator
[2025-10-06T15:41:30.566+0000] {logging_mixin.py:137} INFO - [2025-10-06T15:41:30.566+0000] {taskmixin.py:205} WARNING - Dependency <Task(_PythonDecoratedOperator): print_the_context>, log_sql_query already registered for DAG: example_python_operator
[2025-10-06T15:41:30.569+0000] {logging_mixin.py:137} INFO - [2025-10-06T15:41:30.569+0000] {taskmixin.py:205} WARNING - Dependency <Task(_PythonDecoratedOperator): log_sql_query>, print_the_context already registered for DAG: example_python_operator
[2025-10-06T15:41:30.569+0000] {logging_mixin.py:137} INFO - [2025-10-06T15:41:30.569+0000] {taskmixin.py:205} WARNING - Dependency <Task(_PythonDecoratedOperator): print_the_context>, log_sql_query already registered for DAG: example_python_operator
[2025-10-06T15:41:30.570+0000] {logging_mixin.py:137} INFO - [2025-10-06T15:41:30.570+0000] {taskmixin.py:205} WARNING - Dependency <Task(_PythonDecoratedOperator): log_sql_query>, print_the_context already registered for DAG: example_python_operator
[2025-10-06T15:41:30.570+0000] {logging_mixin.py:137} INFO - [2025-10-06T15:41:30.570+0000] {taskmixin.py:205} WARNING - Dependency <Task(_PythonDecoratedOperator): print_the_context>, log_sql_query already registered for DAG: example_python_operator
[2025-10-06T15:41:30.570+0000] {logging_mixin.py:137} INFO - [2025-10-06T15:41:30.570+0000] {taskmixin.py:205} WARNING - Dependency <Task(_PythonDecoratedOperator): log_sql_query>, print_the_context already registered for DAG: example_python_operator
[2025-10-06T15:41:30.573+0000] {processor.py:753} INFO - DAG(s) dict_keys(['example_python_operator']) retrieved from /home/airflow/.local/lib/python3.7/site-packages/airflow/example_dags/example_python_operator.py
[2025-10-06T15:41:30.585+0000] {logging_mixin.py:137} INFO - [2025-10-06T15:41:30.585+0000] {dag.py:2690} INFO - Sync 1 DAGs
[2025-10-06T15:41:30.596+0000] {logging_mixin.py:137} INFO - [2025-10-06T15:41:30.596+0000] {dag.py:3441} INFO - Setting next_dagrun for example_python_operator to None, run_after=None
[2025-10-06T15:41:30.602+0000] {processor.py:175} INFO - Processing /home/airflow/.local/lib/python3.7/site-packages/airflow/example_dags/example_python_operator.py took 0.049 seconds
[2025-10-06T15:42:00.941+0000] {processor.py:153} INFO - Started process (PID=1403) to work on /home/airflow/.local/lib/python3.7/site-packages/airflow/example_dags/example_python_operator.py
[2025-10-06T15:42:00.942+0000] {processor.py:743} INFO - Processing file /home/airflow/.local/lib/python3.7/site-packages/airflow/example_dags/example_python_operator.py for tasks to queue
[2025-10-06T15:42:00.943+0000] {logging_mixin.py:137} INFO - [2025-10-06T15:42:00.943+0000] {dagbag.py:538} INFO - Filling up the DagBag from /home/airflow/.local/lib/python3.7/site-packages/airflow/example_dags/example_python_operator.py
[2025-10-06T15:42:00.950+0000] {logging_mixin.py:137} INFO - [2025-10-06T15:42:00.950+0000] {taskmixin.py:205} WARNING - Dependency <Task(_PythonDecoratedOperator): print_the_context>, log_sql_query already registered for DAG: example_python_operator
[2025-10-06T15:42:00.951+0000] {logging_mixin.py:137} INFO - [2025-10-06T15:42:00.951+0000] {taskmixin.py:205} WARNING - Dependency <Task(_PythonDecoratedOperator): log_sql_query>, print_the_context already registered for DAG: example_python_operator
[2025-10-06T15:42:00.951+0000] {logging_mixin.py:137} INFO - [2025-10-06T15:42:00.951+0000] {taskmixin.py:205} WARNING - Dependency <Task(_PythonDecoratedOperator): print_the_context>, log_sql_query already registered for DAG: example_python_operator
[2025-10-06T15:42:00.951+0000] {logging_mixin.py:137} INFO - [2025-10-06T15:42:00.951+0000] {taskmixin.py:205} WARNING - Dependency <Task(_PythonDecoratedOperator): log_sql_query>, print_the_context already registered for DAG: example_python_operator
[2025-10-06T15:42:00.951+0000] {logging_mixin.py:137} INFO - [2025-10-06T15:42:00.951+0000] {taskmixin.py:205} WARNING - Dependency <Task(_PythonDecoratedOperator): print_the_context>, log_sql_query already registered for DAG: example_python_operator
[2025-10-06T15:42:00.951+0000] {logging_mixin.py:137} INFO - [2025-10-06T15:42:00.951+0000] {taskmixin.py:205} WARNING - Dependency <Task(_PythonDecoratedOperator): log_sql_query>, print_the_context already registered for DAG: example_python_operator
[2025-10-06T15:42:00.952+0000] {logging_mixin.py:137} INFO - [2025-10-06T15:42:00.952+0000] {taskmixin.py:205} WARNING - Dependency <Task(_PythonDecoratedOperator): print_the_context>, log_sql_query already registered for DAG: example_python_operator
[2025-10-06T15:42:00.952+0000] {logging_mixin.py:137} INFO - [2025-10-06T15:42:00.952+0000] {taskmixin.py:205} WARNING - Dependency <Task(_PythonDecoratedOperator): log_sql_query>, print_the_context already registered for DAG: example_python_operator
[2025-10-06T15:42:00.955+0000] {processor.py:753} INFO - DAG(s) dict_keys(['example_python_operator']) retrieved from /home/airflow/.local/lib/python3.7/site-packages/airflow/example_dags/example_python_operator.py
[2025-10-06T15:42:00.966+0000] {logging_mixin.py:137} INFO - [2025-10-06T15:42:00.966+0000] {dag.py:2690} INFO - Sync 1 DAGs
[2025-10-06T15:42:00.976+0000] {logging_mixin.py:137} INFO - [2025-10-06T15:42:00.976+0000] {dag.py:3441} INFO - Setting next_dagrun for example_python_operator to None, run_after=None
[2025-10-06T15:42:00.984+0000] {processor.py:175} INFO - Processing /home/airflow/.local/lib/python3.7/site-packages/airflow/example_dags/example_python_operator.py took 0.044 seconds
[2025-10-06T15:42:31.213+0000] {processor.py:153} INFO - Started process (PID=1482) to work on /home/airflow/.local/lib/python3.7/site-packages/airflow/example_dags/example_python_operator.py
[2025-10-06T15:42:31.213+0000] {processor.py:743} INFO - Processing file /home/airflow/.local/lib/python3.7/site-packages/airflow/example_dags/example_python_operator.py for tasks to queue
[2025-10-06T15:42:31.214+0000] {logging_mixin.py:137} INFO - [2025-10-06T15:42:31.214+0000] {dagbag.py:538} INFO - Filling up the DagBag from /home/airflow/.local/lib/python3.7/site-packages/airflow/example_dags/example_python_operator.py
[2025-10-06T15:42:31.221+0000] {logging_mixin.py:137} INFO - [2025-10-06T15:42:31.220+0000] {taskmixin.py:205} WARNING - Dependency <Task(_PythonDecoratedOperator): print_the_context>, log_sql_query already registered for DAG: example_python_operator
[2025-10-06T15:42:31.221+0000] {logging_mixin.py:137} INFO - [2025-10-06T15:42:31.221+0000] {taskmixin.py:205} WARNING - Dependency <Task(_PythonDecoratedOperator): log_sql_query>, print_the_context already registered for DAG: example_python_operator
[2025-10-06T15:42:31.221+0000] {logging_mixin.py:137} INFO - [2025-10-06T15:42:31.221+0000] {taskmixin.py:205} WARNING - Dependency <Task(_PythonDecoratedOperator): print_the_context>, log_sql_query already registered for DAG: example_python_operator
[2025-10-06T15:42:31.221+0000] {logging_mixin.py:137} INFO - [2025-10-06T15:42:31.221+0000] {taskmixin.py:205} WARNING - Dependency <Task(_PythonDecoratedOperator): log_sql_query>, print_the_context already registered for DAG: example_python_operator
[2025-10-06T15:42:31.221+0000] {logging_mixin.py:137} INFO - [2025-10-06T15:42:31.221+0000] {taskmixin.py:205} WARNING - Dependency <Task(_PythonDecoratedOperator): print_the_context>, log_sql_query already registered for DAG: example_python_operator
[2025-10-06T15:42:31.222+0000] {logging_mixin.py:137} INFO - [2025-10-06T15:42:31.222+0000] {taskmixin.py:205} WARNING - Dependency <Task(_PythonDecoratedOperator): log_sql_query>, print_the_context already registered for DAG: example_python_operator
[2025-10-06T15:42:31.222+0000] {logging_mixin.py:137} INFO - [2025-10-06T15:42:31.222+0000] {taskmixin.py:205} WARNING - Dependency <Task(_PythonDecoratedOperator): print_the_context>, log_sql_query already registered for DAG: example_python_operator
[2025-10-06T15:42:31.222+0000] {logging_mixin.py:137} INFO - [2025-10-06T15:42:31.222+0000] {taskmixin.py:205} WARNING - Dependency <Task(_PythonDecoratedOperator): log_sql_query>, print_the_context already registered for DAG: example_python_operator
[2025-10-06T15:42:31.224+0000] {processor.py:753} INFO - DAG(s) dict_keys(['example_python_operator']) retrieved from /home/airflow/.local/lib/python3.7/site-packages/airflow/example_dags/example_python_operator.py
[2025-10-06T15:42:31.236+0000] {logging_mixin.py:137} INFO - [2025-10-06T15:42:31.236+0000] {dag.py:2690} INFO - Sync 1 DAGs
[2025-10-06T15:42:31.246+0000] {logging_mixin.py:137} INFO - [2025-10-06T15:42:31.246+0000] {dag.py:3441} INFO - Setting next_dagrun for example_python_operator to None, run_after=None
[2025-10-06T15:42:31.253+0000] {processor.py:175} INFO - Processing /home/airflow/.local/lib/python3.7/site-packages/airflow/example_dags/example_python_operator.py took 0.042 seconds
[2025-10-06T15:43:01.444+0000] {processor.py:153} INFO - Started process (PID=1582) to work on /home/airflow/.local/lib/python3.7/site-packages/airflow/example_dags/example_python_operator.py
[2025-10-06T15:43:01.445+0000] {processor.py:743} INFO - Processing file /home/airflow/.local/lib/python3.7/site-packages/airflow/example_dags/example_python_operator.py for tasks to queue
[2025-10-06T15:43:01.446+0000] {logging_mixin.py:137} INFO - [2025-10-06T15:43:01.446+0000] {dagbag.py:538} INFO - Filling up the DagBag from /home/airflow/.local/lib/python3.7/site-packages/airflow/example_dags/example_python_operator.py
[2025-10-06T15:43:01.454+0000] {logging_mixin.py:137} INFO - [2025-10-06T15:43:01.454+0000] {taskmixin.py:205} WARNING - Dependency <Task(_PythonDecoratedOperator): print_the_context>, log_sql_query already registered for DAG: example_python_operator
[2025-10-06T15:43:01.454+0000] {logging_mixin.py:137} INFO - [2025-10-06T15:43:01.454+0000] {taskmixin.py:205} WARNING - Dependency <Task(_PythonDecoratedOperator): log_sql_query>, print_the_context already registered for DAG: example_python_operator
[2025-10-06T15:43:01.455+0000] {logging_mixin.py:137} INFO - [2025-10-06T15:43:01.455+0000] {taskmixin.py:205} WARNING - Dependency <Task(_PythonDecoratedOperator): print_the_context>, log_sql_query already registered for DAG: example_python_operator
[2025-10-06T15:43:01.456+0000] {logging_mixin.py:137} INFO - [2025-10-06T15:43:01.455+0000] {taskmixin.py:205} WARNING - Dependency <Task(_PythonDecoratedOperator): log_sql_query>, print_the_context already registered for DAG: example_python_operator
[2025-10-06T15:43:01.457+0000] {logging_mixin.py:137} INFO - [2025-10-06T15:43:01.456+0000] {taskmixin.py:205} WARNING - Dependency <Task(_PythonDecoratedOperator): print_the_context>, log_sql_query already registered for DAG: example_python_operator
[2025-10-06T15:43:01.457+0000] {logging_mixin.py:137} INFO - [2025-10-06T15:43:01.457+0000] {taskmixin.py:205} WARNING - Dependency <Task(_PythonDecoratedOperator): log_sql_query>, print_the_context already registered for DAG: example_python_operator
[2025-10-06T15:43:01.457+0000] {logging_mixin.py:137} INFO - [2025-10-06T15:43:01.457+0000] {taskmixin.py:205} WARNING - Dependency <Task(_PythonDecoratedOperator): print_the_context>, log_sql_query already registered for DAG: example_python_operator
[2025-10-06T15:43:01.457+0000] {logging_mixin.py:137} INFO - [2025-10-06T15:43:01.457+0000] {taskmixin.py:205} WARNING - Dependency <Task(_PythonDecoratedOperator): log_sql_query>, print_the_context already registered for DAG: example_python_operator
[2025-10-06T15:43:01.460+0000] {processor.py:753} INFO - DAG(s) dict_keys(['example_python_operator']) retrieved from /home/airflow/.local/lib/python3.7/site-packages/airflow/example_dags/example_python_operator.py
[2025-10-06T15:43:01.471+0000] {logging_mixin.py:137} INFO - [2025-10-06T15:43:01.470+0000] {dag.py:2690} INFO - Sync 1 DAGs
[2025-10-06T15:43:01.481+0000] {logging_mixin.py:137} INFO - [2025-10-06T15:43:01.481+0000] {dag.py:3441} INFO - Setting next_dagrun for example_python_operator to None, run_after=None
[2025-10-06T15:43:01.488+0000] {processor.py:175} INFO - Processing /home/airflow/.local/lib/python3.7/site-packages/airflow/example_dags/example_python_operator.py took 0.045 seconds
[2025-10-06T15:43:31.775+0000] {processor.py:153} INFO - Started process (PID=1681) to work on /home/airflow/.local/lib/python3.7/site-packages/airflow/example_dags/example_python_operator.py
[2025-10-06T15:43:31.776+0000] {processor.py:743} INFO - Processing file /home/airflow/.local/lib/python3.7/site-packages/airflow/example_dags/example_python_operator.py for tasks to queue
[2025-10-06T15:43:31.777+0000] {logging_mixin.py:137} INFO - [2025-10-06T15:43:31.777+0000] {dagbag.py:538} INFO - Filling up the DagBag from /home/airflow/.local/lib/python3.7/site-packages/airflow/example_dags/example_python_operator.py
[2025-10-06T15:43:31.785+0000] {logging_mixin.py:137} INFO - [2025-10-06T15:43:31.784+0000] {taskmixin.py:205} WARNING - Dependency <Task(_PythonDecoratedOperator): print_the_context>, log_sql_query already registered for DAG: example_python_operator
[2025-10-06T15:43:31.785+0000] {logging_mixin.py:137} INFO - [2025-10-06T15:43:31.785+0000] {taskmixin.py:205} WARNING - Dependency <Task(_PythonDecoratedOperator): log_sql_query>, print_the_context already registered for DAG: example_python_operator
[2025-10-06T15:43:31.785+0000] {logging_mixin.py:137} INFO - [2025-10-06T15:43:31.785+0000] {taskmixin.py:205} WARNING - Dependency <Task(_PythonDecoratedOperator): print_the_context>, log_sql_query already registered for DAG: example_python_operator
[2025-10-06T15:43:31.785+0000] {logging_mixin.py:137} INFO - [2025-10-06T15:43:31.785+0000] {taskmixin.py:205} WARNING - Dependency <Task(_PythonDecoratedOperator): log_sql_query>, print_the_context already registered for DAG: example_python_operator
[2025-10-06T15:43:31.785+0000] {logging_mixin.py:137} INFO - [2025-10-06T15:43:31.785+0000] {taskmixin.py:205} WARNING - Dependency <Task(_PythonDecoratedOperator): print_the_context>, log_sql_query already registered for DAG: example_python_operator
[2025-10-06T15:43:31.785+0000] {logging_mixin.py:137} INFO - [2025-10-06T15:43:31.785+0000] {taskmixin.py:205} WARNING - Dependency <Task(_PythonDecoratedOperator): log_sql_query>, print_the_context already registered for DAG: example_python_operator
[2025-10-06T15:43:31.786+0000] {logging_mixin.py:137} INFO - [2025-10-06T15:43:31.785+0000] {taskmixin.py:205} WARNING - Dependency <Task(_PythonDecoratedOperator): print_the_context>, log_sql_query already registered for DAG: example_python_operator
[2025-10-06T15:43:31.786+0000] {logging_mixin.py:137} INFO - [2025-10-06T15:43:31.786+0000] {taskmixin.py:205} WARNING - Dependency <Task(_PythonDecoratedOperator): log_sql_query>, print_the_context already registered for DAG: example_python_operator
[2025-10-06T15:43:31.790+0000] {processor.py:753} INFO - DAG(s) dict_keys(['example_python_operator']) retrieved from /home/airflow/.local/lib/python3.7/site-packages/airflow/example_dags/example_python_operator.py
[2025-10-06T15:43:31.800+0000] {logging_mixin.py:137} INFO - [2025-10-06T15:43:31.800+0000] {dag.py:2690} INFO - Sync 1 DAGs
[2025-10-06T15:43:31.810+0000] {logging_mixin.py:137} INFO - [2025-10-06T15:43:31.810+0000] {dag.py:3441} INFO - Setting next_dagrun for example_python_operator to None, run_after=None
[2025-10-06T15:43:31.817+0000] {processor.py:175} INFO - Processing /home/airflow/.local/lib/python3.7/site-packages/airflow/example_dags/example_python_operator.py took 0.044 seconds
[2025-10-06T15:44:02.203+0000] {processor.py:153} INFO - Started process (PID=1780) to work on /home/airflow/.local/lib/python3.7/site-packages/airflow/example_dags/example_python_operator.py
[2025-10-06T15:44:02.203+0000] {processor.py:743} INFO - Processing file /home/airflow/.local/lib/python3.7/site-packages/airflow/example_dags/example_python_operator.py for tasks to queue
[2025-10-06T15:44:02.204+0000] {logging_mixin.py:137} INFO - [2025-10-06T15:44:02.204+0000] {dagbag.py:538} INFO - Filling up the DagBag from /home/airflow/.local/lib/python3.7/site-packages/airflow/example_dags/example_python_operator.py
[2025-10-06T15:44:02.212+0000] {logging_mixin.py:137} INFO - [2025-10-06T15:44:02.212+0000] {taskmixin.py:205} WARNING - Dependency <Task(_PythonDecoratedOperator): print_the_context>, log_sql_query already registered for DAG: example_python_operator
[2025-10-06T15:44:02.212+0000] {logging_mixin.py:137} INFO - [2025-10-06T15:44:02.212+0000] {taskmixin.py:205} WARNING - Dependency <Task(_PythonDecoratedOperator): log_sql_query>, print_the_context already registered for DAG: example_python_operator
[2025-10-06T15:44:02.212+0000] {logging_mixin.py:137} INFO - [2025-10-06T15:44:02.212+0000] {taskmixin.py:205} WARNING - Dependency <Task(_PythonDecoratedOperator): print_the_context>, log_sql_query already registered for DAG: example_python_operator
[2025-10-06T15:44:02.213+0000] {logging_mixin.py:137} INFO - [2025-10-06T15:44:02.213+0000] {taskmixin.py:205} WARNING - Dependency <Task(_PythonDecoratedOperator): log_sql_query>, print_the_context already registered for DAG: example_python_operator
[2025-10-06T15:44:02.213+0000] {logging_mixin.py:137} INFO - [2025-10-06T15:44:02.213+0000] {taskmixin.py:205} WARNING - Dependency <Task(_PythonDecoratedOperator): print_the_context>, log_sql_query already registered for DAG: example_python_operator
[2025-10-06T15:44:02.213+0000] {logging_mixin.py:137} INFO - [2025-10-06T15:44:02.213+0000] {taskmixin.py:205} WARNING - Dependency <Task(_PythonDecoratedOperator): log_sql_query>, print_the_context already registered for DAG: example_python_operator
[2025-10-06T15:44:02.213+0000] {logging_mixin.py:137} INFO - [2025-10-06T15:44:02.213+0000] {taskmixin.py:205} WARNING - Dependency <Task(_PythonDecoratedOperator): print_the_context>, log_sql_query already registered for DAG: example_python_operator
[2025-10-06T15:44:02.213+0000] {logging_mixin.py:137} INFO - [2025-10-06T15:44:02.213+0000] {taskmixin.py:205} WARNING - Dependency <Task(_PythonDecoratedOperator): log_sql_query>, print_the_context already registered for DAG: example_python_operator
[2025-10-06T15:44:02.216+0000] {processor.py:753} INFO - DAG(s) dict_keys(['example_python_operator']) retrieved from /home/airflow/.local/lib/python3.7/site-packages/airflow/example_dags/example_python_operator.py
[2025-10-06T15:44:02.229+0000] {logging_mixin.py:137} INFO - [2025-10-06T15:44:02.229+0000] {dag.py:2690} INFO - Sync 1 DAGs
[2025-10-06T15:44:02.239+0000] {logging_mixin.py:137} INFO - [2025-10-06T15:44:02.239+0000] {dag.py:3441} INFO - Setting next_dagrun for example_python_operator to None, run_after=None
[2025-10-06T15:44:02.247+0000] {processor.py:175} INFO - Processing /home/airflow/.local/lib/python3.7/site-packages/airflow/example_dags/example_python_operator.py took 0.046 seconds
[2025-10-06T15:44:32.571+0000] {processor.py:153} INFO - Started process (PID=1859) to work on /home/airflow/.local/lib/python3.7/site-packages/airflow/example_dags/example_python_operator.py
[2025-10-06T15:44:32.572+0000] {processor.py:743} INFO - Processing file /home/airflow/.local/lib/python3.7/site-packages/airflow/example_dags/example_python_operator.py for tasks to queue
[2025-10-06T15:44:32.572+0000] {logging_mixin.py:137} INFO - [2025-10-06T15:44:32.572+0000] {dagbag.py:538} INFO - Filling up the DagBag from /home/airflow/.local/lib/python3.7/site-packages/airflow/example_dags/example_python_operator.py
[2025-10-06T15:44:32.580+0000] {logging_mixin.py:137} INFO - [2025-10-06T15:44:32.580+0000] {taskmixin.py:205} WARNING - Dependency <Task(_PythonDecoratedOperator): print_the_context>, log_sql_query already registered for DAG: example_python_operator
[2025-10-06T15:44:32.580+0000] {logging_mixin.py:137} INFO - [2025-10-06T15:44:32.580+0000] {taskmixin.py:205} WARNING - Dependency <Task(_PythonDecoratedOperator): log_sql_query>, print_the_context already registered for DAG: example_python_operator
[2025-10-06T15:44:32.580+0000] {logging_mixin.py:137} INFO - [2025-10-06T15:44:32.580+0000] {taskmixin.py:205} WARNING - Dependency <Task(_PythonDecoratedOperator): print_the_context>, log_sql_query already registered for DAG: example_python_operator
[2025-10-06T15:44:32.581+0000] {logging_mixin.py:137} INFO - [2025-10-06T15:44:32.581+0000] {taskmixin.py:205} WARNING - Dependency <Task(_PythonDecoratedOperator): log_sql_query>, print_the_context already registered for DAG: example_python_operator
[2025-10-06T15:44:32.582+0000] {logging_mixin.py:137} INFO - [2025-10-06T15:44:32.582+0000] {taskmixin.py:205} WARNING - Dependency <Task(_PythonDecoratedOperator): print_the_context>, log_sql_query already registered for DAG: example_python_operator
[2025-10-06T15:44:32.582+0000] {logging_mixin.py:137} INFO - [2025-10-06T15:44:32.582+0000] {taskmixin.py:205} WARNING - Dependency <Task(_PythonDecoratedOperator): log_sql_query>, print_the_context already registered for DAG: example_python_operator
[2025-10-06T15:44:32.583+0000] {logging_mixin.py:137} INFO - [2025-10-06T15:44:32.583+0000] {taskmixin.py:205} WARNING - Dependency <Task(_PythonDecoratedOperator): print_the_context>, log_sql_query already registered for DAG: example_python_operator
[2025-10-06T15:44:32.583+0000] {logging_mixin.py:137} INFO - [2025-10-06T15:44:32.583+0000] {taskmixin.py:205} WARNING - Dependency <Task(_PythonDecoratedOperator): log_sql_query>, print_the_context already registered for DAG: example_python_operator
[2025-10-06T15:44:32.585+0000] {processor.py:753} INFO - DAG(s) dict_keys(['example_python_operator']) retrieved from /home/airflow/.local/lib/python3.7/site-packages/airflow/example_dags/example_python_operator.py
[2025-10-06T15:44:32.597+0000] {logging_mixin.py:137} INFO - [2025-10-06T15:44:32.597+0000] {dag.py:2690} INFO - Sync 1 DAGs
[2025-10-06T15:44:32.608+0000] {logging_mixin.py:137} INFO - [2025-10-06T15:44:32.608+0000] {dag.py:3441} INFO - Setting next_dagrun for example_python_operator to None, run_after=None
[2025-10-06T15:44:32.615+0000] {processor.py:175} INFO - Processing /home/airflow/.local/lib/python3.7/site-packages/airflow/example_dags/example_python_operator.py took 0.046 seconds
[2025-10-06T15:45:02.928+0000] {processor.py:153} INFO - Started process (PID=1958) to work on /home/airflow/.local/lib/python3.7/site-packages/airflow/example_dags/example_python_operator.py
[2025-10-06T15:45:02.928+0000] {processor.py:743} INFO - Processing file /home/airflow/.local/lib/python3.7/site-packages/airflow/example_dags/example_python_operator.py for tasks to queue
[2025-10-06T15:45:02.929+0000] {logging_mixin.py:137} INFO - [2025-10-06T15:45:02.929+0000] {dagbag.py:538} INFO - Filling up the DagBag from /home/airflow/.local/lib/python3.7/site-packages/airflow/example_dags/example_python_operator.py
[2025-10-06T15:45:02.937+0000] {logging_mixin.py:137} INFO - [2025-10-06T15:45:02.937+0000] {taskmixin.py:205} WARNING - Dependency <Task(_PythonDecoratedOperator): print_the_context>, log_sql_query already registered for DAG: example_python_operator
[2025-10-06T15:45:02.937+0000] {logging_mixin.py:137} INFO - [2025-10-06T15:45:02.937+0000] {taskmixin.py:205} WARNING - Dependency <Task(_PythonDecoratedOperator): log_sql_query>, print_the_context already registered for DAG: example_python_operator
[2025-10-06T15:45:02.937+0000] {logging_mixin.py:137} INFO - [2025-10-06T15:45:02.937+0000] {taskmixin.py:205} WARNING - Dependency <Task(_PythonDecoratedOperator): print_the_context>, log_sql_query already registered for DAG: example_python_operator
[2025-10-06T15:45:02.938+0000] {logging_mixin.py:137} INFO - [2025-10-06T15:45:02.937+0000] {taskmixin.py:205} WARNING - Dependency <Task(_PythonDecoratedOperator): log_sql_query>, print_the_context already registered for DAG: example_python_operator
[2025-10-06T15:45:02.939+0000] {logging_mixin.py:137} INFO - [2025-10-06T15:45:02.939+0000] {taskmixin.py:205} WARNING - Dependency <Task(_PythonDecoratedOperator): print_the_context>, log_sql_query already registered for DAG: example_python_operator
[2025-10-06T15:45:02.939+0000] {logging_mixin.py:137} INFO - [2025-10-06T15:45:02.939+0000] {taskmixin.py:205} WARNING - Dependency <Task(_PythonDecoratedOperator): log_sql_query>, print_the_context already registered for DAG: example_python_operator
[2025-10-06T15:45:02.940+0000] {logging_mixin.py:137} INFO - [2025-10-06T15:45:02.940+0000] {taskmixin.py:205} WARNING - Dependency <Task(_PythonDecoratedOperator): print_the_context>, log_sql_query already registered for DAG: example_python_operator
[2025-10-06T15:45:02.940+0000] {logging_mixin.py:137} INFO - [2025-10-06T15:45:02.940+0000] {taskmixin.py:205} WARNING - Dependency <Task(_PythonDecoratedOperator): log_sql_query>, print_the_context already registered for DAG: example_python_operator
[2025-10-06T15:45:02.942+0000] {processor.py:753} INFO - DAG(s) dict_keys(['example_python_operator']) retrieved from /home/airflow/.local/lib/python3.7/site-packages/airflow/example_dags/example_python_operator.py
[2025-10-06T15:45:02.954+0000] {logging_mixin.py:137} INFO - [2025-10-06T15:45:02.953+0000] {dag.py:2690} INFO - Sync 1 DAGs
[2025-10-06T15:45:02.964+0000] {logging_mixin.py:137} INFO - [2025-10-06T15:45:02.964+0000] {dag.py:3441} INFO - Setting next_dagrun for example_python_operator to None, run_after=None
[2025-10-06T15:45:02.971+0000] {processor.py:175} INFO - Processing /home/airflow/.local/lib/python3.7/site-packages/airflow/example_dags/example_python_operator.py took 0.045 seconds
[2025-10-06T15:45:33.204+0000] {processor.py:153} INFO - Started process (PID=2057) to work on /home/airflow/.local/lib/python3.7/site-packages/airflow/example_dags/example_python_operator.py
[2025-10-06T15:45:33.204+0000] {processor.py:743} INFO - Processing file /home/airflow/.local/lib/python3.7/site-packages/airflow/example_dags/example_python_operator.py for tasks to queue
[2025-10-06T15:45:33.204+0000] {logging_mixin.py:137} INFO - [2025-10-06T15:45:33.204+0000] {dagbag.py:538} INFO - Filling up the DagBag from /home/airflow/.local/lib/python3.7/site-packages/airflow/example_dags/example_python_operator.py
[2025-10-06T15:45:33.212+0000] {logging_mixin.py:137} INFO - [2025-10-06T15:45:33.212+0000] {taskmixin.py:205} WARNING - Dependency <Task(_PythonDecoratedOperator): print_the_context>, log_sql_query already registered for DAG: example_python_operator
[2025-10-06T15:45:33.212+0000] {logging_mixin.py:137} INFO - [2025-10-06T15:45:33.212+0000] {taskmixin.py:205} WARNING - Dependency <Task(_PythonDecoratedOperator): log_sql_query>, print_the_context already registered for DAG: example_python_operator
[2025-10-06T15:45:33.212+0000] {logging_mixin.py:137} INFO - [2025-10-06T15:45:33.212+0000] {taskmixin.py:205} WARNING - Dependency <Task(_PythonDecoratedOperator): print_the_context>, log_sql_query already registered for DAG: example_python_operator
[2025-10-06T15:45:33.212+0000] {logging_mixin.py:137} INFO - [2025-10-06T15:45:33.212+0000] {taskmixin.py:205} WARNING - Dependency <Task(_PythonDecoratedOperator): log_sql_query>, print_the_context already registered for DAG: example_python_operator
[2025-10-06T15:45:33.213+0000] {logging_mixin.py:137} INFO - [2025-10-06T15:45:33.213+0000] {taskmixin.py:205} WARNING - Dependency <Task(_PythonDecoratedOperator): print_the_context>, log_sql_query already registered for DAG: example_python_operator
[2025-10-06T15:45:33.213+0000] {logging_mixin.py:137} INFO - [2025-10-06T15:45:33.213+0000] {taskmixin.py:205} WARNING - Dependency <Task(_PythonDecoratedOperator): log_sql_query>, print_the_context already registered for DAG: example_python_operator
[2025-10-06T15:45:33.213+0000] {logging_mixin.py:137} INFO - [2025-10-06T15:45:33.213+0000] {taskmixin.py:205} WARNING - Dependency <Task(_PythonDecoratedOperator): print_the_context>, log_sql_query already registered for DAG: example_python_operator
[2025-10-06T15:45:33.213+0000] {logging_mixin.py:137} INFO - [2025-10-06T15:45:33.213+0000] {taskmixin.py:205} WARNING - Dependency <Task(_PythonDecoratedOperator): log_sql_query>, print_the_context already registered for DAG: example_python_operator
[2025-10-06T15:45:33.216+0000] {processor.py:753} INFO - DAG(s) dict_keys(['example_python_operator']) retrieved from /home/airflow/.local/lib/python3.7/site-packages/airflow/example_dags/example_python_operator.py
[2025-10-06T15:45:33.228+0000] {logging_mixin.py:137} INFO - [2025-10-06T15:45:33.228+0000] {dag.py:2690} INFO - Sync 1 DAGs
[2025-10-06T15:45:33.238+0000] {logging_mixin.py:137} INFO - [2025-10-06T15:45:33.238+0000] {dag.py:3441} INFO - Setting next_dagrun for example_python_operator to None, run_after=None
[2025-10-06T15:45:33.245+0000] {processor.py:175} INFO - Processing /home/airflow/.local/lib/python3.7/site-packages/airflow/example_dags/example_python_operator.py took 0.043 seconds
[2025-10-06T15:46:03.836+0000] {processor.py:153} INFO - Started process (PID=2156) to work on /home/airflow/.local/lib/python3.7/site-packages/airflow/example_dags/example_python_operator.py
[2025-10-06T15:46:03.836+0000] {processor.py:743} INFO - Processing file /home/airflow/.local/lib/python3.7/site-packages/airflow/example_dags/example_python_operator.py for tasks to queue
[2025-10-06T15:46:03.836+0000] {logging_mixin.py:137} INFO - [2025-10-06T15:46:03.836+0000] {dagbag.py:538} INFO - Filling up the DagBag from /home/airflow/.local/lib/python3.7/site-packages/airflow/example_dags/example_python_operator.py
[2025-10-06T15:46:03.844+0000] {logging_mixin.py:137} INFO - [2025-10-06T15:46:03.844+0000] {taskmixin.py:205} WARNING - Dependency <Task(_PythonDecoratedOperator): print_the_context>, log_sql_query already registered for DAG: example_python_operator
[2025-10-06T15:46:03.844+0000] {logging_mixin.py:137} INFO - [2025-10-06T15:46:03.844+0000] {taskmixin.py:205} WARNING - Dependency <Task(_PythonDecoratedOperator): log_sql_query>, print_the_context already registered for DAG: example_python_operator
[2025-10-06T15:46:03.844+0000] {logging_mixin.py:137} INFO - [2025-10-06T15:46:03.844+0000] {taskmixin.py:205} WARNING - Dependency <Task(_PythonDecoratedOperator): print_the_context>, log_sql_query already registered for DAG: example_python_operator
[2025-10-06T15:46:03.845+0000] {logging_mixin.py:137} INFO - [2025-10-06T15:46:03.845+0000] {taskmixin.py:205} WARNING - Dependency <Task(_PythonDecoratedOperator): log_sql_query>, print_the_context already registered for DAG: example_python_operator
[2025-10-06T15:46:03.845+0000] {logging_mixin.py:137} INFO - [2025-10-06T15:46:03.845+0000] {taskmixin.py:205} WARNING - Dependency <Task(_PythonDecoratedOperator): print_the_context>, log_sql_query already registered for DAG: example_python_operator
[2025-10-06T15:46:03.845+0000] {logging_mixin.py:137} INFO - [2025-10-06T15:46:03.845+0000] {taskmixin.py:205} WARNING - Dependency <Task(_PythonDecoratedOperator): log_sql_query>, print_the_context already registered for DAG: example_python_operator
[2025-10-06T15:46:03.845+0000] {logging_mixin.py:137} INFO - [2025-10-06T15:46:03.845+0000] {taskmixin.py:205} WARNING - Dependency <Task(_PythonDecoratedOperator): print_the_context>, log_sql_query already registered for DAG: example_python_operator
[2025-10-06T15:46:03.845+0000] {logging_mixin.py:137} INFO - [2025-10-06T15:46:03.845+0000] {taskmixin.py:205} WARNING - Dependency <Task(_PythonDecoratedOperator): log_sql_query>, print_the_context already registered for DAG: example_python_operator
[2025-10-06T15:46:03.848+0000] {processor.py:753} INFO - DAG(s) dict_keys(['example_python_operator']) retrieved from /home/airflow/.local/lib/python3.7/site-packages/airflow/example_dags/example_python_operator.py
[2025-10-06T15:46:03.859+0000] {logging_mixin.py:137} INFO - [2025-10-06T15:46:03.859+0000] {dag.py:2690} INFO - Sync 1 DAGs
[2025-10-06T15:46:03.870+0000] {logging_mixin.py:137} INFO - [2025-10-06T15:46:03.870+0000] {dag.py:3441} INFO - Setting next_dagrun for example_python_operator to None, run_after=None
[2025-10-06T15:46:03.878+0000] {processor.py:175} INFO - Processing /home/airflow/.local/lib/python3.7/site-packages/airflow/example_dags/example_python_operator.py took 0.043 seconds
[2025-10-06T15:46:34.298+0000] {processor.py:153} INFO - Started process (PID=2235) to work on /home/airflow/.local/lib/python3.7/site-packages/airflow/example_dags/example_python_operator.py
[2025-10-06T15:46:34.298+0000] {processor.py:743} INFO - Processing file /home/airflow/.local/lib/python3.7/site-packages/airflow/example_dags/example_python_operator.py for tasks to queue
[2025-10-06T15:46:34.299+0000] {logging_mixin.py:137} INFO - [2025-10-06T15:46:34.298+0000] {dagbag.py:538} INFO - Filling up the DagBag from /home/airflow/.local/lib/python3.7/site-packages/airflow/example_dags/example_python_operator.py
[2025-10-06T15:46:34.307+0000] {logging_mixin.py:137} INFO - [2025-10-06T15:46:34.307+0000] {taskmixin.py:205} WARNING - Dependency <Task(_PythonDecoratedOperator): print_the_context>, log_sql_query already registered for DAG: example_python_operator
[2025-10-06T15:46:34.307+0000] {logging_mixin.py:137} INFO - [2025-10-06T15:46:34.307+0000] {taskmixin.py:205} WARNING - Dependency <Task(_PythonDecoratedOperator): log_sql_query>, print_the_context already registered for DAG: example_python_operator
[2025-10-06T15:46:34.308+0000] {logging_mixin.py:137} INFO - [2025-10-06T15:46:34.308+0000] {taskmixin.py:205} WARNING - Dependency <Task(_PythonDecoratedOperator): print_the_context>, log_sql_query already registered for DAG: example_python_operator
[2025-10-06T15:46:34.309+0000] {logging_mixin.py:137} INFO - [2025-10-06T15:46:34.309+0000] {taskmixin.py:205} WARNING - Dependency <Task(_PythonDecoratedOperator): log_sql_query>, print_the_context already registered for DAG: example_python_operator
[2025-10-06T15:46:34.310+0000] {logging_mixin.py:137} INFO - [2025-10-06T15:46:34.310+0000] {taskmixin.py:205} WARNING - Dependency <Task(_PythonDecoratedOperator): print_the_context>, log_sql_query already registered for DAG: example_python_operator
[2025-10-06T15:46:34.310+0000] {logging_mixin.py:137} INFO - [2025-10-06T15:46:34.310+0000] {taskmixin.py:205} WARNING - Dependency <Task(_PythonDecoratedOperator): log_sql_query>, print_the_context already registered for DAG: example_python_operator
[2025-10-06T15:46:34.310+0000] {logging_mixin.py:137} INFO - [2025-10-06T15:46:34.310+0000] {taskmixin.py:205} WARNING - Dependency <Task(_PythonDecoratedOperator): print_the_context>, log_sql_query already registered for DAG: example_python_operator
[2025-10-06T15:46:34.310+0000] {logging_mixin.py:137} INFO - [2025-10-06T15:46:34.310+0000] {taskmixin.py:205} WARNING - Dependency <Task(_PythonDecoratedOperator): log_sql_query>, print_the_context already registered for DAG: example_python_operator
[2025-10-06T15:46:34.313+0000] {processor.py:753} INFO - DAG(s) dict_keys(['example_python_operator']) retrieved from /home/airflow/.local/lib/python3.7/site-packages/airflow/example_dags/example_python_operator.py
[2025-10-06T15:46:34.324+0000] {logging_mixin.py:137} INFO - [2025-10-06T15:46:34.324+0000] {dag.py:2690} INFO - Sync 1 DAGs
[2025-10-06T15:46:34.335+0000] {logging_mixin.py:137} INFO - [2025-10-06T15:46:34.335+0000] {dag.py:3441} INFO - Setting next_dagrun for example_python_operator to None, run_after=None
[2025-10-06T15:46:34.342+0000] {processor.py:175} INFO - Processing /home/airflow/.local/lib/python3.7/site-packages/airflow/example_dags/example_python_operator.py took 0.046 seconds
