[2025-10-06T15:34:55.377+0000] {processor.py:153} INFO - Started process (PID=68) to work on /home/airflow/.local/lib/python3.7/site-packages/airflow/example_dags/example_trigger_target_dag.py
[2025-10-06T15:34:55.379+0000] {processor.py:743} INFO - Processing file /home/airflow/.local/lib/python3.7/site-packages/airflow/example_dags/example_trigger_target_dag.py for tasks to queue
[2025-10-06T15:34:55.379+0000] {logging_mixin.py:137} INFO - [2025-10-06T15:34:55.379+0000] {dagbag.py:538} INFO - Filling up the DagBag from /home/airflow/.local/lib/python3.7/site-packages/airflow/example_dags/example_trigger_target_dag.py
[2025-10-06T15:34:55.395+0000] {processor.py:753} INFO - DAG(s) dict_keys(['example_trigger_target_dag']) retrieved from /home/airflow/.local/lib/python3.7/site-packages/airflow/example_dags/example_trigger_target_dag.py
[2025-10-06T15:34:55.403+0000] {logging_mixin.py:137} INFO - [2025-10-06T15:34:55.403+0000] {dag.py:2690} INFO - Sync 1 DAGs
[2025-10-06T15:34:55.420+0000] {logging_mixin.py:137} INFO - [2025-10-06T15:34:55.420+0000] {dag.py:3441} INFO - Setting next_dagrun for example_trigger_target_dag to None, run_after=None
[2025-10-06T15:34:55.430+0000] {processor.py:175} INFO - Processing /home/airflow/.local/lib/python3.7/site-packages/airflow/example_dags/example_trigger_target_dag.py took 0.056 seconds
[2025-10-06T15:35:25.879+0000] {processor.py:153} INFO - Started process (PID=167) to work on /home/airflow/.local/lib/python3.7/site-packages/airflow/example_dags/example_trigger_target_dag.py
[2025-10-06T15:35:25.880+0000] {processor.py:743} INFO - Processing file /home/airflow/.local/lib/python3.7/site-packages/airflow/example_dags/example_trigger_target_dag.py for tasks to queue
[2025-10-06T15:35:25.880+0000] {logging_mixin.py:137} INFO - [2025-10-06T15:35:25.880+0000] {dagbag.py:538} INFO - Filling up the DagBag from /home/airflow/.local/lib/python3.7/site-packages/airflow/example_dags/example_trigger_target_dag.py
[2025-10-06T15:35:25.889+0000] {processor.py:753} INFO - DAG(s) dict_keys(['example_trigger_target_dag']) retrieved from /home/airflow/.local/lib/python3.7/site-packages/airflow/example_dags/example_trigger_target_dag.py
[2025-10-06T15:35:25.899+0000] {logging_mixin.py:137} INFO - [2025-10-06T15:35:25.899+0000] {dag.py:2690} INFO - Sync 1 DAGs
[2025-10-06T15:35:25.910+0000] {logging_mixin.py:137} INFO - [2025-10-06T15:35:25.910+0000] {dag.py:3441} INFO - Setting next_dagrun for example_trigger_target_dag to None, run_after=None
[2025-10-06T15:35:25.918+0000] {processor.py:175} INFO - Processing /home/airflow/.local/lib/python3.7/site-packages/airflow/example_dags/example_trigger_target_dag.py took 0.040 seconds
[2025-10-06T15:35:56.348+0000] {processor.py:153} INFO - Started process (PID=266) to work on /home/airflow/.local/lib/python3.7/site-packages/airflow/example_dags/example_trigger_target_dag.py
[2025-10-06T15:35:56.348+0000] {processor.py:743} INFO - Processing file /home/airflow/.local/lib/python3.7/site-packages/airflow/example_dags/example_trigger_target_dag.py for tasks to queue
[2025-10-06T15:35:56.349+0000] {logging_mixin.py:137} INFO - [2025-10-06T15:35:56.349+0000] {dagbag.py:538} INFO - Filling up the DagBag from /home/airflow/.local/lib/python3.7/site-packages/airflow/example_dags/example_trigger_target_dag.py
[2025-10-06T15:35:56.360+0000] {processor.py:753} INFO - DAG(s) dict_keys(['example_trigger_target_dag']) retrieved from /home/airflow/.local/lib/python3.7/site-packages/airflow/example_dags/example_trigger_target_dag.py
[2025-10-06T15:35:56.374+0000] {logging_mixin.py:137} INFO - [2025-10-06T15:35:56.374+0000] {dag.py:2690} INFO - Sync 1 DAGs
[2025-10-06T15:35:56.387+0000] {logging_mixin.py:137} INFO - [2025-10-06T15:35:56.386+0000] {dag.py:3441} INFO - Setting next_dagrun for example_trigger_target_dag to None, run_after=None
[2025-10-06T15:35:56.397+0000] {processor.py:175} INFO - Processing /home/airflow/.local/lib/python3.7/site-packages/airflow/example_dags/example_trigger_target_dag.py took 0.051 seconds
[2025-10-06T15:36:26.806+0000] {processor.py:153} INFO - Started process (PID=345) to work on /home/airflow/.local/lib/python3.7/site-packages/airflow/example_dags/example_trigger_target_dag.py
[2025-10-06T15:36:26.811+0000] {processor.py:743} INFO - Processing file /home/airflow/.local/lib/python3.7/site-packages/airflow/example_dags/example_trigger_target_dag.py for tasks to queue
[2025-10-06T15:36:26.811+0000] {logging_mixin.py:137} INFO - [2025-10-06T15:36:26.811+0000] {dagbag.py:538} INFO - Filling up the DagBag from /home/airflow/.local/lib/python3.7/site-packages/airflow/example_dags/example_trigger_target_dag.py
[2025-10-06T15:36:26.820+0000] {processor.py:753} INFO - DAG(s) dict_keys(['example_trigger_target_dag']) retrieved from /home/airflow/.local/lib/python3.7/site-packages/airflow/example_dags/example_trigger_target_dag.py
[2025-10-06T15:36:26.831+0000] {logging_mixin.py:137} INFO - [2025-10-06T15:36:26.831+0000] {dag.py:2690} INFO - Sync 1 DAGs
[2025-10-06T15:36:26.841+0000] {logging_mixin.py:137} INFO - [2025-10-06T15:36:26.841+0000] {dag.py:3441} INFO - Setting next_dagrun for example_trigger_target_dag to None, run_after=None
[2025-10-06T15:36:26.848+0000] {processor.py:175} INFO - Processing /home/airflow/.local/lib/python3.7/site-packages/airflow/example_dags/example_trigger_target_dag.py took 0.043 seconds
[2025-10-06T15:36:57.257+0000] {processor.py:153} INFO - Started process (PID=444) to work on /home/airflow/.local/lib/python3.7/site-packages/airflow/example_dags/example_trigger_target_dag.py
[2025-10-06T15:36:57.258+0000] {processor.py:743} INFO - Processing file /home/airflow/.local/lib/python3.7/site-packages/airflow/example_dags/example_trigger_target_dag.py for tasks to queue
[2025-10-06T15:36:57.259+0000] {logging_mixin.py:137} INFO - [2025-10-06T15:36:57.259+0000] {dagbag.py:538} INFO - Filling up the DagBag from /home/airflow/.local/lib/python3.7/site-packages/airflow/example_dags/example_trigger_target_dag.py
[2025-10-06T15:36:57.269+0000] {processor.py:753} INFO - DAG(s) dict_keys(['example_trigger_target_dag']) retrieved from /home/airflow/.local/lib/python3.7/site-packages/airflow/example_dags/example_trigger_target_dag.py
[2025-10-06T15:36:57.281+0000] {logging_mixin.py:137} INFO - [2025-10-06T15:36:57.281+0000] {dag.py:2690} INFO - Sync 1 DAGs
[2025-10-06T15:36:57.294+0000] {logging_mixin.py:137} INFO - [2025-10-06T15:36:57.294+0000] {dag.py:3441} INFO - Setting next_dagrun for example_trigger_target_dag to None, run_after=None
[2025-10-06T15:36:57.302+0000] {processor.py:175} INFO - Processing /home/airflow/.local/lib/python3.7/site-packages/airflow/example_dags/example_trigger_target_dag.py took 0.047 seconds
[2025-10-06T15:37:27.646+0000] {processor.py:153} INFO - Started process (PID=543) to work on /home/airflow/.local/lib/python3.7/site-packages/airflow/example_dags/example_trigger_target_dag.py
[2025-10-06T15:37:27.647+0000] {processor.py:743} INFO - Processing file /home/airflow/.local/lib/python3.7/site-packages/airflow/example_dags/example_trigger_target_dag.py for tasks to queue
[2025-10-06T15:37:27.648+0000] {logging_mixin.py:137} INFO - [2025-10-06T15:37:27.648+0000] {dagbag.py:538} INFO - Filling up the DagBag from /home/airflow/.local/lib/python3.7/site-packages/airflow/example_dags/example_trigger_target_dag.py
[2025-10-06T15:37:27.657+0000] {processor.py:753} INFO - DAG(s) dict_keys(['example_trigger_target_dag']) retrieved from /home/airflow/.local/lib/python3.7/site-packages/airflow/example_dags/example_trigger_target_dag.py
[2025-10-06T15:37:27.669+0000] {logging_mixin.py:137} INFO - [2025-10-06T15:37:27.669+0000] {dag.py:2690} INFO - Sync 1 DAGs
[2025-10-06T15:37:27.680+0000] {logging_mixin.py:137} INFO - [2025-10-06T15:37:27.680+0000] {dag.py:3441} INFO - Setting next_dagrun for example_trigger_target_dag to None, run_after=None
[2025-10-06T15:37:27.687+0000] {processor.py:175} INFO - Processing /home/airflow/.local/lib/python3.7/site-packages/airflow/example_dags/example_trigger_target_dag.py took 0.042 seconds
[2025-10-06T15:37:58.033+0000] {processor.py:153} INFO - Started process (PID=642) to work on /home/airflow/.local/lib/python3.7/site-packages/airflow/example_dags/example_trigger_target_dag.py
[2025-10-06T15:37:58.034+0000] {processor.py:743} INFO - Processing file /home/airflow/.local/lib/python3.7/site-packages/airflow/example_dags/example_trigger_target_dag.py for tasks to queue
[2025-10-06T15:37:58.035+0000] {logging_mixin.py:137} INFO - [2025-10-06T15:37:58.035+0000] {dagbag.py:538} INFO - Filling up the DagBag from /home/airflow/.local/lib/python3.7/site-packages/airflow/example_dags/example_trigger_target_dag.py
[2025-10-06T15:37:58.045+0000] {processor.py:753} INFO - DAG(s) dict_keys(['example_trigger_target_dag']) retrieved from /home/airflow/.local/lib/python3.7/site-packages/airflow/example_dags/example_trigger_target_dag.py
[2025-10-06T15:37:58.055+0000] {logging_mixin.py:137} INFO - [2025-10-06T15:37:58.055+0000] {dag.py:2690} INFO - Sync 1 DAGs
[2025-10-06T15:37:58.066+0000] {logging_mixin.py:137} INFO - [2025-10-06T15:37:58.066+0000] {dag.py:3441} INFO - Setting next_dagrun for example_trigger_target_dag to None, run_after=None
[2025-10-06T15:37:58.074+0000] {processor.py:175} INFO - Processing /home/airflow/.local/lib/python3.7/site-packages/airflow/example_dags/example_trigger_target_dag.py took 0.043 seconds
[2025-10-06T15:38:28.441+0000] {processor.py:153} INFO - Started process (PID=721) to work on /home/airflow/.local/lib/python3.7/site-packages/airflow/example_dags/example_trigger_target_dag.py
[2025-10-06T15:38:28.445+0000] {processor.py:743} INFO - Processing file /home/airflow/.local/lib/python3.7/site-packages/airflow/example_dags/example_trigger_target_dag.py for tasks to queue
[2025-10-06T15:38:28.445+0000] {logging_mixin.py:137} INFO - [2025-10-06T15:38:28.445+0000] {dagbag.py:538} INFO - Filling up the DagBag from /home/airflow/.local/lib/python3.7/site-packages/airflow/example_dags/example_trigger_target_dag.py
[2025-10-06T15:38:28.454+0000] {processor.py:753} INFO - DAG(s) dict_keys(['example_trigger_target_dag']) retrieved from /home/airflow/.local/lib/python3.7/site-packages/airflow/example_dags/example_trigger_target_dag.py
[2025-10-06T15:38:28.466+0000] {logging_mixin.py:137} INFO - [2025-10-06T15:38:28.466+0000] {dag.py:2690} INFO - Sync 1 DAGs
[2025-10-06T15:38:28.478+0000] {logging_mixin.py:137} INFO - [2025-10-06T15:38:28.478+0000] {dag.py:3441} INFO - Setting next_dagrun for example_trigger_target_dag to None, run_after=None
[2025-10-06T15:38:28.489+0000] {processor.py:175} INFO - Processing /home/airflow/.local/lib/python3.7/site-packages/airflow/example_dags/example_trigger_target_dag.py took 0.050 seconds
[2025-10-06T15:38:58.841+0000] {processor.py:153} INFO - Started process (PID=820) to work on /home/airflow/.local/lib/python3.7/site-packages/airflow/example_dags/example_trigger_target_dag.py
[2025-10-06T15:38:58.842+0000] {processor.py:743} INFO - Processing file /home/airflow/.local/lib/python3.7/site-packages/airflow/example_dags/example_trigger_target_dag.py for tasks to queue
[2025-10-06T15:38:58.843+0000] {logging_mixin.py:137} INFO - [2025-10-06T15:38:58.843+0000] {dagbag.py:538} INFO - Filling up the DagBag from /home/airflow/.local/lib/python3.7/site-packages/airflow/example_dags/example_trigger_target_dag.py
[2025-10-06T15:38:58.852+0000] {processor.py:753} INFO - DAG(s) dict_keys(['example_trigger_target_dag']) retrieved from /home/airflow/.local/lib/python3.7/site-packages/airflow/example_dags/example_trigger_target_dag.py
[2025-10-06T15:38:58.863+0000] {logging_mixin.py:137} INFO - [2025-10-06T15:38:58.863+0000] {dag.py:2690} INFO - Sync 1 DAGs
[2025-10-06T15:38:58.876+0000] {logging_mixin.py:137} INFO - [2025-10-06T15:38:58.876+0000] {dag.py:3441} INFO - Setting next_dagrun for example_trigger_target_dag to None, run_after=None
[2025-10-06T15:38:58.883+0000] {processor.py:175} INFO - Processing /home/airflow/.local/lib/python3.7/site-packages/airflow/example_dags/example_trigger_target_dag.py took 0.043 seconds
[2025-10-06T15:39:29.236+0000] {processor.py:153} INFO - Started process (PID=919) to work on /home/airflow/.local/lib/python3.7/site-packages/airflow/example_dags/example_trigger_target_dag.py
[2025-10-06T15:39:29.237+0000] {processor.py:743} INFO - Processing file /home/airflow/.local/lib/python3.7/site-packages/airflow/example_dags/example_trigger_target_dag.py for tasks to queue
[2025-10-06T15:39:29.237+0000] {logging_mixin.py:137} INFO - [2025-10-06T15:39:29.237+0000] {dagbag.py:538} INFO - Filling up the DagBag from /home/airflow/.local/lib/python3.7/site-packages/airflow/example_dags/example_trigger_target_dag.py
[2025-10-06T15:39:29.246+0000] {processor.py:753} INFO - DAG(s) dict_keys(['example_trigger_target_dag']) retrieved from /home/airflow/.local/lib/python3.7/site-packages/airflow/example_dags/example_trigger_target_dag.py
[2025-10-06T15:39:29.258+0000] {logging_mixin.py:137} INFO - [2025-10-06T15:39:29.258+0000] {dag.py:2690} INFO - Sync 1 DAGs
[2025-10-06T15:39:29.271+0000] {logging_mixin.py:137} INFO - [2025-10-06T15:39:29.271+0000] {dag.py:3441} INFO - Setting next_dagrun for example_trigger_target_dag to None, run_after=None
[2025-10-06T15:39:29.281+0000] {processor.py:175} INFO - Processing /home/airflow/.local/lib/python3.7/site-packages/airflow/example_dags/example_trigger_target_dag.py took 0.046 seconds
[2025-10-06T15:39:59.612+0000] {processor.py:153} INFO - Started process (PID=1018) to work on /home/airflow/.local/lib/python3.7/site-packages/airflow/example_dags/example_trigger_target_dag.py
[2025-10-06T15:39:59.614+0000] {processor.py:743} INFO - Processing file /home/airflow/.local/lib/python3.7/site-packages/airflow/example_dags/example_trigger_target_dag.py for tasks to queue
[2025-10-06T15:39:59.614+0000] {logging_mixin.py:137} INFO - [2025-10-06T15:39:59.614+0000] {dagbag.py:538} INFO - Filling up the DagBag from /home/airflow/.local/lib/python3.7/site-packages/airflow/example_dags/example_trigger_target_dag.py
[2025-10-06T15:39:59.623+0000] {processor.py:753} INFO - DAG(s) dict_keys(['example_trigger_target_dag']) retrieved from /home/airflow/.local/lib/python3.7/site-packages/airflow/example_dags/example_trigger_target_dag.py
[2025-10-06T15:39:59.634+0000] {logging_mixin.py:137} INFO - [2025-10-06T15:39:59.634+0000] {dag.py:2690} INFO - Sync 1 DAGs
[2025-10-06T15:39:59.644+0000] {logging_mixin.py:137} INFO - [2025-10-06T15:39:59.643+0000] {dag.py:3441} INFO - Setting next_dagrun for example_trigger_target_dag to None, run_after=None
[2025-10-06T15:39:59.650+0000] {processor.py:175} INFO - Processing /home/airflow/.local/lib/python3.7/site-packages/airflow/example_dags/example_trigger_target_dag.py took 0.040 seconds
[2025-10-06T15:40:29.783+0000] {processor.py:153} INFO - Started process (PID=1097) to work on /home/airflow/.local/lib/python3.7/site-packages/airflow/example_dags/example_trigger_target_dag.py
[2025-10-06T15:40:29.784+0000] {processor.py:743} INFO - Processing file /home/airflow/.local/lib/python3.7/site-packages/airflow/example_dags/example_trigger_target_dag.py for tasks to queue
[2025-10-06T15:40:29.785+0000] {logging_mixin.py:137} INFO - [2025-10-06T15:40:29.785+0000] {dagbag.py:538} INFO - Filling up the DagBag from /home/airflow/.local/lib/python3.7/site-packages/airflow/example_dags/example_trigger_target_dag.py
[2025-10-06T15:40:29.795+0000] {processor.py:753} INFO - DAG(s) dict_keys(['example_trigger_target_dag']) retrieved from /home/airflow/.local/lib/python3.7/site-packages/airflow/example_dags/example_trigger_target_dag.py
[2025-10-06T15:40:29.805+0000] {logging_mixin.py:137} INFO - [2025-10-06T15:40:29.805+0000] {dag.py:2690} INFO - Sync 1 DAGs
[2025-10-06T15:40:29.815+0000] {logging_mixin.py:137} INFO - [2025-10-06T15:40:29.815+0000] {dag.py:3441} INFO - Setting next_dagrun for example_trigger_target_dag to None, run_after=None
[2025-10-06T15:40:29.822+0000] {processor.py:175} INFO - Processing /home/airflow/.local/lib/python3.7/site-packages/airflow/example_dags/example_trigger_target_dag.py took 0.041 seconds
[2025-10-06T15:41:00.050+0000] {processor.py:153} INFO - Started process (PID=1196) to work on /home/airflow/.local/lib/python3.7/site-packages/airflow/example_dags/example_trigger_target_dag.py
[2025-10-06T15:41:00.050+0000] {processor.py:743} INFO - Processing file /home/airflow/.local/lib/python3.7/site-packages/airflow/example_dags/example_trigger_target_dag.py for tasks to queue
[2025-10-06T15:41:00.050+0000] {logging_mixin.py:137} INFO - [2025-10-06T15:41:00.050+0000] {dagbag.py:538} INFO - Filling up the DagBag from /home/airflow/.local/lib/python3.7/site-packages/airflow/example_dags/example_trigger_target_dag.py
[2025-10-06T15:41:00.059+0000] {processor.py:753} INFO - DAG(s) dict_keys(['example_trigger_target_dag']) retrieved from /home/airflow/.local/lib/python3.7/site-packages/airflow/example_dags/example_trigger_target_dag.py
[2025-10-06T15:41:00.069+0000] {logging_mixin.py:137} INFO - [2025-10-06T15:41:00.069+0000] {dag.py:2690} INFO - Sync 1 DAGs
[2025-10-06T15:41:00.079+0000] {logging_mixin.py:137} INFO - [2025-10-06T15:41:00.079+0000] {dag.py:3441} INFO - Setting next_dagrun for example_trigger_target_dag to None, run_after=None
[2025-10-06T15:41:00.086+0000] {processor.py:175} INFO - Processing /home/airflow/.local/lib/python3.7/site-packages/airflow/example_dags/example_trigger_target_dag.py took 0.038 seconds
[2025-10-06T15:41:30.335+0000] {processor.py:153} INFO - Started process (PID=1295) to work on /home/airflow/.local/lib/python3.7/site-packages/airflow/example_dags/example_trigger_target_dag.py
[2025-10-06T15:41:30.337+0000] {processor.py:743} INFO - Processing file /home/airflow/.local/lib/python3.7/site-packages/airflow/example_dags/example_trigger_target_dag.py for tasks to queue
[2025-10-06T15:41:30.337+0000] {logging_mixin.py:137} INFO - [2025-10-06T15:41:30.337+0000] {dagbag.py:538} INFO - Filling up the DagBag from /home/airflow/.local/lib/python3.7/site-packages/airflow/example_dags/example_trigger_target_dag.py
[2025-10-06T15:41:30.346+0000] {processor.py:753} INFO - DAG(s) dict_keys(['example_trigger_target_dag']) retrieved from /home/airflow/.local/lib/python3.7/site-packages/airflow/example_dags/example_trigger_target_dag.py
[2025-10-06T15:41:30.357+0000] {logging_mixin.py:137} INFO - [2025-10-06T15:41:30.357+0000] {dag.py:2690} INFO - Sync 1 DAGs
[2025-10-06T15:41:30.367+0000] {logging_mixin.py:137} INFO - [2025-10-06T15:41:30.367+0000] {dag.py:3441} INFO - Setting next_dagrun for example_trigger_target_dag to None, run_after=None
[2025-10-06T15:41:30.375+0000] {processor.py:175} INFO - Processing /home/airflow/.local/lib/python3.7/site-packages/airflow/example_dags/example_trigger_target_dag.py took 0.041 seconds
[2025-10-06T15:42:00.714+0000] {processor.py:153} INFO - Started process (PID=1394) to work on /home/airflow/.local/lib/python3.7/site-packages/airflow/example_dags/example_trigger_target_dag.py
[2025-10-06T15:42:00.714+0000] {processor.py:743} INFO - Processing file /home/airflow/.local/lib/python3.7/site-packages/airflow/example_dags/example_trigger_target_dag.py for tasks to queue
[2025-10-06T15:42:00.718+0000] {logging_mixin.py:137} INFO - [2025-10-06T15:42:00.718+0000] {dagbag.py:538} INFO - Filling up the DagBag from /home/airflow/.local/lib/python3.7/site-packages/airflow/example_dags/example_trigger_target_dag.py
[2025-10-06T15:42:00.727+0000] {processor.py:753} INFO - DAG(s) dict_keys(['example_trigger_target_dag']) retrieved from /home/airflow/.local/lib/python3.7/site-packages/airflow/example_dags/example_trigger_target_dag.py
[2025-10-06T15:42:00.737+0000] {logging_mixin.py:137} INFO - [2025-10-06T15:42:00.737+0000] {dag.py:2690} INFO - Sync 1 DAGs
[2025-10-06T15:42:00.747+0000] {logging_mixin.py:137} INFO - [2025-10-06T15:42:00.747+0000] {dag.py:3441} INFO - Setting next_dagrun for example_trigger_target_dag to None, run_after=None
[2025-10-06T15:42:00.754+0000] {processor.py:175} INFO - Processing /home/airflow/.local/lib/python3.7/site-packages/airflow/example_dags/example_trigger_target_dag.py took 0.042 seconds
[2025-10-06T15:42:30.994+0000] {processor.py:153} INFO - Started process (PID=1473) to work on /home/airflow/.local/lib/python3.7/site-packages/airflow/example_dags/example_trigger_target_dag.py
[2025-10-06T15:42:30.995+0000] {processor.py:743} INFO - Processing file /home/airflow/.local/lib/python3.7/site-packages/airflow/example_dags/example_trigger_target_dag.py for tasks to queue
[2025-10-06T15:42:30.996+0000] {logging_mixin.py:137} INFO - [2025-10-06T15:42:30.996+0000] {dagbag.py:538} INFO - Filling up the DagBag from /home/airflow/.local/lib/python3.7/site-packages/airflow/example_dags/example_trigger_target_dag.py
[2025-10-06T15:42:31.005+0000] {processor.py:753} INFO - DAG(s) dict_keys(['example_trigger_target_dag']) retrieved from /home/airflow/.local/lib/python3.7/site-packages/airflow/example_dags/example_trigger_target_dag.py
[2025-10-06T15:42:31.015+0000] {logging_mixin.py:137} INFO - [2025-10-06T15:42:31.015+0000] {dag.py:2690} INFO - Sync 1 DAGs
[2025-10-06T15:42:31.025+0000] {logging_mixin.py:137} INFO - [2025-10-06T15:42:31.025+0000] {dag.py:3441} INFO - Setting next_dagrun for example_trigger_target_dag to None, run_after=None
[2025-10-06T15:42:31.032+0000] {processor.py:175} INFO - Processing /home/airflow/.local/lib/python3.7/site-packages/airflow/example_dags/example_trigger_target_dag.py took 0.039 seconds
[2025-10-06T15:43:01.220+0000] {processor.py:153} INFO - Started process (PID=1573) to work on /home/airflow/.local/lib/python3.7/site-packages/airflow/example_dags/example_trigger_target_dag.py
[2025-10-06T15:43:01.220+0000] {processor.py:743} INFO - Processing file /home/airflow/.local/lib/python3.7/site-packages/airflow/example_dags/example_trigger_target_dag.py for tasks to queue
[2025-10-06T15:43:01.223+0000] {logging_mixin.py:137} INFO - [2025-10-06T15:43:01.223+0000] {dagbag.py:538} INFO - Filling up the DagBag from /home/airflow/.local/lib/python3.7/site-packages/airflow/example_dags/example_trigger_target_dag.py
[2025-10-06T15:43:01.232+0000] {processor.py:753} INFO - DAG(s) dict_keys(['example_trigger_target_dag']) retrieved from /home/airflow/.local/lib/python3.7/site-packages/airflow/example_dags/example_trigger_target_dag.py
[2025-10-06T15:43:01.244+0000] {logging_mixin.py:137} INFO - [2025-10-06T15:43:01.244+0000] {dag.py:2690} INFO - Sync 1 DAGs
[2025-10-06T15:43:01.255+0000] {logging_mixin.py:137} INFO - [2025-10-06T15:43:01.255+0000] {dag.py:3441} INFO - Setting next_dagrun for example_trigger_target_dag to None, run_after=None
[2025-10-06T15:43:01.263+0000] {processor.py:175} INFO - Processing /home/airflow/.local/lib/python3.7/site-packages/airflow/example_dags/example_trigger_target_dag.py took 0.045 seconds
[2025-10-06T15:43:31.558+0000] {processor.py:153} INFO - Started process (PID=1672) to work on /home/airflow/.local/lib/python3.7/site-packages/airflow/example_dags/example_trigger_target_dag.py
[2025-10-06T15:43:31.559+0000] {processor.py:743} INFO - Processing file /home/airflow/.local/lib/python3.7/site-packages/airflow/example_dags/example_trigger_target_dag.py for tasks to queue
[2025-10-06T15:43:31.559+0000] {logging_mixin.py:137} INFO - [2025-10-06T15:43:31.559+0000] {dagbag.py:538} INFO - Filling up the DagBag from /home/airflow/.local/lib/python3.7/site-packages/airflow/example_dags/example_trigger_target_dag.py
[2025-10-06T15:43:31.569+0000] {processor.py:753} INFO - DAG(s) dict_keys(['example_trigger_target_dag']) retrieved from /home/airflow/.local/lib/python3.7/site-packages/airflow/example_dags/example_trigger_target_dag.py
[2025-10-06T15:43:31.579+0000] {logging_mixin.py:137} INFO - [2025-10-06T15:43:31.579+0000] {dag.py:2690} INFO - Sync 1 DAGs
[2025-10-06T15:43:31.589+0000] {logging_mixin.py:137} INFO - [2025-10-06T15:43:31.588+0000] {dag.py:3441} INFO - Setting next_dagrun for example_trigger_target_dag to None, run_after=None
[2025-10-06T15:43:31.596+0000] {processor.py:175} INFO - Processing /home/airflow/.local/lib/python3.7/site-packages/airflow/example_dags/example_trigger_target_dag.py took 0.039 seconds
[2025-10-06T15:44:01.978+0000] {processor.py:153} INFO - Started process (PID=1771) to work on /home/airflow/.local/lib/python3.7/site-packages/airflow/example_dags/example_trigger_target_dag.py
[2025-10-06T15:44:01.979+0000] {processor.py:743} INFO - Processing file /home/airflow/.local/lib/python3.7/site-packages/airflow/example_dags/example_trigger_target_dag.py for tasks to queue
[2025-10-06T15:44:01.980+0000] {logging_mixin.py:137} INFO - [2025-10-06T15:44:01.980+0000] {dagbag.py:538} INFO - Filling up the DagBag from /home/airflow/.local/lib/python3.7/site-packages/airflow/example_dags/example_trigger_target_dag.py
[2025-10-06T15:44:01.989+0000] {processor.py:753} INFO - DAG(s) dict_keys(['example_trigger_target_dag']) retrieved from /home/airflow/.local/lib/python3.7/site-packages/airflow/example_dags/example_trigger_target_dag.py
[2025-10-06T15:44:02.000+0000] {logging_mixin.py:137} INFO - [2025-10-06T15:44:01.999+0000] {dag.py:2690} INFO - Sync 1 DAGs
[2025-10-06T15:44:02.009+0000] {logging_mixin.py:137} INFO - [2025-10-06T15:44:02.009+0000] {dag.py:3441} INFO - Setting next_dagrun for example_trigger_target_dag to None, run_after=None
[2025-10-06T15:44:02.017+0000] {processor.py:175} INFO - Processing /home/airflow/.local/lib/python3.7/site-packages/airflow/example_dags/example_trigger_target_dag.py took 0.041 seconds
[2025-10-06T15:44:32.335+0000] {processor.py:153} INFO - Started process (PID=1850) to work on /home/airflow/.local/lib/python3.7/site-packages/airflow/example_dags/example_trigger_target_dag.py
[2025-10-06T15:44:32.337+0000] {processor.py:743} INFO - Processing file /home/airflow/.local/lib/python3.7/site-packages/airflow/example_dags/example_trigger_target_dag.py for tasks to queue
[2025-10-06T15:44:32.337+0000] {logging_mixin.py:137} INFO - [2025-10-06T15:44:32.337+0000] {dagbag.py:538} INFO - Filling up the DagBag from /home/airflow/.local/lib/python3.7/site-packages/airflow/example_dags/example_trigger_target_dag.py
[2025-10-06T15:44:32.347+0000] {processor.py:753} INFO - DAG(s) dict_keys(['example_trigger_target_dag']) retrieved from /home/airflow/.local/lib/python3.7/site-packages/airflow/example_dags/example_trigger_target_dag.py
[2025-10-06T15:44:32.359+0000] {logging_mixin.py:137} INFO - [2025-10-06T15:44:32.359+0000] {dag.py:2690} INFO - Sync 1 DAGs
[2025-10-06T15:44:32.369+0000] {logging_mixin.py:137} INFO - [2025-10-06T15:44:32.369+0000] {dag.py:3441} INFO - Setting next_dagrun for example_trigger_target_dag to None, run_after=None
[2025-10-06T15:44:32.376+0000] {processor.py:175} INFO - Processing /home/airflow/.local/lib/python3.7/site-packages/airflow/example_dags/example_trigger_target_dag.py took 0.043 seconds
[2025-10-06T15:45:02.701+0000] {processor.py:153} INFO - Started process (PID=1949) to work on /home/airflow/.local/lib/python3.7/site-packages/airflow/example_dags/example_trigger_target_dag.py
[2025-10-06T15:45:02.702+0000] {processor.py:743} INFO - Processing file /home/airflow/.local/lib/python3.7/site-packages/airflow/example_dags/example_trigger_target_dag.py for tasks to queue
[2025-10-06T15:45:02.703+0000] {logging_mixin.py:137} INFO - [2025-10-06T15:45:02.703+0000] {dagbag.py:538} INFO - Filling up the DagBag from /home/airflow/.local/lib/python3.7/site-packages/airflow/example_dags/example_trigger_target_dag.py
[2025-10-06T15:45:02.712+0000] {processor.py:753} INFO - DAG(s) dict_keys(['example_trigger_target_dag']) retrieved from /home/airflow/.local/lib/python3.7/site-packages/airflow/example_dags/example_trigger_target_dag.py
[2025-10-06T15:45:02.724+0000] {logging_mixin.py:137} INFO - [2025-10-06T15:45:02.724+0000] {dag.py:2690} INFO - Sync 1 DAGs
[2025-10-06T15:45:02.734+0000] {logging_mixin.py:137} INFO - [2025-10-06T15:45:02.734+0000] {dag.py:3441} INFO - Setting next_dagrun for example_trigger_target_dag to None, run_after=None
[2025-10-06T15:45:02.741+0000] {processor.py:175} INFO - Processing /home/airflow/.local/lib/python3.7/site-packages/airflow/example_dags/example_trigger_target_dag.py took 0.041 seconds
[2025-10-06T15:45:32.974+0000] {processor.py:153} INFO - Started process (PID=2048) to work on /home/airflow/.local/lib/python3.7/site-packages/airflow/example_dags/example_trigger_target_dag.py
[2025-10-06T15:45:32.974+0000] {processor.py:743} INFO - Processing file /home/airflow/.local/lib/python3.7/site-packages/airflow/example_dags/example_trigger_target_dag.py for tasks to queue
[2025-10-06T15:45:32.975+0000] {logging_mixin.py:137} INFO - [2025-10-06T15:45:32.975+0000] {dagbag.py:538} INFO - Filling up the DagBag from /home/airflow/.local/lib/python3.7/site-packages/airflow/example_dags/example_trigger_target_dag.py
[2025-10-06T15:45:32.984+0000] {processor.py:753} INFO - DAG(s) dict_keys(['example_trigger_target_dag']) retrieved from /home/airflow/.local/lib/python3.7/site-packages/airflow/example_dags/example_trigger_target_dag.py
[2025-10-06T15:45:32.995+0000] {logging_mixin.py:137} INFO - [2025-10-06T15:45:32.995+0000] {dag.py:2690} INFO - Sync 1 DAGs
[2025-10-06T15:45:33.006+0000] {logging_mixin.py:137} INFO - [2025-10-06T15:45:33.006+0000] {dag.py:3441} INFO - Setting next_dagrun for example_trigger_target_dag to None, run_after=None
[2025-10-06T15:45:33.014+0000] {processor.py:175} INFO - Processing /home/airflow/.local/lib/python3.7/site-packages/airflow/example_dags/example_trigger_target_dag.py took 0.042 seconds
[2025-10-06T15:46:03.537+0000] {processor.py:153} INFO - Started process (PID=2147) to work on /home/airflow/.local/lib/python3.7/site-packages/airflow/example_dags/example_trigger_target_dag.py
[2025-10-06T15:46:03.538+0000] {processor.py:743} INFO - Processing file /home/airflow/.local/lib/python3.7/site-packages/airflow/example_dags/example_trigger_target_dag.py for tasks to queue
[2025-10-06T15:46:03.538+0000] {logging_mixin.py:137} INFO - [2025-10-06T15:46:03.538+0000] {dagbag.py:538} INFO - Filling up the DagBag from /home/airflow/.local/lib/python3.7/site-packages/airflow/example_dags/example_trigger_target_dag.py
[2025-10-06T15:46:03.552+0000] {processor.py:753} INFO - DAG(s) dict_keys(['example_trigger_target_dag']) retrieved from /home/airflow/.local/lib/python3.7/site-packages/airflow/example_dags/example_trigger_target_dag.py
[2025-10-06T15:46:03.567+0000] {logging_mixin.py:137} INFO - [2025-10-06T15:46:03.567+0000] {dag.py:2690} INFO - Sync 1 DAGs
[2025-10-06T15:46:03.580+0000] {logging_mixin.py:137} INFO - [2025-10-06T15:46:03.580+0000] {dag.py:3441} INFO - Setting next_dagrun for example_trigger_target_dag to None, run_after=None
[2025-10-06T15:46:03.588+0000] {processor.py:175} INFO - Processing /home/airflow/.local/lib/python3.7/site-packages/airflow/example_dags/example_trigger_target_dag.py took 0.054 seconds
[2025-10-06T15:46:34.055+0000] {processor.py:153} INFO - Started process (PID=2226) to work on /home/airflow/.local/lib/python3.7/site-packages/airflow/example_dags/example_trigger_target_dag.py
[2025-10-06T15:46:34.055+0000] {processor.py:743} INFO - Processing file /home/airflow/.local/lib/python3.7/site-packages/airflow/example_dags/example_trigger_target_dag.py for tasks to queue
[2025-10-06T15:46:34.056+0000] {logging_mixin.py:137} INFO - [2025-10-06T15:46:34.056+0000] {dagbag.py:538} INFO - Filling up the DagBag from /home/airflow/.local/lib/python3.7/site-packages/airflow/example_dags/example_trigger_target_dag.py
[2025-10-06T15:46:34.065+0000] {processor.py:753} INFO - DAG(s) dict_keys(['example_trigger_target_dag']) retrieved from /home/airflow/.local/lib/python3.7/site-packages/airflow/example_dags/example_trigger_target_dag.py
[2025-10-06T15:46:34.077+0000] {logging_mixin.py:137} INFO - [2025-10-06T15:46:34.077+0000] {dag.py:2690} INFO - Sync 1 DAGs
[2025-10-06T15:46:34.089+0000] {logging_mixin.py:137} INFO - [2025-10-06T15:46:34.089+0000] {dag.py:3441} INFO - Setting next_dagrun for example_trigger_target_dag to None, run_after=None
[2025-10-06T15:46:34.096+0000] {processor.py:175} INFO - Processing /home/airflow/.local/lib/python3.7/site-packages/airflow/example_dags/example_trigger_target_dag.py took 0.043 seconds
