[2025-10-06T15:34:55.156+0000] {processor.py:153} INFO - Started process (PID=61) to work on /home/airflow/.local/lib/python3.7/site-packages/airflow/example_dags/tutorial.py
[2025-10-06T15:34:55.157+0000] {processor.py:743} INFO - Processing file /home/airflow/.local/lib/python3.7/site-packages/airflow/example_dags/tutorial.py for tasks to queue
[2025-10-06T15:34:55.157+0000] {logging_mixin.py:137} INFO - [2025-10-06T15:34:55.157+0000] {dagbag.py:538} INFO - Filling up the DagBag from /home/airflow/.local/lib/python3.7/site-packages/airflow/example_dags/tutorial.py
[2025-10-06T15:34:55.166+0000] {processor.py:753} INFO - DAG(s) dict_keys(['tutorial']) retrieved from /home/airflow/.local/lib/python3.7/site-packages/airflow/example_dags/tutorial.py
[2025-10-06T15:34:55.174+0000] {logging_mixin.py:137} INFO - [2025-10-06T15:34:55.174+0000] {dag.py:2690} INFO - Sync 1 DAGs
[2025-10-06T15:34:55.187+0000] {logging_mixin.py:137} INFO - [2025-10-06T15:34:55.187+0000] {dag.py:3441} INFO - Setting next_dagrun for tutorial to 2025-10-05T15:34:55.187195+00:00, run_after=2025-10-06T15:34:55.187195+00:00
[2025-10-06T15:34:55.198+0000] {processor.py:175} INFO - Processing /home/airflow/.local/lib/python3.7/site-packages/airflow/example_dags/tutorial.py took 0.044 seconds
[2025-10-06T15:35:25.681+0000] {processor.py:153} INFO - Started process (PID=160) to work on /home/airflow/.local/lib/python3.7/site-packages/airflow/example_dags/tutorial.py
[2025-10-06T15:35:25.681+0000] {processor.py:743} INFO - Processing file /home/airflow/.local/lib/python3.7/site-packages/airflow/example_dags/tutorial.py for tasks to queue
[2025-10-06T15:35:25.681+0000] {logging_mixin.py:137} INFO - [2025-10-06T15:35:25.681+0000] {dagbag.py:538} INFO - Filling up the DagBag from /home/airflow/.local/lib/python3.7/site-packages/airflow/example_dags/tutorial.py
[2025-10-06T15:35:25.688+0000] {processor.py:753} INFO - DAG(s) dict_keys(['tutorial']) retrieved from /home/airflow/.local/lib/python3.7/site-packages/airflow/example_dags/tutorial.py
[2025-10-06T15:35:25.697+0000] {logging_mixin.py:137} INFO - [2025-10-06T15:35:25.697+0000] {dag.py:2690} INFO - Sync 1 DAGs
[2025-10-06T15:35:25.708+0000] {logging_mixin.py:137} INFO - [2025-10-06T15:35:25.708+0000] {dag.py:3441} INFO - Setting next_dagrun for tutorial to 2025-10-05T15:35:25.708031+00:00, run_after=2025-10-06T15:35:25.708031+00:00
[2025-10-06T15:35:25.715+0000] {processor.py:175} INFO - Processing /home/airflow/.local/lib/python3.7/site-packages/airflow/example_dags/tutorial.py took 0.036 seconds
[2025-10-06T15:35:56.110+0000] {processor.py:153} INFO - Started process (PID=259) to work on /home/airflow/.local/lib/python3.7/site-packages/airflow/example_dags/tutorial.py
[2025-10-06T15:35:56.111+0000] {processor.py:743} INFO - Processing file /home/airflow/.local/lib/python3.7/site-packages/airflow/example_dags/tutorial.py for tasks to queue
[2025-10-06T15:35:56.112+0000] {logging_mixin.py:137} INFO - [2025-10-06T15:35:56.111+0000] {dagbag.py:538} INFO - Filling up the DagBag from /home/airflow/.local/lib/python3.7/site-packages/airflow/example_dags/tutorial.py
[2025-10-06T15:35:56.118+0000] {processor.py:753} INFO - DAG(s) dict_keys(['tutorial']) retrieved from /home/airflow/.local/lib/python3.7/site-packages/airflow/example_dags/tutorial.py
[2025-10-06T15:35:56.132+0000] {logging_mixin.py:137} INFO - [2025-10-06T15:35:56.132+0000] {dag.py:2690} INFO - Sync 1 DAGs
[2025-10-06T15:35:56.143+0000] {logging_mixin.py:137} INFO - [2025-10-06T15:35:56.143+0000] {dag.py:3441} INFO - Setting next_dagrun for tutorial to 2025-10-05T15:35:56.143394+00:00, run_after=2025-10-06T15:35:56.143394+00:00
[2025-10-06T15:35:56.154+0000] {processor.py:175} INFO - Processing /home/airflow/.local/lib/python3.7/site-packages/airflow/example_dags/tutorial.py took 0.045 seconds
[2025-10-06T15:36:26.635+0000] {processor.py:153} INFO - Started process (PID=338) to work on /home/airflow/.local/lib/python3.7/site-packages/airflow/example_dags/tutorial.py
[2025-10-06T15:36:26.636+0000] {processor.py:743} INFO - Processing file /home/airflow/.local/lib/python3.7/site-packages/airflow/example_dags/tutorial.py for tasks to queue
[2025-10-06T15:36:26.636+0000] {logging_mixin.py:137} INFO - [2025-10-06T15:36:26.636+0000] {dagbag.py:538} INFO - Filling up the DagBag from /home/airflow/.local/lib/python3.7/site-packages/airflow/example_dags/tutorial.py
[2025-10-06T15:36:26.643+0000] {processor.py:753} INFO - DAG(s) dict_keys(['tutorial']) retrieved from /home/airflow/.local/lib/python3.7/site-packages/airflow/example_dags/tutorial.py
[2025-10-06T15:36:26.657+0000] {logging_mixin.py:137} INFO - [2025-10-06T15:36:26.657+0000] {dag.py:2690} INFO - Sync 1 DAGs
[2025-10-06T15:36:26.667+0000] {logging_mixin.py:137} INFO - [2025-10-06T15:36:26.667+0000] {dag.py:3441} INFO - Setting next_dagrun for tutorial to 2025-10-05T15:36:26.667399+00:00, run_after=2025-10-06T15:36:26.667399+00:00
[2025-10-06T15:36:26.677+0000] {processor.py:175} INFO - Processing /home/airflow/.local/lib/python3.7/site-packages/airflow/example_dags/tutorial.py took 0.043 seconds
[2025-10-06T15:36:57.041+0000] {processor.py:153} INFO - Started process (PID=437) to work on /home/airflow/.local/lib/python3.7/site-packages/airflow/example_dags/tutorial.py
[2025-10-06T15:36:57.042+0000] {processor.py:743} INFO - Processing file /home/airflow/.local/lib/python3.7/site-packages/airflow/example_dags/tutorial.py for tasks to queue
[2025-10-06T15:36:57.043+0000] {logging_mixin.py:137} INFO - [2025-10-06T15:36:57.043+0000] {dagbag.py:538} INFO - Filling up the DagBag from /home/airflow/.local/lib/python3.7/site-packages/airflow/example_dags/tutorial.py
[2025-10-06T15:36:57.050+0000] {processor.py:753} INFO - DAG(s) dict_keys(['tutorial']) retrieved from /home/airflow/.local/lib/python3.7/site-packages/airflow/example_dags/tutorial.py
[2025-10-06T15:36:57.063+0000] {logging_mixin.py:137} INFO - [2025-10-06T15:36:57.063+0000] {dag.py:2690} INFO - Sync 1 DAGs
[2025-10-06T15:36:57.073+0000] {logging_mixin.py:137} INFO - [2025-10-06T15:36:57.073+0000] {dag.py:3441} INFO - Setting next_dagrun for tutorial to 2025-10-05T15:36:57.073259+00:00, run_after=2025-10-06T15:36:57.073259+00:00
[2025-10-06T15:36:57.083+0000] {processor.py:175} INFO - Processing /home/airflow/.local/lib/python3.7/site-packages/airflow/example_dags/tutorial.py took 0.044 seconds
[2025-10-06T15:37:27.469+0000] {processor.py:153} INFO - Started process (PID=536) to work on /home/airflow/.local/lib/python3.7/site-packages/airflow/example_dags/tutorial.py
[2025-10-06T15:37:27.470+0000] {processor.py:743} INFO - Processing file /home/airflow/.local/lib/python3.7/site-packages/airflow/example_dags/tutorial.py for tasks to queue
[2025-10-06T15:37:27.470+0000] {logging_mixin.py:137} INFO - [2025-10-06T15:37:27.470+0000] {dagbag.py:538} INFO - Filling up the DagBag from /home/airflow/.local/lib/python3.7/site-packages/airflow/example_dags/tutorial.py
[2025-10-06T15:37:27.476+0000] {processor.py:753} INFO - DAG(s) dict_keys(['tutorial']) retrieved from /home/airflow/.local/lib/python3.7/site-packages/airflow/example_dags/tutorial.py
[2025-10-06T15:37:27.487+0000] {logging_mixin.py:137} INFO - [2025-10-06T15:37:27.487+0000] {dag.py:2690} INFO - Sync 1 DAGs
[2025-10-06T15:37:27.499+0000] {logging_mixin.py:137} INFO - [2025-10-06T15:37:27.499+0000] {dag.py:3441} INFO - Setting next_dagrun for tutorial to 2025-10-05T15:37:27.499401+00:00, run_after=2025-10-06T15:37:27.499401+00:00
[2025-10-06T15:37:27.511+0000] {processor.py:175} INFO - Processing /home/airflow/.local/lib/python3.7/site-packages/airflow/example_dags/tutorial.py took 0.043 seconds
[2025-10-06T15:37:57.842+0000] {processor.py:153} INFO - Started process (PID=635) to work on /home/airflow/.local/lib/python3.7/site-packages/airflow/example_dags/tutorial.py
[2025-10-06T15:37:57.843+0000] {processor.py:743} INFO - Processing file /home/airflow/.local/lib/python3.7/site-packages/airflow/example_dags/tutorial.py for tasks to queue
[2025-10-06T15:37:57.843+0000] {logging_mixin.py:137} INFO - [2025-10-06T15:37:57.843+0000] {dagbag.py:538} INFO - Filling up the DagBag from /home/airflow/.local/lib/python3.7/site-packages/airflow/example_dags/tutorial.py
[2025-10-06T15:37:57.850+0000] {processor.py:753} INFO - DAG(s) dict_keys(['tutorial']) retrieved from /home/airflow/.local/lib/python3.7/site-packages/airflow/example_dags/tutorial.py
[2025-10-06T15:37:57.860+0000] {logging_mixin.py:137} INFO - [2025-10-06T15:37:57.860+0000] {dag.py:2690} INFO - Sync 1 DAGs
[2025-10-06T15:37:57.870+0000] {logging_mixin.py:137} INFO - [2025-10-06T15:37:57.870+0000] {dag.py:3441} INFO - Setting next_dagrun for tutorial to 2025-10-05T15:37:57.870337+00:00, run_after=2025-10-06T15:37:57.870337+00:00
[2025-10-06T15:37:57.880+0000] {processor.py:175} INFO - Processing /home/airflow/.local/lib/python3.7/site-packages/airflow/example_dags/tutorial.py took 0.040 seconds
[2025-10-06T15:38:28.268+0000] {processor.py:153} INFO - Started process (PID=714) to work on /home/airflow/.local/lib/python3.7/site-packages/airflow/example_dags/tutorial.py
[2025-10-06T15:38:28.270+0000] {processor.py:743} INFO - Processing file /home/airflow/.local/lib/python3.7/site-packages/airflow/example_dags/tutorial.py for tasks to queue
[2025-10-06T15:38:28.270+0000] {logging_mixin.py:137} INFO - [2025-10-06T15:38:28.270+0000] {dagbag.py:538} INFO - Filling up the DagBag from /home/airflow/.local/lib/python3.7/site-packages/airflow/example_dags/tutorial.py
[2025-10-06T15:38:28.276+0000] {processor.py:753} INFO - DAG(s) dict_keys(['tutorial']) retrieved from /home/airflow/.local/lib/python3.7/site-packages/airflow/example_dags/tutorial.py
[2025-10-06T15:38:28.286+0000] {logging_mixin.py:137} INFO - [2025-10-06T15:38:28.286+0000] {dag.py:2690} INFO - Sync 1 DAGs
[2025-10-06T15:38:28.296+0000] {logging_mixin.py:137} INFO - [2025-10-06T15:38:28.296+0000] {dag.py:3441} INFO - Setting next_dagrun for tutorial to 2025-10-05T15:38:28.296542+00:00, run_after=2025-10-06T15:38:28.296542+00:00
[2025-10-06T15:38:28.306+0000] {processor.py:175} INFO - Processing /home/airflow/.local/lib/python3.7/site-packages/airflow/example_dags/tutorial.py took 0.039 seconds
[2025-10-06T15:38:58.658+0000] {processor.py:153} INFO - Started process (PID=813) to work on /home/airflow/.local/lib/python3.7/site-packages/airflow/example_dags/tutorial.py
[2025-10-06T15:38:58.660+0000] {processor.py:743} INFO - Processing file /home/airflow/.local/lib/python3.7/site-packages/airflow/example_dags/tutorial.py for tasks to queue
[2025-10-06T15:38:58.660+0000] {logging_mixin.py:137} INFO - [2025-10-06T15:38:58.660+0000] {dagbag.py:538} INFO - Filling up the DagBag from /home/airflow/.local/lib/python3.7/site-packages/airflow/example_dags/tutorial.py
[2025-10-06T15:38:58.666+0000] {processor.py:753} INFO - DAG(s) dict_keys(['tutorial']) retrieved from /home/airflow/.local/lib/python3.7/site-packages/airflow/example_dags/tutorial.py
[2025-10-06T15:38:58.676+0000] {logging_mixin.py:137} INFO - [2025-10-06T15:38:58.676+0000] {dag.py:2690} INFO - Sync 1 DAGs
[2025-10-06T15:38:58.687+0000] {logging_mixin.py:137} INFO - [2025-10-06T15:38:58.687+0000] {dag.py:3441} INFO - Setting next_dagrun for tutorial to 2025-10-05T15:38:58.687390+00:00, run_after=2025-10-06T15:38:58.687390+00:00
[2025-10-06T15:38:58.700+0000] {processor.py:175} INFO - Processing /home/airflow/.local/lib/python3.7/site-packages/airflow/example_dags/tutorial.py took 0.043 seconds
[2025-10-06T15:39:29.007+0000] {processor.py:153} INFO - Started process (PID=912) to work on /home/airflow/.local/lib/python3.7/site-packages/airflow/example_dags/tutorial.py
[2025-10-06T15:39:29.008+0000] {processor.py:743} INFO - Processing file /home/airflow/.local/lib/python3.7/site-packages/airflow/example_dags/tutorial.py for tasks to queue
[2025-10-06T15:39:29.009+0000] {logging_mixin.py:137} INFO - [2025-10-06T15:39:29.009+0000] {dagbag.py:538} INFO - Filling up the DagBag from /home/airflow/.local/lib/python3.7/site-packages/airflow/example_dags/tutorial.py
[2025-10-06T15:39:29.016+0000] {processor.py:753} INFO - DAG(s) dict_keys(['tutorial']) retrieved from /home/airflow/.local/lib/python3.7/site-packages/airflow/example_dags/tutorial.py
[2025-10-06T15:39:29.026+0000] {logging_mixin.py:137} INFO - [2025-10-06T15:39:29.026+0000] {dag.py:2690} INFO - Sync 1 DAGs
[2025-10-06T15:39:29.036+0000] {logging_mixin.py:137} INFO - [2025-10-06T15:39:29.036+0000] {dag.py:3441} INFO - Setting next_dagrun for tutorial to 2025-10-05T15:39:29.035915+00:00, run_after=2025-10-06T15:39:29.035915+00:00
[2025-10-06T15:39:29.043+0000] {processor.py:175} INFO - Processing /home/airflow/.local/lib/python3.7/site-packages/airflow/example_dags/tutorial.py took 0.038 seconds
[2025-10-06T15:39:59.429+0000] {processor.py:153} INFO - Started process (PID=1011) to work on /home/airflow/.local/lib/python3.7/site-packages/airflow/example_dags/tutorial.py
[2025-10-06T15:39:59.432+0000] {processor.py:743} INFO - Processing file /home/airflow/.local/lib/python3.7/site-packages/airflow/example_dags/tutorial.py for tasks to queue
[2025-10-06T15:39:59.433+0000] {logging_mixin.py:137} INFO - [2025-10-06T15:39:59.433+0000] {dagbag.py:538} INFO - Filling up the DagBag from /home/airflow/.local/lib/python3.7/site-packages/airflow/example_dags/tutorial.py
[2025-10-06T15:39:59.439+0000] {processor.py:753} INFO - DAG(s) dict_keys(['tutorial']) retrieved from /home/airflow/.local/lib/python3.7/site-packages/airflow/example_dags/tutorial.py
[2025-10-06T15:39:59.450+0000] {logging_mixin.py:137} INFO - [2025-10-06T15:39:59.450+0000] {dag.py:2690} INFO - Sync 1 DAGs
[2025-10-06T15:39:59.460+0000] {logging_mixin.py:137} INFO - [2025-10-06T15:39:59.460+0000] {dag.py:3441} INFO - Setting next_dagrun for tutorial to 2025-10-05T15:39:59.460735+00:00, run_after=2025-10-06T15:39:59.460735+00:00
[2025-10-06T15:39:59.468+0000] {processor.py:175} INFO - Processing /home/airflow/.local/lib/python3.7/site-packages/airflow/example_dags/tutorial.py took 0.040 seconds
[2025-10-06T15:40:29.610+0000] {processor.py:153} INFO - Started process (PID=1090) to work on /home/airflow/.local/lib/python3.7/site-packages/airflow/example_dags/tutorial.py
[2025-10-06T15:40:29.611+0000] {processor.py:743} INFO - Processing file /home/airflow/.local/lib/python3.7/site-packages/airflow/example_dags/tutorial.py for tasks to queue
[2025-10-06T15:40:29.612+0000] {logging_mixin.py:137} INFO - [2025-10-06T15:40:29.612+0000] {dagbag.py:538} INFO - Filling up the DagBag from /home/airflow/.local/lib/python3.7/site-packages/airflow/example_dags/tutorial.py
[2025-10-06T15:40:29.618+0000] {processor.py:753} INFO - DAG(s) dict_keys(['tutorial']) retrieved from /home/airflow/.local/lib/python3.7/site-packages/airflow/example_dags/tutorial.py
[2025-10-06T15:40:29.630+0000] {logging_mixin.py:137} INFO - [2025-10-06T15:40:29.630+0000] {dag.py:2690} INFO - Sync 1 DAGs
[2025-10-06T15:40:29.641+0000] {logging_mixin.py:137} INFO - [2025-10-06T15:40:29.641+0000] {dag.py:3441} INFO - Setting next_dagrun for tutorial to 2025-10-05T15:40:29.640903+00:00, run_after=2025-10-06T15:40:29.640903+00:00
[2025-10-06T15:40:29.648+0000] {processor.py:175} INFO - Processing /home/airflow/.local/lib/python3.7/site-packages/airflow/example_dags/tutorial.py took 0.039 seconds
[2025-10-06T15:40:59.875+0000] {processor.py:153} INFO - Started process (PID=1189) to work on /home/airflow/.local/lib/python3.7/site-packages/airflow/example_dags/tutorial.py
[2025-10-06T15:40:59.876+0000] {processor.py:743} INFO - Processing file /home/airflow/.local/lib/python3.7/site-packages/airflow/example_dags/tutorial.py for tasks to queue
[2025-10-06T15:40:59.876+0000] {logging_mixin.py:137} INFO - [2025-10-06T15:40:59.876+0000] {dagbag.py:538} INFO - Filling up the DagBag from /home/airflow/.local/lib/python3.7/site-packages/airflow/example_dags/tutorial.py
[2025-10-06T15:40:59.886+0000] {processor.py:753} INFO - DAG(s) dict_keys(['tutorial']) retrieved from /home/airflow/.local/lib/python3.7/site-packages/airflow/example_dags/tutorial.py
[2025-10-06T15:40:59.896+0000] {logging_mixin.py:137} INFO - [2025-10-06T15:40:59.896+0000] {dag.py:2690} INFO - Sync 1 DAGs
[2025-10-06T15:40:59.907+0000] {logging_mixin.py:137} INFO - [2025-10-06T15:40:59.907+0000] {dag.py:3441} INFO - Setting next_dagrun for tutorial to 2025-10-05T15:40:59.907733+00:00, run_after=2025-10-06T15:40:59.907733+00:00
[2025-10-06T15:40:59.914+0000] {processor.py:175} INFO - Processing /home/airflow/.local/lib/python3.7/site-packages/airflow/example_dags/tutorial.py took 0.041 seconds
[2025-10-06T15:41:30.157+0000] {processor.py:153} INFO - Started process (PID=1288) to work on /home/airflow/.local/lib/python3.7/site-packages/airflow/example_dags/tutorial.py
[2025-10-06T15:41:30.158+0000] {processor.py:743} INFO - Processing file /home/airflow/.local/lib/python3.7/site-packages/airflow/example_dags/tutorial.py for tasks to queue
[2025-10-06T15:41:30.158+0000] {logging_mixin.py:137} INFO - [2025-10-06T15:41:30.158+0000] {dagbag.py:538} INFO - Filling up the DagBag from /home/airflow/.local/lib/python3.7/site-packages/airflow/example_dags/tutorial.py
[2025-10-06T15:41:30.164+0000] {processor.py:753} INFO - DAG(s) dict_keys(['tutorial']) retrieved from /home/airflow/.local/lib/python3.7/site-packages/airflow/example_dags/tutorial.py
[2025-10-06T15:41:30.176+0000] {logging_mixin.py:137} INFO - [2025-10-06T15:41:30.176+0000] {dag.py:2690} INFO - Sync 1 DAGs
[2025-10-06T15:41:30.187+0000] {logging_mixin.py:137} INFO - [2025-10-06T15:41:30.187+0000] {dag.py:3441} INFO - Setting next_dagrun for tutorial to 2025-10-05T15:41:30.187037+00:00, run_after=2025-10-06T15:41:30.187037+00:00
[2025-10-06T15:41:30.194+0000] {processor.py:175} INFO - Processing /home/airflow/.local/lib/python3.7/site-packages/airflow/example_dags/tutorial.py took 0.038 seconds
[2025-10-06T15:42:00.540+0000] {processor.py:153} INFO - Started process (PID=1387) to work on /home/airflow/.local/lib/python3.7/site-packages/airflow/example_dags/tutorial.py
[2025-10-06T15:42:00.540+0000] {processor.py:743} INFO - Processing file /home/airflow/.local/lib/python3.7/site-packages/airflow/example_dags/tutorial.py for tasks to queue
[2025-10-06T15:42:00.540+0000] {logging_mixin.py:137} INFO - [2025-10-06T15:42:00.540+0000] {dagbag.py:538} INFO - Filling up the DagBag from /home/airflow/.local/lib/python3.7/site-packages/airflow/example_dags/tutorial.py
[2025-10-06T15:42:00.546+0000] {processor.py:753} INFO - DAG(s) dict_keys(['tutorial']) retrieved from /home/airflow/.local/lib/python3.7/site-packages/airflow/example_dags/tutorial.py
[2025-10-06T15:42:00.558+0000] {logging_mixin.py:137} INFO - [2025-10-06T15:42:00.557+0000] {dag.py:2690} INFO - Sync 1 DAGs
[2025-10-06T15:42:00.568+0000] {logging_mixin.py:137} INFO - [2025-10-06T15:42:00.568+0000] {dag.py:3441} INFO - Setting next_dagrun for tutorial to 2025-10-05T15:42:00.568288+00:00, run_after=2025-10-06T15:42:00.568288+00:00
[2025-10-06T15:42:00.575+0000] {processor.py:175} INFO - Processing /home/airflow/.local/lib/python3.7/site-packages/airflow/example_dags/tutorial.py took 0.037 seconds
[2025-10-06T15:42:30.819+0000] {processor.py:153} INFO - Started process (PID=1466) to work on /home/airflow/.local/lib/python3.7/site-packages/airflow/example_dags/tutorial.py
[2025-10-06T15:42:30.819+0000] {processor.py:743} INFO - Processing file /home/airflow/.local/lib/python3.7/site-packages/airflow/example_dags/tutorial.py for tasks to queue
[2025-10-06T15:42:30.820+0000] {logging_mixin.py:137} INFO - [2025-10-06T15:42:30.820+0000] {dagbag.py:538} INFO - Filling up the DagBag from /home/airflow/.local/lib/python3.7/site-packages/airflow/example_dags/tutorial.py
[2025-10-06T15:42:30.826+0000] {processor.py:753} INFO - DAG(s) dict_keys(['tutorial']) retrieved from /home/airflow/.local/lib/python3.7/site-packages/airflow/example_dags/tutorial.py
[2025-10-06T15:42:30.836+0000] {logging_mixin.py:137} INFO - [2025-10-06T15:42:30.836+0000] {dag.py:2690} INFO - Sync 1 DAGs
[2025-10-06T15:42:30.846+0000] {logging_mixin.py:137} INFO - [2025-10-06T15:42:30.846+0000] {dag.py:3441} INFO - Setting next_dagrun for tutorial to 2025-10-05T15:42:30.846255+00:00, run_after=2025-10-06T15:42:30.846255+00:00
[2025-10-06T15:42:30.854+0000] {processor.py:175} INFO - Processing /home/airflow/.local/lib/python3.7/site-packages/airflow/example_dags/tutorial.py took 0.037 seconds
[2025-10-06T15:43:01.050+0000] {processor.py:153} INFO - Started process (PID=1566) to work on /home/airflow/.local/lib/python3.7/site-packages/airflow/example_dags/tutorial.py
[2025-10-06T15:43:01.050+0000] {processor.py:743} INFO - Processing file /home/airflow/.local/lib/python3.7/site-packages/airflow/example_dags/tutorial.py for tasks to queue
[2025-10-06T15:43:01.051+0000] {logging_mixin.py:137} INFO - [2025-10-06T15:43:01.050+0000] {dagbag.py:538} INFO - Filling up the DagBag from /home/airflow/.local/lib/python3.7/site-packages/airflow/example_dags/tutorial.py
[2025-10-06T15:43:01.057+0000] {processor.py:753} INFO - DAG(s) dict_keys(['tutorial']) retrieved from /home/airflow/.local/lib/python3.7/site-packages/airflow/example_dags/tutorial.py
[2025-10-06T15:43:01.068+0000] {logging_mixin.py:137} INFO - [2025-10-06T15:43:01.068+0000] {dag.py:2690} INFO - Sync 1 DAGs
[2025-10-06T15:43:01.079+0000] {logging_mixin.py:137} INFO - [2025-10-06T15:43:01.079+0000] {dag.py:3441} INFO - Setting next_dagrun for tutorial to 2025-10-05T15:43:01.079265+00:00, run_after=2025-10-06T15:43:01.079265+00:00
[2025-10-06T15:43:01.086+0000] {processor.py:175} INFO - Processing /home/airflow/.local/lib/python3.7/site-packages/airflow/example_dags/tutorial.py took 0.038 seconds
[2025-10-06T15:43:31.353+0000] {processor.py:153} INFO - Started process (PID=1665) to work on /home/airflow/.local/lib/python3.7/site-packages/airflow/example_dags/tutorial.py
[2025-10-06T15:43:31.354+0000] {processor.py:743} INFO - Processing file /home/airflow/.local/lib/python3.7/site-packages/airflow/example_dags/tutorial.py for tasks to queue
[2025-10-06T15:43:31.354+0000] {logging_mixin.py:137} INFO - [2025-10-06T15:43:31.354+0000] {dagbag.py:538} INFO - Filling up the DagBag from /home/airflow/.local/lib/python3.7/site-packages/airflow/example_dags/tutorial.py
[2025-10-06T15:43:31.360+0000] {processor.py:753} INFO - DAG(s) dict_keys(['tutorial']) retrieved from /home/airflow/.local/lib/python3.7/site-packages/airflow/example_dags/tutorial.py
[2025-10-06T15:43:31.375+0000] {logging_mixin.py:137} INFO - [2025-10-06T15:43:31.375+0000] {dag.py:2690} INFO - Sync 1 DAGs
[2025-10-06T15:43:31.387+0000] {logging_mixin.py:137} INFO - [2025-10-06T15:43:31.387+0000] {dag.py:3441} INFO - Setting next_dagrun for tutorial to 2025-10-05T15:43:31.387170+00:00, run_after=2025-10-06T15:43:31.387170+00:00
[2025-10-06T15:43:31.395+0000] {processor.py:175} INFO - Processing /home/airflow/.local/lib/python3.7/site-packages/airflow/example_dags/tutorial.py took 0.044 seconds
[2025-10-06T15:44:01.769+0000] {processor.py:153} INFO - Started process (PID=1764) to work on /home/airflow/.local/lib/python3.7/site-packages/airflow/example_dags/tutorial.py
[2025-10-06T15:44:01.772+0000] {processor.py:743} INFO - Processing file /home/airflow/.local/lib/python3.7/site-packages/airflow/example_dags/tutorial.py for tasks to queue
[2025-10-06T15:44:01.772+0000] {logging_mixin.py:137} INFO - [2025-10-06T15:44:01.772+0000] {dagbag.py:538} INFO - Filling up the DagBag from /home/airflow/.local/lib/python3.7/site-packages/airflow/example_dags/tutorial.py
[2025-10-06T15:44:01.780+0000] {processor.py:753} INFO - DAG(s) dict_keys(['tutorial']) retrieved from /home/airflow/.local/lib/python3.7/site-packages/airflow/example_dags/tutorial.py
[2025-10-06T15:44:01.793+0000] {logging_mixin.py:137} INFO - [2025-10-06T15:44:01.793+0000] {dag.py:2690} INFO - Sync 1 DAGs
[2025-10-06T15:44:01.807+0000] {logging_mixin.py:137} INFO - [2025-10-06T15:44:01.807+0000] {dag.py:3441} INFO - Setting next_dagrun for tutorial to 2025-10-05T15:44:01.807217+00:00, run_after=2025-10-06T15:44:01.807217+00:00
[2025-10-06T15:44:01.817+0000] {processor.py:175} INFO - Processing /home/airflow/.local/lib/python3.7/site-packages/airflow/example_dags/tutorial.py took 0.050 seconds
[2025-10-06T15:44:32.141+0000] {processor.py:153} INFO - Started process (PID=1843) to work on /home/airflow/.local/lib/python3.7/site-packages/airflow/example_dags/tutorial.py
[2025-10-06T15:44:32.141+0000] {processor.py:743} INFO - Processing file /home/airflow/.local/lib/python3.7/site-packages/airflow/example_dags/tutorial.py for tasks to queue
[2025-10-06T15:44:32.142+0000] {logging_mixin.py:137} INFO - [2025-10-06T15:44:32.142+0000] {dagbag.py:538} INFO - Filling up the DagBag from /home/airflow/.local/lib/python3.7/site-packages/airflow/example_dags/tutorial.py
[2025-10-06T15:44:32.149+0000] {processor.py:753} INFO - DAG(s) dict_keys(['tutorial']) retrieved from /home/airflow/.local/lib/python3.7/site-packages/airflow/example_dags/tutorial.py
[2025-10-06T15:44:32.159+0000] {logging_mixin.py:137} INFO - [2025-10-06T15:44:32.159+0000] {dag.py:2690} INFO - Sync 1 DAGs
[2025-10-06T15:44:32.170+0000] {logging_mixin.py:137} INFO - [2025-10-06T15:44:32.170+0000] {dag.py:3441} INFO - Setting next_dagrun for tutorial to 2025-10-05T15:44:32.170796+00:00, run_after=2025-10-06T15:44:32.170796+00:00
[2025-10-06T15:44:32.179+0000] {processor.py:175} INFO - Processing /home/airflow/.local/lib/python3.7/site-packages/airflow/example_dags/tutorial.py took 0.041 seconds
[2025-10-06T15:45:02.501+0000] {processor.py:153} INFO - Started process (PID=1942) to work on /home/airflow/.local/lib/python3.7/site-packages/airflow/example_dags/tutorial.py
[2025-10-06T15:45:02.503+0000] {processor.py:743} INFO - Processing file /home/airflow/.local/lib/python3.7/site-packages/airflow/example_dags/tutorial.py for tasks to queue
[2025-10-06T15:45:02.503+0000] {logging_mixin.py:137} INFO - [2025-10-06T15:45:02.503+0000] {dagbag.py:538} INFO - Filling up the DagBag from /home/airflow/.local/lib/python3.7/site-packages/airflow/example_dags/tutorial.py
[2025-10-06T15:45:02.509+0000] {processor.py:753} INFO - DAG(s) dict_keys(['tutorial']) retrieved from /home/airflow/.local/lib/python3.7/site-packages/airflow/example_dags/tutorial.py
[2025-10-06T15:45:02.519+0000] {logging_mixin.py:137} INFO - [2025-10-06T15:45:02.519+0000] {dag.py:2690} INFO - Sync 1 DAGs
[2025-10-06T15:45:02.530+0000] {logging_mixin.py:137} INFO - [2025-10-06T15:45:02.530+0000] {dag.py:3441} INFO - Setting next_dagrun for tutorial to 2025-10-05T15:45:02.530767+00:00, run_after=2025-10-06T15:45:02.530767+00:00
[2025-10-06T15:45:02.539+0000] {processor.py:175} INFO - Processing /home/airflow/.local/lib/python3.7/site-packages/airflow/example_dags/tutorial.py took 0.039 seconds
[2025-10-06T15:45:32.787+0000] {processor.py:153} INFO - Started process (PID=2041) to work on /home/airflow/.local/lib/python3.7/site-packages/airflow/example_dags/tutorial.py
[2025-10-06T15:45:32.788+0000] {processor.py:743} INFO - Processing file /home/airflow/.local/lib/python3.7/site-packages/airflow/example_dags/tutorial.py for tasks to queue
[2025-10-06T15:45:32.788+0000] {logging_mixin.py:137} INFO - [2025-10-06T15:45:32.788+0000] {dagbag.py:538} INFO - Filling up the DagBag from /home/airflow/.local/lib/python3.7/site-packages/airflow/example_dags/tutorial.py
[2025-10-06T15:45:32.793+0000] {processor.py:753} INFO - DAG(s) dict_keys(['tutorial']) retrieved from /home/airflow/.local/lib/python3.7/site-packages/airflow/example_dags/tutorial.py
[2025-10-06T15:45:32.803+0000] {logging_mixin.py:137} INFO - [2025-10-06T15:45:32.803+0000] {dag.py:2690} INFO - Sync 1 DAGs
[2025-10-06T15:45:32.813+0000] {logging_mixin.py:137} INFO - [2025-10-06T15:45:32.813+0000] {dag.py:3441} INFO - Setting next_dagrun for tutorial to 2025-10-05T15:45:32.813255+00:00, run_after=2025-10-06T15:45:32.813255+00:00
[2025-10-06T15:45:32.820+0000] {processor.py:175} INFO - Processing /home/airflow/.local/lib/python3.7/site-packages/airflow/example_dags/tutorial.py took 0.034 seconds
[2025-10-06T15:46:03.236+0000] {processor.py:153} INFO - Started process (PID=2140) to work on /home/airflow/.local/lib/python3.7/site-packages/airflow/example_dags/tutorial.py
[2025-10-06T15:46:03.236+0000] {processor.py:743} INFO - Processing file /home/airflow/.local/lib/python3.7/site-packages/airflow/example_dags/tutorial.py for tasks to queue
[2025-10-06T15:46:03.236+0000] {logging_mixin.py:137} INFO - [2025-10-06T15:46:03.236+0000] {dagbag.py:538} INFO - Filling up the DagBag from /home/airflow/.local/lib/python3.7/site-packages/airflow/example_dags/tutorial.py
[2025-10-06T15:46:03.244+0000] {processor.py:753} INFO - DAG(s) dict_keys(['tutorial']) retrieved from /home/airflow/.local/lib/python3.7/site-packages/airflow/example_dags/tutorial.py
[2025-10-06T15:46:03.258+0000] {logging_mixin.py:137} INFO - [2025-10-06T15:46:03.258+0000] {dag.py:2690} INFO - Sync 1 DAGs
[2025-10-06T15:46:03.270+0000] {logging_mixin.py:137} INFO - [2025-10-06T15:46:03.270+0000] {dag.py:3441} INFO - Setting next_dagrun for tutorial to 2025-10-05T15:46:03.270216+00:00, run_after=2025-10-06T15:46:03.270216+00:00
[2025-10-06T15:46:03.279+0000] {processor.py:175} INFO - Processing /home/airflow/.local/lib/python3.7/site-packages/airflow/example_dags/tutorial.py took 0.045 seconds
[2025-10-06T15:46:33.854+0000] {processor.py:153} INFO - Started process (PID=2219) to work on /home/airflow/.local/lib/python3.7/site-packages/airflow/example_dags/tutorial.py
[2025-10-06T15:46:33.859+0000] {processor.py:743} INFO - Processing file /home/airflow/.local/lib/python3.7/site-packages/airflow/example_dags/tutorial.py for tasks to queue
[2025-10-06T15:46:33.859+0000] {logging_mixin.py:137} INFO - [2025-10-06T15:46:33.859+0000] {dagbag.py:538} INFO - Filling up the DagBag from /home/airflow/.local/lib/python3.7/site-packages/airflow/example_dags/tutorial.py
[2025-10-06T15:46:33.865+0000] {processor.py:753} INFO - DAG(s) dict_keys(['tutorial']) retrieved from /home/airflow/.local/lib/python3.7/site-packages/airflow/example_dags/tutorial.py
[2025-10-06T15:46:33.876+0000] {logging_mixin.py:137} INFO - [2025-10-06T15:46:33.876+0000] {dag.py:2690} INFO - Sync 1 DAGs
[2025-10-06T15:46:33.888+0000] {logging_mixin.py:137} INFO - [2025-10-06T15:46:33.888+0000] {dag.py:3441} INFO - Setting next_dagrun for tutorial to 2025-10-05T15:46:33.888551+00:00, run_after=2025-10-06T15:46:33.888551+00:00
[2025-10-06T15:46:33.896+0000] {processor.py:175} INFO - Processing /home/airflow/.local/lib/python3.7/site-packages/airflow/example_dags/tutorial.py took 0.044 seconds
