[2025-10-06T15:34:54.831+0000] {processor.py:153} INFO - Started process (PID=51) to work on /home/airflow/.local/lib/python3.7/site-packages/airflow/example_dags/tutorial_taskflow_api.py
[2025-10-06T15:34:54.831+0000] {processor.py:743} INFO - Processing file /home/airflow/.local/lib/python3.7/site-packages/airflow/example_dags/tutorial_taskflow_api.py for tasks to queue
[2025-10-06T15:34:54.832+0000] {logging_mixin.py:137} INFO - [2025-10-06T15:34:54.832+0000] {dagbag.py:538} INFO - Filling up the DagBag from /home/airflow/.local/lib/python3.7/site-packages/airflow/example_dags/tutorial_taskflow_api.py
[2025-10-06T15:34:54.849+0000] {processor.py:753} INFO - DAG(s) dict_keys(['tutorial_taskflow_api']) retrieved from /home/airflow/.local/lib/python3.7/site-packages/airflow/example_dags/tutorial_taskflow_api.py
[2025-10-06T15:34:54.857+0000] {logging_mixin.py:137} INFO - [2025-10-06T15:34:54.857+0000] {dag.py:2690} INFO - Sync 1 DAGs
[2025-10-06T15:34:54.871+0000] {logging_mixin.py:137} INFO - [2025-10-06T15:34:54.871+0000] {dag.py:3441} INFO - Setting next_dagrun for tutorial_taskflow_api to None, run_after=None
[2025-10-06T15:34:54.883+0000] {processor.py:175} INFO - Processing /home/airflow/.local/lib/python3.7/site-packages/airflow/example_dags/tutorial_taskflow_api.py took 0.054 seconds
[2025-10-06T15:35:25.399+0000] {processor.py:153} INFO - Started process (PID=150) to work on /home/airflow/.local/lib/python3.7/site-packages/airflow/example_dags/tutorial_taskflow_api.py
[2025-10-06T15:35:25.399+0000] {processor.py:743} INFO - Processing file /home/airflow/.local/lib/python3.7/site-packages/airflow/example_dags/tutorial_taskflow_api.py for tasks to queue
[2025-10-06T15:35:25.399+0000] {logging_mixin.py:137} INFO - [2025-10-06T15:35:25.399+0000] {dagbag.py:538} INFO - Filling up the DagBag from /home/airflow/.local/lib/python3.7/site-packages/airflow/example_dags/tutorial_taskflow_api.py
[2025-10-06T15:35:25.411+0000] {processor.py:753} INFO - DAG(s) dict_keys(['tutorial_taskflow_api']) retrieved from /home/airflow/.local/lib/python3.7/site-packages/airflow/example_dags/tutorial_taskflow_api.py
[2025-10-06T15:35:25.425+0000] {logging_mixin.py:137} INFO - [2025-10-06T15:35:25.425+0000] {dag.py:2690} INFO - Sync 1 DAGs
[2025-10-06T15:35:25.438+0000] {logging_mixin.py:137} INFO - [2025-10-06T15:35:25.438+0000] {dag.py:3441} INFO - Setting next_dagrun for tutorial_taskflow_api to None, run_after=None
[2025-10-06T15:35:25.446+0000] {processor.py:175} INFO - Processing /home/airflow/.local/lib/python3.7/site-packages/airflow/example_dags/tutorial_taskflow_api.py took 0.049 seconds
[2025-10-06T15:35:55.818+0000] {processor.py:153} INFO - Started process (PID=249) to work on /home/airflow/.local/lib/python3.7/site-packages/airflow/example_dags/tutorial_taskflow_api.py
[2025-10-06T15:35:55.820+0000] {processor.py:743} INFO - Processing file /home/airflow/.local/lib/python3.7/site-packages/airflow/example_dags/tutorial_taskflow_api.py for tasks to queue
[2025-10-06T15:35:55.826+0000] {logging_mixin.py:137} INFO - [2025-10-06T15:35:55.826+0000] {dagbag.py:538} INFO - Filling up the DagBag from /home/airflow/.local/lib/python3.7/site-packages/airflow/example_dags/tutorial_taskflow_api.py
[2025-10-06T15:35:55.838+0000] {processor.py:753} INFO - DAG(s) dict_keys(['tutorial_taskflow_api']) retrieved from /home/airflow/.local/lib/python3.7/site-packages/airflow/example_dags/tutorial_taskflow_api.py
[2025-10-06T15:35:55.852+0000] {logging_mixin.py:137} INFO - [2025-10-06T15:35:55.852+0000] {dag.py:2690} INFO - Sync 1 DAGs
[2025-10-06T15:35:55.863+0000] {logging_mixin.py:137} INFO - [2025-10-06T15:35:55.863+0000] {dag.py:3441} INFO - Setting next_dagrun for tutorial_taskflow_api to None, run_after=None
[2025-10-06T15:35:55.874+0000] {processor.py:175} INFO - Processing /home/airflow/.local/lib/python3.7/site-packages/airflow/example_dags/tutorial_taskflow_api.py took 0.057 seconds
[2025-10-06T15:36:26.302+0000] {processor.py:153} INFO - Started process (PID=328) to work on /home/airflow/.local/lib/python3.7/site-packages/airflow/example_dags/tutorial_taskflow_api.py
[2025-10-06T15:36:26.303+0000] {processor.py:743} INFO - Processing file /home/airflow/.local/lib/python3.7/site-packages/airflow/example_dags/tutorial_taskflow_api.py for tasks to queue
[2025-10-06T15:36:26.303+0000] {logging_mixin.py:137} INFO - [2025-10-06T15:36:26.303+0000] {dagbag.py:538} INFO - Filling up the DagBag from /home/airflow/.local/lib/python3.7/site-packages/airflow/example_dags/tutorial_taskflow_api.py
[2025-10-06T15:36:26.312+0000] {processor.py:753} INFO - DAG(s) dict_keys(['tutorial_taskflow_api']) retrieved from /home/airflow/.local/lib/python3.7/site-packages/airflow/example_dags/tutorial_taskflow_api.py
[2025-10-06T15:36:26.321+0000] {logging_mixin.py:137} INFO - [2025-10-06T15:36:26.321+0000] {dag.py:2690} INFO - Sync 1 DAGs
[2025-10-06T15:36:26.330+0000] {logging_mixin.py:137} INFO - [2025-10-06T15:36:26.330+0000] {dag.py:3441} INFO - Setting next_dagrun for tutorial_taskflow_api to None, run_after=None
[2025-10-06T15:36:26.336+0000] {processor.py:175} INFO - Processing /home/airflow/.local/lib/python3.7/site-packages/airflow/example_dags/tutorial_taskflow_api.py took 0.035 seconds
[2025-10-06T15:36:56.793+0000] {processor.py:153} INFO - Started process (PID=427) to work on /home/airflow/.local/lib/python3.7/site-packages/airflow/example_dags/tutorial_taskflow_api.py
[2025-10-06T15:36:56.794+0000] {processor.py:743} INFO - Processing file /home/airflow/.local/lib/python3.7/site-packages/airflow/example_dags/tutorial_taskflow_api.py for tasks to queue
[2025-10-06T15:36:56.794+0000] {logging_mixin.py:137} INFO - [2025-10-06T15:36:56.794+0000] {dagbag.py:538} INFO - Filling up the DagBag from /home/airflow/.local/lib/python3.7/site-packages/airflow/example_dags/tutorial_taskflow_api.py
[2025-10-06T15:36:56.803+0000] {processor.py:753} INFO - DAG(s) dict_keys(['tutorial_taskflow_api']) retrieved from /home/airflow/.local/lib/python3.7/site-packages/airflow/example_dags/tutorial_taskflow_api.py
[2025-10-06T15:36:56.813+0000] {logging_mixin.py:137} INFO - [2025-10-06T15:36:56.813+0000] {dag.py:2690} INFO - Sync 1 DAGs
[2025-10-06T15:36:56.823+0000] {logging_mixin.py:137} INFO - [2025-10-06T15:36:56.823+0000] {dag.py:3441} INFO - Setting next_dagrun for tutorial_taskflow_api to None, run_after=None
[2025-10-06T15:36:56.832+0000] {processor.py:175} INFO - Processing /home/airflow/.local/lib/python3.7/site-packages/airflow/example_dags/tutorial_taskflow_api.py took 0.041 seconds
[2025-10-06T15:37:27.175+0000] {processor.py:153} INFO - Started process (PID=526) to work on /home/airflow/.local/lib/python3.7/site-packages/airflow/example_dags/tutorial_taskflow_api.py
[2025-10-06T15:37:27.176+0000] {processor.py:743} INFO - Processing file /home/airflow/.local/lib/python3.7/site-packages/airflow/example_dags/tutorial_taskflow_api.py for tasks to queue
[2025-10-06T15:37:27.176+0000] {logging_mixin.py:137} INFO - [2025-10-06T15:37:27.176+0000] {dagbag.py:538} INFO - Filling up the DagBag from /home/airflow/.local/lib/python3.7/site-packages/airflow/example_dags/tutorial_taskflow_api.py
[2025-10-06T15:37:27.187+0000] {processor.py:753} INFO - DAG(s) dict_keys(['tutorial_taskflow_api']) retrieved from /home/airflow/.local/lib/python3.7/site-packages/airflow/example_dags/tutorial_taskflow_api.py
[2025-10-06T15:37:27.198+0000] {logging_mixin.py:137} INFO - [2025-10-06T15:37:27.197+0000] {dag.py:2690} INFO - Sync 1 DAGs
[2025-10-06T15:37:27.208+0000] {logging_mixin.py:137} INFO - [2025-10-06T15:37:27.208+0000] {dag.py:3441} INFO - Setting next_dagrun for tutorial_taskflow_api to None, run_after=None
[2025-10-06T15:37:27.218+0000] {processor.py:175} INFO - Processing /home/airflow/.local/lib/python3.7/site-packages/airflow/example_dags/tutorial_taskflow_api.py took 0.044 seconds
[2025-10-06T15:37:57.530+0000] {processor.py:153} INFO - Started process (PID=625) to work on /home/airflow/.local/lib/python3.7/site-packages/airflow/example_dags/tutorial_taskflow_api.py
[2025-10-06T15:37:57.532+0000] {processor.py:743} INFO - Processing file /home/airflow/.local/lib/python3.7/site-packages/airflow/example_dags/tutorial_taskflow_api.py for tasks to queue
[2025-10-06T15:37:57.533+0000] {logging_mixin.py:137} INFO - [2025-10-06T15:37:57.533+0000] {dagbag.py:538} INFO - Filling up the DagBag from /home/airflow/.local/lib/python3.7/site-packages/airflow/example_dags/tutorial_taskflow_api.py
[2025-10-06T15:37:57.544+0000] {processor.py:753} INFO - DAG(s) dict_keys(['tutorial_taskflow_api']) retrieved from /home/airflow/.local/lib/python3.7/site-packages/airflow/example_dags/tutorial_taskflow_api.py
[2025-10-06T15:37:57.558+0000] {logging_mixin.py:137} INFO - [2025-10-06T15:37:57.558+0000] {dag.py:2690} INFO - Sync 1 DAGs
[2025-10-06T15:37:57.571+0000] {logging_mixin.py:137} INFO - [2025-10-06T15:37:57.571+0000] {dag.py:3441} INFO - Setting next_dagrun for tutorial_taskflow_api to None, run_after=None
[2025-10-06T15:37:57.581+0000] {processor.py:175} INFO - Processing /home/airflow/.local/lib/python3.7/site-packages/airflow/example_dags/tutorial_taskflow_api.py took 0.052 seconds
[2025-10-06T15:38:27.972+0000] {processor.py:153} INFO - Started process (PID=704) to work on /home/airflow/.local/lib/python3.7/site-packages/airflow/example_dags/tutorial_taskflow_api.py
[2025-10-06T15:38:27.973+0000] {processor.py:743} INFO - Processing file /home/airflow/.local/lib/python3.7/site-packages/airflow/example_dags/tutorial_taskflow_api.py for tasks to queue
[2025-10-06T15:38:27.973+0000] {logging_mixin.py:137} INFO - [2025-10-06T15:38:27.973+0000] {dagbag.py:538} INFO - Filling up the DagBag from /home/airflow/.local/lib/python3.7/site-packages/airflow/example_dags/tutorial_taskflow_api.py
[2025-10-06T15:38:27.981+0000] {processor.py:753} INFO - DAG(s) dict_keys(['tutorial_taskflow_api']) retrieved from /home/airflow/.local/lib/python3.7/site-packages/airflow/example_dags/tutorial_taskflow_api.py
[2025-10-06T15:38:27.991+0000] {logging_mixin.py:137} INFO - [2025-10-06T15:38:27.991+0000] {dag.py:2690} INFO - Sync 1 DAGs
[2025-10-06T15:38:28.000+0000] {logging_mixin.py:137} INFO - [2025-10-06T15:38:28.000+0000] {dag.py:3441} INFO - Setting next_dagrun for tutorial_taskflow_api to None, run_after=None
[2025-10-06T15:38:28.006+0000] {processor.py:175} INFO - Processing /home/airflow/.local/lib/python3.7/site-packages/airflow/example_dags/tutorial_taskflow_api.py took 0.035 seconds
[2025-10-06T15:38:58.379+0000] {processor.py:153} INFO - Started process (PID=803) to work on /home/airflow/.local/lib/python3.7/site-packages/airflow/example_dags/tutorial_taskflow_api.py
[2025-10-06T15:38:58.380+0000] {processor.py:743} INFO - Processing file /home/airflow/.local/lib/python3.7/site-packages/airflow/example_dags/tutorial_taskflow_api.py for tasks to queue
[2025-10-06T15:38:58.381+0000] {logging_mixin.py:137} INFO - [2025-10-06T15:38:58.381+0000] {dagbag.py:538} INFO - Filling up the DagBag from /home/airflow/.local/lib/python3.7/site-packages/airflow/example_dags/tutorial_taskflow_api.py
[2025-10-06T15:38:58.392+0000] {processor.py:753} INFO - DAG(s) dict_keys(['tutorial_taskflow_api']) retrieved from /home/airflow/.local/lib/python3.7/site-packages/airflow/example_dags/tutorial_taskflow_api.py
[2025-10-06T15:38:58.408+0000] {logging_mixin.py:137} INFO - [2025-10-06T15:38:58.407+0000] {dag.py:2690} INFO - Sync 1 DAGs
[2025-10-06T15:38:58.419+0000] {logging_mixin.py:137} INFO - [2025-10-06T15:38:58.419+0000] {dag.py:3441} INFO - Setting next_dagrun for tutorial_taskflow_api to None, run_after=None
[2025-10-06T15:38:58.427+0000] {processor.py:175} INFO - Processing /home/airflow/.local/lib/python3.7/site-packages/airflow/example_dags/tutorial_taskflow_api.py took 0.049 seconds
[2025-10-06T15:39:28.757+0000] {processor.py:153} INFO - Started process (PID=902) to work on /home/airflow/.local/lib/python3.7/site-packages/airflow/example_dags/tutorial_taskflow_api.py
[2025-10-06T15:39:28.758+0000] {processor.py:743} INFO - Processing file /home/airflow/.local/lib/python3.7/site-packages/airflow/example_dags/tutorial_taskflow_api.py for tasks to queue
[2025-10-06T15:39:28.758+0000] {logging_mixin.py:137} INFO - [2025-10-06T15:39:28.758+0000] {dagbag.py:538} INFO - Filling up the DagBag from /home/airflow/.local/lib/python3.7/site-packages/airflow/example_dags/tutorial_taskflow_api.py
[2025-10-06T15:39:28.767+0000] {processor.py:753} INFO - DAG(s) dict_keys(['tutorial_taskflow_api']) retrieved from /home/airflow/.local/lib/python3.7/site-packages/airflow/example_dags/tutorial_taskflow_api.py
[2025-10-06T15:39:28.777+0000] {logging_mixin.py:137} INFO - [2025-10-06T15:39:28.777+0000] {dag.py:2690} INFO - Sync 1 DAGs
[2025-10-06T15:39:28.788+0000] {logging_mixin.py:137} INFO - [2025-10-06T15:39:28.788+0000] {dag.py:3441} INFO - Setting next_dagrun for tutorial_taskflow_api to None, run_after=None
[2025-10-06T15:39:28.796+0000] {processor.py:175} INFO - Processing /home/airflow/.local/lib/python3.7/site-packages/airflow/example_dags/tutorial_taskflow_api.py took 0.040 seconds
[2025-10-06T15:39:59.181+0000] {processor.py:153} INFO - Started process (PID=1001) to work on /home/airflow/.local/lib/python3.7/site-packages/airflow/example_dags/tutorial_taskflow_api.py
[2025-10-06T15:39:59.181+0000] {processor.py:743} INFO - Processing file /home/airflow/.local/lib/python3.7/site-packages/airflow/example_dags/tutorial_taskflow_api.py for tasks to queue
[2025-10-06T15:39:59.181+0000] {logging_mixin.py:137} INFO - [2025-10-06T15:39:59.181+0000] {dagbag.py:538} INFO - Filling up the DagBag from /home/airflow/.local/lib/python3.7/site-packages/airflow/example_dags/tutorial_taskflow_api.py
[2025-10-06T15:39:59.191+0000] {processor.py:753} INFO - DAG(s) dict_keys(['tutorial_taskflow_api']) retrieved from /home/airflow/.local/lib/python3.7/site-packages/airflow/example_dags/tutorial_taskflow_api.py
[2025-10-06T15:39:59.201+0000] {logging_mixin.py:137} INFO - [2025-10-06T15:39:59.201+0000] {dag.py:2690} INFO - Sync 1 DAGs
[2025-10-06T15:39:59.211+0000] {logging_mixin.py:137} INFO - [2025-10-06T15:39:59.211+0000] {dag.py:3441} INFO - Setting next_dagrun for tutorial_taskflow_api to None, run_after=None
[2025-10-06T15:39:59.218+0000] {processor.py:175} INFO - Processing /home/airflow/.local/lib/python3.7/site-packages/airflow/example_dags/tutorial_taskflow_api.py took 0.039 seconds
[2025-10-06T15:40:29.362+0000] {processor.py:153} INFO - Started process (PID=1080) to work on /home/airflow/.local/lib/python3.7/site-packages/airflow/example_dags/tutorial_taskflow_api.py
[2025-10-06T15:40:29.362+0000] {processor.py:743} INFO - Processing file /home/airflow/.local/lib/python3.7/site-packages/airflow/example_dags/tutorial_taskflow_api.py for tasks to queue
[2025-10-06T15:40:29.363+0000] {logging_mixin.py:137} INFO - [2025-10-06T15:40:29.362+0000] {dagbag.py:538} INFO - Filling up the DagBag from /home/airflow/.local/lib/python3.7/site-packages/airflow/example_dags/tutorial_taskflow_api.py
[2025-10-06T15:40:29.371+0000] {processor.py:753} INFO - DAG(s) dict_keys(['tutorial_taskflow_api']) retrieved from /home/airflow/.local/lib/python3.7/site-packages/airflow/example_dags/tutorial_taskflow_api.py
[2025-10-06T15:40:29.382+0000] {logging_mixin.py:137} INFO - [2025-10-06T15:40:29.381+0000] {dag.py:2690} INFO - Sync 1 DAGs
[2025-10-06T15:40:29.391+0000] {logging_mixin.py:137} INFO - [2025-10-06T15:40:29.391+0000] {dag.py:3441} INFO - Setting next_dagrun for tutorial_taskflow_api to None, run_after=None
[2025-10-06T15:40:29.398+0000] {processor.py:175} INFO - Processing /home/airflow/.local/lib/python3.7/site-packages/airflow/example_dags/tutorial_taskflow_api.py took 0.038 seconds
[2025-10-06T15:40:59.633+0000] {processor.py:153} INFO - Started process (PID=1179) to work on /home/airflow/.local/lib/python3.7/site-packages/airflow/example_dags/tutorial_taskflow_api.py
[2025-10-06T15:40:59.633+0000] {processor.py:743} INFO - Processing file /home/airflow/.local/lib/python3.7/site-packages/airflow/example_dags/tutorial_taskflow_api.py for tasks to queue
[2025-10-06T15:40:59.634+0000] {logging_mixin.py:137} INFO - [2025-10-06T15:40:59.634+0000] {dagbag.py:538} INFO - Filling up the DagBag from /home/airflow/.local/lib/python3.7/site-packages/airflow/example_dags/tutorial_taskflow_api.py
[2025-10-06T15:40:59.644+0000] {processor.py:753} INFO - DAG(s) dict_keys(['tutorial_taskflow_api']) retrieved from /home/airflow/.local/lib/python3.7/site-packages/airflow/example_dags/tutorial_taskflow_api.py
[2025-10-06T15:40:59.655+0000] {logging_mixin.py:137} INFO - [2025-10-06T15:40:59.654+0000] {dag.py:2690} INFO - Sync 1 DAGs
[2025-10-06T15:40:59.665+0000] {logging_mixin.py:137} INFO - [2025-10-06T15:40:59.665+0000] {dag.py:3441} INFO - Setting next_dagrun for tutorial_taskflow_api to None, run_after=None
[2025-10-06T15:40:59.671+0000] {processor.py:175} INFO - Processing /home/airflow/.local/lib/python3.7/site-packages/airflow/example_dags/tutorial_taskflow_api.py took 0.040 seconds
[2025-10-06T15:41:29.906+0000] {processor.py:153} INFO - Started process (PID=1278) to work on /home/airflow/.local/lib/python3.7/site-packages/airflow/example_dags/tutorial_taskflow_api.py
[2025-10-06T15:41:29.906+0000] {processor.py:743} INFO - Processing file /home/airflow/.local/lib/python3.7/site-packages/airflow/example_dags/tutorial_taskflow_api.py for tasks to queue
[2025-10-06T15:41:29.906+0000] {logging_mixin.py:137} INFO - [2025-10-06T15:41:29.906+0000] {dagbag.py:538} INFO - Filling up the DagBag from /home/airflow/.local/lib/python3.7/site-packages/airflow/example_dags/tutorial_taskflow_api.py
[2025-10-06T15:41:29.915+0000] {processor.py:753} INFO - DAG(s) dict_keys(['tutorial_taskflow_api']) retrieved from /home/airflow/.local/lib/python3.7/site-packages/airflow/example_dags/tutorial_taskflow_api.py
[2025-10-06T15:41:29.927+0000] {logging_mixin.py:137} INFO - [2025-10-06T15:41:29.927+0000] {dag.py:2690} INFO - Sync 1 DAGs
[2025-10-06T15:41:29.938+0000] {logging_mixin.py:137} INFO - [2025-10-06T15:41:29.938+0000] {dag.py:3441} INFO - Setting next_dagrun for tutorial_taskflow_api to None, run_after=None
[2025-10-06T15:41:29.945+0000] {processor.py:175} INFO - Processing /home/airflow/.local/lib/python3.7/site-packages/airflow/example_dags/tutorial_taskflow_api.py took 0.041 seconds
[2025-10-06T15:42:00.249+0000] {processor.py:153} INFO - Started process (PID=1377) to work on /home/airflow/.local/lib/python3.7/site-packages/airflow/example_dags/tutorial_taskflow_api.py
[2025-10-06T15:42:00.250+0000] {processor.py:743} INFO - Processing file /home/airflow/.local/lib/python3.7/site-packages/airflow/example_dags/tutorial_taskflow_api.py for tasks to queue
[2025-10-06T15:42:00.250+0000] {logging_mixin.py:137} INFO - [2025-10-06T15:42:00.250+0000] {dagbag.py:538} INFO - Filling up the DagBag from /home/airflow/.local/lib/python3.7/site-packages/airflow/example_dags/tutorial_taskflow_api.py
[2025-10-06T15:42:00.261+0000] {processor.py:753} INFO - DAG(s) dict_keys(['tutorial_taskflow_api']) retrieved from /home/airflow/.local/lib/python3.7/site-packages/airflow/example_dags/tutorial_taskflow_api.py
[2025-10-06T15:42:00.276+0000] {logging_mixin.py:137} INFO - [2025-10-06T15:42:00.276+0000] {dag.py:2690} INFO - Sync 1 DAGs
[2025-10-06T15:42:00.288+0000] {logging_mixin.py:137} INFO - [2025-10-06T15:42:00.287+0000] {dag.py:3441} INFO - Setting next_dagrun for tutorial_taskflow_api to None, run_after=None
[2025-10-06T15:42:00.296+0000] {processor.py:175} INFO - Processing /home/airflow/.local/lib/python3.7/site-packages/airflow/example_dags/tutorial_taskflow_api.py took 0.048 seconds
[2025-10-06T15:42:30.561+0000] {processor.py:153} INFO - Started process (PID=1456) to work on /home/airflow/.local/lib/python3.7/site-packages/airflow/example_dags/tutorial_taskflow_api.py
[2025-10-06T15:42:30.561+0000] {processor.py:743} INFO - Processing file /home/airflow/.local/lib/python3.7/site-packages/airflow/example_dags/tutorial_taskflow_api.py for tasks to queue
[2025-10-06T15:42:30.561+0000] {logging_mixin.py:137} INFO - [2025-10-06T15:42:30.561+0000] {dagbag.py:538} INFO - Filling up the DagBag from /home/airflow/.local/lib/python3.7/site-packages/airflow/example_dags/tutorial_taskflow_api.py
[2025-10-06T15:42:30.570+0000] {processor.py:753} INFO - DAG(s) dict_keys(['tutorial_taskflow_api']) retrieved from /home/airflow/.local/lib/python3.7/site-packages/airflow/example_dags/tutorial_taskflow_api.py
[2025-10-06T15:42:30.580+0000] {logging_mixin.py:137} INFO - [2025-10-06T15:42:30.580+0000] {dag.py:2690} INFO - Sync 1 DAGs
[2025-10-06T15:42:30.590+0000] {logging_mixin.py:137} INFO - [2025-10-06T15:42:30.590+0000] {dag.py:3441} INFO - Setting next_dagrun for tutorial_taskflow_api to None, run_after=None
[2025-10-06T15:42:30.598+0000] {processor.py:175} INFO - Processing /home/airflow/.local/lib/python3.7/site-packages/airflow/example_dags/tutorial_taskflow_api.py took 0.039 seconds
[2025-10-06T15:43:00.793+0000] {processor.py:153} INFO - Started process (PID=1556) to work on /home/airflow/.local/lib/python3.7/site-packages/airflow/example_dags/tutorial_taskflow_api.py
[2025-10-06T15:43:00.794+0000] {processor.py:743} INFO - Processing file /home/airflow/.local/lib/python3.7/site-packages/airflow/example_dags/tutorial_taskflow_api.py for tasks to queue
[2025-10-06T15:43:00.794+0000] {logging_mixin.py:137} INFO - [2025-10-06T15:43:00.794+0000] {dagbag.py:538} INFO - Filling up the DagBag from /home/airflow/.local/lib/python3.7/site-packages/airflow/example_dags/tutorial_taskflow_api.py
[2025-10-06T15:43:00.802+0000] {processor.py:753} INFO - DAG(s) dict_keys(['tutorial_taskflow_api']) retrieved from /home/airflow/.local/lib/python3.7/site-packages/airflow/example_dags/tutorial_taskflow_api.py
[2025-10-06T15:43:00.813+0000] {logging_mixin.py:137} INFO - [2025-10-06T15:43:00.813+0000] {dag.py:2690} INFO - Sync 1 DAGs
[2025-10-06T15:43:00.823+0000] {logging_mixin.py:137} INFO - [2025-10-06T15:43:00.823+0000] {dag.py:3441} INFO - Setting next_dagrun for tutorial_taskflow_api to None, run_after=None
[2025-10-06T15:43:00.830+0000] {processor.py:175} INFO - Processing /home/airflow/.local/lib/python3.7/site-packages/airflow/example_dags/tutorial_taskflow_api.py took 0.038 seconds
[2025-10-06T15:43:31.034+0000] {processor.py:153} INFO - Started process (PID=1655) to work on /home/airflow/.local/lib/python3.7/site-packages/airflow/example_dags/tutorial_taskflow_api.py
[2025-10-06T15:43:31.035+0000] {processor.py:743} INFO - Processing file /home/airflow/.local/lib/python3.7/site-packages/airflow/example_dags/tutorial_taskflow_api.py for tasks to queue
[2025-10-06T15:43:31.035+0000] {logging_mixin.py:137} INFO - [2025-10-06T15:43:31.035+0000] {dagbag.py:538} INFO - Filling up the DagBag from /home/airflow/.local/lib/python3.7/site-packages/airflow/example_dags/tutorial_taskflow_api.py
[2025-10-06T15:43:31.044+0000] {processor.py:753} INFO - DAG(s) dict_keys(['tutorial_taskflow_api']) retrieved from /home/airflow/.local/lib/python3.7/site-packages/airflow/example_dags/tutorial_taskflow_api.py
[2025-10-06T15:43:31.055+0000] {logging_mixin.py:137} INFO - [2025-10-06T15:43:31.055+0000] {dag.py:2690} INFO - Sync 1 DAGs
[2025-10-06T15:43:31.065+0000] {logging_mixin.py:137} INFO - [2025-10-06T15:43:31.065+0000] {dag.py:3441} INFO - Setting next_dagrun for tutorial_taskflow_api to None, run_after=None
[2025-10-06T15:43:31.073+0000] {processor.py:175} INFO - Processing /home/airflow/.local/lib/python3.7/site-packages/airflow/example_dags/tutorial_taskflow_api.py took 0.040 seconds
[2025-10-06T15:44:01.481+0000] {processor.py:153} INFO - Started process (PID=1754) to work on /home/airflow/.local/lib/python3.7/site-packages/airflow/example_dags/tutorial_taskflow_api.py
[2025-10-06T15:44:01.481+0000] {processor.py:743} INFO - Processing file /home/airflow/.local/lib/python3.7/site-packages/airflow/example_dags/tutorial_taskflow_api.py for tasks to queue
[2025-10-06T15:44:01.482+0000] {logging_mixin.py:137} INFO - [2025-10-06T15:44:01.482+0000] {dagbag.py:538} INFO - Filling up the DagBag from /home/airflow/.local/lib/python3.7/site-packages/airflow/example_dags/tutorial_taskflow_api.py
[2025-10-06T15:44:01.491+0000] {processor.py:753} INFO - DAG(s) dict_keys(['tutorial_taskflow_api']) retrieved from /home/airflow/.local/lib/python3.7/site-packages/airflow/example_dags/tutorial_taskflow_api.py
[2025-10-06T15:44:01.501+0000] {logging_mixin.py:137} INFO - [2025-10-06T15:44:01.501+0000] {dag.py:2690} INFO - Sync 1 DAGs
[2025-10-06T15:44:01.512+0000] {logging_mixin.py:137} INFO - [2025-10-06T15:44:01.512+0000] {dag.py:3441} INFO - Setting next_dagrun for tutorial_taskflow_api to None, run_after=None
[2025-10-06T15:44:01.518+0000] {processor.py:175} INFO - Processing /home/airflow/.local/lib/python3.7/site-packages/airflow/example_dags/tutorial_taskflow_api.py took 0.039 seconds
[2025-10-06T15:44:31.886+0000] {processor.py:153} INFO - Started process (PID=1833) to work on /home/airflow/.local/lib/python3.7/site-packages/airflow/example_dags/tutorial_taskflow_api.py
[2025-10-06T15:44:31.886+0000] {processor.py:743} INFO - Processing file /home/airflow/.local/lib/python3.7/site-packages/airflow/example_dags/tutorial_taskflow_api.py for tasks to queue
[2025-10-06T15:44:31.887+0000] {logging_mixin.py:137} INFO - [2025-10-06T15:44:31.887+0000] {dagbag.py:538} INFO - Filling up the DagBag from /home/airflow/.local/lib/python3.7/site-packages/airflow/example_dags/tutorial_taskflow_api.py
[2025-10-06T15:44:31.897+0000] {processor.py:753} INFO - DAG(s) dict_keys(['tutorial_taskflow_api']) retrieved from /home/airflow/.local/lib/python3.7/site-packages/airflow/example_dags/tutorial_taskflow_api.py
[2025-10-06T15:44:31.907+0000] {logging_mixin.py:137} INFO - [2025-10-06T15:44:31.907+0000] {dag.py:2690} INFO - Sync 1 DAGs
[2025-10-06T15:44:31.918+0000] {logging_mixin.py:137} INFO - [2025-10-06T15:44:31.918+0000] {dag.py:3441} INFO - Setting next_dagrun for tutorial_taskflow_api to None, run_after=None
[2025-10-06T15:44:31.925+0000] {processor.py:175} INFO - Processing /home/airflow/.local/lib/python3.7/site-packages/airflow/example_dags/tutorial_taskflow_api.py took 0.041 seconds
[2025-10-06T15:45:02.241+0000] {processor.py:153} INFO - Started process (PID=1932) to work on /home/airflow/.local/lib/python3.7/site-packages/airflow/example_dags/tutorial_taskflow_api.py
[2025-10-06T15:45:02.242+0000] {processor.py:743} INFO - Processing file /home/airflow/.local/lib/python3.7/site-packages/airflow/example_dags/tutorial_taskflow_api.py for tasks to queue
[2025-10-06T15:45:02.242+0000] {logging_mixin.py:137} INFO - [2025-10-06T15:45:02.242+0000] {dagbag.py:538} INFO - Filling up the DagBag from /home/airflow/.local/lib/python3.7/site-packages/airflow/example_dags/tutorial_taskflow_api.py
[2025-10-06T15:45:02.251+0000] {processor.py:753} INFO - DAG(s) dict_keys(['tutorial_taskflow_api']) retrieved from /home/airflow/.local/lib/python3.7/site-packages/airflow/example_dags/tutorial_taskflow_api.py
[2025-10-06T15:45:02.263+0000] {logging_mixin.py:137} INFO - [2025-10-06T15:45:02.263+0000] {dag.py:2690} INFO - Sync 1 DAGs
[2025-10-06T15:45:02.275+0000] {logging_mixin.py:137} INFO - [2025-10-06T15:45:02.275+0000] {dag.py:3441} INFO - Setting next_dagrun for tutorial_taskflow_api to None, run_after=None
[2025-10-06T15:45:02.282+0000] {processor.py:175} INFO - Processing /home/airflow/.local/lib/python3.7/site-packages/airflow/example_dags/tutorial_taskflow_api.py took 0.042 seconds
[2025-10-06T15:45:32.548+0000] {processor.py:153} INFO - Started process (PID=2031) to work on /home/airflow/.local/lib/python3.7/site-packages/airflow/example_dags/tutorial_taskflow_api.py
[2025-10-06T15:45:32.548+0000] {processor.py:743} INFO - Processing file /home/airflow/.local/lib/python3.7/site-packages/airflow/example_dags/tutorial_taskflow_api.py for tasks to queue
[2025-10-06T15:45:32.549+0000] {logging_mixin.py:137} INFO - [2025-10-06T15:45:32.549+0000] {dagbag.py:538} INFO - Filling up the DagBag from /home/airflow/.local/lib/python3.7/site-packages/airflow/example_dags/tutorial_taskflow_api.py
[2025-10-06T15:45:32.558+0000] {processor.py:753} INFO - DAG(s) dict_keys(['tutorial_taskflow_api']) retrieved from /home/airflow/.local/lib/python3.7/site-packages/airflow/example_dags/tutorial_taskflow_api.py
[2025-10-06T15:45:32.568+0000] {logging_mixin.py:137} INFO - [2025-10-06T15:45:32.568+0000] {dag.py:2690} INFO - Sync 1 DAGs
[2025-10-06T15:45:32.578+0000] {logging_mixin.py:137} INFO - [2025-10-06T15:45:32.578+0000] {dag.py:3441} INFO - Setting next_dagrun for tutorial_taskflow_api to None, run_after=None
[2025-10-06T15:45:32.585+0000] {processor.py:175} INFO - Processing /home/airflow/.local/lib/python3.7/site-packages/airflow/example_dags/tutorial_taskflow_api.py took 0.038 seconds
[2025-10-06T15:46:02.818+0000] {processor.py:153} INFO - Started process (PID=2119) to work on /home/airflow/.local/lib/python3.7/site-packages/airflow/example_dags/tutorial_taskflow_api.py
[2025-10-06T15:46:02.822+0000] {processor.py:743} INFO - Processing file /home/airflow/.local/lib/python3.7/site-packages/airflow/example_dags/tutorial_taskflow_api.py for tasks to queue
[2025-10-06T15:46:02.822+0000] {logging_mixin.py:137} INFO - [2025-10-06T15:46:02.822+0000] {dagbag.py:538} INFO - Filling up the DagBag from /home/airflow/.local/lib/python3.7/site-packages/airflow/example_dags/tutorial_taskflow_api.py
[2025-10-06T15:46:02.832+0000] {processor.py:753} INFO - DAG(s) dict_keys(['tutorial_taskflow_api']) retrieved from /home/airflow/.local/lib/python3.7/site-packages/airflow/example_dags/tutorial_taskflow_api.py
[2025-10-06T15:46:02.847+0000] {logging_mixin.py:137} INFO - [2025-10-06T15:46:02.847+0000] {dag.py:2690} INFO - Sync 1 DAGs
[2025-10-06T15:46:02.860+0000] {logging_mixin.py:137} INFO - [2025-10-06T15:46:02.860+0000] {dag.py:3441} INFO - Setting next_dagrun for tutorial_taskflow_api to None, run_after=None
[2025-10-06T15:46:02.872+0000] {processor.py:175} INFO - Processing /home/airflow/.local/lib/python3.7/site-packages/airflow/example_dags/tutorial_taskflow_api.py took 0.056 seconds
[2025-10-06T15:46:33.563+0000] {processor.py:153} INFO - Started process (PID=2209) to work on /home/airflow/.local/lib/python3.7/site-packages/airflow/example_dags/tutorial_taskflow_api.py
[2025-10-06T15:46:33.566+0000] {processor.py:743} INFO - Processing file /home/airflow/.local/lib/python3.7/site-packages/airflow/example_dags/tutorial_taskflow_api.py for tasks to queue
[2025-10-06T15:46:33.567+0000] {logging_mixin.py:137} INFO - [2025-10-06T15:46:33.566+0000] {dagbag.py:538} INFO - Filling up the DagBag from /home/airflow/.local/lib/python3.7/site-packages/airflow/example_dags/tutorial_taskflow_api.py
[2025-10-06T15:46:33.576+0000] {processor.py:753} INFO - DAG(s) dict_keys(['tutorial_taskflow_api']) retrieved from /home/airflow/.local/lib/python3.7/site-packages/airflow/example_dags/tutorial_taskflow_api.py
[2025-10-06T15:46:33.587+0000] {logging_mixin.py:137} INFO - [2025-10-06T15:46:33.586+0000] {dag.py:2690} INFO - Sync 1 DAGs
[2025-10-06T15:46:33.598+0000] {logging_mixin.py:137} INFO - [2025-10-06T15:46:33.598+0000] {dag.py:3441} INFO - Setting next_dagrun for tutorial_taskflow_api to None, run_after=None
[2025-10-06T15:46:33.606+0000] {processor.py:175} INFO - Processing /home/airflow/.local/lib/python3.7/site-packages/airflow/example_dags/tutorial_taskflow_api.py took 0.044 seconds
