[2025-10-06T15:34:54.798+0000] {processor.py:153} INFO - Started process (PID=50) to work on /home/airflow/.local/lib/python3.7/site-packages/airflow/example_dags/tutorial_dag.py
[2025-10-06T15:34:54.799+0000] {processor.py:743} INFO - Processing file /home/airflow/.local/lib/python3.7/site-packages/airflow/example_dags/tutorial_dag.py for tasks to queue
[2025-10-06T15:34:54.799+0000] {logging_mixin.py:137} INFO - [2025-10-06T15:34:54.799+0000] {dagbag.py:538} INFO - Filling up the DagBag from /home/airflow/.local/lib/python3.7/site-packages/airflow/example_dags/tutorial_dag.py
[2025-10-06T15:34:54.809+0000] {processor.py:753} INFO - DAG(s) dict_keys(['tutorial_dag']) retrieved from /home/airflow/.local/lib/python3.7/site-packages/airflow/example_dags/tutorial_dag.py
[2025-10-06T15:34:54.817+0000] {logging_mixin.py:137} INFO - [2025-10-06T15:34:54.817+0000] {dag.py:2690} INFO - Sync 1 DAGs
[2025-10-06T15:34:54.832+0000] {logging_mixin.py:137} INFO - [2025-10-06T15:34:54.832+0000] {dag.py:3441} INFO - Setting next_dagrun for tutorial_dag to None, run_after=None
[2025-10-06T15:34:54.845+0000] {processor.py:175} INFO - Processing /home/airflow/.local/lib/python3.7/site-packages/airflow/example_dags/tutorial_dag.py took 0.048 seconds
[2025-10-06T15:35:25.350+0000] {processor.py:153} INFO - Started process (PID=149) to work on /home/airflow/.local/lib/python3.7/site-packages/airflow/example_dags/tutorial_dag.py
[2025-10-06T15:35:25.350+0000] {processor.py:743} INFO - Processing file /home/airflow/.local/lib/python3.7/site-packages/airflow/example_dags/tutorial_dag.py for tasks to queue
[2025-10-06T15:35:25.351+0000] {logging_mixin.py:137} INFO - [2025-10-06T15:35:25.351+0000] {dagbag.py:538} INFO - Filling up the DagBag from /home/airflow/.local/lib/python3.7/site-packages/airflow/example_dags/tutorial_dag.py
[2025-10-06T15:35:25.357+0000] {processor.py:753} INFO - DAG(s) dict_keys(['tutorial_dag']) retrieved from /home/airflow/.local/lib/python3.7/site-packages/airflow/example_dags/tutorial_dag.py
[2025-10-06T15:35:25.367+0000] {logging_mixin.py:137} INFO - [2025-10-06T15:35:25.367+0000] {dag.py:2690} INFO - Sync 1 DAGs
[2025-10-06T15:35:25.379+0000] {logging_mixin.py:137} INFO - [2025-10-06T15:35:25.379+0000] {dag.py:3441} INFO - Setting next_dagrun for tutorial_dag to None, run_after=None
[2025-10-06T15:35:25.389+0000] {processor.py:175} INFO - Processing /home/airflow/.local/lib/python3.7/site-packages/airflow/example_dags/tutorial_dag.py took 0.041 seconds
[2025-10-06T15:35:55.758+0000] {processor.py:153} INFO - Started process (PID=248) to work on /home/airflow/.local/lib/python3.7/site-packages/airflow/example_dags/tutorial_dag.py
[2025-10-06T15:35:55.762+0000] {processor.py:743} INFO - Processing file /home/airflow/.local/lib/python3.7/site-packages/airflow/example_dags/tutorial_dag.py for tasks to queue
[2025-10-06T15:35:55.763+0000] {logging_mixin.py:137} INFO - [2025-10-06T15:35:55.763+0000] {dagbag.py:538} INFO - Filling up the DagBag from /home/airflow/.local/lib/python3.7/site-packages/airflow/example_dags/tutorial_dag.py
[2025-10-06T15:35:55.781+0000] {processor.py:753} INFO - DAG(s) dict_keys(['tutorial_dag']) retrieved from /home/airflow/.local/lib/python3.7/site-packages/airflow/example_dags/tutorial_dag.py
[2025-10-06T15:35:55.811+0000] {logging_mixin.py:137} INFO - [2025-10-06T15:35:55.810+0000] {dag.py:2690} INFO - Sync 1 DAGs
[2025-10-06T15:35:55.835+0000] {logging_mixin.py:137} INFO - [2025-10-06T15:35:55.834+0000] {dag.py:3441} INFO - Setting next_dagrun for tutorial_dag to None, run_after=None
[2025-10-06T15:35:55.845+0000] {processor.py:175} INFO - Processing /home/airflow/.local/lib/python3.7/site-packages/airflow/example_dags/tutorial_dag.py took 0.089 seconds
[2025-10-06T15:36:26.257+0000] {processor.py:153} INFO - Started process (PID=327) to work on /home/airflow/.local/lib/python3.7/site-packages/airflow/example_dags/tutorial_dag.py
[2025-10-06T15:36:26.257+0000] {processor.py:743} INFO - Processing file /home/airflow/.local/lib/python3.7/site-packages/airflow/example_dags/tutorial_dag.py for tasks to queue
[2025-10-06T15:36:26.258+0000] {logging_mixin.py:137} INFO - [2025-10-06T15:36:26.257+0000] {dagbag.py:538} INFO - Filling up the DagBag from /home/airflow/.local/lib/python3.7/site-packages/airflow/example_dags/tutorial_dag.py
[2025-10-06T15:36:26.263+0000] {processor.py:753} INFO - DAG(s) dict_keys(['tutorial_dag']) retrieved from /home/airflow/.local/lib/python3.7/site-packages/airflow/example_dags/tutorial_dag.py
[2025-10-06T15:36:26.273+0000] {logging_mixin.py:137} INFO - [2025-10-06T15:36:26.273+0000] {dag.py:2690} INFO - Sync 1 DAGs
[2025-10-06T15:36:26.282+0000] {logging_mixin.py:137} INFO - [2025-10-06T15:36:26.282+0000] {dag.py:3441} INFO - Setting next_dagrun for tutorial_dag to None, run_after=None
[2025-10-06T15:36:26.294+0000] {processor.py:175} INFO - Processing /home/airflow/.local/lib/python3.7/site-packages/airflow/example_dags/tutorial_dag.py took 0.039 seconds
[2025-10-06T15:36:56.755+0000] {processor.py:153} INFO - Started process (PID=426) to work on /home/airflow/.local/lib/python3.7/site-packages/airflow/example_dags/tutorial_dag.py
[2025-10-06T15:36:56.755+0000] {processor.py:743} INFO - Processing file /home/airflow/.local/lib/python3.7/site-packages/airflow/example_dags/tutorial_dag.py for tasks to queue
[2025-10-06T15:36:56.755+0000] {logging_mixin.py:137} INFO - [2025-10-06T15:36:56.755+0000] {dagbag.py:538} INFO - Filling up the DagBag from /home/airflow/.local/lib/python3.7/site-packages/airflow/example_dags/tutorial_dag.py
[2025-10-06T15:36:56.760+0000] {processor.py:753} INFO - DAG(s) dict_keys(['tutorial_dag']) retrieved from /home/airflow/.local/lib/python3.7/site-packages/airflow/example_dags/tutorial_dag.py
[2025-10-06T15:36:56.770+0000] {logging_mixin.py:137} INFO - [2025-10-06T15:36:56.770+0000] {dag.py:2690} INFO - Sync 1 DAGs
[2025-10-06T15:36:56.778+0000] {logging_mixin.py:137} INFO - [2025-10-06T15:36:56.778+0000] {dag.py:3441} INFO - Setting next_dagrun for tutorial_dag to None, run_after=None
[2025-10-06T15:36:56.785+0000] {processor.py:175} INFO - Processing /home/airflow/.local/lib/python3.7/site-packages/airflow/example_dags/tutorial_dag.py took 0.032 seconds
[2025-10-06T15:37:27.142+0000] {processor.py:153} INFO - Started process (PID=525) to work on /home/airflow/.local/lib/python3.7/site-packages/airflow/example_dags/tutorial_dag.py
[2025-10-06T15:37:27.144+0000] {processor.py:743} INFO - Processing file /home/airflow/.local/lib/python3.7/site-packages/airflow/example_dags/tutorial_dag.py for tasks to queue
[2025-10-06T15:37:27.144+0000] {logging_mixin.py:137} INFO - [2025-10-06T15:37:27.144+0000] {dagbag.py:538} INFO - Filling up the DagBag from /home/airflow/.local/lib/python3.7/site-packages/airflow/example_dags/tutorial_dag.py
[2025-10-06T15:37:27.150+0000] {processor.py:753} INFO - DAG(s) dict_keys(['tutorial_dag']) retrieved from /home/airflow/.local/lib/python3.7/site-packages/airflow/example_dags/tutorial_dag.py
[2025-10-06T15:37:27.162+0000] {logging_mixin.py:137} INFO - [2025-10-06T15:37:27.162+0000] {dag.py:2690} INFO - Sync 1 DAGs
[2025-10-06T15:37:27.173+0000] {logging_mixin.py:137} INFO - [2025-10-06T15:37:27.173+0000] {dag.py:3441} INFO - Setting next_dagrun for tutorial_dag to None, run_after=None
[2025-10-06T15:37:27.185+0000] {processor.py:175} INFO - Processing /home/airflow/.local/lib/python3.7/site-packages/airflow/example_dags/tutorial_dag.py took 0.044 seconds
[2025-10-06T15:37:57.501+0000] {processor.py:153} INFO - Started process (PID=624) to work on /home/airflow/.local/lib/python3.7/site-packages/airflow/example_dags/tutorial_dag.py
[2025-10-06T15:37:57.502+0000] {processor.py:743} INFO - Processing file /home/airflow/.local/lib/python3.7/site-packages/airflow/example_dags/tutorial_dag.py for tasks to queue
[2025-10-06T15:37:57.503+0000] {logging_mixin.py:137} INFO - [2025-10-06T15:37:57.503+0000] {dagbag.py:538} INFO - Filling up the DagBag from /home/airflow/.local/lib/python3.7/site-packages/airflow/example_dags/tutorial_dag.py
[2025-10-06T15:37:57.509+0000] {processor.py:753} INFO - DAG(s) dict_keys(['tutorial_dag']) retrieved from /home/airflow/.local/lib/python3.7/site-packages/airflow/example_dags/tutorial_dag.py
[2025-10-06T15:37:57.522+0000] {logging_mixin.py:137} INFO - [2025-10-06T15:37:57.522+0000] {dag.py:2690} INFO - Sync 1 DAGs
[2025-10-06T15:37:57.535+0000] {logging_mixin.py:137} INFO - [2025-10-06T15:37:57.534+0000] {dag.py:3441} INFO - Setting next_dagrun for tutorial_dag to None, run_after=None
[2025-10-06T15:37:57.544+0000] {processor.py:175} INFO - Processing /home/airflow/.local/lib/python3.7/site-packages/airflow/example_dags/tutorial_dag.py took 0.045 seconds
[2025-10-06T15:38:27.927+0000] {processor.py:153} INFO - Started process (PID=703) to work on /home/airflow/.local/lib/python3.7/site-packages/airflow/example_dags/tutorial_dag.py
[2025-10-06T15:38:27.928+0000] {processor.py:743} INFO - Processing file /home/airflow/.local/lib/python3.7/site-packages/airflow/example_dags/tutorial_dag.py for tasks to queue
[2025-10-06T15:38:27.929+0000] {logging_mixin.py:137} INFO - [2025-10-06T15:38:27.929+0000] {dagbag.py:538} INFO - Filling up the DagBag from /home/airflow/.local/lib/python3.7/site-packages/airflow/example_dags/tutorial_dag.py
[2025-10-06T15:38:27.934+0000] {processor.py:753} INFO - DAG(s) dict_keys(['tutorial_dag']) retrieved from /home/airflow/.local/lib/python3.7/site-packages/airflow/example_dags/tutorial_dag.py
[2025-10-06T15:38:27.946+0000] {logging_mixin.py:137} INFO - [2025-10-06T15:38:27.946+0000] {dag.py:2690} INFO - Sync 1 DAGs
[2025-10-06T15:38:27.956+0000] {logging_mixin.py:137} INFO - [2025-10-06T15:38:27.956+0000] {dag.py:3441} INFO - Setting next_dagrun for tutorial_dag to None, run_after=None
[2025-10-06T15:38:27.967+0000] {processor.py:175} INFO - Processing /home/airflow/.local/lib/python3.7/site-packages/airflow/example_dags/tutorial_dag.py took 0.041 seconds
[2025-10-06T15:38:58.367+0000] {processor.py:153} INFO - Started process (PID=802) to work on /home/airflow/.local/lib/python3.7/site-packages/airflow/example_dags/tutorial_dag.py
[2025-10-06T15:38:58.368+0000] {processor.py:743} INFO - Processing file /home/airflow/.local/lib/python3.7/site-packages/airflow/example_dags/tutorial_dag.py for tasks to queue
[2025-10-06T15:38:58.369+0000] {logging_mixin.py:137} INFO - [2025-10-06T15:38:58.368+0000] {dagbag.py:538} INFO - Filling up the DagBag from /home/airflow/.local/lib/python3.7/site-packages/airflow/example_dags/tutorial_dag.py
[2025-10-06T15:38:58.375+0000] {processor.py:753} INFO - DAG(s) dict_keys(['tutorial_dag']) retrieved from /home/airflow/.local/lib/python3.7/site-packages/airflow/example_dags/tutorial_dag.py
[2025-10-06T15:38:58.386+0000] {logging_mixin.py:137} INFO - [2025-10-06T15:38:58.386+0000] {dag.py:2690} INFO - Sync 1 DAGs
[2025-10-06T15:38:58.397+0000] {logging_mixin.py:137} INFO - [2025-10-06T15:38:58.397+0000] {dag.py:3441} INFO - Setting next_dagrun for tutorial_dag to None, run_after=None
[2025-10-06T15:38:58.407+0000] {processor.py:175} INFO - Processing /home/airflow/.local/lib/python3.7/site-packages/airflow/example_dags/tutorial_dag.py took 0.041 seconds
[2025-10-06T15:39:28.751+0000] {processor.py:153} INFO - Started process (PID=901) to work on /home/airflow/.local/lib/python3.7/site-packages/airflow/example_dags/tutorial_dag.py
[2025-10-06T15:39:28.751+0000] {processor.py:743} INFO - Processing file /home/airflow/.local/lib/python3.7/site-packages/airflow/example_dags/tutorial_dag.py for tasks to queue
[2025-10-06T15:39:28.751+0000] {logging_mixin.py:137} INFO - [2025-10-06T15:39:28.751+0000] {dagbag.py:538} INFO - Filling up the DagBag from /home/airflow/.local/lib/python3.7/site-packages/airflow/example_dags/tutorial_dag.py
[2025-10-06T15:39:28.757+0000] {processor.py:753} INFO - DAG(s) dict_keys(['tutorial_dag']) retrieved from /home/airflow/.local/lib/python3.7/site-packages/airflow/example_dags/tutorial_dag.py
[2025-10-06T15:39:28.767+0000] {logging_mixin.py:137} INFO - [2025-10-06T15:39:28.767+0000] {dag.py:2690} INFO - Sync 1 DAGs
[2025-10-06T15:39:28.778+0000] {logging_mixin.py:137} INFO - [2025-10-06T15:39:28.778+0000] {dag.py:3441} INFO - Setting next_dagrun for tutorial_dag to None, run_after=None
[2025-10-06T15:39:28.786+0000] {processor.py:175} INFO - Processing /home/airflow/.local/lib/python3.7/site-packages/airflow/example_dags/tutorial_dag.py took 0.037 seconds
[2025-10-06T15:39:59.165+0000] {processor.py:153} INFO - Started process (PID=1000) to work on /home/airflow/.local/lib/python3.7/site-packages/airflow/example_dags/tutorial_dag.py
[2025-10-06T15:39:59.166+0000] {processor.py:743} INFO - Processing file /home/airflow/.local/lib/python3.7/site-packages/airflow/example_dags/tutorial_dag.py for tasks to queue
[2025-10-06T15:39:59.167+0000] {logging_mixin.py:137} INFO - [2025-10-06T15:39:59.167+0000] {dagbag.py:538} INFO - Filling up the DagBag from /home/airflow/.local/lib/python3.7/site-packages/airflow/example_dags/tutorial_dag.py
[2025-10-06T15:39:59.172+0000] {processor.py:753} INFO - DAG(s) dict_keys(['tutorial_dag']) retrieved from /home/airflow/.local/lib/python3.7/site-packages/airflow/example_dags/tutorial_dag.py
[2025-10-06T15:39:59.183+0000] {logging_mixin.py:137} INFO - [2025-10-06T15:39:59.183+0000] {dag.py:2690} INFO - Sync 1 DAGs
[2025-10-06T15:39:59.195+0000] {logging_mixin.py:137} INFO - [2025-10-06T15:39:59.195+0000] {dag.py:3441} INFO - Setting next_dagrun for tutorial_dag to None, run_after=None
[2025-10-06T15:39:59.202+0000] {processor.py:175} INFO - Processing /home/airflow/.local/lib/python3.7/site-packages/airflow/example_dags/tutorial_dag.py took 0.039 seconds
[2025-10-06T15:40:29.348+0000] {processor.py:153} INFO - Started process (PID=1079) to work on /home/airflow/.local/lib/python3.7/site-packages/airflow/example_dags/tutorial_dag.py
[2025-10-06T15:40:29.349+0000] {processor.py:743} INFO - Processing file /home/airflow/.local/lib/python3.7/site-packages/airflow/example_dags/tutorial_dag.py for tasks to queue
[2025-10-06T15:40:29.349+0000] {logging_mixin.py:137} INFO - [2025-10-06T15:40:29.349+0000] {dagbag.py:538} INFO - Filling up the DagBag from /home/airflow/.local/lib/python3.7/site-packages/airflow/example_dags/tutorial_dag.py
[2025-10-06T15:40:29.355+0000] {processor.py:753} INFO - DAG(s) dict_keys(['tutorial_dag']) retrieved from /home/airflow/.local/lib/python3.7/site-packages/airflow/example_dags/tutorial_dag.py
[2025-10-06T15:40:29.365+0000] {logging_mixin.py:137} INFO - [2025-10-06T15:40:29.365+0000] {dag.py:2690} INFO - Sync 1 DAGs
[2025-10-06T15:40:29.376+0000] {logging_mixin.py:137} INFO - [2025-10-06T15:40:29.376+0000] {dag.py:3441} INFO - Setting next_dagrun for tutorial_dag to None, run_after=None
[2025-10-06T15:40:29.383+0000] {processor.py:175} INFO - Processing /home/airflow/.local/lib/python3.7/site-packages/airflow/example_dags/tutorial_dag.py took 0.036 seconds
[2025-10-06T15:40:59.585+0000] {processor.py:153} INFO - Started process (PID=1178) to work on /home/airflow/.local/lib/python3.7/site-packages/airflow/example_dags/tutorial_dag.py
[2025-10-06T15:40:59.585+0000] {processor.py:743} INFO - Processing file /home/airflow/.local/lib/python3.7/site-packages/airflow/example_dags/tutorial_dag.py for tasks to queue
[2025-10-06T15:40:59.586+0000] {logging_mixin.py:137} INFO - [2025-10-06T15:40:59.586+0000] {dagbag.py:538} INFO - Filling up the DagBag from /home/airflow/.local/lib/python3.7/site-packages/airflow/example_dags/tutorial_dag.py
[2025-10-06T15:40:59.594+0000] {processor.py:753} INFO - DAG(s) dict_keys(['tutorial_dag']) retrieved from /home/airflow/.local/lib/python3.7/site-packages/airflow/example_dags/tutorial_dag.py
[2025-10-06T15:40:59.605+0000] {logging_mixin.py:137} INFO - [2025-10-06T15:40:59.605+0000] {dag.py:2690} INFO - Sync 1 DAGs
[2025-10-06T15:40:59.616+0000] {logging_mixin.py:137} INFO - [2025-10-06T15:40:59.616+0000] {dag.py:3441} INFO - Setting next_dagrun for tutorial_dag to None, run_after=None
[2025-10-06T15:40:59.624+0000] {processor.py:175} INFO - Processing /home/airflow/.local/lib/python3.7/site-packages/airflow/example_dags/tutorial_dag.py took 0.041 seconds
[2025-10-06T15:41:29.891+0000] {processor.py:153} INFO - Started process (PID=1277) to work on /home/airflow/.local/lib/python3.7/site-packages/airflow/example_dags/tutorial_dag.py
[2025-10-06T15:41:29.891+0000] {processor.py:743} INFO - Processing file /home/airflow/.local/lib/python3.7/site-packages/airflow/example_dags/tutorial_dag.py for tasks to queue
[2025-10-06T15:41:29.892+0000] {logging_mixin.py:137} INFO - [2025-10-06T15:41:29.892+0000] {dagbag.py:538} INFO - Filling up the DagBag from /home/airflow/.local/lib/python3.7/site-packages/airflow/example_dags/tutorial_dag.py
[2025-10-06T15:41:29.898+0000] {processor.py:753} INFO - DAG(s) dict_keys(['tutorial_dag']) retrieved from /home/airflow/.local/lib/python3.7/site-packages/airflow/example_dags/tutorial_dag.py
[2025-10-06T15:41:29.909+0000] {logging_mixin.py:137} INFO - [2025-10-06T15:41:29.909+0000] {dag.py:2690} INFO - Sync 1 DAGs
[2025-10-06T15:41:29.924+0000] {logging_mixin.py:137} INFO - [2025-10-06T15:41:29.924+0000] {dag.py:3441} INFO - Setting next_dagrun for tutorial_dag to None, run_after=None
[2025-10-06T15:41:29.934+0000] {processor.py:175} INFO - Processing /home/airflow/.local/lib/python3.7/site-packages/airflow/example_dags/tutorial_dag.py took 0.045 seconds
[2025-10-06T15:42:00.200+0000] {processor.py:153} INFO - Started process (PID=1376) to work on /home/airflow/.local/lib/python3.7/site-packages/airflow/example_dags/tutorial_dag.py
[2025-10-06T15:42:00.201+0000] {processor.py:743} INFO - Processing file /home/airflow/.local/lib/python3.7/site-packages/airflow/example_dags/tutorial_dag.py for tasks to queue
[2025-10-06T15:42:00.201+0000] {logging_mixin.py:137} INFO - [2025-10-06T15:42:00.201+0000] {dagbag.py:538} INFO - Filling up the DagBag from /home/airflow/.local/lib/python3.7/site-packages/airflow/example_dags/tutorial_dag.py
[2025-10-06T15:42:00.208+0000] {processor.py:753} INFO - DAG(s) dict_keys(['tutorial_dag']) retrieved from /home/airflow/.local/lib/python3.7/site-packages/airflow/example_dags/tutorial_dag.py
[2025-10-06T15:42:00.221+0000] {logging_mixin.py:137} INFO - [2025-10-06T15:42:00.221+0000] {dag.py:2690} INFO - Sync 1 DAGs
[2025-10-06T15:42:00.234+0000] {logging_mixin.py:137} INFO - [2025-10-06T15:42:00.233+0000] {dag.py:3441} INFO - Setting next_dagrun for tutorial_dag to None, run_after=None
[2025-10-06T15:42:00.242+0000] {processor.py:175} INFO - Processing /home/airflow/.local/lib/python3.7/site-packages/airflow/example_dags/tutorial_dag.py took 0.043 seconds
[2025-10-06T15:42:30.547+0000] {processor.py:153} INFO - Started process (PID=1455) to work on /home/airflow/.local/lib/python3.7/site-packages/airflow/example_dags/tutorial_dag.py
[2025-10-06T15:42:30.548+0000] {processor.py:743} INFO - Processing file /home/airflow/.local/lib/python3.7/site-packages/airflow/example_dags/tutorial_dag.py for tasks to queue
[2025-10-06T15:42:30.548+0000] {logging_mixin.py:137} INFO - [2025-10-06T15:42:30.548+0000] {dagbag.py:538} INFO - Filling up the DagBag from /home/airflow/.local/lib/python3.7/site-packages/airflow/example_dags/tutorial_dag.py
[2025-10-06T15:42:30.554+0000] {processor.py:753} INFO - DAG(s) dict_keys(['tutorial_dag']) retrieved from /home/airflow/.local/lib/python3.7/site-packages/airflow/example_dags/tutorial_dag.py
[2025-10-06T15:42:30.564+0000] {logging_mixin.py:137} INFO - [2025-10-06T15:42:30.564+0000] {dag.py:2690} INFO - Sync 1 DAGs
[2025-10-06T15:42:30.575+0000] {logging_mixin.py:137} INFO - [2025-10-06T15:42:30.574+0000] {dag.py:3441} INFO - Setting next_dagrun for tutorial_dag to None, run_after=None
[2025-10-06T15:42:30.582+0000] {processor.py:175} INFO - Processing /home/airflow/.local/lib/python3.7/site-packages/airflow/example_dags/tutorial_dag.py took 0.036 seconds
[2025-10-06T15:43:00.779+0000] {processor.py:153} INFO - Started process (PID=1555) to work on /home/airflow/.local/lib/python3.7/site-packages/airflow/example_dags/tutorial_dag.py
[2025-10-06T15:43:00.779+0000] {processor.py:743} INFO - Processing file /home/airflow/.local/lib/python3.7/site-packages/airflow/example_dags/tutorial_dag.py for tasks to queue
[2025-10-06T15:43:00.779+0000] {logging_mixin.py:137} INFO - [2025-10-06T15:43:00.779+0000] {dagbag.py:538} INFO - Filling up the DagBag from /home/airflow/.local/lib/python3.7/site-packages/airflow/example_dags/tutorial_dag.py
[2025-10-06T15:43:00.785+0000] {processor.py:753} INFO - DAG(s) dict_keys(['tutorial_dag']) retrieved from /home/airflow/.local/lib/python3.7/site-packages/airflow/example_dags/tutorial_dag.py
[2025-10-06T15:43:00.797+0000] {logging_mixin.py:137} INFO - [2025-10-06T15:43:00.797+0000] {dag.py:2690} INFO - Sync 1 DAGs
[2025-10-06T15:43:00.811+0000] {logging_mixin.py:137} INFO - [2025-10-06T15:43:00.811+0000] {dag.py:3441} INFO - Setting next_dagrun for tutorial_dag to None, run_after=None
[2025-10-06T15:43:00.819+0000] {processor.py:175} INFO - Processing /home/airflow/.local/lib/python3.7/site-packages/airflow/example_dags/tutorial_dag.py took 0.042 seconds
[2025-10-06T15:43:31.021+0000] {processor.py:153} INFO - Started process (PID=1654) to work on /home/airflow/.local/lib/python3.7/site-packages/airflow/example_dags/tutorial_dag.py
[2025-10-06T15:43:31.021+0000] {processor.py:743} INFO - Processing file /home/airflow/.local/lib/python3.7/site-packages/airflow/example_dags/tutorial_dag.py for tasks to queue
[2025-10-06T15:43:31.021+0000] {logging_mixin.py:137} INFO - [2025-10-06T15:43:31.021+0000] {dagbag.py:538} INFO - Filling up the DagBag from /home/airflow/.local/lib/python3.7/site-packages/airflow/example_dags/tutorial_dag.py
[2025-10-06T15:43:31.027+0000] {processor.py:753} INFO - DAG(s) dict_keys(['tutorial_dag']) retrieved from /home/airflow/.local/lib/python3.7/site-packages/airflow/example_dags/tutorial_dag.py
[2025-10-06T15:43:31.038+0000] {logging_mixin.py:137} INFO - [2025-10-06T15:43:31.038+0000] {dag.py:2690} INFO - Sync 1 DAGs
[2025-10-06T15:43:31.053+0000] {logging_mixin.py:137} INFO - [2025-10-06T15:43:31.053+0000] {dag.py:3441} INFO - Setting next_dagrun for tutorial_dag to None, run_after=None
[2025-10-06T15:43:31.062+0000] {processor.py:175} INFO - Processing /home/airflow/.local/lib/python3.7/site-packages/airflow/example_dags/tutorial_dag.py took 0.043 seconds
[2025-10-06T15:44:01.436+0000] {processor.py:153} INFO - Started process (PID=1753) to work on /home/airflow/.local/lib/python3.7/site-packages/airflow/example_dags/tutorial_dag.py
[2025-10-06T15:44:01.436+0000] {processor.py:743} INFO - Processing file /home/airflow/.local/lib/python3.7/site-packages/airflow/example_dags/tutorial_dag.py for tasks to queue
[2025-10-06T15:44:01.437+0000] {logging_mixin.py:137} INFO - [2025-10-06T15:44:01.437+0000] {dagbag.py:538} INFO - Filling up the DagBag from /home/airflow/.local/lib/python3.7/site-packages/airflow/example_dags/tutorial_dag.py
[2025-10-06T15:44:01.443+0000] {processor.py:753} INFO - DAG(s) dict_keys(['tutorial_dag']) retrieved from /home/airflow/.local/lib/python3.7/site-packages/airflow/example_dags/tutorial_dag.py
[2025-10-06T15:44:01.454+0000] {logging_mixin.py:137} INFO - [2025-10-06T15:44:01.454+0000] {dag.py:2690} INFO - Sync 1 DAGs
[2025-10-06T15:44:01.465+0000] {logging_mixin.py:137} INFO - [2025-10-06T15:44:01.465+0000] {dag.py:3441} INFO - Setting next_dagrun for tutorial_dag to None, run_after=None
[2025-10-06T15:44:01.473+0000] {processor.py:175} INFO - Processing /home/airflow/.local/lib/python3.7/site-packages/airflow/example_dags/tutorial_dag.py took 0.038 seconds
[2025-10-06T15:44:31.854+0000] {processor.py:153} INFO - Started process (PID=1832) to work on /home/airflow/.local/lib/python3.7/site-packages/airflow/example_dags/tutorial_dag.py
[2025-10-06T15:44:31.854+0000] {processor.py:743} INFO - Processing file /home/airflow/.local/lib/python3.7/site-packages/airflow/example_dags/tutorial_dag.py for tasks to queue
[2025-10-06T15:44:31.855+0000] {logging_mixin.py:137} INFO - [2025-10-06T15:44:31.855+0000] {dagbag.py:538} INFO - Filling up the DagBag from /home/airflow/.local/lib/python3.7/site-packages/airflow/example_dags/tutorial_dag.py
[2025-10-06T15:44:31.860+0000] {processor.py:753} INFO - DAG(s) dict_keys(['tutorial_dag']) retrieved from /home/airflow/.local/lib/python3.7/site-packages/airflow/example_dags/tutorial_dag.py
[2025-10-06T15:44:31.870+0000] {logging_mixin.py:137} INFO - [2025-10-06T15:44:31.870+0000] {dag.py:2690} INFO - Sync 1 DAGs
[2025-10-06T15:44:31.882+0000] {logging_mixin.py:137} INFO - [2025-10-06T15:44:31.882+0000] {dag.py:3441} INFO - Setting next_dagrun for tutorial_dag to None, run_after=None
[2025-10-06T15:44:31.891+0000] {processor.py:175} INFO - Processing /home/airflow/.local/lib/python3.7/site-packages/airflow/example_dags/tutorial_dag.py took 0.039 seconds
[2025-10-06T15:45:02.209+0000] {processor.py:153} INFO - Started process (PID=1931) to work on /home/airflow/.local/lib/python3.7/site-packages/airflow/example_dags/tutorial_dag.py
[2025-10-06T15:45:02.210+0000] {processor.py:743} INFO - Processing file /home/airflow/.local/lib/python3.7/site-packages/airflow/example_dags/tutorial_dag.py for tasks to queue
[2025-10-06T15:45:02.210+0000] {logging_mixin.py:137} INFO - [2025-10-06T15:45:02.210+0000] {dagbag.py:538} INFO - Filling up the DagBag from /home/airflow/.local/lib/python3.7/site-packages/airflow/example_dags/tutorial_dag.py
[2025-10-06T15:45:02.216+0000] {processor.py:753} INFO - DAG(s) dict_keys(['tutorial_dag']) retrieved from /home/airflow/.local/lib/python3.7/site-packages/airflow/example_dags/tutorial_dag.py
[2025-10-06T15:45:02.226+0000] {logging_mixin.py:137} INFO - [2025-10-06T15:45:02.226+0000] {dag.py:2690} INFO - Sync 1 DAGs
[2025-10-06T15:45:02.237+0000] {logging_mixin.py:137} INFO - [2025-10-06T15:45:02.237+0000] {dag.py:3441} INFO - Setting next_dagrun for tutorial_dag to None, run_after=None
[2025-10-06T15:45:02.245+0000] {processor.py:175} INFO - Processing /home/airflow/.local/lib/python3.7/site-packages/airflow/example_dags/tutorial_dag.py took 0.038 seconds
[2025-10-06T15:45:32.518+0000] {processor.py:153} INFO - Started process (PID=2030) to work on /home/airflow/.local/lib/python3.7/site-packages/airflow/example_dags/tutorial_dag.py
[2025-10-06T15:45:32.519+0000] {processor.py:743} INFO - Processing file /home/airflow/.local/lib/python3.7/site-packages/airflow/example_dags/tutorial_dag.py for tasks to queue
[2025-10-06T15:45:32.519+0000] {logging_mixin.py:137} INFO - [2025-10-06T15:45:32.519+0000] {dagbag.py:538} INFO - Filling up the DagBag from /home/airflow/.local/lib/python3.7/site-packages/airflow/example_dags/tutorial_dag.py
[2025-10-06T15:45:32.524+0000] {processor.py:753} INFO - DAG(s) dict_keys(['tutorial_dag']) retrieved from /home/airflow/.local/lib/python3.7/site-packages/airflow/example_dags/tutorial_dag.py
[2025-10-06T15:45:32.535+0000] {logging_mixin.py:137} INFO - [2025-10-06T15:45:32.535+0000] {dag.py:2690} INFO - Sync 1 DAGs
[2025-10-06T15:45:32.546+0000] {logging_mixin.py:137} INFO - [2025-10-06T15:45:32.546+0000] {dag.py:3441} INFO - Setting next_dagrun for tutorial_dag to None, run_after=None
[2025-10-06T15:45:32.553+0000] {processor.py:175} INFO - Processing /home/airflow/.local/lib/python3.7/site-packages/airflow/example_dags/tutorial_dag.py took 0.036 seconds
[2025-10-06T15:46:02.802+0000] {processor.py:153} INFO - Started process (PID=2118) to work on /home/airflow/.local/lib/python3.7/site-packages/airflow/example_dags/tutorial_dag.py
[2025-10-06T15:46:02.803+0000] {processor.py:743} INFO - Processing file /home/airflow/.local/lib/python3.7/site-packages/airflow/example_dags/tutorial_dag.py for tasks to queue
[2025-10-06T15:46:02.803+0000] {logging_mixin.py:137} INFO - [2025-10-06T15:46:02.803+0000] {dagbag.py:538} INFO - Filling up the DagBag from /home/airflow/.local/lib/python3.7/site-packages/airflow/example_dags/tutorial_dag.py
[2025-10-06T15:46:02.810+0000] {processor.py:753} INFO - DAG(s) dict_keys(['tutorial_dag']) retrieved from /home/airflow/.local/lib/python3.7/site-packages/airflow/example_dags/tutorial_dag.py
[2025-10-06T15:46:02.824+0000] {logging_mixin.py:137} INFO - [2025-10-06T15:46:02.824+0000] {dag.py:2690} INFO - Sync 1 DAGs
[2025-10-06T15:46:02.836+0000] {logging_mixin.py:137} INFO - [2025-10-06T15:46:02.836+0000] {dag.py:3441} INFO - Setting next_dagrun for tutorial_dag to None, run_after=None
[2025-10-06T15:46:02.845+0000] {processor.py:175} INFO - Processing /home/airflow/.local/lib/python3.7/site-packages/airflow/example_dags/tutorial_dag.py took 0.045 seconds
[2025-10-06T15:46:33.544+0000] {processor.py:153} INFO - Started process (PID=2208) to work on /home/airflow/.local/lib/python3.7/site-packages/airflow/example_dags/tutorial_dag.py
[2025-10-06T15:46:33.544+0000] {processor.py:743} INFO - Processing file /home/airflow/.local/lib/python3.7/site-packages/airflow/example_dags/tutorial_dag.py for tasks to queue
[2025-10-06T15:46:33.545+0000] {logging_mixin.py:137} INFO - [2025-10-06T15:46:33.545+0000] {dagbag.py:538} INFO - Filling up the DagBag from /home/airflow/.local/lib/python3.7/site-packages/airflow/example_dags/tutorial_dag.py
[2025-10-06T15:46:33.550+0000] {processor.py:753} INFO - DAG(s) dict_keys(['tutorial_dag']) retrieved from /home/airflow/.local/lib/python3.7/site-packages/airflow/example_dags/tutorial_dag.py
[2025-10-06T15:46:33.562+0000] {logging_mixin.py:137} INFO - [2025-10-06T15:46:33.562+0000] {dag.py:2690} INFO - Sync 1 DAGs
[2025-10-06T15:46:33.573+0000] {logging_mixin.py:137} INFO - [2025-10-06T15:46:33.573+0000] {dag.py:3441} INFO - Setting next_dagrun for tutorial_dag to None, run_after=None
[2025-10-06T15:46:33.580+0000] {processor.py:175} INFO - Processing /home/airflow/.local/lib/python3.7/site-packages/airflow/example_dags/tutorial_dag.py took 0.038 seconds
