[2025-10-06T16:38:52.904+0000] {taskinstance.py:1083} INFO - Dependencies all met for <TaskInstance: kmeans_dag.run_elbow_task manual__2025-10-06T16:33:49.453137+00:00 [queued]>
[2025-10-06T16:38:52.908+0000] {taskinstance.py:1083} INFO - Dependencies all met for <TaskInstance: kmeans_dag.run_elbow_task manual__2025-10-06T16:33:49.453137+00:00 [queued]>
[2025-10-06T16:38:52.908+0000] {taskinstance.py:1279} INFO - 
--------------------------------------------------------------------------------
[2025-10-06T16:38:52.908+0000] {taskinstance.py:1280} INFO - Starting attempt 2 of 2
[2025-10-06T16:38:52.908+0000] {taskinstance.py:1281} INFO - 
--------------------------------------------------------------------------------
[2025-10-06T16:38:52.913+0000] {taskinstance.py:1300} INFO - Executing <Task(PythonOperator): run_elbow_task> on 2025-10-06 16:33:49.453137+00:00
[2025-10-06T16:38:52.916+0000] {standard_task_runner.py:55} INFO - Started process 6068 to run task
[2025-10-06T16:38:52.918+0000] {standard_task_runner.py:82} INFO - Running: ['***', 'tasks', 'run', 'kmeans_dag', 'run_elbow_task', 'manual__2025-10-06T16:33:49.453137+00:00', '--job-id', '15', '--raw', '--subdir', 'DAGS_FOLDER/kmeans_dag.py', '--cfg-path', '/tmp/tmp0ldwx3gh']
[2025-10-06T16:38:52.919+0000] {standard_task_runner.py:83} INFO - Job 15: Subtask run_elbow_task
[2025-10-06T16:38:52.952+0000] {task_command.py:388} INFO - Running <TaskInstance: kmeans_dag.run_elbow_task manual__2025-10-06T16:33:49.453137+00:00 [running]> on host 7ba1f4109bc7
[2025-10-06T16:38:52.980+0000] {taskinstance.py:1509} INFO - Exporting the following env vars:
AIRFLOW_CTX_DAG_OWNER=***
AIRFLOW_CTX_DAG_ID=kmeans_dag
AIRFLOW_CTX_TASK_ID=run_elbow_task
AIRFLOW_CTX_EXECUTION_DATE=2025-10-06T16:33:49.453137+00:00
AIRFLOW_CTX_TRY_NUMBER=2
AIRFLOW_CTX_DAG_RUN_ID=manual__2025-10-06T16:33:49.453137+00:00
[2025-10-06T16:38:53.316+0000] {python.py:177} INFO - Done. Returned value was: None
[2025-10-06T16:38:53.322+0000] {taskinstance.py:1323} INFO - Marking task as SUCCESS. dag_id=kmeans_dag, task_id=run_elbow_task, execution_date=20251006T163349, start_date=20251006T163852, end_date=20251006T163853
[2025-10-06T16:38:53.350+0000] {local_task_job.py:208} INFO - Task exited with return code 0
[2025-10-06T16:38:53.360+0000] {taskinstance.py:2578} INFO - 1 downstream tasks scheduled from follow-on schedule check
